14:38:03.211 [main                     ] DEBUG Logger               - Configured Logger
14:38:03.237 [main                     ] DEBUG GameApplication      - Logging settings
Title: BattleShip_FXGL
Version: 0.1
Width: 1920
Height: 1080
Fullscreen: true
Intro: true
Profiling: false
Single step:false
App Mode: DEVELOPER
Menu Key: ESCAPE
Stage Style: DECORATED
Scene Factory: class fi.utu.tech.gui.javafx.fxgl.BattleShipApp$1

14:38:03.603 [JavaFX Application Thread] DEBUG FXGLApplication      - Initializing FXGL
14:38:03.605 [JavaFX Application Thread] INFO  Engine               - FXGL-11.14 (01.03.2021 16.59) on WINDOWS (J:11.0.10 FX:15)
14:38:03.605 [JavaFX Application Thread] DEBUG Engine               - JRE Vendor Name: Amazon.com Inc.
14:38:03.606 [JavaFX Application Thread] DEBUG Engine               - Running on OS: Windows 10 version 10.0
14:38:03.606 [JavaFX Application Thread] DEBUG Engine               - Architecture: amd64
14:38:03.606 [JavaFX Application Thread] INFO  Engine               - Source code and latest versions at: https://github.com/AlmasB/FXGL
14:38:03.606 [JavaFX Application Thread] INFO  Engine               -              Join the FXGL chat at: https://gitter.im/AlmasB/FXGL
14:38:03.706 [JavaFX Application Thread] DEBUG PrimaryStageWindow   - Creating a JavaFX scene
14:38:03.766 [JavaFX Application Thread] DEBUG PrimaryStageWindow   - Target settings size: 1920.0 x 1080.0
14:38:03.767 [JavaFX Application Thread] DEBUG PrimaryStageWindow   - Scaled scene size:    1920.0 x 1080.0
14:38:03.767 [JavaFX Application Thread] DEBUG PrimaryStageWindow   - Scaled ratio: (1.0, 1.0)
14:38:03.768 [JavaFX Application Thread] DEBUG PrimaryStageWindow   - Set initial scene to FXGLStartupScene
14:38:03.774 [JavaFX Application Thread] DEBUG PrimaryStageWindow   - Opening main window
14:38:03.869 [JavaFX Application Thread] DEBUG PrimaryStageWindow   - Window border size: (16.0, 39.0)
14:38:03.869 [JavaFX Application Thread] DEBUG PrimaryStageWindow   - Scaled size: 1920.0 x 1080.0
14:38:03.869 [JavaFX Application Thread] DEBUG PrimaryStageWindow   - Scaled ratio: (1.0, 1.0)
14:38:03.869 [JavaFX Application Thread] DEBUG PrimaryStageWindow   - Scene size: 1920.0 x 1080.0
14:38:03.870 [JavaFX Application Thread] DEBUG PrimaryStageWindow   - Stage size: 1936.0 x 1119.0
14:38:03.935 [JavaFX Application Thread] DEBUG PrimaryStageWindow   - Going fullscreen
14:38:03.942 [FXGL Background Thread 1 ] DEBUG Engine               - Initializing environment variables
14:38:03.979 [FXGL Background Thread 1 ] DEBUG FXGLAssetLoaderServi - User app class for loading assets: class fi.utu.tech.gui.javafx.fxgl.BattleShipApp
14:38:03.979 [FXGL Background Thread 1 ] DEBUG GameApplicationServi - Applying CSS: fxgl_dark.css
14:38:03.980 [FXGL Background Thread 1 ] DEBUG FXGLAssetLoaderServi - Loading from file system: jar:file:///C:/Users/box69/.m2/repository/com/github/almasb/fxgl/11.14/fxgl-11.14.jar!/fxglassets/ui/css/fxgl_dark.css
14:38:04.025 [FXGL Background Thread 1 ] DEBUG GameApplicationServi - Initializing application scenes
14:38:04.087 [FXGL Background Thread 1 ] DEBUG GameWorld            - Game world initialized
14:38:04.135 [FXGL Background Thread 1 ] DEBUG PhysicsWorld         - Physics world initialized: appHeight=1080, physics.ppm=50.0
14:38:04.136 [FXGL Background Thread 1 ] DEBUG PhysicsWorld         - Using strategy: BRUTE_FORCE
14:38:04.138 [FXGL Background Thread 1 ] DEBUG GameScene            - Game scene initialized: 1920x1080
14:38:04.141 [FXGL Background Thread 1 ] DEBUG FXGLAssetLoaderServi - Loading from file system: jar:file:///C:/Users/box69/.m2/repository/com/github/almasb/fxgl/11.14/fxgl-11.14.jar!/fxglassets/textures/intro/fxgl_logo.png
14:38:04.176 [FXGL Background Thread 1 ] DEBUG FXGLAssetLoaderServi - Loading from file system: jar:file:///C:/Users/box69/.m2/repository/com/github/almasb/fxgl/11.14/fxgl-11.14.jar!/fxglassets/textures/intro/javafx_logo.png
14:38:04.327 [FXGL Background Thread 1 ] DEBUG FXGLAssetLoaderServi - Loading from file system: file:/D:/battleShip/battleShip_FXGL/target/classes/assets/textures/Nebula_Red.png
14:38:04.510 [FXGL Background Thread 1 ] DEBUG FXGLAssetLoaderServi - Loading from file system: jar:file:///C:/Users/box69/.m2/repository/com/github/almasb/fxgl/11.14/fxgl-11.14.jar!/fxglassets/textures/pause_menu_bg.png
14:38:04.524 [FXGL Background Thread 1 ] DEBUG GameApplicationServi - Application scenes initialized
14:38:04.532 [FXGL Background Thread 1 ] DEBUG SystemBundleService  - Loading FXGL system data
14:38:04.535 [FXGL Background Thread 1 ] DEBUG FileSystemAccess     - Reading from: D:\battleShip\battleShip_FXGL\system\fxgl.bundle
14:38:04.539 [FXGL Background Thread 1 ] DEBUG SystemBundleService  - Bundle FXGL: {}
14:38:04.540 [FXGL Background Thread 1 ] DEBUG UpdaterService       - Checking for updates
14:38:04.543 [FXGL Background Thread 4 ] DEBUG FXGLApplication      - Loading fonts
14:38:04.543 [FXGL Background Thread 1 ] DEBUG FXGLApplication      - Loading default localization
14:38:04.543 [FXGL Background Thread 4 ] DEBUG FXGLAssetLoaderServi - Loading from file system: jar:file:///C:/Users/box69/.m2/repository/com/github/almasb/fxgl/11.14/fxgl-11.14.jar!/fxglassets/ui/fonts/VarelaRound-Regular.ttf
14:38:04.544 [FXGL Background Thread 1 ] DEBUG FXGLAssetLoaderServi - Loading from file system: jar:file:///C:/Users/box69/.m2/repository/com/github/almasb/fxgl/11.14/fxgl-11.14.jar!/fxglassets/languages/english.lang
14:38:04.556 [FXGL Background Thread 1 ] INFO  FXGLApplication      - FXGL initialization took: 0.614 sec
14:38:04.569 [JavaFX Application Thread] DEBUG Input                - Registered new binding: Change Scene - Space
14:38:04.570 [JavaFX Application Thread] DEBUG Input                - Registered new binding: action0 - R
14:38:04.571 [JavaFX Application Thread] DEBUG Input                - Registered new binding: Deploy - RMB
14:38:04.571 [JavaFX Application Thread] DEBUG Input                - Registered new binding: Attack - LMB
14:38:04.572 [JavaFX Application Thread] DEBUG FXGLAssetLoaderServi - Loading from file system: file:/D:/battleShip/battleShip_FXGL/target/classes/assets/music/CrashedShip.mp3
14:38:04.735 [JavaFX Application Thread] DEBUG AudioPlayer          - Playing music com.almasb.fxgl.audio.Music@685dc76c
14:38:04.735 [JavaFX Application Thread] DEBUG FXGLAssetLoaderServi - Loading from file system: jar:file:///C:/Users/box69/.m2/repository/com/github/almasb/fxgl/11.14/fxgl-11.14.jar!/fxglassets/textures/fxgl_icon.png
14:38:04.749 [JavaFX Application Thread] DEBUG FXGLAssetLoaderServi - Loading from file system: jar:file:///C:/Users/box69/.m2/repository/com/github/almasb/fxgl/11.14/fxgl-11.14.jar!/fxglassets/ui/cursors/fxgl_default.png
14:38:04.750 [JavaFX Application Thread] DEBUG Input                - Registered new binding: Screenshot - P
14:38:04.751 [JavaFX Application Thread] DEBUG Input                - Registered new binding: System info dump - CTRL+9
14:38:04.751 [JavaFX Application Thread] DEBUG Input                - Registered new binding: Restart - CTRL+R
14:38:04.752 [JavaFX Application Thread] DEBUG Input                - Registered new binding: Toggle Debug Camera - CTRL+C
14:38:04.753 [JavaFX Application Thread] DEBUG LoopRunner           - Starting loop
14:38:04.753 [JavaFX Application Thread] DEBUG LoopRunner           - Initializing JavaFX AnimationTimerLoop
14:38:04.781 [JavaFX Application Thread] DEBUG Input                - Clearing active input actions
14:38:04.789 [JavaFX Application Thread] DEBUG GameApplicationServi - Removing overlay from FXGLStartupScene and adding to FXGLIntroScene
14:38:04.789 [JavaFX Application Thread] DEBUG PrimaryStageWindow   - FXGLStartupScene -> FXGLIntroScene
14:38:05.000 [FXGL Background Thread 4 ] DEBUG FXGLAssetLoaderServi - Loading from file system: jar:file:///C:/Users/box69/.m2/repository/com/github/almasb/fxgl/11.14/fxgl-11.14.jar!/fxglassets/ui/fonts/Abel-Regular.ttf
14:38:05.003 [FXGL Background Thread 4 ] DEBUG FXGLAssetLoaderServi - Loading from file system: jar:file:///C:/Users/box69/.m2/repository/com/github/almasb/fxgl/11.14/fxgl-11.14.jar!/fxglassets/ui/fonts/lucida_console.ttf
14:38:05.007 [FXGL Background Thread 4 ] DEBUG FXGLAssetLoaderServi - Loading from file system: jar:file:///C:/Users/box69/.m2/repository/com/github/almasb/fxgl/11.14/fxgl-11.14.jar!/fxglassets/ui/fonts/Courier-Prime.ttf
14:38:05.012 [JavaFX Application Thread] DEBUG FXGLApplication      - Registering font factories with UI factory
14:38:07.543 [FXGL Background Thread 3 ] DEBUG Engine               - Logging environment variables
14:38:07.543 [FXGL Background Thread 3 ] DEBUG Engine               - achievements: []
14:38:07.544 [FXGL Background Thread 3 ] DEBUG Engine               - actualHeight: 1080.0
14:38:07.544 [FXGL Background Thread 3 ] DEBUG Engine               - actualHeightProperty: ReadOnlyDoubleProperty [value: 1080.0]
14:38:07.544 [FXGL Background Thread 3 ] DEBUG Engine               - actualWidth: 1920.0
14:38:07.544 [FXGL Background Thread 3 ] DEBUG Engine               - actualWidthProperty: ReadOnlyDoubleProperty [value: 1920.0]
14:38:07.544 [FXGL Background Thread 3 ] DEBUG Engine               - appIcon: fxgl_icon.png
14:38:07.544 [FXGL Background Thread 3 ] DEBUG Engine               - applicationMode: DEVELOPER
14:38:07.544 [FXGL Background Thread 3 ] DEBUG Engine               - cSSList: [fxgl_dark.css]
14:38:07.544 [FXGL Background Thread 3 ] DEBUG Engine               - collisionDetectionStrategy: BRUTE_FORCE
14:38:07.544 [FXGL Background Thread 3 ] DEBUG Engine               - configClass: Optional.empty
14:38:07.544 [FXGL Background Thread 3 ] DEBUG Engine               - credits: []
14:38:07.545 [FXGL Background Thread 3 ] DEBUG Engine               - devBBoxColorProperty: ObjectProperty [value: 0xff0000ff]
14:38:07.545 [FXGL Background Thread 3 ] DEBUG Engine               - devEnableDebugCameraProperty: BooleanProperty [value: false]
14:38:07.545 [FXGL Background Thread 3 ] DEBUG Engine               - devSensorColorProperty: ObjectProperty [value: 0xffff00ff]
14:38:07.545 [FXGL Background Thread 3 ] DEBUG Engine               - devShowBBoxProperty: BooleanProperty [value: false]
14:38:07.545 [FXGL Background Thread 3 ] DEBUG Engine               - devShowPositionProperty: BooleanProperty [value: false]
14:38:07.545 [FXGL Background Thread 3 ] DEBUG Engine               - enabledMenuItems: []
14:38:07.545 [FXGL Background Thread 3 ] DEBUG Engine               - engineServices: [class com.almasb.fxgl.app.services.FXGLAssetLoaderService, class com.almasb.fxgl.app.FXGLApplication$GameApplicationService, class com.almasb.fxgl.app.services.FXGLDialogService, class com.almasb.fxgl.app.services.IOTaskExecutorService, class com.almasb.fxgl.event.EventBusService, class com.almasb.fxgl.io.FileSystemService, class com.almasb.fxgl.localization.LocalizationService, class com.almasb.fxgl.app.services.SystemBundleService, class com.almasb.fxgl.profile.SaveLoadService, class com.almasb.fxgl.ui.FXGLUIFactoryServiceProvider, class com.almasb.fxgl.ui.FXGLDialogFactoryServiceProvider, class com.almasb.fxgl.audio.AudioPlayer, class com.almasb.fxgl.notification.impl.NotificationServiceProvider, class com.almasb.fxgl.achievement.AchievementService, class com.almasb.fxgl.cutscene.CutsceneService, class com.almasb.fxgl.minigames.MiniGameService, class com.almasb.fxgl.net.NetService, class com.almasb.fxgl.app.services.UpdaterService, class com.almasb.fxgl.dev.DevService]
14:38:07.545 [FXGL Background Thread 3 ] DEBUG Engine               - fontGame: Abel-Regular.ttf
14:38:07.545 [FXGL Background Thread 3 ] DEBUG Engine               - fontMono: lucida_console.ttf
14:38:07.545 [FXGL Background Thread 3 ] DEBUG Engine               - fontText: Courier-Prime.ttf
14:38:07.545 [FXGL Background Thread 3 ] DEBUG Engine               - fontUI: VarelaRound-Regular.ttf
14:38:07.546 [FXGL Background Thread 3 ] DEBUG Engine               - fullScreen: BooleanProperty [value: true]
14:38:07.546 [FXGL Background Thread 3 ] DEBUG Engine               - gameDifficulty: MEDIUM
14:38:07.546 [FXGL Background Thread 3 ] DEBUG Engine               - gameDifficultyProperty: ObjectProperty [value: MEDIUM]
14:38:07.546 [FXGL Background Thread 3 ] DEBUG Engine               - globalMusicVolume: 0.5
14:38:07.546 [FXGL Background Thread 3 ] DEBUG Engine               - globalMusicVolumeProperty: DoubleProperty [value: 0.2]
14:38:07.546 [FXGL Background Thread 3 ] DEBUG Engine               - globalSoundVolume: 0.5
14:38:07.546 [FXGL Background Thread 3 ] DEBUG Engine               - globalSoundVolumeProperty: DoubleProperty [value: 0.4]
14:38:07.546 [FXGL Background Thread 3 ] DEBUG Engine               - height: 1080
14:38:07.546 [FXGL Background Thread 3 ] DEBUG Engine               - isAndroid: false
14:38:07.546 [FXGL Background Thread 3 ] DEBUG Engine               - isBrowser: false
14:38:07.546 [FXGL Background Thread 3 ] DEBUG Engine               - isClickFeedbackEnabled: false
14:38:07.546 [FXGL Background Thread 3 ] DEBUG Engine               - isCloseConfirmation: false
14:38:07.547 [FXGL Background Thread 3 ] DEBUG Engine               - isDesktop: true
14:38:07.547 [FXGL Background Thread 3 ] DEBUG Engine               - isDeveloperMenuEnabled: false
14:38:07.547 [FXGL Background Thread 3 ] DEBUG Engine               - isEntityPreloadEnabled: true
14:38:07.547 [FXGL Background Thread 3 ] DEBUG Engine               - isExperimental3D: false
14:38:07.547 [FXGL Background Thread 3 ] DEBUG Engine               - isExperimentalNative: false
14:38:07.547 [FXGL Background Thread 3 ] DEBUG Engine               - isExperimentalTiledLargeMap: false
14:38:07.547 [FXGL Background Thread 3 ] DEBUG Engine               - isFileSystemWriteAllowed: true
14:38:07.547 [FXGL Background Thread 3 ] DEBUG Engine               - isFullScreenAllowed: true
14:38:07.547 [FXGL Background Thread 3 ] DEBUG Engine               - isFullScreenFromStart: true
14:38:07.547 [FXGL Background Thread 3 ] DEBUG Engine               - isGameMenuEnabled: true
14:38:07.548 [FXGL Background Thread 3 ] DEBUG Engine               - isIOS: false
14:38:07.548 [FXGL Background Thread 3 ] DEBUG Engine               - isIntroEnabled: true
14:38:07.548 [FXGL Background Thread 3 ] DEBUG Engine               - isLinux: false
14:38:07.548 [FXGL Background Thread 3 ] DEBUG Engine               - isMac: false
14:38:07.548 [FXGL Background Thread 3 ] DEBUG Engine               - isMainMenuEnabled: true
14:38:07.548 [FXGL Background Thread 3 ] DEBUG Engine               - isManualResizeEnabled: false
14:38:07.548 [FXGL Background Thread 3 ] DEBUG Engine               - isMobile: false
14:38:07.548 [FXGL Background Thread 3 ] DEBUG Engine               - isPreserveResizeRatio: false
14:38:07.548 [FXGL Background Thread 3 ] DEBUG Engine               - isProfilingEnabled: false
14:38:07.548 [FXGL Background Thread 3 ] DEBUG Engine               - isScaleAffectedOnResize: true
14:38:07.548 [FXGL Background Thread 3 ] DEBUG Engine               - isSingleStep: false
14:38:07.548 [FXGL Background Thread 3 ] DEBUG Engine               - isUserProfileEnabled: false
14:38:07.548 [FXGL Background Thread 3 ] DEBUG Engine               - isWindows: true
14:38:07.548 [FXGL Background Thread 3 ] DEBUG Engine               - language: ObjectProperty [value: ENGLISH]
14:38:07.549 [FXGL Background Thread 3 ] DEBUG Engine               - menuKey: ESCAPE
14:38:07.549 [FXGL Background Thread 3 ] DEBUG Engine               - notificationViewClass: class com.almasb.fxgl.notification.view.XboxNotificationView
14:38:07.549 [FXGL Background Thread 3 ] DEBUG Engine               - pixelsPerMeter: 50.0
14:38:07.549 [FXGL Background Thread 3 ] DEBUG Engine               - platform: WINDOWS
14:38:07.549 [FXGL Background Thread 3 ] DEBUG Engine               - prefHeightProperty: ReadOnlyDoubleProperty [value: 1080.0]
14:38:07.549 [FXGL Background Thread 3 ] DEBUG Engine               - prefWidthProperty: ReadOnlyDoubleProperty [value: 1920.0]
14:38:07.549 [FXGL Background Thread 3 ] DEBUG Engine               - profileDir: profiles/
14:38:07.549 [FXGL Background Thread 3 ] DEBUG Engine               - profileName: StringProperty [value: DEFAULT]
14:38:07.549 [FXGL Background Thread 3 ] DEBUG Engine               - randomSeed: -1
14:38:07.549 [FXGL Background Thread 3 ] DEBUG Engine               - runtimeInfo: RuntimeInfo(platform=WINDOWS, version=11.14, build=01.03.2021 16.59)
14:38:07.549 [FXGL Background Thread 3 ] DEBUG Engine               - saveFileExt: sav
14:38:07.549 [FXGL Background Thread 3 ] DEBUG Engine               - scaledHeightProp$fxgl: DoubleProperty [bound, value: 1080.0]
14:38:07.549 [FXGL Background Thread 3 ] DEBUG Engine               - scaledWidthProp$fxgl: DoubleProperty [bound, value: 1920.0]
14:38:07.550 [FXGL Background Thread 3 ] DEBUG Engine               - sceneFactory: fi.utu.tech.gui.javafx.fxgl.BattleShipApp$1@19676f09
14:38:07.550 [FXGL Background Thread 3 ] DEBUG Engine               - secondsIn24h: 60
14:38:07.550 [FXGL Background Thread 3 ] DEBUG Engine               - soundMenuBack: menu/back.wav
14:38:07.550 [FXGL Background Thread 3 ] DEBUG Engine               - soundMenuPress: menu/press.wav
14:38:07.550 [FXGL Background Thread 3 ] DEBUG Engine               - soundMenuSelect: menu/select.wav
14:38:07.550 [FXGL Background Thread 3 ] DEBUG Engine               - soundNotification: core/notification.wav
14:38:07.550 [FXGL Background Thread 3 ] DEBUG Engine               - stageStyle: DECORATED
14:38:07.550 [FXGL Background Thread 3 ] DEBUG Engine               - supportedLanguages: [ENGLISH, FRENCH, GERMAN, HUNGARIAN, RUSSIAN]
14:38:07.550 [FXGL Background Thread 3 ] DEBUG Engine               - ticksPerSecond: -1
14:38:07.550 [FXGL Background Thread 3 ] DEBUG Engine               - title: BattleShip_FXGL
14:38:07.550 [FXGL Background Thread 3 ] DEBUG Engine               - urlGithub: https://github.com/AlmasB/FXGL
14:38:07.550 [FXGL Background Thread 3 ] DEBUG Engine               - urlLeaderboard: http://fxgl-top.herokuapp.com/
14:38:07.550 [FXGL Background Thread 3 ] DEBUG Engine               - urlPOM: https://raw.githubusercontent.com/AlmasB/FXGL/release/README.md
14:38:07.551 [FXGL Background Thread 3 ] DEBUG Engine               - userAppClass: class fi.utu.tech.gui.javafx.fxgl.BattleShipApp
14:38:07.551 [FXGL Background Thread 3 ] DEBUG Engine               - version: 0.1
14:38:07.551 [FXGL Background Thread 3 ] DEBUG Engine               - versionCheckDays: 7
14:38:07.551 [FXGL Background Thread 3 ] DEBUG Engine               - width: 1920
14:38:07.551 [FXGL Background Thread 3 ] DEBUG Engine               - Logging services
14:38:07.551 [FXGL Background Thread 3 ] DEBUG Engine               - class com.almasb.fxgl.app.services.FXGLAssetLoaderService
14:38:07.551 [FXGL Background Thread 3 ] DEBUG Engine               - class com.almasb.fxgl.app.FXGLApplication$GameApplicationService
14:38:07.551 [FXGL Background Thread 3 ] DEBUG Engine               - class com.almasb.fxgl.app.services.FXGLDialogService
14:38:07.551 [FXGL Background Thread 3 ] DEBUG Engine               - class com.almasb.fxgl.app.services.IOTaskExecutorService
14:38:07.551 [FXGL Background Thread 3 ] DEBUG Engine               - class com.almasb.fxgl.event.EventBusService
14:38:07.551 [FXGL Background Thread 3 ] DEBUG Engine               - class com.almasb.fxgl.io.FileSystemService
14:38:07.551 [FXGL Background Thread 3 ] DEBUG Engine               - class com.almasb.fxgl.localization.LocalizationService
14:38:07.551 [FXGL Background Thread 3 ] DEBUG Engine               - class com.almasb.fxgl.app.services.SystemBundleService
14:38:07.551 [FXGL Background Thread 3 ] DEBUG Engine               - class com.almasb.fxgl.profile.SaveLoadService
14:38:07.551 [FXGL Background Thread 3 ] DEBUG Engine               - class com.almasb.fxgl.ui.FXGLUIFactoryServiceProvider
14:38:07.551 [FXGL Background Thread 3 ] DEBUG Engine               - class com.almasb.fxgl.ui.FXGLDialogFactoryServiceProvider
14:38:07.552 [FXGL Background Thread 3 ] DEBUG Engine               - class com.almasb.fxgl.audio.AudioPlayer
14:38:07.552 [FXGL Background Thread 3 ] DEBUG Engine               - class com.almasb.fxgl.notification.impl.NotificationServiceProvider
14:38:07.552 [FXGL Background Thread 3 ] DEBUG Engine               - class com.almasb.fxgl.achievement.AchievementService
14:38:07.552 [FXGL Background Thread 3 ] DEBUG Engine               - class com.almasb.fxgl.cutscene.CutsceneService
14:38:07.552 [FXGL Background Thread 3 ] DEBUG Engine               - class com.almasb.fxgl.minigames.MiniGameService
14:38:07.552 [FXGL Background Thread 3 ] DEBUG Engine               - class com.almasb.fxgl.net.NetService
14:38:07.552 [FXGL Background Thread 3 ] DEBUG Engine               - class com.almasb.fxgl.app.services.UpdaterService
14:38:07.552 [FXGL Background Thread 3 ] DEBUG Engine               - class com.almasb.fxgl.dev.DevService
14:38:10.086 [JavaFX Application Thread] DEBUG Input                - Clearing active input actions
14:38:10.092 [JavaFX Application Thread] DEBUG GameApplicationServi - Removing overlay from FXGLIntroScene and adding to FXGLMainMenuDummyScene
14:38:10.093 [JavaFX Application Thread] DEBUG PrimaryStageWindow   - FXGLIntroScene -> FXGLMainMenuDummyScene
14:38:10.093 [JavaFX Application Thread] DEBUG PrimaryStageWindow   - Push state: BattleShipMainMenu
14:38:10.093 [JavaFX Application Thread] DEBUG Input                - Clearing active input actions
14:38:10.095 [JavaFX Application Thread] DEBUG GameApplicationServi - Removing overlay from FXGLMainMenuDummyScene and adding to BattleShipMainMenu
14:38:10.095 [JavaFX Application Thread] DEBUG PrimaryStageWindow   - FXGLMainMenuDummyScene -> BattleShipMainMenu
14:38:13.642 [JavaFX Application Thread] DEBUG PrimaryStageWindow   - Push state: DialogSubScene
14:38:13.642 [JavaFX Application Thread] DEBUG Input                - Clearing active input actions
14:38:13.646 [JavaFX Application Thread] DEBUG GameApplicationServi - Removing overlay from BattleShipMainMenu and adding to DialogSubScene
14:38:13.646 [JavaFX Application Thread] DEBUG PrimaryStageWindow   - BattleShipMainMenu -> DialogSubScene
14:38:24.649 [JavaFX Application Thread] DEBUG PrimaryStageWindow   - Pop state: DialogSubScene
14:38:24.649 [JavaFX Application Thread] DEBUG Input                - Clearing active input actions
14:38:24.649 [JavaFX Application Thread] DEBUG GameApplicationServi - Removing overlay from DialogSubScene and adding to BattleShipMainMenu
14:38:24.649 [JavaFX Application Thread] DEBUG PrimaryStageWindow   - BattleShipMainMenu <- DialogSubScene
14:38:25.005 [JavaFX Application Thread] DEBUG Menu                 - fireNewGame()
14:38:25.005 [JavaFX Application Thread] DEBUG GameApplicationServi - Starting new game
14:38:25.005 [JavaFX Application Thread] DEBUG PrimaryStageWindow   - Pop state: BattleShipMainMenu
14:38:25.005 [JavaFX Application Thread] DEBUG Input                - Clearing active input actions
14:38:25.006 [JavaFX Application Thread] DEBUG GameApplicationServi - Removing overlay from BattleShipMainMenu and adding to FXGLMainMenuDummyScene
14:38:25.006 [JavaFX Application Thread] DEBUG PrimaryStageWindow   - FXGLMainMenuDummyScene <- BattleShipMainMenu
14:38:25.006 [JavaFX Application Thread] DEBUG Input                - Clearing active input actions
14:38:25.010 [JavaFX Application Thread] DEBUG GameApplicationServi - Removing overlay from FXGLMainMenuDummyScene and adding to FXGLLoadingScene
14:38:25.011 [JavaFX Application Thread] DEBUG PrimaryStageWindow   - FXGLMainMenuDummyScene -> FXGLLoadingScene
14:38:25.011 [JavaFX Application Thread] DEBUG GameApplicationServi - Clearing previous game
14:38:25.011 [JavaFX Application Thread] DEBUG GameScene            - Clearing game scene
14:38:25.011 [JavaFX Application Thread] DEBUG GameWorld            - Clearing game world
14:38:25.011 [JavaFX Application Thread] DEBUG PhysicsWorld         - Clearing physics world
14:38:25.011 [FXGL Background Thread 2 ] DEBUG FXGLApplication      - Initializing game
14:38:25.017 [FXGL Background Thread 2 ] DEBUG FXGLAssetLoaderServi - Loading from file system: file:/D:/battleShip/battleShip_FXGL/target/classes/assets/textures/bg.jpg
14:38:25.055 [FXGL Background Thread 2 ] DEBUG FXGLAssetLoaderServi - Loading from file system: file:/D:/battleShip/battleShip_FXGL/target/classes/assets/textures/ShipContainer.png
14:38:25.060 [FXGL Background Thread 2 ] DEBUG FXGLAssetLoaderServi - Loading from file system: file:/D:/battleShip/battleShip_FXGL/target/classes/assets/textures/ships/ship_b_5_h.png
14:38:25.072 [FXGL Background Thread 2 ] DEBUG FXGLAssetLoaderServi - Loading from file system: file:/D:/battleShip/battleShip_FXGL/target/classes/assets/textures/ships/ship_r_5_h.png
14:38:25.074 [FXGL Background Thread 2 ] DEBUG FXGLAssetLoaderServi - Loading from file system: file:/D:/battleShip/battleShip_FXGL/target/classes/assets/textures/ships/ship_b_4_h.png
14:38:25.076 [FXGL Background Thread 2 ] DEBUG FXGLAssetLoaderServi - Loading from file system: file:/D:/battleShip/battleShip_FXGL/target/classes/assets/textures/ships/ship_r_4_h.png
14:38:25.078 [FXGL Background Thread 2 ] DEBUG FXGLAssetLoaderServi - Loading from file system: file:/D:/battleShip/battleShip_FXGL/target/classes/assets/textures/ships/ship_b_3_2_h.png
14:38:25.080 [FXGL Background Thread 2 ] DEBUG FXGLAssetLoaderServi - Loading from file system: file:/D:/battleShip/battleShip_FXGL/target/classes/assets/textures/ships/ship_r_3_2_h.png
14:38:25.081 [FXGL Background Thread 2 ] DEBUG FXGLAssetLoaderServi - Loading from file system: file:/D:/battleShip/battleShip_FXGL/target/classes/assets/textures/ships/ship_b_3_1_h.png
14:38:25.083 [FXGL Background Thread 2 ] DEBUG FXGLAssetLoaderServi - Loading from file system: file:/D:/battleShip/battleShip_FXGL/target/classes/assets/textures/ships/ship_r_3_1_h.png
14:38:25.084 [FXGL Background Thread 2 ] DEBUG FXGLAssetLoaderServi - Loading from file system: file:/D:/battleShip/battleShip_FXGL/target/classes/assets/textures/ships/ship_b_2_h.png
14:38:25.086 [FXGL Background Thread 2 ] DEBUG FXGLAssetLoaderServi - Loading from file system: file:/D:/battleShip/battleShip_FXGL/target/classes/assets/textures/ships/ship_r_2_h.png
14:38:25.088 [FXGL Background Thread 2 ] DEBUG FXGLAssetLoaderServi - Loading from file system: file:/D:/battleShip/battleShip_FXGL/target/classes/assets/textures/Tile.png
14:38:25.112 [FXGL Background Thread 2 ] INFO  FXGLApplication      - Game initialization took: 0.100 sec
14:38:25.112 [JavaFX Application Thread] DEBUG Input                - Clearing active input actions
14:38:25.117 [JavaFX Application Thread] DEBUG GameApplicationServi - Removing overlay from FXGLLoadingScene and adding to GameScene
14:38:25.118 [JavaFX Application Thread] DEBUG PrimaryStageWindow   - FXGLLoadingScene -> GameScene
14:38:25.124 [JavaFX Application Thread] DEBUG FXGLAssetLoaderServi - Loading from file system: file:/D:/battleShip/battleShip_FXGL/target/classes/assets/textures/bg2.jpg
14:38:25.149 [JavaFX Application Thread] DEBUG PrimaryStageWindow   - Push state: DialogSubScene
14:38:25.149 [JavaFX Application Thread] DEBUG Input                - Clearing active input actions
14:38:25.149 [JavaFX Application Thread] DEBUG GameApplicationServi - Removing overlay from GameScene and adding to DialogSubScene
14:38:25.150 [JavaFX Application Thread] DEBUG PrimaryStageWindow   - GameScene -> DialogSubScene
14:38:26.980 [JavaFX Application Thread] DEBUG PrimaryStageWindow   - Pop state: DialogSubScene
14:38:26.980 [JavaFX Application Thread] DEBUG Input                - Clearing active input actions
14:38:26.980 [JavaFX Application Thread] DEBUG GameApplicationServi - Removing overlay from DialogSubScene and adding to GameScene
14:38:26.980 [JavaFX Application Thread] DEBUG PrimaryStageWindow   - GameScene <- DialogSubScene
14:38:26.980 [JavaFX Application Thread] DEBUG PrimaryStageWindow   - Push state: BluePlayerDeployScene
14:38:26.981 [JavaFX Application Thread] DEBUG Input                - Clearing active input actions
14:38:26.981 [JavaFX Application Thread] DEBUG GameApplicationServi - Removing overlay from GameScene and adding to BluePlayerDeployScene
14:38:26.981 [JavaFX Application Thread] DEBUG PrimaryStageWindow   - GameScene -> BluePlayerDeployScene
14:38:26.981 [JavaFX Application Thread] DEBUG PrimaryStageWindow   - Pop state: BluePlayerDeployScene
14:38:26.981 [JavaFX Application Thread] DEBUG Input                - Clearing active input actions
14:38:26.981 [JavaFX Application Thread] DEBUG GameApplicationServi - Removing overlay from BluePlayerDeployScene and adding to GameScene
14:38:26.981 [JavaFX Application Thread] DEBUG PrimaryStageWindow   - GameScene <- BluePlayerDeployScene
14:38:27.825 [JavaFX Application Thread] DEBUG FXGLAssetLoaderServi - Loading from file system: file:/D:/battleShip/battleShip_FXGL/target/classes/assets/sounds/shot.wav
14:38:28.389 [JavaFX Application Thread] DEBUG FXGLAssetLoaderServi - Loading from file system: file:/D:/battleShip/battleShip_FXGL/target/classes/assets/textures/Player1Hit.png
14:38:28.389 [JavaFX Application Thread] DEBUG FXGLAssetLoaderServi - Loading from file system: file:/D:/battleShip/battleShip_FXGL/target/classes/assets/textures/sprites/explosion.png
14:38:28.397 [JavaFX Application Thread] DEBUG FXGLAssetLoaderServi - Loading from file system: file:/D:/battleShip/battleShip_FXGL/target/classes/assets/sounds/hit.wav
14:38:29.221 [JavaFX Application Thread] DEBUG LoopRunner           - Stopping loop
14:38:29.222 [JavaFX Application Thread] FATAL FXGLApplication      - Uncaught Exception:
java.lang.NullPointerException
	at fi.utu.tech.gui.javafx.battleship/fi.utu.tech.gui.javafx.fxgl.userAction.DeployAction.onActionBegin(DeployAction.java:34)
	at com.almasb.fxgl.input/com.almasb.fxgl.input.UserAction.begin$fxgl_input(UserAction.kt:37)
	at com.almasb.fxgl.input/com.almasb.fxgl.input.Input.handlePressed(Input.kt:350)
	at com.almasb.fxgl.input/com.almasb.fxgl.input.Input.onMouseEvent(Input.kt:312)
	at com.almasb.fxgl.input/com.almasb.fxgl.input.Input.onMouseEvent(Input.kt:301)
	at com.almasb.fxgl.all/com.almasb.fxgl.app.PrimaryStageWindow$2$1.invoke(MainWindow.kt:260)
	at com.almasb.fxgl.all/com.almasb.fxgl.app.PrimaryStageWindow$2$1.invoke(MainWindow.kt:231)
	at com.almasb.fxgl.core/com.almasb.fxgl.core.fsm.StateMachine.runOnActiveStates(StateMachine.kt:69)
	at com.almasb.fxgl.all/com.almasb.fxgl.app.PrimaryStageWindow$2.invoke(MainWindow.kt:260)
	at com.almasb.fxgl.all/com.almasb.fxgl.app.PrimaryStageWindow$2.invoke(MainWindow.kt:231)
	at com.almasb.fxgl.all/com.almasb.fxgl.app.MainWindow$addMouseHandler$1.handle(MainWindow.kt:208)
	at com.almasb.fxgl.all/com.almasb.fxgl.app.MainWindow$addMouseHandler$1.handle(MainWindow.kt:41)
	at javafx.base/com.sun.javafx.event.CompositeEventHandler$NormalEventHandlerRecord.handleBubblingEvent(CompositeEventHandler.java:247)
	at javafx.base/com.sun.javafx.event.CompositeEventHandler.dispatchBubblingEvent(CompositeEventHandler.java:80)
	at javafx.base/com.sun.javafx.event.EventHandlerManager.dispatchBubblingEvent(EventHandlerManager.java:234)
	at javafx.base/com.sun.javafx.event.EventHandlerManager.dispatchBubblingEvent(EventHandlerManager.java:191)
	at javafx.base/com.sun.javafx.event.CompositeEventDispatcher.dispatchBubblingEvent(CompositeEventDispatcher.java:59)
	at javafx.base/com.sun.javafx.event.BasicEventDispatcher.dispatchEvent(BasicEventDispatcher.java:58)
	at javafx.base/com.sun.javafx.event.EventDispatchChainImpl.dispatchEvent(EventDispatchChainImpl.java:114)
	at javafx.base/com.sun.javafx.event.BasicEventDispatcher.dispatchEvent(BasicEventDispatcher.java:56)
	at javafx.base/com.sun.javafx.event.EventDispatchChainImpl.dispatchEvent(EventDispatchChainImpl.java:114)
	at javafx.base/com.sun.javafx.event.EventUtil.fireEventImpl(EventUtil.java:74)
	at javafx.base/com.sun.javafx.event.EventUtil.fireEvent(EventUtil.java:54)
	at javafx.base/javafx.event.Event.fireEvent(Event.java:198)
	at javafx.graphics/javafx.scene.Scene$MouseHandler.process(Scene.java:3856)
	at javafx.graphics/javafx.scene.Scene.processMouseEvent(Scene.java:1851)
	at javafx.graphics/javafx.scene.Scene$ScenePeerListener.mouseEvent(Scene.java:2584)
	at javafx.graphics/com.sun.javafx.tk.quantum.GlassViewEventHandler$MouseEventNotification.run(GlassViewEventHandler.java:409)
	at javafx.graphics/com.sun.javafx.tk.quantum.GlassViewEventHandler$MouseEventNotification.run(GlassViewEventHandler.java:299)
	at java.base/java.security.AccessController.doPrivileged(Native Method)
	at javafx.graphics/com.sun.javafx.tk.quantum.GlassViewEventHandler.lambda$handleMouseEvent$2(GlassViewEventHandler.java:447)
	at javafx.graphics/com.sun.javafx.tk.quantum.QuantumToolkit.runWithoutRenderLock(QuantumToolkit.java:412)
	at javafx.graphics/com.sun.javafx.tk.quantum.GlassViewEventHandler.handleMouseEvent(GlassViewEventHandler.java:446)
	at javafx.graphics/com.sun.glass.ui.View.handleMouseEvent(View.java:556)
	at javafx.graphics/com.sun.glass.ui.View.notifyMouse(View.java:942)
	at javafx.graphics/com.sun.glass.ui.win.WinApplication._runLoop(Native Method)
	at javafx.graphics/com.sun.glass.ui.win.WinApplication.lambda$runLoop$3(WinApplication.java:174)
	at java.base/java.lang.Thread.run(Thread.java:829)

14:38:29.222 [JavaFX Application Thread] FATAL FXGLApplication      - Application will now exit
14:38:29.229 [JavaFX Application Thread] DEBUG PrimaryStageWindow   - Push state: ErrorSubScene
14:38:29.229 [JavaFX Application Thread] DEBUG Input                - Clearing active input actions
14:38:29.230 [JavaFX Application Thread] DEBUG GameApplicationServi - Removing overlay from GameScene and adding to ErrorSubScene
14:38:29.230 [JavaFX Application Thread] DEBUG PrimaryStageWindow   - GameScene -> ErrorSubScene
14:38:33.264 [JavaFX Application Thread] DEBUG FXGLApplication      - Exiting FXGL
14:38:33.264 [JavaFX Application Thread] DEBUG Async                - Shutting down background threads
14:38:33.264 [JavaFX Application Thread] DEBUG PrimaryStageWindow   - Closing main window
14:38:33.284 [JavaFX Application Thread] DEBUG Logger               - Closing Logger
