11:15:05.116 [main                     ] DEBUG Logger               - Configured Logger
11:15:05.142 [main                     ] DEBUG GameApplication      - Logging settings
Title: BattleShip_FXGL
Version: 0.1
Width: 1920
Height: 1080
Fullscreen: true
Intro: false
Profiling: false
Single step:false
App Mode: DEVELOPER
Menu Key: ESCAPE
Stage Style: DECORATED
Scene Factory: class fi.utu.tech.gui.javafx.fxgl.BattleShipApp$1

11:15:05.484 [JavaFX Application Thread] DEBUG FXGLApplication      - Initializing FXGL
11:15:05.486 [JavaFX Application Thread] INFO  Engine               - FXGL-11.14 (01.03.2021 16.59) on WINDOWS (J:11.0.10 FX:15)
11:15:05.487 [JavaFX Application Thread] DEBUG Engine               - JRE Vendor Name: Amazon.com Inc.
11:15:05.487 [JavaFX Application Thread] DEBUG Engine               - Running on OS: Windows 10 version 10.0
11:15:05.487 [JavaFX Application Thread] DEBUG Engine               - Architecture: amd64
11:15:05.487 [JavaFX Application Thread] INFO  Engine               - Source code and latest versions at: https://github.com/AlmasB/FXGL
11:15:05.487 [JavaFX Application Thread] INFO  Engine               -              Join the FXGL chat at: https://gitter.im/AlmasB/FXGL
11:15:05.562 [JavaFX Application Thread] DEBUG PrimaryStageWindow   - Creating a JavaFX scene
11:15:05.612 [JavaFX Application Thread] DEBUG PrimaryStageWindow   - Target settings size: 1920.0 x 1080.0
11:15:05.612 [JavaFX Application Thread] DEBUG PrimaryStageWindow   - Scaled scene size:    1920.0 x 1080.0
11:15:05.612 [JavaFX Application Thread] DEBUG PrimaryStageWindow   - Scaled ratio: (1.0, 1.0)
11:15:05.613 [JavaFX Application Thread] DEBUG PrimaryStageWindow   - Set initial scene to FXGLStartupScene
11:15:05.617 [JavaFX Application Thread] DEBUG PrimaryStageWindow   - Opening main window
11:15:05.701 [JavaFX Application Thread] DEBUG PrimaryStageWindow   - Window border size: (16.0, 39.0)
11:15:05.701 [JavaFX Application Thread] DEBUG PrimaryStageWindow   - Scaled size: 1920.0 x 1080.0
11:15:05.701 [JavaFX Application Thread] DEBUG PrimaryStageWindow   - Scaled ratio: (1.0, 1.0)
11:15:05.701 [JavaFX Application Thread] DEBUG PrimaryStageWindow   - Scene size: 1920.0 x 1080.0
11:15:05.701 [JavaFX Application Thread] DEBUG PrimaryStageWindow   - Stage size: 1936.0 x 1119.0
11:15:05.777 [JavaFX Application Thread] DEBUG PrimaryStageWindow   - Going fullscreen
11:15:05.784 [FXGL Background Thread 1 ] DEBUG Engine               - Initializing environment variables
11:15:05.826 [FXGL Background Thread 1 ] DEBUG FXGLAssetLoaderServi - User app class for loading assets: class fi.utu.tech.gui.javafx.fxgl.BattleShipApp
11:15:05.827 [FXGL Background Thread 1 ] DEBUG GameApplicationServi - Applying CSS: fxgl_dark.css
11:15:05.827 [FXGL Background Thread 1 ] DEBUG FXGLAssetLoaderServi - Loading from file system: jar:file:///C:/Users/box69/.m2/repository/com/github/almasb/fxgl/11.14/fxgl-11.14.jar!/fxglassets/ui/css/fxgl_dark.css
11:15:05.871 [FXGL Background Thread 1 ] DEBUG GameApplicationServi - Initializing application scenes
11:15:05.942 [FXGL Background Thread 1 ] DEBUG GameWorld            - Game world initialized
11:15:05.990 [FXGL Background Thread 1 ] DEBUG PhysicsWorld         - Physics world initialized: appHeight=1080, physics.ppm=50.0
11:15:05.990 [FXGL Background Thread 1 ] DEBUG PhysicsWorld         - Using strategy: BRUTE_FORCE
11:15:05.992 [FXGL Background Thread 1 ] DEBUG GameScene            - Game scene initialized: 1920x1080
11:15:05.997 [FXGL Background Thread 1 ] DEBUG FXGLAssetLoaderServi - Loading from file system: file:/D:/battleShip/battleShip_FXGL/target/classes/assets/textures/Nebula_Red.png
11:15:06.186 [FXGL Background Thread 1 ] DEBUG FXGLAssetLoaderServi - Loading from file system: jar:file:///C:/Users/box69/.m2/repository/com/github/almasb/fxgl/11.14/fxgl-11.14.jar!/fxglassets/textures/pause_menu_bg.png
11:15:06.212 [FXGL Background Thread 1 ] DEBUG GameApplicationServi - Application scenes initialized
11:15:06.221 [FXGL Background Thread 1 ] DEBUG SystemBundleService  - Loading FXGL system data
11:15:06.224 [FXGL Background Thread 1 ] DEBUG FileSystemAccess     - Reading from: D:\battleShip\battleShip_FXGL\system\fxgl.bundle
11:15:06.230 [FXGL Background Thread 1 ] DEBUG SystemBundleService  - Bundle FXGL: {}
11:15:06.230 [FXGL Background Thread 1 ] DEBUG UpdaterService       - Checking for updates
11:15:06.234 [FXGL Background Thread 4 ] DEBUG FXGLApplication      - Loading fonts
11:15:06.235 [FXGL Background Thread 1 ] DEBUG FXGLApplication      - Loading default localization
11:15:06.235 [FXGL Background Thread 4 ] DEBUG FXGLAssetLoaderServi - Loading from file system: jar:file:///C:/Users/box69/.m2/repository/com/github/almasb/fxgl/11.14/fxgl-11.14.jar!/fxglassets/ui/fonts/VarelaRound-Regular.ttf
11:15:06.235 [FXGL Background Thread 1 ] DEBUG FXGLAssetLoaderServi - Loading from file system: jar:file:///C:/Users/box69/.m2/repository/com/github/almasb/fxgl/11.14/fxgl-11.14.jar!/fxglassets/languages/english.lang
11:15:06.249 [FXGL Background Thread 1 ] INFO  FXGLApplication      - FXGL initialization took: 0.464 sec
11:15:06.264 [JavaFX Application Thread] DEBUG Input                - Registered new binding: Change Scene - Space
11:15:06.264 [JavaFX Application Thread] DEBUG Input                - Registered new binding: action0 - R
11:15:06.265 [JavaFX Application Thread] DEBUG Input                - Registered new binding: Deploy - RMB
11:15:06.266 [JavaFX Application Thread] DEBUG Input                - Registered new binding: Attack - LMB
11:15:06.266 [JavaFX Application Thread] DEBUG FXGLAssetLoaderServi - Loading from file system: file:/D:/battleShip/battleShip_FXGL/target/classes/assets/music/CrashedShip.mp3
11:15:06.418 [JavaFX Application Thread] DEBUG AudioPlayer          - Playing music com.almasb.fxgl.audio.Music@5cb2dd88
11:15:06.419 [JavaFX Application Thread] DEBUG FXGLAssetLoaderServi - Loading from file system: jar:file:///C:/Users/box69/.m2/repository/com/github/almasb/fxgl/11.14/fxgl-11.14.jar!/fxglassets/textures/fxgl_icon.png
11:15:06.435 [JavaFX Application Thread] DEBUG FXGLAssetLoaderServi - Loading from file system: jar:file:///C:/Users/box69/.m2/repository/com/github/almasb/fxgl/11.14/fxgl-11.14.jar!/fxglassets/ui/cursors/fxgl_default.png
11:15:06.436 [JavaFX Application Thread] DEBUG Input                - Registered new binding: Screenshot - P
11:15:06.437 [JavaFX Application Thread] DEBUG Input                - Registered new binding: System info dump - CTRL+9
11:15:06.437 [JavaFX Application Thread] DEBUG Input                - Registered new binding: Restart - CTRL+R
11:15:06.437 [JavaFX Application Thread] DEBUG Input                - Registered new binding: Toggle Debug Camera - CTRL+C
11:15:06.438 [JavaFX Application Thread] DEBUG LoopRunner           - Starting loop
11:15:06.438 [JavaFX Application Thread] DEBUG LoopRunner           - Initializing JavaFX AnimationTimerLoop
11:15:06.440 [JavaFX Application Thread] DEBUG Input                - Clearing active input actions
11:15:06.447 [JavaFX Application Thread] DEBUG GameApplicationServi - Removing overlay from FXGLStartupScene and adding to FXGLMainMenuDummyScene
11:15:06.447 [JavaFX Application Thread] DEBUG PrimaryStageWindow   - FXGLStartupScene -> FXGLMainMenuDummyScene
11:15:06.447 [JavaFX Application Thread] DEBUG PrimaryStageWindow   - Push state: BattleShipMainMenu
11:15:06.447 [JavaFX Application Thread] DEBUG Input                - Clearing active input actions
11:15:06.449 [JavaFX Application Thread] DEBUG GameApplicationServi - Removing overlay from FXGLMainMenuDummyScene and adding to BattleShipMainMenu
11:15:06.449 [JavaFX Application Thread] DEBUG PrimaryStageWindow   - FXGLMainMenuDummyScene -> BattleShipMainMenu
11:15:06.619 [FXGL Background Thread 4 ] DEBUG FXGLAssetLoaderServi - Loading from file system: jar:file:///C:/Users/box69/.m2/repository/com/github/almasb/fxgl/11.14/fxgl-11.14.jar!/fxglassets/ui/fonts/Abel-Regular.ttf
11:15:06.622 [FXGL Background Thread 4 ] DEBUG FXGLAssetLoaderServi - Loading from file system: jar:file:///C:/Users/box69/.m2/repository/com/github/almasb/fxgl/11.14/fxgl-11.14.jar!/fxglassets/ui/fonts/lucida_console.ttf
11:15:06.626 [FXGL Background Thread 4 ] DEBUG FXGLAssetLoaderServi - Loading from file system: jar:file:///C:/Users/box69/.m2/repository/com/github/almasb/fxgl/11.14/fxgl-11.14.jar!/fxglassets/ui/fonts/Courier-Prime.ttf
11:15:06.630 [JavaFX Application Thread] DEBUG FXGLApplication      - Registering font factories with UI factory
11:15:07.571 [JavaFX Application Thread] DEBUG PrimaryStageWindow   - Push state: DialogSubScene
11:15:07.571 [JavaFX Application Thread] DEBUG Input                - Clearing active input actions
11:15:07.574 [JavaFX Application Thread] DEBUG GameApplicationServi - Removing overlay from BattleShipMainMenu and adding to DialogSubScene
11:15:07.575 [JavaFX Application Thread] DEBUG PrimaryStageWindow   - BattleShipMainMenu -> DialogSubScene
11:15:09.234 [FXGL Background Thread 3 ] DEBUG Engine               - Logging environment variables
11:15:09.235 [FXGL Background Thread 3 ] DEBUG Engine               - achievements: []
11:15:09.235 [FXGL Background Thread 3 ] DEBUG Engine               - actualHeight: 1080.0
11:15:09.235 [FXGL Background Thread 3 ] DEBUG Engine               - actualHeightProperty: ReadOnlyDoubleProperty [value: 1080.0]
11:15:09.235 [FXGL Background Thread 3 ] DEBUG Engine               - actualWidth: 1920.0
11:15:09.235 [FXGL Background Thread 3 ] DEBUG Engine               - actualWidthProperty: ReadOnlyDoubleProperty [value: 1920.0]
11:15:09.235 [FXGL Background Thread 3 ] DEBUG Engine               - appIcon: fxgl_icon.png
11:15:09.235 [FXGL Background Thread 3 ] DEBUG Engine               - applicationMode: DEVELOPER
11:15:09.235 [FXGL Background Thread 3 ] DEBUG Engine               - cSSList: [fxgl_dark.css]
11:15:09.235 [FXGL Background Thread 3 ] DEBUG Engine               - collisionDetectionStrategy: BRUTE_FORCE
11:15:09.235 [FXGL Background Thread 3 ] DEBUG Engine               - configClass: Optional.empty
11:15:09.235 [FXGL Background Thread 3 ] DEBUG Engine               - credits: []
11:15:09.235 [FXGL Background Thread 3 ] DEBUG Engine               - devBBoxColorProperty: ObjectProperty [value: 0xff0000ff]
11:15:09.236 [FXGL Background Thread 3 ] DEBUG Engine               - devEnableDebugCameraProperty: BooleanProperty [value: false]
11:15:09.236 [FXGL Background Thread 3 ] DEBUG Engine               - devSensorColorProperty: ObjectProperty [value: 0xffff00ff]
11:15:09.236 [FXGL Background Thread 3 ] DEBUG Engine               - devShowBBoxProperty: BooleanProperty [value: false]
11:15:09.236 [FXGL Background Thread 3 ] DEBUG Engine               - devShowPositionProperty: BooleanProperty [value: false]
11:15:09.236 [FXGL Background Thread 3 ] DEBUG Engine               - enabledMenuItems: []
11:15:09.236 [FXGL Background Thread 3 ] DEBUG Engine               - engineServices: [class com.almasb.fxgl.app.services.FXGLAssetLoaderService, class com.almasb.fxgl.app.FXGLApplication$GameApplicationService, class com.almasb.fxgl.app.services.FXGLDialogService, class com.almasb.fxgl.app.services.IOTaskExecutorService, class com.almasb.fxgl.event.EventBusService, class com.almasb.fxgl.io.FileSystemService, class com.almasb.fxgl.localization.LocalizationService, class com.almasb.fxgl.app.services.SystemBundleService, class com.almasb.fxgl.profile.SaveLoadService, class com.almasb.fxgl.ui.FXGLUIFactoryServiceProvider, class com.almasb.fxgl.ui.FXGLDialogFactoryServiceProvider, class com.almasb.fxgl.audio.AudioPlayer, class com.almasb.fxgl.notification.impl.NotificationServiceProvider, class com.almasb.fxgl.achievement.AchievementService, class com.almasb.fxgl.cutscene.CutsceneService, class com.almasb.fxgl.minigames.MiniGameService, class com.almasb.fxgl.net.NetService, class com.almasb.fxgl.app.services.UpdaterService, class com.almasb.fxgl.dev.DevService]
11:15:09.236 [FXGL Background Thread 3 ] DEBUG Engine               - fontGame: Abel-Regular.ttf
11:15:09.236 [FXGL Background Thread 3 ] DEBUG Engine               - fontMono: lucida_console.ttf
11:15:09.236 [FXGL Background Thread 3 ] DEBUG Engine               - fontText: Courier-Prime.ttf
11:15:09.236 [FXGL Background Thread 3 ] DEBUG Engine               - fontUI: VarelaRound-Regular.ttf
11:15:09.236 [FXGL Background Thread 3 ] DEBUG Engine               - fullScreen: BooleanProperty [value: true]
11:15:09.236 [FXGL Background Thread 3 ] DEBUG Engine               - gameDifficulty: MEDIUM
11:15:09.236 [FXGL Background Thread 3 ] DEBUG Engine               - gameDifficultyProperty: ObjectProperty [value: MEDIUM]
11:15:09.236 [FXGL Background Thread 3 ] DEBUG Engine               - globalMusicVolume: 0.5
11:15:09.236 [FXGL Background Thread 3 ] DEBUG Engine               - globalMusicVolumeProperty: DoubleProperty [value: 0.2]
11:15:09.236 [FXGL Background Thread 3 ] DEBUG Engine               - globalSoundVolume: 0.5
11:15:09.237 [FXGL Background Thread 3 ] DEBUG Engine               - globalSoundVolumeProperty: DoubleProperty [value: 0.5]
11:15:09.237 [FXGL Background Thread 3 ] DEBUG Engine               - height: 1080
11:15:09.237 [FXGL Background Thread 3 ] DEBUG Engine               - isAndroid: false
11:15:09.237 [FXGL Background Thread 3 ] DEBUG Engine               - isBrowser: false
11:15:09.237 [FXGL Background Thread 3 ] DEBUG Engine               - isClickFeedbackEnabled: false
11:15:09.237 [FXGL Background Thread 3 ] DEBUG Engine               - isCloseConfirmation: false
11:15:09.237 [FXGL Background Thread 3 ] DEBUG Engine               - isDesktop: true
11:15:09.237 [FXGL Background Thread 3 ] DEBUG Engine               - isDeveloperMenuEnabled: false
11:15:09.237 [FXGL Background Thread 3 ] DEBUG Engine               - isEntityPreloadEnabled: true
11:15:09.237 [FXGL Background Thread 3 ] DEBUG Engine               - isExperimental3D: false
11:15:09.237 [FXGL Background Thread 3 ] DEBUG Engine               - isExperimentalNative: false
11:15:09.237 [FXGL Background Thread 3 ] DEBUG Engine               - isExperimentalTiledLargeMap: false
11:15:09.237 [FXGL Background Thread 3 ] DEBUG Engine               - isFileSystemWriteAllowed: true
11:15:09.238 [FXGL Background Thread 3 ] DEBUG Engine               - isFullScreenAllowed: true
11:15:09.238 [FXGL Background Thread 3 ] DEBUG Engine               - isFullScreenFromStart: true
11:15:09.238 [FXGL Background Thread 3 ] DEBUG Engine               - isGameMenuEnabled: true
11:15:09.238 [FXGL Background Thread 3 ] DEBUG Engine               - isIOS: false
11:15:09.238 [FXGL Background Thread 3 ] DEBUG Engine               - isIntroEnabled: false
11:15:09.238 [FXGL Background Thread 3 ] DEBUG Engine               - isLinux: false
11:15:09.238 [FXGL Background Thread 3 ] DEBUG Engine               - isMac: false
11:15:09.238 [FXGL Background Thread 3 ] DEBUG Engine               - isMainMenuEnabled: true
11:15:09.238 [FXGL Background Thread 3 ] DEBUG Engine               - isManualResizeEnabled: false
11:15:09.238 [FXGL Background Thread 3 ] DEBUG Engine               - isMobile: false
11:15:09.238 [FXGL Background Thread 3 ] DEBUG Engine               - isPreserveResizeRatio: false
11:15:09.238 [FXGL Background Thread 3 ] DEBUG Engine               - isProfilingEnabled: false
11:15:09.238 [FXGL Background Thread 3 ] DEBUG Engine               - isScaleAffectedOnResize: true
11:15:09.238 [FXGL Background Thread 3 ] DEBUG Engine               - isSingleStep: false
11:15:09.238 [FXGL Background Thread 3 ] DEBUG Engine               - isUserProfileEnabled: false
11:15:09.238 [FXGL Background Thread 3 ] DEBUG Engine               - isWindows: true
11:15:09.239 [FXGL Background Thread 3 ] DEBUG Engine               - language: ObjectProperty [value: ENGLISH]
11:15:09.239 [FXGL Background Thread 3 ] DEBUG Engine               - menuKey: ESCAPE
11:15:09.239 [FXGL Background Thread 3 ] DEBUG Engine               - notificationViewClass: class com.almasb.fxgl.notification.view.XboxNotificationView
11:15:09.239 [FXGL Background Thread 3 ] DEBUG Engine               - pixelsPerMeter: 50.0
11:15:09.239 [FXGL Background Thread 3 ] DEBUG Engine               - platform: WINDOWS
11:15:09.239 [FXGL Background Thread 3 ] DEBUG Engine               - prefHeightProperty: ReadOnlyDoubleProperty [value: 1080.0]
11:15:09.239 [FXGL Background Thread 3 ] DEBUG Engine               - prefWidthProperty: ReadOnlyDoubleProperty [value: 1920.0]
11:15:09.239 [FXGL Background Thread 3 ] DEBUG Engine               - profileDir: profiles/
11:15:09.239 [FXGL Background Thread 3 ] DEBUG Engine               - profileName: StringProperty [value: DEFAULT]
11:15:09.239 [FXGL Background Thread 3 ] DEBUG Engine               - randomSeed: -1
11:15:09.239 [FXGL Background Thread 3 ] DEBUG Engine               - runtimeInfo: RuntimeInfo(platform=WINDOWS, version=11.14, build=01.03.2021 16.59)
11:15:09.239 [FXGL Background Thread 3 ] DEBUG Engine               - saveFileExt: sav
11:15:09.239 [FXGL Background Thread 3 ] DEBUG Engine               - scaledHeightProp$fxgl: DoubleProperty [bound, value: 1080.0]
11:15:09.239 [FXGL Background Thread 3 ] DEBUG Engine               - scaledWidthProp$fxgl: DoubleProperty [bound, value: 1920.0]
11:15:09.239 [FXGL Background Thread 3 ] DEBUG Engine               - sceneFactory: fi.utu.tech.gui.javafx.fxgl.BattleShipApp$1@71d92798
11:15:09.239 [FXGL Background Thread 3 ] DEBUG Engine               - secondsIn24h: 60
11:15:09.239 [FXGL Background Thread 3 ] DEBUG Engine               - soundMenuBack: menu/back.wav
11:15:09.239 [FXGL Background Thread 3 ] DEBUG Engine               - soundMenuPress: menu/press.wav
11:15:09.239 [FXGL Background Thread 3 ] DEBUG Engine               - soundMenuSelect: menu/select.wav
11:15:09.240 [FXGL Background Thread 3 ] DEBUG Engine               - soundNotification: core/notification.wav
11:15:09.240 [FXGL Background Thread 3 ] DEBUG Engine               - stageStyle: DECORATED
11:15:09.240 [FXGL Background Thread 3 ] DEBUG Engine               - supportedLanguages: [ENGLISH, FRENCH, GERMAN, HUNGARIAN, RUSSIAN]
11:15:09.240 [FXGL Background Thread 3 ] DEBUG Engine               - ticksPerSecond: -1
11:15:09.240 [FXGL Background Thread 3 ] DEBUG Engine               - title: BattleShip_FXGL
11:15:09.240 [FXGL Background Thread 3 ] DEBUG Engine               - urlGithub: https://github.com/AlmasB/FXGL
11:15:09.240 [FXGL Background Thread 3 ] DEBUG Engine               - urlLeaderboard: http://fxgl-top.herokuapp.com/
11:15:09.240 [FXGL Background Thread 3 ] DEBUG Engine               - urlPOM: https://raw.githubusercontent.com/AlmasB/FXGL/release/README.md
11:15:09.240 [FXGL Background Thread 3 ] DEBUG Engine               - userAppClass: class fi.utu.tech.gui.javafx.fxgl.BattleShipApp
11:15:09.240 [FXGL Background Thread 3 ] DEBUG Engine               - version: 0.1
11:15:09.240 [FXGL Background Thread 3 ] DEBUG Engine               - versionCheckDays: 7
11:15:09.240 [FXGL Background Thread 3 ] DEBUG Engine               - width: 1920
11:15:09.240 [FXGL Background Thread 3 ] DEBUG Engine               - Logging services
11:15:09.240 [FXGL Background Thread 3 ] DEBUG Engine               - class com.almasb.fxgl.app.services.FXGLAssetLoaderService
11:15:09.240 [FXGL Background Thread 3 ] DEBUG Engine               - class com.almasb.fxgl.app.FXGLApplication$GameApplicationService
11:15:09.240 [FXGL Background Thread 3 ] DEBUG Engine               - class com.almasb.fxgl.app.services.FXGLDialogService
11:15:09.240 [FXGL Background Thread 3 ] DEBUG Engine               - class com.almasb.fxgl.app.services.IOTaskExecutorService
11:15:09.240 [FXGL Background Thread 3 ] DEBUG Engine               - class com.almasb.fxgl.event.EventBusService
11:15:09.240 [FXGL Background Thread 3 ] DEBUG Engine               - class com.almasb.fxgl.io.FileSystemService
11:15:09.240 [FXGL Background Thread 3 ] DEBUG Engine               - class com.almasb.fxgl.localization.LocalizationService
11:15:09.241 [FXGL Background Thread 3 ] DEBUG Engine               - class com.almasb.fxgl.app.services.SystemBundleService
11:15:09.241 [FXGL Background Thread 3 ] DEBUG Engine               - class com.almasb.fxgl.profile.SaveLoadService
11:15:09.241 [FXGL Background Thread 3 ] DEBUG Engine               - class com.almasb.fxgl.ui.FXGLUIFactoryServiceProvider
11:15:09.241 [FXGL Background Thread 3 ] DEBUG Engine               - class com.almasb.fxgl.ui.FXGLDialogFactoryServiceProvider
11:15:09.241 [FXGL Background Thread 3 ] DEBUG Engine               - class com.almasb.fxgl.audio.AudioPlayer
11:15:09.241 [FXGL Background Thread 3 ] DEBUG Engine               - class com.almasb.fxgl.notification.impl.NotificationServiceProvider
11:15:09.241 [FXGL Background Thread 3 ] DEBUG Engine               - class com.almasb.fxgl.achievement.AchievementService
11:15:09.241 [FXGL Background Thread 3 ] DEBUG Engine               - class com.almasb.fxgl.cutscene.CutsceneService
11:15:09.241 [FXGL Background Thread 3 ] DEBUG Engine               - class com.almasb.fxgl.minigames.MiniGameService
11:15:09.241 [FXGL Background Thread 3 ] DEBUG Engine               - class com.almasb.fxgl.net.NetService
11:15:09.241 [FXGL Background Thread 3 ] DEBUG Engine               - class com.almasb.fxgl.app.services.UpdaterService
11:15:09.241 [FXGL Background Thread 3 ] DEBUG Engine               - class com.almasb.fxgl.dev.DevService
11:15:15.374 [JavaFX Application Thread] DEBUG PrimaryStageWindow   - Pop state: DialogSubScene
11:15:15.374 [JavaFX Application Thread] DEBUG Input                - Clearing active input actions
11:15:15.374 [JavaFX Application Thread] DEBUG GameApplicationServi - Removing overlay from DialogSubScene and adding to BattleShipMainMenu
11:15:15.374 [JavaFX Application Thread] DEBUG PrimaryStageWindow   - BattleShipMainMenu <- DialogSubScene
11:15:15.912 [JavaFX Application Thread] DEBUG Menu                 - fireNewGame()
11:15:15.912 [JavaFX Application Thread] DEBUG GameApplicationServi - Starting new game
11:15:15.912 [JavaFX Application Thread] DEBUG PrimaryStageWindow   - Pop state: BattleShipMainMenu
11:15:15.912 [JavaFX Application Thread] DEBUG Input                - Clearing active input actions
11:15:15.913 [JavaFX Application Thread] DEBUG GameApplicationServi - Removing overlay from BattleShipMainMenu and adding to FXGLMainMenuDummyScene
11:15:15.913 [JavaFX Application Thread] DEBUG PrimaryStageWindow   - FXGLMainMenuDummyScene <- BattleShipMainMenu
11:15:15.913 [JavaFX Application Thread] DEBUG Input                - Clearing active input actions
11:15:15.918 [JavaFX Application Thread] DEBUG GameApplicationServi - Removing overlay from FXGLMainMenuDummyScene and adding to FXGLLoadingScene
11:15:15.918 [JavaFX Application Thread] DEBUG PrimaryStageWindow   - FXGLMainMenuDummyScene -> FXGLLoadingScene
11:15:15.918 [JavaFX Application Thread] DEBUG GameApplicationServi - Clearing previous game
11:15:15.918 [JavaFX Application Thread] DEBUG GameScene            - Clearing game scene
11:15:15.918 [JavaFX Application Thread] DEBUG GameWorld            - Clearing game world
11:15:15.918 [JavaFX Application Thread] DEBUG PhysicsWorld         - Clearing physics world
11:15:15.919 [FXGL Background Thread 2 ] DEBUG FXGLApplication      - Initializing game
11:15:15.924 [FXGL Background Thread 2 ] DEBUG FXGLAssetLoaderServi - Loading from file system: file:/D:/battleShip/battleShip_FXGL/target/classes/assets/textures/bg.jpg
11:15:15.954 [FXGL Background Thread 2 ] DEBUG FXGLAssetLoaderServi - Loading from file system: file:/D:/battleShip/battleShip_FXGL/target/classes/assets/textures/ShipContainer.png
11:15:15.958 [FXGL Background Thread 2 ] DEBUG FXGLAssetLoaderServi - Loading from file system: file:/D:/battleShip/battleShip_FXGL/target/classes/assets/textures/ships/ship_b_5_h.png
11:15:15.971 [FXGL Background Thread 2 ] DEBUG FXGLAssetLoaderServi - Loading from file system: file:/D:/battleShip/battleShip_FXGL/target/classes/assets/textures/ships/ship_r_5_h.png
11:15:15.974 [FXGL Background Thread 2 ] DEBUG FXGLAssetLoaderServi - Loading from file system: file:/D:/battleShip/battleShip_FXGL/target/classes/assets/textures/ships/ship_b_4_h.png
11:15:15.977 [FXGL Background Thread 2 ] DEBUG FXGLAssetLoaderServi - Loading from file system: file:/D:/battleShip/battleShip_FXGL/target/classes/assets/textures/ships/ship_r_4_h.png
11:15:15.980 [FXGL Background Thread 2 ] DEBUG FXGLAssetLoaderServi - Loading from file system: file:/D:/battleShip/battleShip_FXGL/target/classes/assets/textures/ships/ship_b_3_2_h.png
11:15:15.983 [FXGL Background Thread 2 ] DEBUG FXGLAssetLoaderServi - Loading from file system: file:/D:/battleShip/battleShip_FXGL/target/classes/assets/textures/ships/ship_r_3_2_h.png
11:15:15.986 [FXGL Background Thread 2 ] DEBUG FXGLAssetLoaderServi - Loading from file system: file:/D:/battleShip/battleShip_FXGL/target/classes/assets/textures/ships/ship_b_3_1_h.png
11:15:15.989 [FXGL Background Thread 2 ] DEBUG FXGLAssetLoaderServi - Loading from file system: file:/D:/battleShip/battleShip_FXGL/target/classes/assets/textures/ships/ship_r_3_1_h.png
11:15:15.992 [FXGL Background Thread 2 ] DEBUG FXGLAssetLoaderServi - Loading from file system: file:/D:/battleShip/battleShip_FXGL/target/classes/assets/textures/ships/ship_b_2_h.png
11:15:15.995 [FXGL Background Thread 2 ] DEBUG FXGLAssetLoaderServi - Loading from file system: file:/D:/battleShip/battleShip_FXGL/target/classes/assets/textures/ships/ship_r_2_h.png
11:15:15.997 [FXGL Background Thread 2 ] DEBUG FXGLAssetLoaderServi - Loading from file system: file:/D:/battleShip/battleShip_FXGL/target/classes/assets/textures/Tile.png
11:15:16.017 [FXGL Background Thread 2 ] INFO  FXGLApplication      - Game initialization took: 0.098 sec
11:15:16.017 [JavaFX Application Thread] DEBUG Input                - Clearing active input actions
11:15:16.023 [JavaFX Application Thread] DEBUG GameApplicationServi - Removing overlay from FXGLLoadingScene and adding to GameScene
11:15:16.024 [JavaFX Application Thread] DEBUG PrimaryStageWindow   - FXGLLoadingScene -> GameScene
11:15:16.029 [JavaFX Application Thread] DEBUG FXGLAssetLoaderServi - Loading from file system: file:/D:/battleShip/battleShip_FXGL/target/classes/assets/textures/bg2.jpg
11:15:16.057 [JavaFX Application Thread] DEBUG PrimaryStageWindow   - Push state: DialogSubScene
11:15:16.057 [JavaFX Application Thread] DEBUG Input                - Clearing active input actions
11:15:16.057 [JavaFX Application Thread] DEBUG GameApplicationServi - Removing overlay from GameScene and adding to DialogSubScene
11:15:16.057 [JavaFX Application Thread] DEBUG PrimaryStageWindow   - GameScene -> DialogSubScene
11:15:18.056 [JavaFX Application Thread] DEBUG PrimaryStageWindow   - Pop state: DialogSubScene
11:15:18.056 [JavaFX Application Thread] DEBUG Input                - Clearing active input actions
11:15:18.057 [JavaFX Application Thread] DEBUG GameApplicationServi - Removing overlay from DialogSubScene and adding to GameScene
11:15:18.057 [JavaFX Application Thread] DEBUG PrimaryStageWindow   - GameScene <- DialogSubScene
11:15:18.057 [JavaFX Application Thread] DEBUG PrimaryStageWindow   - Push state: BluePlayerDeployScene
11:15:18.057 [JavaFX Application Thread] DEBUG Input                - Clearing active input actions
11:15:18.057 [JavaFX Application Thread] DEBUG GameApplicationServi - Removing overlay from GameScene and adding to BluePlayerDeployScene
11:15:18.057 [JavaFX Application Thread] DEBUG PrimaryStageWindow   - GameScene -> BluePlayerDeployScene
11:15:18.057 [JavaFX Application Thread] DEBUG PrimaryStageWindow   - Pop state: BluePlayerDeployScene
11:15:18.057 [JavaFX Application Thread] DEBUG Input                - Clearing active input actions
11:15:18.058 [JavaFX Application Thread] DEBUG GameApplicationServi - Removing overlay from BluePlayerDeployScene and adding to GameScene
11:15:18.058 [JavaFX Application Thread] DEBUG PrimaryStageWindow   - GameScene <- BluePlayerDeployScene
11:15:26.543 [JavaFX Application Thread] DEBUG PrimaryStageWindow   - Push state: DialogSubScene
11:15:26.543 [JavaFX Application Thread] DEBUG Input                - Clearing active input actions
11:15:26.543 [JavaFX Application Thread] DEBUG GameApplicationServi - Removing overlay from GameScene and adding to DialogSubScene
11:15:26.543 [JavaFX Application Thread] DEBUG PrimaryStageWindow   - GameScene -> DialogSubScene
11:15:26.984 [JavaFX Application Thread] DEBUG PrimaryStageWindow   - Pop state: DialogSubScene
11:15:26.984 [JavaFX Application Thread] DEBUG Input                - Clearing active input actions
11:15:26.984 [JavaFX Application Thread] DEBUG GameApplicationServi - Removing overlay from DialogSubScene and adding to GameScene
11:15:26.985 [JavaFX Application Thread] DEBUG PrimaryStageWindow   - GameScene <- DialogSubScene
11:15:26.985 [JavaFX Application Thread] DEBUG PrimaryStageWindow   - Push state: RedPlayerDeployScene
11:15:26.985 [JavaFX Application Thread] DEBUG Input                - Clearing active input actions
11:15:26.985 [JavaFX Application Thread] DEBUG GameApplicationServi - Removing overlay from GameScene and adding to RedPlayerDeployScene
11:15:26.985 [JavaFX Application Thread] DEBUG PrimaryStageWindow   - GameScene -> RedPlayerDeployScene
11:15:26.985 [JavaFX Application Thread] DEBUG PrimaryStageWindow   - Pop state: RedPlayerDeployScene
11:15:26.985 [JavaFX Application Thread] DEBUG Input                - Clearing active input actions
11:15:26.985 [JavaFX Application Thread] DEBUG GameApplicationServi - Removing overlay from RedPlayerDeployScene and adding to GameScene
11:15:26.985 [JavaFX Application Thread] DEBUG PrimaryStageWindow   - GameScene <- RedPlayerDeployScene
11:15:36.476 [JavaFX Application Thread] DEBUG PrimaryStageWindow   - Push state: DialogSubScene
11:15:36.476 [JavaFX Application Thread] DEBUG Input                - Clearing active input actions
11:15:36.476 [JavaFX Application Thread] DEBUG GameApplicationServi - Removing overlay from GameScene and adding to DialogSubScene
11:15:36.476 [JavaFX Application Thread] DEBUG PrimaryStageWindow   - GameScene -> DialogSubScene
11:15:37.280 [JavaFX Application Thread] DEBUG PrimaryStageWindow   - Pop state: DialogSubScene
11:15:37.280 [JavaFX Application Thread] DEBUG Input                - Clearing active input actions
11:15:37.281 [JavaFX Application Thread] DEBUG GameApplicationServi - Removing overlay from DialogSubScene and adding to GameScene
11:15:37.281 [JavaFX Application Thread] DEBUG PrimaryStageWindow   - GameScene <- DialogSubScene
11:15:37.281 [JavaFX Application Thread] DEBUG PrimaryStageWindow   - Push state: RedPlayerScene
11:15:37.283 [JavaFX Application Thread] DEBUG Input                - Clearing active input actions
11:15:37.283 [JavaFX Application Thread] DEBUG GameApplicationServi - Removing overlay from GameScene and adding to RedPlayerScene
11:15:37.284 [JavaFX Application Thread] DEBUG PrimaryStageWindow   - GameScene -> RedPlayerScene
11:15:37.284 [JavaFX Application Thread] DEBUG PrimaryStageWindow   - Pop state: RedPlayerScene
11:15:37.284 [JavaFX Application Thread] DEBUG Input                - Clearing active input actions
11:15:37.284 [JavaFX Application Thread] DEBUG GameApplicationServi - Removing overlay from RedPlayerScene and adding to GameScene
11:15:37.284 [JavaFX Application Thread] DEBUG PrimaryStageWindow   - GameScene <- RedPlayerScene
11:15:38.212 [JavaFX Application Thread] DEBUG FXGLAssetLoaderServi - Loading from file system: file:/D:/battleShip/battleShip_FXGL/target/classes/assets/sounds/shot.wav
11:15:38.218 [JavaFX Application Thread] DEBUG FXGLAssetLoaderServi - Loading from file system: file:/D:/battleShip/battleShip_FXGL/target/classes/assets/textures/Player1.png
11:15:38.276 [JavaFX Application Thread] DEBUG FXGLAssetLoaderServi - Loading from file system: file:/D:/battleShip/battleShip_FXGL/target/classes/assets/textures/Player1Hit.png
11:15:38.276 [JavaFX Application Thread] DEBUG FXGLAssetLoaderServi - Loading from file system: file:/D:/battleShip/battleShip_FXGL/target/classes/assets/sounds/hit.wav
11:15:39.908 [JavaFX Application Thread] DEBUG PrimaryStageWindow   - Push state: DialogSubScene
11:15:39.908 [JavaFX Application Thread] DEBUG Input                - Clearing active input actions
11:15:39.908 [JavaFX Application Thread] DEBUG GameApplicationServi - Removing overlay from GameScene and adding to DialogSubScene
11:15:39.908 [JavaFX Application Thread] DEBUG PrimaryStageWindow   - GameScene -> DialogSubScene
11:15:41.410 [JavaFX Application Thread] DEBUG PrimaryStageWindow   - Pop state: DialogSubScene
11:15:41.410 [JavaFX Application Thread] DEBUG Input                - Clearing active input actions
11:15:41.410 [JavaFX Application Thread] DEBUG GameApplicationServi - Removing overlay from DialogSubScene and adding to GameScene
11:15:41.410 [JavaFX Application Thread] DEBUG PrimaryStageWindow   - GameScene <- DialogSubScene
11:15:41.410 [JavaFX Application Thread] DEBUG PrimaryStageWindow   - Push state: BluePlayerScene
11:15:41.411 [JavaFX Application Thread] DEBUG Input                - Clearing active input actions
11:15:41.411 [JavaFX Application Thread] DEBUG GameApplicationServi - Removing overlay from GameScene and adding to BluePlayerScene
11:15:41.411 [JavaFX Application Thread] DEBUG PrimaryStageWindow   - GameScene -> BluePlayerScene
11:15:41.412 [JavaFX Application Thread] DEBUG PrimaryStageWindow   - Pop state: BluePlayerScene
11:15:41.412 [JavaFX Application Thread] DEBUG Input                - Clearing active input actions
11:15:41.412 [JavaFX Application Thread] DEBUG GameApplicationServi - Removing overlay from BluePlayerScene and adding to GameScene
11:15:41.412 [JavaFX Application Thread] DEBUG PrimaryStageWindow   - GameScene <- BluePlayerScene
11:15:46.516 [JavaFX Application Thread] DEBUG PrimaryStageWindow   - Push state: DialogSubScene
11:15:46.516 [JavaFX Application Thread] DEBUG Input                - Clearing active input actions
11:15:46.516 [JavaFX Application Thread] DEBUG GameApplicationServi - Removing overlay from GameScene and adding to DialogSubScene
11:15:46.516 [JavaFX Application Thread] DEBUG PrimaryStageWindow   - GameScene -> DialogSubScene
11:15:47.545 [JavaFX Application Thread] DEBUG PrimaryStageWindow   - Pop state: DialogSubScene
11:15:47.545 [JavaFX Application Thread] DEBUG Input                - Clearing active input actions
11:15:47.545 [JavaFX Application Thread] DEBUG GameApplicationServi - Removing overlay from DialogSubScene and adding to GameScene
11:15:47.545 [JavaFX Application Thread] DEBUG PrimaryStageWindow   - GameScene <- DialogSubScene
11:15:47.545 [JavaFX Application Thread] DEBUG PrimaryStageWindow   - Push state: RedPlayerScene
11:15:47.546 [JavaFX Application Thread] DEBUG Input                - Clearing active input actions
11:15:47.546 [JavaFX Application Thread] DEBUG GameApplicationServi - Removing overlay from GameScene and adding to RedPlayerScene
11:15:47.546 [JavaFX Application Thread] DEBUG PrimaryStageWindow   - GameScene -> RedPlayerScene
11:15:47.546 [JavaFX Application Thread] DEBUG PrimaryStageWindow   - Pop state: RedPlayerScene
11:15:47.546 [JavaFX Application Thread] DEBUG Input                - Clearing active input actions
11:15:47.546 [JavaFX Application Thread] DEBUG GameApplicationServi - Removing overlay from RedPlayerScene and adding to GameScene
11:15:47.546 [JavaFX Application Thread] DEBUG PrimaryStageWindow   - GameScene <- RedPlayerScene
11:15:51.273 [JavaFX Application Thread] DEBUG FXGLAssetLoaderServi - Loading from file system: file:/D:/battleShip/battleShip_FXGL/target/classes/assets/sounds/explosion.wav
11:15:51.275 [JavaFX Application Thread] DEBUG PrimaryStageWindow   - Push state: DialogSubScene
11:15:51.276 [JavaFX Application Thread] DEBUG Input                - Clearing active input actions
11:15:51.276 [JavaFX Application Thread] DEBUG GameApplicationServi - Removing overlay from GameScene and adding to DialogSubScene
11:15:51.276 [JavaFX Application Thread] DEBUG PrimaryStageWindow   - GameScene -> DialogSubScene
11:15:52.754 [JavaFX Application Thread] DEBUG PrimaryStageWindow   - Pop state: DialogSubScene
11:15:52.754 [JavaFX Application Thread] DEBUG Input                - Clearing active input actions
11:15:52.755 [JavaFX Application Thread] DEBUG GameApplicationServi - Removing overlay from DialogSubScene and adding to GameScene
11:15:52.755 [JavaFX Application Thread] DEBUG PrimaryStageWindow   - GameScene <- DialogSubScene
11:15:54.131 [JavaFX Application Thread] DEBUG PrimaryStageWindow   - Push state: DialogSubScene
11:15:54.132 [JavaFX Application Thread] DEBUG Input                - Clearing active input actions
11:15:54.132 [JavaFX Application Thread] DEBUG GameApplicationServi - Removing overlay from GameScene and adding to DialogSubScene
11:15:54.132 [JavaFX Application Thread] DEBUG PrimaryStageWindow   - GameScene -> DialogSubScene
11:15:54.872 [JavaFX Application Thread] DEBUG PrimaryStageWindow   - Pop state: DialogSubScene
11:15:54.872 [JavaFX Application Thread] DEBUG Input                - Clearing active input actions
11:15:54.872 [JavaFX Application Thread] DEBUG GameApplicationServi - Removing overlay from DialogSubScene and adding to GameScene
11:15:54.872 [JavaFX Application Thread] DEBUG PrimaryStageWindow   - GameScene <- DialogSubScene
11:15:54.873 [JavaFX Application Thread] DEBUG PrimaryStageWindow   - Push state: BluePlayerScene
11:15:54.873 [JavaFX Application Thread] DEBUG Input                - Clearing active input actions
11:15:54.873 [JavaFX Application Thread] DEBUG GameApplicationServi - Removing overlay from GameScene and adding to BluePlayerScene
11:15:54.873 [JavaFX Application Thread] DEBUG PrimaryStageWindow   - GameScene -> BluePlayerScene
11:15:54.873 [JavaFX Application Thread] DEBUG PrimaryStageWindow   - Pop state: BluePlayerScene
11:15:54.873 [JavaFX Application Thread] DEBUG Input                - Clearing active input actions
11:15:54.873 [JavaFX Application Thread] DEBUG GameApplicationServi - Removing overlay from BluePlayerScene and adding to GameScene
11:15:54.873 [JavaFX Application Thread] DEBUG PrimaryStageWindow   - GameScene <- BluePlayerScene
11:15:58.017 [JavaFX Application Thread] DEBUG PrimaryStageWindow   - Push state: DialogSubScene
11:15:58.017 [JavaFX Application Thread] DEBUG Input                - Clearing active input actions
11:15:58.017 [JavaFX Application Thread] DEBUG GameApplicationServi - Removing overlay from GameScene and adding to DialogSubScene
11:15:58.018 [JavaFX Application Thread] DEBUG PrimaryStageWindow   - GameScene -> DialogSubScene
11:15:58.872 [JavaFX Application Thread] DEBUG PrimaryStageWindow   - Pop state: DialogSubScene
11:15:58.872 [JavaFX Application Thread] DEBUG Input                - Clearing active input actions
11:15:58.873 [JavaFX Application Thread] DEBUG GameApplicationServi - Removing overlay from DialogSubScene and adding to GameScene
11:15:58.873 [JavaFX Application Thread] DEBUG PrimaryStageWindow   - GameScene <- DialogSubScene
11:16:02.513 [JavaFX Application Thread] DEBUG PrimaryStageWindow   - Push state: DialogSubScene
11:16:02.513 [JavaFX Application Thread] DEBUG Input                - Clearing active input actions
11:16:02.513 [JavaFX Application Thread] DEBUG GameApplicationServi - Removing overlay from GameScene and adding to DialogSubScene
11:16:02.513 [JavaFX Application Thread] DEBUG PrimaryStageWindow   - GameScene -> DialogSubScene
11:16:03.577 [JavaFX Application Thread] DEBUG PrimaryStageWindow   - Pop state: DialogSubScene
11:16:03.577 [JavaFX Application Thread] DEBUG Input                - Clearing active input actions
11:16:03.577 [JavaFX Application Thread] DEBUG GameApplicationServi - Removing overlay from DialogSubScene and adding to GameScene
11:16:03.578 [JavaFX Application Thread] DEBUG PrimaryStageWindow   - GameScene <- DialogSubScene
11:16:07.011 [JavaFX Application Thread] DEBUG PrimaryStageWindow   - Push state: DialogSubScene
11:16:07.012 [JavaFX Application Thread] DEBUG Input                - Clearing active input actions
11:16:07.012 [JavaFX Application Thread] DEBUG GameApplicationServi - Removing overlay from GameScene and adding to DialogSubScene
11:16:07.012 [JavaFX Application Thread] DEBUG PrimaryStageWindow   - GameScene -> DialogSubScene
11:16:07.999 [JavaFX Application Thread] DEBUG PrimaryStageWindow   - Pop state: DialogSubScene
11:16:07.999 [JavaFX Application Thread] DEBUG Input                - Clearing active input actions
11:16:07.999 [JavaFX Application Thread] DEBUG GameApplicationServi - Removing overlay from DialogSubScene and adding to GameScene
11:16:07.999 [JavaFX Application Thread] DEBUG PrimaryStageWindow   - GameScene <- DialogSubScene
11:16:07.999 [JavaFX Application Thread] DEBUG PrimaryStageWindow   - Push state: RedPlayerScene
11:16:08.000 [JavaFX Application Thread] DEBUG Input                - Clearing active input actions
11:16:08.000 [JavaFX Application Thread] DEBUG GameApplicationServi - Removing overlay from GameScene and adding to RedPlayerScene
11:16:08.000 [JavaFX Application Thread] DEBUG PrimaryStageWindow   - GameScene -> RedPlayerScene
11:16:08.000 [JavaFX Application Thread] DEBUG PrimaryStageWindow   - Pop state: RedPlayerScene
11:16:08.000 [JavaFX Application Thread] DEBUG Input                - Clearing active input actions
11:16:08.000 [JavaFX Application Thread] DEBUG GameApplicationServi - Removing overlay from RedPlayerScene and adding to GameScene
11:16:08.000 [JavaFX Application Thread] DEBUG PrimaryStageWindow   - GameScene <- RedPlayerScene
11:16:08.995 [JavaFX Application Thread] DEBUG PrimaryStageWindow   - Push state: DialogSubScene
11:16:08.996 [JavaFX Application Thread] DEBUG Input                - Clearing active input actions
11:16:08.996 [JavaFX Application Thread] DEBUG GameApplicationServi - Removing overlay from GameScene and adding to DialogSubScene
11:16:08.996 [JavaFX Application Thread] DEBUG PrimaryStageWindow   - GameScene -> DialogSubScene
11:16:10.817 [JavaFX Application Thread] DEBUG PrimaryStageWindow   - Pop state: DialogSubScene
11:16:10.817 [JavaFX Application Thread] DEBUG Input                - Clearing active input actions
11:16:10.817 [JavaFX Application Thread] DEBUG GameApplicationServi - Removing overlay from DialogSubScene and adding to GameScene
11:16:10.817 [JavaFX Application Thread] DEBUG PrimaryStageWindow   - GameScene <- DialogSubScene
11:16:10.818 [JavaFX Application Thread] DEBUG PrimaryStageWindow   - Push state: BluePlayerScene
11:16:10.818 [JavaFX Application Thread] DEBUG Input                - Clearing active input actions
11:16:10.818 [JavaFX Application Thread] DEBUG GameApplicationServi - Removing overlay from GameScene and adding to BluePlayerScene
11:16:10.818 [JavaFX Application Thread] DEBUG PrimaryStageWindow   - GameScene -> BluePlayerScene
11:16:10.818 [JavaFX Application Thread] DEBUG PrimaryStageWindow   - Pop state: BluePlayerScene
11:16:10.818 [JavaFX Application Thread] DEBUG Input                - Clearing active input actions
11:16:10.818 [JavaFX Application Thread] DEBUG GameApplicationServi - Removing overlay from BluePlayerScene and adding to GameScene
11:16:10.818 [JavaFX Application Thread] DEBUG PrimaryStageWindow   - GameScene <- BluePlayerScene
11:16:12.820 [JavaFX Application Thread] DEBUG PrimaryStageWindow   - Push state: DialogSubScene
11:16:12.820 [JavaFX Application Thread] DEBUG Input                - Clearing active input actions
11:16:12.820 [JavaFX Application Thread] DEBUG GameApplicationServi - Removing overlay from GameScene and adding to DialogSubScene
11:16:12.820 [JavaFX Application Thread] DEBUG PrimaryStageWindow   - GameScene -> DialogSubScene
11:16:13.604 [JavaFX Application Thread] DEBUG PrimaryStageWindow   - Pop state: DialogSubScene
11:16:13.604 [JavaFX Application Thread] DEBUG Input                - Clearing active input actions
11:16:13.604 [JavaFX Application Thread] DEBUG GameApplicationServi - Removing overlay from DialogSubScene and adding to GameScene
11:16:13.604 [JavaFX Application Thread] DEBUG PrimaryStageWindow   - GameScene <- DialogSubScene
11:16:13.604 [JavaFX Application Thread] DEBUG PrimaryStageWindow   - Push state: RedPlayerScene
11:16:13.605 [JavaFX Application Thread] DEBUG Input                - Clearing active input actions
11:16:13.605 [JavaFX Application Thread] DEBUG GameApplicationServi - Removing overlay from GameScene and adding to RedPlayerScene
11:16:13.605 [JavaFX Application Thread] DEBUG PrimaryStageWindow   - GameScene -> RedPlayerScene
11:16:13.605 [JavaFX Application Thread] DEBUG PrimaryStageWindow   - Pop state: RedPlayerScene
11:16:13.605 [JavaFX Application Thread] DEBUG Input                - Clearing active input actions
11:16:13.605 [JavaFX Application Thread] DEBUG GameApplicationServi - Removing overlay from RedPlayerScene and adding to GameScene
11:16:13.605 [JavaFX Application Thread] DEBUG PrimaryStageWindow   - GameScene <- RedPlayerScene
11:16:14.596 [JavaFX Application Thread] DEBUG PrimaryStageWindow   - Push state: DialogSubScene
11:16:14.596 [JavaFX Application Thread] DEBUG Input                - Clearing active input actions
11:16:14.596 [JavaFX Application Thread] DEBUG GameApplicationServi - Removing overlay from GameScene and adding to DialogSubScene
11:16:14.596 [JavaFX Application Thread] DEBUG PrimaryStageWindow   - GameScene -> DialogSubScene
11:16:15.237 [JavaFX Application Thread] DEBUG PrimaryStageWindow   - Pop state: DialogSubScene
11:16:15.237 [JavaFX Application Thread] DEBUG Input                - Clearing active input actions
11:16:15.238 [JavaFX Application Thread] DEBUG GameApplicationServi - Removing overlay from DialogSubScene and adding to GameScene
11:16:15.238 [JavaFX Application Thread] DEBUG PrimaryStageWindow   - GameScene <- DialogSubScene
11:16:15.238 [JavaFX Application Thread] DEBUG PrimaryStageWindow   - Push state: BluePlayerScene
11:16:15.238 [JavaFX Application Thread] DEBUG Input                - Clearing active input actions
11:16:15.238 [JavaFX Application Thread] DEBUG GameApplicationServi - Removing overlay from GameScene and adding to BluePlayerScene
11:16:15.238 [JavaFX Application Thread] DEBUG PrimaryStageWindow   - GameScene -> BluePlayerScene
11:16:15.238 [JavaFX Application Thread] DEBUG PrimaryStageWindow   - Pop state: BluePlayerScene
11:16:15.238 [JavaFX Application Thread] DEBUG Input                - Clearing active input actions
11:16:15.238 [JavaFX Application Thread] DEBUG GameApplicationServi - Removing overlay from BluePlayerScene and adding to GameScene
11:16:15.238 [JavaFX Application Thread] DEBUG PrimaryStageWindow   - GameScene <- BluePlayerScene
11:16:16.292 [JavaFX Application Thread] DEBUG PrimaryStageWindow   - Push state: DialogSubScene
11:16:16.292 [JavaFX Application Thread] DEBUG Input                - Clearing active input actions
11:16:16.292 [JavaFX Application Thread] DEBUG GameApplicationServi - Removing overlay from GameScene and adding to DialogSubScene
11:16:16.292 [JavaFX Application Thread] DEBUG PrimaryStageWindow   - GameScene -> DialogSubScene
11:16:17.164 [JavaFX Application Thread] DEBUG PrimaryStageWindow   - Pop state: DialogSubScene
11:16:17.164 [JavaFX Application Thread] DEBUG Input                - Clearing active input actions
11:16:17.164 [JavaFX Application Thread] DEBUG GameApplicationServi - Removing overlay from DialogSubScene and adding to GameScene
11:16:17.164 [JavaFX Application Thread] DEBUG PrimaryStageWindow   - GameScene <- DialogSubScene
11:16:17.164 [JavaFX Application Thread] DEBUG PrimaryStageWindow   - Push state: RedPlayerScene
11:16:17.165 [JavaFX Application Thread] DEBUG Input                - Clearing active input actions
11:16:17.165 [JavaFX Application Thread] DEBUG GameApplicationServi - Removing overlay from GameScene and adding to RedPlayerScene
11:16:17.165 [JavaFX Application Thread] DEBUG PrimaryStageWindow   - GameScene -> RedPlayerScene
11:16:17.165 [JavaFX Application Thread] DEBUG PrimaryStageWindow   - Pop state: RedPlayerScene
11:16:17.165 [JavaFX Application Thread] DEBUG Input                - Clearing active input actions
11:16:17.165 [JavaFX Application Thread] DEBUG GameApplicationServi - Removing overlay from RedPlayerScene and adding to GameScene
11:16:17.165 [JavaFX Application Thread] DEBUG PrimaryStageWindow   - GameScene <- RedPlayerScene
11:16:18.212 [JavaFX Application Thread] DEBUG PrimaryStageWindow   - Push state: DialogSubScene
11:16:18.212 [JavaFX Application Thread] DEBUG Input                - Clearing active input actions
11:16:18.212 [JavaFX Application Thread] DEBUG GameApplicationServi - Removing overlay from GameScene and adding to DialogSubScene
11:16:18.212 [JavaFX Application Thread] DEBUG PrimaryStageWindow   - GameScene -> DialogSubScene
11:16:18.738 [JavaFX Application Thread] DEBUG PrimaryStageWindow   - Pop state: DialogSubScene
11:16:18.738 [JavaFX Application Thread] DEBUG Input                - Clearing active input actions
11:16:18.738 [JavaFX Application Thread] DEBUG GameApplicationServi - Removing overlay from DialogSubScene and adding to GameScene
11:16:18.738 [JavaFX Application Thread] DEBUG PrimaryStageWindow   - GameScene <- DialogSubScene
11:16:18.738 [JavaFX Application Thread] DEBUG PrimaryStageWindow   - Push state: BluePlayerScene
11:16:18.739 [JavaFX Application Thread] DEBUG Input                - Clearing active input actions
11:16:18.739 [JavaFX Application Thread] DEBUG GameApplicationServi - Removing overlay from GameScene and adding to BluePlayerScene
11:16:18.739 [JavaFX Application Thread] DEBUG PrimaryStageWindow   - GameScene -> BluePlayerScene
11:16:18.739 [JavaFX Application Thread] DEBUG PrimaryStageWindow   - Pop state: BluePlayerScene
11:16:18.739 [JavaFX Application Thread] DEBUG Input                - Clearing active input actions
11:16:18.739 [JavaFX Application Thread] DEBUG GameApplicationServi - Removing overlay from BluePlayerScene and adding to GameScene
11:16:18.739 [JavaFX Application Thread] DEBUG PrimaryStageWindow   - GameScene <- BluePlayerScene
11:16:19.763 [JavaFX Application Thread] DEBUG PrimaryStageWindow   - Push state: DialogSubScene
11:16:19.764 [JavaFX Application Thread] DEBUG Input                - Clearing active input actions
11:16:19.764 [JavaFX Application Thread] DEBUG GameApplicationServi - Removing overlay from GameScene and adding to DialogSubScene
11:16:19.764 [JavaFX Application Thread] DEBUG PrimaryStageWindow   - GameScene -> DialogSubScene
11:16:20.523 [JavaFX Application Thread] DEBUG PrimaryStageWindow   - Pop state: DialogSubScene
11:16:20.523 [JavaFX Application Thread] DEBUG Input                - Clearing active input actions
11:16:20.523 [JavaFX Application Thread] DEBUG GameApplicationServi - Removing overlay from DialogSubScene and adding to GameScene
11:16:20.523 [JavaFX Application Thread] DEBUG PrimaryStageWindow   - GameScene <- DialogSubScene
11:16:20.524 [JavaFX Application Thread] DEBUG PrimaryStageWindow   - Push state: RedPlayerScene
11:16:20.524 [JavaFX Application Thread] DEBUG Input                - Clearing active input actions
11:16:20.524 [JavaFX Application Thread] DEBUG GameApplicationServi - Removing overlay from GameScene and adding to RedPlayerScene
11:16:20.524 [JavaFX Application Thread] DEBUG PrimaryStageWindow   - GameScene -> RedPlayerScene
11:16:20.524 [JavaFX Application Thread] DEBUG PrimaryStageWindow   - Pop state: RedPlayerScene
11:16:20.524 [JavaFX Application Thread] DEBUG Input                - Clearing active input actions
11:16:20.524 [JavaFX Application Thread] DEBUG GameApplicationServi - Removing overlay from RedPlayerScene and adding to GameScene
11:16:20.524 [JavaFX Application Thread] DEBUG PrimaryStageWindow   - GameScene <- RedPlayerScene
11:16:21.540 [JavaFX Application Thread] DEBUG PrimaryStageWindow   - Push state: DialogSubScene
11:16:21.540 [JavaFX Application Thread] DEBUG Input                - Clearing active input actions
11:16:21.540 [JavaFX Application Thread] DEBUG GameApplicationServi - Removing overlay from GameScene and adding to DialogSubScene
11:16:21.540 [JavaFX Application Thread] DEBUG PrimaryStageWindow   - GameScene -> DialogSubScene
11:16:22.152 [JavaFX Application Thread] DEBUG PrimaryStageWindow   - Pop state: DialogSubScene
11:16:22.152 [JavaFX Application Thread] DEBUG Input                - Clearing active input actions
11:16:22.152 [JavaFX Application Thread] DEBUG GameApplicationServi - Removing overlay from DialogSubScene and adding to GameScene
11:16:22.152 [JavaFX Application Thread] DEBUG PrimaryStageWindow   - GameScene <- DialogSubScene
11:16:22.152 [JavaFX Application Thread] DEBUG PrimaryStageWindow   - Push state: BluePlayerScene
11:16:22.153 [JavaFX Application Thread] DEBUG Input                - Clearing active input actions
11:16:22.153 [JavaFX Application Thread] DEBUG GameApplicationServi - Removing overlay from GameScene and adding to BluePlayerScene
11:16:22.153 [JavaFX Application Thread] DEBUG PrimaryStageWindow   - GameScene -> BluePlayerScene
11:16:22.153 [JavaFX Application Thread] DEBUG PrimaryStageWindow   - Pop state: BluePlayerScene
11:16:22.153 [JavaFX Application Thread] DEBUG Input                - Clearing active input actions
11:16:22.153 [JavaFX Application Thread] DEBUG GameApplicationServi - Removing overlay from BluePlayerScene and adding to GameScene
11:16:22.153 [JavaFX Application Thread] DEBUG PrimaryStageWindow   - GameScene <- BluePlayerScene
11:16:25.219 [JavaFX Application Thread] DEBUG PrimaryStageWindow   - Push state: DialogSubScene
11:16:25.219 [JavaFX Application Thread] DEBUG Input                - Clearing active input actions
11:16:25.220 [JavaFX Application Thread] DEBUG GameApplicationServi - Removing overlay from GameScene and adding to DialogSubScene
11:16:25.220 [JavaFX Application Thread] DEBUG PrimaryStageWindow   - GameScene -> DialogSubScene
11:16:25.945 [JavaFX Application Thread] DEBUG PrimaryStageWindow   - Pop state: DialogSubScene
11:16:25.945 [JavaFX Application Thread] DEBUG Input                - Clearing active input actions
11:16:25.945 [JavaFX Application Thread] DEBUG GameApplicationServi - Removing overlay from DialogSubScene and adding to GameScene
11:16:25.946 [JavaFX Application Thread] DEBUG PrimaryStageWindow   - GameScene <- DialogSubScene
11:16:25.946 [JavaFX Application Thread] DEBUG PrimaryStageWindow   - Push state: RedPlayerScene
11:16:25.946 [JavaFX Application Thread] DEBUG Input                - Clearing active input actions
11:16:25.946 [JavaFX Application Thread] DEBUG GameApplicationServi - Removing overlay from GameScene and adding to RedPlayerScene
11:16:25.946 [JavaFX Application Thread] DEBUG PrimaryStageWindow   - GameScene -> RedPlayerScene
11:16:25.946 [JavaFX Application Thread] DEBUG PrimaryStageWindow   - Pop state: RedPlayerScene
11:16:25.946 [JavaFX Application Thread] DEBUG Input                - Clearing active input actions
11:16:25.946 [JavaFX Application Thread] DEBUG GameApplicationServi - Removing overlay from RedPlayerScene and adding to GameScene
11:16:25.946 [JavaFX Application Thread] DEBUG PrimaryStageWindow   - GameScene <- RedPlayerScene
11:16:26.947 [JavaFX Application Thread] DEBUG PrimaryStageWindow   - Push state: DialogSubScene
11:16:26.948 [JavaFX Application Thread] DEBUG Input                - Clearing active input actions
11:16:26.948 [JavaFX Application Thread] DEBUG GameApplicationServi - Removing overlay from GameScene and adding to DialogSubScene
11:16:26.948 [JavaFX Application Thread] DEBUG PrimaryStageWindow   - GameScene -> DialogSubScene
11:16:27.619 [JavaFX Application Thread] DEBUG PrimaryStageWindow   - Pop state: DialogSubScene
11:16:27.619 [JavaFX Application Thread] DEBUG Input                - Clearing active input actions
11:16:27.620 [JavaFX Application Thread] DEBUG GameApplicationServi - Removing overlay from DialogSubScene and adding to GameScene
11:16:27.620 [JavaFX Application Thread] DEBUG PrimaryStageWindow   - GameScene <- DialogSubScene
11:16:27.620 [JavaFX Application Thread] DEBUG PrimaryStageWindow   - Push state: BluePlayerScene
11:16:27.620 [JavaFX Application Thread] DEBUG Input                - Clearing active input actions
11:16:27.620 [JavaFX Application Thread] DEBUG GameApplicationServi - Removing overlay from GameScene and adding to BluePlayerScene
11:16:27.620 [JavaFX Application Thread] DEBUG PrimaryStageWindow   - GameScene -> BluePlayerScene
11:16:27.620 [JavaFX Application Thread] DEBUG PrimaryStageWindow   - Pop state: BluePlayerScene
11:16:27.620 [JavaFX Application Thread] DEBUG Input                - Clearing active input actions
11:16:27.620 [JavaFX Application Thread] DEBUG GameApplicationServi - Removing overlay from BluePlayerScene and adding to GameScene
11:16:27.620 [JavaFX Application Thread] DEBUG PrimaryStageWindow   - GameScene <- BluePlayerScene
11:16:29.651 [JavaFX Application Thread] DEBUG PrimaryStageWindow   - Push state: DialogSubScene
11:16:29.652 [JavaFX Application Thread] DEBUG Input                - Clearing active input actions
11:16:29.652 [JavaFX Application Thread] DEBUG GameApplicationServi - Removing overlay from GameScene and adding to DialogSubScene
11:16:29.652 [JavaFX Application Thread] DEBUG PrimaryStageWindow   - GameScene -> DialogSubScene
11:16:30.381 [JavaFX Application Thread] DEBUG PrimaryStageWindow   - Pop state: DialogSubScene
11:16:30.381 [JavaFX Application Thread] DEBUG Input                - Clearing active input actions
11:16:30.382 [JavaFX Application Thread] DEBUG GameApplicationServi - Removing overlay from DialogSubScene and adding to GameScene
11:16:30.382 [JavaFX Application Thread] DEBUG PrimaryStageWindow   - GameScene <- DialogSubScene
11:16:30.382 [JavaFX Application Thread] DEBUG PrimaryStageWindow   - Push state: RedPlayerScene
11:16:30.382 [JavaFX Application Thread] DEBUG Input                - Clearing active input actions
11:16:30.383 [JavaFX Application Thread] DEBUG GameApplicationServi - Removing overlay from GameScene and adding to RedPlayerScene
11:16:30.383 [JavaFX Application Thread] DEBUG PrimaryStageWindow   - GameScene -> RedPlayerScene
11:16:30.383 [JavaFX Application Thread] DEBUG PrimaryStageWindow   - Pop state: RedPlayerScene
11:16:30.383 [JavaFX Application Thread] DEBUG Input                - Clearing active input actions
11:16:30.383 [JavaFX Application Thread] DEBUG GameApplicationServi - Removing overlay from RedPlayerScene and adding to GameScene
11:16:30.383 [JavaFX Application Thread] DEBUG PrimaryStageWindow   - GameScene <- RedPlayerScene
11:16:31.395 [JavaFX Application Thread] DEBUG PrimaryStageWindow   - Push state: DialogSubScene
11:16:31.395 [JavaFX Application Thread] DEBUG Input                - Clearing active input actions
11:16:31.396 [JavaFX Application Thread] DEBUG GameApplicationServi - Removing overlay from GameScene and adding to DialogSubScene
11:16:31.396 [JavaFX Application Thread] DEBUG PrimaryStageWindow   - GameScene -> DialogSubScene
11:16:32.051 [JavaFX Application Thread] DEBUG PrimaryStageWindow   - Pop state: DialogSubScene
11:16:32.051 [JavaFX Application Thread] DEBUG Input                - Clearing active input actions
11:16:32.051 [JavaFX Application Thread] DEBUG GameApplicationServi - Removing overlay from DialogSubScene and adding to GameScene
11:16:32.051 [JavaFX Application Thread] DEBUG PrimaryStageWindow   - GameScene <- DialogSubScene
11:16:32.051 [JavaFX Application Thread] DEBUG PrimaryStageWindow   - Push state: BluePlayerScene
11:16:32.052 [JavaFX Application Thread] DEBUG Input                - Clearing active input actions
11:16:32.052 [JavaFX Application Thread] DEBUG GameApplicationServi - Removing overlay from GameScene and adding to BluePlayerScene
11:16:32.052 [JavaFX Application Thread] DEBUG PrimaryStageWindow   - GameScene -> BluePlayerScene
11:16:32.052 [JavaFX Application Thread] DEBUG PrimaryStageWindow   - Pop state: BluePlayerScene
11:16:32.052 [JavaFX Application Thread] DEBUG Input                - Clearing active input actions
11:16:32.052 [JavaFX Application Thread] DEBUG GameApplicationServi - Removing overlay from BluePlayerScene and adding to GameScene
11:16:32.052 [JavaFX Application Thread] DEBUG PrimaryStageWindow   - GameScene <- BluePlayerScene
11:16:33.588 [JavaFX Application Thread] DEBUG PrimaryStageWindow   - Push state: DialogSubScene
11:16:33.588 [JavaFX Application Thread] DEBUG Input                - Clearing active input actions
11:16:33.588 [JavaFX Application Thread] DEBUG GameApplicationServi - Removing overlay from GameScene and adding to DialogSubScene
11:16:33.588 [JavaFX Application Thread] DEBUG PrimaryStageWindow   - GameScene -> DialogSubScene
11:16:34.107 [JavaFX Application Thread] DEBUG PrimaryStageWindow   - Pop state: DialogSubScene
11:16:34.107 [JavaFX Application Thread] DEBUG Input                - Clearing active input actions
11:16:34.107 [JavaFX Application Thread] DEBUG GameApplicationServi - Removing overlay from DialogSubScene and adding to GameScene
11:16:34.108 [JavaFX Application Thread] DEBUG PrimaryStageWindow   - GameScene <- DialogSubScene
11:16:34.108 [JavaFX Application Thread] DEBUG PrimaryStageWindow   - Push state: RedPlayerScene
11:16:34.108 [JavaFX Application Thread] DEBUG Input                - Clearing active input actions
11:16:34.108 [JavaFX Application Thread] DEBUG GameApplicationServi - Removing overlay from GameScene and adding to RedPlayerScene
11:16:34.108 [JavaFX Application Thread] DEBUG PrimaryStageWindow   - GameScene -> RedPlayerScene
11:16:34.108 [JavaFX Application Thread] DEBUG PrimaryStageWindow   - Pop state: RedPlayerScene
11:16:34.108 [JavaFX Application Thread] DEBUG Input                - Clearing active input actions
11:16:34.108 [JavaFX Application Thread] DEBUG GameApplicationServi - Removing overlay from RedPlayerScene and adding to GameScene
11:16:34.108 [JavaFX Application Thread] DEBUG PrimaryStageWindow   - GameScene <- RedPlayerScene
11:16:35.651 [JavaFX Application Thread] DEBUG PrimaryStageWindow   - Push state: DialogSubScene
11:16:35.651 [JavaFX Application Thread] DEBUG Input                - Clearing active input actions
11:16:35.652 [JavaFX Application Thread] DEBUG GameApplicationServi - Removing overlay from GameScene and adding to DialogSubScene
11:16:35.652 [JavaFX Application Thread] DEBUG PrimaryStageWindow   - GameScene -> DialogSubScene
11:16:36.462 [JavaFX Application Thread] DEBUG PrimaryStageWindow   - Pop state: DialogSubScene
11:16:36.462 [JavaFX Application Thread] DEBUG Input                - Clearing active input actions
11:16:36.462 [JavaFX Application Thread] DEBUG GameApplicationServi - Removing overlay from DialogSubScene and adding to GameScene
11:16:36.462 [JavaFX Application Thread] DEBUG PrimaryStageWindow   - GameScene <- DialogSubScene
11:16:36.462 [JavaFX Application Thread] DEBUG PrimaryStageWindow   - Push state: BluePlayerScene
11:16:36.463 [JavaFX Application Thread] DEBUG Input                - Clearing active input actions
11:16:36.463 [JavaFX Application Thread] DEBUG GameApplicationServi - Removing overlay from GameScene and adding to BluePlayerScene
11:16:36.463 [JavaFX Application Thread] DEBUG PrimaryStageWindow   - GameScene -> BluePlayerScene
11:16:36.463 [JavaFX Application Thread] DEBUG PrimaryStageWindow   - Pop state: BluePlayerScene
11:16:36.463 [JavaFX Application Thread] DEBUG Input                - Clearing active input actions
11:16:36.463 [JavaFX Application Thread] DEBUG GameApplicationServi - Removing overlay from BluePlayerScene and adding to GameScene
11:16:36.463 [JavaFX Application Thread] DEBUG PrimaryStageWindow   - GameScene <- BluePlayerScene
11:16:38.960 [JavaFX Application Thread] DEBUG PrimaryStageWindow   - Push state: DialogSubScene
11:16:38.960 [JavaFX Application Thread] DEBUG Input                - Clearing active input actions
11:16:38.960 [JavaFX Application Thread] DEBUG GameApplicationServi - Removing overlay from GameScene and adding to DialogSubScene
11:16:38.960 [JavaFX Application Thread] DEBUG PrimaryStageWindow   - GameScene -> DialogSubScene
11:16:40.577 [JavaFX Application Thread] DEBUG PrimaryStageWindow   - Pop state: DialogSubScene
11:16:40.577 [JavaFX Application Thread] DEBUG Input                - Clearing active input actions
11:16:40.577 [JavaFX Application Thread] DEBUG GameApplicationServi - Removing overlay from DialogSubScene and adding to GameScene
11:16:40.577 [JavaFX Application Thread] DEBUG PrimaryStageWindow   - GameScene <- DialogSubScene
11:16:41.117 [JavaFX Application Thread] DEBUG PrimaryStageWindow   - Push state: SimpleGameMenu
11:16:41.117 [JavaFX Application Thread] DEBUG Input                - Clearing active input actions
11:16:41.117 [JavaFX Application Thread] DEBUG GameApplicationServi - Removing overlay from GameScene and adding to SimpleGameMenu
11:16:41.117 [JavaFX Application Thread] DEBUG PrimaryStageWindow   - GameScene -> SimpleGameMenu
11:16:41.924 [JavaFX Application Thread] DEBUG Menu                 - fireExitToMainMenu()
11:16:41.925 [JavaFX Application Thread] DEBUG PrimaryStageWindow   - Push state: DialogSubScene
11:16:41.925 [JavaFX Application Thread] DEBUG Input                - Clearing active input actions
11:16:41.925 [JavaFX Application Thread] DEBUG GameApplicationServi - Removing overlay from SimpleGameMenu and adding to DialogSubScene
11:16:41.925 [JavaFX Application Thread] DEBUG PrimaryStageWindow   - SimpleGameMenu -> DialogSubScene
11:16:42.425 [JavaFX Application Thread] DEBUG PrimaryStageWindow   - Pop state: DialogSubScene
11:16:42.425 [JavaFX Application Thread] DEBUG Input                - Clearing active input actions
11:16:42.425 [JavaFX Application Thread] DEBUG GameApplicationServi - Removing overlay from DialogSubScene and adding to SimpleGameMenu
11:16:42.425 [JavaFX Application Thread] DEBUG PrimaryStageWindow   - SimpleGameMenu <- DialogSubScene
11:16:42.425 [JavaFX Application Thread] DEBUG PrimaryStageWindow   - Pop state: SimpleGameMenu
11:16:42.425 [JavaFX Application Thread] DEBUG Input                - Clearing active input actions
11:16:42.425 [JavaFX Application Thread] DEBUG GameApplicationServi - Removing overlay from SimpleGameMenu and adding to GameScene
11:16:42.425 [JavaFX Application Thread] DEBUG PrimaryStageWindow   - GameScene <- SimpleGameMenu
11:16:42.426 [JavaFX Application Thread] DEBUG Input                - Clearing active input actions
11:16:42.429 [JavaFX Application Thread] DEBUG GameApplicationServi - Removing overlay from GameScene and adding to FXGLMainMenuDummyScene
11:16:42.429 [JavaFX Application Thread] DEBUG PrimaryStageWindow   - GameScene -> FXGLMainMenuDummyScene
11:16:42.429 [JavaFX Application Thread] DEBUG PrimaryStageWindow   - Push state: BattleShipMainMenu
11:16:42.429 [JavaFX Application Thread] DEBUG Input                - Clearing active input actions
11:16:42.430 [JavaFX Application Thread] DEBUG GameApplicationServi - Removing overlay from FXGLMainMenuDummyScene and adding to BattleShipMainMenu
11:16:42.430 [JavaFX Application Thread] DEBUG PrimaryStageWindow   - FXGLMainMenuDummyScene -> BattleShipMainMenu
11:16:43.233 [JavaFX Application Thread] DEBUG Menu                 - fireExit()
11:16:43.234 [JavaFX Application Thread] DEBUG PrimaryStageWindow   - Push state: DialogSubScene
11:16:43.234 [JavaFX Application Thread] DEBUG Input                - Clearing active input actions
11:16:43.234 [JavaFX Application Thread] DEBUG GameApplicationServi - Removing overlay from BattleShipMainMenu and adding to DialogSubScene
11:16:43.234 [JavaFX Application Thread] DEBUG PrimaryStageWindow   - BattleShipMainMenu -> DialogSubScene
11:16:43.818 [JavaFX Application Thread] DEBUG PrimaryStageWindow   - Pop state: DialogSubScene
11:16:43.818 [JavaFX Application Thread] DEBUG Input                - Clearing active input actions
11:16:43.818 [JavaFX Application Thread] DEBUG GameApplicationServi - Removing overlay from DialogSubScene and adding to BattleShipMainMenu
11:16:43.818 [JavaFX Application Thread] DEBUG PrimaryStageWindow   - BattleShipMainMenu <- DialogSubScene
11:16:43.818 [JavaFX Application Thread] DEBUG FXGLApplication      - Exiting FXGL
11:16:43.818 [JavaFX Application Thread] DEBUG LoopRunner           - Stopping loop
11:16:43.818 [JavaFX Application Thread] DEBUG SystemBundleService  - Saving FXGL system data
11:16:43.820 [JavaFX Application Thread] DEBUG FileSystemAccess     - Writing to: D:\battleShip\battleShip_FXGL\system\fxgl.bundle
11:16:43.821 [JavaFX Application Thread] DEBUG Async                - Shutting down background threads
11:16:43.821 [JavaFX Application Thread] DEBUG PrimaryStageWindow   - Closing main window
11:16:43.841 [JavaFX Application Thread] DEBUG Logger               - Closing Logger
