16:13:54.574 [main                     ] DEBUG Logger               - Configured Logger
16:13:54.600 [main                     ] DEBUG GameApplication      - Logging settings
Title: BattleShip_FXGL
Version: 0.1
Width: 1920
Height: 1080
Fullscreen: true
Intro: false
Profiling: false
Single step:false
App Mode: DEVELOPER
Menu Key: ESCAPE
Stage Style: DECORATED
Scene Factory: class fi.utu.tech.gui.javafx.BattleShipApp$1

16:13:54.945 [JavaFX Application Thread] DEBUG FXGLApplication      - Initializing FXGL
16:13:54.946 [JavaFX Application Thread] INFO  Engine               - FXGL-11.14 (01.03.2021 16.59) on WINDOWS (J:11.0.10 FX:15)
16:13:54.947 [JavaFX Application Thread] DEBUG Engine               - JRE Vendor Name: Amazon.com Inc.
16:13:54.947 [JavaFX Application Thread] DEBUG Engine               - Running on OS: Windows 10 version 10.0
16:13:54.947 [JavaFX Application Thread] DEBUG Engine               - Architecture: amd64
16:13:54.947 [JavaFX Application Thread] INFO  Engine               - Source code and latest versions at: https://github.com/AlmasB/FXGL
16:13:54.947 [JavaFX Application Thread] INFO  Engine               -              Join the FXGL chat at: https://gitter.im/AlmasB/FXGL
16:13:55.029 [JavaFX Application Thread] DEBUG PrimaryStageWindow   - Creating a JavaFX scene
16:13:55.079 [JavaFX Application Thread] DEBUG PrimaryStageWindow   - Target settings size: 1920.0 x 1080.0
16:13:55.079 [JavaFX Application Thread] DEBUG PrimaryStageWindow   - Scaled scene size:    1920.0 x 1080.0
16:13:55.080 [JavaFX Application Thread] DEBUG PrimaryStageWindow   - Scaled ratio: (1.0, 1.0)
16:13:55.080 [JavaFX Application Thread] DEBUG PrimaryStageWindow   - Set initial scene to FXGLStartupScene
16:13:55.085 [JavaFX Application Thread] DEBUG PrimaryStageWindow   - Opening main window
16:13:55.167 [JavaFX Application Thread] DEBUG PrimaryStageWindow   - Window border size: (16.0, 39.0)
16:13:55.168 [JavaFX Application Thread] DEBUG PrimaryStageWindow   - Scaled size: 1920.0 x 1080.0
16:13:55.168 [JavaFX Application Thread] DEBUG PrimaryStageWindow   - Scaled ratio: (1.0, 1.0)
16:13:55.168 [JavaFX Application Thread] DEBUG PrimaryStageWindow   - Scene size: 1920.0 x 1080.0
16:13:55.168 [JavaFX Application Thread] DEBUG PrimaryStageWindow   - Stage size: 1936.0 x 1119.0
16:13:55.225 [JavaFX Application Thread] DEBUG PrimaryStageWindow   - Going fullscreen
16:13:55.247 [FXGL Background Thread 1 ] DEBUG Engine               - Initializing environment variables
16:13:55.283 [FXGL Background Thread 1 ] DEBUG FXGLAssetLoaderServi - User app class for loading assets: class fi.utu.tech.gui.javafx.BattleShipApp
16:13:55.284 [FXGL Background Thread 1 ] DEBUG GameApplicationServi - Applying CSS: fxgl_dark.css
16:13:55.284 [FXGL Background Thread 1 ] DEBUG FXGLAssetLoaderServi - Loading from file system: jar:file:///C:/Users/box69/.m2/repository/com/github/almasb/fxgl/11.14/fxgl-11.14.jar!/fxglassets/ui/css/fxgl_dark.css
16:13:55.331 [FXGL Background Thread 1 ] DEBUG GameApplicationServi - Initializing application scenes
16:13:55.401 [FXGL Background Thread 1 ] DEBUG GameWorld            - Game world initialized
16:13:55.454 [FXGL Background Thread 1 ] DEBUG PhysicsWorld         - Physics world initialized: appHeight=1080, physics.ppm=50.0
16:13:55.454 [FXGL Background Thread 1 ] DEBUG PhysicsWorld         - Using strategy: BRUTE_FORCE
16:13:55.456 [FXGL Background Thread 1 ] DEBUG GameScene            - Game scene initialized: 1920x1080
16:13:55.462 [FXGL Background Thread 1 ] DEBUG FXGLAssetLoaderServi - Loading from file system: file:/D:/battleShip/battleShip_FXGL/target/classes/assets/textures/Nebula_Red.png
16:13:55.672 [FXGL Background Thread 1 ] DEBUG FXGLAssetLoaderServi - Loading from file system: jar:file:///C:/Users/box69/.m2/repository/com/github/almasb/fxgl/11.14/fxgl-11.14.jar!/fxglassets/textures/pause_menu_bg.png
16:13:55.698 [FXGL Background Thread 1 ] DEBUG GameApplicationServi - Application scenes initialized
16:13:55.709 [FXGL Background Thread 1 ] DEBUG SystemBundleService  - Loading FXGL system data
16:13:55.713 [FXGL Background Thread 1 ] DEBUG FileSystemAccess     - Reading from: D:\battleShip\battleShip_FXGL\system\fxgl.bundle
16:13:55.717 [FXGL Background Thread 1 ] DEBUG SystemBundleService  - Bundle FXGL: {}
16:13:55.718 [FXGL Background Thread 1 ] DEBUG UpdaterService       - Checking for updates
16:13:55.722 [FXGL Background Thread 4 ] DEBUG FXGLApplication      - Loading fonts
16:13:55.722 [FXGL Background Thread 1 ] DEBUG FXGLApplication      - Loading default localization
16:13:55.722 [FXGL Background Thread 4 ] DEBUG FXGLAssetLoaderServi - Loading from file system: jar:file:///C:/Users/box69/.m2/repository/com/github/almasb/fxgl/11.14/fxgl-11.14.jar!/fxglassets/ui/fonts/VarelaRound-Regular.ttf
16:13:55.723 [FXGL Background Thread 1 ] DEBUG FXGLAssetLoaderServi - Loading from file system: jar:file:///C:/Users/box69/.m2/repository/com/github/almasb/fxgl/11.14/fxgl-11.14.jar!/fxglassets/languages/english.lang
16:13:55.736 [FXGL Background Thread 1 ] INFO  FXGLApplication      - FXGL initialization took: 0.489 sec
16:13:55.750 [JavaFX Application Thread] DEBUG Input                - Registered new binding: Change Scene - Space
16:13:55.751 [JavaFX Application Thread] DEBUG Input                - Registered new binding: action0 - R
16:13:55.752 [JavaFX Application Thread] DEBUG Input                - Registered new binding: Deploy - RMB
16:13:55.752 [JavaFX Application Thread] DEBUG Input                - Registered new binding: Attack - LMB
16:13:55.752 [JavaFX Application Thread] DEBUG Input                - Registered new binding: action1 - Enter
16:13:55.753 [JavaFX Application Thread] DEBUG FXGLAssetLoaderServi - Loading from file system: file:/D:/battleShip/battleShip_FXGL/target/classes/assets/music/CrashedShip.mp3
16:13:55.932 [JavaFX Application Thread] DEBUG AudioPlayer          - Playing music com.almasb.fxgl.audio.Music@4383e364
16:13:55.933 [JavaFX Application Thread] DEBUG FXGLAssetLoaderServi - Loading from file system: jar:file:///C:/Users/box69/.m2/repository/com/github/almasb/fxgl/11.14/fxgl-11.14.jar!/fxglassets/textures/fxgl_icon.png
16:13:55.952 [JavaFX Application Thread] DEBUG FXGLAssetLoaderServi - Loading from file system: jar:file:///C:/Users/box69/.m2/repository/com/github/almasb/fxgl/11.14/fxgl-11.14.jar!/fxglassets/ui/cursors/fxgl_default.png
16:13:55.954 [JavaFX Application Thread] DEBUG Input                - Registered new binding: Screenshot - P
16:13:55.955 [JavaFX Application Thread] DEBUG Input                - Registered new binding: System info dump - CTRL+9
16:13:55.955 [JavaFX Application Thread] DEBUG Input                - Registered new binding: Restart - CTRL+R
16:13:55.955 [JavaFX Application Thread] DEBUG Input                - Registered new binding: Toggle Debug Camera - CTRL+C
16:13:55.957 [JavaFX Application Thread] DEBUG LoopRunner           - Starting loop
16:13:55.957 [JavaFX Application Thread] DEBUG LoopRunner           - Initializing JavaFX AnimationTimerLoop
16:13:55.959 [JavaFX Application Thread] DEBUG Input                - Clearing active input actions
16:13:55.968 [JavaFX Application Thread] DEBUG GameApplicationServi - Removing overlay from FXGLStartupScene and adding to FXGLMainMenuDummyScene
16:13:55.969 [JavaFX Application Thread] DEBUG PrimaryStageWindow   - FXGLStartupScene -> FXGLMainMenuDummyScene
16:13:55.969 [JavaFX Application Thread] DEBUG PrimaryStageWindow   - Push state: BattleShipMainMenu
16:13:55.969 [JavaFX Application Thread] DEBUG Input                - Clearing active input actions
16:13:55.972 [JavaFX Application Thread] DEBUG GameApplicationServi - Removing overlay from FXGLMainMenuDummyScene and adding to BattleShipMainMenu
16:13:55.973 [JavaFX Application Thread] DEBUG PrimaryStageWindow   - FXGLMainMenuDummyScene -> BattleShipMainMenu
16:13:56.222 [FXGL Background Thread 4 ] DEBUG FXGLAssetLoaderServi - Loading from file system: jar:file:///C:/Users/box69/.m2/repository/com/github/almasb/fxgl/11.14/fxgl-11.14.jar!/fxglassets/ui/fonts/Abel-Regular.ttf
16:13:56.225 [FXGL Background Thread 4 ] DEBUG FXGLAssetLoaderServi - Loading from file system: jar:file:///C:/Users/box69/.m2/repository/com/github/almasb/fxgl/11.14/fxgl-11.14.jar!/fxglassets/ui/fonts/lucida_console.ttf
16:13:56.229 [FXGL Background Thread 4 ] DEBUG FXGLAssetLoaderServi - Loading from file system: jar:file:///C:/Users/box69/.m2/repository/com/github/almasb/fxgl/11.14/fxgl-11.14.jar!/fxglassets/ui/fonts/Courier-Prime.ttf
16:13:56.232 [JavaFX Application Thread] DEBUG FXGLApplication      - Registering font factories with UI factory
16:13:56.999 [JavaFX Application Thread] DEBUG PrimaryStageWindow   - Push state: DialogSubScene
16:13:56.999 [JavaFX Application Thread] DEBUG Input                - Clearing active input actions
16:13:57.003 [JavaFX Application Thread] DEBUG GameApplicationServi - Removing overlay from BattleShipMainMenu and adding to DialogSubScene
16:13:57.003 [JavaFX Application Thread] DEBUG PrimaryStageWindow   - BattleShipMainMenu -> DialogSubScene
16:13:58.721 [FXGL Background Thread 3 ] DEBUG Engine               - Logging environment variables
16:13:58.721 [FXGL Background Thread 3 ] DEBUG Engine               - achievements: []
16:13:58.721 [FXGL Background Thread 3 ] DEBUG Engine               - actualHeight: 1080.0
16:13:58.721 [FXGL Background Thread 3 ] DEBUG Engine               - actualHeightProperty: ReadOnlyDoubleProperty [value: 1080.0]
16:13:58.721 [FXGL Background Thread 3 ] DEBUG Engine               - actualWidth: 1920.0
16:13:58.721 [FXGL Background Thread 3 ] DEBUG Engine               - actualWidthProperty: ReadOnlyDoubleProperty [value: 1920.0]
16:13:58.722 [FXGL Background Thread 3 ] DEBUG Engine               - appIcon: fxgl_icon.png
16:13:58.722 [FXGL Background Thread 3 ] DEBUG Engine               - applicationMode: DEVELOPER
16:13:58.722 [FXGL Background Thread 3 ] DEBUG Engine               - cSSList: [fxgl_dark.css]
16:13:58.722 [FXGL Background Thread 3 ] DEBUG Engine               - collisionDetectionStrategy: BRUTE_FORCE
16:13:58.722 [FXGL Background Thread 3 ] DEBUG Engine               - configClass: Optional.empty
16:13:58.722 [FXGL Background Thread 3 ] DEBUG Engine               - credits: []
16:13:58.722 [FXGL Background Thread 3 ] DEBUG Engine               - devBBoxColorProperty: ObjectProperty [value: 0xff0000ff]
16:13:58.722 [FXGL Background Thread 3 ] DEBUG Engine               - devEnableDebugCameraProperty: BooleanProperty [value: false]
16:13:58.722 [FXGL Background Thread 3 ] DEBUG Engine               - devSensorColorProperty: ObjectProperty [value: 0xffff00ff]
16:13:58.722 [FXGL Background Thread 3 ] DEBUG Engine               - devShowBBoxProperty: BooleanProperty [value: false]
16:13:58.722 [FXGL Background Thread 3 ] DEBUG Engine               - devShowPositionProperty: BooleanProperty [value: false]
16:13:58.723 [FXGL Background Thread 3 ] DEBUG Engine               - enabledMenuItems: []
16:13:58.723 [FXGL Background Thread 3 ] DEBUG Engine               - engineServices: [class com.almasb.fxgl.app.services.FXGLAssetLoaderService, class com.almasb.fxgl.app.FXGLApplication$GameApplicationService, class com.almasb.fxgl.app.services.FXGLDialogService, class com.almasb.fxgl.app.services.IOTaskExecutorService, class com.almasb.fxgl.event.EventBusService, class com.almasb.fxgl.io.FileSystemService, class com.almasb.fxgl.localization.LocalizationService, class com.almasb.fxgl.app.services.SystemBundleService, class com.almasb.fxgl.profile.SaveLoadService, class com.almasb.fxgl.ui.FXGLUIFactoryServiceProvider, class com.almasb.fxgl.ui.FXGLDialogFactoryServiceProvider, class com.almasb.fxgl.audio.AudioPlayer, class com.almasb.fxgl.notification.impl.NotificationServiceProvider, class com.almasb.fxgl.achievement.AchievementService, class com.almasb.fxgl.cutscene.CutsceneService, class com.almasb.fxgl.minigames.MiniGameService, class com.almasb.fxgl.net.NetService, class com.almasb.fxgl.app.services.UpdaterService, class com.almasb.fxgl.dev.DevService]
16:13:58.723 [FXGL Background Thread 3 ] DEBUG Engine               - fontGame: Abel-Regular.ttf
16:13:58.723 [FXGL Background Thread 3 ] DEBUG Engine               - fontMono: lucida_console.ttf
16:13:58.723 [FXGL Background Thread 3 ] DEBUG Engine               - fontText: Courier-Prime.ttf
16:13:58.723 [FXGL Background Thread 3 ] DEBUG Engine               - fontUI: VarelaRound-Regular.ttf
16:13:58.723 [FXGL Background Thread 3 ] DEBUG Engine               - fullScreen: BooleanProperty [value: true]
16:13:58.723 [FXGL Background Thread 3 ] DEBUG Engine               - gameDifficulty: MEDIUM
16:13:58.723 [FXGL Background Thread 3 ] DEBUG Engine               - gameDifficultyProperty: ObjectProperty [value: MEDIUM]
16:13:58.723 [FXGL Background Thread 3 ] DEBUG Engine               - globalMusicVolume: 0.5
16:13:58.723 [FXGL Background Thread 3 ] DEBUG Engine               - globalMusicVolumeProperty: DoubleProperty [value: 0.2]
16:13:58.723 [FXGL Background Thread 3 ] DEBUG Engine               - globalSoundVolume: 0.5
16:13:58.723 [FXGL Background Thread 3 ] DEBUG Engine               - globalSoundVolumeProperty: DoubleProperty [value: 0.5]
16:13:58.723 [FXGL Background Thread 3 ] DEBUG Engine               - height: 1080
16:13:58.723 [FXGL Background Thread 3 ] DEBUG Engine               - isAndroid: false
16:13:58.723 [FXGL Background Thread 3 ] DEBUG Engine               - isBrowser: false
16:13:58.724 [FXGL Background Thread 3 ] DEBUG Engine               - isClickFeedbackEnabled: false
16:13:58.724 [FXGL Background Thread 3 ] DEBUG Engine               - isCloseConfirmation: false
16:13:58.724 [FXGL Background Thread 3 ] DEBUG Engine               - isDesktop: true
16:13:58.724 [FXGL Background Thread 3 ] DEBUG Engine               - isDeveloperMenuEnabled: false
16:13:58.724 [FXGL Background Thread 3 ] DEBUG Engine               - isEntityPreloadEnabled: true
16:13:58.724 [FXGL Background Thread 3 ] DEBUG Engine               - isExperimental3D: false
16:13:58.724 [FXGL Background Thread 3 ] DEBUG Engine               - isExperimentalNative: false
16:13:58.724 [FXGL Background Thread 3 ] DEBUG Engine               - isExperimentalTiledLargeMap: false
16:13:58.724 [FXGL Background Thread 3 ] DEBUG Engine               - isFileSystemWriteAllowed: true
16:13:58.724 [FXGL Background Thread 3 ] DEBUG Engine               - isFullScreenAllowed: true
16:13:58.724 [FXGL Background Thread 3 ] DEBUG Engine               - isFullScreenFromStart: true
16:13:58.724 [FXGL Background Thread 3 ] DEBUG Engine               - isGameMenuEnabled: true
16:13:58.724 [FXGL Background Thread 3 ] DEBUG Engine               - isIOS: false
16:13:58.724 [FXGL Background Thread 3 ] DEBUG Engine               - isIntroEnabled: false
16:13:58.724 [FXGL Background Thread 3 ] DEBUG Engine               - isLinux: false
16:13:58.724 [FXGL Background Thread 3 ] DEBUG Engine               - isMac: false
16:13:58.724 [FXGL Background Thread 3 ] DEBUG Engine               - isMainMenuEnabled: true
16:13:58.724 [FXGL Background Thread 3 ] DEBUG Engine               - isManualResizeEnabled: false
16:13:58.724 [FXGL Background Thread 3 ] DEBUG Engine               - isMobile: false
16:13:58.725 [FXGL Background Thread 3 ] DEBUG Engine               - isPreserveResizeRatio: false
16:13:58.725 [FXGL Background Thread 3 ] DEBUG Engine               - isProfilingEnabled: false
16:13:58.725 [FXGL Background Thread 3 ] DEBUG Engine               - isScaleAffectedOnResize: true
16:13:58.725 [FXGL Background Thread 3 ] DEBUG Engine               - isSingleStep: false
16:13:58.725 [FXGL Background Thread 3 ] DEBUG Engine               - isUserProfileEnabled: false
16:13:58.725 [FXGL Background Thread 3 ] DEBUG Engine               - isWindows: true
16:13:58.725 [FXGL Background Thread 3 ] DEBUG Engine               - language: ObjectProperty [value: ENGLISH]
16:13:58.725 [FXGL Background Thread 3 ] DEBUG Engine               - menuKey: ESCAPE
16:13:58.725 [FXGL Background Thread 3 ] DEBUG Engine               - notificationViewClass: class com.almasb.fxgl.notification.view.XboxNotificationView
16:13:58.725 [FXGL Background Thread 3 ] DEBUG Engine               - pixelsPerMeter: 50.0
16:13:58.725 [FXGL Background Thread 3 ] DEBUG Engine               - platform: WINDOWS
16:13:58.725 [FXGL Background Thread 3 ] DEBUG Engine               - prefHeightProperty: ReadOnlyDoubleProperty [value: 1080.0]
16:13:58.725 [FXGL Background Thread 3 ] DEBUG Engine               - prefWidthProperty: ReadOnlyDoubleProperty [value: 1920.0]
16:13:58.725 [FXGL Background Thread 3 ] DEBUG Engine               - profileDir: profiles/
16:13:58.725 [FXGL Background Thread 3 ] DEBUG Engine               - profileName: StringProperty [value: DEFAULT]
16:13:58.725 [FXGL Background Thread 3 ] DEBUG Engine               - randomSeed: -1
16:13:58.725 [FXGL Background Thread 3 ] DEBUG Engine               - runtimeInfo: RuntimeInfo(platform=WINDOWS, version=11.14, build=01.03.2021 16.59)
16:13:58.726 [FXGL Background Thread 3 ] DEBUG Engine               - saveFileExt: sav
16:13:58.726 [FXGL Background Thread 3 ] DEBUG Engine               - scaledHeightProp$fxgl: DoubleProperty [bound, value: 1080.0]
16:13:58.726 [FXGL Background Thread 3 ] DEBUG Engine               - scaledWidthProp$fxgl: DoubleProperty [bound, value: 1920.0]
16:13:58.726 [FXGL Background Thread 3 ] DEBUG Engine               - sceneFactory: fi.utu.tech.gui.javafx.BattleShipApp$1@7b04ffc2
16:13:58.726 [FXGL Background Thread 3 ] DEBUG Engine               - secondsIn24h: 60
16:13:58.726 [FXGL Background Thread 3 ] DEBUG Engine               - soundMenuBack: menu/back.wav
16:13:58.726 [FXGL Background Thread 3 ] DEBUG Engine               - soundMenuPress: menu/press.wav
16:13:58.726 [FXGL Background Thread 3 ] DEBUG Engine               - soundMenuSelect: menu/select.wav
16:13:58.726 [FXGL Background Thread 3 ] DEBUG Engine               - soundNotification: core/notification.wav
16:13:58.726 [FXGL Background Thread 3 ] DEBUG Engine               - stageStyle: DECORATED
16:13:58.726 [FXGL Background Thread 3 ] DEBUG Engine               - supportedLanguages: [ENGLISH, FRENCH, GERMAN, HUNGARIAN, RUSSIAN]
16:13:58.726 [FXGL Background Thread 3 ] DEBUG Engine               - ticksPerSecond: -1
16:13:58.726 [FXGL Background Thread 3 ] DEBUG Engine               - title: BattleShip_FXGL
16:13:58.726 [FXGL Background Thread 3 ] DEBUG Engine               - urlGithub: https://github.com/AlmasB/FXGL
16:13:58.726 [FXGL Background Thread 3 ] DEBUG Engine               - urlLeaderboard: http://fxgl-top.herokuapp.com/
16:13:58.726 [FXGL Background Thread 3 ] DEBUG Engine               - urlPOM: https://raw.githubusercontent.com/AlmasB/FXGL/release/README.md
16:13:58.726 [FXGL Background Thread 3 ] DEBUG Engine               - userAppClass: class fi.utu.tech.gui.javafx.BattleShipApp
16:13:58.726 [FXGL Background Thread 3 ] DEBUG Engine               - version: 0.1
16:13:58.726 [FXGL Background Thread 3 ] DEBUG Engine               - versionCheckDays: 7
16:13:58.726 [FXGL Background Thread 3 ] DEBUG Engine               - width: 1920
16:13:58.726 [FXGL Background Thread 3 ] DEBUG Engine               - Logging services
16:13:58.727 [FXGL Background Thread 3 ] DEBUG Engine               - class com.almasb.fxgl.app.services.FXGLAssetLoaderService
16:13:58.727 [FXGL Background Thread 3 ] DEBUG Engine               - class com.almasb.fxgl.app.FXGLApplication$GameApplicationService
16:13:58.727 [FXGL Background Thread 3 ] DEBUG Engine               - class com.almasb.fxgl.app.services.FXGLDialogService
16:13:58.727 [FXGL Background Thread 3 ] DEBUG Engine               - class com.almasb.fxgl.app.services.IOTaskExecutorService
16:13:58.727 [FXGL Background Thread 3 ] DEBUG Engine               - class com.almasb.fxgl.event.EventBusService
16:13:58.727 [FXGL Background Thread 3 ] DEBUG Engine               - class com.almasb.fxgl.io.FileSystemService
16:13:58.727 [FXGL Background Thread 3 ] DEBUG Engine               - class com.almasb.fxgl.localization.LocalizationService
16:13:58.727 [FXGL Background Thread 3 ] DEBUG Engine               - class com.almasb.fxgl.app.services.SystemBundleService
16:13:58.727 [FXGL Background Thread 3 ] DEBUG Engine               - class com.almasb.fxgl.profile.SaveLoadService
16:13:58.727 [FXGL Background Thread 3 ] DEBUG Engine               - class com.almasb.fxgl.ui.FXGLUIFactoryServiceProvider
16:13:58.727 [FXGL Background Thread 3 ] DEBUG Engine               - class com.almasb.fxgl.ui.FXGLDialogFactoryServiceProvider
16:13:58.727 [FXGL Background Thread 3 ] DEBUG Engine               - class com.almasb.fxgl.audio.AudioPlayer
16:13:58.727 [FXGL Background Thread 3 ] DEBUG Engine               - class com.almasb.fxgl.notification.impl.NotificationServiceProvider
16:13:58.727 [FXGL Background Thread 3 ] DEBUG Engine               - class com.almasb.fxgl.achievement.AchievementService
16:13:58.727 [FXGL Background Thread 3 ] DEBUG Engine               - class com.almasb.fxgl.cutscene.CutsceneService
16:13:58.727 [FXGL Background Thread 3 ] DEBUG Engine               - class com.almasb.fxgl.minigames.MiniGameService
16:13:58.727 [FXGL Background Thread 3 ] DEBUG Engine               - class com.almasb.fxgl.net.NetService
16:13:58.727 [FXGL Background Thread 3 ] DEBUG Engine               - class com.almasb.fxgl.app.services.UpdaterService
16:13:58.727 [FXGL Background Thread 3 ] DEBUG Engine               - class com.almasb.fxgl.dev.DevService
16:14:03.576 [JavaFX Application Thread] DEBUG PrimaryStageWindow   - Pop state: DialogSubScene
16:14:03.576 [JavaFX Application Thread] DEBUG Input                - Clearing active input actions
16:14:03.577 [JavaFX Application Thread] DEBUG GameApplicationServi - Removing overlay from DialogSubScene and adding to BattleShipMainMenu
16:14:03.577 [JavaFX Application Thread] DEBUG PrimaryStageWindow   - BattleShipMainMenu <- DialogSubScene
16:14:03.956 [JavaFX Application Thread] DEBUG Menu                 - fireNewGame()
16:14:03.956 [JavaFX Application Thread] DEBUG GameApplicationServi - Starting new game
16:14:03.956 [JavaFX Application Thread] DEBUG PrimaryStageWindow   - Pop state: BattleShipMainMenu
16:14:03.956 [JavaFX Application Thread] DEBUG Input                - Clearing active input actions
16:14:03.956 [JavaFX Application Thread] DEBUG GameApplicationServi - Removing overlay from BattleShipMainMenu and adding to FXGLMainMenuDummyScene
16:14:03.957 [JavaFX Application Thread] DEBUG PrimaryStageWindow   - FXGLMainMenuDummyScene <- BattleShipMainMenu
16:14:03.957 [JavaFX Application Thread] DEBUG Input                - Clearing active input actions
16:14:03.961 [JavaFX Application Thread] DEBUG GameApplicationServi - Removing overlay from FXGLMainMenuDummyScene and adding to FXGLLoadingScene
16:14:03.961 [JavaFX Application Thread] DEBUG PrimaryStageWindow   - FXGLMainMenuDummyScene -> FXGLLoadingScene
16:14:03.961 [JavaFX Application Thread] DEBUG GameApplicationServi - Clearing previous game
16:14:03.961 [JavaFX Application Thread] DEBUG GameScene            - Clearing game scene
16:14:03.961 [JavaFX Application Thread] DEBUG GameWorld            - Clearing game world
16:14:03.962 [JavaFX Application Thread] DEBUG PhysicsWorld         - Clearing physics world
16:14:03.962 [FXGL Background Thread 2 ] DEBUG FXGLApplication      - Initializing game
16:14:03.967 [FXGL Background Thread 2 ] DEBUG FXGLAssetLoaderServi - Loading from file system: file:/D:/battleShip/battleShip_FXGL/target/classes/assets/textures/bg2.jpg
16:14:04.005 [FXGL Background Thread 2 ] DEBUG FXGLAssetLoaderServi - Loading from file system: file:/D:/battleShip/battleShip_FXGL/target/classes/assets/textures/ShipContainer.png
16:14:04.009 [FXGL Background Thread 2 ] DEBUG FXGLAssetLoaderServi - Loading from file system: file:/D:/battleShip/battleShip_FXGL/target/classes/assets/textures/ships/ship_b_5_h.png
16:14:04.022 [FXGL Background Thread 2 ] DEBUG FXGLAssetLoaderServi - Loading from file system: file:/D:/battleShip/battleShip_FXGL/target/classes/assets/textures/ships/ship_r_5_h.png
16:14:04.025 [FXGL Background Thread 2 ] DEBUG FXGLAssetLoaderServi - Loading from file system: file:/D:/battleShip/battleShip_FXGL/target/classes/assets/textures/ships/ship_b_4_h.png
16:14:04.029 [FXGL Background Thread 2 ] DEBUG FXGLAssetLoaderServi - Loading from file system: file:/D:/battleShip/battleShip_FXGL/target/classes/assets/textures/ships/ship_r_4_h.png
16:14:04.031 [FXGL Background Thread 2 ] DEBUG FXGLAssetLoaderServi - Loading from file system: file:/D:/battleShip/battleShip_FXGL/target/classes/assets/textures/ships/ship_b_3_2_h.png
16:14:04.035 [FXGL Background Thread 2 ] DEBUG FXGLAssetLoaderServi - Loading from file system: file:/D:/battleShip/battleShip_FXGL/target/classes/assets/textures/ships/ship_r_3_2_h.png
16:14:04.038 [FXGL Background Thread 2 ] DEBUG FXGLAssetLoaderServi - Loading from file system: file:/D:/battleShip/battleShip_FXGL/target/classes/assets/textures/ships/ship_b_3_1_h.png
16:14:04.041 [FXGL Background Thread 2 ] DEBUG FXGLAssetLoaderServi - Loading from file system: file:/D:/battleShip/battleShip_FXGL/target/classes/assets/textures/ships/ship_r_3_1_h.png
16:14:04.044 [FXGL Background Thread 2 ] DEBUG FXGLAssetLoaderServi - Loading from file system: file:/D:/battleShip/battleShip_FXGL/target/classes/assets/textures/ships/ship_b_2_h.png
16:14:04.046 [FXGL Background Thread 2 ] DEBUG FXGLAssetLoaderServi - Loading from file system: file:/D:/battleShip/battleShip_FXGL/target/classes/assets/textures/ships/ship_r_2_h.png
16:14:04.049 [FXGL Background Thread 2 ] DEBUG FXGLAssetLoaderServi - Loading from file system: file:/D:/battleShip/battleShip_FXGL/target/classes/assets/textures/Tile.png
16:14:04.073 [FXGL Background Thread 2 ] INFO  FXGLApplication      - Game initialization took: 0.110 sec
16:14:04.078 [JavaFX Application Thread] DEBUG Input                - Clearing active input actions
16:14:04.085 [JavaFX Application Thread] DEBUG GameApplicationServi - Removing overlay from FXGLLoadingScene and adding to GameScene
16:14:04.085 [JavaFX Application Thread] DEBUG PrimaryStageWindow   - FXGLLoadingScene -> GameScene
16:14:04.093 [JavaFX Application Thread] DEBUG FXGLAssetLoaderServi - Loading from file system: file:/D:/battleShip/battleShip_FXGL/target/classes/assets/textures/bg2_2.jpg
16:14:04.119 [JavaFX Application Thread] DEBUG PrimaryStageWindow   - Push state: DialogSubScene
16:14:04.119 [JavaFX Application Thread] DEBUG Input                - Clearing active input actions
16:14:04.120 [JavaFX Application Thread] DEBUG GameApplicationServi - Removing overlay from GameScene and adding to DialogSubScene
16:14:04.120 [JavaFX Application Thread] DEBUG PrimaryStageWindow   - GameScene -> DialogSubScene
16:14:04.638 [JavaFX Application Thread] DEBUG PrimaryStageWindow   - Pop state: DialogSubScene
16:14:04.638 [JavaFX Application Thread] DEBUG Input                - Clearing active input actions
16:14:04.639 [JavaFX Application Thread] DEBUG GameApplicationServi - Removing overlay from DialogSubScene and adding to GameScene
16:14:04.639 [JavaFX Application Thread] DEBUG PrimaryStageWindow   - GameScene <- DialogSubScene
16:14:05.746 [JavaFX Application Thread] DEBUG PrimaryStageWindow   - Push state: DialogSubScene
16:14:05.747 [JavaFX Application Thread] DEBUG Input                - Clearing active input actions
16:14:05.747 [JavaFX Application Thread] DEBUG GameApplicationServi - Removing overlay from GameScene and adding to DialogSubScene
16:14:05.747 [JavaFX Application Thread] DEBUG PrimaryStageWindow   - GameScene -> DialogSubScene
16:14:06.238 [JavaFX Application Thread] DEBUG PrimaryStageWindow   - Pop state: DialogSubScene
16:14:06.238 [JavaFX Application Thread] DEBUG Input                - Clearing active input actions
16:14:06.238 [JavaFX Application Thread] DEBUG GameApplicationServi - Removing overlay from DialogSubScene and adding to GameScene
16:14:06.238 [JavaFX Application Thread] DEBUG PrimaryStageWindow   - GameScene <- DialogSubScene
16:14:06.238 [JavaFX Application Thread] DEBUG PrimaryStageWindow   - Push state: BluePlayerDeployScene
16:14:06.239 [JavaFX Application Thread] DEBUG Input                - Clearing active input actions
16:14:06.239 [JavaFX Application Thread] DEBUG GameApplicationServi - Removing overlay from GameScene and adding to BluePlayerDeployScene
16:14:06.239 [JavaFX Application Thread] DEBUG PrimaryStageWindow   - GameScene -> BluePlayerDeployScene
16:14:06.239 [JavaFX Application Thread] DEBUG PrimaryStageWindow   - Pop state: BluePlayerDeployScene
16:14:06.239 [JavaFX Application Thread] DEBUG Input                - Clearing active input actions
16:14:06.239 [JavaFX Application Thread] DEBUG GameApplicationServi - Removing overlay from BluePlayerDeployScene and adding to GameScene
16:14:06.239 [JavaFX Application Thread] DEBUG PrimaryStageWindow   - GameScene <- BluePlayerDeployScene
16:14:18.764 [JavaFX Application Thread] DEBUG PrimaryStageWindow   - Push state: DialogSubScene
16:14:18.764 [JavaFX Application Thread] DEBUG Input                - Clearing active input actions
16:14:18.764 [JavaFX Application Thread] DEBUG GameApplicationServi - Removing overlay from GameScene and adding to DialogSubScene
16:14:18.764 [JavaFX Application Thread] DEBUG PrimaryStageWindow   - GameScene -> DialogSubScene
16:14:19.120 [JavaFX Application Thread] DEBUG PrimaryStageWindow   - Pop state: DialogSubScene
16:14:19.120 [JavaFX Application Thread] DEBUG Input                - Clearing active input actions
16:14:19.120 [JavaFX Application Thread] DEBUG GameApplicationServi - Removing overlay from DialogSubScene and adding to GameScene
16:14:19.121 [JavaFX Application Thread] DEBUG PrimaryStageWindow   - GameScene <- DialogSubScene
16:14:19.121 [JavaFX Application Thread] DEBUG PrimaryStageWindow   - Push state: RedPlayerDeployScene
16:14:19.121 [JavaFX Application Thread] DEBUG Input                - Clearing active input actions
16:14:19.121 [JavaFX Application Thread] DEBUG GameApplicationServi - Removing overlay from GameScene and adding to RedPlayerDeployScene
16:14:19.122 [JavaFX Application Thread] DEBUG PrimaryStageWindow   - GameScene -> RedPlayerDeployScene
16:14:19.122 [JavaFX Application Thread] DEBUG PrimaryStageWindow   - Pop state: RedPlayerDeployScene
16:14:19.122 [JavaFX Application Thread] DEBUG Input                - Clearing active input actions
16:14:19.122 [JavaFX Application Thread] DEBUG GameApplicationServi - Removing overlay from RedPlayerDeployScene and adding to GameScene
16:14:19.122 [JavaFX Application Thread] DEBUG PrimaryStageWindow   - GameScene <- RedPlayerDeployScene
16:14:27.067 [JavaFX Application Thread] DEBUG PrimaryStageWindow   - Push state: DialogSubScene
16:14:27.067 [JavaFX Application Thread] DEBUG Input                - Clearing active input actions
16:14:27.067 [JavaFX Application Thread] DEBUG GameApplicationServi - Removing overlay from GameScene and adding to DialogSubScene
16:14:27.067 [JavaFX Application Thread] DEBUG PrimaryStageWindow   - GameScene -> DialogSubScene
16:14:27.812 [JavaFX Application Thread] DEBUG PrimaryStageWindow   - Pop state: DialogSubScene
16:14:27.812 [JavaFX Application Thread] DEBUG Input                - Clearing active input actions
16:14:27.812 [JavaFX Application Thread] DEBUG GameApplicationServi - Removing overlay from DialogSubScene and adding to GameScene
16:14:27.813 [JavaFX Application Thread] DEBUG PrimaryStageWindow   - GameScene <- DialogSubScene
16:14:27.813 [JavaFX Application Thread] DEBUG PrimaryStageWindow   - Push state: RedPlayerScene
16:14:27.815 [JavaFX Application Thread] DEBUG Input                - Clearing active input actions
16:14:27.815 [JavaFX Application Thread] DEBUG GameApplicationServi - Removing overlay from GameScene and adding to RedPlayerScene
16:14:27.815 [JavaFX Application Thread] DEBUG PrimaryStageWindow   - GameScene -> RedPlayerScene
16:14:27.816 [JavaFX Application Thread] DEBUG PrimaryStageWindow   - Pop state: RedPlayerScene
16:14:27.816 [JavaFX Application Thread] DEBUG Input                - Clearing active input actions
16:14:27.816 [JavaFX Application Thread] DEBUG GameApplicationServi - Removing overlay from RedPlayerScene and adding to GameScene
16:14:27.816 [JavaFX Application Thread] DEBUG PrimaryStageWindow   - GameScene <- RedPlayerScene
16:14:29.440 [JavaFX Application Thread] DEBUG PrimaryStageWindow   - Push state: DialogSubScene
16:14:29.440 [JavaFX Application Thread] DEBUG Input                - Clearing active input actions
16:14:29.440 [JavaFX Application Thread] DEBUG GameApplicationServi - Removing overlay from GameScene and adding to DialogSubScene
16:14:29.440 [JavaFX Application Thread] DEBUG PrimaryStageWindow   - GameScene -> DialogSubScene
16:14:29.823 [JavaFX Application Thread] DEBUG PrimaryStageWindow   - Pop state: DialogSubScene
16:14:29.823 [JavaFX Application Thread] DEBUG Input                - Clearing active input actions
16:14:29.823 [JavaFX Application Thread] DEBUG GameApplicationServi - Removing overlay from DialogSubScene and adding to GameScene
16:14:29.823 [JavaFX Application Thread] DEBUG PrimaryStageWindow   - GameScene <- DialogSubScene
16:14:29.823 [JavaFX Application Thread] DEBUG PrimaryStageWindow   - Push state: BluePlayerScene
16:14:29.824 [JavaFX Application Thread] DEBUG Input                - Clearing active input actions
16:14:29.824 [JavaFX Application Thread] DEBUG GameApplicationServi - Removing overlay from GameScene and adding to BluePlayerScene
16:14:29.824 [JavaFX Application Thread] DEBUG PrimaryStageWindow   - GameScene -> BluePlayerScene
16:14:29.824 [JavaFX Application Thread] DEBUG PrimaryStageWindow   - Pop state: BluePlayerScene
16:14:29.824 [JavaFX Application Thread] DEBUG Input                - Clearing active input actions
16:14:29.824 [JavaFX Application Thread] DEBUG GameApplicationServi - Removing overlay from BluePlayerScene and adding to GameScene
16:14:29.825 [JavaFX Application Thread] DEBUG PrimaryStageWindow   - GameScene <- BluePlayerScene
16:14:30.400 [JavaFX Application Thread] DEBUG FXGLAssetLoaderServi - Loading from file system: file:/D:/battleShip/battleShip_FXGL/target/classes/assets/textures/Player1.png
16:14:30.484 [JavaFX Application Thread] DEBUG FXGLAssetLoaderServi - Loading from file system: file:/D:/battleShip/battleShip_FXGL/target/classes/assets/textures/Player1Hit.png
16:14:39.454 [JavaFX Application Thread] DEBUG PrimaryStageWindow   - Push state: DialogSubScene
16:14:39.454 [JavaFX Application Thread] DEBUG Input                - Clearing active input actions
16:14:39.455 [JavaFX Application Thread] DEBUG GameApplicationServi - Removing overlay from GameScene and adding to DialogSubScene
16:14:39.455 [JavaFX Application Thread] DEBUG PrimaryStageWindow   - GameScene -> DialogSubScene
16:14:40.008 [JavaFX Application Thread] DEBUG PrimaryStageWindow   - Push state: RedPlayerScene
16:14:40.009 [JavaFX Application Thread] DEBUG Input                - Clearing active input actions
16:14:40.009 [JavaFX Application Thread] DEBUG GameApplicationServi - Removing overlay from DialogSubScene and adding to RedPlayerScene
16:14:40.009 [JavaFX Application Thread] DEBUG PrimaryStageWindow   - DialogSubScene -> RedPlayerScene
16:14:40.009 [JavaFX Application Thread] DEBUG PrimaryStageWindow   - Pop state: RedPlayerScene
16:14:40.009 [JavaFX Application Thread] DEBUG Input                - Clearing active input actions
16:14:40.009 [JavaFX Application Thread] DEBUG GameApplicationServi - Removing overlay from RedPlayerScene and adding to DialogSubScene
16:14:40.009 [JavaFX Application Thread] DEBUG PrimaryStageWindow   - DialogSubScene <- RedPlayerScene
16:14:41.542 [JavaFX Application Thread] DEBUG PrimaryStageWindow   - Pop state: DialogSubScene
16:14:41.542 [JavaFX Application Thread] DEBUG Input                - Clearing active input actions
16:14:41.542 [JavaFX Application Thread] DEBUG GameApplicationServi - Removing overlay from DialogSubScene and adding to GameScene
16:14:41.543 [JavaFX Application Thread] DEBUG PrimaryStageWindow   - GameScene <- DialogSubScene
16:14:42.440 [JavaFX Application Thread] DEBUG PrimaryStageWindow   - Push state: SimpleGameMenu
16:14:42.441 [JavaFX Application Thread] DEBUG Input                - Clearing active input actions
16:14:42.441 [JavaFX Application Thread] DEBUG GameApplicationServi - Removing overlay from GameScene and adding to SimpleGameMenu
16:14:42.441 [JavaFX Application Thread] DEBUG PrimaryStageWindow   - GameScene -> SimpleGameMenu
16:14:43.072 [JavaFX Application Thread] DEBUG Menu                 - fireExitToMainMenu()
16:14:43.072 [JavaFX Application Thread] DEBUG PrimaryStageWindow   - Push state: DialogSubScene
16:14:43.073 [JavaFX Application Thread] DEBUG Input                - Clearing active input actions
16:14:43.073 [JavaFX Application Thread] DEBUG GameApplicationServi - Removing overlay from SimpleGameMenu and adding to DialogSubScene
16:14:43.073 [JavaFX Application Thread] DEBUG PrimaryStageWindow   - SimpleGameMenu -> DialogSubScene
16:14:43.790 [JavaFX Application Thread] DEBUG PrimaryStageWindow   - Pop state: DialogSubScene
16:14:43.790 [JavaFX Application Thread] DEBUG Input                - Clearing active input actions
16:14:43.791 [JavaFX Application Thread] DEBUG GameApplicationServi - Removing overlay from DialogSubScene and adding to SimpleGameMenu
16:14:43.791 [JavaFX Application Thread] DEBUG PrimaryStageWindow   - SimpleGameMenu <- DialogSubScene
16:14:43.791 [JavaFX Application Thread] DEBUG PrimaryStageWindow   - Pop state: SimpleGameMenu
16:14:43.791 [JavaFX Application Thread] DEBUG Input                - Clearing active input actions
16:14:43.791 [JavaFX Application Thread] DEBUG GameApplicationServi - Removing overlay from SimpleGameMenu and adding to GameScene
16:14:43.791 [JavaFX Application Thread] DEBUG PrimaryStageWindow   - GameScene <- SimpleGameMenu
16:14:43.791 [JavaFX Application Thread] DEBUG Input                - Clearing active input actions
16:14:43.795 [JavaFX Application Thread] DEBUG GameApplicationServi - Removing overlay from GameScene and adding to FXGLMainMenuDummyScene
16:14:43.795 [JavaFX Application Thread] DEBUG PrimaryStageWindow   - GameScene -> FXGLMainMenuDummyScene
16:14:43.795 [JavaFX Application Thread] DEBUG PrimaryStageWindow   - Push state: BattleShipMainMenu
16:14:43.795 [JavaFX Application Thread] DEBUG Input                - Clearing active input actions
16:14:43.795 [JavaFX Application Thread] DEBUG GameApplicationServi - Removing overlay from FXGLMainMenuDummyScene and adding to BattleShipMainMenu
16:14:43.795 [JavaFX Application Thread] DEBUG PrimaryStageWindow   - FXGLMainMenuDummyScene -> BattleShipMainMenu
16:14:44.621 [JavaFX Application Thread] DEBUG Menu                 - fireExit()
16:14:44.622 [JavaFX Application Thread] DEBUG PrimaryStageWindow   - Push state: DialogSubScene
16:14:44.622 [JavaFX Application Thread] DEBUG Input                - Clearing active input actions
16:14:44.622 [JavaFX Application Thread] DEBUG GameApplicationServi - Removing overlay from BattleShipMainMenu and adding to DialogSubScene
16:14:44.622 [JavaFX Application Thread] DEBUG PrimaryStageWindow   - BattleShipMainMenu -> DialogSubScene
16:14:45.142 [JavaFX Application Thread] DEBUG PrimaryStageWindow   - Pop state: DialogSubScene
16:14:45.142 [JavaFX Application Thread] DEBUG Input                - Clearing active input actions
16:14:45.142 [JavaFX Application Thread] DEBUG GameApplicationServi - Removing overlay from DialogSubScene and adding to BattleShipMainMenu
16:14:45.142 [JavaFX Application Thread] DEBUG PrimaryStageWindow   - BattleShipMainMenu <- DialogSubScene
16:14:45.142 [JavaFX Application Thread] DEBUG FXGLApplication      - Exiting FXGL
16:14:45.142 [JavaFX Application Thread] DEBUG LoopRunner           - Stopping loop
16:14:45.142 [JavaFX Application Thread] DEBUG SystemBundleService  - Saving FXGL system data
16:14:45.144 [JavaFX Application Thread] DEBUG FileSystemAccess     - Writing to: D:\battleShip\battleShip_FXGL\system\fxgl.bundle
16:14:45.145 [JavaFX Application Thread] DEBUG Async                - Shutting down background threads
16:14:45.145 [JavaFX Application Thread] DEBUG PrimaryStageWindow   - Closing main window
16:14:45.163 [JavaFX Application Thread] DEBUG Logger               - Closing Logger
