11:41:53.592 [main                     ] DEBUG Logger               - Configured Logger
11:41:53.622 [main                     ] DEBUG GameApplication      - Logging settings
Title: BattleShip_FXGL
Version: 0.1
Width: 1920
Height: 1080
Fullscreen: true
Intro: false
Profiling: false
Single step:false
App Mode: DEVELOPER
Menu Key: ESCAPE
Stage Style: DECORATED
Scene Factory: class fi.utu.tech.gui.javafx.fxgl.BattleShipApp$1

11:41:53.992 [JavaFX Application Thread] DEBUG FXGLApplication      - Initializing FXGL
11:41:53.993 [JavaFX Application Thread] INFO  Engine               - FXGL-11.14 (01.03.2021 16.59) on WINDOWS (J:11.0.10 FX:15)
11:41:53.994 [JavaFX Application Thread] DEBUG Engine               - JRE Vendor Name: Amazon.com Inc.
11:41:53.994 [JavaFX Application Thread] DEBUG Engine               - Running on OS: Windows 10 version 10.0
11:41:53.994 [JavaFX Application Thread] DEBUG Engine               - Architecture: amd64
11:41:53.994 [JavaFX Application Thread] INFO  Engine               - Source code and latest versions at: https://github.com/AlmasB/FXGL
11:41:53.995 [JavaFX Application Thread] INFO  Engine               -              Join the FXGL chat at: https://gitter.im/AlmasB/FXGL
11:41:54.095 [JavaFX Application Thread] DEBUG PrimaryStageWindow   - Creating a JavaFX scene
11:41:54.147 [JavaFX Application Thread] DEBUG PrimaryStageWindow   - Target settings size: 1920.0 x 1080.0
11:41:54.147 [JavaFX Application Thread] DEBUG PrimaryStageWindow   - Scaled scene size:    1920.0 x 1080.0
11:41:54.147 [JavaFX Application Thread] DEBUG PrimaryStageWindow   - Scaled ratio: (1.0, 1.0)
11:41:54.148 [JavaFX Application Thread] DEBUG PrimaryStageWindow   - Set initial scene to FXGLStartupScene
11:41:54.153 [JavaFX Application Thread] DEBUG PrimaryStageWindow   - Opening main window
11:41:54.237 [JavaFX Application Thread] DEBUG PrimaryStageWindow   - Window border size: (16.0, 39.0)
11:41:54.237 [JavaFX Application Thread] DEBUG PrimaryStageWindow   - Scaled size: 1920.0 x 1080.0
11:41:54.237 [JavaFX Application Thread] DEBUG PrimaryStageWindow   - Scaled ratio: (1.0, 1.0)
11:41:54.237 [JavaFX Application Thread] DEBUG PrimaryStageWindow   - Scene size: 1920.0 x 1080.0
11:41:54.238 [JavaFX Application Thread] DEBUG PrimaryStageWindow   - Stage size: 1936.0 x 1119.0
11:41:54.298 [JavaFX Application Thread] DEBUG PrimaryStageWindow   - Going fullscreen
11:41:54.322 [FXGL Background Thread 1 ] DEBUG Engine               - Initializing environment variables
11:41:54.364 [FXGL Background Thread 1 ] DEBUG FXGLAssetLoaderServi - User app class for loading assets: class fi.utu.tech.gui.javafx.fxgl.BattleShipApp
11:41:54.364 [FXGL Background Thread 1 ] DEBUG GameApplicationServi - Applying CSS: fxgl_dark.css
11:41:54.365 [FXGL Background Thread 1 ] DEBUG FXGLAssetLoaderServi - Loading from file system: jar:file:///C:/Users/box69/.m2/repository/com/github/almasb/fxgl/11.14/fxgl-11.14.jar!/fxglassets/ui/css/fxgl_dark.css
11:41:54.411 [FXGL Background Thread 1 ] DEBUG GameApplicationServi - Initializing application scenes
11:41:54.482 [FXGL Background Thread 1 ] DEBUG GameWorld            - Game world initialized
11:41:54.533 [FXGL Background Thread 1 ] DEBUG PhysicsWorld         - Physics world initialized: appHeight=1080, physics.ppm=50.0
11:41:54.534 [FXGL Background Thread 1 ] DEBUG PhysicsWorld         - Using strategy: BRUTE_FORCE
11:41:54.537 [FXGL Background Thread 1 ] DEBUG GameScene            - Game scene initialized: 1920x1080
11:41:54.544 [FXGL Background Thread 1 ] DEBUG FXGLAssetLoaderServi - Loading from file system: file:/D:/battleShip/battleShip_FXGL/target/classes/assets/textures/Nebula_Red.png
11:41:54.757 [FXGL Background Thread 1 ] DEBUG FXGLAssetLoaderServi - Loading from file system: jar:file:///C:/Users/box69/.m2/repository/com/github/almasb/fxgl/11.14/fxgl-11.14.jar!/fxglassets/textures/pause_menu_bg.png
11:41:54.786 [FXGL Background Thread 1 ] DEBUG GameApplicationServi - Application scenes initialized
11:41:54.797 [FXGL Background Thread 1 ] DEBUG SystemBundleService  - Loading FXGL system data
11:41:54.801 [FXGL Background Thread 1 ] DEBUG FileSystemAccess     - Reading from: D:\battleShip\battleShip_FXGL\system\fxgl.bundle
11:41:54.806 [FXGL Background Thread 1 ] DEBUG SystemBundleService  - Bundle FXGL: {}
11:41:54.806 [FXGL Background Thread 1 ] DEBUG UpdaterService       - Checking for updates
11:41:54.810 [FXGL Background Thread 4 ] DEBUG FXGLApplication      - Loading fonts
11:41:54.811 [FXGL Background Thread 1 ] DEBUG FXGLApplication      - Loading default localization
11:41:54.812 [FXGL Background Thread 4 ] DEBUG FXGLAssetLoaderServi - Loading from file system: jar:file:///C:/Users/box69/.m2/repository/com/github/almasb/fxgl/11.14/fxgl-11.14.jar!/fxglassets/ui/fonts/VarelaRound-Regular.ttf
11:41:54.812 [FXGL Background Thread 1 ] DEBUG FXGLAssetLoaderServi - Loading from file system: jar:file:///C:/Users/box69/.m2/repository/com/github/almasb/fxgl/11.14/fxgl-11.14.jar!/fxglassets/languages/english.lang
11:41:54.826 [FXGL Background Thread 1 ] INFO  FXGLApplication      - FXGL initialization took: 0.504 sec
11:41:54.840 [JavaFX Application Thread] DEBUG Input                - Registered new binding: Change Scene - Space
11:41:54.842 [JavaFX Application Thread] DEBUG Input                - Registered new binding: action0 - R
11:41:54.843 [JavaFX Application Thread] DEBUG Input                - Registered new binding: Deploy - RMB
11:41:54.843 [JavaFX Application Thread] DEBUG Input                - Registered new binding: Attack - LMB
11:41:54.843 [JavaFX Application Thread] DEBUG FXGLAssetLoaderServi - Loading from file system: file:/D:/battleShip/battleShip_FXGL/target/classes/assets/music/CrashedShip.mp3
11:41:55.002 [JavaFX Application Thread] DEBUG AudioPlayer          - Playing music com.almasb.fxgl.audio.Music@5a97b5a0
11:41:55.002 [JavaFX Application Thread] DEBUG FXGLAssetLoaderServi - Loading from file system: jar:file:///C:/Users/box69/.m2/repository/com/github/almasb/fxgl/11.14/fxgl-11.14.jar!/fxglassets/textures/fxgl_icon.png
11:41:55.022 [JavaFX Application Thread] DEBUG FXGLAssetLoaderServi - Loading from file system: jar:file:///C:/Users/box69/.m2/repository/com/github/almasb/fxgl/11.14/fxgl-11.14.jar!/fxglassets/ui/cursors/fxgl_default.png
11:41:55.023 [JavaFX Application Thread] DEBUG Input                - Registered new binding: Screenshot - P
11:41:55.024 [JavaFX Application Thread] DEBUG Input                - Registered new binding: System info dump - CTRL+9
11:41:55.024 [JavaFX Application Thread] DEBUG Input                - Registered new binding: Restart - CTRL+R
11:41:55.025 [JavaFX Application Thread] DEBUG Input                - Registered new binding: Toggle Debug Camera - CTRL+C
11:41:55.026 [JavaFX Application Thread] DEBUG LoopRunner           - Starting loop
11:41:55.026 [JavaFX Application Thread] DEBUG LoopRunner           - Initializing JavaFX AnimationTimerLoop
11:41:55.028 [JavaFX Application Thread] DEBUG Input                - Clearing active input actions
11:41:55.036 [JavaFX Application Thread] DEBUG GameApplicationServi - Removing overlay from FXGLStartupScene and adding to FXGLMainMenuDummyScene
11:41:55.037 [JavaFX Application Thread] DEBUG PrimaryStageWindow   - FXGLStartupScene -> FXGLMainMenuDummyScene
11:41:55.037 [JavaFX Application Thread] DEBUG PrimaryStageWindow   - Push state: BattleShipMainMenu
11:41:55.037 [JavaFX Application Thread] DEBUG Input                - Clearing active input actions
11:41:55.040 [JavaFX Application Thread] DEBUG GameApplicationServi - Removing overlay from FXGLMainMenuDummyScene and adding to BattleShipMainMenu
11:41:55.041 [JavaFX Application Thread] DEBUG PrimaryStageWindow   - FXGLMainMenuDummyScene -> BattleShipMainMenu
11:41:55.295 [FXGL Background Thread 4 ] DEBUG FXGLAssetLoaderServi - Loading from file system: jar:file:///C:/Users/box69/.m2/repository/com/github/almasb/fxgl/11.14/fxgl-11.14.jar!/fxglassets/ui/fonts/Abel-Regular.ttf
11:41:55.299 [FXGL Background Thread 4 ] DEBUG FXGLAssetLoaderServi - Loading from file system: jar:file:///C:/Users/box69/.m2/repository/com/github/almasb/fxgl/11.14/fxgl-11.14.jar!/fxglassets/ui/fonts/lucida_console.ttf
11:41:55.303 [FXGL Background Thread 4 ] DEBUG FXGLAssetLoaderServi - Loading from file system: jar:file:///C:/Users/box69/.m2/repository/com/github/almasb/fxgl/11.14/fxgl-11.14.jar!/fxglassets/ui/fonts/Courier-Prime.ttf
11:41:55.307 [JavaFX Application Thread] DEBUG FXGLApplication      - Registering font factories with UI factory
11:41:55.881 [JavaFX Application Thread] DEBUG PrimaryStageWindow   - Push state: DialogSubScene
11:41:55.881 [JavaFX Application Thread] DEBUG Input                - Clearing active input actions
11:41:55.885 [JavaFX Application Thread] DEBUG GameApplicationServi - Removing overlay from BattleShipMainMenu and adding to DialogSubScene
11:41:55.885 [JavaFX Application Thread] DEBUG PrimaryStageWindow   - BattleShipMainMenu -> DialogSubScene
11:41:57.809 [FXGL Background Thread 3 ] DEBUG Engine               - Logging environment variables
11:41:57.810 [FXGL Background Thread 3 ] DEBUG Engine               - achievements: []
11:41:57.810 [FXGL Background Thread 3 ] DEBUG Engine               - actualHeight: 1080.0
11:41:57.810 [FXGL Background Thread 3 ] DEBUG Engine               - actualHeightProperty: ReadOnlyDoubleProperty [value: 1080.0]
11:41:57.810 [FXGL Background Thread 3 ] DEBUG Engine               - actualWidth: 1920.0
11:41:57.810 [FXGL Background Thread 3 ] DEBUG Engine               - actualWidthProperty: ReadOnlyDoubleProperty [value: 1920.0]
11:41:57.810 [FXGL Background Thread 3 ] DEBUG Engine               - appIcon: fxgl_icon.png
11:41:57.810 [FXGL Background Thread 3 ] DEBUG Engine               - applicationMode: DEVELOPER
11:41:57.810 [FXGL Background Thread 3 ] DEBUG Engine               - cSSList: [fxgl_dark.css]
11:41:57.810 [FXGL Background Thread 3 ] DEBUG Engine               - collisionDetectionStrategy: BRUTE_FORCE
11:41:57.810 [FXGL Background Thread 3 ] DEBUG Engine               - configClass: Optional.empty
11:41:57.810 [FXGL Background Thread 3 ] DEBUG Engine               - credits: []
11:41:57.811 [FXGL Background Thread 3 ] DEBUG Engine               - devBBoxColorProperty: ObjectProperty [value: 0xff0000ff]
11:41:57.811 [FXGL Background Thread 3 ] DEBUG Engine               - devEnableDebugCameraProperty: BooleanProperty [value: false]
11:41:57.811 [FXGL Background Thread 3 ] DEBUG Engine               - devSensorColorProperty: ObjectProperty [value: 0xffff00ff]
11:41:57.811 [FXGL Background Thread 3 ] DEBUG Engine               - devShowBBoxProperty: BooleanProperty [value: false]
11:41:57.811 [FXGL Background Thread 3 ] DEBUG Engine               - devShowPositionProperty: BooleanProperty [value: false]
11:41:57.811 [FXGL Background Thread 3 ] DEBUG Engine               - enabledMenuItems: []
11:41:57.811 [FXGL Background Thread 3 ] DEBUG Engine               - engineServices: [class com.almasb.fxgl.app.services.FXGLAssetLoaderService, class com.almasb.fxgl.app.FXGLApplication$GameApplicationService, class com.almasb.fxgl.app.services.FXGLDialogService, class com.almasb.fxgl.app.services.IOTaskExecutorService, class com.almasb.fxgl.event.EventBusService, class com.almasb.fxgl.io.FileSystemService, class com.almasb.fxgl.localization.LocalizationService, class com.almasb.fxgl.app.services.SystemBundleService, class com.almasb.fxgl.profile.SaveLoadService, class com.almasb.fxgl.ui.FXGLUIFactoryServiceProvider, class com.almasb.fxgl.ui.FXGLDialogFactoryServiceProvider, class com.almasb.fxgl.audio.AudioPlayer, class com.almasb.fxgl.notification.impl.NotificationServiceProvider, class com.almasb.fxgl.achievement.AchievementService, class com.almasb.fxgl.cutscene.CutsceneService, class com.almasb.fxgl.minigames.MiniGameService, class com.almasb.fxgl.net.NetService, class com.almasb.fxgl.app.services.UpdaterService, class com.almasb.fxgl.dev.DevService]
11:41:57.811 [FXGL Background Thread 3 ] DEBUG Engine               - fontGame: Abel-Regular.ttf
11:41:57.811 [FXGL Background Thread 3 ] DEBUG Engine               - fontMono: lucida_console.ttf
11:41:57.811 [FXGL Background Thread 3 ] DEBUG Engine               - fontText: Courier-Prime.ttf
11:41:57.811 [FXGL Background Thread 3 ] DEBUG Engine               - fontUI: VarelaRound-Regular.ttf
11:41:57.811 [FXGL Background Thread 3 ] DEBUG Engine               - fullScreen: BooleanProperty [value: true]
11:41:57.811 [FXGL Background Thread 3 ] DEBUG Engine               - gameDifficulty: MEDIUM
11:41:57.811 [FXGL Background Thread 3 ] DEBUG Engine               - gameDifficultyProperty: ObjectProperty [value: MEDIUM]
11:41:57.811 [FXGL Background Thread 3 ] DEBUG Engine               - globalMusicVolume: 0.5
11:41:57.812 [FXGL Background Thread 3 ] DEBUG Engine               - globalMusicVolumeProperty: DoubleProperty [value: 0.2]
11:41:57.812 [FXGL Background Thread 3 ] DEBUG Engine               - globalSoundVolume: 0.5
11:41:57.812 [FXGL Background Thread 3 ] DEBUG Engine               - globalSoundVolumeProperty: DoubleProperty [value: 0.5]
11:41:57.812 [FXGL Background Thread 3 ] DEBUG Engine               - height: 1080
11:41:57.812 [FXGL Background Thread 3 ] DEBUG Engine               - isAndroid: false
11:41:57.812 [FXGL Background Thread 3 ] DEBUG Engine               - isBrowser: false
11:41:57.812 [FXGL Background Thread 3 ] DEBUG Engine               - isClickFeedbackEnabled: false
11:41:57.812 [FXGL Background Thread 3 ] DEBUG Engine               - isCloseConfirmation: false
11:41:57.812 [FXGL Background Thread 3 ] DEBUG Engine               - isDesktop: true
11:41:57.812 [FXGL Background Thread 3 ] DEBUG Engine               - isDeveloperMenuEnabled: false
11:41:57.812 [FXGL Background Thread 3 ] DEBUG Engine               - isEntityPreloadEnabled: true
11:41:57.812 [FXGL Background Thread 3 ] DEBUG Engine               - isExperimental3D: false
11:41:57.812 [FXGL Background Thread 3 ] DEBUG Engine               - isExperimentalNative: false
11:41:57.812 [FXGL Background Thread 3 ] DEBUG Engine               - isExperimentalTiledLargeMap: false
11:41:57.813 [FXGL Background Thread 3 ] DEBUG Engine               - isFileSystemWriteAllowed: true
11:41:57.813 [FXGL Background Thread 3 ] DEBUG Engine               - isFullScreenAllowed: true
11:41:57.813 [FXGL Background Thread 3 ] DEBUG Engine               - isFullScreenFromStart: true
11:41:57.813 [FXGL Background Thread 3 ] DEBUG Engine               - isGameMenuEnabled: true
11:41:57.813 [FXGL Background Thread 3 ] DEBUG Engine               - isIOS: false
11:41:57.813 [FXGL Background Thread 3 ] DEBUG Engine               - isIntroEnabled: false
11:41:57.813 [FXGL Background Thread 3 ] DEBUG Engine               - isLinux: false
11:41:57.813 [FXGL Background Thread 3 ] DEBUG Engine               - isMac: false
11:41:57.813 [FXGL Background Thread 3 ] DEBUG Engine               - isMainMenuEnabled: true
11:41:57.813 [FXGL Background Thread 3 ] DEBUG Engine               - isManualResizeEnabled: false
11:41:57.813 [FXGL Background Thread 3 ] DEBUG Engine               - isMobile: false
11:41:57.813 [FXGL Background Thread 3 ] DEBUG Engine               - isPreserveResizeRatio: false
11:41:57.814 [FXGL Background Thread 3 ] DEBUG Engine               - isProfilingEnabled: false
11:41:57.814 [FXGL Background Thread 3 ] DEBUG Engine               - isScaleAffectedOnResize: true
11:41:57.814 [FXGL Background Thread 3 ] DEBUG Engine               - isSingleStep: false
11:41:57.814 [FXGL Background Thread 3 ] DEBUG Engine               - isUserProfileEnabled: false
11:41:57.814 [FXGL Background Thread 3 ] DEBUG Engine               - isWindows: true
11:41:57.814 [FXGL Background Thread 3 ] DEBUG Engine               - language: ObjectProperty [value: ENGLISH]
11:41:57.814 [FXGL Background Thread 3 ] DEBUG Engine               - menuKey: ESCAPE
11:41:57.814 [FXGL Background Thread 3 ] DEBUG Engine               - notificationViewClass: class com.almasb.fxgl.notification.view.XboxNotificationView
11:41:57.814 [FXGL Background Thread 3 ] DEBUG Engine               - pixelsPerMeter: 50.0
11:41:57.814 [FXGL Background Thread 3 ] DEBUG Engine               - platform: WINDOWS
11:41:57.814 [FXGL Background Thread 3 ] DEBUG Engine               - prefHeightProperty: ReadOnlyDoubleProperty [value: 1080.0]
11:41:57.814 [FXGL Background Thread 3 ] DEBUG Engine               - prefWidthProperty: ReadOnlyDoubleProperty [value: 1920.0]
11:41:57.814 [FXGL Background Thread 3 ] DEBUG Engine               - profileDir: profiles/
11:41:57.814 [FXGL Background Thread 3 ] DEBUG Engine               - profileName: StringProperty [value: DEFAULT]
11:41:57.815 [FXGL Background Thread 3 ] DEBUG Engine               - randomSeed: -1
11:41:57.815 [FXGL Background Thread 3 ] DEBUG Engine               - runtimeInfo: RuntimeInfo(platform=WINDOWS, version=11.14, build=01.03.2021 16.59)
11:41:57.815 [FXGL Background Thread 3 ] DEBUG Engine               - saveFileExt: sav
11:41:57.815 [FXGL Background Thread 3 ] DEBUG Engine               - scaledHeightProp$fxgl: DoubleProperty [bound, value: 1080.0]
11:41:57.815 [FXGL Background Thread 3 ] DEBUG Engine               - scaledWidthProp$fxgl: DoubleProperty [bound, value: 1920.0]
11:41:57.815 [FXGL Background Thread 3 ] DEBUG Engine               - sceneFactory: fi.utu.tech.gui.javafx.fxgl.BattleShipApp$1@25b1d0c1
11:41:57.815 [FXGL Background Thread 3 ] DEBUG Engine               - secondsIn24h: 60
11:41:57.815 [FXGL Background Thread 3 ] DEBUG Engine               - soundMenuBack: menu/back.wav
11:41:57.815 [FXGL Background Thread 3 ] DEBUG Engine               - soundMenuPress: menu/press.wav
11:41:57.815 [FXGL Background Thread 3 ] DEBUG Engine               - soundMenuSelect: menu/select.wav
11:41:57.815 [FXGL Background Thread 3 ] DEBUG Engine               - soundNotification: core/notification.wav
11:41:57.815 [FXGL Background Thread 3 ] DEBUG Engine               - stageStyle: DECORATED
11:41:57.815 [FXGL Background Thread 3 ] DEBUG Engine               - supportedLanguages: [ENGLISH, FRENCH, GERMAN, HUNGARIAN, RUSSIAN]
11:41:57.815 [FXGL Background Thread 3 ] DEBUG Engine               - ticksPerSecond: -1
11:41:57.815 [FXGL Background Thread 3 ] DEBUG Engine               - title: BattleShip_FXGL
11:41:57.815 [FXGL Background Thread 3 ] DEBUG Engine               - urlGithub: https://github.com/AlmasB/FXGL
11:41:57.815 [FXGL Background Thread 3 ] DEBUG Engine               - urlLeaderboard: http://fxgl-top.herokuapp.com/
11:41:57.815 [FXGL Background Thread 3 ] DEBUG Engine               - urlPOM: https://raw.githubusercontent.com/AlmasB/FXGL/release/README.md
11:41:57.816 [FXGL Background Thread 3 ] DEBUG Engine               - userAppClass: class fi.utu.tech.gui.javafx.fxgl.BattleShipApp
11:41:57.816 [FXGL Background Thread 3 ] DEBUG Engine               - version: 0.1
11:41:57.816 [FXGL Background Thread 3 ] DEBUG Engine               - versionCheckDays: 7
11:41:57.816 [FXGL Background Thread 3 ] DEBUG Engine               - width: 1920
11:41:57.816 [FXGL Background Thread 3 ] DEBUG Engine               - Logging services
11:41:57.816 [FXGL Background Thread 3 ] DEBUG Engine               - class com.almasb.fxgl.app.services.FXGLAssetLoaderService
11:41:57.816 [FXGL Background Thread 3 ] DEBUG Engine               - class com.almasb.fxgl.app.FXGLApplication$GameApplicationService
11:41:57.816 [FXGL Background Thread 3 ] DEBUG Engine               - class com.almasb.fxgl.app.services.FXGLDialogService
11:41:57.816 [FXGL Background Thread 3 ] DEBUG Engine               - class com.almasb.fxgl.app.services.IOTaskExecutorService
11:41:57.816 [FXGL Background Thread 3 ] DEBUG Engine               - class com.almasb.fxgl.event.EventBusService
11:41:57.816 [FXGL Background Thread 3 ] DEBUG Engine               - class com.almasb.fxgl.io.FileSystemService
11:41:57.816 [FXGL Background Thread 3 ] DEBUG Engine               - class com.almasb.fxgl.localization.LocalizationService
11:41:57.816 [FXGL Background Thread 3 ] DEBUG Engine               - class com.almasb.fxgl.app.services.SystemBundleService
11:41:57.816 [FXGL Background Thread 3 ] DEBUG Engine               - class com.almasb.fxgl.profile.SaveLoadService
11:41:57.816 [FXGL Background Thread 3 ] DEBUG Engine               - class com.almasb.fxgl.ui.FXGLUIFactoryServiceProvider
11:41:57.816 [FXGL Background Thread 3 ] DEBUG Engine               - class com.almasb.fxgl.ui.FXGLDialogFactoryServiceProvider
11:41:57.816 [FXGL Background Thread 3 ] DEBUG Engine               - class com.almasb.fxgl.audio.AudioPlayer
11:41:57.817 [FXGL Background Thread 3 ] DEBUG Engine               - class com.almasb.fxgl.notification.impl.NotificationServiceProvider
11:41:57.817 [FXGL Background Thread 3 ] DEBUG Engine               - class com.almasb.fxgl.achievement.AchievementService
11:41:57.817 [FXGL Background Thread 3 ] DEBUG Engine               - class com.almasb.fxgl.cutscene.CutsceneService
11:41:57.817 [FXGL Background Thread 3 ] DEBUG Engine               - class com.almasb.fxgl.minigames.MiniGameService
11:41:57.817 [FXGL Background Thread 3 ] DEBUG Engine               - class com.almasb.fxgl.net.NetService
11:41:57.817 [FXGL Background Thread 3 ] DEBUG Engine               - class com.almasb.fxgl.app.services.UpdaterService
11:41:57.817 [FXGL Background Thread 3 ] DEBUG Engine               - class com.almasb.fxgl.dev.DevService
11:42:04.842 [JavaFX Application Thread] DEBUG PrimaryStageWindow   - Pop state: DialogSubScene
11:42:04.842 [JavaFX Application Thread] DEBUG Input                - Clearing active input actions
11:42:04.843 [JavaFX Application Thread] DEBUG GameApplicationServi - Removing overlay from DialogSubScene and adding to BattleShipMainMenu
11:42:04.843 [JavaFX Application Thread] DEBUG PrimaryStageWindow   - BattleShipMainMenu <- DialogSubScene
11:42:05.297 [JavaFX Application Thread] DEBUG PrimaryStageWindow   - Push state: DialogSubScene
11:42:05.297 [JavaFX Application Thread] DEBUG Input                - Clearing active input actions
11:42:05.298 [JavaFX Application Thread] DEBUG GameApplicationServi - Removing overlay from BattleShipMainMenu and adding to DialogSubScene
11:42:05.298 [JavaFX Application Thread] DEBUG PrimaryStageWindow   - BattleShipMainMenu -> DialogSubScene
11:42:13.298 [JavaFX Application Thread] DEBUG PrimaryStageWindow   - Pop state: DialogSubScene
11:42:13.298 [JavaFX Application Thread] DEBUG Input                - Clearing active input actions
11:42:13.298 [JavaFX Application Thread] DEBUG GameApplicationServi - Removing overlay from DialogSubScene and adding to BattleShipMainMenu
11:42:13.298 [JavaFX Application Thread] DEBUG PrimaryStageWindow   - BattleShipMainMenu <- DialogSubScene
11:42:13.775 [JavaFX Application Thread] DEBUG Menu                 - fireNewGame()
11:42:13.775 [JavaFX Application Thread] DEBUG GameApplicationServi - Starting new game
11:42:13.776 [JavaFX Application Thread] DEBUG PrimaryStageWindow   - Pop state: BattleShipMainMenu
11:42:13.776 [JavaFX Application Thread] DEBUG Input                - Clearing active input actions
11:42:13.776 [JavaFX Application Thread] DEBUG GameApplicationServi - Removing overlay from BattleShipMainMenu and adding to FXGLMainMenuDummyScene
11:42:13.776 [JavaFX Application Thread] DEBUG PrimaryStageWindow   - FXGLMainMenuDummyScene <- BattleShipMainMenu
11:42:13.776 [JavaFX Application Thread] DEBUG Input                - Clearing active input actions
11:42:13.780 [JavaFX Application Thread] DEBUG GameApplicationServi - Removing overlay from FXGLMainMenuDummyScene and adding to FXGLLoadingScene
11:42:13.780 [JavaFX Application Thread] DEBUG PrimaryStageWindow   - FXGLMainMenuDummyScene -> FXGLLoadingScene
11:42:13.781 [JavaFX Application Thread] DEBUG GameApplicationServi - Clearing previous game
11:42:13.781 [JavaFX Application Thread] DEBUG GameScene            - Clearing game scene
11:42:13.781 [JavaFX Application Thread] DEBUG GameWorld            - Clearing game world
11:42:13.781 [JavaFX Application Thread] DEBUG PhysicsWorld         - Clearing physics world
11:42:13.781 [FXGL Background Thread 2 ] DEBUG FXGLApplication      - Initializing game
11:42:13.786 [FXGL Background Thread 2 ] DEBUG FXGLAssetLoaderServi - Loading from file system: file:/D:/battleShip/battleShip_FXGL/target/classes/assets/textures/bg.jpg
11:42:13.815 [FXGL Background Thread 2 ] DEBUG FXGLAssetLoaderServi - Loading from file system: file:/D:/battleShip/battleShip_FXGL/target/classes/assets/textures/ShipContainer.png
11:42:13.820 [FXGL Background Thread 2 ] DEBUG FXGLAssetLoaderServi - Loading from file system: file:/D:/battleShip/battleShip_FXGL/target/classes/assets/textures/ships/ship_b_4_h.png
11:42:13.834 [FXGL Background Thread 2 ] DEBUG FXGLAssetLoaderServi - Loading from file system: file:/D:/battleShip/battleShip_FXGL/target/classes/assets/textures/ships/ship_r_4_h.png
11:42:13.837 [FXGL Background Thread 2 ] DEBUG FXGLAssetLoaderServi - Loading from file system: file:/D:/battleShip/battleShip_FXGL/target/classes/assets/textures/ships/ship_b_3_2_h.png
11:42:13.840 [FXGL Background Thread 2 ] DEBUG FXGLAssetLoaderServi - Loading from file system: file:/D:/battleShip/battleShip_FXGL/target/classes/assets/textures/ships/ship_r_3_2_h.png
11:42:13.842 [FXGL Background Thread 2 ] DEBUG FXGLAssetLoaderServi - Loading from file system: file:/D:/battleShip/battleShip_FXGL/target/classes/assets/textures/ships/ship_b_3_1_h.png
11:42:13.844 [FXGL Background Thread 2 ] DEBUG FXGLAssetLoaderServi - Loading from file system: file:/D:/battleShip/battleShip_FXGL/target/classes/assets/textures/ships/ship_r_3_1_h.png
11:42:13.846 [FXGL Background Thread 2 ] DEBUG FXGLAssetLoaderServi - Loading from file system: file:/D:/battleShip/battleShip_FXGL/target/classes/assets/textures/ships/ship_b_2_h.png
11:42:13.849 [FXGL Background Thread 2 ] DEBUG FXGLAssetLoaderServi - Loading from file system: file:/D:/battleShip/battleShip_FXGL/target/classes/assets/textures/ships/ship_r_2_h.png
11:42:13.852 [FXGL Background Thread 2 ] DEBUG FXGLAssetLoaderServi - Loading from file system: file:/D:/battleShip/battleShip_FXGL/target/classes/assets/textures/Tile.png
11:42:13.868 [FXGL Background Thread 2 ] INFO  FXGLApplication      - Game initialization took: 0.086 sec
11:42:13.868 [JavaFX Application Thread] DEBUG Input                - Clearing active input actions
11:42:13.873 [JavaFX Application Thread] DEBUG GameApplicationServi - Removing overlay from FXGLLoadingScene and adding to GameScene
11:42:13.873 [JavaFX Application Thread] DEBUG PrimaryStageWindow   - FXGLLoadingScene -> GameScene
11:42:13.878 [JavaFX Application Thread] DEBUG FXGLAssetLoaderServi - Loading from file system: file:/D:/battleShip/battleShip_FXGL/target/classes/assets/textures/bg2.jpg
11:42:13.905 [JavaFX Application Thread] DEBUG PrimaryStageWindow   - Push state: DialogSubScene
11:42:13.905 [JavaFX Application Thread] DEBUG Input                - Clearing active input actions
11:42:13.906 [JavaFX Application Thread] DEBUG GameApplicationServi - Removing overlay from GameScene and adding to DialogSubScene
11:42:13.906 [JavaFX Application Thread] DEBUG PrimaryStageWindow   - GameScene -> DialogSubScene
11:42:16.896 [JavaFX Application Thread] DEBUG PrimaryStageWindow   - Pop state: DialogSubScene
11:42:16.896 [JavaFX Application Thread] DEBUG Input                - Clearing active input actions
11:42:16.896 [JavaFX Application Thread] DEBUG GameApplicationServi - Removing overlay from DialogSubScene and adding to GameScene
11:42:16.897 [JavaFX Application Thread] DEBUG PrimaryStageWindow   - GameScene <- DialogSubScene
11:42:16.897 [JavaFX Application Thread] DEBUG PrimaryStageWindow   - Push state: BluePlayerDeployScene
11:42:16.897 [JavaFX Application Thread] DEBUG Input                - Clearing active input actions
11:42:16.897 [JavaFX Application Thread] DEBUG GameApplicationServi - Removing overlay from GameScene and adding to BluePlayerDeployScene
11:42:16.897 [JavaFX Application Thread] DEBUG PrimaryStageWindow   - GameScene -> BluePlayerDeployScene
11:42:16.897 [JavaFX Application Thread] DEBUG PrimaryStageWindow   - Pop state: BluePlayerDeployScene
11:42:16.897 [JavaFX Application Thread] DEBUG Input                - Clearing active input actions
11:42:16.897 [JavaFX Application Thread] DEBUG GameApplicationServi - Removing overlay from BluePlayerDeployScene and adding to GameScene
11:42:16.897 [JavaFX Application Thread] DEBUG PrimaryStageWindow   - GameScene <- BluePlayerDeployScene
11:42:29.386 [JavaFX Application Thread] DEBUG PrimaryStageWindow   - Push state: DialogSubScene
11:42:29.386 [JavaFX Application Thread] DEBUG Input                - Clearing active input actions
11:42:29.386 [JavaFX Application Thread] DEBUG GameApplicationServi - Removing overlay from GameScene and adding to DialogSubScene
11:42:29.386 [JavaFX Application Thread] DEBUG PrimaryStageWindow   - GameScene -> DialogSubScene
11:42:30.159 [JavaFX Application Thread] DEBUG PrimaryStageWindow   - Pop state: DialogSubScene
11:42:30.159 [JavaFX Application Thread] DEBUG Input                - Clearing active input actions
11:42:30.159 [JavaFX Application Thread] DEBUG GameApplicationServi - Removing overlay from DialogSubScene and adding to GameScene
11:42:30.160 [JavaFX Application Thread] DEBUG PrimaryStageWindow   - GameScene <- DialogSubScene
11:42:30.160 [JavaFX Application Thread] DEBUG PrimaryStageWindow   - Push state: RedPlayerDeployScene
11:42:30.160 [JavaFX Application Thread] DEBUG Input                - Clearing active input actions
11:42:30.160 [JavaFX Application Thread] DEBUG GameApplicationServi - Removing overlay from GameScene and adding to RedPlayerDeployScene
11:42:30.160 [JavaFX Application Thread] DEBUG PrimaryStageWindow   - GameScene -> RedPlayerDeployScene
11:42:30.160 [JavaFX Application Thread] DEBUG PrimaryStageWindow   - Pop state: RedPlayerDeployScene
11:42:30.160 [JavaFX Application Thread] DEBUG Input                - Clearing active input actions
11:42:30.160 [JavaFX Application Thread] DEBUG GameApplicationServi - Removing overlay from RedPlayerDeployScene and adding to GameScene
11:42:30.160 [JavaFX Application Thread] DEBUG PrimaryStageWindow   - GameScene <- RedPlayerDeployScene
11:42:49.114 [JavaFX Application Thread] DEBUG PrimaryStageWindow   - Push state: DialogSubScene
11:42:49.114 [JavaFX Application Thread] DEBUG Input                - Clearing active input actions
11:42:49.115 [JavaFX Application Thread] DEBUG GameApplicationServi - Removing overlay from GameScene and adding to DialogSubScene
11:42:49.115 [JavaFX Application Thread] DEBUG PrimaryStageWindow   - GameScene -> DialogSubScene
11:42:49.751 [JavaFX Application Thread] DEBUG PrimaryStageWindow   - Pop state: DialogSubScene
11:42:49.751 [JavaFX Application Thread] DEBUG Input                - Clearing active input actions
11:42:49.752 [JavaFX Application Thread] DEBUG GameApplicationServi - Removing overlay from DialogSubScene and adding to GameScene
11:42:49.752 [JavaFX Application Thread] DEBUG PrimaryStageWindow   - GameScene <- DialogSubScene
11:42:49.752 [JavaFX Application Thread] DEBUG PrimaryStageWindow   - Push state: RedPlayerScene
11:42:49.754 [JavaFX Application Thread] DEBUG Input                - Clearing active input actions
11:42:49.755 [JavaFX Application Thread] DEBUG GameApplicationServi - Removing overlay from GameScene and adding to RedPlayerScene
11:42:49.755 [JavaFX Application Thread] DEBUG PrimaryStageWindow   - GameScene -> RedPlayerScene
11:42:49.755 [JavaFX Application Thread] DEBUG PrimaryStageWindow   - Pop state: RedPlayerScene
11:42:49.755 [JavaFX Application Thread] DEBUG Input                - Clearing active input actions
11:42:49.755 [JavaFX Application Thread] DEBUG GameApplicationServi - Removing overlay from RedPlayerScene and adding to GameScene
11:42:49.755 [JavaFX Application Thread] DEBUG PrimaryStageWindow   - GameScene <- RedPlayerScene
11:42:50.714 [JavaFX Application Thread] DEBUG FXGLAssetLoaderServi - Loading from file system: file:/D:/battleShip/battleShip_FXGL/target/classes/assets/sounds/shot.wav
11:42:50.719 [JavaFX Application Thread] DEBUG FXGLAssetLoaderServi - Loading from file system: file:/D:/battleShip/battleShip_FXGL/target/classes/assets/textures/Player1.png
11:42:50.804 [JavaFX Application Thread] DEBUG FXGLAssetLoaderServi - Loading from file system: file:/D:/battleShip/battleShip_FXGL/target/classes/assets/textures/Player1Hit.png
11:42:50.804 [JavaFX Application Thread] DEBUG FXGLAssetLoaderServi - Loading from file system: file:/D:/battleShip/battleShip_FXGL/target/classes/assets/sounds/hit.wav
11:42:53.581 [JavaFX Application Thread] DEBUG PrimaryStageWindow   - Push state: DialogSubScene
11:42:53.581 [JavaFX Application Thread] DEBUG Input                - Clearing active input actions
11:42:53.582 [JavaFX Application Thread] DEBUG GameApplicationServi - Removing overlay from GameScene and adding to DialogSubScene
11:42:53.582 [JavaFX Application Thread] DEBUG PrimaryStageWindow   - GameScene -> DialogSubScene
11:42:54.135 [JavaFX Application Thread] DEBUG PrimaryStageWindow   - Pop state: DialogSubScene
11:42:54.135 [JavaFX Application Thread] DEBUG Input                - Clearing active input actions
11:42:54.135 [JavaFX Application Thread] DEBUG GameApplicationServi - Removing overlay from DialogSubScene and adding to GameScene
11:42:54.135 [JavaFX Application Thread] DEBUG PrimaryStageWindow   - GameScene <- DialogSubScene
11:42:54.135 [JavaFX Application Thread] DEBUG PrimaryStageWindow   - Push state: BluePlayerScene
11:42:54.136 [JavaFX Application Thread] DEBUG Input                - Clearing active input actions
11:42:54.136 [JavaFX Application Thread] DEBUG GameApplicationServi - Removing overlay from GameScene and adding to BluePlayerScene
11:42:54.136 [JavaFX Application Thread] DEBUG PrimaryStageWindow   - GameScene -> BluePlayerScene
11:42:54.136 [JavaFX Application Thread] DEBUG PrimaryStageWindow   - Pop state: BluePlayerScene
11:42:54.136 [JavaFX Application Thread] DEBUG Input                - Clearing active input actions
11:42:54.136 [JavaFX Application Thread] DEBUG GameApplicationServi - Removing overlay from BluePlayerScene and adding to GameScene
11:42:54.137 [JavaFX Application Thread] DEBUG PrimaryStageWindow   - GameScene <- BluePlayerScene
11:42:57.228 [JavaFX Application Thread] DEBUG PrimaryStageWindow   - Push state: DialogSubScene
11:42:57.229 [JavaFX Application Thread] DEBUG Input                - Clearing active input actions
11:42:57.229 [JavaFX Application Thread] DEBUG GameApplicationServi - Removing overlay from GameScene and adding to DialogSubScene
11:42:57.229 [JavaFX Application Thread] DEBUG PrimaryStageWindow   - GameScene -> DialogSubScene
11:42:58.322 [JavaFX Application Thread] DEBUG PrimaryStageWindow   - Pop state: DialogSubScene
11:42:58.322 [JavaFX Application Thread] DEBUG Input                - Clearing active input actions
11:42:58.322 [JavaFX Application Thread] DEBUG GameApplicationServi - Removing overlay from DialogSubScene and adding to GameScene
11:42:58.322 [JavaFX Application Thread] DEBUG PrimaryStageWindow   - GameScene <- DialogSubScene
11:42:58.322 [JavaFX Application Thread] DEBUG PrimaryStageWindow   - Push state: RedPlayerScene
11:42:58.323 [JavaFX Application Thread] DEBUG Input                - Clearing active input actions
11:42:58.323 [JavaFX Application Thread] DEBUG GameApplicationServi - Removing overlay from GameScene and adding to RedPlayerScene
11:42:58.323 [JavaFX Application Thread] DEBUG PrimaryStageWindow   - GameScene -> RedPlayerScene
11:42:58.323 [JavaFX Application Thread] DEBUG PrimaryStageWindow   - Pop state: RedPlayerScene
11:42:58.323 [JavaFX Application Thread] DEBUG Input                - Clearing active input actions
11:42:58.323 [JavaFX Application Thread] DEBUG GameApplicationServi - Removing overlay from RedPlayerScene and adding to GameScene
11:42:58.323 [JavaFX Application Thread] DEBUG PrimaryStageWindow   - GameScene <- RedPlayerScene
11:43:00.194 [JavaFX Application Thread] DEBUG FXGLAssetLoaderServi - Loading from file system: file:/D:/battleShip/battleShip_FXGL/target/classes/assets/sounds/explosion.wav
11:43:00.197 [JavaFX Application Thread] DEBUG PrimaryStageWindow   - Push state: DialogSubScene
11:43:00.197 [JavaFX Application Thread] DEBUG Input                - Clearing active input actions
11:43:00.197 [JavaFX Application Thread] DEBUG GameApplicationServi - Removing overlay from GameScene and adding to DialogSubScene
11:43:00.197 [JavaFX Application Thread] DEBUG PrimaryStageWindow   - GameScene -> DialogSubScene
11:43:01.025 [JavaFX Application Thread] DEBUG PrimaryStageWindow   - Pop state: DialogSubScene
11:43:01.025 [JavaFX Application Thread] DEBUG Input                - Clearing active input actions
11:43:01.025 [JavaFX Application Thread] DEBUG GameApplicationServi - Removing overlay from DialogSubScene and adding to GameScene
11:43:01.026 [JavaFX Application Thread] DEBUG PrimaryStageWindow   - GameScene <- DialogSubScene
11:43:01.931 [JavaFX Application Thread] DEBUG PrimaryStageWindow   - Push state: DialogSubScene
11:43:01.931 [JavaFX Application Thread] DEBUG Input                - Clearing active input actions
11:43:01.931 [JavaFX Application Thread] DEBUG GameApplicationServi - Removing overlay from GameScene and adding to DialogSubScene
11:43:01.931 [JavaFX Application Thread] DEBUG PrimaryStageWindow   - GameScene -> DialogSubScene
11:43:02.774 [JavaFX Application Thread] DEBUG PrimaryStageWindow   - Pop state: DialogSubScene
11:43:02.774 [JavaFX Application Thread] DEBUG Input                - Clearing active input actions
11:43:02.774 [JavaFX Application Thread] DEBUG GameApplicationServi - Removing overlay from DialogSubScene and adding to GameScene
11:43:02.774 [JavaFX Application Thread] DEBUG PrimaryStageWindow   - GameScene <- DialogSubScene
11:43:03.770 [JavaFX Application Thread] DEBUG PrimaryStageWindow   - Push state: DialogSubScene
11:43:03.770 [JavaFX Application Thread] DEBUG Input                - Clearing active input actions
11:43:03.770 [JavaFX Application Thread] DEBUG GameApplicationServi - Removing overlay from GameScene and adding to DialogSubScene
11:43:03.770 [JavaFX Application Thread] DEBUG PrimaryStageWindow   - GameScene -> DialogSubScene
11:43:04.433 [JavaFX Application Thread] DEBUG PrimaryStageWindow   - Pop state: DialogSubScene
11:43:04.433 [JavaFX Application Thread] DEBUG Input                - Clearing active input actions
11:43:04.434 [JavaFX Application Thread] DEBUG GameApplicationServi - Removing overlay from DialogSubScene and adding to GameScene
11:43:04.434 [JavaFX Application Thread] DEBUG PrimaryStageWindow   - GameScene <- DialogSubScene
11:43:05.196 [JavaFX Application Thread] DEBUG PrimaryStageWindow   - Push state: DialogSubScene
11:43:05.197 [JavaFX Application Thread] DEBUG Input                - Clearing active input actions
11:43:05.197 [JavaFX Application Thread] DEBUG PrimaryStageWindow   - Push state: DialogSubScene
11:43:05.197 [JavaFX Application Thread] DEBUG Input                - Clearing active input actions
11:43:05.197 [JavaFX Application Thread] DEBUG GameApplicationServi - Removing overlay from GameScene and adding to DialogSubScene
11:43:05.198 [JavaFX Application Thread] DEBUG PrimaryStageWindow   - DialogSubScene -> DialogSubScene
11:43:05.198 [JavaFX Application Thread] DEBUG LoopRunner           - Stopping loop
11:43:05.199 [JavaFX Application Thread] FATAL FXGLApplication      - Uncaught Exception:
java.lang.IllegalArgumentException: Children: duplicate children added: parent = Pane@5ddb0b8e
	at javafx.graphics/javafx.scene.Parent$3.onProposedChange(Parent.java:561)
	at javafx.base/com.sun.javafx.collections.VetoableListDecorator.add(VetoableListDecorator.java:206)
	at com.almasb.fxgl.all/com.almasb.fxgl.app.MainWindow.pushState(MainWindow.kt:151)
	at com.almasb.fxgl.all/com.almasb.fxgl.app.FXGLApplication$GameApplicationService.pushSubScene(FXGLApplication.kt:722)
	at com.almasb.fxgl.all/com.almasb.fxgl.app.services.FXGLDialogService.show(FXGLDialogService.kt:99)
	at com.almasb.fxgl.all/com.almasb.fxgl.app.services.FXGLDialogService.show(FXGLDialogService.kt:94)
	at com.almasb.fxgl.all/com.almasb.fxgl.app.services.FXGLDialogService.showConfirmationBox(FXGLDialogService.kt:134)
	at fi.utu.tech.gui.javafx.battleship/fi.utu.tech.gui.javafx.fxgl.BattleShipApp.nextScene(BattleShipApp.java:225)
	at fi.utu.tech.gui.javafx.battleship/fi.utu.tech.gui.javafx.fxgl.BattleShipApp.lambda$initGame$9(BattleShipApp.java:324)
	at com.almasb.fxgl.time/com.almasb.fxgl.time.TimerAction.update(TimerAction.kt:69)
	at com.almasb.fxgl.time/com.almasb.fxgl.time.Timer.update(Timer.kt:38)
	at com.almasb.fxgl.scene/com.almasb.fxgl.scene.Scene.update(Scene.kt:103)
	at com.almasb.fxgl.all/com.almasb.fxgl.app.MainWindow$update$1.invoke(MainWindow.kt:101)
	at com.almasb.fxgl.all/com.almasb.fxgl.app.MainWindow$update$1.invoke(MainWindow.kt:41)
	at com.almasb.fxgl.core/com.almasb.fxgl.core.fsm.StateMachine.runOnActiveStates(StateMachine.kt:69)
	at com.almasb.fxgl.all/com.almasb.fxgl.app.MainWindow.update(MainWindow.kt:101)
	at com.almasb.fxgl.all/com.almasb.fxgl.app.FXGLApplication$GameApplicationService.onUpdate(FXGLApplication.kt:457)
	at com.almasb.fxgl.all/com.almasb.fxgl.app.Engine.loop(Engine.kt:133)
	at com.almasb.fxgl.all/com.almasb.fxgl.app.Engine.access$loop(Engine.kt:24)
	at com.almasb.fxgl.all/com.almasb.fxgl.app.Engine$loop$1.invoke(Engine.kt:28)
	at com.almasb.fxgl.all/com.almasb.fxgl.app.Engine$loop$1.invoke(Engine.kt:24)
	at com.almasb.fxgl.all/com.almasb.fxgl.app.LoopRunner.frame(LoopRunner.kt:103)
	at com.almasb.fxgl.all/com.almasb.fxgl.app.LoopRunner.access$frame(LoopRunner.kt:23)
	at com.almasb.fxgl.all/com.almasb.fxgl.app.LoopRunner$impl$2$1.onTick(LoopRunner.kt:57)
	at com.almasb.fxgl.all/com.almasb.fxgl.app.AnimationTimerLoop$timer$1.handle(LoopRunner.kt:133)
	at javafx.graphics/javafx.animation.AnimationTimer$AnimationTimerReceiver.lambda$handle$0(AnimationTimer.java:57)
	at java.base/java.security.AccessController.doPrivileged(Native Method)
	at javafx.graphics/javafx.animation.AnimationTimer$AnimationTimerReceiver.handle(AnimationTimer.java:56)
	at javafx.graphics/com.sun.scenario.animation.AbstractMasterTimer.timePulseImpl(AbstractMasterTimer.java:357)
	at javafx.graphics/com.sun.scenario.animation.AbstractMasterTimer$MainLoop.run(AbstractMasterTimer.java:267)
	at javafx.graphics/com.sun.javafx.tk.quantum.QuantumToolkit.pulse(QuantumToolkit.java:559)
	at javafx.graphics/com.sun.javafx.tk.quantum.QuantumToolkit.pulse(QuantumToolkit.java:543)
	at javafx.graphics/com.sun.javafx.tk.quantum.QuantumToolkit.pulseFromQueue(QuantumToolkit.java:536)
	at javafx.graphics/com.sun.javafx.tk.quantum.QuantumToolkit.lambda$runToolkit$11(QuantumToolkit.java:342)
	at javafx.graphics/com.sun.glass.ui.InvokeLaterDispatcher$Future.run(InvokeLaterDispatcher.java:96)
	at javafx.graphics/com.sun.glass.ui.win.WinApplication._runLoop(Native Method)
	at javafx.graphics/com.sun.glass.ui.win.WinApplication.lambda$runLoop$3(WinApplication.java:174)
	at java.base/java.lang.Thread.run(Thread.java:829)

11:43:05.199 [JavaFX Application Thread] FATAL FXGLApplication      - Application will now exit
11:43:05.209 [JavaFX Application Thread] DEBUG PrimaryStageWindow   - Push state: ErrorSubScene
11:43:05.209 [JavaFX Application Thread] DEBUG Input                - Clearing active input actions
11:43:05.210 [JavaFX Application Thread] DEBUG GameApplicationServi - Removing overlay from DialogSubScene and adding to ErrorSubScene
11:43:05.210 [JavaFX Application Thread] DEBUG PrimaryStageWindow   - DialogSubScene -> ErrorSubScene
11:43:09.027 [JavaFX Application Thread] DEBUG FXGLApplication      - Exiting FXGL
11:43:09.027 [JavaFX Application Thread] DEBUG Async                - Shutting down background threads
11:43:09.027 [JavaFX Application Thread] DEBUG PrimaryStageWindow   - Closing main window
11:43:09.046 [JavaFX Application Thread] DEBUG Logger               - Closing Logger
