14:24:50.432 [main                     ] DEBUG Logger               - Configured Logger
14:24:50.461 [main                     ] DEBUG GameApplication      - Logging settings
Title: BattleShip_FXGL
Version: 0.1
Width: 1920
Height: 1080
Fullscreen: true
Intro: true
Profiling: false
Single step:false
App Mode: DEVELOPER
Menu Key: ESCAPE
Stage Style: DECORATED
Scene Factory: class fi.utu.tech.gui.javafx.fxgl.BattleShipApp$1

14:24:50.851 [JavaFX Application Thread] DEBUG FXGLApplication      - Initializing FXGL
14:24:50.852 [JavaFX Application Thread] INFO  Engine               - FXGL-11.14 (01.03.2021 16.59) on WINDOWS (J:11.0.10 FX:15)
14:24:50.853 [JavaFX Application Thread] DEBUG Engine               - JRE Vendor Name: Amazon.com Inc.
14:24:50.853 [JavaFX Application Thread] DEBUG Engine               - Running on OS: Windows 10 version 10.0
14:24:50.853 [JavaFX Application Thread] DEBUG Engine               - Architecture: amd64
14:24:50.853 [JavaFX Application Thread] INFO  Engine               - Source code and latest versions at: https://github.com/AlmasB/FXGL
14:24:50.853 [JavaFX Application Thread] INFO  Engine               -              Join the FXGL chat at: https://gitter.im/AlmasB/FXGL
14:24:50.939 [JavaFX Application Thread] DEBUG PrimaryStageWindow   - Creating a JavaFX scene
14:24:50.988 [JavaFX Application Thread] DEBUG PrimaryStageWindow   - Target settings size: 1920.0 x 1080.0
14:24:50.988 [JavaFX Application Thread] DEBUG PrimaryStageWindow   - Scaled scene size:    1920.0 x 1080.0
14:24:50.988 [JavaFX Application Thread] DEBUG PrimaryStageWindow   - Scaled ratio: (1.0, 1.0)
14:24:50.989 [JavaFX Application Thread] DEBUG PrimaryStageWindow   - Set initial scene to FXGLStartupScene
14:24:50.994 [JavaFX Application Thread] DEBUG PrimaryStageWindow   - Opening main window
14:24:51.073 [JavaFX Application Thread] DEBUG PrimaryStageWindow   - Window border size: (16.0, 39.0)
14:24:51.073 [JavaFX Application Thread] DEBUG PrimaryStageWindow   - Scaled size: 1920.0 x 1080.0
14:24:51.073 [JavaFX Application Thread] DEBUG PrimaryStageWindow   - Scaled ratio: (1.0, 1.0)
14:24:51.074 [JavaFX Application Thread] DEBUG PrimaryStageWindow   - Scene size: 1920.0 x 1080.0
14:24:51.074 [JavaFX Application Thread] DEBUG PrimaryStageWindow   - Stage size: 1936.0 x 1119.0
14:24:51.136 [JavaFX Application Thread] DEBUG PrimaryStageWindow   - Going fullscreen
14:24:51.143 [FXGL Background Thread 1 ] DEBUG Engine               - Initializing environment variables
14:24:51.180 [FXGL Background Thread 1 ] DEBUG FXGLAssetLoaderServi - User app class for loading assets: class fi.utu.tech.gui.javafx.fxgl.BattleShipApp
14:24:51.180 [FXGL Background Thread 1 ] DEBUG GameApplicationServi - Applying CSS: fxgl_dark.css
14:24:51.181 [FXGL Background Thread 1 ] DEBUG FXGLAssetLoaderServi - Loading from file system: jar:file:///C:/Users/box69/.m2/repository/com/github/almasb/fxgl/11.14/fxgl-11.14.jar!/fxglassets/ui/css/fxgl_dark.css
14:24:51.231 [FXGL Background Thread 1 ] DEBUG GameApplicationServi - Initializing application scenes
14:24:51.312 [FXGL Background Thread 1 ] DEBUG GameWorld            - Game world initialized
14:24:51.365 [FXGL Background Thread 1 ] DEBUG PhysicsWorld         - Physics world initialized: appHeight=1080, physics.ppm=50.0
14:24:51.366 [FXGL Background Thread 1 ] DEBUG PhysicsWorld         - Using strategy: BRUTE_FORCE
14:24:51.367 [FXGL Background Thread 1 ] DEBUG GameScene            - Game scene initialized: 1920x1080
14:24:51.370 [FXGL Background Thread 1 ] DEBUG FXGLAssetLoaderServi - Loading from file system: jar:file:///C:/Users/box69/.m2/repository/com/github/almasb/fxgl/11.14/fxgl-11.14.jar!/fxglassets/textures/intro/fxgl_logo.png
14:24:51.403 [FXGL Background Thread 1 ] DEBUG FXGLAssetLoaderServi - Loading from file system: jar:file:///C:/Users/box69/.m2/repository/com/github/almasb/fxgl/11.14/fxgl-11.14.jar!/fxglassets/textures/intro/javafx_logo.png
14:24:51.528 [FXGL Background Thread 1 ] DEBUG FXGLAssetLoaderServi - Loading from file system: file:/D:/battleShip/battleShip_FXGL/target/classes/assets/textures/Nebula_Red.png
14:24:51.703 [FXGL Background Thread 1 ] DEBUG FXGLAssetLoaderServi - Loading from file system: jar:file:///C:/Users/box69/.m2/repository/com/github/almasb/fxgl/11.14/fxgl-11.14.jar!/fxglassets/textures/pause_menu_bg.png
14:24:51.714 [FXGL Background Thread 1 ] DEBUG GameApplicationServi - Application scenes initialized
14:24:51.722 [FXGL Background Thread 1 ] DEBUG SystemBundleService  - Loading FXGL system data
14:24:51.724 [FXGL Background Thread 1 ] DEBUG FileSystemAccess     - Reading from: D:\battleShip\battleShip_FXGL\system\fxgl.bundle
14:24:51.734 [FXGL Background Thread 1 ] DEBUG SystemBundleService  - Bundle FXGL: {}
14:24:51.734 [FXGL Background Thread 1 ] DEBUG UpdaterService       - Checking for updates
14:24:51.737 [FXGL Background Thread 4 ] DEBUG FXGLApplication      - Loading fonts
14:24:51.737 [FXGL Background Thread 1 ] DEBUG FXGLApplication      - Loading default localization
14:24:51.737 [FXGL Background Thread 4 ] DEBUG FXGLAssetLoaderServi - Loading from file system: jar:file:///C:/Users/box69/.m2/repository/com/github/almasb/fxgl/11.14/fxgl-11.14.jar!/fxglassets/ui/fonts/VarelaRound-Regular.ttf
14:24:51.737 [FXGL Background Thread 1 ] DEBUG FXGLAssetLoaderServi - Loading from file system: jar:file:///C:/Users/box69/.m2/repository/com/github/almasb/fxgl/11.14/fxgl-11.14.jar!/fxglassets/languages/english.lang
14:24:51.748 [FXGL Background Thread 1 ] INFO  FXGLApplication      - FXGL initialization took: 0.606 sec
14:24:51.761 [JavaFX Application Thread] DEBUG Input                - Registered new binding: Change Scene - Space
14:24:51.762 [JavaFX Application Thread] DEBUG Input                - Registered new binding: action0 - R
14:24:51.763 [JavaFX Application Thread] DEBUG Input                - Registered new binding: Deploy - RMB
14:24:51.763 [JavaFX Application Thread] DEBUG Input                - Registered new binding: Attack - LMB
14:24:51.764 [JavaFX Application Thread] DEBUG FXGLAssetLoaderServi - Loading from file system: file:/D:/battleShip/battleShip_FXGL/target/classes/assets/music/CrashedShip.mp3
14:24:51.919 [JavaFX Application Thread] DEBUG AudioPlayer          - Playing music com.almasb.fxgl.audio.Music@6b8aa3ec
14:24:51.919 [JavaFX Application Thread] DEBUG FXGLAssetLoaderServi - Loading from file system: jar:file:///C:/Users/box69/.m2/repository/com/github/almasb/fxgl/11.14/fxgl-11.14.jar!/fxglassets/textures/fxgl_icon.png
14:24:51.933 [JavaFX Application Thread] DEBUG FXGLAssetLoaderServi - Loading from file system: jar:file:///C:/Users/box69/.m2/repository/com/github/almasb/fxgl/11.14/fxgl-11.14.jar!/fxglassets/ui/cursors/fxgl_default.png
14:24:51.934 [JavaFX Application Thread] DEBUG Input                - Registered new binding: Screenshot - P
14:24:51.935 [JavaFX Application Thread] DEBUG Input                - Registered new binding: System info dump - CTRL+9
14:24:51.935 [JavaFX Application Thread] DEBUG Input                - Registered new binding: Restart - CTRL+R
14:24:51.936 [JavaFX Application Thread] DEBUG Input                - Registered new binding: Toggle Debug Camera - CTRL+C
14:24:51.937 [JavaFX Application Thread] DEBUG LoopRunner           - Starting loop
14:24:51.937 [JavaFX Application Thread] DEBUG LoopRunner           - Initializing JavaFX AnimationTimerLoop
14:24:51.962 [JavaFX Application Thread] DEBUG Input                - Clearing active input actions
14:24:51.971 [JavaFX Application Thread] DEBUG GameApplicationServi - Removing overlay from FXGLStartupScene and adding to FXGLIntroScene
14:24:51.971 [JavaFX Application Thread] DEBUG PrimaryStageWindow   - FXGLStartupScene -> FXGLIntroScene
14:24:52.171 [FXGL Background Thread 4 ] DEBUG FXGLAssetLoaderServi - Loading from file system: jar:file:///C:/Users/box69/.m2/repository/com/github/almasb/fxgl/11.14/fxgl-11.14.jar!/fxglassets/ui/fonts/Abel-Regular.ttf
14:24:52.174 [FXGL Background Thread 4 ] DEBUG FXGLAssetLoaderServi - Loading from file system: jar:file:///C:/Users/box69/.m2/repository/com/github/almasb/fxgl/11.14/fxgl-11.14.jar!/fxglassets/ui/fonts/lucida_console.ttf
14:24:52.178 [FXGL Background Thread 4 ] DEBUG FXGLAssetLoaderServi - Loading from file system: jar:file:///C:/Users/box69/.m2/repository/com/github/almasb/fxgl/11.14/fxgl-11.14.jar!/fxglassets/ui/fonts/Courier-Prime.ttf
14:24:52.184 [JavaFX Application Thread] DEBUG FXGLApplication      - Registering font factories with UI factory
14:24:54.737 [FXGL Background Thread 3 ] DEBUG Engine               - Logging environment variables
14:24:54.737 [FXGL Background Thread 3 ] DEBUG Engine               - achievements: []
14:24:54.737 [FXGL Background Thread 3 ] DEBUG Engine               - actualHeight: 1080.0
14:24:54.738 [FXGL Background Thread 3 ] DEBUG Engine               - actualHeightProperty: ReadOnlyDoubleProperty [value: 1080.0]
14:24:54.738 [FXGL Background Thread 3 ] DEBUG Engine               - actualWidth: 1920.0
14:24:54.738 [FXGL Background Thread 3 ] DEBUG Engine               - actualWidthProperty: ReadOnlyDoubleProperty [value: 1920.0]
14:24:54.738 [FXGL Background Thread 3 ] DEBUG Engine               - appIcon: fxgl_icon.png
14:24:54.738 [FXGL Background Thread 3 ] DEBUG Engine               - applicationMode: DEVELOPER
14:24:54.738 [FXGL Background Thread 3 ] DEBUG Engine               - cSSList: [fxgl_dark.css]
14:24:54.738 [FXGL Background Thread 3 ] DEBUG Engine               - collisionDetectionStrategy: BRUTE_FORCE
14:24:54.738 [FXGL Background Thread 3 ] DEBUG Engine               - configClass: Optional.empty
14:24:54.738 [FXGL Background Thread 3 ] DEBUG Engine               - credits: []
14:24:54.738 [FXGL Background Thread 3 ] DEBUG Engine               - devBBoxColorProperty: ObjectProperty [value: 0xff0000ff]
14:24:54.738 [FXGL Background Thread 3 ] DEBUG Engine               - devEnableDebugCameraProperty: BooleanProperty [value: false]
14:24:54.739 [FXGL Background Thread 3 ] DEBUG Engine               - devSensorColorProperty: ObjectProperty [value: 0xffff00ff]
14:24:54.739 [FXGL Background Thread 3 ] DEBUG Engine               - devShowBBoxProperty: BooleanProperty [value: false]
14:24:54.739 [FXGL Background Thread 3 ] DEBUG Engine               - devShowPositionProperty: BooleanProperty [value: false]
14:24:54.739 [FXGL Background Thread 3 ] DEBUG Engine               - enabledMenuItems: []
14:24:54.739 [FXGL Background Thread 3 ] DEBUG Engine               - engineServices: [class com.almasb.fxgl.app.services.FXGLAssetLoaderService, class com.almasb.fxgl.app.FXGLApplication$GameApplicationService, class com.almasb.fxgl.app.services.FXGLDialogService, class com.almasb.fxgl.app.services.IOTaskExecutorService, class com.almasb.fxgl.event.EventBusService, class com.almasb.fxgl.io.FileSystemService, class com.almasb.fxgl.localization.LocalizationService, class com.almasb.fxgl.app.services.SystemBundleService, class com.almasb.fxgl.profile.SaveLoadService, class com.almasb.fxgl.ui.FXGLUIFactoryServiceProvider, class com.almasb.fxgl.ui.FXGLDialogFactoryServiceProvider, class com.almasb.fxgl.audio.AudioPlayer, class com.almasb.fxgl.notification.impl.NotificationServiceProvider, class com.almasb.fxgl.achievement.AchievementService, class com.almasb.fxgl.cutscene.CutsceneService, class com.almasb.fxgl.minigames.MiniGameService, class com.almasb.fxgl.net.NetService, class com.almasb.fxgl.app.services.UpdaterService, class com.almasb.fxgl.dev.DevService]
14:24:54.739 [FXGL Background Thread 3 ] DEBUG Engine               - fontGame: Abel-Regular.ttf
14:24:54.739 [FXGL Background Thread 3 ] DEBUG Engine               - fontMono: lucida_console.ttf
14:24:54.739 [FXGL Background Thread 3 ] DEBUG Engine               - fontText: Courier-Prime.ttf
14:24:54.739 [FXGL Background Thread 3 ] DEBUG Engine               - fontUI: VarelaRound-Regular.ttf
14:24:54.739 [FXGL Background Thread 3 ] DEBUG Engine               - fullScreen: BooleanProperty [value: true]
14:24:54.739 [FXGL Background Thread 3 ] DEBUG Engine               - gameDifficulty: MEDIUM
14:24:54.739 [FXGL Background Thread 3 ] DEBUG Engine               - gameDifficultyProperty: ObjectProperty [value: MEDIUM]
14:24:54.739 [FXGL Background Thread 3 ] DEBUG Engine               - globalMusicVolume: 0.5
14:24:54.740 [FXGL Background Thread 3 ] DEBUG Engine               - globalMusicVolumeProperty: DoubleProperty [value: 0.2]
14:24:54.740 [FXGL Background Thread 3 ] DEBUG Engine               - globalSoundVolume: 0.5
14:24:54.740 [FXGL Background Thread 3 ] DEBUG Engine               - globalSoundVolumeProperty: DoubleProperty [value: 0.4]
14:24:54.740 [FXGL Background Thread 3 ] DEBUG Engine               - height: 1080
14:24:54.740 [FXGL Background Thread 3 ] DEBUG Engine               - isAndroid: false
14:24:54.740 [FXGL Background Thread 3 ] DEBUG Engine               - isBrowser: false
14:24:54.740 [FXGL Background Thread 3 ] DEBUG Engine               - isClickFeedbackEnabled: false
14:24:54.740 [FXGL Background Thread 3 ] DEBUG Engine               - isCloseConfirmation: false
14:24:54.740 [FXGL Background Thread 3 ] DEBUG Engine               - isDesktop: true
14:24:54.740 [FXGL Background Thread 3 ] DEBUG Engine               - isDeveloperMenuEnabled: false
14:24:54.740 [FXGL Background Thread 3 ] DEBUG Engine               - isEntityPreloadEnabled: true
14:24:54.741 [FXGL Background Thread 3 ] DEBUG Engine               - isExperimental3D: false
14:24:54.741 [FXGL Background Thread 3 ] DEBUG Engine               - isExperimentalNative: false
14:24:54.741 [FXGL Background Thread 3 ] DEBUG Engine               - isExperimentalTiledLargeMap: false
14:24:54.741 [FXGL Background Thread 3 ] DEBUG Engine               - isFileSystemWriteAllowed: true
14:24:54.741 [FXGL Background Thread 3 ] DEBUG Engine               - isFullScreenAllowed: true
14:24:54.741 [FXGL Background Thread 3 ] DEBUG Engine               - isFullScreenFromStart: true
14:24:54.741 [FXGL Background Thread 3 ] DEBUG Engine               - isGameMenuEnabled: true
14:24:54.741 [FXGL Background Thread 3 ] DEBUG Engine               - isIOS: false
14:24:54.741 [FXGL Background Thread 3 ] DEBUG Engine               - isIntroEnabled: true
14:24:54.741 [FXGL Background Thread 3 ] DEBUG Engine               - isLinux: false
14:24:54.741 [FXGL Background Thread 3 ] DEBUG Engine               - isMac: false
14:24:54.741 [FXGL Background Thread 3 ] DEBUG Engine               - isMainMenuEnabled: true
14:24:54.741 [FXGL Background Thread 3 ] DEBUG Engine               - isManualResizeEnabled: false
14:24:54.741 [FXGL Background Thread 3 ] DEBUG Engine               - isMobile: false
14:24:54.742 [FXGL Background Thread 3 ] DEBUG Engine               - isPreserveResizeRatio: false
14:24:54.742 [FXGL Background Thread 3 ] DEBUG Engine               - isProfilingEnabled: false
14:24:54.742 [FXGL Background Thread 3 ] DEBUG Engine               - isScaleAffectedOnResize: true
14:24:54.742 [FXGL Background Thread 3 ] DEBUG Engine               - isSingleStep: false
14:24:54.742 [FXGL Background Thread 3 ] DEBUG Engine               - isUserProfileEnabled: false
14:24:54.742 [FXGL Background Thread 3 ] DEBUG Engine               - isWindows: true
14:24:54.742 [FXGL Background Thread 3 ] DEBUG Engine               - language: ObjectProperty [value: ENGLISH]
14:24:54.742 [FXGL Background Thread 3 ] DEBUG Engine               - menuKey: ESCAPE
14:24:54.742 [FXGL Background Thread 3 ] DEBUG Engine               - notificationViewClass: class com.almasb.fxgl.notification.view.XboxNotificationView
14:24:54.742 [FXGL Background Thread 3 ] DEBUG Engine               - pixelsPerMeter: 50.0
14:24:54.742 [FXGL Background Thread 3 ] DEBUG Engine               - platform: WINDOWS
14:24:54.743 [FXGL Background Thread 3 ] DEBUG Engine               - prefHeightProperty: ReadOnlyDoubleProperty [value: 1080.0]
14:24:54.743 [FXGL Background Thread 3 ] DEBUG Engine               - prefWidthProperty: ReadOnlyDoubleProperty [value: 1920.0]
14:24:54.743 [FXGL Background Thread 3 ] DEBUG Engine               - profileDir: profiles/
14:24:54.743 [FXGL Background Thread 3 ] DEBUG Engine               - profileName: StringProperty [value: DEFAULT]
14:24:54.743 [FXGL Background Thread 3 ] DEBUG Engine               - randomSeed: -1
14:24:54.743 [FXGL Background Thread 3 ] DEBUG Engine               - runtimeInfo: RuntimeInfo(platform=WINDOWS, version=11.14, build=01.03.2021 16.59)
14:24:54.743 [FXGL Background Thread 3 ] DEBUG Engine               - saveFileExt: sav
14:24:54.743 [FXGL Background Thread 3 ] DEBUG Engine               - scaledHeightProp$fxgl: DoubleProperty [bound, value: 1080.0]
14:24:54.743 [FXGL Background Thread 3 ] DEBUG Engine               - scaledWidthProp$fxgl: DoubleProperty [bound, value: 1920.0]
14:24:54.743 [FXGL Background Thread 3 ] DEBUG Engine               - sceneFactory: fi.utu.tech.gui.javafx.fxgl.BattleShipApp$1@3a5e27a4
14:24:54.743 [FXGL Background Thread 3 ] DEBUG Engine               - secondsIn24h: 60
14:24:54.743 [FXGL Background Thread 3 ] DEBUG Engine               - soundMenuBack: menu/back.wav
14:24:54.744 [FXGL Background Thread 3 ] DEBUG Engine               - soundMenuPress: menu/press.wav
14:24:54.744 [FXGL Background Thread 3 ] DEBUG Engine               - soundMenuSelect: menu/select.wav
14:24:54.744 [FXGL Background Thread 3 ] DEBUG Engine               - soundNotification: core/notification.wav
14:24:54.744 [FXGL Background Thread 3 ] DEBUG Engine               - stageStyle: DECORATED
14:24:54.744 [FXGL Background Thread 3 ] DEBUG Engine               - supportedLanguages: [ENGLISH, FRENCH, GERMAN, HUNGARIAN, RUSSIAN]
14:24:54.744 [FXGL Background Thread 3 ] DEBUG Engine               - ticksPerSecond: -1
14:24:54.744 [FXGL Background Thread 3 ] DEBUG Engine               - title: BattleShip_FXGL
14:24:54.744 [FXGL Background Thread 3 ] DEBUG Engine               - urlGithub: https://github.com/AlmasB/FXGL
14:24:54.744 [FXGL Background Thread 3 ] DEBUG Engine               - urlLeaderboard: http://fxgl-top.herokuapp.com/
14:24:54.744 [FXGL Background Thread 3 ] DEBUG Engine               - urlPOM: https://raw.githubusercontent.com/AlmasB/FXGL/release/README.md
14:24:54.744 [FXGL Background Thread 3 ] DEBUG Engine               - userAppClass: class fi.utu.tech.gui.javafx.fxgl.BattleShipApp
14:24:54.744 [FXGL Background Thread 3 ] DEBUG Engine               - version: 0.1
14:24:54.744 [FXGL Background Thread 3 ] DEBUG Engine               - versionCheckDays: 7
14:24:54.744 [FXGL Background Thread 3 ] DEBUG Engine               - width: 1920
14:24:54.744 [FXGL Background Thread 3 ] DEBUG Engine               - Logging services
14:24:54.745 [FXGL Background Thread 3 ] DEBUG Engine               - class com.almasb.fxgl.app.services.FXGLAssetLoaderService
14:24:54.745 [FXGL Background Thread 3 ] DEBUG Engine               - class com.almasb.fxgl.app.FXGLApplication$GameApplicationService
14:24:54.745 [FXGL Background Thread 3 ] DEBUG Engine               - class com.almasb.fxgl.app.services.FXGLDialogService
14:24:54.745 [FXGL Background Thread 3 ] DEBUG Engine               - class com.almasb.fxgl.app.services.IOTaskExecutorService
14:24:54.745 [FXGL Background Thread 3 ] DEBUG Engine               - class com.almasb.fxgl.event.EventBusService
14:24:54.745 [FXGL Background Thread 3 ] DEBUG Engine               - class com.almasb.fxgl.io.FileSystemService
14:24:54.745 [FXGL Background Thread 3 ] DEBUG Engine               - class com.almasb.fxgl.localization.LocalizationService
14:24:54.745 [FXGL Background Thread 3 ] DEBUG Engine               - class com.almasb.fxgl.app.services.SystemBundleService
14:24:54.745 [FXGL Background Thread 3 ] DEBUG Engine               - class com.almasb.fxgl.profile.SaveLoadService
14:24:54.746 [FXGL Background Thread 3 ] DEBUG Engine               - class com.almasb.fxgl.ui.FXGLUIFactoryServiceProvider
14:24:54.746 [FXGL Background Thread 3 ] DEBUG Engine               - class com.almasb.fxgl.ui.FXGLDialogFactoryServiceProvider
14:24:54.746 [FXGL Background Thread 3 ] DEBUG Engine               - class com.almasb.fxgl.audio.AudioPlayer
14:24:54.746 [FXGL Background Thread 3 ] DEBUG Engine               - class com.almasb.fxgl.notification.impl.NotificationServiceProvider
14:24:54.746 [FXGL Background Thread 3 ] DEBUG Engine               - class com.almasb.fxgl.achievement.AchievementService
14:24:54.746 [FXGL Background Thread 3 ] DEBUG Engine               - class com.almasb.fxgl.cutscene.CutsceneService
14:24:54.746 [FXGL Background Thread 3 ] DEBUG Engine               - class com.almasb.fxgl.minigames.MiniGameService
14:24:54.746 [FXGL Background Thread 3 ] DEBUG Engine               - class com.almasb.fxgl.net.NetService
14:24:54.746 [FXGL Background Thread 3 ] DEBUG Engine               - class com.almasb.fxgl.app.services.UpdaterService
14:24:54.746 [FXGL Background Thread 3 ] DEBUG Engine               - class com.almasb.fxgl.dev.DevService
14:24:57.176 [JavaFX Application Thread] DEBUG Input                - Clearing active input actions
14:24:57.183 [JavaFX Application Thread] DEBUG GameApplicationServi - Removing overlay from FXGLIntroScene and adding to FXGLMainMenuDummyScene
14:24:57.183 [JavaFX Application Thread] DEBUG PrimaryStageWindow   - FXGLIntroScene -> FXGLMainMenuDummyScene
14:24:57.183 [JavaFX Application Thread] DEBUG PrimaryStageWindow   - Push state: BattleShipMainMenu
14:24:57.183 [JavaFX Application Thread] DEBUG Input                - Clearing active input actions
14:24:57.186 [JavaFX Application Thread] DEBUG GameApplicationServi - Removing overlay from FXGLMainMenuDummyScene and adding to BattleShipMainMenu
14:24:57.186 [JavaFX Application Thread] DEBUG PrimaryStageWindow   - FXGLMainMenuDummyScene -> BattleShipMainMenu
14:25:01.101 [JavaFX Application Thread] DEBUG PrimaryStageWindow   - Push state: DialogSubScene
14:25:01.101 [JavaFX Application Thread] DEBUG Input                - Clearing active input actions
14:25:01.105 [JavaFX Application Thread] DEBUG GameApplicationServi - Removing overlay from BattleShipMainMenu and adding to DialogSubScene
14:25:01.105 [JavaFX Application Thread] DEBUG PrimaryStageWindow   - BattleShipMainMenu -> DialogSubScene
14:25:12.338 [JavaFX Application Thread] DEBUG PrimaryStageWindow   - Pop state: DialogSubScene
14:25:12.338 [JavaFX Application Thread] DEBUG Input                - Clearing active input actions
14:25:12.338 [JavaFX Application Thread] DEBUG GameApplicationServi - Removing overlay from DialogSubScene and adding to BattleShipMainMenu
14:25:12.338 [JavaFX Application Thread] DEBUG PrimaryStageWindow   - BattleShipMainMenu <- DialogSubScene
14:25:12.706 [JavaFX Application Thread] DEBUG Menu                 - fireNewGame()
14:25:12.706 [JavaFX Application Thread] DEBUG GameApplicationServi - Starting new game
14:25:12.706 [JavaFX Application Thread] DEBUG PrimaryStageWindow   - Pop state: BattleShipMainMenu
14:25:12.706 [JavaFX Application Thread] DEBUG Input                - Clearing active input actions
14:25:12.706 [JavaFX Application Thread] DEBUG GameApplicationServi - Removing overlay from BattleShipMainMenu and adding to FXGLMainMenuDummyScene
14:25:12.706 [JavaFX Application Thread] DEBUG PrimaryStageWindow   - FXGLMainMenuDummyScene <- BattleShipMainMenu
14:25:12.706 [JavaFX Application Thread] DEBUG Input                - Clearing active input actions
14:25:12.711 [JavaFX Application Thread] DEBUG GameApplicationServi - Removing overlay from FXGLMainMenuDummyScene and adding to FXGLLoadingScene
14:25:12.711 [JavaFX Application Thread] DEBUG PrimaryStageWindow   - FXGLMainMenuDummyScene -> FXGLLoadingScene
14:25:12.711 [JavaFX Application Thread] DEBUG GameApplicationServi - Clearing previous game
14:25:12.711 [JavaFX Application Thread] DEBUG GameScene            - Clearing game scene
14:25:12.711 [JavaFX Application Thread] DEBUG GameWorld            - Clearing game world
14:25:12.711 [JavaFX Application Thread] DEBUG PhysicsWorld         - Clearing physics world
14:25:12.712 [FXGL Background Thread 2 ] DEBUG FXGLApplication      - Initializing game
14:25:12.717 [FXGL Background Thread 2 ] DEBUG FXGLAssetLoaderServi - Loading from file system: file:/D:/battleShip/battleShip_FXGL/target/classes/assets/textures/bg.jpg
14:25:12.754 [FXGL Background Thread 2 ] DEBUG FXGLAssetLoaderServi - Loading from file system: file:/D:/battleShip/battleShip_FXGL/target/classes/assets/textures/ShipContainer.png
14:25:12.758 [FXGL Background Thread 2 ] DEBUG FXGLAssetLoaderServi - Loading from file system: file:/D:/battleShip/battleShip_FXGL/target/classes/assets/textures/ships/ship_b_5_h.png
14:25:12.770 [FXGL Background Thread 2 ] DEBUG FXGLAssetLoaderServi - Loading from file system: file:/D:/battleShip/battleShip_FXGL/target/classes/assets/textures/ships/ship_r_5_h.png
14:25:12.773 [FXGL Background Thread 2 ] DEBUG FXGLAssetLoaderServi - Loading from file system: file:/D:/battleShip/battleShip_FXGL/target/classes/assets/textures/ships/ship_b_4_h.png
14:25:12.775 [FXGL Background Thread 2 ] DEBUG FXGLAssetLoaderServi - Loading from file system: file:/D:/battleShip/battleShip_FXGL/target/classes/assets/textures/ships/ship_r_4_h.png
14:25:12.776 [FXGL Background Thread 2 ] DEBUG FXGLAssetLoaderServi - Loading from file system: file:/D:/battleShip/battleShip_FXGL/target/classes/assets/textures/ships/ship_b_3_2_h.png
14:25:12.779 [FXGL Background Thread 2 ] DEBUG FXGLAssetLoaderServi - Loading from file system: file:/D:/battleShip/battleShip_FXGL/target/classes/assets/textures/ships/ship_r_3_2_h.png
14:25:12.781 [FXGL Background Thread 2 ] DEBUG FXGLAssetLoaderServi - Loading from file system: file:/D:/battleShip/battleShip_FXGL/target/classes/assets/textures/ships/ship_b_3_1_h.png
14:25:12.784 [FXGL Background Thread 2 ] DEBUG FXGLAssetLoaderServi - Loading from file system: file:/D:/battleShip/battleShip_FXGL/target/classes/assets/textures/ships/ship_r_3_1_h.png
14:25:12.786 [FXGL Background Thread 2 ] DEBUG FXGLAssetLoaderServi - Loading from file system: file:/D:/battleShip/battleShip_FXGL/target/classes/assets/textures/ships/ship_b_2_h.png
14:25:12.788 [FXGL Background Thread 2 ] DEBUG FXGLAssetLoaderServi - Loading from file system: file:/D:/battleShip/battleShip_FXGL/target/classes/assets/textures/ships/ship_r_2_h.png
14:25:12.790 [FXGL Background Thread 2 ] DEBUG FXGLAssetLoaderServi - Loading from file system: file:/D:/battleShip/battleShip_FXGL/target/classes/assets/textures/Tile.png
14:25:12.815 [FXGL Background Thread 2 ] INFO  FXGLApplication      - Game initialization took: 0.103 sec
14:25:12.815 [JavaFX Application Thread] DEBUG Input                - Clearing active input actions
14:25:12.819 [JavaFX Application Thread] DEBUG GameApplicationServi - Removing overlay from FXGLLoadingScene and adding to GameScene
14:25:12.819 [JavaFX Application Thread] DEBUG PrimaryStageWindow   - FXGLLoadingScene -> GameScene
14:25:12.826 [JavaFX Application Thread] DEBUG FXGLAssetLoaderServi - Loading from file system: file:/D:/battleShip/battleShip_FXGL/target/classes/assets/textures/bg2.jpg
14:25:12.853 [JavaFX Application Thread] DEBUG PrimaryStageWindow   - Push state: DialogSubScene
14:25:12.853 [JavaFX Application Thread] DEBUG Input                - Clearing active input actions
14:25:12.853 [JavaFX Application Thread] DEBUG GameApplicationServi - Removing overlay from GameScene and adding to DialogSubScene
14:25:12.853 [JavaFX Application Thread] DEBUG PrimaryStageWindow   - GameScene -> DialogSubScene
14:25:14.690 [JavaFX Application Thread] DEBUG PrimaryStageWindow   - Pop state: DialogSubScene
14:25:14.691 [JavaFX Application Thread] DEBUG Input                - Clearing active input actions
14:25:14.691 [JavaFX Application Thread] DEBUG GameApplicationServi - Removing overlay from DialogSubScene and adding to GameScene
14:25:14.691 [JavaFX Application Thread] DEBUG PrimaryStageWindow   - GameScene <- DialogSubScene
14:25:14.691 [JavaFX Application Thread] DEBUG PrimaryStageWindow   - Push state: BluePlayerDeployScene
14:25:14.691 [JavaFX Application Thread] DEBUG Input                - Clearing active input actions
14:25:14.692 [JavaFX Application Thread] DEBUG GameApplicationServi - Removing overlay from GameScene and adding to BluePlayerDeployScene
14:25:14.692 [JavaFX Application Thread] DEBUG PrimaryStageWindow   - GameScene -> BluePlayerDeployScene
14:25:14.692 [JavaFX Application Thread] DEBUG PrimaryStageWindow   - Pop state: BluePlayerDeployScene
14:25:14.692 [JavaFX Application Thread] DEBUG Input                - Clearing active input actions
14:25:14.692 [JavaFX Application Thread] DEBUG GameApplicationServi - Removing overlay from BluePlayerDeployScene and adding to GameScene
14:25:14.692 [JavaFX Application Thread] DEBUG PrimaryStageWindow   - GameScene <- BluePlayerDeployScene
14:25:24.220 [JavaFX Application Thread] DEBUG PrimaryStageWindow   - Push state: DialogSubScene
14:25:24.220 [JavaFX Application Thread] DEBUG Input                - Clearing active input actions
14:25:24.220 [JavaFX Application Thread] DEBUG GameApplicationServi - Removing overlay from GameScene and adding to DialogSubScene
14:25:24.220 [JavaFX Application Thread] DEBUG PrimaryStageWindow   - GameScene -> DialogSubScene
14:25:24.740 [JavaFX Application Thread] DEBUG PrimaryStageWindow   - Pop state: DialogSubScene
14:25:24.740 [JavaFX Application Thread] DEBUG Input                - Clearing active input actions
14:25:24.741 [JavaFX Application Thread] DEBUG GameApplicationServi - Removing overlay from DialogSubScene and adding to GameScene
14:25:24.741 [JavaFX Application Thread] DEBUG PrimaryStageWindow   - GameScene <- DialogSubScene
14:25:24.741 [JavaFX Application Thread] DEBUG PrimaryStageWindow   - Push state: RedPlayerDeployScene
14:25:24.741 [JavaFX Application Thread] DEBUG Input                - Clearing active input actions
14:25:24.741 [JavaFX Application Thread] DEBUG GameApplicationServi - Removing overlay from GameScene and adding to RedPlayerDeployScene
14:25:24.742 [JavaFX Application Thread] DEBUG PrimaryStageWindow   - GameScene -> RedPlayerDeployScene
14:25:24.742 [JavaFX Application Thread] DEBUG PrimaryStageWindow   - Pop state: RedPlayerDeployScene
14:25:24.742 [JavaFX Application Thread] DEBUG Input                - Clearing active input actions
14:25:24.742 [JavaFX Application Thread] DEBUG GameApplicationServi - Removing overlay from RedPlayerDeployScene and adding to GameScene
14:25:24.742 [JavaFX Application Thread] DEBUG PrimaryStageWindow   - GameScene <- RedPlayerDeployScene
14:25:38.481 [JavaFX Application Thread] DEBUG PrimaryStageWindow   - Push state: DialogSubScene
14:25:38.482 [JavaFX Application Thread] DEBUG Input                - Clearing active input actions
14:25:38.482 [JavaFX Application Thread] DEBUG GameApplicationServi - Removing overlay from GameScene and adding to DialogSubScene
14:25:38.482 [JavaFX Application Thread] DEBUG PrimaryStageWindow   - GameScene -> DialogSubScene
14:25:39.141 [JavaFX Application Thread] DEBUG PrimaryStageWindow   - Pop state: DialogSubScene
14:25:39.141 [JavaFX Application Thread] DEBUG Input                - Clearing active input actions
14:25:39.142 [JavaFX Application Thread] DEBUG GameApplicationServi - Removing overlay from DialogSubScene and adding to GameScene
14:25:39.142 [JavaFX Application Thread] DEBUG PrimaryStageWindow   - GameScene <- DialogSubScene
14:25:39.142 [JavaFX Application Thread] DEBUG PrimaryStageWindow   - Push state: RedPlayerScene
14:25:39.145 [JavaFX Application Thread] DEBUG Input                - Clearing active input actions
14:25:39.145 [JavaFX Application Thread] DEBUG GameApplicationServi - Removing overlay from GameScene and adding to RedPlayerScene
14:25:39.145 [JavaFX Application Thread] DEBUG PrimaryStageWindow   - GameScene -> RedPlayerScene
14:25:39.145 [JavaFX Application Thread] DEBUG PrimaryStageWindow   - Pop state: RedPlayerScene
14:25:39.145 [JavaFX Application Thread] DEBUG Input                - Clearing active input actions
14:25:39.145 [JavaFX Application Thread] DEBUG GameApplicationServi - Removing overlay from RedPlayerScene and adding to GameScene
14:25:39.145 [JavaFX Application Thread] DEBUG PrimaryStageWindow   - GameScene <- RedPlayerScene
14:25:40.351 [JavaFX Application Thread] DEBUG FXGLAssetLoaderServi - Loading from file system: file:/D:/battleShip/battleShip_FXGL/target/classes/assets/sounds/shot.wav
14:25:40.356 [JavaFX Application Thread] DEBUG FXGLAssetLoaderServi - Loading from file system: file:/D:/battleShip/battleShip_FXGL/target/classes/assets/textures/Player1.png
14:25:40.423 [JavaFX Application Thread] DEBUG FXGLAssetLoaderServi - Loading from file system: file:/D:/battleShip/battleShip_FXGL/target/classes/assets/textures/Player1Hit.png
14:25:40.424 [JavaFX Application Thread] DEBUG FXGLAssetLoaderServi - Loading from file system: file:/D:/battleShip/battleShip_FXGL/target/classes/assets/textures/sprites/hit_effect.png
14:25:40.428 [JavaFX Application Thread] DEBUG FXGLAssetLoaderServi - Loading from file system: file:/D:/battleShip/battleShip_FXGL/target/classes/assets/sounds/hit.wav
14:25:48.974 [JavaFX Application Thread] DEBUG FXGLAssetLoaderServi - Loading from file system: file:/D:/battleShip/battleShip_FXGL/target/classes/assets/sounds/explosion.wav
14:25:48.977 [JavaFX Application Thread] DEBUG PrimaryStageWindow   - Push state: DialogSubScene
14:25:48.977 [JavaFX Application Thread] DEBUG Input                - Clearing active input actions
14:25:48.977 [JavaFX Application Thread] DEBUG GameApplicationServi - Removing overlay from GameScene and adding to DialogSubScene
14:25:48.977 [JavaFX Application Thread] DEBUG PrimaryStageWindow   - GameScene -> DialogSubScene
14:25:49.806 [JavaFX Application Thread] DEBUG PrimaryStageWindow   - Pop state: DialogSubScene
14:25:49.807 [JavaFX Application Thread] DEBUG Input                - Clearing active input actions
14:25:49.807 [JavaFX Application Thread] DEBUG GameApplicationServi - Removing overlay from DialogSubScene and adding to GameScene
14:25:49.807 [JavaFX Application Thread] DEBUG PrimaryStageWindow   - GameScene <- DialogSubScene
14:25:50.153 [JavaFX Application Thread] DEBUG PrimaryStageWindow   - Push state: SimpleGameMenu
14:25:50.154 [JavaFX Application Thread] DEBUG Input                - Clearing active input actions
14:25:50.154 [JavaFX Application Thread] DEBUG GameApplicationServi - Removing overlay from GameScene and adding to SimpleGameMenu
14:25:50.154 [JavaFX Application Thread] DEBUG PrimaryStageWindow   - GameScene -> SimpleGameMenu
14:25:50.735 [JavaFX Application Thread] DEBUG Menu                 - fireExitToMainMenu()
14:25:50.735 [JavaFX Application Thread] DEBUG PrimaryStageWindow   - Push state: DialogSubScene
14:25:50.735 [JavaFX Application Thread] DEBUG Input                - Clearing active input actions
14:25:50.736 [JavaFX Application Thread] DEBUG GameApplicationServi - Removing overlay from SimpleGameMenu and adding to DialogSubScene
14:25:50.736 [JavaFX Application Thread] DEBUG PrimaryStageWindow   - SimpleGameMenu -> DialogSubScene
14:25:51.180 [JavaFX Application Thread] DEBUG PrimaryStageWindow   - Pop state: DialogSubScene
14:25:51.180 [JavaFX Application Thread] DEBUG Input                - Clearing active input actions
14:25:51.181 [JavaFX Application Thread] DEBUG GameApplicationServi - Removing overlay from DialogSubScene and adding to SimpleGameMenu
14:25:51.181 [JavaFX Application Thread] DEBUG PrimaryStageWindow   - SimpleGameMenu <- DialogSubScene
14:25:51.181 [JavaFX Application Thread] DEBUG PrimaryStageWindow   - Pop state: SimpleGameMenu
14:25:51.181 [JavaFX Application Thread] DEBUG Input                - Clearing active input actions
14:25:51.181 [JavaFX Application Thread] DEBUG GameApplicationServi - Removing overlay from SimpleGameMenu and adding to GameScene
14:25:51.181 [JavaFX Application Thread] DEBUG PrimaryStageWindow   - GameScene <- SimpleGameMenu
14:25:51.181 [JavaFX Application Thread] DEBUG Input                - Clearing active input actions
14:25:51.185 [JavaFX Application Thread] DEBUG GameApplicationServi - Removing overlay from GameScene and adding to FXGLMainMenuDummyScene
14:25:51.185 [JavaFX Application Thread] DEBUG PrimaryStageWindow   - GameScene -> FXGLMainMenuDummyScene
14:25:51.185 [JavaFX Application Thread] DEBUG PrimaryStageWindow   - Push state: BattleShipMainMenu
14:25:51.186 [JavaFX Application Thread] DEBUG Input                - Clearing active input actions
14:25:51.186 [JavaFX Application Thread] DEBUG GameApplicationServi - Removing overlay from FXGLMainMenuDummyScene and adding to BattleShipMainMenu
14:25:51.186 [JavaFX Application Thread] DEBUG PrimaryStageWindow   - FXGLMainMenuDummyScene -> BattleShipMainMenu
14:25:52.009 [JavaFX Application Thread] DEBUG Menu                 - fireExit()
14:25:52.010 [JavaFX Application Thread] DEBUG PrimaryStageWindow   - Push state: DialogSubScene
14:25:52.010 [JavaFX Application Thread] DEBUG Input                - Clearing active input actions
14:25:52.011 [JavaFX Application Thread] DEBUG GameApplicationServi - Removing overlay from BattleShipMainMenu and adding to DialogSubScene
14:25:52.011 [JavaFX Application Thread] DEBUG PrimaryStageWindow   - BattleShipMainMenu -> DialogSubScene
14:25:52.874 [JavaFX Application Thread] DEBUG PrimaryStageWindow   - Pop state: DialogSubScene
14:25:52.874 [JavaFX Application Thread] DEBUG Input                - Clearing active input actions
14:25:52.874 [JavaFX Application Thread] DEBUG GameApplicationServi - Removing overlay from DialogSubScene and adding to BattleShipMainMenu
14:25:52.874 [JavaFX Application Thread] DEBUG PrimaryStageWindow   - BattleShipMainMenu <- DialogSubScene
14:25:52.874 [JavaFX Application Thread] DEBUG FXGLApplication      - Exiting FXGL
14:25:52.874 [JavaFX Application Thread] DEBUG LoopRunner           - Stopping loop
14:25:52.874 [JavaFX Application Thread] DEBUG SystemBundleService  - Saving FXGL system data
14:25:52.876 [JavaFX Application Thread] DEBUG FileSystemAccess     - Writing to: D:\battleShip\battleShip_FXGL\system\fxgl.bundle
14:25:52.877 [JavaFX Application Thread] DEBUG Async                - Shutting down background threads
14:25:52.877 [JavaFX Application Thread] DEBUG PrimaryStageWindow   - Closing main window
14:25:52.899 [JavaFX Application Thread] DEBUG Logger               - Closing Logger
