16:20:04.499 [main                     ] DEBUG Logger               - Configured Logger
16:20:04.523 [main                     ] DEBUG GameApplication      - Logging settings
Title: BattleShip_FXGL
Version: 0.1
Width: 1920
Height: 1080
Fullscreen: true
Intro: false
Profiling: false
Single step:false
App Mode: DEVELOPER
Menu Key: ESCAPE
Stage Style: DECORATED
Scene Factory: class fi.utu.tech.gui.javafx.BattleShipApp$1

16:20:04.878 [JavaFX Application Thread] DEBUG FXGLApplication      - Initializing FXGL
16:20:04.880 [JavaFX Application Thread] INFO  Engine               - FXGL-11.14 (01.03.2021 16.59) on WINDOWS (J:11.0.10 FX:15)
16:20:04.881 [JavaFX Application Thread] DEBUG Engine               - JRE Vendor Name: Amazon.com Inc.
16:20:04.881 [JavaFX Application Thread] DEBUG Engine               - Running on OS: Windows 10 version 10.0
16:20:04.881 [JavaFX Application Thread] DEBUG Engine               - Architecture: amd64
16:20:04.881 [JavaFX Application Thread] INFO  Engine               - Source code and latest versions at: https://github.com/AlmasB/FXGL
16:20:04.881 [JavaFX Application Thread] INFO  Engine               -              Join the FXGL chat at: https://gitter.im/AlmasB/FXGL
16:20:04.972 [JavaFX Application Thread] DEBUG PrimaryStageWindow   - Creating a JavaFX scene
16:20:05.027 [JavaFX Application Thread] DEBUG PrimaryStageWindow   - Target settings size: 1920.0 x 1080.0
16:20:05.028 [JavaFX Application Thread] DEBUG PrimaryStageWindow   - Scaled scene size:    1920.0 x 1080.0
16:20:05.028 [JavaFX Application Thread] DEBUG PrimaryStageWindow   - Scaled ratio: (1.0, 1.0)
16:20:05.029 [JavaFX Application Thread] DEBUG PrimaryStageWindow   - Set initial scene to FXGLStartupScene
16:20:05.034 [JavaFX Application Thread] DEBUG PrimaryStageWindow   - Opening main window
16:20:05.117 [JavaFX Application Thread] DEBUG PrimaryStageWindow   - Window border size: (16.0, 39.0)
16:20:05.117 [JavaFX Application Thread] DEBUG PrimaryStageWindow   - Scaled size: 1920.0 x 1080.0
16:20:05.118 [JavaFX Application Thread] DEBUG PrimaryStageWindow   - Scaled ratio: (1.0, 1.0)
16:20:05.118 [JavaFX Application Thread] DEBUG PrimaryStageWindow   - Scene size: 1920.0 x 1080.0
16:20:05.118 [JavaFX Application Thread] DEBUG PrimaryStageWindow   - Stage size: 1936.0 x 1119.0
16:20:05.197 [JavaFX Application Thread] DEBUG PrimaryStageWindow   - Going fullscreen
16:20:05.212 [FXGL Background Thread 1 ] DEBUG Engine               - Initializing environment variables
16:20:05.245 [FXGL Background Thread 1 ] DEBUG FXGLAssetLoaderServi - User app class for loading assets: class fi.utu.tech.gui.javafx.BattleShipApp
16:20:05.245 [FXGL Background Thread 1 ] DEBUG GameApplicationServi - Applying CSS: fxgl_dark.css
16:20:05.246 [FXGL Background Thread 1 ] DEBUG FXGLAssetLoaderServi - Loading from file system: jar:file:///C:/Users/box69/.m2/repository/com/github/almasb/fxgl/11.14/fxgl-11.14.jar!/fxglassets/ui/css/fxgl_dark.css
16:20:05.290 [FXGL Background Thread 1 ] DEBUG GameApplicationServi - Initializing application scenes
16:20:05.360 [FXGL Background Thread 1 ] DEBUG GameWorld            - Game world initialized
16:20:05.413 [FXGL Background Thread 1 ] DEBUG PhysicsWorld         - Physics world initialized: appHeight=1080, physics.ppm=50.0
16:20:05.413 [FXGL Background Thread 1 ] DEBUG PhysicsWorld         - Using strategy: BRUTE_FORCE
16:20:05.415 [FXGL Background Thread 1 ] DEBUG GameScene            - Game scene initialized: 1920x1080
16:20:05.420 [FXGL Background Thread 1 ] DEBUG FXGLAssetLoaderServi - Loading from file system: file:/D:/battleShip/battleShip_FXGL/target/classes/assets/textures/Nebula_Red.png
16:20:05.608 [FXGL Background Thread 1 ] DEBUG FXGLAssetLoaderServi - Loading from file system: jar:file:///C:/Users/box69/.m2/repository/com/github/almasb/fxgl/11.14/fxgl-11.14.jar!/fxglassets/textures/pause_menu_bg.png
16:20:05.634 [FXGL Background Thread 1 ] DEBUG GameApplicationServi - Application scenes initialized
16:20:05.644 [FXGL Background Thread 1 ] DEBUG SystemBundleService  - Loading FXGL system data
16:20:05.647 [FXGL Background Thread 1 ] DEBUG FileSystemAccess     - Reading from: D:\battleShip\battleShip_FXGL\system\fxgl.bundle
16:20:05.651 [FXGL Background Thread 1 ] DEBUG SystemBundleService  - Bundle FXGL: {}
16:20:05.652 [FXGL Background Thread 1 ] DEBUG UpdaterService       - Checking for updates
16:20:05.656 [FXGL Background Thread 4 ] DEBUG FXGLApplication      - Loading fonts
16:20:05.656 [FXGL Background Thread 1 ] DEBUG FXGLApplication      - Loading default localization
16:20:05.657 [FXGL Background Thread 4 ] DEBUG FXGLAssetLoaderServi - Loading from file system: jar:file:///C:/Users/box69/.m2/repository/com/github/almasb/fxgl/11.14/fxgl-11.14.jar!/fxglassets/ui/fonts/VarelaRound-Regular.ttf
16:20:05.657 [FXGL Background Thread 1 ] DEBUG FXGLAssetLoaderServi - Loading from file system: jar:file:///C:/Users/box69/.m2/repository/com/github/almasb/fxgl/11.14/fxgl-11.14.jar!/fxglassets/languages/english.lang
16:20:05.669 [FXGL Background Thread 1 ] INFO  FXGLApplication      - FXGL initialization took: 0.458 sec
16:20:05.683 [JavaFX Application Thread] DEBUG Input                - Registered new binding: Change Scene - Space
16:20:05.684 [JavaFX Application Thread] DEBUG Input                - Registered new binding: action0 - R
16:20:05.685 [JavaFX Application Thread] DEBUG Input                - Registered new binding: Deploy - RMB
16:20:05.685 [JavaFX Application Thread] DEBUG Input                - Registered new binding: Attack - LMB
16:20:05.686 [JavaFX Application Thread] DEBUG Input                - Registered new binding: action1 - Enter
16:20:05.686 [JavaFX Application Thread] DEBUG FXGLAssetLoaderServi - Loading from file system: file:/D:/battleShip/battleShip_FXGL/target/classes/assets/music/CrashedShip.mp3
16:20:05.830 [JavaFX Application Thread] DEBUG AudioPlayer          - Playing music com.almasb.fxgl.audio.Music@373732d6
16:20:05.830 [JavaFX Application Thread] DEBUG FXGLAssetLoaderServi - Loading from file system: jar:file:///C:/Users/box69/.m2/repository/com/github/almasb/fxgl/11.14/fxgl-11.14.jar!/fxglassets/textures/fxgl_icon.png
16:20:05.849 [JavaFX Application Thread] DEBUG FXGLAssetLoaderServi - Loading from file system: jar:file:///C:/Users/box69/.m2/repository/com/github/almasb/fxgl/11.14/fxgl-11.14.jar!/fxglassets/ui/cursors/fxgl_default.png
16:20:05.859 [JavaFX Application Thread] DEBUG Input                - Registered new binding: Screenshot - P
16:20:05.859 [JavaFX Application Thread] DEBUG Input                - Registered new binding: System info dump - CTRL+9
16:20:05.859 [JavaFX Application Thread] DEBUG Input                - Registered new binding: Restart - CTRL+R
16:20:05.860 [JavaFX Application Thread] DEBUG Input                - Registered new binding: Toggle Debug Camera - CTRL+C
16:20:05.861 [JavaFX Application Thread] DEBUG LoopRunner           - Starting loop
16:20:05.861 [JavaFX Application Thread] DEBUG LoopRunner           - Initializing JavaFX AnimationTimerLoop
16:20:05.863 [JavaFX Application Thread] DEBUG Input                - Clearing active input actions
16:20:05.871 [JavaFX Application Thread] DEBUG GameApplicationServi - Removing overlay from FXGLStartupScene and adding to FXGLMainMenuDummyScene
16:20:05.872 [JavaFX Application Thread] DEBUG PrimaryStageWindow   - FXGLStartupScene -> FXGLMainMenuDummyScene
16:20:05.872 [JavaFX Application Thread] DEBUG PrimaryStageWindow   - Push state: BattleShipMainMenu
16:20:05.872 [JavaFX Application Thread] DEBUG Input                - Clearing active input actions
16:20:05.875 [JavaFX Application Thread] DEBUG GameApplicationServi - Removing overlay from FXGLMainMenuDummyScene and adding to BattleShipMainMenu
16:20:05.875 [JavaFX Application Thread] DEBUG PrimaryStageWindow   - FXGLMainMenuDummyScene -> BattleShipMainMenu
16:20:06.067 [FXGL Background Thread 4 ] DEBUG FXGLAssetLoaderServi - Loading from file system: jar:file:///C:/Users/box69/.m2/repository/com/github/almasb/fxgl/11.14/fxgl-11.14.jar!/fxglassets/ui/fonts/Abel-Regular.ttf
16:20:06.071 [FXGL Background Thread 4 ] DEBUG FXGLAssetLoaderServi - Loading from file system: jar:file:///C:/Users/box69/.m2/repository/com/github/almasb/fxgl/11.14/fxgl-11.14.jar!/fxglassets/ui/fonts/lucida_console.ttf
16:20:06.078 [FXGL Background Thread 4 ] DEBUG FXGLAssetLoaderServi - Loading from file system: jar:file:///C:/Users/box69/.m2/repository/com/github/almasb/fxgl/11.14/fxgl-11.14.jar!/fxglassets/ui/fonts/Courier-Prime.ttf
16:20:06.082 [JavaFX Application Thread] DEBUG FXGLApplication      - Registering font factories with UI factory
16:20:07.014 [JavaFX Application Thread] DEBUG PrimaryStageWindow   - Push state: DialogSubScene
16:20:07.014 [JavaFX Application Thread] DEBUG Input                - Clearing active input actions
16:20:07.017 [JavaFX Application Thread] DEBUG GameApplicationServi - Removing overlay from BattleShipMainMenu and adding to DialogSubScene
16:20:07.017 [JavaFX Application Thread] DEBUG PrimaryStageWindow   - BattleShipMainMenu -> DialogSubScene
16:20:08.656 [FXGL Background Thread 3 ] DEBUG Engine               - Logging environment variables
16:20:08.656 [FXGL Background Thread 3 ] DEBUG Engine               - achievements: []
16:20:08.656 [FXGL Background Thread 3 ] DEBUG Engine               - actualHeight: 1080.0
16:20:08.657 [FXGL Background Thread 3 ] DEBUG Engine               - actualHeightProperty: ReadOnlyDoubleProperty [value: 1080.0]
16:20:08.657 [FXGL Background Thread 3 ] DEBUG Engine               - actualWidth: 1920.0
16:20:08.657 [FXGL Background Thread 3 ] DEBUG Engine               - actualWidthProperty: ReadOnlyDoubleProperty [value: 1920.0]
16:20:08.657 [FXGL Background Thread 3 ] DEBUG Engine               - appIcon: fxgl_icon.png
16:20:08.657 [FXGL Background Thread 3 ] DEBUG Engine               - applicationMode: DEVELOPER
16:20:08.657 [FXGL Background Thread 3 ] DEBUG Engine               - cSSList: [fxgl_dark.css]
16:20:08.657 [FXGL Background Thread 3 ] DEBUG Engine               - collisionDetectionStrategy: BRUTE_FORCE
16:20:08.657 [FXGL Background Thread 3 ] DEBUG Engine               - configClass: Optional.empty
16:20:08.657 [FXGL Background Thread 3 ] DEBUG Engine               - credits: []
16:20:08.658 [FXGL Background Thread 3 ] DEBUG Engine               - devBBoxColorProperty: ObjectProperty [value: 0xff0000ff]
16:20:08.658 [FXGL Background Thread 3 ] DEBUG Engine               - devEnableDebugCameraProperty: BooleanProperty [value: false]
16:20:08.658 [FXGL Background Thread 3 ] DEBUG Engine               - devSensorColorProperty: ObjectProperty [value: 0xffff00ff]
16:20:08.658 [FXGL Background Thread 3 ] DEBUG Engine               - devShowBBoxProperty: BooleanProperty [value: false]
16:20:08.658 [FXGL Background Thread 3 ] DEBUG Engine               - devShowPositionProperty: BooleanProperty [value: false]
16:20:08.658 [FXGL Background Thread 3 ] DEBUG Engine               - enabledMenuItems: []
16:20:08.658 [FXGL Background Thread 3 ] DEBUG Engine               - engineServices: [class com.almasb.fxgl.app.services.FXGLAssetLoaderService, class com.almasb.fxgl.app.FXGLApplication$GameApplicationService, class com.almasb.fxgl.app.services.FXGLDialogService, class com.almasb.fxgl.app.services.IOTaskExecutorService, class com.almasb.fxgl.event.EventBusService, class com.almasb.fxgl.io.FileSystemService, class com.almasb.fxgl.localization.LocalizationService, class com.almasb.fxgl.app.services.SystemBundleService, class com.almasb.fxgl.profile.SaveLoadService, class com.almasb.fxgl.ui.FXGLUIFactoryServiceProvider, class com.almasb.fxgl.ui.FXGLDialogFactoryServiceProvider, class com.almasb.fxgl.audio.AudioPlayer, class com.almasb.fxgl.notification.impl.NotificationServiceProvider, class com.almasb.fxgl.achievement.AchievementService, class com.almasb.fxgl.cutscene.CutsceneService, class com.almasb.fxgl.minigames.MiniGameService, class com.almasb.fxgl.net.NetService, class com.almasb.fxgl.app.services.UpdaterService, class com.almasb.fxgl.dev.DevService]
16:20:08.658 [FXGL Background Thread 3 ] DEBUG Engine               - fontGame: Abel-Regular.ttf
16:20:08.658 [FXGL Background Thread 3 ] DEBUG Engine               - fontMono: lucida_console.ttf
16:20:08.658 [FXGL Background Thread 3 ] DEBUG Engine               - fontText: Courier-Prime.ttf
16:20:08.658 [FXGL Background Thread 3 ] DEBUG Engine               - fontUI: VarelaRound-Regular.ttf
16:20:08.659 [FXGL Background Thread 3 ] DEBUG Engine               - fullScreen: BooleanProperty [value: true]
16:20:08.659 [FXGL Background Thread 3 ] DEBUG Engine               - gameDifficulty: MEDIUM
16:20:08.659 [FXGL Background Thread 3 ] DEBUG Engine               - gameDifficultyProperty: ObjectProperty [value: MEDIUM]
16:20:08.659 [FXGL Background Thread 3 ] DEBUG Engine               - globalMusicVolume: 0.5
16:20:08.659 [FXGL Background Thread 3 ] DEBUG Engine               - globalMusicVolumeProperty: DoubleProperty [value: 0.2]
16:20:08.659 [FXGL Background Thread 3 ] DEBUG Engine               - globalSoundVolume: 0.5
16:20:08.659 [FXGL Background Thread 3 ] DEBUG Engine               - globalSoundVolumeProperty: DoubleProperty [value: 0.5]
16:20:08.659 [FXGL Background Thread 3 ] DEBUG Engine               - height: 1080
16:20:08.659 [FXGL Background Thread 3 ] DEBUG Engine               - isAndroid: false
16:20:08.659 [FXGL Background Thread 3 ] DEBUG Engine               - isBrowser: false
16:20:08.659 [FXGL Background Thread 3 ] DEBUG Engine               - isClickFeedbackEnabled: false
16:20:08.660 [FXGL Background Thread 3 ] DEBUG Engine               - isCloseConfirmation: false
16:20:08.660 [FXGL Background Thread 3 ] DEBUG Engine               - isDesktop: true
16:20:08.660 [FXGL Background Thread 3 ] DEBUG Engine               - isDeveloperMenuEnabled: false
16:20:08.660 [FXGL Background Thread 3 ] DEBUG Engine               - isEntityPreloadEnabled: true
16:20:08.660 [FXGL Background Thread 3 ] DEBUG Engine               - isExperimental3D: false
16:20:08.660 [FXGL Background Thread 3 ] DEBUG Engine               - isExperimentalNative: false
16:20:08.660 [FXGL Background Thread 3 ] DEBUG Engine               - isExperimentalTiledLargeMap: false
16:20:08.660 [FXGL Background Thread 3 ] DEBUG Engine               - isFileSystemWriteAllowed: true
16:20:08.660 [FXGL Background Thread 3 ] DEBUG Engine               - isFullScreenAllowed: true
16:20:08.661 [FXGL Background Thread 3 ] DEBUG Engine               - isFullScreenFromStart: true
16:20:08.661 [FXGL Background Thread 3 ] DEBUG Engine               - isGameMenuEnabled: true
16:20:08.661 [FXGL Background Thread 3 ] DEBUG Engine               - isIOS: false
16:20:08.661 [FXGL Background Thread 3 ] DEBUG Engine               - isIntroEnabled: false
16:20:08.661 [FXGL Background Thread 3 ] DEBUG Engine               - isLinux: false
16:20:08.661 [FXGL Background Thread 3 ] DEBUG Engine               - isMac: false
16:20:08.661 [FXGL Background Thread 3 ] DEBUG Engine               - isMainMenuEnabled: true
16:20:08.661 [FXGL Background Thread 3 ] DEBUG Engine               - isManualResizeEnabled: false
16:20:08.661 [FXGL Background Thread 3 ] DEBUG Engine               - isMobile: false
16:20:08.661 [FXGL Background Thread 3 ] DEBUG Engine               - isPreserveResizeRatio: false
16:20:08.662 [FXGL Background Thread 3 ] DEBUG Engine               - isProfilingEnabled: false
16:20:08.662 [FXGL Background Thread 3 ] DEBUG Engine               - isScaleAffectedOnResize: true
16:20:08.662 [FXGL Background Thread 3 ] DEBUG Engine               - isSingleStep: false
16:20:08.662 [FXGL Background Thread 3 ] DEBUG Engine               - isUserProfileEnabled: false
16:20:08.662 [FXGL Background Thread 3 ] DEBUG Engine               - isWindows: true
16:20:08.662 [FXGL Background Thread 3 ] DEBUG Engine               - language: ObjectProperty [value: ENGLISH]
16:20:08.662 [FXGL Background Thread 3 ] DEBUG Engine               - menuKey: ESCAPE
16:20:08.662 [FXGL Background Thread 3 ] DEBUG Engine               - notificationViewClass: class com.almasb.fxgl.notification.view.XboxNotificationView
16:20:08.662 [FXGL Background Thread 3 ] DEBUG Engine               - pixelsPerMeter: 50.0
16:20:08.662 [FXGL Background Thread 3 ] DEBUG Engine               - platform: WINDOWS
16:20:08.662 [FXGL Background Thread 3 ] DEBUG Engine               - prefHeightProperty: ReadOnlyDoubleProperty [value: 1080.0]
16:20:08.663 [FXGL Background Thread 3 ] DEBUG Engine               - prefWidthProperty: ReadOnlyDoubleProperty [value: 1920.0]
16:20:08.663 [FXGL Background Thread 3 ] DEBUG Engine               - profileDir: profiles/
16:20:08.663 [FXGL Background Thread 3 ] DEBUG Engine               - profileName: StringProperty [value: DEFAULT]
16:20:08.663 [FXGL Background Thread 3 ] DEBUG Engine               - randomSeed: -1
16:20:08.663 [FXGL Background Thread 3 ] DEBUG Engine               - runtimeInfo: RuntimeInfo(platform=WINDOWS, version=11.14, build=01.03.2021 16.59)
16:20:08.663 [FXGL Background Thread 3 ] DEBUG Engine               - saveFileExt: sav
16:20:08.663 [FXGL Background Thread 3 ] DEBUG Engine               - scaledHeightProp$fxgl: DoubleProperty [bound, value: 1080.0]
16:20:08.663 [FXGL Background Thread 3 ] DEBUG Engine               - scaledWidthProp$fxgl: DoubleProperty [bound, value: 1920.0]
16:20:08.663 [FXGL Background Thread 3 ] DEBUG Engine               - sceneFactory: fi.utu.tech.gui.javafx.BattleShipApp$1@9b982c7
16:20:08.663 [FXGL Background Thread 3 ] DEBUG Engine               - secondsIn24h: 60
16:20:08.663 [FXGL Background Thread 3 ] DEBUG Engine               - soundMenuBack: menu/back.wav
16:20:08.663 [FXGL Background Thread 3 ] DEBUG Engine               - soundMenuPress: menu/press.wav
16:20:08.664 [FXGL Background Thread 3 ] DEBUG Engine               - soundMenuSelect: menu/select.wav
16:20:08.664 [FXGL Background Thread 3 ] DEBUG Engine               - soundNotification: core/notification.wav
16:20:08.664 [FXGL Background Thread 3 ] DEBUG Engine               - stageStyle: DECORATED
16:20:08.664 [FXGL Background Thread 3 ] DEBUG Engine               - supportedLanguages: [ENGLISH, FRENCH, GERMAN, HUNGARIAN, RUSSIAN]
16:20:08.664 [FXGL Background Thread 3 ] DEBUG Engine               - ticksPerSecond: -1
16:20:08.664 [FXGL Background Thread 3 ] DEBUG Engine               - title: BattleShip_FXGL
16:20:08.664 [FXGL Background Thread 3 ] DEBUG Engine               - urlGithub: https://github.com/AlmasB/FXGL
16:20:08.664 [FXGL Background Thread 3 ] DEBUG Engine               - urlLeaderboard: http://fxgl-top.herokuapp.com/
16:20:08.664 [FXGL Background Thread 3 ] DEBUG Engine               - urlPOM: https://raw.githubusercontent.com/AlmasB/FXGL/release/README.md
16:20:08.664 [FXGL Background Thread 3 ] DEBUG Engine               - userAppClass: class fi.utu.tech.gui.javafx.BattleShipApp
16:20:08.664 [FXGL Background Thread 3 ] DEBUG Engine               - version: 0.1
16:20:08.664 [FXGL Background Thread 3 ] DEBUG Engine               - versionCheckDays: 7
16:20:08.664 [FXGL Background Thread 3 ] DEBUG Engine               - width: 1920
16:20:08.664 [FXGL Background Thread 3 ] DEBUG Engine               - Logging services
16:20:08.665 [FXGL Background Thread 3 ] DEBUG Engine               - class com.almasb.fxgl.app.services.FXGLAssetLoaderService
16:20:08.665 [FXGL Background Thread 3 ] DEBUG Engine               - class com.almasb.fxgl.app.FXGLApplication$GameApplicationService
16:20:08.665 [FXGL Background Thread 3 ] DEBUG Engine               - class com.almasb.fxgl.app.services.FXGLDialogService
16:20:08.665 [FXGL Background Thread 3 ] DEBUG Engine               - class com.almasb.fxgl.app.services.IOTaskExecutorService
16:20:08.665 [FXGL Background Thread 3 ] DEBUG Engine               - class com.almasb.fxgl.event.EventBusService
16:20:08.665 [FXGL Background Thread 3 ] DEBUG Engine               - class com.almasb.fxgl.io.FileSystemService
16:20:08.665 [FXGL Background Thread 3 ] DEBUG Engine               - class com.almasb.fxgl.localization.LocalizationService
16:20:08.665 [FXGL Background Thread 3 ] DEBUG Engine               - class com.almasb.fxgl.app.services.SystemBundleService
16:20:08.665 [FXGL Background Thread 3 ] DEBUG Engine               - class com.almasb.fxgl.profile.SaveLoadService
16:20:08.665 [FXGL Background Thread 3 ] DEBUG Engine               - class com.almasb.fxgl.ui.FXGLUIFactoryServiceProvider
16:20:08.665 [FXGL Background Thread 3 ] DEBUG Engine               - class com.almasb.fxgl.ui.FXGLDialogFactoryServiceProvider
16:20:08.665 [FXGL Background Thread 3 ] DEBUG Engine               - class com.almasb.fxgl.audio.AudioPlayer
16:20:08.665 [FXGL Background Thread 3 ] DEBUG Engine               - class com.almasb.fxgl.notification.impl.NotificationServiceProvider
16:20:08.666 [FXGL Background Thread 3 ] DEBUG Engine               - class com.almasb.fxgl.achievement.AchievementService
16:20:08.666 [FXGL Background Thread 3 ] DEBUG Engine               - class com.almasb.fxgl.cutscene.CutsceneService
16:20:08.666 [FXGL Background Thread 3 ] DEBUG Engine               - class com.almasb.fxgl.minigames.MiniGameService
16:20:08.666 [FXGL Background Thread 3 ] DEBUG Engine               - class com.almasb.fxgl.net.NetService
16:20:08.666 [FXGL Background Thread 3 ] DEBUG Engine               - class com.almasb.fxgl.app.services.UpdaterService
16:20:08.666 [FXGL Background Thread 3 ] DEBUG Engine               - class com.almasb.fxgl.dev.DevService
16:20:13.310 [JavaFX Application Thread] DEBUG PrimaryStageWindow   - Pop state: DialogSubScene
16:20:13.310 [JavaFX Application Thread] DEBUG Input                - Clearing active input actions
16:20:13.310 [JavaFX Application Thread] DEBUG GameApplicationServi - Removing overlay from DialogSubScene and adding to BattleShipMainMenu
16:20:13.311 [JavaFX Application Thread] DEBUG PrimaryStageWindow   - BattleShipMainMenu <- DialogSubScene
16:20:13.633 [JavaFX Application Thread] DEBUG Menu                 - fireNewGame()
16:20:13.633 [JavaFX Application Thread] DEBUG GameApplicationServi - Starting new game
16:20:13.634 [JavaFX Application Thread] DEBUG PrimaryStageWindow   - Pop state: BattleShipMainMenu
16:20:13.634 [JavaFX Application Thread] DEBUG Input                - Clearing active input actions
16:20:13.634 [JavaFX Application Thread] DEBUG GameApplicationServi - Removing overlay from BattleShipMainMenu and adding to FXGLMainMenuDummyScene
16:20:13.634 [JavaFX Application Thread] DEBUG PrimaryStageWindow   - FXGLMainMenuDummyScene <- BattleShipMainMenu
16:20:13.634 [JavaFX Application Thread] DEBUG Input                - Clearing active input actions
16:20:13.639 [JavaFX Application Thread] DEBUG GameApplicationServi - Removing overlay from FXGLMainMenuDummyScene and adding to FXGLLoadingScene
16:20:13.639 [JavaFX Application Thread] DEBUG PrimaryStageWindow   - FXGLMainMenuDummyScene -> FXGLLoadingScene
16:20:13.640 [JavaFX Application Thread] DEBUG GameApplicationServi - Clearing previous game
16:20:13.640 [JavaFX Application Thread] DEBUG GameScene            - Clearing game scene
16:20:13.640 [JavaFX Application Thread] DEBUG GameWorld            - Clearing game world
16:20:13.640 [JavaFX Application Thread] DEBUG PhysicsWorld         - Clearing physics world
16:20:13.640 [FXGL Background Thread 2 ] DEBUG FXGLApplication      - Initializing game
16:20:13.645 [FXGL Background Thread 2 ] DEBUG FXGLAssetLoaderServi - Loading from file system: file:/D:/battleShip/battleShip_FXGL/target/classes/assets/textures/bg2.jpg
16:20:13.679 [FXGL Background Thread 2 ] DEBUG FXGLAssetLoaderServi - Loading from file system: file:/D:/battleShip/battleShip_FXGL/target/classes/assets/textures/ShipContainer.png
16:20:13.684 [FXGL Background Thread 2 ] DEBUG FXGLAssetLoaderServi - Loading from file system: file:/D:/battleShip/battleShip_FXGL/target/classes/assets/textures/ships/ship_b_5_h.png
16:20:13.696 [FXGL Background Thread 2 ] DEBUG FXGLAssetLoaderServi - Loading from file system: file:/D:/battleShip/battleShip_FXGL/target/classes/assets/textures/ships/ship_r_5_h.png
16:20:13.699 [FXGL Background Thread 2 ] DEBUG FXGLAssetLoaderServi - Loading from file system: file:/D:/battleShip/battleShip_FXGL/target/classes/assets/textures/ships/ship_b_4_h.png
16:20:13.701 [FXGL Background Thread 2 ] DEBUG FXGLAssetLoaderServi - Loading from file system: file:/D:/battleShip/battleShip_FXGL/target/classes/assets/textures/ships/ship_r_4_h.png
16:20:13.704 [FXGL Background Thread 2 ] DEBUG FXGLAssetLoaderServi - Loading from file system: file:/D:/battleShip/battleShip_FXGL/target/classes/assets/textures/ships/ship_b_3_2_h.png
16:20:13.707 [FXGL Background Thread 2 ] DEBUG FXGLAssetLoaderServi - Loading from file system: file:/D:/battleShip/battleShip_FXGL/target/classes/assets/textures/ships/ship_r_3_2_h.png
16:20:13.708 [FXGL Background Thread 2 ] DEBUG FXGLAssetLoaderServi - Loading from file system: file:/D:/battleShip/battleShip_FXGL/target/classes/assets/textures/ships/ship_b_3_1_h.png
16:20:13.712 [FXGL Background Thread 2 ] DEBUG FXGLAssetLoaderServi - Loading from file system: file:/D:/battleShip/battleShip_FXGL/target/classes/assets/textures/ships/ship_r_3_1_h.png
16:20:13.714 [FXGL Background Thread 2 ] DEBUG FXGLAssetLoaderServi - Loading from file system: file:/D:/battleShip/battleShip_FXGL/target/classes/assets/textures/ships/ship_b_2_h.png
16:20:13.717 [FXGL Background Thread 2 ] DEBUG FXGLAssetLoaderServi - Loading from file system: file:/D:/battleShip/battleShip_FXGL/target/classes/assets/textures/ships/ship_r_2_h.png
16:20:13.719 [FXGL Background Thread 2 ] DEBUG FXGLAssetLoaderServi - Loading from file system: file:/D:/battleShip/battleShip_FXGL/target/classes/assets/textures/Tile.png
16:20:13.740 [FXGL Background Thread 2 ] INFO  FXGLApplication      - Game initialization took: 0.100 sec
16:20:13.741 [JavaFX Application Thread] DEBUG Input                - Clearing active input actions
16:20:13.747 [JavaFX Application Thread] DEBUG GameApplicationServi - Removing overlay from FXGLLoadingScene and adding to GameScene
16:20:13.748 [JavaFX Application Thread] DEBUG PrimaryStageWindow   - FXGLLoadingScene -> GameScene
16:20:13.753 [JavaFX Application Thread] DEBUG FXGLAssetLoaderServi - Loading from file system: file:/D:/battleShip/battleShip_FXGL/target/classes/assets/textures/bg2_2.jpg
16:20:13.786 [JavaFX Application Thread] DEBUG PrimaryStageWindow   - Push state: DialogSubScene
16:20:13.787 [JavaFX Application Thread] DEBUG Input                - Clearing active input actions
16:20:13.787 [JavaFX Application Thread] DEBUG GameApplicationServi - Removing overlay from GameScene and adding to DialogSubScene
16:20:13.787 [JavaFX Application Thread] DEBUG PrimaryStageWindow   - GameScene -> DialogSubScene
16:20:15.940 [JavaFX Application Thread] DEBUG PrimaryStageWindow   - Pop state: DialogSubScene
16:20:15.941 [JavaFX Application Thread] DEBUG Input                - Clearing active input actions
16:20:15.941 [JavaFX Application Thread] DEBUG GameApplicationServi - Removing overlay from DialogSubScene and adding to GameScene
16:20:15.941 [JavaFX Application Thread] DEBUG PrimaryStageWindow   - GameScene <- DialogSubScene
16:20:15.941 [JavaFX Application Thread] DEBUG Input                - Mocking key press: Space
16:20:16.843 [JavaFX Application Thread] DEBUG PrimaryStageWindow   - Push state: DialogSubScene
16:20:16.843 [JavaFX Application Thread] DEBUG Input                - Clearing active input actions
16:20:16.843 [JavaFX Application Thread] DEBUG GameApplicationServi - Removing overlay from GameScene and adding to DialogSubScene
16:20:16.843 [JavaFX Application Thread] DEBUG PrimaryStageWindow   - GameScene -> DialogSubScene
16:20:17.652 [JavaFX Application Thread] DEBUG PrimaryStageWindow   - Pop state: DialogSubScene
16:20:17.653 [JavaFX Application Thread] DEBUG Input                - Clearing active input actions
16:20:17.653 [JavaFX Application Thread] DEBUG GameApplicationServi - Removing overlay from DialogSubScene and adding to GameScene
16:20:17.653 [JavaFX Application Thread] DEBUG PrimaryStageWindow   - GameScene <- DialogSubScene
16:20:17.653 [JavaFX Application Thread] DEBUG PrimaryStageWindow   - Push state: BluePlayerDeployScene
16:20:17.654 [JavaFX Application Thread] DEBUG Input                - Clearing active input actions
16:20:17.654 [JavaFX Application Thread] DEBUG GameApplicationServi - Removing overlay from GameScene and adding to BluePlayerDeployScene
16:20:17.654 [JavaFX Application Thread] DEBUG PrimaryStageWindow   - GameScene -> BluePlayerDeployScene
16:20:17.654 [JavaFX Application Thread] DEBUG PrimaryStageWindow   - Pop state: BluePlayerDeployScene
16:20:17.654 [JavaFX Application Thread] DEBUG Input                - Clearing active input actions
16:20:17.654 [JavaFX Application Thread] DEBUG GameApplicationServi - Removing overlay from BluePlayerDeployScene and adding to GameScene
16:20:17.654 [JavaFX Application Thread] DEBUG PrimaryStageWindow   - GameScene <- BluePlayerDeployScene
16:20:17.932 [JavaFX Application Thread] DEBUG PrimaryStageWindow   - Push state: SimpleGameMenu
16:20:17.932 [JavaFX Application Thread] DEBUG Input                - Clearing active input actions
16:20:17.933 [JavaFX Application Thread] DEBUG GameApplicationServi - Removing overlay from GameScene and adding to SimpleGameMenu
16:20:17.933 [JavaFX Application Thread] DEBUG PrimaryStageWindow   - GameScene -> SimpleGameMenu
16:20:18.666 [JavaFX Application Thread] DEBUG Menu                 - fireExitToMainMenu()
16:20:18.667 [JavaFX Application Thread] DEBUG PrimaryStageWindow   - Push state: DialogSubScene
16:20:18.667 [JavaFX Application Thread] DEBUG Input                - Clearing active input actions
16:20:18.668 [JavaFX Application Thread] DEBUG GameApplicationServi - Removing overlay from SimpleGameMenu and adding to DialogSubScene
16:20:18.668 [JavaFX Application Thread] DEBUG PrimaryStageWindow   - SimpleGameMenu -> DialogSubScene
16:20:19.138 [JavaFX Application Thread] DEBUG PrimaryStageWindow   - Pop state: DialogSubScene
16:20:19.139 [JavaFX Application Thread] DEBUG Input                - Clearing active input actions
16:20:19.139 [JavaFX Application Thread] DEBUG GameApplicationServi - Removing overlay from DialogSubScene and adding to SimpleGameMenu
16:20:19.139 [JavaFX Application Thread] DEBUG PrimaryStageWindow   - SimpleGameMenu <- DialogSubScene
16:20:19.139 [JavaFX Application Thread] DEBUG PrimaryStageWindow   - Pop state: SimpleGameMenu
16:20:19.139 [JavaFX Application Thread] DEBUG Input                - Clearing active input actions
16:20:19.139 [JavaFX Application Thread] DEBUG GameApplicationServi - Removing overlay from SimpleGameMenu and adding to GameScene
16:20:19.139 [JavaFX Application Thread] DEBUG PrimaryStageWindow   - GameScene <- SimpleGameMenu
16:20:19.139 [JavaFX Application Thread] DEBUG Input                - Clearing active input actions
16:20:19.144 [JavaFX Application Thread] DEBUG GameApplicationServi - Removing overlay from GameScene and adding to FXGLMainMenuDummyScene
16:20:19.145 [JavaFX Application Thread] DEBUG PrimaryStageWindow   - GameScene -> FXGLMainMenuDummyScene
16:20:19.145 [JavaFX Application Thread] DEBUG PrimaryStageWindow   - Push state: BattleShipMainMenu
16:20:19.145 [JavaFX Application Thread] DEBUG Input                - Clearing active input actions
16:20:19.145 [JavaFX Application Thread] DEBUG GameApplicationServi - Removing overlay from FXGLMainMenuDummyScene and adding to BattleShipMainMenu
16:20:19.145 [JavaFX Application Thread] DEBUG PrimaryStageWindow   - FXGLMainMenuDummyScene -> BattleShipMainMenu
16:20:19.847 [JavaFX Application Thread] DEBUG Menu                 - fireExit()
16:20:19.848 [JavaFX Application Thread] DEBUG PrimaryStageWindow   - Push state: DialogSubScene
16:20:19.848 [JavaFX Application Thread] DEBUG Input                - Clearing active input actions
16:20:19.849 [JavaFX Application Thread] DEBUG GameApplicationServi - Removing overlay from BattleShipMainMenu and adding to DialogSubScene
16:20:19.849 [JavaFX Application Thread] DEBUG PrimaryStageWindow   - BattleShipMainMenu -> DialogSubScene
16:20:20.691 [JavaFX Application Thread] DEBUG PrimaryStageWindow   - Pop state: DialogSubScene
16:20:20.692 [JavaFX Application Thread] DEBUG Input                - Clearing active input actions
16:20:20.692 [JavaFX Application Thread] DEBUG GameApplicationServi - Removing overlay from DialogSubScene and adding to BattleShipMainMenu
16:20:20.692 [JavaFX Application Thread] DEBUG PrimaryStageWindow   - BattleShipMainMenu <- DialogSubScene
16:20:20.692 [JavaFX Application Thread] DEBUG FXGLApplication      - Exiting FXGL
16:20:20.692 [JavaFX Application Thread] DEBUG LoopRunner           - Stopping loop
16:20:20.692 [JavaFX Application Thread] DEBUG SystemBundleService  - Saving FXGL system data
16:20:20.693 [JavaFX Application Thread] DEBUG FileSystemAccess     - Writing to: D:\battleShip\battleShip_FXGL\system\fxgl.bundle
16:20:20.694 [JavaFX Application Thread] DEBUG Async                - Shutting down background threads
16:20:20.695 [JavaFX Application Thread] DEBUG PrimaryStageWindow   - Closing main window
16:20:20.713 [JavaFX Application Thread] DEBUG Logger               - Closing Logger
