11:44:05.011 [main                     ] DEBUG Logger               - Configured Logger
11:44:05.056 [main                     ] DEBUG GameApplication      - Logging settings
Title: BattleShip_FXGL
Version: 0.1
Width: 1920
Height: 1080
Fullscreen: true
Intro: false
Profiling: false
Single step:false
App Mode: DEVELOPER
Menu Key: ESCAPE
Stage Style: DECORATED
Scene Factory: class fi.utu.tech.gui.javafx.fxgl.BattleShipApp$1

11:44:05.474 [JavaFX Application Thread] DEBUG FXGLApplication      - Initializing FXGL
11:44:05.475 [JavaFX Application Thread] INFO  Engine               - FXGL-11.14 (01.03.2021 16.59) on WINDOWS (J:11.0.10 FX:15)
11:44:05.476 [JavaFX Application Thread] DEBUG Engine               - JRE Vendor Name: Amazon.com Inc.
11:44:05.476 [JavaFX Application Thread] DEBUG Engine               - Running on OS: Windows 10 version 10.0
11:44:05.476 [JavaFX Application Thread] DEBUG Engine               - Architecture: amd64
11:44:05.476 [JavaFX Application Thread] INFO  Engine               - Source code and latest versions at: https://github.com/AlmasB/FXGL
11:44:05.476 [JavaFX Application Thread] INFO  Engine               -              Join the FXGL chat at: https://gitter.im/AlmasB/FXGL
11:44:05.566 [JavaFX Application Thread] DEBUG PrimaryStageWindow   - Creating a JavaFX scene
11:44:05.620 [JavaFX Application Thread] DEBUG PrimaryStageWindow   - Target settings size: 1920.0 x 1080.0
11:44:05.620 [JavaFX Application Thread] DEBUG PrimaryStageWindow   - Scaled scene size:    1920.0 x 1080.0
11:44:05.620 [JavaFX Application Thread] DEBUG PrimaryStageWindow   - Scaled ratio: (1.0, 1.0)
11:44:05.621 [JavaFX Application Thread] DEBUG PrimaryStageWindow   - Set initial scene to FXGLStartupScene
11:44:05.626 [JavaFX Application Thread] DEBUG PrimaryStageWindow   - Opening main window
11:44:05.704 [JavaFX Application Thread] DEBUG PrimaryStageWindow   - Window border size: (16.0, 39.0)
11:44:05.704 [JavaFX Application Thread] DEBUG PrimaryStageWindow   - Scaled size: 1920.0 x 1080.0
11:44:05.704 [JavaFX Application Thread] DEBUG PrimaryStageWindow   - Scaled ratio: (1.0, 1.0)
11:44:05.705 [JavaFX Application Thread] DEBUG PrimaryStageWindow   - Scene size: 1920.0 x 1080.0
11:44:05.705 [JavaFX Application Thread] DEBUG PrimaryStageWindow   - Stage size: 1936.0 x 1119.0
11:44:05.764 [JavaFX Application Thread] DEBUG PrimaryStageWindow   - Going fullscreen
11:44:05.781 [FXGL Background Thread 1 ] DEBUG Engine               - Initializing environment variables
11:44:05.814 [FXGL Background Thread 1 ] DEBUG FXGLAssetLoaderServi - User app class for loading assets: class fi.utu.tech.gui.javafx.fxgl.BattleShipApp
11:44:05.815 [FXGL Background Thread 1 ] DEBUG GameApplicationServi - Applying CSS: fxgl_dark.css
11:44:05.815 [FXGL Background Thread 1 ] DEBUG FXGLAssetLoaderServi - Loading from file system: jar:file:///C:/Users/box69/.m2/repository/com/github/almasb/fxgl/11.14/fxgl-11.14.jar!/fxglassets/ui/css/fxgl_dark.css
11:44:05.861 [FXGL Background Thread 1 ] DEBUG GameApplicationServi - Initializing application scenes
11:44:05.948 [FXGL Background Thread 1 ] DEBUG GameWorld            - Game world initialized
11:44:06.003 [FXGL Background Thread 1 ] DEBUG PhysicsWorld         - Physics world initialized: appHeight=1080, physics.ppm=50.0
11:44:06.003 [FXGL Background Thread 1 ] DEBUG PhysicsWorld         - Using strategy: BRUTE_FORCE
11:44:06.008 [FXGL Background Thread 1 ] DEBUG GameScene            - Game scene initialized: 1920x1080
11:44:06.014 [FXGL Background Thread 1 ] DEBUG FXGLAssetLoaderServi - Loading from file system: file:/D:/battleShip/battleShip_FXGL/target/classes/assets/textures/Nebula_Red.png
11:44:06.214 [FXGL Background Thread 1 ] DEBUG FXGLAssetLoaderServi - Loading from file system: jar:file:///C:/Users/box69/.m2/repository/com/github/almasb/fxgl/11.14/fxgl-11.14.jar!/fxglassets/textures/pause_menu_bg.png
11:44:06.241 [FXGL Background Thread 1 ] DEBUG GameApplicationServi - Application scenes initialized
11:44:06.252 [FXGL Background Thread 1 ] DEBUG SystemBundleService  - Loading FXGL system data
11:44:06.255 [FXGL Background Thread 1 ] DEBUG FileSystemAccess     - Reading from: D:\battleShip\battleShip_FXGL\system\fxgl.bundle
11:44:06.260 [FXGL Background Thread 1 ] DEBUG SystemBundleService  - Bundle FXGL: {}
11:44:06.261 [FXGL Background Thread 1 ] DEBUG UpdaterService       - Checking for updates
11:44:06.265 [FXGL Background Thread 4 ] DEBUG FXGLApplication      - Loading fonts
11:44:06.266 [FXGL Background Thread 1 ] DEBUG FXGLApplication      - Loading default localization
11:44:06.266 [FXGL Background Thread 4 ] DEBUG FXGLAssetLoaderServi - Loading from file system: jar:file:///C:/Users/box69/.m2/repository/com/github/almasb/fxgl/11.14/fxgl-11.14.jar!/fxglassets/ui/fonts/VarelaRound-Regular.ttf
11:44:06.267 [FXGL Background Thread 1 ] DEBUG FXGLAssetLoaderServi - Loading from file system: jar:file:///C:/Users/box69/.m2/repository/com/github/almasb/fxgl/11.14/fxgl-11.14.jar!/fxglassets/languages/english.lang
11:44:06.281 [FXGL Background Thread 1 ] INFO  FXGLApplication      - FXGL initialization took: 0.500 sec
11:44:06.297 [JavaFX Application Thread] DEBUG Input                - Registered new binding: Change Scene - Space
11:44:06.299 [JavaFX Application Thread] DEBUG Input                - Registered new binding: action0 - R
11:44:06.300 [JavaFX Application Thread] DEBUG Input                - Registered new binding: Deploy - RMB
11:44:06.300 [JavaFX Application Thread] DEBUG Input                - Registered new binding: Attack - LMB
11:44:06.300 [JavaFX Application Thread] DEBUG FXGLAssetLoaderServi - Loading from file system: file:/D:/battleShip/battleShip_FXGL/target/classes/assets/music/CrashedShip.mp3
11:44:06.475 [JavaFX Application Thread] DEBUG AudioPlayer          - Playing music com.almasb.fxgl.audio.Music@65bd1a5e
11:44:06.476 [JavaFX Application Thread] DEBUG FXGLAssetLoaderServi - Loading from file system: jar:file:///C:/Users/box69/.m2/repository/com/github/almasb/fxgl/11.14/fxgl-11.14.jar!/fxglassets/textures/fxgl_icon.png
11:44:06.504 [JavaFX Application Thread] DEBUG FXGLAssetLoaderServi - Loading from file system: jar:file:///C:/Users/box69/.m2/repository/com/github/almasb/fxgl/11.14/fxgl-11.14.jar!/fxglassets/ui/cursors/fxgl_default.png
11:44:06.506 [JavaFX Application Thread] DEBUG Input                - Registered new binding: Screenshot - P
11:44:06.506 [JavaFX Application Thread] DEBUG Input                - Registered new binding: System info dump - CTRL+9
11:44:06.506 [JavaFX Application Thread] DEBUG Input                - Registered new binding: Restart - CTRL+R
11:44:06.507 [JavaFX Application Thread] DEBUG Input                - Registered new binding: Toggle Debug Camera - CTRL+C
11:44:06.508 [JavaFX Application Thread] DEBUG LoopRunner           - Starting loop
11:44:06.509 [JavaFX Application Thread] DEBUG LoopRunner           - Initializing JavaFX AnimationTimerLoop
11:44:06.511 [JavaFX Application Thread] DEBUG Input                - Clearing active input actions
11:44:06.519 [JavaFX Application Thread] DEBUG GameApplicationServi - Removing overlay from FXGLStartupScene and adding to FXGLMainMenuDummyScene
11:44:06.520 [JavaFX Application Thread] DEBUG PrimaryStageWindow   - FXGLStartupScene -> FXGLMainMenuDummyScene
11:44:06.520 [JavaFX Application Thread] DEBUG PrimaryStageWindow   - Push state: BattleShipMainMenu
11:44:06.520 [JavaFX Application Thread] DEBUG Input                - Clearing active input actions
11:44:06.523 [JavaFX Application Thread] DEBUG GameApplicationServi - Removing overlay from FXGLMainMenuDummyScene and adding to BattleShipMainMenu
11:44:06.524 [JavaFX Application Thread] DEBUG PrimaryStageWindow   - FXGLMainMenuDummyScene -> BattleShipMainMenu
11:44:06.785 [FXGL Background Thread 4 ] DEBUG FXGLAssetLoaderServi - Loading from file system: jar:file:///C:/Users/box69/.m2/repository/com/github/almasb/fxgl/11.14/fxgl-11.14.jar!/fxglassets/ui/fonts/Abel-Regular.ttf
11:44:06.788 [FXGL Background Thread 4 ] DEBUG FXGLAssetLoaderServi - Loading from file system: jar:file:///C:/Users/box69/.m2/repository/com/github/almasb/fxgl/11.14/fxgl-11.14.jar!/fxglassets/ui/fonts/lucida_console.ttf
11:44:06.792 [FXGL Background Thread 4 ] DEBUG FXGLAssetLoaderServi - Loading from file system: jar:file:///C:/Users/box69/.m2/repository/com/github/almasb/fxgl/11.14/fxgl-11.14.jar!/fxglassets/ui/fonts/Courier-Prime.ttf
11:44:06.796 [JavaFX Application Thread] DEBUG FXGLApplication      - Registering font factories with UI factory
11:44:07.925 [JavaFX Application Thread] DEBUG PrimaryStageWindow   - Push state: DialogSubScene
11:44:07.925 [JavaFX Application Thread] DEBUG Input                - Clearing active input actions
11:44:07.928 [JavaFX Application Thread] DEBUG GameApplicationServi - Removing overlay from BattleShipMainMenu and adding to DialogSubScene
11:44:07.929 [JavaFX Application Thread] DEBUG PrimaryStageWindow   - BattleShipMainMenu -> DialogSubScene
11:44:09.264 [FXGL Background Thread 3 ] DEBUG Engine               - Logging environment variables
11:44:09.265 [FXGL Background Thread 3 ] DEBUG Engine               - achievements: []
11:44:09.265 [FXGL Background Thread 3 ] DEBUG Engine               - actualHeight: 1080.0
11:44:09.265 [FXGL Background Thread 3 ] DEBUG Engine               - actualHeightProperty: ReadOnlyDoubleProperty [value: 1080.0]
11:44:09.265 [FXGL Background Thread 3 ] DEBUG Engine               - actualWidth: 1920.0
11:44:09.265 [FXGL Background Thread 3 ] DEBUG Engine               - actualWidthProperty: ReadOnlyDoubleProperty [value: 1920.0]
11:44:09.265 [FXGL Background Thread 3 ] DEBUG Engine               - appIcon: fxgl_icon.png
11:44:09.265 [FXGL Background Thread 3 ] DEBUG Engine               - applicationMode: DEVELOPER
11:44:09.265 [FXGL Background Thread 3 ] DEBUG Engine               - cSSList: [fxgl_dark.css]
11:44:09.265 [FXGL Background Thread 3 ] DEBUG Engine               - collisionDetectionStrategy: BRUTE_FORCE
11:44:09.265 [FXGL Background Thread 3 ] DEBUG Engine               - configClass: Optional.empty
11:44:09.265 [FXGL Background Thread 3 ] DEBUG Engine               - credits: []
11:44:09.265 [FXGL Background Thread 3 ] DEBUG Engine               - devBBoxColorProperty: ObjectProperty [value: 0xff0000ff]
11:44:09.265 [FXGL Background Thread 3 ] DEBUG Engine               - devEnableDebugCameraProperty: BooleanProperty [value: false]
11:44:09.266 [FXGL Background Thread 3 ] DEBUG Engine               - devSensorColorProperty: ObjectProperty [value: 0xffff00ff]
11:44:09.266 [FXGL Background Thread 3 ] DEBUG Engine               - devShowBBoxProperty: BooleanProperty [value: false]
11:44:09.266 [FXGL Background Thread 3 ] DEBUG Engine               - devShowPositionProperty: BooleanProperty [value: false]
11:44:09.266 [FXGL Background Thread 3 ] DEBUG Engine               - enabledMenuItems: []
11:44:09.266 [FXGL Background Thread 3 ] DEBUG Engine               - engineServices: [class com.almasb.fxgl.app.services.FXGLAssetLoaderService, class com.almasb.fxgl.app.FXGLApplication$GameApplicationService, class com.almasb.fxgl.app.services.FXGLDialogService, class com.almasb.fxgl.app.services.IOTaskExecutorService, class com.almasb.fxgl.event.EventBusService, class com.almasb.fxgl.io.FileSystemService, class com.almasb.fxgl.localization.LocalizationService, class com.almasb.fxgl.app.services.SystemBundleService, class com.almasb.fxgl.profile.SaveLoadService, class com.almasb.fxgl.ui.FXGLUIFactoryServiceProvider, class com.almasb.fxgl.ui.FXGLDialogFactoryServiceProvider, class com.almasb.fxgl.audio.AudioPlayer, class com.almasb.fxgl.notification.impl.NotificationServiceProvider, class com.almasb.fxgl.achievement.AchievementService, class com.almasb.fxgl.cutscene.CutsceneService, class com.almasb.fxgl.minigames.MiniGameService, class com.almasb.fxgl.net.NetService, class com.almasb.fxgl.app.services.UpdaterService, class com.almasb.fxgl.dev.DevService]
11:44:09.266 [FXGL Background Thread 3 ] DEBUG Engine               - fontGame: Abel-Regular.ttf
11:44:09.266 [FXGL Background Thread 3 ] DEBUG Engine               - fontMono: lucida_console.ttf
11:44:09.266 [FXGL Background Thread 3 ] DEBUG Engine               - fontText: Courier-Prime.ttf
11:44:09.266 [FXGL Background Thread 3 ] DEBUG Engine               - fontUI: VarelaRound-Regular.ttf
11:44:09.266 [FXGL Background Thread 3 ] DEBUG Engine               - fullScreen: BooleanProperty [value: true]
11:44:09.266 [FXGL Background Thread 3 ] DEBUG Engine               - gameDifficulty: MEDIUM
11:44:09.266 [FXGL Background Thread 3 ] DEBUG Engine               - gameDifficultyProperty: ObjectProperty [value: MEDIUM]
11:44:09.266 [FXGL Background Thread 3 ] DEBUG Engine               - globalMusicVolume: 0.5
11:44:09.266 [FXGL Background Thread 3 ] DEBUG Engine               - globalMusicVolumeProperty: DoubleProperty [value: 0.2]
11:44:09.266 [FXGL Background Thread 3 ] DEBUG Engine               - globalSoundVolume: 0.5
11:44:09.266 [FXGL Background Thread 3 ] DEBUG Engine               - globalSoundVolumeProperty: DoubleProperty [value: 0.5]
11:44:09.267 [FXGL Background Thread 3 ] DEBUG Engine               - height: 1080
11:44:09.267 [FXGL Background Thread 3 ] DEBUG Engine               - isAndroid: false
11:44:09.267 [FXGL Background Thread 3 ] DEBUG Engine               - isBrowser: false
11:44:09.267 [FXGL Background Thread 3 ] DEBUG Engine               - isClickFeedbackEnabled: false
11:44:09.267 [FXGL Background Thread 3 ] DEBUG Engine               - isCloseConfirmation: false
11:44:09.267 [FXGL Background Thread 3 ] DEBUG Engine               - isDesktop: true
11:44:09.267 [FXGL Background Thread 3 ] DEBUG Engine               - isDeveloperMenuEnabled: false
11:44:09.267 [FXGL Background Thread 3 ] DEBUG Engine               - isEntityPreloadEnabled: true
11:44:09.267 [FXGL Background Thread 3 ] DEBUG Engine               - isExperimental3D: false
11:44:09.267 [FXGL Background Thread 3 ] DEBUG Engine               - isExperimentalNative: false
11:44:09.267 [FXGL Background Thread 3 ] DEBUG Engine               - isExperimentalTiledLargeMap: false
11:44:09.267 [FXGL Background Thread 3 ] DEBUG Engine               - isFileSystemWriteAllowed: true
11:44:09.267 [FXGL Background Thread 3 ] DEBUG Engine               - isFullScreenAllowed: true
11:44:09.267 [FXGL Background Thread 3 ] DEBUG Engine               - isFullScreenFromStart: true
11:44:09.267 [FXGL Background Thread 3 ] DEBUG Engine               - isGameMenuEnabled: true
11:44:09.267 [FXGL Background Thread 3 ] DEBUG Engine               - isIOS: false
11:44:09.267 [FXGL Background Thread 3 ] DEBUG Engine               - isIntroEnabled: false
11:44:09.267 [FXGL Background Thread 3 ] DEBUG Engine               - isLinux: false
11:44:09.268 [FXGL Background Thread 3 ] DEBUG Engine               - isMac: false
11:44:09.268 [FXGL Background Thread 3 ] DEBUG Engine               - isMainMenuEnabled: true
11:44:09.268 [FXGL Background Thread 3 ] DEBUG Engine               - isManualResizeEnabled: false
11:44:09.268 [FXGL Background Thread 3 ] DEBUG Engine               - isMobile: false
11:44:09.268 [FXGL Background Thread 3 ] DEBUG Engine               - isPreserveResizeRatio: false
11:44:09.268 [FXGL Background Thread 3 ] DEBUG Engine               - isProfilingEnabled: false
11:44:09.268 [FXGL Background Thread 3 ] DEBUG Engine               - isScaleAffectedOnResize: true
11:44:09.268 [FXGL Background Thread 3 ] DEBUG Engine               - isSingleStep: false
11:44:09.268 [FXGL Background Thread 3 ] DEBUG Engine               - isUserProfileEnabled: false
11:44:09.268 [FXGL Background Thread 3 ] DEBUG Engine               - isWindows: true
11:44:09.268 [FXGL Background Thread 3 ] DEBUG Engine               - language: ObjectProperty [value: ENGLISH]
11:44:09.268 [FXGL Background Thread 3 ] DEBUG Engine               - menuKey: ESCAPE
11:44:09.268 [FXGL Background Thread 3 ] DEBUG Engine               - notificationViewClass: class com.almasb.fxgl.notification.view.XboxNotificationView
11:44:09.268 [FXGL Background Thread 3 ] DEBUG Engine               - pixelsPerMeter: 50.0
11:44:09.268 [FXGL Background Thread 3 ] DEBUG Engine               - platform: WINDOWS
11:44:09.268 [FXGL Background Thread 3 ] DEBUG Engine               - prefHeightProperty: ReadOnlyDoubleProperty [value: 1080.0]
11:44:09.268 [FXGL Background Thread 3 ] DEBUG Engine               - prefWidthProperty: ReadOnlyDoubleProperty [value: 1920.0]
11:44:09.269 [FXGL Background Thread 3 ] DEBUG Engine               - profileDir: profiles/
11:44:09.269 [FXGL Background Thread 3 ] DEBUG Engine               - profileName: StringProperty [value: DEFAULT]
11:44:09.269 [FXGL Background Thread 3 ] DEBUG Engine               - randomSeed: -1
11:44:09.269 [FXGL Background Thread 3 ] DEBUG Engine               - runtimeInfo: RuntimeInfo(platform=WINDOWS, version=11.14, build=01.03.2021 16.59)
11:44:09.269 [FXGL Background Thread 3 ] DEBUG Engine               - saveFileExt: sav
11:44:09.269 [FXGL Background Thread 3 ] DEBUG Engine               - scaledHeightProp$fxgl: DoubleProperty [bound, value: 1080.0]
11:44:09.269 [FXGL Background Thread 3 ] DEBUG Engine               - scaledWidthProp$fxgl: DoubleProperty [bound, value: 1920.0]
11:44:09.269 [FXGL Background Thread 3 ] DEBUG Engine               - sceneFactory: fi.utu.tech.gui.javafx.fxgl.BattleShipApp$1@653e90f6
11:44:09.269 [FXGL Background Thread 3 ] DEBUG Engine               - secondsIn24h: 60
11:44:09.269 [FXGL Background Thread 3 ] DEBUG Engine               - soundMenuBack: menu/back.wav
11:44:09.269 [FXGL Background Thread 3 ] DEBUG Engine               - soundMenuPress: menu/press.wav
11:44:09.269 [FXGL Background Thread 3 ] DEBUG Engine               - soundMenuSelect: menu/select.wav
11:44:09.269 [FXGL Background Thread 3 ] DEBUG Engine               - soundNotification: core/notification.wav
11:44:09.269 [FXGL Background Thread 3 ] DEBUG Engine               - stageStyle: DECORATED
11:44:09.269 [FXGL Background Thread 3 ] DEBUG Engine               - supportedLanguages: [ENGLISH, FRENCH, GERMAN, HUNGARIAN, RUSSIAN]
11:44:09.269 [FXGL Background Thread 3 ] DEBUG Engine               - ticksPerSecond: -1
11:44:09.269 [FXGL Background Thread 3 ] DEBUG Engine               - title: BattleShip_FXGL
11:44:09.269 [FXGL Background Thread 3 ] DEBUG Engine               - urlGithub: https://github.com/AlmasB/FXGL
11:44:09.269 [FXGL Background Thread 3 ] DEBUG Engine               - urlLeaderboard: http://fxgl-top.herokuapp.com/
11:44:09.270 [FXGL Background Thread 3 ] DEBUG Engine               - urlPOM: https://raw.githubusercontent.com/AlmasB/FXGL/release/README.md
11:44:09.270 [FXGL Background Thread 3 ] DEBUG Engine               - userAppClass: class fi.utu.tech.gui.javafx.fxgl.BattleShipApp
11:44:09.270 [FXGL Background Thread 3 ] DEBUG Engine               - version: 0.1
11:44:09.270 [FXGL Background Thread 3 ] DEBUG Engine               - versionCheckDays: 7
11:44:09.270 [FXGL Background Thread 3 ] DEBUG Engine               - width: 1920
11:44:09.270 [FXGL Background Thread 3 ] DEBUG Engine               - Logging services
11:44:09.270 [FXGL Background Thread 3 ] DEBUG Engine               - class com.almasb.fxgl.app.services.FXGLAssetLoaderService
11:44:09.270 [FXGL Background Thread 3 ] DEBUG Engine               - class com.almasb.fxgl.app.FXGLApplication$GameApplicationService
11:44:09.270 [FXGL Background Thread 3 ] DEBUG Engine               - class com.almasb.fxgl.app.services.FXGLDialogService
11:44:09.270 [FXGL Background Thread 3 ] DEBUG Engine               - class com.almasb.fxgl.app.services.IOTaskExecutorService
11:44:09.270 [FXGL Background Thread 3 ] DEBUG Engine               - class com.almasb.fxgl.event.EventBusService
11:44:09.270 [FXGL Background Thread 3 ] DEBUG Engine               - class com.almasb.fxgl.io.FileSystemService
11:44:09.270 [FXGL Background Thread 3 ] DEBUG Engine               - class com.almasb.fxgl.localization.LocalizationService
11:44:09.271 [FXGL Background Thread 3 ] DEBUG Engine               - class com.almasb.fxgl.app.services.SystemBundleService
11:44:09.271 [FXGL Background Thread 3 ] DEBUG Engine               - class com.almasb.fxgl.profile.SaveLoadService
11:44:09.271 [FXGL Background Thread 3 ] DEBUG Engine               - class com.almasb.fxgl.ui.FXGLUIFactoryServiceProvider
11:44:09.271 [FXGL Background Thread 3 ] DEBUG Engine               - class com.almasb.fxgl.ui.FXGLDialogFactoryServiceProvider
11:44:09.271 [FXGL Background Thread 3 ] DEBUG Engine               - class com.almasb.fxgl.audio.AudioPlayer
11:44:09.271 [FXGL Background Thread 3 ] DEBUG Engine               - class com.almasb.fxgl.notification.impl.NotificationServiceProvider
11:44:09.271 [FXGL Background Thread 3 ] DEBUG Engine               - class com.almasb.fxgl.achievement.AchievementService
11:44:09.271 [FXGL Background Thread 3 ] DEBUG Engine               - class com.almasb.fxgl.cutscene.CutsceneService
11:44:09.271 [FXGL Background Thread 3 ] DEBUG Engine               - class com.almasb.fxgl.minigames.MiniGameService
11:44:09.271 [FXGL Background Thread 3 ] DEBUG Engine               - class com.almasb.fxgl.net.NetService
11:44:09.271 [FXGL Background Thread 3 ] DEBUG Engine               - class com.almasb.fxgl.app.services.UpdaterService
11:44:09.271 [FXGL Background Thread 3 ] DEBUG Engine               - class com.almasb.fxgl.dev.DevService
11:44:16.588 [JavaFX Application Thread] DEBUG PrimaryStageWindow   - Pop state: DialogSubScene
11:44:16.588 [JavaFX Application Thread] DEBUG Input                - Clearing active input actions
11:44:16.589 [JavaFX Application Thread] DEBUG GameApplicationServi - Removing overlay from DialogSubScene and adding to BattleShipMainMenu
11:44:16.589 [JavaFX Application Thread] DEBUG PrimaryStageWindow   - BattleShipMainMenu <- DialogSubScene
11:44:17.144 [JavaFX Application Thread] DEBUG Menu                 - fireNewGame()
11:44:17.144 [JavaFX Application Thread] DEBUG GameApplicationServi - Starting new game
11:44:17.144 [JavaFX Application Thread] DEBUG PrimaryStageWindow   - Pop state: BattleShipMainMenu
11:44:17.144 [JavaFX Application Thread] DEBUG Input                - Clearing active input actions
11:44:17.145 [JavaFX Application Thread] DEBUG GameApplicationServi - Removing overlay from BattleShipMainMenu and adding to FXGLMainMenuDummyScene
11:44:17.145 [JavaFX Application Thread] DEBUG PrimaryStageWindow   - FXGLMainMenuDummyScene <- BattleShipMainMenu
11:44:17.145 [JavaFX Application Thread] DEBUG Input                - Clearing active input actions
11:44:17.153 [JavaFX Application Thread] DEBUG GameApplicationServi - Removing overlay from FXGLMainMenuDummyScene and adding to FXGLLoadingScene
11:44:17.153 [JavaFX Application Thread] DEBUG PrimaryStageWindow   - FXGLMainMenuDummyScene -> FXGLLoadingScene
11:44:17.153 [JavaFX Application Thread] DEBUG GameApplicationServi - Clearing previous game
11:44:17.153 [JavaFX Application Thread] DEBUG GameScene            - Clearing game scene
11:44:17.153 [JavaFX Application Thread] DEBUG GameWorld            - Clearing game world
11:44:17.153 [JavaFX Application Thread] DEBUG PhysicsWorld         - Clearing physics world
11:44:17.154 [FXGL Background Thread 2 ] DEBUG FXGLApplication      - Initializing game
11:44:17.160 [FXGL Background Thread 2 ] DEBUG FXGLAssetLoaderServi - Loading from file system: file:/D:/battleShip/battleShip_FXGL/target/classes/assets/textures/bg.jpg
11:44:17.197 [FXGL Background Thread 2 ] DEBUG FXGLAssetLoaderServi - Loading from file system: file:/D:/battleShip/battleShip_FXGL/target/classes/assets/textures/ShipContainer.png
11:44:17.202 [FXGL Background Thread 2 ] DEBUG FXGLAssetLoaderServi - Loading from file system: file:/D:/battleShip/battleShip_FXGL/target/classes/assets/textures/ships/ship_b_5_h.png
11:44:17.217 [FXGL Background Thread 2 ] DEBUG FXGLAssetLoaderServi - Loading from file system: file:/D:/battleShip/battleShip_FXGL/target/classes/assets/textures/ships/ship_r_5_h.png
11:44:17.219 [FXGL Background Thread 2 ] DEBUG FXGLAssetLoaderServi - Loading from file system: file:/D:/battleShip/battleShip_FXGL/target/classes/assets/textures/ships/ship_b_4_h.png
11:44:17.221 [FXGL Background Thread 2 ] DEBUG FXGLAssetLoaderServi - Loading from file system: file:/D:/battleShip/battleShip_FXGL/target/classes/assets/textures/ships/ship_r_4_h.png
11:44:17.223 [FXGL Background Thread 2 ] DEBUG FXGLAssetLoaderServi - Loading from file system: file:/D:/battleShip/battleShip_FXGL/target/classes/assets/textures/ships/ship_b_3_2_h.png
11:44:17.225 [FXGL Background Thread 2 ] DEBUG FXGLAssetLoaderServi - Loading from file system: file:/D:/battleShip/battleShip_FXGL/target/classes/assets/textures/ships/ship_r_3_2_h.png
11:44:17.226 [FXGL Background Thread 2 ] DEBUG FXGLAssetLoaderServi - Loading from file system: file:/D:/battleShip/battleShip_FXGL/target/classes/assets/textures/ships/ship_b_3_1_h.png
11:44:17.228 [FXGL Background Thread 2 ] DEBUG FXGLAssetLoaderServi - Loading from file system: file:/D:/battleShip/battleShip_FXGL/target/classes/assets/textures/ships/ship_r_3_1_h.png
11:44:17.230 [FXGL Background Thread 2 ] DEBUG FXGLAssetLoaderServi - Loading from file system: file:/D:/battleShip/battleShip_FXGL/target/classes/assets/textures/ships/ship_b_2_h.png
11:44:17.232 [FXGL Background Thread 2 ] DEBUG FXGLAssetLoaderServi - Loading from file system: file:/D:/battleShip/battleShip_FXGL/target/classes/assets/textures/ships/ship_r_2_h.png
11:44:17.234 [FXGL Background Thread 2 ] DEBUG FXGLAssetLoaderServi - Loading from file system: file:/D:/battleShip/battleShip_FXGL/target/classes/assets/textures/Tile.png
11:44:17.256 [FXGL Background Thread 2 ] INFO  FXGLApplication      - Game initialization took: 0.101 sec
11:44:17.256 [JavaFX Application Thread] DEBUG Input                - Clearing active input actions
11:44:17.264 [JavaFX Application Thread] DEBUG GameApplicationServi - Removing overlay from FXGLLoadingScene and adding to GameScene
11:44:17.264 [JavaFX Application Thread] DEBUG PrimaryStageWindow   - FXGLLoadingScene -> GameScene
11:44:17.272 [JavaFX Application Thread] DEBUG FXGLAssetLoaderServi - Loading from file system: file:/D:/battleShip/battleShip_FXGL/target/classes/assets/textures/bg2.jpg
11:44:17.301 [JavaFX Application Thread] DEBUG PrimaryStageWindow   - Push state: DialogSubScene
11:44:17.301 [JavaFX Application Thread] DEBUG Input                - Clearing active input actions
11:44:17.302 [JavaFX Application Thread] DEBUG GameApplicationServi - Removing overlay from GameScene and adding to DialogSubScene
11:44:17.302 [JavaFX Application Thread] DEBUG PrimaryStageWindow   - GameScene -> DialogSubScene
11:44:19.501 [JavaFX Application Thread] DEBUG PrimaryStageWindow   - Pop state: DialogSubScene
11:44:19.501 [JavaFX Application Thread] DEBUG Input                - Clearing active input actions
11:44:19.501 [JavaFX Application Thread] DEBUG GameApplicationServi - Removing overlay from DialogSubScene and adding to GameScene
11:44:19.501 [JavaFX Application Thread] DEBUG PrimaryStageWindow   - GameScene <- DialogSubScene
11:44:19.501 [JavaFX Application Thread] DEBUG PrimaryStageWindow   - Push state: BluePlayerDeployScene
11:44:19.502 [JavaFX Application Thread] DEBUG Input                - Clearing active input actions
11:44:19.502 [JavaFX Application Thread] DEBUG GameApplicationServi - Removing overlay from GameScene and adding to BluePlayerDeployScene
11:44:19.502 [JavaFX Application Thread] DEBUG PrimaryStageWindow   - GameScene -> BluePlayerDeployScene
11:44:19.502 [JavaFX Application Thread] DEBUG PrimaryStageWindow   - Pop state: BluePlayerDeployScene
11:44:19.502 [JavaFX Application Thread] DEBUG Input                - Clearing active input actions
11:44:19.502 [JavaFX Application Thread] DEBUG GameApplicationServi - Removing overlay from BluePlayerDeployScene and adding to GameScene
11:44:19.502 [JavaFX Application Thread] DEBUG PrimaryStageWindow   - GameScene <- BluePlayerDeployScene
11:44:33.746 [JavaFX Application Thread] DEBUG PrimaryStageWindow   - Push state: DialogSubScene
11:44:33.746 [JavaFX Application Thread] DEBUG Input                - Clearing active input actions
11:44:33.746 [JavaFX Application Thread] DEBUG GameApplicationServi - Removing overlay from GameScene and adding to DialogSubScene
11:44:33.746 [JavaFX Application Thread] DEBUG PrimaryStageWindow   - GameScene -> DialogSubScene
11:44:34.241 [JavaFX Application Thread] DEBUG PrimaryStageWindow   - Pop state: DialogSubScene
11:44:34.241 [JavaFX Application Thread] DEBUG Input                - Clearing active input actions
11:44:34.241 [JavaFX Application Thread] DEBUG GameApplicationServi - Removing overlay from DialogSubScene and adding to GameScene
11:44:34.242 [JavaFX Application Thread] DEBUG PrimaryStageWindow   - GameScene <- DialogSubScene
11:44:34.242 [JavaFX Application Thread] DEBUG PrimaryStageWindow   - Push state: RedPlayerDeployScene
11:44:34.242 [JavaFX Application Thread] DEBUG Input                - Clearing active input actions
11:44:34.242 [JavaFX Application Thread] DEBUG GameApplicationServi - Removing overlay from GameScene and adding to RedPlayerDeployScene
11:44:34.242 [JavaFX Application Thread] DEBUG PrimaryStageWindow   - GameScene -> RedPlayerDeployScene
11:44:34.242 [JavaFX Application Thread] DEBUG PrimaryStageWindow   - Pop state: RedPlayerDeployScene
11:44:34.242 [JavaFX Application Thread] DEBUG Input                - Clearing active input actions
11:44:34.243 [JavaFX Application Thread] DEBUG GameApplicationServi - Removing overlay from RedPlayerDeployScene and adding to GameScene
11:44:34.243 [JavaFX Application Thread] DEBUG PrimaryStageWindow   - GameScene <- RedPlayerDeployScene
11:44:42.896 [JavaFX Application Thread] DEBUG PrimaryStageWindow   - Push state: DialogSubScene
11:44:42.896 [JavaFX Application Thread] DEBUG Input                - Clearing active input actions
11:44:42.897 [JavaFX Application Thread] DEBUG GameApplicationServi - Removing overlay from GameScene and adding to DialogSubScene
11:44:42.897 [JavaFX Application Thread] DEBUG PrimaryStageWindow   - GameScene -> DialogSubScene
11:44:43.491 [JavaFX Application Thread] DEBUG PrimaryStageWindow   - Pop state: DialogSubScene
11:44:43.491 [JavaFX Application Thread] DEBUG Input                - Clearing active input actions
11:44:43.491 [JavaFX Application Thread] DEBUG GameApplicationServi - Removing overlay from DialogSubScene and adding to GameScene
11:44:43.492 [JavaFX Application Thread] DEBUG PrimaryStageWindow   - GameScene <- DialogSubScene
11:44:43.492 [JavaFX Application Thread] DEBUG PrimaryStageWindow   - Push state: RedPlayerScene
11:44:43.494 [JavaFX Application Thread] DEBUG Input                - Clearing active input actions
11:44:43.494 [JavaFX Application Thread] DEBUG GameApplicationServi - Removing overlay from GameScene and adding to RedPlayerScene
11:44:43.494 [JavaFX Application Thread] DEBUG PrimaryStageWindow   - GameScene -> RedPlayerScene
11:44:43.494 [JavaFX Application Thread] DEBUG PrimaryStageWindow   - Pop state: RedPlayerScene
11:44:43.495 [JavaFX Application Thread] DEBUG Input                - Clearing active input actions
11:44:43.495 [JavaFX Application Thread] DEBUG GameApplicationServi - Removing overlay from RedPlayerScene and adding to GameScene
11:44:43.495 [JavaFX Application Thread] DEBUG PrimaryStageWindow   - GameScene <- RedPlayerScene
11:44:44.365 [JavaFX Application Thread] DEBUG FXGLAssetLoaderServi - Loading from file system: file:/D:/battleShip/battleShip_FXGL/target/classes/assets/sounds/shot.wav
11:44:44.371 [JavaFX Application Thread] DEBUG FXGLAssetLoaderServi - Loading from file system: file:/D:/battleShip/battleShip_FXGL/target/classes/assets/textures/Player1.png
11:44:44.433 [JavaFX Application Thread] DEBUG FXGLAssetLoaderServi - Loading from file system: file:/D:/battleShip/battleShip_FXGL/target/classes/assets/textures/Player1Hit.png
11:44:44.434 [JavaFX Application Thread] DEBUG FXGLAssetLoaderServi - Loading from file system: file:/D:/battleShip/battleShip_FXGL/target/classes/assets/sounds/hit.wav
11:44:45.940 [JavaFX Application Thread] DEBUG FXGLAssetLoaderServi - Loading from file system: file:/D:/battleShip/battleShip_FXGL/target/classes/assets/sounds/explosion.wav
11:44:45.946 [JavaFX Application Thread] DEBUG PrimaryStageWindow   - Push state: DialogSubScene
11:44:45.946 [JavaFX Application Thread] DEBUG Input                - Clearing active input actions
11:44:45.946 [JavaFX Application Thread] DEBUG GameApplicationServi - Removing overlay from GameScene and adding to DialogSubScene
11:44:45.946 [JavaFX Application Thread] DEBUG PrimaryStageWindow   - GameScene -> DialogSubScene
11:44:46.627 [JavaFX Application Thread] DEBUG PrimaryStageWindow   - Pop state: DialogSubScene
11:44:46.627 [JavaFX Application Thread] DEBUG Input                - Clearing active input actions
11:44:46.627 [JavaFX Application Thread] DEBUG GameApplicationServi - Removing overlay from DialogSubScene and adding to GameScene
11:44:46.627 [JavaFX Application Thread] DEBUG PrimaryStageWindow   - GameScene <- DialogSubScene
11:44:48.041 [JavaFX Application Thread] DEBUG PrimaryStageWindow   - Push state: DialogSubScene
11:44:48.041 [JavaFX Application Thread] DEBUG Input                - Clearing active input actions
11:44:48.042 [JavaFX Application Thread] DEBUG GameApplicationServi - Removing overlay from GameScene and adding to DialogSubScene
11:44:48.042 [JavaFX Application Thread] DEBUG PrimaryStageWindow   - GameScene -> DialogSubScene
11:44:48.579 [JavaFX Application Thread] DEBUG PrimaryStageWindow   - Pop state: DialogSubScene
11:44:48.579 [JavaFX Application Thread] DEBUG Input                - Clearing active input actions
11:44:48.579 [JavaFX Application Thread] DEBUG GameApplicationServi - Removing overlay from DialogSubScene and adding to GameScene
11:44:48.579 [JavaFX Application Thread] DEBUG PrimaryStageWindow   - GameScene <- DialogSubScene
11:44:48.579 [JavaFX Application Thread] DEBUG PrimaryStageWindow   - Push state: BluePlayerScene
11:44:48.580 [JavaFX Application Thread] DEBUG Input                - Clearing active input actions
11:44:48.580 [JavaFX Application Thread] DEBUG GameApplicationServi - Removing overlay from GameScene and adding to BluePlayerScene
11:44:48.580 [JavaFX Application Thread] DEBUG PrimaryStageWindow   - GameScene -> BluePlayerScene
11:44:48.581 [JavaFX Application Thread] DEBUG PrimaryStageWindow   - Pop state: BluePlayerScene
11:44:48.581 [JavaFX Application Thread] DEBUG Input                - Clearing active input actions
11:44:48.581 [JavaFX Application Thread] DEBUG GameApplicationServi - Removing overlay from BluePlayerScene and adding to GameScene
11:44:48.581 [JavaFX Application Thread] DEBUG PrimaryStageWindow   - GameScene <- BluePlayerScene
11:44:50.137 [JavaFX Application Thread] DEBUG PrimaryStageWindow   - Push state: DialogSubScene
11:44:50.138 [JavaFX Application Thread] DEBUG Input                - Clearing active input actions
11:44:50.138 [JavaFX Application Thread] DEBUG GameApplicationServi - Removing overlay from GameScene and adding to DialogSubScene
11:44:50.138 [JavaFX Application Thread] DEBUG PrimaryStageWindow   - GameScene -> DialogSubScene
11:44:50.746 [JavaFX Application Thread] DEBUG PrimaryStageWindow   - Pop state: DialogSubScene
11:44:50.746 [JavaFX Application Thread] DEBUG Input                - Clearing active input actions
11:44:50.746 [JavaFX Application Thread] DEBUG GameApplicationServi - Removing overlay from DialogSubScene and adding to GameScene
11:44:50.746 [JavaFX Application Thread] DEBUG PrimaryStageWindow   - GameScene <- DialogSubScene
11:44:50.746 [JavaFX Application Thread] DEBUG PrimaryStageWindow   - Push state: RedPlayerScene
11:44:50.747 [JavaFX Application Thread] DEBUG Input                - Clearing active input actions
11:44:50.747 [JavaFX Application Thread] DEBUG GameApplicationServi - Removing overlay from GameScene and adding to RedPlayerScene
11:44:50.747 [JavaFX Application Thread] DEBUG PrimaryStageWindow   - GameScene -> RedPlayerScene
11:44:50.747 [JavaFX Application Thread] DEBUG PrimaryStageWindow   - Pop state: RedPlayerScene
11:44:50.747 [JavaFX Application Thread] DEBUG Input                - Clearing active input actions
11:44:50.747 [JavaFX Application Thread] DEBUG GameApplicationServi - Removing overlay from RedPlayerScene and adding to GameScene
11:44:50.747 [JavaFX Application Thread] DEBUG PrimaryStageWindow   - GameScene <- RedPlayerScene
11:44:52.387 [JavaFX Application Thread] DEBUG PrimaryStageWindow   - Push state: DialogSubScene
11:44:52.387 [JavaFX Application Thread] DEBUG Input                - Clearing active input actions
11:44:52.387 [JavaFX Application Thread] DEBUG GameApplicationServi - Removing overlay from GameScene and adding to DialogSubScene
11:44:52.387 [JavaFX Application Thread] DEBUG PrimaryStageWindow   - GameScene -> DialogSubScene
11:44:53.712 [JavaFX Application Thread] DEBUG PrimaryStageWindow   - Pop state: DialogSubScene
11:44:53.712 [JavaFX Application Thread] DEBUG Input                - Clearing active input actions
11:44:53.712 [JavaFX Application Thread] DEBUG GameApplicationServi - Removing overlay from DialogSubScene and adding to GameScene
11:44:53.712 [JavaFX Application Thread] DEBUG PrimaryStageWindow   - GameScene <- DialogSubScene
11:44:55.018 [JavaFX Application Thread] DEBUG PrimaryStageWindow   - Push state: DialogSubScene
11:44:55.018 [JavaFX Application Thread] DEBUG Input                - Clearing active input actions
11:44:55.018 [JavaFX Application Thread] DEBUG GameApplicationServi - Removing overlay from GameScene and adding to DialogSubScene
11:44:55.018 [JavaFX Application Thread] DEBUG PrimaryStageWindow   - GameScene -> DialogSubScene
11:44:55.884 [JavaFX Application Thread] DEBUG PrimaryStageWindow   - Pop state: DialogSubScene
11:44:55.884 [JavaFX Application Thread] DEBUG Input                - Clearing active input actions
11:44:55.884 [JavaFX Application Thread] DEBUG GameApplicationServi - Removing overlay from DialogSubScene and adding to GameScene
11:44:55.884 [JavaFX Application Thread] DEBUG PrimaryStageWindow   - GameScene <- DialogSubScene
11:44:57.283 [JavaFX Application Thread] DEBUG PrimaryStageWindow   - Push state: DialogSubScene
11:44:57.283 [JavaFX Application Thread] DEBUG Input                - Clearing active input actions
11:44:57.283 [JavaFX Application Thread] DEBUG GameApplicationServi - Removing overlay from GameScene and adding to DialogSubScene
11:44:57.283 [JavaFX Application Thread] DEBUG PrimaryStageWindow   - GameScene -> DialogSubScene
11:44:58.029 [JavaFX Application Thread] DEBUG PrimaryStageWindow   - Pop state: DialogSubScene
11:44:58.029 [JavaFX Application Thread] DEBUG Input                - Clearing active input actions
11:44:58.029 [JavaFX Application Thread] DEBUG GameApplicationServi - Removing overlay from DialogSubScene and adding to GameScene
11:44:58.029 [JavaFX Application Thread] DEBUG PrimaryStageWindow   - GameScene <- DialogSubScene
11:44:59.135 [JavaFX Application Thread] DEBUG PrimaryStageWindow   - Push state: DialogSubScene
11:44:59.135 [JavaFX Application Thread] DEBUG Input                - Clearing active input actions
11:44:59.135 [JavaFX Application Thread] DEBUG GameApplicationServi - Removing overlay from GameScene and adding to DialogSubScene
11:44:59.135 [JavaFX Application Thread] DEBUG PrimaryStageWindow   - GameScene -> DialogSubScene
11:45:00.526 [JavaFX Application Thread] DEBUG PrimaryStageWindow   - Pop state: DialogSubScene
11:45:00.526 [JavaFX Application Thread] DEBUG Input                - Clearing active input actions
11:45:00.526 [JavaFX Application Thread] DEBUG GameApplicationServi - Removing overlay from DialogSubScene and adding to GameScene
11:45:00.526 [JavaFX Application Thread] DEBUG PrimaryStageWindow   - GameScene <- DialogSubScene
11:45:01.481 [JavaFX Application Thread] DEBUG PrimaryStageWindow   - Push state: DialogSubScene
11:45:01.481 [JavaFX Application Thread] DEBUG Input                - Clearing active input actions
11:45:01.482 [JavaFX Application Thread] DEBUG GameApplicationServi - Removing overlay from GameScene and adding to DialogSubScene
11:45:01.482 [JavaFX Application Thread] DEBUG PrimaryStageWindow   - GameScene -> DialogSubScene
11:45:04.155 [JavaFX Application Thread] DEBUG PrimaryStageWindow   - Pop state: DialogSubScene
11:45:04.155 [JavaFX Application Thread] DEBUG Input                - Clearing active input actions
11:45:04.155 [JavaFX Application Thread] DEBUG GameApplicationServi - Removing overlay from DialogSubScene and adding to GameScene
11:45:04.155 [JavaFX Application Thread] DEBUG PrimaryStageWindow   - GameScene <- DialogSubScene
11:45:04.156 [JavaFX Application Thread] DEBUG GameApplicationServi - Starting new game
11:45:04.157 [JavaFX Application Thread] DEBUG Input                - Clearing active input actions
11:45:04.161 [JavaFX Application Thread] DEBUG GameApplicationServi - Removing overlay from GameScene and adding to FXGLLoadingScene
11:45:04.161 [JavaFX Application Thread] DEBUG PrimaryStageWindow   - GameScene -> FXGLLoadingScene
11:45:04.161 [JavaFX Application Thread] DEBUG GameApplicationServi - Clearing previous game
11:45:04.161 [JavaFX Application Thread] DEBUG GameScene            - Clearing game scene
11:45:04.161 [JavaFX Application Thread] DEBUG GameWorld            - Clearing game world
11:45:04.162 [JavaFX Application Thread] DEBUG PhysicsWorld         - Clearing physics world
11:45:04.162 [FXGL Background Thread 2 ] DEBUG FXGLApplication      - Initializing game
11:45:04.176 [FXGL Background Thread 2 ] INFO  FXGLApplication      - Game initialization took: 0.014 sec
11:45:04.176 [JavaFX Application Thread] DEBUG Input                - Clearing active input actions
11:45:04.181 [JavaFX Application Thread] DEBUG GameApplicationServi - Removing overlay from FXGLLoadingScene and adding to GameScene
11:45:04.182 [JavaFX Application Thread] DEBUG PrimaryStageWindow   - FXGLLoadingScene -> GameScene
11:45:04.183 [JavaFX Application Thread] DEBUG PrimaryStageWindow   - Push state: DialogSubScene
11:45:04.183 [JavaFX Application Thread] DEBUG Input                - Clearing active input actions
11:45:04.184 [JavaFX Application Thread] DEBUG GameApplicationServi - Removing overlay from GameScene and adding to DialogSubScene
11:45:04.184 [JavaFX Application Thread] DEBUG PrimaryStageWindow   - GameScene -> DialogSubScene
11:45:06.655 [JavaFX Application Thread] DEBUG PrimaryStageWindow   - Pop state: DialogSubScene
11:45:06.655 [JavaFX Application Thread] DEBUG Input                - Clearing active input actions
11:45:06.655 [JavaFX Application Thread] DEBUG GameApplicationServi - Removing overlay from DialogSubScene and adding to GameScene
11:45:06.655 [JavaFX Application Thread] DEBUG PrimaryStageWindow   - GameScene <- DialogSubScene
11:45:06.655 [JavaFX Application Thread] DEBUG PrimaryStageWindow   - Push state: BluePlayerDeployScene
11:45:06.655 [JavaFX Application Thread] DEBUG Input                - Clearing active input actions
11:45:06.655 [JavaFX Application Thread] DEBUG GameApplicationServi - Removing overlay from GameScene and adding to BluePlayerDeployScene
11:45:06.655 [JavaFX Application Thread] DEBUG PrimaryStageWindow   - GameScene -> BluePlayerDeployScene
11:45:06.655 [JavaFX Application Thread] DEBUG PrimaryStageWindow   - Pop state: BluePlayerDeployScene
11:45:06.655 [JavaFX Application Thread] DEBUG Input                - Clearing active input actions
11:45:06.656 [JavaFX Application Thread] DEBUG GameApplicationServi - Removing overlay from BluePlayerDeployScene and adding to GameScene
11:45:06.656 [JavaFX Application Thread] DEBUG PrimaryStageWindow   - GameScene <- BluePlayerDeployScene
11:45:07.095 [JavaFX Application Thread] DEBUG PrimaryStageWindow   - Push state: SimpleGameMenu
11:45:07.095 [JavaFX Application Thread] DEBUG Input                - Clearing active input actions
11:45:07.095 [JavaFX Application Thread] DEBUG GameApplicationServi - Removing overlay from GameScene and adding to SimpleGameMenu
11:45:07.095 [JavaFX Application Thread] DEBUG PrimaryStageWindow   - GameScene -> SimpleGameMenu
11:45:07.621 [JavaFX Application Thread] DEBUG Menu                 - fireExitToMainMenu()
11:45:07.621 [JavaFX Application Thread] DEBUG PrimaryStageWindow   - Push state: DialogSubScene
11:45:07.621 [JavaFX Application Thread] DEBUG Input                - Clearing active input actions
11:45:07.622 [JavaFX Application Thread] DEBUG GameApplicationServi - Removing overlay from SimpleGameMenu and adding to DialogSubScene
11:45:07.622 [JavaFX Application Thread] DEBUG PrimaryStageWindow   - SimpleGameMenu -> DialogSubScene
11:45:08.247 [JavaFX Application Thread] DEBUG PrimaryStageWindow   - Pop state: DialogSubScene
11:45:08.247 [JavaFX Application Thread] DEBUG Input                - Clearing active input actions
11:45:08.247 [JavaFX Application Thread] DEBUG GameApplicationServi - Removing overlay from DialogSubScene and adding to SimpleGameMenu
11:45:08.248 [JavaFX Application Thread] DEBUG PrimaryStageWindow   - SimpleGameMenu <- DialogSubScene
11:45:08.248 [JavaFX Application Thread] DEBUG PrimaryStageWindow   - Pop state: SimpleGameMenu
11:45:08.248 [JavaFX Application Thread] DEBUG Input                - Clearing active input actions
11:45:08.248 [JavaFX Application Thread] DEBUG GameApplicationServi - Removing overlay from SimpleGameMenu and adding to GameScene
11:45:08.248 [JavaFX Application Thread] DEBUG PrimaryStageWindow   - GameScene <- SimpleGameMenu
11:45:08.248 [JavaFX Application Thread] DEBUG Input                - Clearing active input actions
11:45:08.250 [JavaFX Application Thread] DEBUG GameApplicationServi - Removing overlay from GameScene and adding to FXGLMainMenuDummyScene
11:45:08.250 [JavaFX Application Thread] DEBUG PrimaryStageWindow   - GameScene -> FXGLMainMenuDummyScene
11:45:08.250 [JavaFX Application Thread] DEBUG PrimaryStageWindow   - Push state: BattleShipMainMenu
11:45:08.250 [JavaFX Application Thread] DEBUG Input                - Clearing active input actions
11:45:08.250 [JavaFX Application Thread] DEBUG GameApplicationServi - Removing overlay from FXGLMainMenuDummyScene and adding to BattleShipMainMenu
11:45:08.250 [JavaFX Application Thread] DEBUG PrimaryStageWindow   - FXGLMainMenuDummyScene -> BattleShipMainMenu
11:45:10.291 [JavaFX Application Thread] DEBUG Menu                 - fireExit()
11:45:10.291 [JavaFX Application Thread] DEBUG PrimaryStageWindow   - Push state: DialogSubScene
11:45:10.291 [JavaFX Application Thread] DEBUG Input                - Clearing active input actions
11:45:10.292 [JavaFX Application Thread] DEBUG GameApplicationServi - Removing overlay from BattleShipMainMenu and adding to DialogSubScene
11:45:10.292 [JavaFX Application Thread] DEBUG PrimaryStageWindow   - BattleShipMainMenu -> DialogSubScene
11:45:10.849 [JavaFX Application Thread] DEBUG PrimaryStageWindow   - Pop state: DialogSubScene
11:45:10.849 [JavaFX Application Thread] DEBUG Input                - Clearing active input actions
11:45:10.849 [JavaFX Application Thread] DEBUG GameApplicationServi - Removing overlay from DialogSubScene and adding to BattleShipMainMenu
11:45:10.849 [JavaFX Application Thread] DEBUG PrimaryStageWindow   - BattleShipMainMenu <- DialogSubScene
11:45:10.849 [JavaFX Application Thread] DEBUG FXGLApplication      - Exiting FXGL
11:45:10.849 [JavaFX Application Thread] DEBUG LoopRunner           - Stopping loop
11:45:10.849 [JavaFX Application Thread] DEBUG SystemBundleService  - Saving FXGL system data
11:45:10.850 [JavaFX Application Thread] DEBUG FileSystemAccess     - Writing to: D:\battleShip\battleShip_FXGL\system\fxgl.bundle
11:45:10.852 [JavaFX Application Thread] DEBUG Async                - Shutting down background threads
11:45:10.852 [JavaFX Application Thread] DEBUG PrimaryStageWindow   - Closing main window
11:45:10.869 [JavaFX Application Thread] DEBUG Logger               - Closing Logger
