14:10:56.390 [main                     ] DEBUG Logger               - Configured Logger
14:10:56.421 [main                     ] DEBUG GameApplication      - Logging settings
Title: BattleShip_FXGL
Version: 0.1
Width: 1920
Height: 1080
Fullscreen: true
Intro: true
Profiling: false
Single step:false
App Mode: DEVELOPER
Menu Key: ESCAPE
Stage Style: DECORATED
Scene Factory: class fi.utu.tech.gui.javafx.fxgl.BattleShipApp$1

14:10:56.876 [JavaFX Application Thread] DEBUG FXGLApplication      - Initializing FXGL
14:10:56.878 [JavaFX Application Thread] INFO  Engine               - FXGL-11.14 (01.03.2021 16.59) on WINDOWS (J:11.0.10 FX:15)
14:10:56.878 [JavaFX Application Thread] DEBUG Engine               - JRE Vendor Name: Amazon.com Inc.
14:10:56.878 [JavaFX Application Thread] DEBUG Engine               - Running on OS: Windows 10 version 10.0
14:10:56.879 [JavaFX Application Thread] DEBUG Engine               - Architecture: amd64
14:10:56.879 [JavaFX Application Thread] INFO  Engine               - Source code and latest versions at: https://github.com/AlmasB/FXGL
14:10:56.879 [JavaFX Application Thread] INFO  Engine               -              Join the FXGL chat at: https://gitter.im/AlmasB/FXGL
14:10:56.978 [JavaFX Application Thread] DEBUG PrimaryStageWindow   - Creating a JavaFX scene
14:10:57.034 [JavaFX Application Thread] DEBUG PrimaryStageWindow   - Target settings size: 1920.0 x 1080.0
14:10:57.034 [JavaFX Application Thread] DEBUG PrimaryStageWindow   - Scaled scene size:    1920.0 x 1080.0
14:10:57.035 [JavaFX Application Thread] DEBUG PrimaryStageWindow   - Scaled ratio: (1.0, 1.0)
14:10:57.035 [JavaFX Application Thread] DEBUG PrimaryStageWindow   - Set initial scene to FXGLStartupScene
14:10:57.041 [JavaFX Application Thread] DEBUG PrimaryStageWindow   - Opening main window
14:10:57.126 [JavaFX Application Thread] DEBUG PrimaryStageWindow   - Window border size: (16.0, 39.0)
14:10:57.126 [JavaFX Application Thread] DEBUG PrimaryStageWindow   - Scaled size: 1920.0 x 1080.0
14:10:57.126 [JavaFX Application Thread] DEBUG PrimaryStageWindow   - Scaled ratio: (1.0, 1.0)
14:10:57.126 [JavaFX Application Thread] DEBUG PrimaryStageWindow   - Scene size: 1920.0 x 1080.0
14:10:57.126 [JavaFX Application Thread] DEBUG PrimaryStageWindow   - Stage size: 1936.0 x 1119.0
14:10:57.188 [JavaFX Application Thread] DEBUG PrimaryStageWindow   - Going fullscreen
14:10:57.197 [FXGL Background Thread 1 ] DEBUG Engine               - Initializing environment variables
14:10:57.232 [FXGL Background Thread 1 ] DEBUG FXGLAssetLoaderServi - User app class for loading assets: class fi.utu.tech.gui.javafx.fxgl.BattleShipApp
14:10:57.232 [FXGL Background Thread 1 ] DEBUG GameApplicationServi - Applying CSS: fxgl_dark.css
14:10:57.233 [FXGL Background Thread 1 ] DEBUG FXGLAssetLoaderServi - Loading from file system: jar:file:///C:/Users/box69/.m2/repository/com/github/almasb/fxgl/11.14/fxgl-11.14.jar!/fxglassets/ui/css/fxgl_dark.css
14:10:57.277 [FXGL Background Thread 1 ] DEBUG GameApplicationServi - Initializing application scenes
14:10:57.339 [FXGL Background Thread 1 ] DEBUG GameWorld            - Game world initialized
14:10:57.392 [FXGL Background Thread 1 ] DEBUG PhysicsWorld         - Physics world initialized: appHeight=1080, physics.ppm=50.0
14:10:57.393 [FXGL Background Thread 1 ] DEBUG PhysicsWorld         - Using strategy: BRUTE_FORCE
14:10:57.395 [FXGL Background Thread 1 ] DEBUG GameScene            - Game scene initialized: 1920x1080
14:10:57.398 [FXGL Background Thread 1 ] DEBUG FXGLAssetLoaderServi - Loading from file system: jar:file:///C:/Users/box69/.m2/repository/com/github/almasb/fxgl/11.14/fxgl-11.14.jar!/fxglassets/textures/intro/fxgl_logo.png
14:10:57.431 [FXGL Background Thread 1 ] DEBUG FXGLAssetLoaderServi - Loading from file system: jar:file:///C:/Users/box69/.m2/repository/com/github/almasb/fxgl/11.14/fxgl-11.14.jar!/fxglassets/textures/intro/javafx_logo.png
14:10:57.586 [FXGL Background Thread 1 ] DEBUG FXGLAssetLoaderServi - Loading from file system: file:/D:/battleShip/battleShip_FXGL/target/classes/assets/textures/Nebula_Red.png
14:10:57.755 [FXGL Background Thread 1 ] DEBUG FXGLAssetLoaderServi - Loading from file system: jar:file:///C:/Users/box69/.m2/repository/com/github/almasb/fxgl/11.14/fxgl-11.14.jar!/fxglassets/textures/pause_menu_bg.png
14:10:57.767 [FXGL Background Thread 1 ] DEBUG GameApplicationServi - Application scenes initialized
14:10:57.774 [FXGL Background Thread 1 ] DEBUG SystemBundleService  - Loading FXGL system data
14:10:57.776 [FXGL Background Thread 1 ] DEBUG FileSystemAccess     - Reading from: D:\battleShip\battleShip_FXGL\system\fxgl.bundle
14:10:57.780 [FXGL Background Thread 1 ] DEBUG SystemBundleService  - Bundle FXGL: {}
14:10:57.780 [FXGL Background Thread 1 ] DEBUG UpdaterService       - Checking for updates
14:10:57.783 [FXGL Background Thread 4 ] DEBUG FXGLApplication      - Loading fonts
14:10:57.783 [FXGL Background Thread 1 ] DEBUG FXGLApplication      - Loading default localization
14:10:57.783 [FXGL Background Thread 4 ] DEBUG FXGLAssetLoaderServi - Loading from file system: jar:file:///C:/Users/box69/.m2/repository/com/github/almasb/fxgl/11.14/fxgl-11.14.jar!/fxglassets/ui/fonts/VarelaRound-Regular.ttf
14:10:57.784 [FXGL Background Thread 1 ] DEBUG FXGLAssetLoaderServi - Loading from file system: jar:file:///C:/Users/box69/.m2/repository/com/github/almasb/fxgl/11.14/fxgl-11.14.jar!/fxglassets/languages/english.lang
14:10:57.795 [FXGL Background Thread 1 ] INFO  FXGLApplication      - FXGL initialization took: 0.597 sec
14:10:57.806 [JavaFX Application Thread] DEBUG Input                - Registered new binding: Change Scene - Space
14:10:57.807 [JavaFX Application Thread] DEBUG Input                - Registered new binding: action0 - R
14:10:57.808 [JavaFX Application Thread] DEBUG Input                - Registered new binding: Deploy - RMB
14:10:57.808 [JavaFX Application Thread] DEBUG Input                - Registered new binding: Attack - LMB
14:10:57.808 [JavaFX Application Thread] DEBUG FXGLAssetLoaderServi - Loading from file system: file:/D:/battleShip/battleShip_FXGL/target/classes/assets/music/CrashedShip.mp3
14:10:57.966 [JavaFX Application Thread] DEBUG AudioPlayer          - Playing music com.almasb.fxgl.audio.Music@1276979c
14:10:57.967 [JavaFX Application Thread] DEBUG FXGLAssetLoaderServi - Loading from file system: jar:file:///C:/Users/box69/.m2/repository/com/github/almasb/fxgl/11.14/fxgl-11.14.jar!/fxglassets/textures/fxgl_icon.png
14:10:57.980 [JavaFX Application Thread] DEBUG FXGLAssetLoaderServi - Loading from file system: jar:file:///C:/Users/box69/.m2/repository/com/github/almasb/fxgl/11.14/fxgl-11.14.jar!/fxglassets/ui/cursors/fxgl_default.png
14:10:57.982 [JavaFX Application Thread] DEBUG Input                - Registered new binding: Screenshot - P
14:10:57.982 [JavaFX Application Thread] DEBUG Input                - Registered new binding: System info dump - CTRL+9
14:10:57.982 [JavaFX Application Thread] DEBUG Input                - Registered new binding: Restart - CTRL+R
14:10:57.983 [JavaFX Application Thread] DEBUG Input                - Registered new binding: Toggle Debug Camera - CTRL+C
14:10:57.984 [JavaFX Application Thread] DEBUG LoopRunner           - Starting loop
14:10:57.984 [JavaFX Application Thread] DEBUG LoopRunner           - Initializing JavaFX AnimationTimerLoop
14:10:58.009 [JavaFX Application Thread] DEBUG Input                - Clearing active input actions
14:10:58.017 [JavaFX Application Thread] DEBUG GameApplicationServi - Removing overlay from FXGLStartupScene and adding to FXGLIntroScene
14:10:58.017 [JavaFX Application Thread] DEBUG PrimaryStageWindow   - FXGLStartupScene -> FXGLIntroScene
14:10:58.292 [FXGL Background Thread 4 ] DEBUG FXGLAssetLoaderServi - Loading from file system: jar:file:///C:/Users/box69/.m2/repository/com/github/almasb/fxgl/11.14/fxgl-11.14.jar!/fxglassets/ui/fonts/Abel-Regular.ttf
14:10:58.294 [FXGL Background Thread 4 ] DEBUG FXGLAssetLoaderServi - Loading from file system: jar:file:///C:/Users/box69/.m2/repository/com/github/almasb/fxgl/11.14/fxgl-11.14.jar!/fxglassets/ui/fonts/lucida_console.ttf
14:10:58.299 [FXGL Background Thread 4 ] DEBUG FXGLAssetLoaderServi - Loading from file system: jar:file:///C:/Users/box69/.m2/repository/com/github/almasb/fxgl/11.14/fxgl-11.14.jar!/fxglassets/ui/fonts/Courier-Prime.ttf
14:10:58.305 [JavaFX Application Thread] DEBUG FXGLApplication      - Registering font factories with UI factory
14:11:00.783 [FXGL Background Thread 3 ] DEBUG Engine               - Logging environment variables
14:11:00.783 [FXGL Background Thread 3 ] DEBUG Engine               - achievements: []
14:11:00.783 [FXGL Background Thread 3 ] DEBUG Engine               - actualHeight: 1080.0
14:11:00.784 [FXGL Background Thread 3 ] DEBUG Engine               - actualHeightProperty: ReadOnlyDoubleProperty [value: 1080.0]
14:11:00.784 [FXGL Background Thread 3 ] DEBUG Engine               - actualWidth: 1920.0
14:11:00.784 [FXGL Background Thread 3 ] DEBUG Engine               - actualWidthProperty: ReadOnlyDoubleProperty [value: 1920.0]
14:11:00.784 [FXGL Background Thread 3 ] DEBUG Engine               - appIcon: fxgl_icon.png
14:11:00.784 [FXGL Background Thread 3 ] DEBUG Engine               - applicationMode: DEVELOPER
14:11:00.784 [FXGL Background Thread 3 ] DEBUG Engine               - cSSList: [fxgl_dark.css]
14:11:00.784 [FXGL Background Thread 3 ] DEBUG Engine               - collisionDetectionStrategy: BRUTE_FORCE
14:11:00.784 [FXGL Background Thread 3 ] DEBUG Engine               - configClass: Optional.empty
14:11:00.784 [FXGL Background Thread 3 ] DEBUG Engine               - credits: []
14:11:00.784 [FXGL Background Thread 3 ] DEBUG Engine               - devBBoxColorProperty: ObjectProperty [value: 0xff0000ff]
14:11:00.784 [FXGL Background Thread 3 ] DEBUG Engine               - devEnableDebugCameraProperty: BooleanProperty [value: false]
14:11:00.785 [FXGL Background Thread 3 ] DEBUG Engine               - devSensorColorProperty: ObjectProperty [value: 0xffff00ff]
14:11:00.785 [FXGL Background Thread 3 ] DEBUG Engine               - devShowBBoxProperty: BooleanProperty [value: false]
14:11:00.785 [FXGL Background Thread 3 ] DEBUG Engine               - devShowPositionProperty: BooleanProperty [value: false]
14:11:00.785 [FXGL Background Thread 3 ] DEBUG Engine               - enabledMenuItems: []
14:11:00.785 [FXGL Background Thread 3 ] DEBUG Engine               - engineServices: [class com.almasb.fxgl.app.services.FXGLAssetLoaderService, class com.almasb.fxgl.app.FXGLApplication$GameApplicationService, class com.almasb.fxgl.app.services.FXGLDialogService, class com.almasb.fxgl.app.services.IOTaskExecutorService, class com.almasb.fxgl.event.EventBusService, class com.almasb.fxgl.io.FileSystemService, class com.almasb.fxgl.localization.LocalizationService, class com.almasb.fxgl.app.services.SystemBundleService, class com.almasb.fxgl.profile.SaveLoadService, class com.almasb.fxgl.ui.FXGLUIFactoryServiceProvider, class com.almasb.fxgl.ui.FXGLDialogFactoryServiceProvider, class com.almasb.fxgl.audio.AudioPlayer, class com.almasb.fxgl.notification.impl.NotificationServiceProvider, class com.almasb.fxgl.achievement.AchievementService, class com.almasb.fxgl.cutscene.CutsceneService, class com.almasb.fxgl.minigames.MiniGameService, class com.almasb.fxgl.net.NetService, class com.almasb.fxgl.app.services.UpdaterService, class com.almasb.fxgl.dev.DevService]
14:11:00.785 [FXGL Background Thread 3 ] DEBUG Engine               - fontGame: Abel-Regular.ttf
14:11:00.785 [FXGL Background Thread 3 ] DEBUG Engine               - fontMono: lucida_console.ttf
14:11:00.785 [FXGL Background Thread 3 ] DEBUG Engine               - fontText: Courier-Prime.ttf
14:11:00.785 [FXGL Background Thread 3 ] DEBUG Engine               - fontUI: VarelaRound-Regular.ttf
14:11:00.785 [FXGL Background Thread 3 ] DEBUG Engine               - fullScreen: BooleanProperty [value: true]
14:11:00.785 [FXGL Background Thread 3 ] DEBUG Engine               - gameDifficulty: MEDIUM
14:11:00.785 [FXGL Background Thread 3 ] DEBUG Engine               - gameDifficultyProperty: ObjectProperty [value: MEDIUM]
14:11:00.786 [FXGL Background Thread 3 ] DEBUG Engine               - globalMusicVolume: 0.5
14:11:00.786 [FXGL Background Thread 3 ] DEBUG Engine               - globalMusicVolumeProperty: DoubleProperty [value: 0.2]
14:11:00.786 [FXGL Background Thread 3 ] DEBUG Engine               - globalSoundVolume: 0.5
14:11:00.786 [FXGL Background Thread 3 ] DEBUG Engine               - globalSoundVolumeProperty: DoubleProperty [value: 0.4]
14:11:00.786 [FXGL Background Thread 3 ] DEBUG Engine               - height: 1080
14:11:00.786 [FXGL Background Thread 3 ] DEBUG Engine               - isAndroid: false
14:11:00.786 [FXGL Background Thread 3 ] DEBUG Engine               - isBrowser: false
14:11:00.786 [FXGL Background Thread 3 ] DEBUG Engine               - isClickFeedbackEnabled: false
14:11:00.786 [FXGL Background Thread 3 ] DEBUG Engine               - isCloseConfirmation: false
14:11:00.786 [FXGL Background Thread 3 ] DEBUG Engine               - isDesktop: true
14:11:00.786 [FXGL Background Thread 3 ] DEBUG Engine               - isDeveloperMenuEnabled: false
14:11:00.786 [FXGL Background Thread 3 ] DEBUG Engine               - isEntityPreloadEnabled: true
14:11:00.786 [FXGL Background Thread 3 ] DEBUG Engine               - isExperimental3D: false
14:11:00.787 [FXGL Background Thread 3 ] DEBUG Engine               - isExperimentalNative: false
14:11:00.787 [FXGL Background Thread 3 ] DEBUG Engine               - isExperimentalTiledLargeMap: false
14:11:00.787 [FXGL Background Thread 3 ] DEBUG Engine               - isFileSystemWriteAllowed: true
14:11:00.787 [FXGL Background Thread 3 ] DEBUG Engine               - isFullScreenAllowed: true
14:11:00.787 [FXGL Background Thread 3 ] DEBUG Engine               - isFullScreenFromStart: true
14:11:00.787 [FXGL Background Thread 3 ] DEBUG Engine               - isGameMenuEnabled: true
14:11:00.787 [FXGL Background Thread 3 ] DEBUG Engine               - isIOS: false
14:11:00.787 [FXGL Background Thread 3 ] DEBUG Engine               - isIntroEnabled: true
14:11:00.787 [FXGL Background Thread 3 ] DEBUG Engine               - isLinux: false
14:11:00.787 [FXGL Background Thread 3 ] DEBUG Engine               - isMac: false
14:11:00.787 [FXGL Background Thread 3 ] DEBUG Engine               - isMainMenuEnabled: true
14:11:00.787 [FXGL Background Thread 3 ] DEBUG Engine               - isManualResizeEnabled: false
14:11:00.787 [FXGL Background Thread 3 ] DEBUG Engine               - isMobile: false
14:11:00.788 [FXGL Background Thread 3 ] DEBUG Engine               - isPreserveResizeRatio: false
14:11:00.788 [FXGL Background Thread 3 ] DEBUG Engine               - isProfilingEnabled: false
14:11:00.788 [FXGL Background Thread 3 ] DEBUG Engine               - isScaleAffectedOnResize: true
14:11:00.788 [FXGL Background Thread 3 ] DEBUG Engine               - isSingleStep: false
14:11:00.788 [FXGL Background Thread 3 ] DEBUG Engine               - isUserProfileEnabled: false
14:11:00.788 [FXGL Background Thread 3 ] DEBUG Engine               - isWindows: true
14:11:00.788 [FXGL Background Thread 3 ] DEBUG Engine               - language: ObjectProperty [value: ENGLISH]
14:11:00.788 [FXGL Background Thread 3 ] DEBUG Engine               - menuKey: ESCAPE
14:11:00.788 [FXGL Background Thread 3 ] DEBUG Engine               - notificationViewClass: class com.almasb.fxgl.notification.view.XboxNotificationView
14:11:00.788 [FXGL Background Thread 3 ] DEBUG Engine               - pixelsPerMeter: 50.0
14:11:00.788 [FXGL Background Thread 3 ] DEBUG Engine               - platform: WINDOWS
14:11:00.788 [FXGL Background Thread 3 ] DEBUG Engine               - prefHeightProperty: ReadOnlyDoubleProperty [value: 1080.0]
14:11:00.789 [FXGL Background Thread 3 ] DEBUG Engine               - prefWidthProperty: ReadOnlyDoubleProperty [value: 1920.0]
14:11:00.789 [FXGL Background Thread 3 ] DEBUG Engine               - profileDir: profiles/
14:11:00.789 [FXGL Background Thread 3 ] DEBUG Engine               - profileName: StringProperty [value: DEFAULT]
14:11:00.789 [FXGL Background Thread 3 ] DEBUG Engine               - randomSeed: -1
14:11:00.789 [FXGL Background Thread 3 ] DEBUG Engine               - runtimeInfo: RuntimeInfo(platform=WINDOWS, version=11.14, build=01.03.2021 16.59)
14:11:00.789 [FXGL Background Thread 3 ] DEBUG Engine               - saveFileExt: sav
14:11:00.789 [FXGL Background Thread 3 ] DEBUG Engine               - scaledHeightProp$fxgl: DoubleProperty [bound, value: 1080.0]
14:11:00.789 [FXGL Background Thread 3 ] DEBUG Engine               - scaledWidthProp$fxgl: DoubleProperty [bound, value: 1920.0]
14:11:00.789 [FXGL Background Thread 3 ] DEBUG Engine               - sceneFactory: fi.utu.tech.gui.javafx.fxgl.BattleShipApp$1@4f141d4c
14:11:00.789 [FXGL Background Thread 3 ] DEBUG Engine               - secondsIn24h: 60
14:11:00.789 [FXGL Background Thread 3 ] DEBUG Engine               - soundMenuBack: menu/back.wav
14:11:00.789 [FXGL Background Thread 3 ] DEBUG Engine               - soundMenuPress: menu/press.wav
14:11:00.790 [FXGL Background Thread 3 ] DEBUG Engine               - soundMenuSelect: menu/select.wav
14:11:00.790 [FXGL Background Thread 3 ] DEBUG Engine               - soundNotification: core/notification.wav
14:11:00.790 [FXGL Background Thread 3 ] DEBUG Engine               - stageStyle: DECORATED
14:11:00.790 [FXGL Background Thread 3 ] DEBUG Engine               - supportedLanguages: [ENGLISH, FRENCH, GERMAN, HUNGARIAN, RUSSIAN]
14:11:00.790 [FXGL Background Thread 3 ] DEBUG Engine               - ticksPerSecond: -1
14:11:00.790 [FXGL Background Thread 3 ] DEBUG Engine               - title: BattleShip_FXGL
14:11:00.790 [FXGL Background Thread 3 ] DEBUG Engine               - urlGithub: https://github.com/AlmasB/FXGL
14:11:00.790 [FXGL Background Thread 3 ] DEBUG Engine               - urlLeaderboard: http://fxgl-top.herokuapp.com/
14:11:00.790 [FXGL Background Thread 3 ] DEBUG Engine               - urlPOM: https://raw.githubusercontent.com/AlmasB/FXGL/release/README.md
14:11:00.790 [FXGL Background Thread 3 ] DEBUG Engine               - userAppClass: class fi.utu.tech.gui.javafx.fxgl.BattleShipApp
14:11:00.790 [FXGL Background Thread 3 ] DEBUG Engine               - version: 0.1
14:11:00.790 [FXGL Background Thread 3 ] DEBUG Engine               - versionCheckDays: 7
14:11:00.790 [FXGL Background Thread 3 ] DEBUG Engine               - width: 1920
14:11:00.791 [FXGL Background Thread 3 ] DEBUG Engine               - Logging services
14:11:00.791 [FXGL Background Thread 3 ] DEBUG Engine               - class com.almasb.fxgl.app.services.FXGLAssetLoaderService
14:11:00.791 [FXGL Background Thread 3 ] DEBUG Engine               - class com.almasb.fxgl.app.FXGLApplication$GameApplicationService
14:11:00.791 [FXGL Background Thread 3 ] DEBUG Engine               - class com.almasb.fxgl.app.services.FXGLDialogService
14:11:00.791 [FXGL Background Thread 3 ] DEBUG Engine               - class com.almasb.fxgl.app.services.IOTaskExecutorService
14:11:00.791 [FXGL Background Thread 3 ] DEBUG Engine               - class com.almasb.fxgl.event.EventBusService
14:11:00.791 [FXGL Background Thread 3 ] DEBUG Engine               - class com.almasb.fxgl.io.FileSystemService
14:11:00.791 [FXGL Background Thread 3 ] DEBUG Engine               - class com.almasb.fxgl.localization.LocalizationService
14:11:00.791 [FXGL Background Thread 3 ] DEBUG Engine               - class com.almasb.fxgl.app.services.SystemBundleService
14:11:00.791 [FXGL Background Thread 3 ] DEBUG Engine               - class com.almasb.fxgl.profile.SaveLoadService
14:11:00.791 [FXGL Background Thread 3 ] DEBUG Engine               - class com.almasb.fxgl.ui.FXGLUIFactoryServiceProvider
14:11:00.791 [FXGL Background Thread 3 ] DEBUG Engine               - class com.almasb.fxgl.ui.FXGLDialogFactoryServiceProvider
14:11:00.791 [FXGL Background Thread 3 ] DEBUG Engine               - class com.almasb.fxgl.audio.AudioPlayer
14:11:00.792 [FXGL Background Thread 3 ] DEBUG Engine               - class com.almasb.fxgl.notification.impl.NotificationServiceProvider
14:11:00.792 [FXGL Background Thread 3 ] DEBUG Engine               - class com.almasb.fxgl.achievement.AchievementService
14:11:00.792 [FXGL Background Thread 3 ] DEBUG Engine               - class com.almasb.fxgl.cutscene.CutsceneService
14:11:00.792 [FXGL Background Thread 3 ] DEBUG Engine               - class com.almasb.fxgl.minigames.MiniGameService
14:11:00.792 [FXGL Background Thread 3 ] DEBUG Engine               - class com.almasb.fxgl.net.NetService
14:11:00.792 [FXGL Background Thread 3 ] DEBUG Engine               - class com.almasb.fxgl.app.services.UpdaterService
14:11:00.792 [FXGL Background Thread 3 ] DEBUG Engine               - class com.almasb.fxgl.dev.DevService
14:11:03.298 [JavaFX Application Thread] DEBUG Input                - Clearing active input actions
14:11:03.307 [JavaFX Application Thread] DEBUG GameApplicationServi - Removing overlay from FXGLIntroScene and adding to FXGLMainMenuDummyScene
14:11:03.307 [JavaFX Application Thread] DEBUG PrimaryStageWindow   - FXGLIntroScene -> FXGLMainMenuDummyScene
14:11:03.307 [JavaFX Application Thread] DEBUG PrimaryStageWindow   - Push state: BattleShipMainMenu
14:11:03.307 [JavaFX Application Thread] DEBUG Input                - Clearing active input actions
14:11:03.309 [JavaFX Application Thread] DEBUG GameApplicationServi - Removing overlay from FXGLMainMenuDummyScene and adding to BattleShipMainMenu
14:11:03.310 [JavaFX Application Thread] DEBUG PrimaryStageWindow   - FXGLMainMenuDummyScene -> BattleShipMainMenu
14:11:05.283 [JavaFX Application Thread] DEBUG PrimaryStageWindow   - Push state: DialogSubScene
14:11:05.283 [JavaFX Application Thread] DEBUG Input                - Clearing active input actions
14:11:05.286 [JavaFX Application Thread] DEBUG GameApplicationServi - Removing overlay from BattleShipMainMenu and adding to DialogSubScene
14:11:05.286 [JavaFX Application Thread] DEBUG PrimaryStageWindow   - BattleShipMainMenu -> DialogSubScene
14:11:15.152 [JavaFX Application Thread] DEBUG PrimaryStageWindow   - Pop state: DialogSubScene
14:11:15.153 [JavaFX Application Thread] DEBUG Input                - Clearing active input actions
14:11:15.153 [JavaFX Application Thread] DEBUG GameApplicationServi - Removing overlay from DialogSubScene and adding to BattleShipMainMenu
14:11:15.153 [JavaFX Application Thread] DEBUG PrimaryStageWindow   - BattleShipMainMenu <- DialogSubScene
14:11:16.960 [JavaFX Application Thread] DEBUG Menu                 - fireNewGame()
14:11:16.960 [JavaFX Application Thread] DEBUG GameApplicationServi - Starting new game
14:11:16.960 [JavaFX Application Thread] DEBUG PrimaryStageWindow   - Pop state: BattleShipMainMenu
14:11:16.961 [JavaFX Application Thread] DEBUG Input                - Clearing active input actions
14:11:16.961 [JavaFX Application Thread] DEBUG GameApplicationServi - Removing overlay from BattleShipMainMenu and adding to FXGLMainMenuDummyScene
14:11:16.961 [JavaFX Application Thread] DEBUG PrimaryStageWindow   - FXGLMainMenuDummyScene <- BattleShipMainMenu
14:11:16.961 [JavaFX Application Thread] DEBUG Input                - Clearing active input actions
14:11:16.964 [JavaFX Application Thread] DEBUG GameApplicationServi - Removing overlay from FXGLMainMenuDummyScene and adding to FXGLLoadingScene
14:11:16.964 [JavaFX Application Thread] DEBUG PrimaryStageWindow   - FXGLMainMenuDummyScene -> FXGLLoadingScene
14:11:16.964 [JavaFX Application Thread] DEBUG GameApplicationServi - Clearing previous game
14:11:16.964 [JavaFX Application Thread] DEBUG GameScene            - Clearing game scene
14:11:16.965 [JavaFX Application Thread] DEBUG GameWorld            - Clearing game world
14:11:16.965 [JavaFX Application Thread] DEBUG PhysicsWorld         - Clearing physics world
14:11:16.965 [FXGL Background Thread 2 ] DEBUG FXGLApplication      - Initializing game
14:11:16.971 [FXGL Background Thread 2 ] DEBUG FXGLAssetLoaderServi - Loading from file system: file:/D:/battleShip/battleShip_FXGL/target/classes/assets/textures/bg.jpg
14:11:17.004 [FXGL Background Thread 2 ] DEBUG FXGLAssetLoaderServi - Loading from file system: file:/D:/battleShip/battleShip_FXGL/target/classes/assets/textures/ShipContainer.png
14:11:17.007 [FXGL Background Thread 2 ] DEBUG FXGLAssetLoaderServi - Loading from file system: file:/D:/battleShip/battleShip_FXGL/target/classes/assets/textures/ships/ship_b_5_h.png
14:11:17.017 [FXGL Background Thread 2 ] DEBUG FXGLAssetLoaderServi - Loading from file system: file:/D:/battleShip/battleShip_FXGL/target/classes/assets/textures/ships/ship_r_5_h.png
14:11:17.020 [FXGL Background Thread 2 ] DEBUG FXGLAssetLoaderServi - Loading from file system: file:/D:/battleShip/battleShip_FXGL/target/classes/assets/textures/ships/ship_b_4_h.png
14:11:17.022 [FXGL Background Thread 2 ] DEBUG FXGLAssetLoaderServi - Loading from file system: file:/D:/battleShip/battleShip_FXGL/target/classes/assets/textures/ships/ship_r_4_h.png
14:11:17.024 [FXGL Background Thread 2 ] DEBUG FXGLAssetLoaderServi - Loading from file system: file:/D:/battleShip/battleShip_FXGL/target/classes/assets/textures/ships/ship_b_3_2_h.png
14:11:17.026 [FXGL Background Thread 2 ] DEBUG FXGLAssetLoaderServi - Loading from file system: file:/D:/battleShip/battleShip_FXGL/target/classes/assets/textures/ships/ship_r_3_2_h.png
14:11:17.028 [FXGL Background Thread 2 ] DEBUG FXGLAssetLoaderServi - Loading from file system: file:/D:/battleShip/battleShip_FXGL/target/classes/assets/textures/ships/ship_b_3_1_h.png
14:11:17.030 [FXGL Background Thread 2 ] DEBUG FXGLAssetLoaderServi - Loading from file system: file:/D:/battleShip/battleShip_FXGL/target/classes/assets/textures/ships/ship_r_3_1_h.png
14:11:17.032 [FXGL Background Thread 2 ] DEBUG FXGLAssetLoaderServi - Loading from file system: file:/D:/battleShip/battleShip_FXGL/target/classes/assets/textures/ships/ship_b_2_h.png
14:11:17.034 [FXGL Background Thread 2 ] DEBUG FXGLAssetLoaderServi - Loading from file system: file:/D:/battleShip/battleShip_FXGL/target/classes/assets/textures/ships/ship_r_2_h.png
14:11:17.036 [FXGL Background Thread 2 ] DEBUG FXGLAssetLoaderServi - Loading from file system: file:/D:/battleShip/battleShip_FXGL/target/classes/assets/textures/Tile.png
14:11:17.055 [FXGL Background Thread 2 ] INFO  FXGLApplication      - Game initialization took: 0.089 sec
14:11:17.055 [JavaFX Application Thread] DEBUG Input                - Clearing active input actions
14:11:17.060 [JavaFX Application Thread] DEBUG GameApplicationServi - Removing overlay from FXGLLoadingScene and adding to GameScene
14:11:17.060 [JavaFX Application Thread] DEBUG PrimaryStageWindow   - FXGLLoadingScene -> GameScene
14:11:17.061 [JavaFX Application Thread] DEBUG FXGLAssetLoaderServi - Loading from file system: file:/D:/battleShip/battleShip_FXGL/target/classes/assets/textures/bg2.jpg
14:11:17.086 [JavaFX Application Thread] DEBUG PrimaryStageWindow   - Push state: DialogSubScene
14:11:17.086 [JavaFX Application Thread] DEBUG Input                - Clearing active input actions
14:11:17.086 [JavaFX Application Thread] DEBUG GameApplicationServi - Removing overlay from GameScene and adding to DialogSubScene
14:11:17.087 [JavaFX Application Thread] DEBUG PrimaryStageWindow   - GameScene -> DialogSubScene
14:11:20.521 [JavaFX Application Thread] DEBUG PrimaryStageWindow   - Pop state: DialogSubScene
14:11:20.521 [JavaFX Application Thread] DEBUG Input                - Clearing active input actions
14:11:20.522 [JavaFX Application Thread] DEBUG GameApplicationServi - Removing overlay from DialogSubScene and adding to GameScene
14:11:20.522 [JavaFX Application Thread] DEBUG PrimaryStageWindow   - GameScene <- DialogSubScene
14:11:20.522 [JavaFX Application Thread] DEBUG PrimaryStageWindow   - Push state: BluePlayerDeployScene
14:11:20.523 [JavaFX Application Thread] DEBUG Input                - Clearing active input actions
14:11:20.523 [JavaFX Application Thread] DEBUG GameApplicationServi - Removing overlay from GameScene and adding to BluePlayerDeployScene
14:11:20.523 [JavaFX Application Thread] DEBUG PrimaryStageWindow   - GameScene -> BluePlayerDeployScene
14:11:20.523 [JavaFX Application Thread] DEBUG PrimaryStageWindow   - Pop state: BluePlayerDeployScene
14:11:20.523 [JavaFX Application Thread] DEBUG Input                - Clearing active input actions
14:11:20.523 [JavaFX Application Thread] DEBUG GameApplicationServi - Removing overlay from BluePlayerDeployScene and adding to GameScene
14:11:20.523 [JavaFX Application Thread] DEBUG PrimaryStageWindow   - GameScene <- BluePlayerDeployScene
14:11:31.666 [JavaFX Application Thread] DEBUG PrimaryStageWindow   - Push state: DialogSubScene
14:11:31.666 [JavaFX Application Thread] DEBUG Input                - Clearing active input actions
14:11:31.666 [JavaFX Application Thread] DEBUG GameApplicationServi - Removing overlay from GameScene and adding to DialogSubScene
14:11:31.666 [JavaFX Application Thread] DEBUG PrimaryStageWindow   - GameScene -> DialogSubScene
14:11:32.141 [JavaFX Application Thread] DEBUG PrimaryStageWindow   - Pop state: DialogSubScene
14:11:32.141 [JavaFX Application Thread] DEBUG Input                - Clearing active input actions
14:11:32.141 [JavaFX Application Thread] DEBUG GameApplicationServi - Removing overlay from DialogSubScene and adding to GameScene
14:11:32.141 [JavaFX Application Thread] DEBUG PrimaryStageWindow   - GameScene <- DialogSubScene
14:11:32.141 [JavaFX Application Thread] DEBUG PrimaryStageWindow   - Push state: RedPlayerDeployScene
14:11:32.142 [JavaFX Application Thread] DEBUG Input                - Clearing active input actions
14:11:32.142 [JavaFX Application Thread] DEBUG GameApplicationServi - Removing overlay from GameScene and adding to RedPlayerDeployScene
14:11:32.142 [JavaFX Application Thread] DEBUG PrimaryStageWindow   - GameScene -> RedPlayerDeployScene
14:11:32.142 [JavaFX Application Thread] DEBUG PrimaryStageWindow   - Pop state: RedPlayerDeployScene
14:11:32.142 [JavaFX Application Thread] DEBUG Input                - Clearing active input actions
14:11:32.142 [JavaFX Application Thread] DEBUG GameApplicationServi - Removing overlay from RedPlayerDeployScene and adding to GameScene
14:11:32.142 [JavaFX Application Thread] DEBUG PrimaryStageWindow   - GameScene <- RedPlayerDeployScene
14:11:40.837 [JavaFX Application Thread] DEBUG PrimaryStageWindow   - Push state: DialogSubScene
14:11:40.837 [JavaFX Application Thread] DEBUG Input                - Clearing active input actions
14:11:40.838 [JavaFX Application Thread] DEBUG GameApplicationServi - Removing overlay from GameScene and adding to DialogSubScene
14:11:40.838 [JavaFX Application Thread] DEBUG PrimaryStageWindow   - GameScene -> DialogSubScene
14:11:41.368 [JavaFX Application Thread] DEBUG PrimaryStageWindow   - Pop state: DialogSubScene
14:11:41.368 [JavaFX Application Thread] DEBUG Input                - Clearing active input actions
14:11:41.368 [JavaFX Application Thread] DEBUG GameApplicationServi - Removing overlay from DialogSubScene and adding to GameScene
14:11:41.369 [JavaFX Application Thread] DEBUG PrimaryStageWindow   - GameScene <- DialogSubScene
14:11:41.369 [JavaFX Application Thread] DEBUG PrimaryStageWindow   - Push state: RedPlayerScene
14:11:41.371 [JavaFX Application Thread] DEBUG Input                - Clearing active input actions
14:11:41.371 [JavaFX Application Thread] DEBUG GameApplicationServi - Removing overlay from GameScene and adding to RedPlayerScene
14:11:41.372 [JavaFX Application Thread] DEBUG PrimaryStageWindow   - GameScene -> RedPlayerScene
14:11:41.372 [JavaFX Application Thread] DEBUG PrimaryStageWindow   - Pop state: RedPlayerScene
14:11:41.372 [JavaFX Application Thread] DEBUG Input                - Clearing active input actions
14:11:41.372 [JavaFX Application Thread] DEBUG GameApplicationServi - Removing overlay from RedPlayerScene and adding to GameScene
14:11:41.372 [JavaFX Application Thread] DEBUG PrimaryStageWindow   - GameScene <- RedPlayerScene
14:11:42.568 [JavaFX Application Thread] DEBUG FXGLAssetLoaderServi - Loading from file system: file:/D:/battleShip/battleShip_FXGL/target/classes/assets/sounds/shot.wav
14:11:42.573 [JavaFX Application Thread] DEBUG FXGLAssetLoaderServi - Loading from file system: file:/D:/battleShip/battleShip_FXGL/target/classes/assets/textures/Player1.png
14:11:42.640 [JavaFX Application Thread] DEBUG FXGLAssetLoaderServi - Loading from file system: file:/D:/battleShip/battleShip_FXGL/target/classes/assets/textures/Player1Hit.png
14:11:42.641 [JavaFX Application Thread] DEBUG FXGLAssetLoaderServi - Loading from file system: file:/D:/battleShip/battleShip_FXGL/target/classes/assets/textures/sprites/explosion.png
14:11:42.649 [JavaFX Application Thread] DEBUG FXGLAssetLoaderServi - Loading from file system: file:/D:/battleShip/battleShip_FXGL/target/classes/assets/sounds/hit.wav
14:11:46.531 [JavaFX Application Thread] DEBUG FXGLAssetLoaderServi - Loading from file system: file:/D:/battleShip/battleShip_FXGL/target/classes/assets/sounds/explosion.wav
14:11:46.534 [JavaFX Application Thread] DEBUG PrimaryStageWindow   - Push state: DialogSubScene
14:11:46.534 [JavaFX Application Thread] DEBUG Input                - Clearing active input actions
14:11:46.534 [JavaFX Application Thread] DEBUG GameApplicationServi - Removing overlay from GameScene and adding to DialogSubScene
14:11:46.534 [JavaFX Application Thread] DEBUG PrimaryStageWindow   - GameScene -> DialogSubScene
14:11:48.209 [JavaFX Application Thread] DEBUG PrimaryStageWindow   - Pop state: DialogSubScene
14:11:48.209 [JavaFX Application Thread] DEBUG Input                - Clearing active input actions
14:11:48.210 [JavaFX Application Thread] DEBUG GameApplicationServi - Removing overlay from DialogSubScene and adding to GameScene
14:11:48.210 [JavaFX Application Thread] DEBUG PrimaryStageWindow   - GameScene <- DialogSubScene
14:11:50.210 [JavaFX Application Thread] DEBUG PrimaryStageWindow   - Push state: DialogSubScene
14:11:50.210 [JavaFX Application Thread] DEBUG Input                - Clearing active input actions
14:11:50.210 [JavaFX Application Thread] DEBUG GameApplicationServi - Removing overlay from GameScene and adding to DialogSubScene
14:11:50.210 [JavaFX Application Thread] DEBUG PrimaryStageWindow   - GameScene -> DialogSubScene
14:11:51.777 [JavaFX Application Thread] DEBUG PrimaryStageWindow   - Pop state: DialogSubScene
14:11:51.777 [JavaFX Application Thread] DEBUG Input                - Clearing active input actions
14:11:51.777 [JavaFX Application Thread] DEBUG GameApplicationServi - Removing overlay from DialogSubScene and adding to GameScene
14:11:51.777 [JavaFX Application Thread] DEBUG PrimaryStageWindow   - GameScene <- DialogSubScene
14:11:51.777 [JavaFX Application Thread] DEBUG PrimaryStageWindow   - Push state: BluePlayerScene
14:11:51.778 [JavaFX Application Thread] DEBUG Input                - Clearing active input actions
14:11:51.778 [JavaFX Application Thread] DEBUG GameApplicationServi - Removing overlay from GameScene and adding to BluePlayerScene
14:11:51.778 [JavaFX Application Thread] DEBUG PrimaryStageWindow   - GameScene -> BluePlayerScene
14:11:51.778 [JavaFX Application Thread] DEBUG PrimaryStageWindow   - Pop state: BluePlayerScene
14:11:51.778 [JavaFX Application Thread] DEBUG Input                - Clearing active input actions
14:11:51.778 [JavaFX Application Thread] DEBUG GameApplicationServi - Removing overlay from BluePlayerScene and adding to GameScene
14:11:51.778 [JavaFX Application Thread] DEBUG PrimaryStageWindow   - GameScene <- BluePlayerScene
14:11:56.194 [JavaFX Application Thread] DEBUG PrimaryStageWindow   - Push state: DialogSubScene
14:11:56.194 [JavaFX Application Thread] DEBUG Input                - Clearing active input actions
14:11:56.194 [JavaFX Application Thread] DEBUG GameApplicationServi - Removing overlay from GameScene and adding to DialogSubScene
14:11:56.194 [JavaFX Application Thread] DEBUG PrimaryStageWindow   - GameScene -> DialogSubScene
14:11:57.510 [JavaFX Application Thread] DEBUG PrimaryStageWindow   - Pop state: DialogSubScene
14:11:57.510 [JavaFX Application Thread] DEBUG Input                - Clearing active input actions
14:11:57.510 [JavaFX Application Thread] DEBUG GameApplicationServi - Removing overlay from DialogSubScene and adding to GameScene
14:11:57.510 [JavaFX Application Thread] DEBUG PrimaryStageWindow   - GameScene <- DialogSubScene
14:11:57.510 [JavaFX Application Thread] DEBUG PrimaryStageWindow   - Push state: RedPlayerScene
14:11:57.511 [JavaFX Application Thread] DEBUG Input                - Clearing active input actions
14:11:57.511 [JavaFX Application Thread] DEBUG GameApplicationServi - Removing overlay from GameScene and adding to RedPlayerScene
14:11:57.511 [JavaFX Application Thread] DEBUG PrimaryStageWindow   - GameScene -> RedPlayerScene
14:11:57.511 [JavaFX Application Thread] DEBUG PrimaryStageWindow   - Pop state: RedPlayerScene
14:11:57.511 [JavaFX Application Thread] DEBUG Input                - Clearing active input actions
14:11:57.511 [JavaFX Application Thread] DEBUG GameApplicationServi - Removing overlay from RedPlayerScene and adding to GameScene
14:11:57.511 [JavaFX Application Thread] DEBUG PrimaryStageWindow   - GameScene <- RedPlayerScene
14:12:00.450 [JavaFX Application Thread] DEBUG PrimaryStageWindow   - Push state: DialogSubScene
14:12:00.450 [JavaFX Application Thread] DEBUG Input                - Clearing active input actions
14:12:00.450 [JavaFX Application Thread] DEBUG GameApplicationServi - Removing overlay from GameScene and adding to DialogSubScene
14:12:00.450 [JavaFX Application Thread] DEBUG PrimaryStageWindow   - GameScene -> DialogSubScene
14:12:01.244 [JavaFX Application Thread] DEBUG PrimaryStageWindow   - Pop state: DialogSubScene
14:12:01.244 [JavaFX Application Thread] DEBUG Input                - Clearing active input actions
14:12:01.244 [JavaFX Application Thread] DEBUG GameApplicationServi - Removing overlay from DialogSubScene and adding to GameScene
14:12:01.244 [JavaFX Application Thread] DEBUG PrimaryStageWindow   - GameScene <- DialogSubScene
14:12:01.244 [JavaFX Application Thread] DEBUG PrimaryStageWindow   - Push state: BluePlayerScene
14:12:01.245 [JavaFX Application Thread] DEBUG Input                - Clearing active input actions
14:12:01.245 [JavaFX Application Thread] DEBUG GameApplicationServi - Removing overlay from GameScene and adding to BluePlayerScene
14:12:01.245 [JavaFX Application Thread] DEBUG PrimaryStageWindow   - GameScene -> BluePlayerScene
14:12:01.245 [JavaFX Application Thread] DEBUG PrimaryStageWindow   - Pop state: BluePlayerScene
14:12:01.245 [JavaFX Application Thread] DEBUG Input                - Clearing active input actions
14:12:01.245 [JavaFX Application Thread] DEBUG GameApplicationServi - Removing overlay from BluePlayerScene and adding to GameScene
14:12:01.246 [JavaFX Application Thread] DEBUG PrimaryStageWindow   - GameScene <- BluePlayerScene
14:12:03.727 [JavaFX Application Thread] DEBUG PrimaryStageWindow   - Push state: DialogSubScene
14:12:03.727 [JavaFX Application Thread] DEBUG Input                - Clearing active input actions
14:12:03.728 [JavaFX Application Thread] DEBUG GameApplicationServi - Removing overlay from GameScene and adding to DialogSubScene
14:12:03.728 [JavaFX Application Thread] DEBUG PrimaryStageWindow   - GameScene -> DialogSubScene
14:12:04.838 [JavaFX Application Thread] DEBUG PrimaryStageWindow   - Pop state: DialogSubScene
14:12:04.838 [JavaFX Application Thread] DEBUG Input                - Clearing active input actions
14:12:04.838 [JavaFX Application Thread] DEBUG GameApplicationServi - Removing overlay from DialogSubScene and adding to GameScene
14:12:04.838 [JavaFX Application Thread] DEBUG PrimaryStageWindow   - GameScene <- DialogSubScene
14:12:05.572 [JavaFX Application Thread] DEBUG PrimaryStageWindow   - Push state: SimpleGameMenu
14:12:05.572 [JavaFX Application Thread] DEBUG Input                - Clearing active input actions
14:12:05.572 [JavaFX Application Thread] DEBUG GameApplicationServi - Removing overlay from GameScene and adding to SimpleGameMenu
14:12:05.572 [JavaFX Application Thread] DEBUG PrimaryStageWindow   - GameScene -> SimpleGameMenu
14:12:06.351 [JavaFX Application Thread] DEBUG Menu                 - fireExitToMainMenu()
14:12:06.352 [JavaFX Application Thread] DEBUG PrimaryStageWindow   - Push state: DialogSubScene
14:12:06.352 [JavaFX Application Thread] DEBUG Input                - Clearing active input actions
14:12:06.352 [JavaFX Application Thread] DEBUG GameApplicationServi - Removing overlay from SimpleGameMenu and adding to DialogSubScene
14:12:06.352 [JavaFX Application Thread] DEBUG PrimaryStageWindow   - SimpleGameMenu -> DialogSubScene
14:12:06.948 [JavaFX Application Thread] DEBUG PrimaryStageWindow   - Pop state: DialogSubScene
14:12:06.948 [JavaFX Application Thread] DEBUG Input                - Clearing active input actions
14:12:06.948 [JavaFX Application Thread] DEBUG GameApplicationServi - Removing overlay from DialogSubScene and adding to SimpleGameMenu
14:12:06.948 [JavaFX Application Thread] DEBUG PrimaryStageWindow   - SimpleGameMenu <- DialogSubScene
14:12:06.948 [JavaFX Application Thread] DEBUG PrimaryStageWindow   - Pop state: SimpleGameMenu
14:12:06.948 [JavaFX Application Thread] DEBUG Input                - Clearing active input actions
14:12:06.948 [JavaFX Application Thread] DEBUG GameApplicationServi - Removing overlay from SimpleGameMenu and adding to GameScene
14:12:06.948 [JavaFX Application Thread] DEBUG PrimaryStageWindow   - GameScene <- SimpleGameMenu
14:12:06.948 [JavaFX Application Thread] DEBUG Input                - Clearing active input actions
14:12:06.952 [JavaFX Application Thread] DEBUG GameApplicationServi - Removing overlay from GameScene and adding to FXGLMainMenuDummyScene
14:12:06.952 [JavaFX Application Thread] DEBUG PrimaryStageWindow   - GameScene -> FXGLMainMenuDummyScene
14:12:06.952 [JavaFX Application Thread] DEBUG PrimaryStageWindow   - Push state: BattleShipMainMenu
14:12:06.952 [JavaFX Application Thread] DEBUG Input                - Clearing active input actions
14:12:06.952 [JavaFX Application Thread] DEBUG GameApplicationServi - Removing overlay from FXGLMainMenuDummyScene and adding to BattleShipMainMenu
14:12:06.952 [JavaFX Application Thread] DEBUG PrimaryStageWindow   - FXGLMainMenuDummyScene -> BattleShipMainMenu
14:12:07.608 [JavaFX Application Thread] DEBUG Menu                 - fireExit()
14:12:07.609 [JavaFX Application Thread] DEBUG PrimaryStageWindow   - Push state: DialogSubScene
14:12:07.609 [JavaFX Application Thread] DEBUG Input                - Clearing active input actions
14:12:07.609 [JavaFX Application Thread] DEBUG GameApplicationServi - Removing overlay from BattleShipMainMenu and adding to DialogSubScene
14:12:07.609 [JavaFX Application Thread] DEBUG PrimaryStageWindow   - BattleShipMainMenu -> DialogSubScene
14:12:08.242 [JavaFX Application Thread] DEBUG PrimaryStageWindow   - Pop state: DialogSubScene
14:12:08.242 [JavaFX Application Thread] DEBUG Input                - Clearing active input actions
14:12:08.242 [JavaFX Application Thread] DEBUG GameApplicationServi - Removing overlay from DialogSubScene and adding to BattleShipMainMenu
14:12:08.242 [JavaFX Application Thread] DEBUG PrimaryStageWindow   - BattleShipMainMenu <- DialogSubScene
14:12:08.242 [JavaFX Application Thread] DEBUG FXGLApplication      - Exiting FXGL
14:12:08.242 [JavaFX Application Thread] DEBUG LoopRunner           - Stopping loop
14:12:08.242 [JavaFX Application Thread] DEBUG SystemBundleService  - Saving FXGL system data
14:12:08.244 [JavaFX Application Thread] DEBUG FileSystemAccess     - Writing to: D:\battleShip\battleShip_FXGL\system\fxgl.bundle
14:12:08.245 [JavaFX Application Thread] DEBUG Async                - Shutting down background threads
14:12:08.245 [JavaFX Application Thread] DEBUG PrimaryStageWindow   - Closing main window
14:12:08.264 [JavaFX Application Thread] DEBUG Logger               - Closing Logger
