10:34:59.871 [main                     ] DEBUG Logger               - Configured Logger
10:34:59.898 [main                     ] DEBUG GameApplication      - Logging settings
Title: BattleShip_FXGL
Version: 0.1
Width: 1920
Height: 1080
Fullscreen: true
Intro: false
Profiling: false
Single step:false
App Mode: DEVELOPER
Menu Key: ESCAPE
Stage Style: DECORATED
Scene Factory: class fi.utu.tech.gui.javafx.fxgl.BattleShipApp$1

10:35:00.352 [JavaFX Application Thread] DEBUG FXGLApplication      - Initializing FXGL
10:35:00.354 [JavaFX Application Thread] INFO  Engine               - FXGL-11.14 (01.03.2021 16.59) on WINDOWS (J:11.0.10 FX:15)
10:35:00.354 [JavaFX Application Thread] DEBUG Engine               - JRE Vendor Name: Amazon.com Inc.
10:35:00.354 [JavaFX Application Thread] DEBUG Engine               - Running on OS: Windows 10 version 10.0
10:35:00.354 [JavaFX Application Thread] DEBUG Engine               - Architecture: amd64
10:35:00.354 [JavaFX Application Thread] INFO  Engine               - Source code and latest versions at: https://github.com/AlmasB/FXGL
10:35:00.355 [JavaFX Application Thread] INFO  Engine               -              Join the FXGL chat at: https://gitter.im/AlmasB/FXGL
10:35:00.451 [JavaFX Application Thread] DEBUG PrimaryStageWindow   - Creating a JavaFX scene
10:35:00.505 [JavaFX Application Thread] DEBUG PrimaryStageWindow   - Target settings size: 1920.0 x 1080.0
10:35:00.505 [JavaFX Application Thread] DEBUG PrimaryStageWindow   - Scaled scene size:    1920.0 x 1080.0
10:35:00.505 [JavaFX Application Thread] DEBUG PrimaryStageWindow   - Scaled ratio: (1.0, 1.0)
10:35:00.506 [JavaFX Application Thread] DEBUG PrimaryStageWindow   - Set initial scene to FXGLStartupScene
10:35:00.513 [JavaFX Application Thread] DEBUG PrimaryStageWindow   - Opening main window
10:35:00.588 [JavaFX Application Thread] DEBUG PrimaryStageWindow   - Window border size: (16.0, 39.0)
10:35:00.588 [JavaFX Application Thread] DEBUG PrimaryStageWindow   - Scaled size: 1920.0 x 1080.0
10:35:00.588 [JavaFX Application Thread] DEBUG PrimaryStageWindow   - Scaled ratio: (1.0, 1.0)
10:35:00.588 [JavaFX Application Thread] DEBUG PrimaryStageWindow   - Scene size: 1920.0 x 1080.0
10:35:00.588 [JavaFX Application Thread] DEBUG PrimaryStageWindow   - Stage size: 1936.0 x 1119.0
10:35:00.645 [JavaFX Application Thread] DEBUG PrimaryStageWindow   - Going fullscreen
10:35:00.651 [FXGL Background Thread 1 ] DEBUG Engine               - Initializing environment variables
10:35:00.687 [FXGL Background Thread 1 ] DEBUG FXGLAssetLoaderServi - User app class for loading assets: class fi.utu.tech.gui.javafx.fxgl.BattleShipApp
10:35:00.687 [FXGL Background Thread 1 ] DEBUG GameApplicationServi - Applying CSS: fxgl_dark.css
10:35:00.688 [FXGL Background Thread 1 ] DEBUG FXGLAssetLoaderServi - Loading from file system: jar:file:///C:/Users/box69/.m2/repository/com/github/almasb/fxgl/11.14/fxgl-11.14.jar!/fxglassets/ui/css/fxgl_dark.css
10:35:00.729 [FXGL Background Thread 1 ] DEBUG GameApplicationServi - Initializing application scenes
10:35:00.795 [FXGL Background Thread 1 ] DEBUG GameWorld            - Game world initialized
10:35:00.842 [FXGL Background Thread 1 ] DEBUG PhysicsWorld         - Physics world initialized: appHeight=1080, physics.ppm=50.0
10:35:00.842 [FXGL Background Thread 1 ] DEBUG PhysicsWorld         - Using strategy: BRUTE_FORCE
10:35:00.844 [FXGL Background Thread 1 ] DEBUG GameScene            - Game scene initialized: 1920x1080
10:35:00.849 [FXGL Background Thread 1 ] DEBUG FXGLAssetLoaderServi - Loading from file system: file:/D:/battleShip/battleShip_FXGL/target/classes/assets/textures/Nebula_Red.png
10:35:01.066 [FXGL Background Thread 1 ] DEBUG FXGLAssetLoaderServi - Loading from file system: jar:file:///C:/Users/box69/.m2/repository/com/github/almasb/fxgl/11.14/fxgl-11.14.jar!/fxglassets/textures/pause_menu_bg.png
10:35:01.094 [FXGL Background Thread 1 ] DEBUG GameApplicationServi - Application scenes initialized
10:35:01.105 [FXGL Background Thread 1 ] DEBUG SystemBundleService  - Loading FXGL system data
10:35:01.108 [FXGL Background Thread 1 ] DEBUG FileSystemAccess     - Reading from: D:\battleShip\battleShip_FXGL\system\fxgl.bundle
10:35:01.113 [FXGL Background Thread 1 ] DEBUG SystemBundleService  - Bundle FXGL: {}
10:35:01.113 [FXGL Background Thread 1 ] DEBUG UpdaterService       - Checking for updates
10:35:01.118 [FXGL Background Thread 1 ] DEBUG FXGLApplication      - Loading default localization
10:35:01.118 [FXGL Background Thread 4 ] DEBUG FXGLApplication      - Loading fonts
10:35:01.119 [FXGL Background Thread 1 ] DEBUG FXGLAssetLoaderServi - Loading from file system: jar:file:///C:/Users/box69/.m2/repository/com/github/almasb/fxgl/11.14/fxgl-11.14.jar!/fxglassets/languages/english.lang
10:35:01.120 [FXGL Background Thread 4 ] DEBUG FXGLAssetLoaderServi - Loading from file system: jar:file:///C:/Users/box69/.m2/repository/com/github/almasb/fxgl/11.14/fxgl-11.14.jar!/fxglassets/ui/fonts/VarelaRound-Regular.ttf
10:35:01.134 [FXGL Background Thread 1 ] INFO  FXGLApplication      - FXGL initialization took: 0.482 sec
10:35:01.149 [JavaFX Application Thread] DEBUG Input                - Registered new binding: Change Scene - Space
10:35:01.149 [JavaFX Application Thread] DEBUG Input                - Registered new binding: action0 - R
10:35:01.151 [JavaFX Application Thread] DEBUG Input                - Registered new binding: Deploy - RMB
10:35:01.151 [JavaFX Application Thread] DEBUG Input                - Registered new binding: Attack - LMB
10:35:01.151 [JavaFX Application Thread] DEBUG FXGLAssetLoaderServi - Loading from file system: file:/D:/battleShip/battleShip_FXGL/target/classes/assets/music/CrashedShip.mp3
10:35:01.331 [JavaFX Application Thread] DEBUG AudioPlayer          - Playing music com.almasb.fxgl.audio.Music@4657b0a9
10:35:01.331 [JavaFX Application Thread] DEBUG FXGLAssetLoaderServi - Loading from file system: jar:file:///C:/Users/box69/.m2/repository/com/github/almasb/fxgl/11.14/fxgl-11.14.jar!/fxglassets/textures/fxgl_icon.png
10:35:01.352 [JavaFX Application Thread] DEBUG FXGLAssetLoaderServi - Loading from file system: jar:file:///C:/Users/box69/.m2/repository/com/github/almasb/fxgl/11.14/fxgl-11.14.jar!/fxglassets/ui/cursors/fxgl_default.png
10:35:01.354 [JavaFX Application Thread] DEBUG Input                - Registered new binding: Screenshot - P
10:35:01.355 [JavaFX Application Thread] DEBUG Input                - Registered new binding: System info dump - CTRL+9
10:35:01.355 [JavaFX Application Thread] DEBUG Input                - Registered new binding: Restart - CTRL+R
10:35:01.356 [JavaFX Application Thread] DEBUG Input                - Registered new binding: Toggle Debug Camera - CTRL+C
10:35:01.367 [JavaFX Application Thread] DEBUG LoopRunner           - Starting loop
10:35:01.367 [JavaFX Application Thread] DEBUG LoopRunner           - Initializing JavaFX AnimationTimerLoop
10:35:01.369 [JavaFX Application Thread] DEBUG Input                - Clearing active input actions
10:35:01.376 [JavaFX Application Thread] DEBUG GameApplicationServi - Removing overlay from FXGLStartupScene and adding to FXGLMainMenuDummyScene
10:35:01.377 [JavaFX Application Thread] DEBUG PrimaryStageWindow   - FXGLStartupScene -> FXGLMainMenuDummyScene
10:35:01.377 [JavaFX Application Thread] DEBUG PrimaryStageWindow   - Push state: BattleShipMainMenu
10:35:01.377 [JavaFX Application Thread] DEBUG Input                - Clearing active input actions
10:35:01.380 [JavaFX Application Thread] DEBUG GameApplicationServi - Removing overlay from FXGLMainMenuDummyScene and adding to BattleShipMainMenu
10:35:01.381 [JavaFX Application Thread] DEBUG PrimaryStageWindow   - FXGLMainMenuDummyScene -> BattleShipMainMenu
10:35:01.633 [FXGL Background Thread 4 ] DEBUG FXGLAssetLoaderServi - Loading from file system: jar:file:///C:/Users/box69/.m2/repository/com/github/almasb/fxgl/11.14/fxgl-11.14.jar!/fxglassets/ui/fonts/Abel-Regular.ttf
10:35:01.636 [FXGL Background Thread 4 ] DEBUG FXGLAssetLoaderServi - Loading from file system: jar:file:///C:/Users/box69/.m2/repository/com/github/almasb/fxgl/11.14/fxgl-11.14.jar!/fxglassets/ui/fonts/lucida_console.ttf
10:35:01.640 [FXGL Background Thread 4 ] DEBUG FXGLAssetLoaderServi - Loading from file system: jar:file:///C:/Users/box69/.m2/repository/com/github/almasb/fxgl/11.14/fxgl-11.14.jar!/fxglassets/ui/fonts/Courier-Prime.ttf
10:35:01.643 [JavaFX Application Thread] DEBUG FXGLApplication      - Registering font factories with UI factory
10:35:04.117 [FXGL Background Thread 3 ] DEBUG Engine               - Logging environment variables
10:35:04.117 [FXGL Background Thread 3 ] DEBUG Engine               - achievements: []
10:35:04.117 [FXGL Background Thread 3 ] DEBUG Engine               - actualHeight: 1080.0
10:35:04.118 [FXGL Background Thread 3 ] DEBUG Engine               - actualHeightProperty: ReadOnlyDoubleProperty [value: 1080.0]
10:35:04.118 [FXGL Background Thread 3 ] DEBUG Engine               - actualWidth: 1920.0
10:35:04.118 [FXGL Background Thread 3 ] DEBUG Engine               - actualWidthProperty: ReadOnlyDoubleProperty [value: 1920.0]
10:35:04.118 [FXGL Background Thread 3 ] DEBUG Engine               - appIcon: fxgl_icon.png
10:35:04.118 [FXGL Background Thread 3 ] DEBUG Engine               - applicationMode: DEVELOPER
10:35:04.118 [FXGL Background Thread 3 ] DEBUG Engine               - cSSList: [fxgl_dark.css]
10:35:04.118 [FXGL Background Thread 3 ] DEBUG Engine               - collisionDetectionStrategy: BRUTE_FORCE
10:35:04.118 [FXGL Background Thread 3 ] DEBUG Engine               - configClass: Optional.empty
10:35:04.118 [FXGL Background Thread 3 ] DEBUG Engine               - credits: []
10:35:04.118 [FXGL Background Thread 3 ] DEBUG Engine               - devBBoxColorProperty: ObjectProperty [value: 0xff0000ff]
10:35:04.118 [FXGL Background Thread 3 ] DEBUG Engine               - devEnableDebugCameraProperty: BooleanProperty [value: false]
10:35:04.118 [FXGL Background Thread 3 ] DEBUG Engine               - devSensorColorProperty: ObjectProperty [value: 0xffff00ff]
10:35:04.118 [FXGL Background Thread 3 ] DEBUG Engine               - devShowBBoxProperty: BooleanProperty [value: false]
10:35:04.119 [FXGL Background Thread 3 ] DEBUG Engine               - devShowPositionProperty: BooleanProperty [value: false]
10:35:04.119 [FXGL Background Thread 3 ] DEBUG Engine               - enabledMenuItems: []
10:35:04.119 [FXGL Background Thread 3 ] DEBUG Engine               - engineServices: [class com.almasb.fxgl.app.services.FXGLAssetLoaderService, class com.almasb.fxgl.app.FXGLApplication$GameApplicationService, class com.almasb.fxgl.app.services.FXGLDialogService, class com.almasb.fxgl.app.services.IOTaskExecutorService, class com.almasb.fxgl.event.EventBusService, class com.almasb.fxgl.io.FileSystemService, class com.almasb.fxgl.localization.LocalizationService, class com.almasb.fxgl.app.services.SystemBundleService, class com.almasb.fxgl.profile.SaveLoadService, class com.almasb.fxgl.ui.FXGLUIFactoryServiceProvider, class com.almasb.fxgl.ui.FXGLDialogFactoryServiceProvider, class com.almasb.fxgl.audio.AudioPlayer, class com.almasb.fxgl.notification.impl.NotificationServiceProvider, class com.almasb.fxgl.achievement.AchievementService, class com.almasb.fxgl.cutscene.CutsceneService, class com.almasb.fxgl.minigames.MiniGameService, class com.almasb.fxgl.net.NetService, class com.almasb.fxgl.app.services.UpdaterService, class com.almasb.fxgl.dev.DevService]
10:35:04.119 [FXGL Background Thread 3 ] DEBUG Engine               - fontGame: Abel-Regular.ttf
10:35:04.119 [FXGL Background Thread 3 ] DEBUG Engine               - fontMono: lucida_console.ttf
10:35:04.119 [FXGL Background Thread 3 ] DEBUG Engine               - fontText: Courier-Prime.ttf
10:35:04.119 [FXGL Background Thread 3 ] DEBUG Engine               - fontUI: VarelaRound-Regular.ttf
10:35:04.119 [FXGL Background Thread 3 ] DEBUG Engine               - fullScreen: BooleanProperty [value: true]
10:35:04.119 [FXGL Background Thread 3 ] DEBUG Engine               - gameDifficulty: MEDIUM
10:35:04.119 [FXGL Background Thread 3 ] DEBUG Engine               - gameDifficultyProperty: ObjectProperty [value: MEDIUM]
10:35:04.119 [FXGL Background Thread 3 ] DEBUG Engine               - globalMusicVolume: 0.5
10:35:04.119 [FXGL Background Thread 3 ] DEBUG Engine               - globalMusicVolumeProperty: DoubleProperty [value: 0.2]
10:35:04.119 [FXGL Background Thread 3 ] DEBUG Engine               - globalSoundVolume: 0.5
10:35:04.119 [FXGL Background Thread 3 ] DEBUG Engine               - globalSoundVolumeProperty: DoubleProperty [value: 0.5]
10:35:04.119 [FXGL Background Thread 3 ] DEBUG Engine               - height: 1080
10:35:04.120 [FXGL Background Thread 3 ] DEBUG Engine               - isAndroid: false
10:35:04.120 [FXGL Background Thread 3 ] DEBUG Engine               - isBrowser: false
10:35:04.120 [FXGL Background Thread 3 ] DEBUG Engine               - isClickFeedbackEnabled: false
10:35:04.120 [FXGL Background Thread 3 ] DEBUG Engine               - isCloseConfirmation: false
10:35:04.120 [FXGL Background Thread 3 ] DEBUG Engine               - isDesktop: true
10:35:04.120 [FXGL Background Thread 3 ] DEBUG Engine               - isDeveloperMenuEnabled: false
10:35:04.120 [FXGL Background Thread 3 ] DEBUG Engine               - isEntityPreloadEnabled: true
10:35:04.120 [FXGL Background Thread 3 ] DEBUG Engine               - isExperimental3D: false
10:35:04.120 [FXGL Background Thread 3 ] DEBUG Engine               - isExperimentalNative: false
10:35:04.120 [FXGL Background Thread 3 ] DEBUG Engine               - isExperimentalTiledLargeMap: false
10:35:04.120 [FXGL Background Thread 3 ] DEBUG Engine               - isFileSystemWriteAllowed: true
10:35:04.120 [FXGL Background Thread 3 ] DEBUG Engine               - isFullScreenAllowed: true
10:35:04.120 [FXGL Background Thread 3 ] DEBUG Engine               - isFullScreenFromStart: true
10:35:04.120 [FXGL Background Thread 3 ] DEBUG Engine               - isGameMenuEnabled: true
10:35:04.120 [FXGL Background Thread 3 ] DEBUG Engine               - isIOS: false
10:35:04.121 [FXGL Background Thread 3 ] DEBUG Engine               - isIntroEnabled: false
10:35:04.121 [FXGL Background Thread 3 ] DEBUG Engine               - isLinux: false
10:35:04.121 [FXGL Background Thread 3 ] DEBUG Engine               - isMac: false
10:35:04.121 [FXGL Background Thread 3 ] DEBUG Engine               - isMainMenuEnabled: true
10:35:04.121 [FXGL Background Thread 3 ] DEBUG Engine               - isManualResizeEnabled: false
10:35:04.121 [FXGL Background Thread 3 ] DEBUG Engine               - isMobile: false
10:35:04.121 [FXGL Background Thread 3 ] DEBUG Engine               - isPreserveResizeRatio: false
10:35:04.121 [FXGL Background Thread 3 ] DEBUG Engine               - isProfilingEnabled: false
10:35:04.121 [FXGL Background Thread 3 ] DEBUG Engine               - isScaleAffectedOnResize: true
10:35:04.121 [FXGL Background Thread 3 ] DEBUG Engine               - isSingleStep: false
10:35:04.121 [FXGL Background Thread 3 ] DEBUG Engine               - isUserProfileEnabled: false
10:35:04.121 [FXGL Background Thread 3 ] DEBUG Engine               - isWindows: true
10:35:04.121 [FXGL Background Thread 3 ] DEBUG Engine               - language: ObjectProperty [value: ENGLISH]
10:35:04.121 [FXGL Background Thread 3 ] DEBUG Engine               - menuKey: ESCAPE
10:35:04.121 [FXGL Background Thread 3 ] DEBUG Engine               - notificationViewClass: class com.almasb.fxgl.notification.view.XboxNotificationView
10:35:04.121 [FXGL Background Thread 3 ] DEBUG Engine               - pixelsPerMeter: 50.0
10:35:04.122 [FXGL Background Thread 3 ] DEBUG Engine               - platform: WINDOWS
10:35:04.122 [FXGL Background Thread 3 ] DEBUG Engine               - prefHeightProperty: ReadOnlyDoubleProperty [value: 1080.0]
10:35:04.122 [FXGL Background Thread 3 ] DEBUG Engine               - prefWidthProperty: ReadOnlyDoubleProperty [value: 1920.0]
10:35:04.122 [FXGL Background Thread 3 ] DEBUG Engine               - profileDir: profiles/
10:35:04.122 [FXGL Background Thread 3 ] DEBUG Engine               - profileName: StringProperty [value: DEFAULT]
10:35:04.122 [FXGL Background Thread 3 ] DEBUG Engine               - randomSeed: -1
10:35:04.122 [FXGL Background Thread 3 ] DEBUG Engine               - runtimeInfo: RuntimeInfo(platform=WINDOWS, version=11.14, build=01.03.2021 16.59)
10:35:04.122 [FXGL Background Thread 3 ] DEBUG Engine               - saveFileExt: sav
10:35:04.122 [FXGL Background Thread 3 ] DEBUG Engine               - scaledHeightProp$fxgl: DoubleProperty [bound, value: 1080.0]
10:35:04.122 [FXGL Background Thread 3 ] DEBUG Engine               - scaledWidthProp$fxgl: DoubleProperty [bound, value: 1920.0]
10:35:04.122 [FXGL Background Thread 3 ] DEBUG Engine               - sceneFactory: fi.utu.tech.gui.javafx.fxgl.BattleShipApp$1@4abc72c2
10:35:04.122 [FXGL Background Thread 3 ] DEBUG Engine               - secondsIn24h: 60
10:35:04.122 [FXGL Background Thread 3 ] DEBUG Engine               - soundMenuBack: menu/back.wav
10:35:04.122 [FXGL Background Thread 3 ] DEBUG Engine               - soundMenuPress: menu/press.wav
10:35:04.122 [FXGL Background Thread 3 ] DEBUG Engine               - soundMenuSelect: menu/select.wav
10:35:04.122 [FXGL Background Thread 3 ] DEBUG Engine               - soundNotification: core/notification.wav
10:35:04.122 [FXGL Background Thread 3 ] DEBUG Engine               - stageStyle: DECORATED
10:35:04.123 [FXGL Background Thread 3 ] DEBUG Engine               - supportedLanguages: [ENGLISH, FRENCH, GERMAN, HUNGARIAN, RUSSIAN]
10:35:04.123 [FXGL Background Thread 3 ] DEBUG Engine               - ticksPerSecond: -1
10:35:04.123 [FXGL Background Thread 3 ] DEBUG Engine               - title: BattleShip_FXGL
10:35:04.123 [FXGL Background Thread 3 ] DEBUG Engine               - urlGithub: https://github.com/AlmasB/FXGL
10:35:04.123 [FXGL Background Thread 3 ] DEBUG Engine               - urlLeaderboard: http://fxgl-top.herokuapp.com/
10:35:04.123 [FXGL Background Thread 3 ] DEBUG Engine               - urlPOM: https://raw.githubusercontent.com/AlmasB/FXGL/release/README.md
10:35:04.123 [FXGL Background Thread 3 ] DEBUG Engine               - userAppClass: class fi.utu.tech.gui.javafx.fxgl.BattleShipApp
10:35:04.123 [FXGL Background Thread 3 ] DEBUG Engine               - version: 0.1
10:35:04.123 [FXGL Background Thread 3 ] DEBUG Engine               - versionCheckDays: 7
10:35:04.123 [FXGL Background Thread 3 ] DEBUG Engine               - width: 1920
10:35:04.123 [FXGL Background Thread 3 ] DEBUG Engine               - Logging services
10:35:04.123 [FXGL Background Thread 3 ] DEBUG Engine               - class com.almasb.fxgl.app.services.FXGLAssetLoaderService
10:35:04.123 [FXGL Background Thread 3 ] DEBUG Engine               - class com.almasb.fxgl.app.FXGLApplication$GameApplicationService
10:35:04.123 [FXGL Background Thread 3 ] DEBUG Engine               - class com.almasb.fxgl.app.services.FXGLDialogService
10:35:04.123 [FXGL Background Thread 3 ] DEBUG Engine               - class com.almasb.fxgl.app.services.IOTaskExecutorService
10:35:04.123 [FXGL Background Thread 3 ] DEBUG Engine               - class com.almasb.fxgl.event.EventBusService
10:35:04.123 [FXGL Background Thread 3 ] DEBUG Engine               - class com.almasb.fxgl.io.FileSystemService
10:35:04.123 [FXGL Background Thread 3 ] DEBUG Engine               - class com.almasb.fxgl.localization.LocalizationService
10:35:04.123 [FXGL Background Thread 3 ] DEBUG Engine               - class com.almasb.fxgl.app.services.SystemBundleService
10:35:04.124 [FXGL Background Thread 3 ] DEBUG Engine               - class com.almasb.fxgl.profile.SaveLoadService
10:35:04.124 [FXGL Background Thread 3 ] DEBUG Engine               - class com.almasb.fxgl.ui.FXGLUIFactoryServiceProvider
10:35:04.124 [FXGL Background Thread 3 ] DEBUG Engine               - class com.almasb.fxgl.ui.FXGLDialogFactoryServiceProvider
10:35:04.124 [FXGL Background Thread 3 ] DEBUG Engine               - class com.almasb.fxgl.audio.AudioPlayer
10:35:04.124 [FXGL Background Thread 3 ] DEBUG Engine               - class com.almasb.fxgl.notification.impl.NotificationServiceProvider
10:35:04.124 [FXGL Background Thread 3 ] DEBUG Engine               - class com.almasb.fxgl.achievement.AchievementService
10:35:04.124 [FXGL Background Thread 3 ] DEBUG Engine               - class com.almasb.fxgl.cutscene.CutsceneService
10:35:04.124 [FXGL Background Thread 3 ] DEBUG Engine               - class com.almasb.fxgl.minigames.MiniGameService
10:35:04.124 [FXGL Background Thread 3 ] DEBUG Engine               - class com.almasb.fxgl.net.NetService
10:35:04.124 [FXGL Background Thread 3 ] DEBUG Engine               - class com.almasb.fxgl.app.services.UpdaterService
10:35:04.124 [FXGL Background Thread 3 ] DEBUG Engine               - class com.almasb.fxgl.dev.DevService
10:35:05.317 [JavaFX Application Thread] DEBUG PrimaryStageWindow   - Push state: DialogSubScene
10:35:05.318 [JavaFX Application Thread] DEBUG Input                - Clearing active input actions
10:35:05.321 [JavaFX Application Thread] DEBUG GameApplicationServi - Removing overlay from BattleShipMainMenu and adding to DialogSubScene
10:35:05.321 [JavaFX Application Thread] DEBUG PrimaryStageWindow   - BattleShipMainMenu -> DialogSubScene
10:35:12.906 [JavaFX Application Thread] DEBUG PrimaryStageWindow   - Pop state: DialogSubScene
10:35:12.906 [JavaFX Application Thread] DEBUG Input                - Clearing active input actions
10:35:12.907 [JavaFX Application Thread] DEBUG GameApplicationServi - Removing overlay from DialogSubScene and adding to BattleShipMainMenu
10:35:12.907 [JavaFX Application Thread] DEBUG PrimaryStageWindow   - BattleShipMainMenu <- DialogSubScene
10:35:13.235 [JavaFX Application Thread] DEBUG Menu                 - fireNewGame()
10:35:13.235 [JavaFX Application Thread] DEBUG GameApplicationServi - Starting new game
10:35:13.235 [JavaFX Application Thread] DEBUG PrimaryStageWindow   - Pop state: BattleShipMainMenu
10:35:13.235 [JavaFX Application Thread] DEBUG Input                - Clearing active input actions
10:35:13.235 [JavaFX Application Thread] DEBUG GameApplicationServi - Removing overlay from BattleShipMainMenu and adding to FXGLMainMenuDummyScene
10:35:13.235 [JavaFX Application Thread] DEBUG PrimaryStageWindow   - FXGLMainMenuDummyScene <- BattleShipMainMenu
10:35:13.236 [JavaFX Application Thread] DEBUG Input                - Clearing active input actions
10:35:13.241 [JavaFX Application Thread] DEBUG GameApplicationServi - Removing overlay from FXGLMainMenuDummyScene and adding to FXGLLoadingScene
10:35:13.241 [JavaFX Application Thread] DEBUG PrimaryStageWindow   - FXGLMainMenuDummyScene -> FXGLLoadingScene
10:35:13.241 [JavaFX Application Thread] DEBUG GameApplicationServi - Clearing previous game
10:35:13.241 [JavaFX Application Thread] DEBUG GameScene            - Clearing game scene
10:35:13.241 [JavaFX Application Thread] DEBUG GameWorld            - Clearing game world
10:35:13.241 [JavaFX Application Thread] DEBUG PhysicsWorld         - Clearing physics world
10:35:13.242 [FXGL Background Thread 2 ] DEBUG FXGLApplication      - Initializing game
10:35:13.248 [FXGL Background Thread 2 ] DEBUG FXGLAssetLoaderServi - Loading from file system: file:/D:/battleShip/battleShip_FXGL/target/classes/assets/textures/bg.jpg
10:35:13.281 [FXGL Background Thread 2 ] DEBUG FXGLAssetLoaderServi - Loading from file system: file:/D:/battleShip/battleShip_FXGL/target/classes/assets/textures/ShipContainer.png
10:35:13.285 [FXGL Background Thread 2 ] DEBUG FXGLAssetLoaderServi - Loading from file system: file:/D:/battleShip/battleShip_FXGL/target/classes/assets/textures/ships/ship_b_5_h.png
10:35:13.299 [FXGL Background Thread 2 ] DEBUG FXGLAssetLoaderServi - Loading from file system: file:/D:/battleShip/battleShip_FXGL/target/classes/assets/textures/ships/ship_r_5_h.png
10:35:13.301 [FXGL Background Thread 2 ] DEBUG FXGLAssetLoaderServi - Loading from file system: file:/D:/battleShip/battleShip_FXGL/target/classes/assets/textures/ships/ship_b_4_h.png
10:35:13.304 [FXGL Background Thread 2 ] DEBUG FXGLAssetLoaderServi - Loading from file system: file:/D:/battleShip/battleShip_FXGL/target/classes/assets/textures/ships/ship_r_4_h.png
10:35:13.306 [FXGL Background Thread 2 ] DEBUG FXGLAssetLoaderServi - Loading from file system: file:/D:/battleShip/battleShip_FXGL/target/classes/assets/textures/ships/ship_b_3_2_h.png
10:35:13.308 [FXGL Background Thread 2 ] DEBUG FXGLAssetLoaderServi - Loading from file system: file:/D:/battleShip/battleShip_FXGL/target/classes/assets/textures/ships/ship_r_3_2_h.png
10:35:13.310 [FXGL Background Thread 2 ] DEBUG FXGLAssetLoaderServi - Loading from file system: file:/D:/battleShip/battleShip_FXGL/target/classes/assets/textures/ships/ship_b_3_1_h.png
10:35:13.312 [FXGL Background Thread 2 ] DEBUG FXGLAssetLoaderServi - Loading from file system: file:/D:/battleShip/battleShip_FXGL/target/classes/assets/textures/ships/ship_r_3_1_h.png
10:35:13.313 [FXGL Background Thread 2 ] DEBUG FXGLAssetLoaderServi - Loading from file system: file:/D:/battleShip/battleShip_FXGL/target/classes/assets/textures/ships/ship_b_2_h.png
10:35:13.315 [FXGL Background Thread 2 ] DEBUG FXGLAssetLoaderServi - Loading from file system: file:/D:/battleShip/battleShip_FXGL/target/classes/assets/textures/ships/ship_r_2_h.png
10:35:13.317 [FXGL Background Thread 2 ] DEBUG FXGLAssetLoaderServi - Loading from file system: file:/D:/battleShip/battleShip_FXGL/target/classes/assets/textures/Tile.png
10:35:13.338 [FXGL Background Thread 2 ] INFO  FXGLApplication      - Game initialization took: 0.096 sec
10:35:13.339 [JavaFX Application Thread] DEBUG Input                - Clearing active input actions
10:35:13.345 [JavaFX Application Thread] DEBUG GameApplicationServi - Removing overlay from FXGLLoadingScene and adding to GameScene
10:35:13.345 [JavaFX Application Thread] DEBUG PrimaryStageWindow   - FXGLLoadingScene -> GameScene
10:35:13.352 [JavaFX Application Thread] DEBUG FXGLAssetLoaderServi - Loading from file system: file:/D:/battleShip/battleShip_FXGL/target/classes/assets/textures/bg2.jpg
10:35:13.377 [JavaFX Application Thread] DEBUG PrimaryStageWindow   - Push state: DialogSubScene
10:35:13.377 [JavaFX Application Thread] DEBUG Input                - Clearing active input actions
10:35:13.377 [JavaFX Application Thread] DEBUG GameApplicationServi - Removing overlay from GameScene and adding to DialogSubScene
10:35:13.377 [JavaFX Application Thread] DEBUG PrimaryStageWindow   - GameScene -> DialogSubScene
10:35:14.806 [JavaFX Application Thread] DEBUG PrimaryStageWindow   - Pop state: DialogSubScene
10:35:14.806 [JavaFX Application Thread] DEBUG Input                - Clearing active input actions
10:35:14.807 [JavaFX Application Thread] DEBUG GameApplicationServi - Removing overlay from DialogSubScene and adding to GameScene
10:35:14.807 [JavaFX Application Thread] DEBUG PrimaryStageWindow   - GameScene <- DialogSubScene
10:35:20.905 [JavaFX Application Thread] DEBUG FXGLAssetLoaderServi - Loading from file system: file:/D:/battleShip/battleShip_FXGL/target/classes/assets/sounds/shot.wav
10:35:21.119 [JavaFX Application Thread] DEBUG FXGLAssetLoaderServi - Loading from file system: file:/D:/battleShip/battleShip_FXGL/target/classes/assets/textures/Player1Hit.png
10:35:21.119 [JavaFX Application Thread] DEBUG FXGLAssetLoaderServi - Loading from file system: file:/D:/battleShip/battleShip_FXGL/target/classes/assets/sounds/hit.wav
10:35:27.430 [JavaFX Application Thread] DEBUG FXGLAssetLoaderServi - Loading from file system: file:/D:/battleShip/battleShip_FXGL/target/classes/assets/sounds/explosion.wav
10:35:27.433 [JavaFX Application Thread] DEBUG PrimaryStageWindow   - Push state: DialogSubScene
10:35:27.433 [JavaFX Application Thread] DEBUG Input                - Clearing active input actions
10:35:27.434 [JavaFX Application Thread] DEBUG GameApplicationServi - Removing overlay from GameScene and adding to DialogSubScene
10:35:27.434 [JavaFX Application Thread] DEBUG PrimaryStageWindow   - GameScene -> DialogSubScene
10:35:28.437 [JavaFX Application Thread] DEBUG PrimaryStageWindow   - Pop state: DialogSubScene
10:35:28.437 [JavaFX Application Thread] DEBUG Input                - Clearing active input actions
10:35:28.437 [JavaFX Application Thread] DEBUG GameApplicationServi - Removing overlay from DialogSubScene and adding to GameScene
10:35:28.437 [JavaFX Application Thread] DEBUG PrimaryStageWindow   - GameScene <- DialogSubScene
10:35:43.373 [JavaFX Application Thread] DEBUG FXGLAssetLoaderServi - Loading from file system: file:/D:/battleShip/battleShip_FXGL/target/classes/assets/textures/Player1.png
10:35:54.678 [JavaFX Application Thread] DEBUG PrimaryStageWindow   - Push state: DialogSubScene
10:35:54.678 [JavaFX Application Thread] DEBUG Input                - Clearing active input actions
10:35:54.678 [JavaFX Application Thread] DEBUG GameApplicationServi - Removing overlay from GameScene and adding to DialogSubScene
10:35:54.678 [JavaFX Application Thread] DEBUG PrimaryStageWindow   - GameScene -> DialogSubScene
10:35:56.473 [JavaFX Application Thread] DEBUG PrimaryStageWindow   - Pop state: DialogSubScene
10:35:56.473 [JavaFX Application Thread] DEBUG Input                - Clearing active input actions
10:35:56.473 [JavaFX Application Thread] DEBUG GameApplicationServi - Removing overlay from DialogSubScene and adding to GameScene
10:35:56.473 [JavaFX Application Thread] DEBUG PrimaryStageWindow   - GameScene <- DialogSubScene
10:35:57.533 [JavaFX Application Thread] DEBUG PrimaryStageWindow   - Push state: DialogSubScene
10:35:57.533 [JavaFX Application Thread] DEBUG Input                - Clearing active input actions
10:35:57.534 [JavaFX Application Thread] DEBUG GameApplicationServi - Removing overlay from GameScene and adding to DialogSubScene
10:35:57.534 [JavaFX Application Thread] DEBUG PrimaryStageWindow   - GameScene -> DialogSubScene
10:35:58.492 [JavaFX Application Thread] DEBUG PrimaryStageWindow   - Pop state: DialogSubScene
10:35:58.492 [JavaFX Application Thread] DEBUG Input                - Clearing active input actions
10:35:58.492 [JavaFX Application Thread] DEBUG GameApplicationServi - Removing overlay from DialogSubScene and adding to GameScene
10:35:58.492 [JavaFX Application Thread] DEBUG PrimaryStageWindow   - GameScene <- DialogSubScene
10:35:58.492 [JavaFX Application Thread] DEBUG PrimaryStageWindow   - Push state: BluePlayerDeployScene
10:35:58.493 [JavaFX Application Thread] DEBUG Input                - Clearing active input actions
10:35:58.493 [JavaFX Application Thread] DEBUG GameApplicationServi - Removing overlay from GameScene and adding to BluePlayerDeployScene
10:35:58.493 [JavaFX Application Thread] DEBUG PrimaryStageWindow   - GameScene -> BluePlayerDeployScene
10:35:58.493 [JavaFX Application Thread] DEBUG PrimaryStageWindow   - Pop state: BluePlayerDeployScene
10:35:58.493 [JavaFX Application Thread] DEBUG Input                - Clearing active input actions
10:35:58.493 [JavaFX Application Thread] DEBUG GameApplicationServi - Removing overlay from BluePlayerDeployScene and adding to GameScene
10:35:58.493 [JavaFX Application Thread] DEBUG PrimaryStageWindow   - GameScene <- BluePlayerDeployScene
10:35:59.218 [JavaFX Application Thread] DEBUG PrimaryStageWindow   - Push state: DialogSubScene
10:35:59.218 [JavaFX Application Thread] DEBUG Input                - Clearing active input actions
10:35:59.219 [JavaFX Application Thread] DEBUG GameApplicationServi - Removing overlay from GameScene and adding to DialogSubScene
10:35:59.219 [JavaFX Application Thread] DEBUG PrimaryStageWindow   - GameScene -> DialogSubScene
10:36:00.005 [JavaFX Application Thread] DEBUG PrimaryStageWindow   - Pop state: DialogSubScene
10:36:00.005 [JavaFX Application Thread] DEBUG Input                - Clearing active input actions
10:36:00.006 [JavaFX Application Thread] DEBUG GameApplicationServi - Removing overlay from DialogSubScene and adding to GameScene
10:36:00.006 [JavaFX Application Thread] DEBUG PrimaryStageWindow   - GameScene <- DialogSubScene
10:36:00.006 [JavaFX Application Thread] DEBUG PrimaryStageWindow   - Push state: RedPlayerDeployScene
10:36:00.006 [JavaFX Application Thread] DEBUG Input                - Clearing active input actions
10:36:00.007 [JavaFX Application Thread] DEBUG GameApplicationServi - Removing overlay from GameScene and adding to RedPlayerDeployScene
10:36:00.007 [JavaFX Application Thread] DEBUG PrimaryStageWindow   - GameScene -> RedPlayerDeployScene
10:36:00.007 [JavaFX Application Thread] DEBUG PrimaryStageWindow   - Pop state: RedPlayerDeployScene
10:36:00.007 [JavaFX Application Thread] DEBUG Input                - Clearing active input actions
10:36:00.007 [JavaFX Application Thread] DEBUG GameApplicationServi - Removing overlay from RedPlayerDeployScene and adding to GameScene
10:36:00.007 [JavaFX Application Thread] DEBUG PrimaryStageWindow   - GameScene <- RedPlayerDeployScene
10:36:00.700 [JavaFX Application Thread] DEBUG PrimaryStageWindow   - Push state: DialogSubScene
10:36:00.700 [JavaFX Application Thread] DEBUG Input                - Clearing active input actions
10:36:00.700 [JavaFX Application Thread] DEBUG GameApplicationServi - Removing overlay from GameScene and adding to DialogSubScene
10:36:00.700 [JavaFX Application Thread] DEBUG PrimaryStageWindow   - GameScene -> DialogSubScene
10:36:01.137 [JavaFX Application Thread] DEBUG PrimaryStageWindow   - Pop state: DialogSubScene
10:36:01.138 [JavaFX Application Thread] DEBUG Input                - Clearing active input actions
10:36:01.138 [JavaFX Application Thread] DEBUG GameApplicationServi - Removing overlay from DialogSubScene and adding to GameScene
10:36:01.138 [JavaFX Application Thread] DEBUG PrimaryStageWindow   - GameScene <- DialogSubScene
10:36:01.138 [JavaFX Application Thread] DEBUG PrimaryStageWindow   - Push state: RedPlayerScene
10:36:01.140 [JavaFX Application Thread] DEBUG Input                - Clearing active input actions
10:36:01.141 [JavaFX Application Thread] DEBUG GameApplicationServi - Removing overlay from GameScene and adding to RedPlayerScene
10:36:01.141 [JavaFX Application Thread] DEBUG PrimaryStageWindow   - GameScene -> RedPlayerScene
10:36:01.141 [JavaFX Application Thread] DEBUG PrimaryStageWindow   - Pop state: RedPlayerScene
10:36:01.141 [JavaFX Application Thread] DEBUG Input                - Clearing active input actions
10:36:01.141 [JavaFX Application Thread] DEBUG GameApplicationServi - Removing overlay from RedPlayerScene and adding to GameScene
10:36:01.141 [JavaFX Application Thread] DEBUG PrimaryStageWindow   - GameScene <- RedPlayerScene
10:36:06.724 [JavaFX Application Thread] DEBUG PrimaryStageWindow   - Push state: DialogSubScene
10:36:06.724 [JavaFX Application Thread] DEBUG Input                - Clearing active input actions
10:36:06.725 [JavaFX Application Thread] DEBUG GameApplicationServi - Removing overlay from GameScene and adding to DialogSubScene
10:36:06.725 [JavaFX Application Thread] DEBUG PrimaryStageWindow   - GameScene -> DialogSubScene
10:36:07.761 [JavaFX Application Thread] DEBUG PrimaryStageWindow   - Pop state: DialogSubScene
10:36:07.761 [JavaFX Application Thread] DEBUG Input                - Clearing active input actions
10:36:07.761 [JavaFX Application Thread] DEBUG GameApplicationServi - Removing overlay from DialogSubScene and adding to GameScene
10:36:07.761 [JavaFX Application Thread] DEBUG PrimaryStageWindow   - GameScene <- DialogSubScene
10:36:09.220 [JavaFX Application Thread] DEBUG PrimaryStageWindow   - Push state: DialogSubScene
10:36:09.220 [JavaFX Application Thread] DEBUG Input                - Clearing active input actions
10:36:09.221 [JavaFX Application Thread] DEBUG GameApplicationServi - Removing overlay from GameScene and adding to DialogSubScene
10:36:09.221 [JavaFX Application Thread] DEBUG PrimaryStageWindow   - GameScene -> DialogSubScene
10:36:10.116 [JavaFX Application Thread] DEBUG PrimaryStageWindow   - Pop state: DialogSubScene
10:36:10.116 [JavaFX Application Thread] DEBUG Input                - Clearing active input actions
10:36:10.116 [JavaFX Application Thread] DEBUG GameApplicationServi - Removing overlay from DialogSubScene and adding to GameScene
10:36:10.116 [JavaFX Application Thread] DEBUG PrimaryStageWindow   - GameScene <- DialogSubScene
10:36:11.494 [JavaFX Application Thread] DEBUG PrimaryStageWindow   - Push state: DialogSubScene
10:36:11.494 [JavaFX Application Thread] DEBUG Input                - Clearing active input actions
10:36:11.494 [JavaFX Application Thread] DEBUG GameApplicationServi - Removing overlay from GameScene and adding to DialogSubScene
10:36:11.495 [JavaFX Application Thread] DEBUG PrimaryStageWindow   - GameScene -> DialogSubScene
10:36:12.328 [JavaFX Application Thread] DEBUG PrimaryStageWindow   - Pop state: DialogSubScene
10:36:12.328 [JavaFX Application Thread] DEBUG Input                - Clearing active input actions
10:36:12.329 [JavaFX Application Thread] DEBUG GameApplicationServi - Removing overlay from DialogSubScene and adding to GameScene
10:36:12.329 [JavaFX Application Thread] DEBUG PrimaryStageWindow   - GameScene <- DialogSubScene
10:36:13.430 [JavaFX Application Thread] DEBUG PrimaryStageWindow   - Push state: DialogSubScene
10:36:13.430 [JavaFX Application Thread] DEBUG Input                - Clearing active input actions
10:36:13.431 [JavaFX Application Thread] DEBUG GameApplicationServi - Removing overlay from GameScene and adding to DialogSubScene
10:36:13.431 [JavaFX Application Thread] DEBUG PrimaryStageWindow   - GameScene -> DialogSubScene
10:36:14.548 [JavaFX Application Thread] DEBUG PrimaryStageWindow   - Pop state: DialogSubScene
10:36:14.549 [JavaFX Application Thread] DEBUG Input                - Clearing active input actions
10:36:14.549 [JavaFX Application Thread] DEBUG GameApplicationServi - Removing overlay from DialogSubScene and adding to GameScene
10:36:14.549 [JavaFX Application Thread] DEBUG PrimaryStageWindow   - GameScene <- DialogSubScene
10:36:15.495 [JavaFX Application Thread] DEBUG PrimaryStageWindow   - Push state: DialogSubScene
10:36:15.495 [JavaFX Application Thread] DEBUG Input                - Clearing active input actions
10:36:15.495 [JavaFX Application Thread] DEBUG GameApplicationServi - Removing overlay from GameScene and adding to DialogSubScene
10:36:15.495 [JavaFX Application Thread] DEBUG PrimaryStageWindow   - GameScene -> DialogSubScene
10:36:18.548 [JavaFX Application Thread] DEBUG PrimaryStageWindow   - Pop state: DialogSubScene
10:36:18.548 [JavaFX Application Thread] DEBUG Input                - Clearing active input actions
10:36:18.548 [JavaFX Application Thread] DEBUG GameApplicationServi - Removing overlay from DialogSubScene and adding to GameScene
10:36:18.548 [JavaFX Application Thread] DEBUG PrimaryStageWindow   - GameScene <- DialogSubScene
10:36:18.548 [JavaFX Application Thread] DEBUG PrimaryStageWindow   - Push state: SimpleGameMenu
10:36:18.548 [JavaFX Application Thread] DEBUG Input                - Clearing active input actions
10:36:18.548 [JavaFX Application Thread] DEBUG GameApplicationServi - Removing overlay from GameScene and adding to SimpleGameMenu
10:36:18.549 [JavaFX Application Thread] DEBUG PrimaryStageWindow   - GameScene -> SimpleGameMenu
10:36:19.694 [JavaFX Application Thread] DEBUG Menu                 - fireResume()
10:36:19.694 [JavaFX Application Thread] DEBUG PrimaryStageWindow   - Pop state: SimpleGameMenu
10:36:19.694 [JavaFX Application Thread] DEBUG Input                - Clearing active input actions
10:36:19.694 [JavaFX Application Thread] DEBUG GameApplicationServi - Removing overlay from SimpleGameMenu and adding to GameScene
10:36:19.694 [JavaFX Application Thread] DEBUG PrimaryStageWindow   - GameScene <- SimpleGameMenu
10:36:20.886 [JavaFX Application Thread] DEBUG PrimaryStageWindow   - Push state: DialogSubScene
10:36:20.887 [JavaFX Application Thread] DEBUG Input                - Clearing active input actions
10:36:20.887 [JavaFX Application Thread] DEBUG GameApplicationServi - Removing overlay from GameScene and adding to DialogSubScene
10:36:20.887 [JavaFX Application Thread] DEBUG PrimaryStageWindow   - GameScene -> DialogSubScene
10:36:22.783 [JavaFX Application Thread] DEBUG PrimaryStageWindow   - Pop state: DialogSubScene
10:36:22.783 [JavaFX Application Thread] DEBUG Input                - Clearing active input actions
10:36:22.783 [JavaFX Application Thread] DEBUG GameApplicationServi - Removing overlay from DialogSubScene and adding to GameScene
10:36:22.783 [JavaFX Application Thread] DEBUG PrimaryStageWindow   - GameScene <- DialogSubScene
10:36:22.784 [JavaFX Application Thread] DEBUG GameApplicationServi - Starting new game
10:36:22.784 [JavaFX Application Thread] DEBUG Input                - Clearing active input actions
10:36:22.788 [JavaFX Application Thread] DEBUG GameApplicationServi - Removing overlay from GameScene and adding to FXGLLoadingScene
10:36:22.788 [JavaFX Application Thread] DEBUG PrimaryStageWindow   - GameScene -> FXGLLoadingScene
10:36:22.788 [JavaFX Application Thread] DEBUG GameApplicationServi - Clearing previous game
10:36:22.788 [JavaFX Application Thread] DEBUG GameScene            - Clearing game scene
10:36:22.788 [JavaFX Application Thread] DEBUG GameWorld            - Clearing game world
10:36:22.789 [JavaFX Application Thread] DEBUG PhysicsWorld         - Clearing physics world
10:36:22.790 [FXGL Background Thread 5 ] DEBUG FXGLApplication      - Initializing game
10:36:22.803 [FXGL Background Thread 5 ] INFO  FXGLApplication      - Game initialization took: 0.013 sec
10:36:22.803 [JavaFX Application Thread] DEBUG Input                - Clearing active input actions
10:36:22.807 [JavaFX Application Thread] DEBUG GameApplicationServi - Removing overlay from FXGLLoadingScene and adding to GameScene
10:36:22.807 [JavaFX Application Thread] DEBUG PrimaryStageWindow   - FXGLLoadingScene -> GameScene
10:36:22.808 [JavaFX Application Thread] DEBUG PrimaryStageWindow   - Push state: DialogSubScene
10:36:22.808 [JavaFX Application Thread] DEBUG Input                - Clearing active input actions
10:36:22.808 [JavaFX Application Thread] DEBUG GameApplicationServi - Removing overlay from GameScene and adding to DialogSubScene
10:36:22.809 [JavaFX Application Thread] DEBUG PrimaryStageWindow   - GameScene -> DialogSubScene
10:36:24.391 [JavaFX Application Thread] DEBUG PrimaryStageWindow   - Pop state: DialogSubScene
10:36:24.391 [JavaFX Application Thread] DEBUG Input                - Clearing active input actions
10:36:24.391 [JavaFX Application Thread] DEBUG GameApplicationServi - Removing overlay from DialogSubScene and adding to GameScene
10:36:24.391 [JavaFX Application Thread] DEBUG PrimaryStageWindow   - GameScene <- DialogSubScene
10:36:25.835 [JavaFX Application Thread] DEBUG PrimaryStageWindow   - Push state: SimpleGameMenu
10:36:25.835 [JavaFX Application Thread] DEBUG Input                - Clearing active input actions
10:36:25.835 [JavaFX Application Thread] DEBUG GameApplicationServi - Removing overlay from GameScene and adding to SimpleGameMenu
10:36:25.835 [JavaFX Application Thread] DEBUG PrimaryStageWindow   - GameScene -> SimpleGameMenu
10:36:26.393 [JavaFX Application Thread] DEBUG Menu                 - fireExitToMainMenu()
10:36:26.393 [JavaFX Application Thread] DEBUG PrimaryStageWindow   - Push state: DialogSubScene
10:36:26.393 [JavaFX Application Thread] DEBUG Input                - Clearing active input actions
10:36:26.394 [JavaFX Application Thread] DEBUG GameApplicationServi - Removing overlay from SimpleGameMenu and adding to DialogSubScene
10:36:26.394 [JavaFX Application Thread] DEBUG PrimaryStageWindow   - SimpleGameMenu -> DialogSubScene
10:36:26.805 [JavaFX Application Thread] DEBUG PrimaryStageWindow   - Pop state: DialogSubScene
10:36:26.805 [JavaFX Application Thread] DEBUG Input                - Clearing active input actions
10:36:26.805 [JavaFX Application Thread] DEBUG GameApplicationServi - Removing overlay from DialogSubScene and adding to SimpleGameMenu
10:36:26.805 [JavaFX Application Thread] DEBUG PrimaryStageWindow   - SimpleGameMenu <- DialogSubScene
10:36:26.805 [JavaFX Application Thread] DEBUG PrimaryStageWindow   - Pop state: SimpleGameMenu
10:36:26.805 [JavaFX Application Thread] DEBUG Input                - Clearing active input actions
10:36:26.805 [JavaFX Application Thread] DEBUG GameApplicationServi - Removing overlay from SimpleGameMenu and adding to GameScene
10:36:26.805 [JavaFX Application Thread] DEBUG PrimaryStageWindow   - GameScene <- SimpleGameMenu
10:36:26.805 [JavaFX Application Thread] DEBUG Input                - Clearing active input actions
10:36:26.808 [JavaFX Application Thread] DEBUG GameApplicationServi - Removing overlay from GameScene and adding to FXGLMainMenuDummyScene
10:36:26.808 [JavaFX Application Thread] DEBUG PrimaryStageWindow   - GameScene -> FXGLMainMenuDummyScene
10:36:26.808 [JavaFX Application Thread] DEBUG PrimaryStageWindow   - Push state: BattleShipMainMenu
10:36:26.808 [JavaFX Application Thread] DEBUG Input                - Clearing active input actions
10:36:26.808 [JavaFX Application Thread] DEBUG GameApplicationServi - Removing overlay from FXGLMainMenuDummyScene and adding to BattleShipMainMenu
10:36:26.808 [JavaFX Application Thread] DEBUG PrimaryStageWindow   - FXGLMainMenuDummyScene -> BattleShipMainMenu
10:36:27.616 [JavaFX Application Thread] DEBUG Menu                 - fireExit()
10:36:27.617 [JavaFX Application Thread] DEBUG PrimaryStageWindow   - Push state: DialogSubScene
10:36:27.617 [JavaFX Application Thread] DEBUG Input                - Clearing active input actions
10:36:27.617 [JavaFX Application Thread] DEBUG GameApplicationServi - Removing overlay from BattleShipMainMenu and adding to DialogSubScene
10:36:27.617 [JavaFX Application Thread] DEBUG PrimaryStageWindow   - BattleShipMainMenu -> DialogSubScene
10:36:28.157 [JavaFX Application Thread] DEBUG PrimaryStageWindow   - Pop state: DialogSubScene
10:36:28.157 [JavaFX Application Thread] DEBUG Input                - Clearing active input actions
10:36:28.157 [JavaFX Application Thread] DEBUG GameApplicationServi - Removing overlay from DialogSubScene and adding to BattleShipMainMenu
10:36:28.157 [JavaFX Application Thread] DEBUG PrimaryStageWindow   - BattleShipMainMenu <- DialogSubScene
10:36:28.157 [JavaFX Application Thread] DEBUG FXGLApplication      - Exiting FXGL
10:36:28.157 [JavaFX Application Thread] DEBUG LoopRunner           - Stopping loop
10:36:28.157 [JavaFX Application Thread] DEBUG SystemBundleService  - Saving FXGL system data
10:36:28.158 [JavaFX Application Thread] DEBUG FileSystemAccess     - Writing to: D:\battleShip\battleShip_FXGL\system\fxgl.bundle
10:36:28.160 [JavaFX Application Thread] DEBUG Async                - Shutting down background threads
10:36:28.160 [JavaFX Application Thread] DEBUG PrimaryStageWindow   - Closing main window
10:36:28.173 [JavaFX Application Thread] DEBUG Logger               - Closing Logger
