14:19:27.061 [main                     ] DEBUG Logger               - Configured Logger
14:19:27.089 [main                     ] DEBUG GameApplication      - Logging settings
Title: BattleShip_FXGL
Version: 0.1
Width: 1920
Height: 1080
Fullscreen: true
Intro: true
Profiling: false
Single step:false
App Mode: DEVELOPER
Menu Key: ESCAPE
Stage Style: DECORATED
Scene Factory: class fi.utu.tech.gui.javafx.fxgl.BattleShipApp$1

14:19:27.498 [JavaFX Application Thread] DEBUG FXGLApplication      - Initializing FXGL
14:19:27.499 [JavaFX Application Thread] INFO  Engine               - FXGL-11.14 (01.03.2021 16.59) on WINDOWS (J:11.0.10 FX:15)
14:19:27.500 [JavaFX Application Thread] DEBUG Engine               - JRE Vendor Name: Amazon.com Inc.
14:19:27.500 [JavaFX Application Thread] DEBUG Engine               - Running on OS: Windows 10 version 10.0
14:19:27.500 [JavaFX Application Thread] DEBUG Engine               - Architecture: amd64
14:19:27.500 [JavaFX Application Thread] INFO  Engine               - Source code and latest versions at: https://github.com/AlmasB/FXGL
14:19:27.500 [JavaFX Application Thread] INFO  Engine               -              Join the FXGL chat at: https://gitter.im/AlmasB/FXGL
14:19:27.595 [JavaFX Application Thread] DEBUG PrimaryStageWindow   - Creating a JavaFX scene
14:19:27.644 [JavaFX Application Thread] DEBUG PrimaryStageWindow   - Target settings size: 1920.0 x 1080.0
14:19:27.644 [JavaFX Application Thread] DEBUG PrimaryStageWindow   - Scaled scene size:    1920.0 x 1080.0
14:19:27.644 [JavaFX Application Thread] DEBUG PrimaryStageWindow   - Scaled ratio: (1.0, 1.0)
14:19:27.645 [JavaFX Application Thread] DEBUG PrimaryStageWindow   - Set initial scene to FXGLStartupScene
14:19:27.651 [JavaFX Application Thread] DEBUG PrimaryStageWindow   - Opening main window
14:19:27.731 [JavaFX Application Thread] DEBUG PrimaryStageWindow   - Window border size: (16.0, 39.0)
14:19:27.732 [JavaFX Application Thread] DEBUG PrimaryStageWindow   - Scaled size: 1920.0 x 1080.0
14:19:27.732 [JavaFX Application Thread] DEBUG PrimaryStageWindow   - Scaled ratio: (1.0, 1.0)
14:19:27.732 [JavaFX Application Thread] DEBUG PrimaryStageWindow   - Scene size: 1920.0 x 1080.0
14:19:27.732 [JavaFX Application Thread] DEBUG PrimaryStageWindow   - Stage size: 1936.0 x 1119.0
14:19:27.789 [JavaFX Application Thread] DEBUG PrimaryStageWindow   - Going fullscreen
14:19:27.805 [FXGL Background Thread 1 ] DEBUG Engine               - Initializing environment variables
14:19:27.838 [FXGL Background Thread 1 ] DEBUG FXGLAssetLoaderServi - User app class for loading assets: class fi.utu.tech.gui.javafx.fxgl.BattleShipApp
14:19:27.839 [FXGL Background Thread 1 ] DEBUG GameApplicationServi - Applying CSS: fxgl_dark.css
14:19:27.839 [FXGL Background Thread 1 ] DEBUG FXGLAssetLoaderServi - Loading from file system: jar:file:///C:/Users/box69/.m2/repository/com/github/almasb/fxgl/11.14/fxgl-11.14.jar!/fxglassets/ui/css/fxgl_dark.css
14:19:27.891 [FXGL Background Thread 1 ] DEBUG GameApplicationServi - Initializing application scenes
14:19:27.965 [FXGL Background Thread 1 ] DEBUG GameWorld            - Game world initialized
14:19:28.015 [FXGL Background Thread 1 ] DEBUG PhysicsWorld         - Physics world initialized: appHeight=1080, physics.ppm=50.0
14:19:28.015 [FXGL Background Thread 1 ] DEBUG PhysicsWorld         - Using strategy: BRUTE_FORCE
14:19:28.017 [FXGL Background Thread 1 ] DEBUG GameScene            - Game scene initialized: 1920x1080
14:19:28.021 [FXGL Background Thread 1 ] DEBUG FXGLAssetLoaderServi - Loading from file system: jar:file:///C:/Users/box69/.m2/repository/com/github/almasb/fxgl/11.14/fxgl-11.14.jar!/fxglassets/textures/intro/fxgl_logo.png
14:19:28.055 [FXGL Background Thread 1 ] DEBUG FXGLAssetLoaderServi - Loading from file system: jar:file:///C:/Users/box69/.m2/repository/com/github/almasb/fxgl/11.14/fxgl-11.14.jar!/fxglassets/textures/intro/javafx_logo.png
14:19:28.195 [FXGL Background Thread 1 ] DEBUG FXGLAssetLoaderServi - Loading from file system: file:/D:/battleShip/battleShip_FXGL/target/classes/assets/textures/Nebula_Red.png
14:19:28.362 [FXGL Background Thread 1 ] DEBUG FXGLAssetLoaderServi - Loading from file system: jar:file:///C:/Users/box69/.m2/repository/com/github/almasb/fxgl/11.14/fxgl-11.14.jar!/fxglassets/textures/pause_menu_bg.png
14:19:28.373 [FXGL Background Thread 1 ] DEBUG GameApplicationServi - Application scenes initialized
14:19:28.381 [FXGL Background Thread 1 ] DEBUG SystemBundleService  - Loading FXGL system data
14:19:28.384 [FXGL Background Thread 1 ] DEBUG FileSystemAccess     - Reading from: D:\battleShip\battleShip_FXGL\system\fxgl.bundle
14:19:28.391 [FXGL Background Thread 1 ] DEBUG SystemBundleService  - Bundle FXGL: {}
14:19:28.392 [FXGL Background Thread 1 ] DEBUG UpdaterService       - Checking for updates
14:19:28.394 [FXGL Background Thread 4 ] DEBUG FXGLApplication      - Loading fonts
14:19:28.395 [FXGL Background Thread 4 ] DEBUG FXGLAssetLoaderServi - Loading from file system: jar:file:///C:/Users/box69/.m2/repository/com/github/almasb/fxgl/11.14/fxgl-11.14.jar!/fxglassets/ui/fonts/VarelaRound-Regular.ttf
14:19:28.395 [FXGL Background Thread 1 ] DEBUG FXGLApplication      - Loading default localization
14:19:28.396 [FXGL Background Thread 1 ] DEBUG FXGLAssetLoaderServi - Loading from file system: jar:file:///C:/Users/box69/.m2/repository/com/github/almasb/fxgl/11.14/fxgl-11.14.jar!/fxglassets/languages/english.lang
14:19:28.406 [FXGL Background Thread 1 ] INFO  FXGLApplication      - FXGL initialization took: 0.601 sec
14:19:28.417 [JavaFX Application Thread] DEBUG Input                - Registered new binding: Change Scene - Space
14:19:28.417 [JavaFX Application Thread] DEBUG Input                - Registered new binding: action0 - R
14:19:28.418 [JavaFX Application Thread] DEBUG Input                - Registered new binding: Deploy - RMB
14:19:28.418 [JavaFX Application Thread] DEBUG Input                - Registered new binding: Attack - LMB
14:19:28.418 [JavaFX Application Thread] DEBUG FXGLAssetLoaderServi - Loading from file system: file:/D:/battleShip/battleShip_FXGL/target/classes/assets/music/CrashedShip.mp3
14:19:28.584 [JavaFX Application Thread] DEBUG AudioPlayer          - Playing music com.almasb.fxgl.audio.Music@3acecc68
14:19:28.584 [JavaFX Application Thread] DEBUG FXGLAssetLoaderServi - Loading from file system: jar:file:///C:/Users/box69/.m2/repository/com/github/almasb/fxgl/11.14/fxgl-11.14.jar!/fxglassets/textures/fxgl_icon.png
14:19:28.598 [JavaFX Application Thread] DEBUG FXGLAssetLoaderServi - Loading from file system: jar:file:///C:/Users/box69/.m2/repository/com/github/almasb/fxgl/11.14/fxgl-11.14.jar!/fxglassets/ui/cursors/fxgl_default.png
14:19:28.600 [JavaFX Application Thread] DEBUG Input                - Registered new binding: Screenshot - P
14:19:28.600 [JavaFX Application Thread] DEBUG Input                - Registered new binding: System info dump - CTRL+9
14:19:28.600 [JavaFX Application Thread] DEBUG Input                - Registered new binding: Restart - CTRL+R
14:19:28.601 [JavaFX Application Thread] DEBUG Input                - Registered new binding: Toggle Debug Camera - CTRL+C
14:19:28.603 [JavaFX Application Thread] DEBUG LoopRunner           - Starting loop
14:19:28.603 [JavaFX Application Thread] DEBUG LoopRunner           - Initializing JavaFX AnimationTimerLoop
14:19:28.631 [JavaFX Application Thread] DEBUG Input                - Clearing active input actions
14:19:28.639 [JavaFX Application Thread] DEBUG GameApplicationServi - Removing overlay from FXGLStartupScene and adding to FXGLIntroScene
14:19:28.640 [JavaFX Application Thread] DEBUG PrimaryStageWindow   - FXGLStartupScene -> FXGLIntroScene
14:19:28.890 [FXGL Background Thread 4 ] DEBUG FXGLAssetLoaderServi - Loading from file system: jar:file:///C:/Users/box69/.m2/repository/com/github/almasb/fxgl/11.14/fxgl-11.14.jar!/fxglassets/ui/fonts/Abel-Regular.ttf
14:19:28.893 [FXGL Background Thread 4 ] DEBUG FXGLAssetLoaderServi - Loading from file system: jar:file:///C:/Users/box69/.m2/repository/com/github/almasb/fxgl/11.14/fxgl-11.14.jar!/fxglassets/ui/fonts/lucida_console.ttf
14:19:28.897 [FXGL Background Thread 4 ] DEBUG FXGLAssetLoaderServi - Loading from file system: jar:file:///C:/Users/box69/.m2/repository/com/github/almasb/fxgl/11.14/fxgl-11.14.jar!/fxglassets/ui/fonts/Courier-Prime.ttf
14:19:28.901 [JavaFX Application Thread] DEBUG FXGLApplication      - Registering font factories with UI factory
14:19:31.394 [FXGL Background Thread 3 ] DEBUG Engine               - Logging environment variables
14:19:31.394 [FXGL Background Thread 3 ] DEBUG Engine               - achievements: []
14:19:31.394 [FXGL Background Thread 3 ] DEBUG Engine               - actualHeight: 1080.0
14:19:31.395 [FXGL Background Thread 3 ] DEBUG Engine               - actualHeightProperty: ReadOnlyDoubleProperty [value: 1080.0]
14:19:31.395 [FXGL Background Thread 3 ] DEBUG Engine               - actualWidth: 1920.0
14:19:31.395 [FXGL Background Thread 3 ] DEBUG Engine               - actualWidthProperty: ReadOnlyDoubleProperty [value: 1920.0]
14:19:31.395 [FXGL Background Thread 3 ] DEBUG Engine               - appIcon: fxgl_icon.png
14:19:31.395 [FXGL Background Thread 3 ] DEBUG Engine               - applicationMode: DEVELOPER
14:19:31.395 [FXGL Background Thread 3 ] DEBUG Engine               - cSSList: [fxgl_dark.css]
14:19:31.395 [FXGL Background Thread 3 ] DEBUG Engine               - collisionDetectionStrategy: BRUTE_FORCE
14:19:31.395 [FXGL Background Thread 3 ] DEBUG Engine               - configClass: Optional.empty
14:19:31.395 [FXGL Background Thread 3 ] DEBUG Engine               - credits: []
14:19:31.395 [FXGL Background Thread 3 ] DEBUG Engine               - devBBoxColorProperty: ObjectProperty [value: 0xff0000ff]
14:19:31.396 [FXGL Background Thread 3 ] DEBUG Engine               - devEnableDebugCameraProperty: BooleanProperty [value: false]
14:19:31.396 [FXGL Background Thread 3 ] DEBUG Engine               - devSensorColorProperty: ObjectProperty [value: 0xffff00ff]
14:19:31.396 [FXGL Background Thread 3 ] DEBUG Engine               - devShowBBoxProperty: BooleanProperty [value: false]
14:19:31.396 [FXGL Background Thread 3 ] DEBUG Engine               - devShowPositionProperty: BooleanProperty [value: false]
14:19:31.396 [FXGL Background Thread 3 ] DEBUG Engine               - enabledMenuItems: []
14:19:31.396 [FXGL Background Thread 3 ] DEBUG Engine               - engineServices: [class com.almasb.fxgl.app.services.FXGLAssetLoaderService, class com.almasb.fxgl.app.FXGLApplication$GameApplicationService, class com.almasb.fxgl.app.services.FXGLDialogService, class com.almasb.fxgl.app.services.IOTaskExecutorService, class com.almasb.fxgl.event.EventBusService, class com.almasb.fxgl.io.FileSystemService, class com.almasb.fxgl.localization.LocalizationService, class com.almasb.fxgl.app.services.SystemBundleService, class com.almasb.fxgl.profile.SaveLoadService, class com.almasb.fxgl.ui.FXGLUIFactoryServiceProvider, class com.almasb.fxgl.ui.FXGLDialogFactoryServiceProvider, class com.almasb.fxgl.audio.AudioPlayer, class com.almasb.fxgl.notification.impl.NotificationServiceProvider, class com.almasb.fxgl.achievement.AchievementService, class com.almasb.fxgl.cutscene.CutsceneService, class com.almasb.fxgl.minigames.MiniGameService, class com.almasb.fxgl.net.NetService, class com.almasb.fxgl.app.services.UpdaterService, class com.almasb.fxgl.dev.DevService]
14:19:31.396 [FXGL Background Thread 3 ] DEBUG Engine               - fontGame: Abel-Regular.ttf
14:19:31.396 [FXGL Background Thread 3 ] DEBUG Engine               - fontMono: lucida_console.ttf
14:19:31.396 [FXGL Background Thread 3 ] DEBUG Engine               - fontText: Courier-Prime.ttf
14:19:31.396 [FXGL Background Thread 3 ] DEBUG Engine               - fontUI: VarelaRound-Regular.ttf
14:19:31.396 [FXGL Background Thread 3 ] DEBUG Engine               - fullScreen: BooleanProperty [value: true]
14:19:31.396 [FXGL Background Thread 3 ] DEBUG Engine               - gameDifficulty: MEDIUM
14:19:31.396 [FXGL Background Thread 3 ] DEBUG Engine               - gameDifficultyProperty: ObjectProperty [value: MEDIUM]
14:19:31.397 [FXGL Background Thread 3 ] DEBUG Engine               - globalMusicVolume: 0.5
14:19:31.397 [FXGL Background Thread 3 ] DEBUG Engine               - globalMusicVolumeProperty: DoubleProperty [value: 0.2]
14:19:31.397 [FXGL Background Thread 3 ] DEBUG Engine               - globalSoundVolume: 0.5
14:19:31.397 [FXGL Background Thread 3 ] DEBUG Engine               - globalSoundVolumeProperty: DoubleProperty [value: 0.4]
14:19:31.397 [FXGL Background Thread 3 ] DEBUG Engine               - height: 1080
14:19:31.397 [FXGL Background Thread 3 ] DEBUG Engine               - isAndroid: false
14:19:31.397 [FXGL Background Thread 3 ] DEBUG Engine               - isBrowser: false
14:19:31.397 [FXGL Background Thread 3 ] DEBUG Engine               - isClickFeedbackEnabled: false
14:19:31.397 [FXGL Background Thread 3 ] DEBUG Engine               - isCloseConfirmation: false
14:19:31.397 [FXGL Background Thread 3 ] DEBUG Engine               - isDesktop: true
14:19:31.397 [FXGL Background Thread 3 ] DEBUG Engine               - isDeveloperMenuEnabled: false
14:19:31.397 [FXGL Background Thread 3 ] DEBUG Engine               - isEntityPreloadEnabled: true
14:19:31.398 [FXGL Background Thread 3 ] DEBUG Engine               - isExperimental3D: false
14:19:31.398 [FXGL Background Thread 3 ] DEBUG Engine               - isExperimentalNative: false
14:19:31.398 [FXGL Background Thread 3 ] DEBUG Engine               - isExperimentalTiledLargeMap: false
14:19:31.398 [FXGL Background Thread 3 ] DEBUG Engine               - isFileSystemWriteAllowed: true
14:19:31.398 [FXGL Background Thread 3 ] DEBUG Engine               - isFullScreenAllowed: true
14:19:31.398 [FXGL Background Thread 3 ] DEBUG Engine               - isFullScreenFromStart: true
14:19:31.398 [FXGL Background Thread 3 ] DEBUG Engine               - isGameMenuEnabled: true
14:19:31.398 [FXGL Background Thread 3 ] DEBUG Engine               - isIOS: false
14:19:31.398 [FXGL Background Thread 3 ] DEBUG Engine               - isIntroEnabled: true
14:19:31.398 [FXGL Background Thread 3 ] DEBUG Engine               - isLinux: false
14:19:31.398 [FXGL Background Thread 3 ] DEBUG Engine               - isMac: false
14:19:31.398 [FXGL Background Thread 3 ] DEBUG Engine               - isMainMenuEnabled: true
14:19:31.399 [FXGL Background Thread 3 ] DEBUG Engine               - isManualResizeEnabled: false
14:19:31.399 [FXGL Background Thread 3 ] DEBUG Engine               - isMobile: false
14:19:31.399 [FXGL Background Thread 3 ] DEBUG Engine               - isPreserveResizeRatio: false
14:19:31.399 [FXGL Background Thread 3 ] DEBUG Engine               - isProfilingEnabled: false
14:19:31.399 [FXGL Background Thread 3 ] DEBUG Engine               - isScaleAffectedOnResize: true
14:19:31.399 [FXGL Background Thread 3 ] DEBUG Engine               - isSingleStep: false
14:19:31.399 [FXGL Background Thread 3 ] DEBUG Engine               - isUserProfileEnabled: false
14:19:31.399 [FXGL Background Thread 3 ] DEBUG Engine               - isWindows: true
14:19:31.399 [FXGL Background Thread 3 ] DEBUG Engine               - language: ObjectProperty [value: ENGLISH]
14:19:31.399 [FXGL Background Thread 3 ] DEBUG Engine               - menuKey: ESCAPE
14:19:31.399 [FXGL Background Thread 3 ] DEBUG Engine               - notificationViewClass: class com.almasb.fxgl.notification.view.XboxNotificationView
14:19:31.399 [FXGL Background Thread 3 ] DEBUG Engine               - pixelsPerMeter: 50.0
14:19:31.399 [FXGL Background Thread 3 ] DEBUG Engine               - platform: WINDOWS
14:19:31.400 [FXGL Background Thread 3 ] DEBUG Engine               - prefHeightProperty: ReadOnlyDoubleProperty [value: 1080.0]
14:19:31.400 [FXGL Background Thread 3 ] DEBUG Engine               - prefWidthProperty: ReadOnlyDoubleProperty [value: 1920.0]
14:19:31.400 [FXGL Background Thread 3 ] DEBUG Engine               - profileDir: profiles/
14:19:31.400 [FXGL Background Thread 3 ] DEBUG Engine               - profileName: StringProperty [value: DEFAULT]
14:19:31.400 [FXGL Background Thread 3 ] DEBUG Engine               - randomSeed: -1
14:19:31.400 [FXGL Background Thread 3 ] DEBUG Engine               - runtimeInfo: RuntimeInfo(platform=WINDOWS, version=11.14, build=01.03.2021 16.59)
14:19:31.400 [FXGL Background Thread 3 ] DEBUG Engine               - saveFileExt: sav
14:19:31.400 [FXGL Background Thread 3 ] DEBUG Engine               - scaledHeightProp$fxgl: DoubleProperty [bound, value: 1080.0]
14:19:31.400 [FXGL Background Thread 3 ] DEBUG Engine               - scaledWidthProp$fxgl: DoubleProperty [bound, value: 1920.0]
14:19:31.400 [FXGL Background Thread 3 ] DEBUG Engine               - sceneFactory: fi.utu.tech.gui.javafx.fxgl.BattleShipApp$1@721356d
14:19:31.400 [FXGL Background Thread 3 ] DEBUG Engine               - secondsIn24h: 60
14:19:31.400 [FXGL Background Thread 3 ] DEBUG Engine               - soundMenuBack: menu/back.wav
14:19:31.401 [FXGL Background Thread 3 ] DEBUG Engine               - soundMenuPress: menu/press.wav
14:19:31.401 [FXGL Background Thread 3 ] DEBUG Engine               - soundMenuSelect: menu/select.wav
14:19:31.401 [FXGL Background Thread 3 ] DEBUG Engine               - soundNotification: core/notification.wav
14:19:31.401 [FXGL Background Thread 3 ] DEBUG Engine               - stageStyle: DECORATED
14:19:31.401 [FXGL Background Thread 3 ] DEBUG Engine               - supportedLanguages: [ENGLISH, FRENCH, GERMAN, HUNGARIAN, RUSSIAN]
14:19:31.401 [FXGL Background Thread 3 ] DEBUG Engine               - ticksPerSecond: -1
14:19:31.401 [FXGL Background Thread 3 ] DEBUG Engine               - title: BattleShip_FXGL
14:19:31.401 [FXGL Background Thread 3 ] DEBUG Engine               - urlGithub: https://github.com/AlmasB/FXGL
14:19:31.401 [FXGL Background Thread 3 ] DEBUG Engine               - urlLeaderboard: http://fxgl-top.herokuapp.com/
14:19:31.401 [FXGL Background Thread 3 ] DEBUG Engine               - urlPOM: https://raw.githubusercontent.com/AlmasB/FXGL/release/README.md
14:19:31.401 [FXGL Background Thread 3 ] DEBUG Engine               - userAppClass: class fi.utu.tech.gui.javafx.fxgl.BattleShipApp
14:19:31.401 [FXGL Background Thread 3 ] DEBUG Engine               - version: 0.1
14:19:31.401 [FXGL Background Thread 3 ] DEBUG Engine               - versionCheckDays: 7
14:19:31.401 [FXGL Background Thread 3 ] DEBUG Engine               - width: 1920
14:19:31.401 [FXGL Background Thread 3 ] DEBUG Engine               - Logging services
14:19:31.402 [FXGL Background Thread 3 ] DEBUG Engine               - class com.almasb.fxgl.app.services.FXGLAssetLoaderService
14:19:31.402 [FXGL Background Thread 3 ] DEBUG Engine               - class com.almasb.fxgl.app.FXGLApplication$GameApplicationService
14:19:31.402 [FXGL Background Thread 3 ] DEBUG Engine               - class com.almasb.fxgl.app.services.FXGLDialogService
14:19:31.402 [FXGL Background Thread 3 ] DEBUG Engine               - class com.almasb.fxgl.app.services.IOTaskExecutorService
14:19:31.402 [FXGL Background Thread 3 ] DEBUG Engine               - class com.almasb.fxgl.event.EventBusService
14:19:31.402 [FXGL Background Thread 3 ] DEBUG Engine               - class com.almasb.fxgl.io.FileSystemService
14:19:31.402 [FXGL Background Thread 3 ] DEBUG Engine               - class com.almasb.fxgl.localization.LocalizationService
14:19:31.402 [FXGL Background Thread 3 ] DEBUG Engine               - class com.almasb.fxgl.app.services.SystemBundleService
14:19:31.402 [FXGL Background Thread 3 ] DEBUG Engine               - class com.almasb.fxgl.profile.SaveLoadService
14:19:31.402 [FXGL Background Thread 3 ] DEBUG Engine               - class com.almasb.fxgl.ui.FXGLUIFactoryServiceProvider
14:19:31.402 [FXGL Background Thread 3 ] DEBUG Engine               - class com.almasb.fxgl.ui.FXGLDialogFactoryServiceProvider
14:19:31.402 [FXGL Background Thread 3 ] DEBUG Engine               - class com.almasb.fxgl.audio.AudioPlayer
14:19:31.402 [FXGL Background Thread 3 ] DEBUG Engine               - class com.almasb.fxgl.notification.impl.NotificationServiceProvider
14:19:31.402 [FXGL Background Thread 3 ] DEBUG Engine               - class com.almasb.fxgl.achievement.AchievementService
14:19:31.402 [FXGL Background Thread 3 ] DEBUG Engine               - class com.almasb.fxgl.cutscene.CutsceneService
14:19:31.402 [FXGL Background Thread 3 ] DEBUG Engine               - class com.almasb.fxgl.minigames.MiniGameService
14:19:31.403 [FXGL Background Thread 3 ] DEBUG Engine               - class com.almasb.fxgl.net.NetService
14:19:31.403 [FXGL Background Thread 3 ] DEBUG Engine               - class com.almasb.fxgl.app.services.UpdaterService
14:19:31.403 [FXGL Background Thread 3 ] DEBUG Engine               - class com.almasb.fxgl.dev.DevService
14:19:33.840 [JavaFX Application Thread] DEBUG Input                - Clearing active input actions
14:19:33.845 [JavaFX Application Thread] DEBUG GameApplicationServi - Removing overlay from FXGLIntroScene and adding to FXGLMainMenuDummyScene
14:19:33.846 [JavaFX Application Thread] DEBUG PrimaryStageWindow   - FXGLIntroScene -> FXGLMainMenuDummyScene
14:19:33.846 [JavaFX Application Thread] DEBUG PrimaryStageWindow   - Push state: BattleShipMainMenu
14:19:33.846 [JavaFX Application Thread] DEBUG Input                - Clearing active input actions
14:19:33.848 [JavaFX Application Thread] DEBUG GameApplicationServi - Removing overlay from FXGLMainMenuDummyScene and adding to BattleShipMainMenu
14:19:33.848 [JavaFX Application Thread] DEBUG PrimaryStageWindow   - FXGLMainMenuDummyScene -> BattleShipMainMenu
14:19:35.698 [JavaFX Application Thread] DEBUG PrimaryStageWindow   - Push state: DialogSubScene
14:19:35.698 [JavaFX Application Thread] DEBUG Input                - Clearing active input actions
14:19:35.702 [JavaFX Application Thread] DEBUG GameApplicationServi - Removing overlay from BattleShipMainMenu and adding to DialogSubScene
14:19:35.702 [JavaFX Application Thread] DEBUG PrimaryStageWindow   - BattleShipMainMenu -> DialogSubScene
14:19:45.330 [JavaFX Application Thread] DEBUG PrimaryStageWindow   - Pop state: DialogSubScene
14:19:45.331 [JavaFX Application Thread] DEBUG Input                - Clearing active input actions
14:19:45.331 [JavaFX Application Thread] DEBUG GameApplicationServi - Removing overlay from DialogSubScene and adding to BattleShipMainMenu
14:19:45.331 [JavaFX Application Thread] DEBUG PrimaryStageWindow   - BattleShipMainMenu <- DialogSubScene
14:19:46.008 [JavaFX Application Thread] DEBUG Menu                 - fireNewGame()
14:19:46.008 [JavaFX Application Thread] DEBUG GameApplicationServi - Starting new game
14:19:46.008 [JavaFX Application Thread] DEBUG PrimaryStageWindow   - Pop state: BattleShipMainMenu
14:19:46.008 [JavaFX Application Thread] DEBUG Input                - Clearing active input actions
14:19:46.008 [JavaFX Application Thread] DEBUG GameApplicationServi - Removing overlay from BattleShipMainMenu and adding to FXGLMainMenuDummyScene
14:19:46.009 [JavaFX Application Thread] DEBUG PrimaryStageWindow   - FXGLMainMenuDummyScene <- BattleShipMainMenu
14:19:46.009 [JavaFX Application Thread] DEBUG Input                - Clearing active input actions
14:19:46.013 [JavaFX Application Thread] DEBUG GameApplicationServi - Removing overlay from FXGLMainMenuDummyScene and adding to FXGLLoadingScene
14:19:46.013 [JavaFX Application Thread] DEBUG PrimaryStageWindow   - FXGLMainMenuDummyScene -> FXGLLoadingScene
14:19:46.013 [JavaFX Application Thread] DEBUG GameApplicationServi - Clearing previous game
14:19:46.013 [JavaFX Application Thread] DEBUG GameScene            - Clearing game scene
14:19:46.013 [JavaFX Application Thread] DEBUG GameWorld            - Clearing game world
14:19:46.013 [JavaFX Application Thread] DEBUG PhysicsWorld         - Clearing physics world
14:19:46.014 [FXGL Background Thread 2 ] DEBUG FXGLApplication      - Initializing game
14:19:46.020 [FXGL Background Thread 2 ] DEBUG FXGLAssetLoaderServi - Loading from file system: file:/D:/battleShip/battleShip_FXGL/target/classes/assets/textures/bg.jpg
14:19:46.050 [FXGL Background Thread 2 ] DEBUG FXGLAssetLoaderServi - Loading from file system: file:/D:/battleShip/battleShip_FXGL/target/classes/assets/textures/ShipContainer.png
14:19:46.053 [FXGL Background Thread 2 ] DEBUG FXGLAssetLoaderServi - Loading from file system: file:/D:/battleShip/battleShip_FXGL/target/classes/assets/textures/ships/ship_b_5_h.png
14:19:46.067 [FXGL Background Thread 2 ] DEBUG FXGLAssetLoaderServi - Loading from file system: file:/D:/battleShip/battleShip_FXGL/target/classes/assets/textures/ships/ship_r_5_h.png
14:19:46.070 [FXGL Background Thread 2 ] DEBUG FXGLAssetLoaderServi - Loading from file system: file:/D:/battleShip/battleShip_FXGL/target/classes/assets/textures/ships/ship_b_4_h.png
14:19:46.072 [FXGL Background Thread 2 ] DEBUG FXGLAssetLoaderServi - Loading from file system: file:/D:/battleShip/battleShip_FXGL/target/classes/assets/textures/ships/ship_r_4_h.png
14:19:46.075 [FXGL Background Thread 2 ] DEBUG FXGLAssetLoaderServi - Loading from file system: file:/D:/battleShip/battleShip_FXGL/target/classes/assets/textures/ships/ship_b_3_2_h.png
14:19:46.077 [FXGL Background Thread 2 ] DEBUG FXGLAssetLoaderServi - Loading from file system: file:/D:/battleShip/battleShip_FXGL/target/classes/assets/textures/ships/ship_r_3_2_h.png
14:19:46.079 [FXGL Background Thread 2 ] DEBUG FXGLAssetLoaderServi - Loading from file system: file:/D:/battleShip/battleShip_FXGL/target/classes/assets/textures/ships/ship_b_3_1_h.png
14:19:46.082 [FXGL Background Thread 2 ] DEBUG FXGLAssetLoaderServi - Loading from file system: file:/D:/battleShip/battleShip_FXGL/target/classes/assets/textures/ships/ship_r_3_1_h.png
14:19:46.084 [FXGL Background Thread 2 ] DEBUG FXGLAssetLoaderServi - Loading from file system: file:/D:/battleShip/battleShip_FXGL/target/classes/assets/textures/ships/ship_b_2_h.png
14:19:46.086 [FXGL Background Thread 2 ] DEBUG FXGLAssetLoaderServi - Loading from file system: file:/D:/battleShip/battleShip_FXGL/target/classes/assets/textures/ships/ship_r_2_h.png
14:19:46.088 [FXGL Background Thread 2 ] DEBUG FXGLAssetLoaderServi - Loading from file system: file:/D:/battleShip/battleShip_FXGL/target/classes/assets/textures/Tile.png
14:19:46.113 [FXGL Background Thread 2 ] INFO  FXGLApplication      - Game initialization took: 0.099 sec
14:19:46.117 [JavaFX Application Thread] DEBUG Input                - Clearing active input actions
14:19:46.122 [JavaFX Application Thread] DEBUG GameApplicationServi - Removing overlay from FXGLLoadingScene and adding to GameScene
14:19:46.122 [JavaFX Application Thread] DEBUG PrimaryStageWindow   - FXGLLoadingScene -> GameScene
14:19:46.133 [JavaFX Application Thread] DEBUG FXGLAssetLoaderServi - Loading from file system: file:/D:/battleShip/battleShip_FXGL/target/classes/assets/textures/bg2.jpg
14:19:46.159 [JavaFX Application Thread] DEBUG PrimaryStageWindow   - Push state: DialogSubScene
14:19:46.159 [JavaFX Application Thread] DEBUG Input                - Clearing active input actions
14:19:46.159 [JavaFX Application Thread] DEBUG GameApplicationServi - Removing overlay from GameScene and adding to DialogSubScene
14:19:46.159 [JavaFX Application Thread] DEBUG PrimaryStageWindow   - GameScene -> DialogSubScene
14:19:48.007 [JavaFX Application Thread] DEBUG PrimaryStageWindow   - Pop state: DialogSubScene
14:19:48.007 [JavaFX Application Thread] DEBUG Input                - Clearing active input actions
14:19:48.007 [JavaFX Application Thread] DEBUG GameApplicationServi - Removing overlay from DialogSubScene and adding to GameScene
14:19:48.008 [JavaFX Application Thread] DEBUG PrimaryStageWindow   - GameScene <- DialogSubScene
14:19:48.008 [JavaFX Application Thread] DEBUG PrimaryStageWindow   - Push state: BluePlayerDeployScene
14:19:48.008 [JavaFX Application Thread] DEBUG Input                - Clearing active input actions
14:19:48.008 [JavaFX Application Thread] DEBUG GameApplicationServi - Removing overlay from GameScene and adding to BluePlayerDeployScene
14:19:48.008 [JavaFX Application Thread] DEBUG PrimaryStageWindow   - GameScene -> BluePlayerDeployScene
14:19:48.008 [JavaFX Application Thread] DEBUG PrimaryStageWindow   - Pop state: BluePlayerDeployScene
14:19:48.008 [JavaFX Application Thread] DEBUG Input                - Clearing active input actions
14:19:48.008 [JavaFX Application Thread] DEBUG GameApplicationServi - Removing overlay from BluePlayerDeployScene and adding to GameScene
14:19:48.008 [JavaFX Application Thread] DEBUG PrimaryStageWindow   - GameScene <- BluePlayerDeployScene
14:19:57.463 [JavaFX Application Thread] DEBUG PrimaryStageWindow   - Push state: DialogSubScene
14:19:57.463 [JavaFX Application Thread] DEBUG Input                - Clearing active input actions
14:19:57.463 [JavaFX Application Thread] DEBUG GameApplicationServi - Removing overlay from GameScene and adding to DialogSubScene
14:19:57.463 [JavaFX Application Thread] DEBUG PrimaryStageWindow   - GameScene -> DialogSubScene
14:19:57.943 [JavaFX Application Thread] DEBUG PrimaryStageWindow   - Pop state: DialogSubScene
14:19:57.943 [JavaFX Application Thread] DEBUG Input                - Clearing active input actions
14:19:57.943 [JavaFX Application Thread] DEBUG GameApplicationServi - Removing overlay from DialogSubScene and adding to GameScene
14:19:57.943 [JavaFX Application Thread] DEBUG PrimaryStageWindow   - GameScene <- DialogSubScene
14:19:57.943 [JavaFX Application Thread] DEBUG PrimaryStageWindow   - Push state: RedPlayerDeployScene
14:19:57.944 [JavaFX Application Thread] DEBUG Input                - Clearing active input actions
14:19:57.944 [JavaFX Application Thread] DEBUG GameApplicationServi - Removing overlay from GameScene and adding to RedPlayerDeployScene
14:19:57.944 [JavaFX Application Thread] DEBUG PrimaryStageWindow   - GameScene -> RedPlayerDeployScene
14:19:57.944 [JavaFX Application Thread] DEBUG PrimaryStageWindow   - Pop state: RedPlayerDeployScene
14:19:57.944 [JavaFX Application Thread] DEBUG Input                - Clearing active input actions
14:19:57.944 [JavaFX Application Thread] DEBUG GameApplicationServi - Removing overlay from RedPlayerDeployScene and adding to GameScene
14:19:57.944 [JavaFX Application Thread] DEBUG PrimaryStageWindow   - GameScene <- RedPlayerDeployScene
14:20:06.630 [JavaFX Application Thread] DEBUG PrimaryStageWindow   - Push state: DialogSubScene
14:20:06.631 [JavaFX Application Thread] DEBUG Input                - Clearing active input actions
14:20:06.631 [JavaFX Application Thread] DEBUG GameApplicationServi - Removing overlay from GameScene and adding to DialogSubScene
14:20:06.631 [JavaFX Application Thread] DEBUG PrimaryStageWindow   - GameScene -> DialogSubScene
14:20:07.148 [JavaFX Application Thread] DEBUG PrimaryStageWindow   - Pop state: DialogSubScene
14:20:07.148 [JavaFX Application Thread] DEBUG Input                - Clearing active input actions
14:20:07.148 [JavaFX Application Thread] DEBUG GameApplicationServi - Removing overlay from DialogSubScene and adding to GameScene
14:20:07.149 [JavaFX Application Thread] DEBUG PrimaryStageWindow   - GameScene <- DialogSubScene
14:20:07.149 [JavaFX Application Thread] DEBUG PrimaryStageWindow   - Push state: RedPlayerScene
14:20:07.152 [JavaFX Application Thread] DEBUG Input                - Clearing active input actions
14:20:07.152 [JavaFX Application Thread] DEBUG GameApplicationServi - Removing overlay from GameScene and adding to RedPlayerScene
14:20:07.152 [JavaFX Application Thread] DEBUG PrimaryStageWindow   - GameScene -> RedPlayerScene
14:20:07.152 [JavaFX Application Thread] DEBUG PrimaryStageWindow   - Pop state: RedPlayerScene
14:20:07.152 [JavaFX Application Thread] DEBUG Input                - Clearing active input actions
14:20:07.152 [JavaFX Application Thread] DEBUG GameApplicationServi - Removing overlay from RedPlayerScene and adding to GameScene
14:20:07.152 [JavaFX Application Thread] DEBUG PrimaryStageWindow   - GameScene <- RedPlayerScene
14:20:07.809 [JavaFX Application Thread] DEBUG FXGLAssetLoaderServi - Loading from file system: file:/D:/battleShip/battleShip_FXGL/target/classes/assets/sounds/shot.wav
14:20:07.814 [JavaFX Application Thread] DEBUG FXGLAssetLoaderServi - Loading from file system: file:/D:/battleShip/battleShip_FXGL/target/classes/assets/textures/Player1.png
14:20:07.897 [JavaFX Application Thread] DEBUG FXGLAssetLoaderServi - Loading from file system: file:/D:/battleShip/battleShip_FXGL/target/classes/assets/textures/Player1Hit.png
14:20:07.897 [JavaFX Application Thread] DEBUG FXGLAssetLoaderServi - Loading from file system: file:/D:/battleShip/battleShip_FXGL/target/classes/assets/textures/sprites/explosion.png
14:20:07.904 [JavaFX Application Thread] DEBUG FXGLAssetLoaderServi - Loading from file system: file:/D:/battleShip/battleShip_FXGL/target/classes/assets/sounds/hit.wav
14:20:12.328 [JavaFX Application Thread] DEBUG FXGLAssetLoaderServi - Loading from file system: file:/D:/battleShip/battleShip_FXGL/target/classes/assets/sounds/explosion.wav
14:20:12.331 [JavaFX Application Thread] DEBUG PrimaryStageWindow   - Push state: DialogSubScene
14:20:12.331 [JavaFX Application Thread] DEBUG Input                - Clearing active input actions
14:20:12.331 [JavaFX Application Thread] DEBUG GameApplicationServi - Removing overlay from GameScene and adding to DialogSubScene
14:20:12.331 [JavaFX Application Thread] DEBUG PrimaryStageWindow   - GameScene -> DialogSubScene
14:20:13.455 [JavaFX Application Thread] DEBUG PrimaryStageWindow   - Pop state: DialogSubScene
14:20:13.455 [JavaFX Application Thread] DEBUG Input                - Clearing active input actions
14:20:13.455 [JavaFX Application Thread] DEBUG GameApplicationServi - Removing overlay from DialogSubScene and adding to GameScene
14:20:13.455 [JavaFX Application Thread] DEBUG PrimaryStageWindow   - GameScene <- DialogSubScene
14:20:17.060 [JavaFX Application Thread] DEBUG PrimaryStageWindow   - Push state: DialogSubScene
14:20:17.060 [JavaFX Application Thread] DEBUG Input                - Clearing active input actions
14:20:17.061 [JavaFX Application Thread] DEBUG GameApplicationServi - Removing overlay from GameScene and adding to DialogSubScene
14:20:17.061 [JavaFX Application Thread] DEBUG PrimaryStageWindow   - GameScene -> DialogSubScene
14:20:18.111 [JavaFX Application Thread] DEBUG PrimaryStageWindow   - Pop state: DialogSubScene
14:20:18.111 [JavaFX Application Thread] DEBUG Input                - Clearing active input actions
14:20:18.111 [JavaFX Application Thread] DEBUG GameApplicationServi - Removing overlay from DialogSubScene and adding to GameScene
14:20:18.112 [JavaFX Application Thread] DEBUG PrimaryStageWindow   - GameScene <- DialogSubScene
14:20:20.596 [JavaFX Application Thread] DEBUG PrimaryStageWindow   - Push state: DialogSubScene
14:20:20.596 [JavaFX Application Thread] DEBUG Input                - Clearing active input actions
14:20:20.596 [JavaFX Application Thread] DEBUG GameApplicationServi - Removing overlay from GameScene and adding to DialogSubScene
14:20:20.596 [JavaFX Application Thread] DEBUG PrimaryStageWindow   - GameScene -> DialogSubScene
14:20:21.600 [JavaFX Application Thread] DEBUG PrimaryStageWindow   - Pop state: DialogSubScene
14:20:21.600 [JavaFX Application Thread] DEBUG Input                - Clearing active input actions
14:20:21.600 [JavaFX Application Thread] DEBUG GameApplicationServi - Removing overlay from DialogSubScene and adding to GameScene
14:20:21.600 [JavaFX Application Thread] DEBUG PrimaryStageWindow   - GameScene <- DialogSubScene
14:20:22.736 [JavaFX Application Thread] DEBUG PrimaryStageWindow   - Push state: DialogSubScene
14:20:22.737 [JavaFX Application Thread] DEBUG Input                - Clearing active input actions
14:20:22.737 [JavaFX Application Thread] DEBUG GameApplicationServi - Removing overlay from GameScene and adding to DialogSubScene
14:20:22.737 [JavaFX Application Thread] DEBUG PrimaryStageWindow   - GameScene -> DialogSubScene
14:20:24.094 [JavaFX Application Thread] DEBUG PrimaryStageWindow   - Pop state: DialogSubScene
14:20:24.094 [JavaFX Application Thread] DEBUG Input                - Clearing active input actions
14:20:24.094 [JavaFX Application Thread] DEBUG GameApplicationServi - Removing overlay from DialogSubScene and adding to GameScene
14:20:24.094 [JavaFX Application Thread] DEBUG PrimaryStageWindow   - GameScene <- DialogSubScene
14:20:24.094 [JavaFX Application Thread] DEBUG PrimaryStageWindow   - Push state: BluePlayerScene
14:20:24.095 [JavaFX Application Thread] DEBUG Input                - Clearing active input actions
14:20:24.096 [JavaFX Application Thread] DEBUG GameApplicationServi - Removing overlay from GameScene and adding to BluePlayerScene
14:20:24.096 [JavaFX Application Thread] DEBUG PrimaryStageWindow   - GameScene -> BluePlayerScene
14:20:24.096 [JavaFX Application Thread] DEBUG PrimaryStageWindow   - Pop state: BluePlayerScene
14:20:24.096 [JavaFX Application Thread] DEBUG Input                - Clearing active input actions
14:20:24.096 [JavaFX Application Thread] DEBUG GameApplicationServi - Removing overlay from BluePlayerScene and adding to GameScene
14:20:24.096 [JavaFX Application Thread] DEBUG PrimaryStageWindow   - GameScene <- BluePlayerScene
14:20:31.151 [JavaFX Application Thread] DEBUG PrimaryStageWindow   - Push state: DialogSubScene
14:20:31.151 [JavaFX Application Thread] DEBUG Input                - Clearing active input actions
14:20:31.151 [JavaFX Application Thread] DEBUG GameApplicationServi - Removing overlay from GameScene and adding to DialogSubScene
14:20:31.151 [JavaFX Application Thread] DEBUG PrimaryStageWindow   - GameScene -> DialogSubScene
14:20:32.056 [JavaFX Application Thread] DEBUG PrimaryStageWindow   - Pop state: DialogSubScene
14:20:32.056 [JavaFX Application Thread] DEBUG Input                - Clearing active input actions
14:20:32.056 [JavaFX Application Thread] DEBUG GameApplicationServi - Removing overlay from DialogSubScene and adding to GameScene
14:20:32.056 [JavaFX Application Thread] DEBUG PrimaryStageWindow   - GameScene <- DialogSubScene
14:20:32.888 [JavaFX Application Thread] DEBUG PrimaryStageWindow   - Push state: DialogSubScene
14:20:32.888 [JavaFX Application Thread] DEBUG Input                - Clearing active input actions
14:20:32.888 [JavaFX Application Thread] DEBUG GameApplicationServi - Removing overlay from GameScene and adding to DialogSubScene
14:20:32.888 [JavaFX Application Thread] DEBUG PrimaryStageWindow   - GameScene -> DialogSubScene
14:20:34.049 [JavaFX Application Thread] DEBUG PrimaryStageWindow   - Pop state: DialogSubScene
14:20:34.049 [JavaFX Application Thread] DEBUG Input                - Clearing active input actions
14:20:34.049 [JavaFX Application Thread] DEBUG GameApplicationServi - Removing overlay from DialogSubScene and adding to GameScene
14:20:34.049 [JavaFX Application Thread] DEBUG PrimaryStageWindow   - GameScene <- DialogSubScene
14:20:34.656 [JavaFX Application Thread] DEBUG PrimaryStageWindow   - Push state: DialogSubScene
14:20:34.656 [JavaFX Application Thread] DEBUG Input                - Clearing active input actions
14:20:34.656 [JavaFX Application Thread] DEBUG GameApplicationServi - Removing overlay from GameScene and adding to DialogSubScene
14:20:34.656 [JavaFX Application Thread] DEBUG PrimaryStageWindow   - GameScene -> DialogSubScene
14:20:35.600 [JavaFX Application Thread] DEBUG PrimaryStageWindow   - Pop state: DialogSubScene
14:20:35.600 [JavaFX Application Thread] DEBUG Input                - Clearing active input actions
14:20:35.600 [JavaFX Application Thread] DEBUG GameApplicationServi - Removing overlay from DialogSubScene and adding to GameScene
14:20:35.600 [JavaFX Application Thread] DEBUG PrimaryStageWindow   - GameScene <- DialogSubScene
14:20:35.600 [JavaFX Application Thread] DEBUG PrimaryStageWindow   - Push state: RedPlayerScene
14:20:35.601 [JavaFX Application Thread] DEBUG Input                - Clearing active input actions
14:20:35.601 [JavaFX Application Thread] DEBUG GameApplicationServi - Removing overlay from GameScene and adding to RedPlayerScene
14:20:35.601 [JavaFX Application Thread] DEBUG PrimaryStageWindow   - GameScene -> RedPlayerScene
14:20:35.601 [JavaFX Application Thread] DEBUG PrimaryStageWindow   - Pop state: RedPlayerScene
14:20:35.601 [JavaFX Application Thread] DEBUG Input                - Clearing active input actions
14:20:35.601 [JavaFX Application Thread] DEBUG GameApplicationServi - Removing overlay from RedPlayerScene and adding to GameScene
14:20:35.601 [JavaFX Application Thread] DEBUG PrimaryStageWindow   - GameScene <- RedPlayerScene
14:20:38.341 [JavaFX Application Thread] DEBUG PrimaryStageWindow   - Push state: DialogSubScene
14:20:38.341 [JavaFX Application Thread] DEBUG Input                - Clearing active input actions
14:20:38.341 [JavaFX Application Thread] DEBUG GameApplicationServi - Removing overlay from GameScene and adding to DialogSubScene
14:20:38.341 [JavaFX Application Thread] DEBUG PrimaryStageWindow   - GameScene -> DialogSubScene
14:20:39.231 [JavaFX Application Thread] DEBUG PrimaryStageWindow   - Pop state: DialogSubScene
14:20:39.231 [JavaFX Application Thread] DEBUG Input                - Clearing active input actions
14:20:39.231 [JavaFX Application Thread] DEBUG GameApplicationServi - Removing overlay from DialogSubScene and adding to GameScene
14:20:39.231 [JavaFX Application Thread] DEBUG PrimaryStageWindow   - GameScene <- DialogSubScene
14:20:41.920 [JavaFX Application Thread] DEBUG PrimaryStageWindow   - Push state: DialogSubScene
14:20:41.921 [JavaFX Application Thread] DEBUG Input                - Clearing active input actions
14:20:41.921 [JavaFX Application Thread] DEBUG GameApplicationServi - Removing overlay from GameScene and adding to DialogSubScene
14:20:41.921 [JavaFX Application Thread] DEBUG PrimaryStageWindow   - GameScene -> DialogSubScene
14:20:43.031 [JavaFX Application Thread] DEBUG PrimaryStageWindow   - Pop state: DialogSubScene
14:20:43.031 [JavaFX Application Thread] DEBUG Input                - Clearing active input actions
14:20:43.031 [JavaFX Application Thread] DEBUG GameApplicationServi - Removing overlay from DialogSubScene and adding to GameScene
14:20:43.031 [JavaFX Application Thread] DEBUG PrimaryStageWindow   - GameScene <- DialogSubScene
14:20:43.520 [JavaFX Application Thread] DEBUG PrimaryStageWindow   - Push state: DialogSubScene
14:20:43.520 [JavaFX Application Thread] DEBUG Input                - Clearing active input actions
14:20:43.520 [JavaFX Application Thread] DEBUG GameApplicationServi - Removing overlay from GameScene and adding to DialogSubScene
14:20:43.520 [JavaFX Application Thread] DEBUG PrimaryStageWindow   - GameScene -> DialogSubScene
14:20:44.550 [JavaFX Application Thread] DEBUG PrimaryStageWindow   - Pop state: DialogSubScene
14:20:44.550 [JavaFX Application Thread] DEBUG Input                - Clearing active input actions
14:20:44.550 [JavaFX Application Thread] DEBUG GameApplicationServi - Removing overlay from DialogSubScene and adding to GameScene
14:20:44.550 [JavaFX Application Thread] DEBUG PrimaryStageWindow   - GameScene <- DialogSubScene
14:20:44.550 [JavaFX Application Thread] DEBUG PrimaryStageWindow   - Push state: BluePlayerScene
14:20:44.551 [JavaFX Application Thread] DEBUG Input                - Clearing active input actions
14:20:44.551 [JavaFX Application Thread] DEBUG GameApplicationServi - Removing overlay from GameScene and adding to BluePlayerScene
14:20:44.551 [JavaFX Application Thread] DEBUG PrimaryStageWindow   - GameScene -> BluePlayerScene
14:20:44.551 [JavaFX Application Thread] DEBUG PrimaryStageWindow   - Pop state: BluePlayerScene
14:20:44.551 [JavaFX Application Thread] DEBUG Input                - Clearing active input actions
14:20:44.551 [JavaFX Application Thread] DEBUG GameApplicationServi - Removing overlay from BluePlayerScene and adding to GameScene
14:20:44.552 [JavaFX Application Thread] DEBUG PrimaryStageWindow   - GameScene <- BluePlayerScene
14:20:45.600 [JavaFX Application Thread] DEBUG PrimaryStageWindow   - Push state: DialogSubScene
14:20:45.600 [JavaFX Application Thread] DEBUG Input                - Clearing active input actions
14:20:45.600 [JavaFX Application Thread] DEBUG GameApplicationServi - Removing overlay from GameScene and adding to DialogSubScene
14:20:45.600 [JavaFX Application Thread] DEBUG PrimaryStageWindow   - GameScene -> DialogSubScene
14:20:46.592 [JavaFX Application Thread] DEBUG PrimaryStageWindow   - Pop state: DialogSubScene
14:20:46.592 [JavaFX Application Thread] DEBUG Input                - Clearing active input actions
14:20:46.592 [JavaFX Application Thread] DEBUG GameApplicationServi - Removing overlay from DialogSubScene and adding to GameScene
14:20:46.592 [JavaFX Application Thread] DEBUG PrimaryStageWindow   - GameScene <- DialogSubScene
14:20:46.592 [JavaFX Application Thread] DEBUG PrimaryStageWindow   - Push state: RedPlayerScene
14:20:46.593 [JavaFX Application Thread] DEBUG Input                - Clearing active input actions
14:20:46.593 [JavaFX Application Thread] DEBUG GameApplicationServi - Removing overlay from GameScene and adding to RedPlayerScene
14:20:46.593 [JavaFX Application Thread] DEBUG PrimaryStageWindow   - GameScene -> RedPlayerScene
14:20:46.593 [JavaFX Application Thread] DEBUG PrimaryStageWindow   - Pop state: RedPlayerScene
14:20:46.593 [JavaFX Application Thread] DEBUG Input                - Clearing active input actions
14:20:46.593 [JavaFX Application Thread] DEBUG GameApplicationServi - Removing overlay from RedPlayerScene and adding to GameScene
14:20:46.593 [JavaFX Application Thread] DEBUG PrimaryStageWindow   - GameScene <- RedPlayerScene
14:20:53.400 [JavaFX Application Thread] DEBUG PrimaryStageWindow   - Push state: DialogSubScene
14:20:53.400 [JavaFX Application Thread] DEBUG Input                - Clearing active input actions
14:20:53.400 [JavaFX Application Thread] DEBUG GameApplicationServi - Removing overlay from GameScene and adding to DialogSubScene
14:20:53.400 [JavaFX Application Thread] DEBUG PrimaryStageWindow   - GameScene -> DialogSubScene
14:20:54.385 [JavaFX Application Thread] DEBUG PrimaryStageWindow   - Pop state: DialogSubScene
14:20:54.385 [JavaFX Application Thread] DEBUG Input                - Clearing active input actions
14:20:54.385 [JavaFX Application Thread] DEBUG GameApplicationServi - Removing overlay from DialogSubScene and adding to GameScene
14:20:54.385 [JavaFX Application Thread] DEBUG PrimaryStageWindow   - GameScene <- DialogSubScene
14:20:55.685 [JavaFX Application Thread] DEBUG PrimaryStageWindow   - Push state: DialogSubScene
14:20:55.685 [JavaFX Application Thread] DEBUG Input                - Clearing active input actions
14:20:55.685 [JavaFX Application Thread] DEBUG GameApplicationServi - Removing overlay from GameScene and adding to DialogSubScene
14:20:55.685 [JavaFX Application Thread] DEBUG PrimaryStageWindow   - GameScene -> DialogSubScene
14:21:16.201 [JavaFX Application Thread] DEBUG PrimaryStageWindow   - Pop state: DialogSubScene
14:21:16.201 [JavaFX Application Thread] DEBUG Input                - Clearing active input actions
14:21:16.201 [JavaFX Application Thread] DEBUG GameApplicationServi - Removing overlay from DialogSubScene and adding to GameScene
14:21:16.201 [JavaFX Application Thread] DEBUG PrimaryStageWindow   - GameScene <- DialogSubScene
14:21:16.288 [JavaFX Application Thread] DEBUG PrimaryStageWindow   - Push state: DialogSubScene
14:21:16.288 [JavaFX Application Thread] DEBUG Input                - Clearing active input actions
14:21:16.288 [JavaFX Application Thread] DEBUG GameApplicationServi - Removing overlay from GameScene and adding to DialogSubScene
14:21:16.288 [JavaFX Application Thread] DEBUG PrimaryStageWindow   - GameScene -> DialogSubScene
14:21:18.347 [JavaFX Application Thread] DEBUG PrimaryStageWindow   - Pop state: DialogSubScene
14:21:18.347 [JavaFX Application Thread] DEBUG Input                - Clearing active input actions
14:21:18.347 [JavaFX Application Thread] DEBUG GameApplicationServi - Removing overlay from DialogSubScene and adding to GameScene
14:21:18.347 [JavaFX Application Thread] DEBUG PrimaryStageWindow   - GameScene <- DialogSubScene
14:21:18.350 [JavaFX Application Thread] DEBUG GameApplicationServi - Starting new game
14:21:18.350 [JavaFX Application Thread] DEBUG Input                - Clearing active input actions
14:21:18.354 [JavaFX Application Thread] DEBUG GameApplicationServi - Removing overlay from GameScene and adding to FXGLLoadingScene
14:21:18.354 [JavaFX Application Thread] DEBUG PrimaryStageWindow   - GameScene -> FXGLLoadingScene
14:21:18.354 [JavaFX Application Thread] DEBUG GameApplicationServi - Clearing previous game
14:21:18.354 [JavaFX Application Thread] DEBUG GameScene            - Clearing game scene
14:21:18.354 [JavaFX Application Thread] DEBUG GameWorld            - Clearing game world
14:21:18.355 [JavaFX Application Thread] DEBUG PhysicsWorld         - Clearing physics world
14:21:18.356 [FXGL Background Thread 5 ] DEBUG FXGLApplication      - Initializing game
14:21:18.369 [FXGL Background Thread 5 ] INFO  FXGLApplication      - Game initialization took: 0.013 sec
14:21:18.370 [JavaFX Application Thread] DEBUG Input                - Clearing active input actions
14:21:18.374 [JavaFX Application Thread] DEBUG GameApplicationServi - Removing overlay from FXGLLoadingScene and adding to GameScene
14:21:18.374 [JavaFX Application Thread] DEBUG PrimaryStageWindow   - FXGLLoadingScene -> GameScene
14:21:18.378 [JavaFX Application Thread] DEBUG PrimaryStageWindow   - Push state: DialogSubScene
14:21:18.378 [JavaFX Application Thread] DEBUG Input                - Clearing active input actions
14:21:18.379 [JavaFX Application Thread] DEBUG GameApplicationServi - Removing overlay from GameScene and adding to DialogSubScene
14:21:18.379 [JavaFX Application Thread] DEBUG PrimaryStageWindow   - GameScene -> DialogSubScene
14:21:22.001 [JavaFX Application Thread] DEBUG PrimaryStageWindow   - Pop state: DialogSubScene
14:21:22.001 [JavaFX Application Thread] DEBUG Input                - Clearing active input actions
14:21:22.001 [JavaFX Application Thread] DEBUG GameApplicationServi - Removing overlay from DialogSubScene and adding to GameScene
14:21:22.001 [JavaFX Application Thread] DEBUG PrimaryStageWindow   - GameScene <- DialogSubScene
14:21:22.001 [JavaFX Application Thread] DEBUG PrimaryStageWindow   - Push state: BluePlayerDeployScene
14:21:22.001 [JavaFX Application Thread] DEBUG Input                - Clearing active input actions
14:21:22.001 [JavaFX Application Thread] DEBUG GameApplicationServi - Removing overlay from GameScene and adding to BluePlayerDeployScene
14:21:22.001 [JavaFX Application Thread] DEBUG PrimaryStageWindow   - GameScene -> BluePlayerDeployScene
14:21:22.001 [JavaFX Application Thread] DEBUG PrimaryStageWindow   - Pop state: BluePlayerDeployScene
14:21:22.001 [JavaFX Application Thread] DEBUG Input                - Clearing active input actions
14:21:22.002 [JavaFX Application Thread] DEBUG GameApplicationServi - Removing overlay from BluePlayerDeployScene and adding to GameScene
14:21:22.002 [JavaFX Application Thread] DEBUG PrimaryStageWindow   - GameScene <- BluePlayerDeployScene
14:21:32.241 [JavaFX Application Thread] DEBUG PrimaryStageWindow   - Push state: DialogSubScene
14:21:32.241 [JavaFX Application Thread] DEBUG Input                - Clearing active input actions
14:21:32.241 [JavaFX Application Thread] DEBUG GameApplicationServi - Removing overlay from GameScene and adding to DialogSubScene
14:21:32.241 [JavaFX Application Thread] DEBUG PrimaryStageWindow   - GameScene -> DialogSubScene
14:21:33.708 [JavaFX Application Thread] DEBUG PrimaryStageWindow   - Pop state: DialogSubScene
14:21:33.708 [JavaFX Application Thread] DEBUG Input                - Clearing active input actions
14:21:33.708 [JavaFX Application Thread] DEBUG GameApplicationServi - Removing overlay from DialogSubScene and adding to GameScene
14:21:33.708 [JavaFX Application Thread] DEBUG PrimaryStageWindow   - GameScene <- DialogSubScene
14:21:33.708 [JavaFX Application Thread] DEBUG PrimaryStageWindow   - Push state: RedPlayerDeployScene
14:21:33.708 [JavaFX Application Thread] DEBUG Input                - Clearing active input actions
14:21:33.709 [JavaFX Application Thread] DEBUG GameApplicationServi - Removing overlay from GameScene and adding to RedPlayerDeployScene
14:21:33.709 [JavaFX Application Thread] DEBUG PrimaryStageWindow   - GameScene -> RedPlayerDeployScene
14:21:33.709 [JavaFX Application Thread] DEBUG PrimaryStageWindow   - Pop state: RedPlayerDeployScene
14:21:33.709 [JavaFX Application Thread] DEBUG Input                - Clearing active input actions
14:21:33.709 [JavaFX Application Thread] DEBUG GameApplicationServi - Removing overlay from RedPlayerDeployScene and adding to GameScene
14:21:33.709 [JavaFX Application Thread] DEBUG PrimaryStageWindow   - GameScene <- RedPlayerDeployScene
14:21:49.420 [JavaFX Application Thread] DEBUG PrimaryStageWindow   - Push state: DialogSubScene
14:21:49.420 [JavaFX Application Thread] DEBUG Input                - Clearing active input actions
14:21:49.420 [JavaFX Application Thread] DEBUG GameApplicationServi - Removing overlay from GameScene and adding to DialogSubScene
14:21:49.420 [JavaFX Application Thread] DEBUG PrimaryStageWindow   - GameScene -> DialogSubScene
14:21:50.985 [JavaFX Application Thread] DEBUG PrimaryStageWindow   - Pop state: DialogSubScene
14:21:50.985 [JavaFX Application Thread] DEBUG Input                - Clearing active input actions
14:21:50.985 [JavaFX Application Thread] DEBUG GameApplicationServi - Removing overlay from DialogSubScene and adding to GameScene
14:21:50.985 [JavaFX Application Thread] DEBUG PrimaryStageWindow   - GameScene <- DialogSubScene
14:21:50.985 [JavaFX Application Thread] DEBUG PrimaryStageWindow   - Push state: RedPlayerScene
14:21:50.986 [JavaFX Application Thread] DEBUG Input                - Clearing active input actions
14:21:50.986 [JavaFX Application Thread] DEBUG GameApplicationServi - Removing overlay from GameScene and adding to RedPlayerScene
14:21:50.986 [JavaFX Application Thread] DEBUG PrimaryStageWindow   - GameScene -> RedPlayerScene
14:21:50.986 [JavaFX Application Thread] DEBUG PrimaryStageWindow   - Pop state: RedPlayerScene
14:21:50.986 [JavaFX Application Thread] DEBUG Input                - Clearing active input actions
14:21:50.986 [JavaFX Application Thread] DEBUG GameApplicationServi - Removing overlay from RedPlayerScene and adding to GameScene
14:21:50.986 [JavaFX Application Thread] DEBUG PrimaryStageWindow   - GameScene <- RedPlayerScene
14:22:21.875 [JavaFX Application Thread] DEBUG PrimaryStageWindow   - Push state: DialogSubScene
14:22:21.876 [JavaFX Application Thread] DEBUG Input                - Clearing active input actions
14:22:21.876 [JavaFX Application Thread] DEBUG GameApplicationServi - Removing overlay from GameScene and adding to DialogSubScene
14:22:21.876 [JavaFX Application Thread] DEBUG PrimaryStageWindow   - GameScene -> DialogSubScene
14:22:28.907 [JavaFX Application Thread] DEBUG PrimaryStageWindow   - Pop state: DialogSubScene
14:22:28.907 [JavaFX Application Thread] DEBUG Input                - Clearing active input actions
14:22:28.907 [JavaFX Application Thread] DEBUG GameApplicationServi - Removing overlay from DialogSubScene and adding to GameScene
14:22:28.907 [JavaFX Application Thread] DEBUG PrimaryStageWindow   - GameScene <- DialogSubScene
14:22:41.625 [JavaFX Application Thread] DEBUG PrimaryStageWindow   - Push state: DialogSubScene
14:22:41.625 [JavaFX Application Thread] DEBUG Input                - Clearing active input actions
14:22:41.625 [JavaFX Application Thread] DEBUG GameApplicationServi - Removing overlay from GameScene and adding to DialogSubScene
14:22:41.625 [JavaFX Application Thread] DEBUG PrimaryStageWindow   - GameScene -> DialogSubScene
14:22:42.822 [JavaFX Application Thread] DEBUG PrimaryStageWindow   - Pop state: DialogSubScene
14:22:42.822 [JavaFX Application Thread] DEBUG Input                - Clearing active input actions
14:22:42.822 [JavaFX Application Thread] DEBUG GameApplicationServi - Removing overlay from DialogSubScene and adding to GameScene
14:22:42.822 [JavaFX Application Thread] DEBUG PrimaryStageWindow   - GameScene <- DialogSubScene
14:22:44.192 [JavaFX Application Thread] DEBUG PrimaryStageWindow   - Push state: DialogSubScene
14:22:44.192 [JavaFX Application Thread] DEBUG Input                - Clearing active input actions
14:22:44.192 [JavaFX Application Thread] DEBUG GameApplicationServi - Removing overlay from GameScene and adding to DialogSubScene
14:22:44.192 [JavaFX Application Thread] DEBUG PrimaryStageWindow   - GameScene -> DialogSubScene
14:22:45.245 [JavaFX Application Thread] DEBUG PrimaryStageWindow   - Pop state: DialogSubScene
14:22:45.245 [JavaFX Application Thread] DEBUG Input                - Clearing active input actions
14:22:45.245 [JavaFX Application Thread] DEBUG GameApplicationServi - Removing overlay from DialogSubScene and adding to GameScene
14:22:45.245 [JavaFX Application Thread] DEBUG PrimaryStageWindow   - GameScene <- DialogSubScene
14:22:45.776 [JavaFX Application Thread] DEBUG PrimaryStageWindow   - Push state: DialogSubScene
14:22:45.776 [JavaFX Application Thread] DEBUG Input                - Clearing active input actions
14:22:45.776 [JavaFX Application Thread] DEBUG GameApplicationServi - Removing overlay from GameScene and adding to DialogSubScene
14:22:45.776 [JavaFX Application Thread] DEBUG PrimaryStageWindow   - GameScene -> DialogSubScene
14:22:47.238 [JavaFX Application Thread] DEBUG PrimaryStageWindow   - Pop state: DialogSubScene
14:22:47.238 [JavaFX Application Thread] DEBUG Input                - Clearing active input actions
14:22:47.238 [JavaFX Application Thread] DEBUG GameApplicationServi - Removing overlay from DialogSubScene and adding to GameScene
14:22:47.239 [JavaFX Application Thread] DEBUG PrimaryStageWindow   - GameScene <- DialogSubScene
14:22:47.239 [JavaFX Application Thread] DEBUG PrimaryStageWindow   - Push state: BluePlayerScene
14:22:47.239 [JavaFX Application Thread] DEBUG Input                - Clearing active input actions
14:22:47.239 [JavaFX Application Thread] DEBUG GameApplicationServi - Removing overlay from GameScene and adding to BluePlayerScene
14:22:47.239 [JavaFX Application Thread] DEBUG PrimaryStageWindow   - GameScene -> BluePlayerScene
14:22:47.239 [JavaFX Application Thread] DEBUG PrimaryStageWindow   - Pop state: BluePlayerScene
14:22:47.239 [JavaFX Application Thread] DEBUG Input                - Clearing active input actions
14:22:47.239 [JavaFX Application Thread] DEBUG GameApplicationServi - Removing overlay from BluePlayerScene and adding to GameScene
14:22:47.239 [JavaFX Application Thread] DEBUG PrimaryStageWindow   - GameScene <- BluePlayerScene
14:22:48.666 [JavaFX Application Thread] DEBUG PrimaryStageWindow   - Push state: SimpleGameMenu
14:22:48.666 [JavaFX Application Thread] DEBUG Input                - Clearing active input actions
14:22:48.666 [JavaFX Application Thread] DEBUG GameApplicationServi - Removing overlay from GameScene and adding to SimpleGameMenu
14:22:48.666 [JavaFX Application Thread] DEBUG PrimaryStageWindow   - GameScene -> SimpleGameMenu
14:22:49.420 [JavaFX Application Thread] DEBUG Menu                 - fireExitToMainMenu()
14:22:49.421 [JavaFX Application Thread] DEBUG PrimaryStageWindow   - Push state: DialogSubScene
14:22:49.421 [JavaFX Application Thread] DEBUG Input                - Clearing active input actions
14:22:49.421 [JavaFX Application Thread] DEBUG GameApplicationServi - Removing overlay from SimpleGameMenu and adding to DialogSubScene
14:22:49.421 [JavaFX Application Thread] DEBUG PrimaryStageWindow   - SimpleGameMenu -> DialogSubScene
14:22:50.316 [JavaFX Application Thread] DEBUG PrimaryStageWindow   - Pop state: DialogSubScene
14:22:50.316 [JavaFX Application Thread] DEBUG Input                - Clearing active input actions
14:22:50.316 [JavaFX Application Thread] DEBUG GameApplicationServi - Removing overlay from DialogSubScene and adding to SimpleGameMenu
14:22:50.316 [JavaFX Application Thread] DEBUG PrimaryStageWindow   - SimpleGameMenu <- DialogSubScene
14:22:50.316 [JavaFX Application Thread] DEBUG PrimaryStageWindow   - Pop state: SimpleGameMenu
14:22:50.316 [JavaFX Application Thread] DEBUG Input                - Clearing active input actions
14:22:50.316 [JavaFX Application Thread] DEBUG GameApplicationServi - Removing overlay from SimpleGameMenu and adding to GameScene
14:22:50.316 [JavaFX Application Thread] DEBUG PrimaryStageWindow   - GameScene <- SimpleGameMenu
14:22:50.316 [JavaFX Application Thread] DEBUG Input                - Clearing active input actions
14:22:50.318 [JavaFX Application Thread] DEBUG GameApplicationServi - Removing overlay from GameScene and adding to FXGLMainMenuDummyScene
14:22:50.319 [JavaFX Application Thread] DEBUG PrimaryStageWindow   - GameScene -> FXGLMainMenuDummyScene
14:22:50.319 [JavaFX Application Thread] DEBUG PrimaryStageWindow   - Push state: BattleShipMainMenu
14:22:50.319 [JavaFX Application Thread] DEBUG Input                - Clearing active input actions
14:22:50.319 [JavaFX Application Thread] DEBUG GameApplicationServi - Removing overlay from FXGLMainMenuDummyScene and adding to BattleShipMainMenu
14:22:50.319 [JavaFX Application Thread] DEBUG PrimaryStageWindow   - FXGLMainMenuDummyScene -> BattleShipMainMenu
14:22:51.070 [JavaFX Application Thread] DEBUG Menu                 - fireExit()
14:22:51.071 [JavaFX Application Thread] DEBUG PrimaryStageWindow   - Push state: DialogSubScene
14:22:51.071 [JavaFX Application Thread] DEBUG Input                - Clearing active input actions
14:22:51.071 [JavaFX Application Thread] DEBUG GameApplicationServi - Removing overlay from BattleShipMainMenu and adding to DialogSubScene
14:22:51.072 [JavaFX Application Thread] DEBUG PrimaryStageWindow   - BattleShipMainMenu -> DialogSubScene
14:22:51.632 [JavaFX Application Thread] DEBUG PrimaryStageWindow   - Pop state: DialogSubScene
14:22:51.632 [JavaFX Application Thread] DEBUG Input                - Clearing active input actions
14:22:51.632 [JavaFX Application Thread] DEBUG GameApplicationServi - Removing overlay from DialogSubScene and adding to BattleShipMainMenu
14:22:51.632 [JavaFX Application Thread] DEBUG PrimaryStageWindow   - BattleShipMainMenu <- DialogSubScene
14:22:51.632 [JavaFX Application Thread] DEBUG FXGLApplication      - Exiting FXGL
14:22:51.632 [JavaFX Application Thread] DEBUG LoopRunner           - Stopping loop
14:22:51.632 [JavaFX Application Thread] DEBUG SystemBundleService  - Saving FXGL system data
14:22:51.633 [JavaFX Application Thread] DEBUG FileSystemAccess     - Writing to: D:\battleShip\battleShip_FXGL\system\fxgl.bundle
14:22:51.635 [JavaFX Application Thread] DEBUG Async                - Shutting down background threads
14:22:51.635 [JavaFX Application Thread] DEBUG PrimaryStageWindow   - Closing main window
14:22:51.653 [JavaFX Application Thread] DEBUG Logger               - Closing Logger
