15:44:41.173 [main                     ] DEBUG Logger               - Configured Logger
15:44:41.202 [main                     ] DEBUG GameApplication      - Logging settings
Title: BattleShip_FXGL
Version: 0.1
Width: 1920
Height: 1080
Fullscreen: true
Intro: false
Profiling: false
Single step:false
App Mode: DEVELOPER
Menu Key: ESCAPE
Stage Style: DECORATED
Scene Factory: class fi.utu.tech.gui.javafx.BattleShipApp$1

15:44:41.571 [JavaFX Application Thread] DEBUG FXGLApplication      - Initializing FXGL
15:44:41.573 [JavaFX Application Thread] INFO  Engine               - FXGL-11.14 (01.03.2021 16.59) on WINDOWS (J:11.0.10 FX:15)
15:44:41.573 [JavaFX Application Thread] DEBUG Engine               - JRE Vendor Name: Amazon.com Inc.
15:44:41.574 [JavaFX Application Thread] DEBUG Engine               - Running on OS: Windows 10 version 10.0
15:44:41.574 [JavaFX Application Thread] DEBUG Engine               - Architecture: amd64
15:44:41.574 [JavaFX Application Thread] INFO  Engine               - Source code and latest versions at: https://github.com/AlmasB/FXGL
15:44:41.574 [JavaFX Application Thread] INFO  Engine               -              Join the FXGL chat at: https://gitter.im/AlmasB/FXGL
15:44:41.659 [JavaFX Application Thread] DEBUG PrimaryStageWindow   - Creating a JavaFX scene
15:44:41.711 [JavaFX Application Thread] DEBUG PrimaryStageWindow   - Target settings size: 1920.0 x 1080.0
15:44:41.711 [JavaFX Application Thread] DEBUG PrimaryStageWindow   - Scaled scene size:    1920.0 x 1080.0
15:44:41.711 [JavaFX Application Thread] DEBUG PrimaryStageWindow   - Scaled ratio: (1.0, 1.0)
15:44:41.712 [JavaFX Application Thread] DEBUG PrimaryStageWindow   - Set initial scene to FXGLStartupScene
15:44:41.718 [JavaFX Application Thread] DEBUG PrimaryStageWindow   - Opening main window
15:44:41.796 [JavaFX Application Thread] DEBUG PrimaryStageWindow   - Window border size: (16.0, 39.0)
15:44:41.796 [JavaFX Application Thread] DEBUG PrimaryStageWindow   - Scaled size: 1920.0 x 1080.0
15:44:41.796 [JavaFX Application Thread] DEBUG PrimaryStageWindow   - Scaled ratio: (1.0, 1.0)
15:44:41.796 [JavaFX Application Thread] DEBUG PrimaryStageWindow   - Scene size: 1920.0 x 1080.0
15:44:41.796 [JavaFX Application Thread] DEBUG PrimaryStageWindow   - Stage size: 1936.0 x 1119.0
15:44:41.859 [JavaFX Application Thread] DEBUG PrimaryStageWindow   - Going fullscreen
15:44:41.865 [FXGL Background Thread 1 ] DEBUG Engine               - Initializing environment variables
15:44:41.899 [FXGL Background Thread 1 ] DEBUG FXGLAssetLoaderServi - User app class for loading assets: class fi.utu.tech.gui.javafx.BattleShipApp
15:44:41.899 [FXGL Background Thread 1 ] DEBUG GameApplicationServi - Applying CSS: fxgl_dark.css
15:44:41.900 [FXGL Background Thread 1 ] DEBUG FXGLAssetLoaderServi - Loading from file system: jar:file:///C:/Users/box69/.m2/repository/com/github/almasb/fxgl/11.14/fxgl-11.14.jar!/fxglassets/ui/css/fxgl_dark.css
15:44:41.944 [FXGL Background Thread 1 ] DEBUG GameApplicationServi - Initializing application scenes
15:44:42.007 [FXGL Background Thread 1 ] DEBUG GameWorld            - Game world initialized
15:44:42.059 [FXGL Background Thread 1 ] DEBUG PhysicsWorld         - Physics world initialized: appHeight=1080, physics.ppm=50.0
15:44:42.059 [FXGL Background Thread 1 ] DEBUG PhysicsWorld         - Using strategy: BRUTE_FORCE
15:44:42.061 [FXGL Background Thread 1 ] DEBUG GameScene            - Game scene initialized: 1920x1080
15:44:42.067 [FXGL Background Thread 1 ] DEBUG FXGLAssetLoaderServi - Loading from file system: file:/D:/battleShip/battleShip_FXGL/target/classes/assets/textures/Nebula_Red.png
15:44:42.276 [FXGL Background Thread 1 ] DEBUG FXGLAssetLoaderServi - Loading from file system: jar:file:///C:/Users/box69/.m2/repository/com/github/almasb/fxgl/11.14/fxgl-11.14.jar!/fxglassets/textures/pause_menu_bg.png
15:44:42.303 [FXGL Background Thread 1 ] DEBUG GameApplicationServi - Application scenes initialized
15:44:42.314 [FXGL Background Thread 1 ] DEBUG SystemBundleService  - Loading FXGL system data
15:44:42.317 [FXGL Background Thread 1 ] DEBUG FileSystemAccess     - Reading from: D:\battleShip\battleShip_FXGL\system\fxgl.bundle
15:44:42.323 [FXGL Background Thread 1 ] DEBUG SystemBundleService  - Bundle FXGL: {}
15:44:42.323 [FXGL Background Thread 1 ] DEBUG UpdaterService       - Checking for updates
15:44:42.327 [FXGL Background Thread 4 ] DEBUG FXGLApplication      - Loading fonts
15:44:42.328 [FXGL Background Thread 1 ] DEBUG FXGLApplication      - Loading default localization
15:44:42.328 [FXGL Background Thread 4 ] DEBUG FXGLAssetLoaderServi - Loading from file system: jar:file:///C:/Users/box69/.m2/repository/com/github/almasb/fxgl/11.14/fxgl-11.14.jar!/fxglassets/ui/fonts/VarelaRound-Regular.ttf
15:44:42.328 [FXGL Background Thread 1 ] DEBUG FXGLAssetLoaderServi - Loading from file system: jar:file:///C:/Users/box69/.m2/repository/com/github/almasb/fxgl/11.14/fxgl-11.14.jar!/fxglassets/languages/english.lang
15:44:42.343 [FXGL Background Thread 1 ] INFO  FXGLApplication      - FXGL initialization took: 0.477 sec
15:44:42.356 [JavaFX Application Thread] DEBUG Input                - Registered new binding: Change Scene - Space
15:44:42.357 [JavaFX Application Thread] DEBUG Input                - Registered new binding: action0 - R
15:44:42.358 [JavaFX Application Thread] DEBUG Input                - Registered new binding: Deploy - RMB
15:44:42.358 [JavaFX Application Thread] DEBUG Input                - Registered new binding: Attack - LMB
15:44:42.359 [JavaFX Application Thread] DEBUG Input                - Registered new binding: action1 - Enter
15:44:42.359 [JavaFX Application Thread] DEBUG FXGLAssetLoaderServi - Loading from file system: file:/D:/battleShip/battleShip_FXGL/target/classes/assets/music/CrashedShip.mp3
15:44:42.532 [JavaFX Application Thread] DEBUG AudioPlayer          - Playing music com.almasb.fxgl.audio.Music@2cebc1ff
15:44:42.541 [JavaFX Application Thread] DEBUG FXGLAssetLoaderServi - Loading from file system: jar:file:///C:/Users/box69/.m2/repository/com/github/almasb/fxgl/11.14/fxgl-11.14.jar!/fxglassets/textures/fxgl_icon.png
15:44:42.562 [JavaFX Application Thread] DEBUG FXGLAssetLoaderServi - Loading from file system: jar:file:///C:/Users/box69/.m2/repository/com/github/almasb/fxgl/11.14/fxgl-11.14.jar!/fxglassets/ui/cursors/fxgl_default.png
15:44:42.564 [JavaFX Application Thread] DEBUG Input                - Registered new binding: Screenshot - P
15:44:42.564 [JavaFX Application Thread] DEBUG Input                - Registered new binding: System info dump - CTRL+9
15:44:42.565 [JavaFX Application Thread] DEBUG Input                - Registered new binding: Restart - CTRL+R
15:44:42.565 [JavaFX Application Thread] DEBUG Input                - Registered new binding: Toggle Debug Camera - CTRL+C
15:44:42.566 [JavaFX Application Thread] DEBUG LoopRunner           - Starting loop
15:44:42.567 [JavaFX Application Thread] DEBUG LoopRunner           - Initializing JavaFX AnimationTimerLoop
15:44:42.568 [JavaFX Application Thread] DEBUG Input                - Clearing active input actions
15:44:42.576 [JavaFX Application Thread] DEBUG GameApplicationServi - Removing overlay from FXGLStartupScene and adding to FXGLMainMenuDummyScene
15:44:42.576 [JavaFX Application Thread] DEBUG PrimaryStageWindow   - FXGLStartupScene -> FXGLMainMenuDummyScene
15:44:42.576 [JavaFX Application Thread] DEBUG PrimaryStageWindow   - Push state: BattleShipMainMenu
15:44:42.577 [JavaFX Application Thread] DEBUG Input                - Clearing active input actions
15:44:42.579 [JavaFX Application Thread] DEBUG GameApplicationServi - Removing overlay from FXGLMainMenuDummyScene and adding to BattleShipMainMenu
15:44:42.580 [JavaFX Application Thread] DEBUG PrimaryStageWindow   - FXGLMainMenuDummyScene -> BattleShipMainMenu
15:44:42.852 [FXGL Background Thread 4 ] DEBUG FXGLAssetLoaderServi - Loading from file system: jar:file:///C:/Users/box69/.m2/repository/com/github/almasb/fxgl/11.14/fxgl-11.14.jar!/fxglassets/ui/fonts/Abel-Regular.ttf
15:44:42.855 [FXGL Background Thread 4 ] DEBUG FXGLAssetLoaderServi - Loading from file system: jar:file:///C:/Users/box69/.m2/repository/com/github/almasb/fxgl/11.14/fxgl-11.14.jar!/fxglassets/ui/fonts/lucida_console.ttf
15:44:42.859 [FXGL Background Thread 4 ] DEBUG FXGLAssetLoaderServi - Loading from file system: jar:file:///C:/Users/box69/.m2/repository/com/github/almasb/fxgl/11.14/fxgl-11.14.jar!/fxglassets/ui/fonts/Courier-Prime.ttf
15:44:42.863 [JavaFX Application Thread] DEBUG FXGLApplication      - Registering font factories with UI factory
15:44:43.510 [JavaFX Application Thread] DEBUG PrimaryStageWindow   - Push state: DialogSubScene
15:44:43.511 [JavaFX Application Thread] DEBUG Input                - Clearing active input actions
15:44:43.515 [JavaFX Application Thread] DEBUG GameApplicationServi - Removing overlay from BattleShipMainMenu and adding to DialogSubScene
15:44:43.515 [JavaFX Application Thread] DEBUG PrimaryStageWindow   - BattleShipMainMenu -> DialogSubScene
15:44:45.326 [FXGL Background Thread 3 ] DEBUG Engine               - Logging environment variables
15:44:45.327 [FXGL Background Thread 3 ] DEBUG Engine               - achievements: []
15:44:45.327 [FXGL Background Thread 3 ] DEBUG Engine               - actualHeight: 1080.0
15:44:45.327 [FXGL Background Thread 3 ] DEBUG Engine               - actualHeightProperty: ReadOnlyDoubleProperty [value: 1080.0]
15:44:45.327 [FXGL Background Thread 3 ] DEBUG Engine               - actualWidth: 1920.0
15:44:45.327 [FXGL Background Thread 3 ] DEBUG Engine               - actualWidthProperty: ReadOnlyDoubleProperty [value: 1920.0]
15:44:45.327 [FXGL Background Thread 3 ] DEBUG Engine               - appIcon: fxgl_icon.png
15:44:45.327 [FXGL Background Thread 3 ] DEBUG Engine               - applicationMode: DEVELOPER
15:44:45.327 [FXGL Background Thread 3 ] DEBUG Engine               - cSSList: [fxgl_dark.css]
15:44:45.327 [FXGL Background Thread 3 ] DEBUG Engine               - collisionDetectionStrategy: BRUTE_FORCE
15:44:45.327 [FXGL Background Thread 3 ] DEBUG Engine               - configClass: Optional.empty
15:44:45.327 [FXGL Background Thread 3 ] DEBUG Engine               - credits: []
15:44:45.328 [FXGL Background Thread 3 ] DEBUG Engine               - devBBoxColorProperty: ObjectProperty [value: 0xff0000ff]
15:44:45.328 [FXGL Background Thread 3 ] DEBUG Engine               - devEnableDebugCameraProperty: BooleanProperty [value: false]
15:44:45.328 [FXGL Background Thread 3 ] DEBUG Engine               - devSensorColorProperty: ObjectProperty [value: 0xffff00ff]
15:44:45.328 [FXGL Background Thread 3 ] DEBUG Engine               - devShowBBoxProperty: BooleanProperty [value: false]
15:44:45.328 [FXGL Background Thread 3 ] DEBUG Engine               - devShowPositionProperty: BooleanProperty [value: false]
15:44:45.328 [FXGL Background Thread 3 ] DEBUG Engine               - enabledMenuItems: []
15:44:45.328 [FXGL Background Thread 3 ] DEBUG Engine               - engineServices: [class com.almasb.fxgl.app.services.FXGLAssetLoaderService, class com.almasb.fxgl.app.FXGLApplication$GameApplicationService, class com.almasb.fxgl.app.services.FXGLDialogService, class com.almasb.fxgl.app.services.IOTaskExecutorService, class com.almasb.fxgl.event.EventBusService, class com.almasb.fxgl.io.FileSystemService, class com.almasb.fxgl.localization.LocalizationService, class com.almasb.fxgl.app.services.SystemBundleService, class com.almasb.fxgl.profile.SaveLoadService, class com.almasb.fxgl.ui.FXGLUIFactoryServiceProvider, class com.almasb.fxgl.ui.FXGLDialogFactoryServiceProvider, class com.almasb.fxgl.audio.AudioPlayer, class com.almasb.fxgl.notification.impl.NotificationServiceProvider, class com.almasb.fxgl.achievement.AchievementService, class com.almasb.fxgl.cutscene.CutsceneService, class com.almasb.fxgl.minigames.MiniGameService, class com.almasb.fxgl.net.NetService, class com.almasb.fxgl.app.services.UpdaterService, class com.almasb.fxgl.dev.DevService]
15:44:45.328 [FXGL Background Thread 3 ] DEBUG Engine               - fontGame: Abel-Regular.ttf
15:44:45.328 [FXGL Background Thread 3 ] DEBUG Engine               - fontMono: lucida_console.ttf
15:44:45.328 [FXGL Background Thread 3 ] DEBUG Engine               - fontText: Courier-Prime.ttf
15:44:45.328 [FXGL Background Thread 3 ] DEBUG Engine               - fontUI: VarelaRound-Regular.ttf
15:44:45.328 [FXGL Background Thread 3 ] DEBUG Engine               - fullScreen: BooleanProperty [value: true]
15:44:45.328 [FXGL Background Thread 3 ] DEBUG Engine               - gameDifficulty: MEDIUM
15:44:45.328 [FXGL Background Thread 3 ] DEBUG Engine               - gameDifficultyProperty: ObjectProperty [value: MEDIUM]
15:44:45.328 [FXGL Background Thread 3 ] DEBUG Engine               - globalMusicVolume: 0.5
15:44:45.328 [FXGL Background Thread 3 ] DEBUG Engine               - globalMusicVolumeProperty: DoubleProperty [value: 0.2]
15:44:45.329 [FXGL Background Thread 3 ] DEBUG Engine               - globalSoundVolume: 0.5
15:44:45.329 [FXGL Background Thread 3 ] DEBUG Engine               - globalSoundVolumeProperty: DoubleProperty [value: 0.5]
15:44:45.329 [FXGL Background Thread 3 ] DEBUG Engine               - height: 1080
15:44:45.329 [FXGL Background Thread 3 ] DEBUG Engine               - isAndroid: false
15:44:45.329 [FXGL Background Thread 3 ] DEBUG Engine               - isBrowser: false
15:44:45.329 [FXGL Background Thread 3 ] DEBUG Engine               - isClickFeedbackEnabled: false
15:44:45.329 [FXGL Background Thread 3 ] DEBUG Engine               - isCloseConfirmation: false
15:44:45.329 [FXGL Background Thread 3 ] DEBUG Engine               - isDesktop: true
15:44:45.329 [FXGL Background Thread 3 ] DEBUG Engine               - isDeveloperMenuEnabled: false
15:44:45.329 [FXGL Background Thread 3 ] DEBUG Engine               - isEntityPreloadEnabled: true
15:44:45.329 [FXGL Background Thread 3 ] DEBUG Engine               - isExperimental3D: false
15:44:45.329 [FXGL Background Thread 3 ] DEBUG Engine               - isExperimentalNative: false
15:44:45.329 [FXGL Background Thread 3 ] DEBUG Engine               - isExperimentalTiledLargeMap: false
15:44:45.329 [FXGL Background Thread 3 ] DEBUG Engine               - isFileSystemWriteAllowed: true
15:44:45.329 [FXGL Background Thread 3 ] DEBUG Engine               - isFullScreenAllowed: true
15:44:45.329 [FXGL Background Thread 3 ] DEBUG Engine               - isFullScreenFromStart: true
15:44:45.329 [FXGL Background Thread 3 ] DEBUG Engine               - isGameMenuEnabled: true
15:44:45.329 [FXGL Background Thread 3 ] DEBUG Engine               - isIOS: false
15:44:45.329 [FXGL Background Thread 3 ] DEBUG Engine               - isIntroEnabled: false
15:44:45.330 [FXGL Background Thread 3 ] DEBUG Engine               - isLinux: false
15:44:45.330 [FXGL Background Thread 3 ] DEBUG Engine               - isMac: false
15:44:45.330 [FXGL Background Thread 3 ] DEBUG Engine               - isMainMenuEnabled: true
15:44:45.330 [FXGL Background Thread 3 ] DEBUG Engine               - isManualResizeEnabled: false
15:44:45.330 [FXGL Background Thread 3 ] DEBUG Engine               - isMobile: false
15:44:45.330 [FXGL Background Thread 3 ] DEBUG Engine               - isPreserveResizeRatio: false
15:44:45.330 [FXGL Background Thread 3 ] DEBUG Engine               - isProfilingEnabled: false
15:44:45.330 [FXGL Background Thread 3 ] DEBUG Engine               - isScaleAffectedOnResize: true
15:44:45.330 [FXGL Background Thread 3 ] DEBUG Engine               - isSingleStep: false
15:44:45.330 [FXGL Background Thread 3 ] DEBUG Engine               - isUserProfileEnabled: false
15:44:45.330 [FXGL Background Thread 3 ] DEBUG Engine               - isWindows: true
15:44:45.331 [FXGL Background Thread 3 ] DEBUG Engine               - language: ObjectProperty [value: ENGLISH]
15:44:45.331 [FXGL Background Thread 3 ] DEBUG Engine               - menuKey: ESCAPE
15:44:45.331 [FXGL Background Thread 3 ] DEBUG Engine               - notificationViewClass: class com.almasb.fxgl.notification.view.XboxNotificationView
15:44:45.331 [FXGL Background Thread 3 ] DEBUG Engine               - pixelsPerMeter: 50.0
15:44:45.331 [FXGL Background Thread 3 ] DEBUG Engine               - platform: WINDOWS
15:44:45.331 [FXGL Background Thread 3 ] DEBUG Engine               - prefHeightProperty: ReadOnlyDoubleProperty [value: 1080.0]
15:44:45.331 [FXGL Background Thread 3 ] DEBUG Engine               - prefWidthProperty: ReadOnlyDoubleProperty [value: 1920.0]
15:44:45.331 [FXGL Background Thread 3 ] DEBUG Engine               - profileDir: profiles/
15:44:45.331 [FXGL Background Thread 3 ] DEBUG Engine               - profileName: StringProperty [value: DEFAULT]
15:44:45.331 [FXGL Background Thread 3 ] DEBUG Engine               - randomSeed: -1
15:44:45.331 [FXGL Background Thread 3 ] DEBUG Engine               - runtimeInfo: RuntimeInfo(platform=WINDOWS, version=11.14, build=01.03.2021 16.59)
15:44:45.331 [FXGL Background Thread 3 ] DEBUG Engine               - saveFileExt: sav
15:44:45.331 [FXGL Background Thread 3 ] DEBUG Engine               - scaledHeightProp$fxgl: DoubleProperty [bound, value: 1080.0]
15:44:45.331 [FXGL Background Thread 3 ] DEBUG Engine               - scaledWidthProp$fxgl: DoubleProperty [bound, value: 1920.0]
15:44:45.331 [FXGL Background Thread 3 ] DEBUG Engine               - sceneFactory: fi.utu.tech.gui.javafx.BattleShipApp$1@53c4734f
15:44:45.331 [FXGL Background Thread 3 ] DEBUG Engine               - secondsIn24h: 60
15:44:45.331 [FXGL Background Thread 3 ] DEBUG Engine               - soundMenuBack: menu/back.wav
15:44:45.332 [FXGL Background Thread 3 ] DEBUG Engine               - soundMenuPress: menu/press.wav
15:44:45.332 [FXGL Background Thread 3 ] DEBUG Engine               - soundMenuSelect: menu/select.wav
15:44:45.332 [FXGL Background Thread 3 ] DEBUG Engine               - soundNotification: core/notification.wav
15:44:45.332 [FXGL Background Thread 3 ] DEBUG Engine               - stageStyle: DECORATED
15:44:45.332 [FXGL Background Thread 3 ] DEBUG Engine               - supportedLanguages: [ENGLISH, FRENCH, GERMAN, HUNGARIAN, RUSSIAN]
15:44:45.332 [FXGL Background Thread 3 ] DEBUG Engine               - ticksPerSecond: -1
15:44:45.332 [FXGL Background Thread 3 ] DEBUG Engine               - title: BattleShip_FXGL
15:44:45.332 [FXGL Background Thread 3 ] DEBUG Engine               - urlGithub: https://github.com/AlmasB/FXGL
15:44:45.332 [FXGL Background Thread 3 ] DEBUG Engine               - urlLeaderboard: http://fxgl-top.herokuapp.com/
15:44:45.332 [FXGL Background Thread 3 ] DEBUG Engine               - urlPOM: https://raw.githubusercontent.com/AlmasB/FXGL/release/README.md
15:44:45.332 [FXGL Background Thread 3 ] DEBUG Engine               - userAppClass: class fi.utu.tech.gui.javafx.BattleShipApp
15:44:45.332 [FXGL Background Thread 3 ] DEBUG Engine               - version: 0.1
15:44:45.332 [FXGL Background Thread 3 ] DEBUG Engine               - versionCheckDays: 7
15:44:45.332 [FXGL Background Thread 3 ] DEBUG Engine               - width: 1920
15:44:45.332 [FXGL Background Thread 3 ] DEBUG Engine               - Logging services
15:44:45.332 [FXGL Background Thread 3 ] DEBUG Engine               - class com.almasb.fxgl.app.services.FXGLAssetLoaderService
15:44:45.332 [FXGL Background Thread 3 ] DEBUG Engine               - class com.almasb.fxgl.app.FXGLApplication$GameApplicationService
15:44:45.332 [FXGL Background Thread 3 ] DEBUG Engine               - class com.almasb.fxgl.app.services.FXGLDialogService
15:44:45.332 [FXGL Background Thread 3 ] DEBUG Engine               - class com.almasb.fxgl.app.services.IOTaskExecutorService
15:44:45.332 [FXGL Background Thread 3 ] DEBUG Engine               - class com.almasb.fxgl.event.EventBusService
15:44:45.333 [FXGL Background Thread 3 ] DEBUG Engine               - class com.almasb.fxgl.io.FileSystemService
15:44:45.333 [FXGL Background Thread 3 ] DEBUG Engine               - class com.almasb.fxgl.localization.LocalizationService
15:44:45.333 [FXGL Background Thread 3 ] DEBUG Engine               - class com.almasb.fxgl.app.services.SystemBundleService
15:44:45.333 [FXGL Background Thread 3 ] DEBUG Engine               - class com.almasb.fxgl.profile.SaveLoadService
15:44:45.333 [FXGL Background Thread 3 ] DEBUG Engine               - class com.almasb.fxgl.ui.FXGLUIFactoryServiceProvider
15:44:45.333 [FXGL Background Thread 3 ] DEBUG Engine               - class com.almasb.fxgl.ui.FXGLDialogFactoryServiceProvider
15:44:45.333 [FXGL Background Thread 3 ] DEBUG Engine               - class com.almasb.fxgl.audio.AudioPlayer
15:44:45.333 [FXGL Background Thread 3 ] DEBUG Engine               - class com.almasb.fxgl.notification.impl.NotificationServiceProvider
15:44:45.333 [FXGL Background Thread 3 ] DEBUG Engine               - class com.almasb.fxgl.achievement.AchievementService
15:44:45.333 [FXGL Background Thread 3 ] DEBUG Engine               - class com.almasb.fxgl.cutscene.CutsceneService
15:44:45.333 [FXGL Background Thread 3 ] DEBUG Engine               - class com.almasb.fxgl.minigames.MiniGameService
15:44:45.333 [FXGL Background Thread 3 ] DEBUG Engine               - class com.almasb.fxgl.net.NetService
15:44:45.333 [FXGL Background Thread 3 ] DEBUG Engine               - class com.almasb.fxgl.app.services.UpdaterService
15:44:45.333 [FXGL Background Thread 3 ] DEBUG Engine               - class com.almasb.fxgl.dev.DevService
15:44:54.793 [JavaFX Application Thread] DEBUG PrimaryStageWindow   - Pop state: DialogSubScene
15:44:54.793 [JavaFX Application Thread] DEBUG Input                - Clearing active input actions
15:44:54.793 [JavaFX Application Thread] DEBUG GameApplicationServi - Removing overlay from DialogSubScene and adding to BattleShipMainMenu
15:44:54.793 [JavaFX Application Thread] DEBUG PrimaryStageWindow   - BattleShipMainMenu <- DialogSubScene
15:44:55.601 [JavaFX Application Thread] DEBUG Menu                 - fireNewGame()
15:44:55.601 [JavaFX Application Thread] DEBUG GameApplicationServi - Starting new game
15:44:55.601 [JavaFX Application Thread] DEBUG PrimaryStageWindow   - Pop state: BattleShipMainMenu
15:44:55.601 [JavaFX Application Thread] DEBUG Input                - Clearing active input actions
15:44:55.601 [JavaFX Application Thread] DEBUG GameApplicationServi - Removing overlay from BattleShipMainMenu and adding to FXGLMainMenuDummyScene
15:44:55.601 [JavaFX Application Thread] DEBUG PrimaryStageWindow   - FXGLMainMenuDummyScene <- BattleShipMainMenu
15:44:55.601 [JavaFX Application Thread] DEBUG Input                - Clearing active input actions
15:44:55.608 [JavaFX Application Thread] DEBUG GameApplicationServi - Removing overlay from FXGLMainMenuDummyScene and adding to FXGLLoadingScene
15:44:55.608 [JavaFX Application Thread] DEBUG PrimaryStageWindow   - FXGLMainMenuDummyScene -> FXGLLoadingScene
15:44:55.608 [JavaFX Application Thread] DEBUG GameApplicationServi - Clearing previous game
15:44:55.608 [JavaFX Application Thread] DEBUG GameScene            - Clearing game scene
15:44:55.608 [JavaFX Application Thread] DEBUG GameWorld            - Clearing game world
15:44:55.608 [JavaFX Application Thread] DEBUG PhysicsWorld         - Clearing physics world
15:44:55.609 [FXGL Background Thread 2 ] DEBUG FXGLApplication      - Initializing game
15:44:55.614 [FXGL Background Thread 2 ] DEBUG FXGLAssetLoaderServi - Loading from file system: file:/D:/battleShip/battleShip_FXGL/target/classes/assets/textures/bg2.jpg
15:44:55.650 [FXGL Background Thread 2 ] DEBUG FXGLAssetLoaderServi - Loading from file system: file:/D:/battleShip/battleShip_FXGL/target/classes/assets/textures/ShipContainer.png
15:44:55.655 [FXGL Background Thread 2 ] DEBUG FXGLAssetLoaderServi - Loading from file system: file:/D:/battleShip/battleShip_FXGL/target/classes/assets/textures/ships/ship_b_5_h.png
15:44:55.670 [FXGL Background Thread 2 ] DEBUG FXGLAssetLoaderServi - Loading from file system: file:/D:/battleShip/battleShip_FXGL/target/classes/assets/textures/ships/ship_r_5_h.png
15:44:55.673 [FXGL Background Thread 2 ] DEBUG FXGLAssetLoaderServi - Loading from file system: file:/D:/battleShip/battleShip_FXGL/target/classes/assets/textures/ships/ship_b_4_h.png
15:44:55.677 [FXGL Background Thread 2 ] DEBUG FXGLAssetLoaderServi - Loading from file system: file:/D:/battleShip/battleShip_FXGL/target/classes/assets/textures/ships/ship_r_4_h.png
15:44:55.680 [FXGL Background Thread 2 ] DEBUG FXGLAssetLoaderServi - Loading from file system: file:/D:/battleShip/battleShip_FXGL/target/classes/assets/textures/ships/ship_b_3_2_h.png
15:44:55.684 [FXGL Background Thread 2 ] DEBUG FXGLAssetLoaderServi - Loading from file system: file:/D:/battleShip/battleShip_FXGL/target/classes/assets/textures/ships/ship_r_3_2_h.png
15:44:55.687 [FXGL Background Thread 2 ] DEBUG FXGLAssetLoaderServi - Loading from file system: file:/D:/battleShip/battleShip_FXGL/target/classes/assets/textures/ships/ship_b_3_1_h.png
15:44:55.691 [FXGL Background Thread 2 ] DEBUG FXGLAssetLoaderServi - Loading from file system: file:/D:/battleShip/battleShip_FXGL/target/classes/assets/textures/ships/ship_r_3_1_h.png
15:44:55.694 [FXGL Background Thread 2 ] DEBUG FXGLAssetLoaderServi - Loading from file system: file:/D:/battleShip/battleShip_FXGL/target/classes/assets/textures/ships/ship_b_2_h.png
15:44:55.698 [FXGL Background Thread 2 ] DEBUG FXGLAssetLoaderServi - Loading from file system: file:/D:/battleShip/battleShip_FXGL/target/classes/assets/textures/ships/ship_r_2_h.png
15:44:55.701 [FXGL Background Thread 2 ] DEBUG FXGLAssetLoaderServi - Loading from file system: file:/D:/battleShip/battleShip_FXGL/target/classes/assets/textures/Tile.png
15:44:55.724 [FXGL Background Thread 2 ] INFO  FXGLApplication      - Game initialization took: 0.115 sec
15:44:55.725 [JavaFX Application Thread] DEBUG Input                - Clearing active input actions
15:44:55.731 [JavaFX Application Thread] DEBUG GameApplicationServi - Removing overlay from FXGLLoadingScene and adding to GameScene
15:44:55.732 [JavaFX Application Thread] DEBUG PrimaryStageWindow   - FXGLLoadingScene -> GameScene
15:44:55.740 [JavaFX Application Thread] DEBUG FXGLAssetLoaderServi - Loading from file system: file:/D:/battleShip/battleShip_FXGL/target/classes/assets/textures/bg2_2.jpg
15:44:55.765 [JavaFX Application Thread] DEBUG PrimaryStageWindow   - Push state: DialogSubScene
15:44:55.765 [JavaFX Application Thread] DEBUG Input                - Clearing active input actions
15:44:55.765 [JavaFX Application Thread] DEBUG GameApplicationServi - Removing overlay from GameScene and adding to DialogSubScene
15:44:55.766 [JavaFX Application Thread] DEBUG PrimaryStageWindow   - GameScene -> DialogSubScene
15:44:57.432 [JavaFX Application Thread] DEBUG PrimaryStageWindow   - Pop state: DialogSubScene
15:44:57.432 [JavaFX Application Thread] DEBUG Input                - Clearing active input actions
15:44:57.432 [JavaFX Application Thread] DEBUG GameApplicationServi - Removing overlay from DialogSubScene and adding to GameScene
15:44:57.432 [JavaFX Application Thread] DEBUG PrimaryStageWindow   - GameScene <- DialogSubScene
15:45:06.547 [JavaFX Application Thread] DEBUG PrimaryStageWindow   - Push state: DialogSubScene
15:45:06.547 [JavaFX Application Thread] DEBUG Input                - Clearing active input actions
15:45:06.547 [JavaFX Application Thread] DEBUG GameApplicationServi - Removing overlay from GameScene and adding to DialogSubScene
15:45:06.547 [JavaFX Application Thread] DEBUG PrimaryStageWindow   - GameScene -> DialogSubScene
15:45:07.366 [JavaFX Application Thread] DEBUG PrimaryStageWindow   - Pop state: DialogSubScene
15:45:07.366 [JavaFX Application Thread] DEBUG Input                - Clearing active input actions
15:45:07.367 [JavaFX Application Thread] DEBUG GameApplicationServi - Removing overlay from DialogSubScene and adding to GameScene
15:45:07.367 [JavaFX Application Thread] DEBUG PrimaryStageWindow   - GameScene <- DialogSubScene
15:45:07.367 [JavaFX Application Thread] DEBUG PrimaryStageWindow   - Push state: BluePlayerDeployScene
15:45:07.368 [JavaFX Application Thread] DEBUG Input                - Clearing active input actions
15:45:07.368 [JavaFX Application Thread] DEBUG GameApplicationServi - Removing overlay from GameScene and adding to BluePlayerDeployScene
15:45:07.368 [JavaFX Application Thread] DEBUG PrimaryStageWindow   - GameScene -> BluePlayerDeployScene
15:45:07.368 [JavaFX Application Thread] DEBUG PrimaryStageWindow   - Pop state: BluePlayerDeployScene
15:45:07.368 [JavaFX Application Thread] DEBUG Input                - Clearing active input actions
15:45:07.368 [JavaFX Application Thread] DEBUG GameApplicationServi - Removing overlay from BluePlayerDeployScene and adding to GameScene
15:45:07.368 [JavaFX Application Thread] DEBUG PrimaryStageWindow   - GameScene <- BluePlayerDeployScene
15:45:11.700 [JavaFX Application Thread] DEBUG PrimaryStageWindow   - Push state: DialogSubScene
15:45:11.700 [JavaFX Application Thread] DEBUG Input                - Clearing active input actions
15:45:11.701 [JavaFX Application Thread] DEBUG GameApplicationServi - Removing overlay from GameScene and adding to DialogSubScene
15:45:11.701 [JavaFX Application Thread] DEBUG PrimaryStageWindow   - GameScene -> DialogSubScene
15:45:13.093 [JavaFX Application Thread] DEBUG PrimaryStageWindow   - Pop state: DialogSubScene
15:45:13.093 [JavaFX Application Thread] DEBUG Input                - Clearing active input actions
15:45:13.094 [JavaFX Application Thread] DEBUG GameApplicationServi - Removing overlay from DialogSubScene and adding to GameScene
15:45:13.094 [JavaFX Application Thread] DEBUG PrimaryStageWindow   - GameScene <- DialogSubScene
15:45:14.649 [JavaFX Application Thread] DEBUG PrimaryStageWindow   - Push state: DialogSubScene
15:45:14.649 [JavaFX Application Thread] DEBUG Input                - Clearing active input actions
15:45:14.649 [JavaFX Application Thread] DEBUG GameApplicationServi - Removing overlay from GameScene and adding to DialogSubScene
15:45:14.649 [JavaFX Application Thread] DEBUG PrimaryStageWindow   - GameScene -> DialogSubScene
15:45:15.132 [JavaFX Application Thread] DEBUG PrimaryStageWindow   - Pop state: DialogSubScene
15:45:15.132 [JavaFX Application Thread] DEBUG Input                - Clearing active input actions
15:45:15.133 [JavaFX Application Thread] DEBUG GameApplicationServi - Removing overlay from DialogSubScene and adding to GameScene
15:45:15.133 [JavaFX Application Thread] DEBUG PrimaryStageWindow   - GameScene <- DialogSubScene
15:45:15.133 [JavaFX Application Thread] DEBUG PrimaryStageWindow   - Push state: RedPlayerDeployScene
15:45:15.133 [JavaFX Application Thread] DEBUG Input                - Clearing active input actions
15:45:15.134 [JavaFX Application Thread] DEBUG GameApplicationServi - Removing overlay from GameScene and adding to RedPlayerDeployScene
15:45:15.134 [JavaFX Application Thread] DEBUG PrimaryStageWindow   - GameScene -> RedPlayerDeployScene
15:45:15.134 [JavaFX Application Thread] DEBUG PrimaryStageWindow   - Pop state: RedPlayerDeployScene
15:45:15.134 [JavaFX Application Thread] DEBUG Input                - Clearing active input actions
15:45:15.134 [JavaFX Application Thread] DEBUG GameApplicationServi - Removing overlay from RedPlayerDeployScene and adding to GameScene
15:45:15.134 [JavaFX Application Thread] DEBUG PrimaryStageWindow   - GameScene <- RedPlayerDeployScene
15:45:28.895 [JavaFX Application Thread] DEBUG PrimaryStageWindow   - Push state: DialogSubScene
15:45:28.895 [JavaFX Application Thread] DEBUG Input                - Clearing active input actions
15:45:28.896 [JavaFX Application Thread] DEBUG GameApplicationServi - Removing overlay from GameScene and adding to DialogSubScene
15:45:28.896 [JavaFX Application Thread] DEBUG PrimaryStageWindow   - GameScene -> DialogSubScene
15:45:30.412 [JavaFX Application Thread] DEBUG PrimaryStageWindow   - Pop state: DialogSubScene
15:45:30.413 [JavaFX Application Thread] DEBUG Input                - Clearing active input actions
15:45:30.413 [JavaFX Application Thread] DEBUG GameApplicationServi - Removing overlay from DialogSubScene and adding to GameScene
15:45:30.413 [JavaFX Application Thread] DEBUG PrimaryStageWindow   - GameScene <- DialogSubScene
15:45:30.413 [JavaFX Application Thread] DEBUG PrimaryStageWindow   - Push state: RedPlayerScene
15:45:30.416 [JavaFX Application Thread] DEBUG Input                - Clearing active input actions
15:45:30.416 [JavaFX Application Thread] DEBUG GameApplicationServi - Removing overlay from GameScene and adding to RedPlayerScene
15:45:30.416 [JavaFX Application Thread] DEBUG PrimaryStageWindow   - GameScene -> RedPlayerScene
15:45:30.416 [JavaFX Application Thread] DEBUG PrimaryStageWindow   - Pop state: RedPlayerScene
15:45:30.416 [JavaFX Application Thread] DEBUG Input                - Clearing active input actions
15:45:30.416 [JavaFX Application Thread] DEBUG GameApplicationServi - Removing overlay from RedPlayerScene and adding to GameScene
15:45:30.417 [JavaFX Application Thread] DEBUG PrimaryStageWindow   - GameScene <- RedPlayerScene
15:45:31.781 [JavaFX Application Thread] DEBUG FXGLAssetLoaderServi - Loading from file system: file:/D:/battleShip/battleShip_FXGL/target/classes/assets/textures/Player1.png
15:45:33.718 [JavaFX Application Thread] DEBUG FXGLAssetLoaderServi - Loading from file system: file:/D:/battleShip/battleShip_FXGL/target/classes/assets/textures/Player1Hit.png
15:45:50.361 [JavaFX Application Thread] DEBUG PrimaryStageWindow   - Push state: DialogSubScene
15:45:50.361 [JavaFX Application Thread] DEBUG Input                - Clearing active input actions
15:45:50.361 [JavaFX Application Thread] DEBUG GameApplicationServi - Removing overlay from GameScene and adding to DialogSubScene
15:45:50.362 [JavaFX Application Thread] DEBUG PrimaryStageWindow   - GameScene -> DialogSubScene
15:45:50.893 [JavaFX Application Thread] DEBUG PrimaryStageWindow   - Pop state: DialogSubScene
15:45:50.894 [JavaFX Application Thread] DEBUG Input                - Clearing active input actions
15:45:50.894 [JavaFX Application Thread] DEBUG GameApplicationServi - Removing overlay from DialogSubScene and adding to GameScene
15:45:50.894 [JavaFX Application Thread] DEBUG PrimaryStageWindow   - GameScene <- DialogSubScene
15:45:50.894 [JavaFX Application Thread] DEBUG PrimaryStageWindow   - Push state: BluePlayerScene
15:45:50.895 [JavaFX Application Thread] DEBUG Input                - Clearing active input actions
15:45:50.895 [JavaFX Application Thread] DEBUG GameApplicationServi - Removing overlay from GameScene and adding to BluePlayerScene
15:45:50.895 [JavaFX Application Thread] DEBUG PrimaryStageWindow   - GameScene -> BluePlayerScene
15:45:50.895 [JavaFX Application Thread] DEBUG PrimaryStageWindow   - Pop state: BluePlayerScene
15:45:50.895 [JavaFX Application Thread] DEBUG Input                - Clearing active input actions
15:45:50.895 [JavaFX Application Thread] DEBUG GameApplicationServi - Removing overlay from BluePlayerScene and adding to GameScene
15:45:50.895 [JavaFX Application Thread] DEBUG PrimaryStageWindow   - GameScene <- BluePlayerScene
15:45:52.092 [JavaFX Application Thread] DEBUG PrimaryStageWindow   - Push state: DialogSubScene
15:45:52.092 [JavaFX Application Thread] DEBUG Input                - Clearing active input actions
15:45:52.092 [JavaFX Application Thread] DEBUG GameApplicationServi - Removing overlay from GameScene and adding to DialogSubScene
15:45:52.092 [JavaFX Application Thread] DEBUG PrimaryStageWindow   - GameScene -> DialogSubScene
15:45:53.143 [JavaFX Application Thread] DEBUG PrimaryStageWindow   - Pop state: DialogSubScene
15:45:53.144 [JavaFX Application Thread] DEBUG Input                - Clearing active input actions
15:45:53.144 [JavaFX Application Thread] DEBUG GameApplicationServi - Removing overlay from DialogSubScene and adding to GameScene
15:45:53.144 [JavaFX Application Thread] DEBUG PrimaryStageWindow   - GameScene <- DialogSubScene
15:45:53.144 [JavaFX Application Thread] DEBUG PrimaryStageWindow   - Push state: RedPlayerScene
15:45:53.145 [JavaFX Application Thread] DEBUG Input                - Clearing active input actions
15:45:53.145 [JavaFX Application Thread] DEBUG GameApplicationServi - Removing overlay from GameScene and adding to RedPlayerScene
15:45:53.145 [JavaFX Application Thread] DEBUG PrimaryStageWindow   - GameScene -> RedPlayerScene
15:45:53.145 [JavaFX Application Thread] DEBUG PrimaryStageWindow   - Pop state: RedPlayerScene
15:45:53.145 [JavaFX Application Thread] DEBUG Input                - Clearing active input actions
15:45:53.145 [JavaFX Application Thread] DEBUG GameApplicationServi - Removing overlay from RedPlayerScene and adding to GameScene
15:45:53.145 [JavaFX Application Thread] DEBUG PrimaryStageWindow   - GameScene <- RedPlayerScene
15:45:54.517 [JavaFX Application Thread] DEBUG PrimaryStageWindow   - Push state: DialogSubScene
15:45:54.517 [JavaFX Application Thread] DEBUG Input                - Clearing active input actions
15:45:54.517 [JavaFX Application Thread] DEBUG GameApplicationServi - Removing overlay from GameScene and adding to DialogSubScene
15:45:54.517 [JavaFX Application Thread] DEBUG PrimaryStageWindow   - GameScene -> DialogSubScene
15:45:54.934 [JavaFX Application Thread] DEBUG PrimaryStageWindow   - Pop state: DialogSubScene
15:45:54.934 [JavaFX Application Thread] DEBUG Input                - Clearing active input actions
15:45:54.934 [JavaFX Application Thread] DEBUG GameApplicationServi - Removing overlay from DialogSubScene and adding to GameScene
15:45:54.935 [JavaFX Application Thread] DEBUG PrimaryStageWindow   - GameScene <- DialogSubScene
15:45:54.935 [JavaFX Application Thread] DEBUG PrimaryStageWindow   - Push state: BluePlayerScene
15:45:54.935 [JavaFX Application Thread] DEBUG Input                - Clearing active input actions
15:45:54.935 [JavaFX Application Thread] DEBUG GameApplicationServi - Removing overlay from GameScene and adding to BluePlayerScene
15:45:54.936 [JavaFX Application Thread] DEBUG PrimaryStageWindow   - GameScene -> BluePlayerScene
15:45:54.936 [JavaFX Application Thread] DEBUG PrimaryStageWindow   - Pop state: BluePlayerScene
15:45:54.936 [JavaFX Application Thread] DEBUG Input                - Clearing active input actions
15:45:54.936 [JavaFX Application Thread] DEBUG GameApplicationServi - Removing overlay from BluePlayerScene and adding to GameScene
15:45:54.936 [JavaFX Application Thread] DEBUG PrimaryStageWindow   - GameScene <- BluePlayerScene
15:45:56.276 [JavaFX Application Thread] DEBUG PrimaryStageWindow   - Push state: DialogSubScene
15:45:56.276 [JavaFX Application Thread] DEBUG Input                - Clearing active input actions
15:45:56.276 [JavaFX Application Thread] DEBUG GameApplicationServi - Removing overlay from GameScene and adding to DialogSubScene
15:45:56.276 [JavaFX Application Thread] DEBUG PrimaryStageWindow   - GameScene -> DialogSubScene
15:45:57.103 [JavaFX Application Thread] DEBUG PrimaryStageWindow   - Pop state: DialogSubScene
15:45:57.103 [JavaFX Application Thread] DEBUG Input                - Clearing active input actions
15:45:57.104 [JavaFX Application Thread] DEBUG GameApplicationServi - Removing overlay from DialogSubScene and adding to GameScene
15:45:57.104 [JavaFX Application Thread] DEBUG PrimaryStageWindow   - GameScene <- DialogSubScene
15:45:57.104 [JavaFX Application Thread] DEBUG PrimaryStageWindow   - Push state: RedPlayerScene
15:45:57.104 [JavaFX Application Thread] DEBUG Input                - Clearing active input actions
15:45:57.104 [JavaFX Application Thread] DEBUG GameApplicationServi - Removing overlay from GameScene and adding to RedPlayerScene
15:45:57.104 [JavaFX Application Thread] DEBUG PrimaryStageWindow   - GameScene -> RedPlayerScene
15:45:57.104 [JavaFX Application Thread] DEBUG PrimaryStageWindow   - Pop state: RedPlayerScene
15:45:57.104 [JavaFX Application Thread] DEBUG Input                - Clearing active input actions
15:45:57.104 [JavaFX Application Thread] DEBUG GameApplicationServi - Removing overlay from RedPlayerScene and adding to GameScene
15:45:57.104 [JavaFX Application Thread] DEBUG PrimaryStageWindow   - GameScene <- RedPlayerScene
15:45:57.797 [JavaFX Application Thread] DEBUG PrimaryStageWindow   - Push state: DialogSubScene
15:45:57.798 [JavaFX Application Thread] DEBUG Input                - Clearing active input actions
15:45:57.798 [JavaFX Application Thread] DEBUG GameApplicationServi - Removing overlay from GameScene and adding to DialogSubScene
15:45:57.798 [JavaFX Application Thread] DEBUG PrimaryStageWindow   - GameScene -> DialogSubScene
15:45:58.219 [JavaFX Application Thread] DEBUG PrimaryStageWindow   - Pop state: DialogSubScene
15:45:58.219 [JavaFX Application Thread] DEBUG Input                - Clearing active input actions
15:45:58.219 [JavaFX Application Thread] DEBUG GameApplicationServi - Removing overlay from DialogSubScene and adding to GameScene
15:45:58.219 [JavaFX Application Thread] DEBUG PrimaryStageWindow   - GameScene <- DialogSubScene
15:45:58.219 [JavaFX Application Thread] DEBUG PrimaryStageWindow   - Push state: BluePlayerScene
15:45:58.220 [JavaFX Application Thread] DEBUG Input                - Clearing active input actions
15:45:58.220 [JavaFX Application Thread] DEBUG GameApplicationServi - Removing overlay from GameScene and adding to BluePlayerScene
15:45:58.220 [JavaFX Application Thread] DEBUG PrimaryStageWindow   - GameScene -> BluePlayerScene
15:45:58.220 [JavaFX Application Thread] DEBUG PrimaryStageWindow   - Pop state: BluePlayerScene
15:45:58.220 [JavaFX Application Thread] DEBUG Input                - Clearing active input actions
15:45:58.220 [JavaFX Application Thread] DEBUG GameApplicationServi - Removing overlay from BluePlayerScene and adding to GameScene
15:45:58.221 [JavaFX Application Thread] DEBUG PrimaryStageWindow   - GameScene <- BluePlayerScene
15:45:58.570 [JavaFX Application Thread] DEBUG PrimaryStageWindow   - Push state: DialogSubScene
15:45:58.570 [JavaFX Application Thread] DEBUG Input                - Clearing active input actions
15:45:58.570 [JavaFX Application Thread] DEBUG GameApplicationServi - Removing overlay from GameScene and adding to DialogSubScene
15:45:58.570 [JavaFX Application Thread] DEBUG PrimaryStageWindow   - GameScene -> DialogSubScene
15:45:58.880 [JavaFX Application Thread] DEBUG PrimaryStageWindow   - Pop state: DialogSubScene
15:45:58.880 [JavaFX Application Thread] DEBUG Input                - Clearing active input actions
15:45:58.881 [JavaFX Application Thread] DEBUG GameApplicationServi - Removing overlay from DialogSubScene and adding to GameScene
15:45:58.881 [JavaFX Application Thread] DEBUG PrimaryStageWindow   - GameScene <- DialogSubScene
15:45:58.881 [JavaFX Application Thread] DEBUG PrimaryStageWindow   - Push state: RedPlayerScene
15:45:58.881 [JavaFX Application Thread] DEBUG Input                - Clearing active input actions
15:45:58.881 [JavaFX Application Thread] DEBUG GameApplicationServi - Removing overlay from GameScene and adding to RedPlayerScene
15:45:58.881 [JavaFX Application Thread] DEBUG PrimaryStageWindow   - GameScene -> RedPlayerScene
15:45:58.881 [JavaFX Application Thread] DEBUG PrimaryStageWindow   - Pop state: RedPlayerScene
15:45:58.881 [JavaFX Application Thread] DEBUG Input                - Clearing active input actions
15:45:58.881 [JavaFX Application Thread] DEBUG GameApplicationServi - Removing overlay from RedPlayerScene and adding to GameScene
15:45:58.881 [JavaFX Application Thread] DEBUG PrimaryStageWindow   - GameScene <- RedPlayerScene
15:45:59.249 [JavaFX Application Thread] DEBUG PrimaryStageWindow   - Push state: DialogSubScene
15:45:59.250 [JavaFX Application Thread] DEBUG Input                - Clearing active input actions
15:45:59.250 [JavaFX Application Thread] DEBUG GameApplicationServi - Removing overlay from GameScene and adding to DialogSubScene
15:45:59.250 [JavaFX Application Thread] DEBUG PrimaryStageWindow   - GameScene -> DialogSubScene
15:45:59.490 [JavaFX Application Thread] DEBUG PrimaryStageWindow   - Pop state: DialogSubScene
15:45:59.490 [JavaFX Application Thread] DEBUG Input                - Clearing active input actions
15:45:59.490 [JavaFX Application Thread] DEBUG GameApplicationServi - Removing overlay from DialogSubScene and adding to GameScene
15:45:59.491 [JavaFX Application Thread] DEBUG PrimaryStageWindow   - GameScene <- DialogSubScene
15:45:59.491 [JavaFX Application Thread] DEBUG PrimaryStageWindow   - Push state: BluePlayerScene
15:45:59.491 [JavaFX Application Thread] DEBUG Input                - Clearing active input actions
15:45:59.491 [JavaFX Application Thread] DEBUG GameApplicationServi - Removing overlay from GameScene and adding to BluePlayerScene
15:45:59.491 [JavaFX Application Thread] DEBUG PrimaryStageWindow   - GameScene -> BluePlayerScene
15:45:59.491 [JavaFX Application Thread] DEBUG PrimaryStageWindow   - Pop state: BluePlayerScene
15:45:59.491 [JavaFX Application Thread] DEBUG Input                - Clearing active input actions
15:45:59.491 [JavaFX Application Thread] DEBUG GameApplicationServi - Removing overlay from BluePlayerScene and adding to GameScene
15:45:59.491 [JavaFX Application Thread] DEBUG PrimaryStageWindow   - GameScene <- BluePlayerScene
15:45:59.934 [JavaFX Application Thread] DEBUG PrimaryStageWindow   - Push state: SimpleGameMenu
15:45:59.934 [JavaFX Application Thread] DEBUG Input                - Clearing active input actions
15:45:59.934 [JavaFX Application Thread] DEBUG GameApplicationServi - Removing overlay from GameScene and adding to SimpleGameMenu
15:45:59.934 [JavaFX Application Thread] DEBUG PrimaryStageWindow   - GameScene -> SimpleGameMenu
15:46:00.628 [JavaFX Application Thread] DEBUG Menu                 - fireExitToMainMenu()
15:46:00.628 [JavaFX Application Thread] DEBUG PrimaryStageWindow   - Push state: DialogSubScene
15:46:00.628 [JavaFX Application Thread] DEBUG Input                - Clearing active input actions
15:46:00.628 [JavaFX Application Thread] DEBUG GameApplicationServi - Removing overlay from SimpleGameMenu and adding to DialogSubScene
15:46:00.628 [JavaFX Application Thread] DEBUG PrimaryStageWindow   - SimpleGameMenu -> DialogSubScene
15:46:01.135 [JavaFX Application Thread] DEBUG PrimaryStageWindow   - Pop state: DialogSubScene
15:46:01.135 [JavaFX Application Thread] DEBUG Input                - Clearing active input actions
15:46:01.135 [JavaFX Application Thread] DEBUG GameApplicationServi - Removing overlay from DialogSubScene and adding to SimpleGameMenu
15:46:01.136 [JavaFX Application Thread] DEBUG PrimaryStageWindow   - SimpleGameMenu <- DialogSubScene
15:46:01.136 [JavaFX Application Thread] DEBUG PrimaryStageWindow   - Pop state: SimpleGameMenu
15:46:01.136 [JavaFX Application Thread] DEBUG Input                - Clearing active input actions
15:46:01.136 [JavaFX Application Thread] DEBUG GameApplicationServi - Removing overlay from SimpleGameMenu and adding to GameScene
15:46:01.136 [JavaFX Application Thread] DEBUG PrimaryStageWindow   - GameScene <- SimpleGameMenu
15:46:01.136 [JavaFX Application Thread] DEBUG Input                - Clearing active input actions
15:46:01.140 [JavaFX Application Thread] DEBUG GameApplicationServi - Removing overlay from GameScene and adding to FXGLMainMenuDummyScene
15:46:01.140 [JavaFX Application Thread] DEBUG PrimaryStageWindow   - GameScene -> FXGLMainMenuDummyScene
15:46:01.140 [JavaFX Application Thread] DEBUG PrimaryStageWindow   - Push state: BattleShipMainMenu
15:46:01.140 [JavaFX Application Thread] DEBUG Input                - Clearing active input actions
15:46:01.140 [JavaFX Application Thread] DEBUG GameApplicationServi - Removing overlay from FXGLMainMenuDummyScene and adding to BattleShipMainMenu
15:46:01.140 [JavaFX Application Thread] DEBUG PrimaryStageWindow   - FXGLMainMenuDummyScene -> BattleShipMainMenu
15:46:02.960 [JavaFX Application Thread] DEBUG Menu                 - fireExit()
15:46:02.961 [JavaFX Application Thread] DEBUG PrimaryStageWindow   - Push state: DialogSubScene
15:46:02.961 [JavaFX Application Thread] DEBUG Input                - Clearing active input actions
15:46:02.961 [JavaFX Application Thread] DEBUG GameApplicationServi - Removing overlay from BattleShipMainMenu and adding to DialogSubScene
15:46:02.961 [JavaFX Application Thread] DEBUG PrimaryStageWindow   - BattleShipMainMenu -> DialogSubScene
15:46:03.623 [JavaFX Application Thread] DEBUG PrimaryStageWindow   - Pop state: DialogSubScene
15:46:03.623 [JavaFX Application Thread] DEBUG Input                - Clearing active input actions
15:46:03.623 [JavaFX Application Thread] DEBUG GameApplicationServi - Removing overlay from DialogSubScene and adding to BattleShipMainMenu
15:46:03.624 [JavaFX Application Thread] DEBUG PrimaryStageWindow   - BattleShipMainMenu <- DialogSubScene
15:46:03.624 [JavaFX Application Thread] DEBUG FXGLApplication      - Exiting FXGL
15:46:03.624 [JavaFX Application Thread] DEBUG LoopRunner           - Stopping loop
15:46:03.624 [JavaFX Application Thread] DEBUG SystemBundleService  - Saving FXGL system data
15:46:03.625 [JavaFX Application Thread] DEBUG FileSystemAccess     - Writing to: D:\battleShip\battleShip_FXGL\system\fxgl.bundle
15:46:03.626 [JavaFX Application Thread] DEBUG Async                - Shutting down background threads
15:46:03.626 [JavaFX Application Thread] DEBUG PrimaryStageWindow   - Closing main window
15:46:03.647 [JavaFX Application Thread] DEBUG Logger               - Closing Logger
