20:46:20.487 [main                     ] DEBUG Logger               - Configured Logger
20:46:20.504 [main                     ] DEBUG GameApplication      - Logging settings
Title: BattleShip_FXGL
Version: 0.1
Width: 1025
Height: 1136
Fullscreen: false
Intro: false
Profiling: false
Single step:false
App Mode: DEVELOPER
Menu Key: ESCAPE
Stage Style: DECORATED
Scene Factory: class com.almasb.fxgl.app.scene.SceneFactory

20:46:20.826 [JavaFX Application Thread] DEBUG FXGLApplication      - Initializing FXGL
20:46:20.829 [JavaFX Application Thread] INFO  Engine               - FXGL-11.14 (01.03.2021 16.59) on LINUX (J:11.0.10 FX:15)
20:46:20.829 [JavaFX Application Thread] DEBUG Engine               - JRE Vendor Name: Oracle Corporation
20:46:20.829 [JavaFX Application Thread] DEBUG Engine               - Running on OS: Linux version 5.9.16-1-MANJARO
20:46:20.830 [JavaFX Application Thread] DEBUG Engine               - Architecture: amd64
20:46:20.830 [JavaFX Application Thread] INFO  Engine               - Source code and latest versions at: https://github.com/AlmasB/FXGL
20:46:20.830 [JavaFX Application Thread] INFO  Engine               -              Join the FXGL chat at: https://gitter.im/AlmasB/FXGL
20:46:20.958 [JavaFX Application Thread] DEBUG PrimaryStageWindow   - Creating a JavaFX scene
20:46:21.085 [JavaFX Application Thread] DEBUG PrimaryStageWindow   - Target settings size: 1025.0 x 1136.0
20:46:21.085 [JavaFX Application Thread] DEBUG PrimaryStageWindow   - Scaled scene size:    1025.0 x 1136.0
20:46:21.085 [JavaFX Application Thread] DEBUG PrimaryStageWindow   - Scaled ratio: (1.0, 1.0)
20:46:21.086 [JavaFX Application Thread] DEBUG PrimaryStageWindow   - Set initial scene to FXGLStartupScene
20:46:21.091 [JavaFX Application Thread] DEBUG PrimaryStageWindow   - Opening main window
20:46:21.134 [JavaFX Application Thread] DEBUG PrimaryStageWindow   - Window border size: (2.0, 29.0)
20:46:21.134 [JavaFX Application Thread] DEBUG PrimaryStageWindow   - Scaled size: 1025.0 x 1136.0
20:46:21.134 [JavaFX Application Thread] DEBUG PrimaryStageWindow   - Scaled ratio: (1.0, 1.0)
20:46:21.134 [JavaFX Application Thread] DEBUG PrimaryStageWindow   - Scene size: 1025.0 x 1136.0
20:46:21.134 [JavaFX Application Thread] DEBUG PrimaryStageWindow   - Stage size: 1027.0 x 1165.0
20:46:21.139 [FXGL Background Thread 1 ] DEBUG Engine               - Initializing environment variables
20:46:21.200 [FXGL Background Thread 1 ] DEBUG FXGLAssetLoaderServi - User app class for loading assets: class fi.utu.tech.gui.javafx.BattleShipApp
20:46:21.201 [FXGL Background Thread 1 ] DEBUG GameApplicationServi - Applying CSS: fxgl_dark.css
20:46:21.202 [FXGL Background Thread 1 ] DEBUG FXGLAssetLoaderServi - Loading from file system: jar:file:/home/yoko19191/.m2/repository/com/github/almasb/fxgl/11.14/fxgl-11.14.jar!/fxglassets/ui/css/fxgl_dark.css
20:46:21.309 [FXGL Background Thread 1 ] DEBUG GameApplicationServi - Initializing application scenes
20:46:21.373 [FXGL Background Thread 1 ] DEBUG GameWorld            - Game world initialized
20:46:21.418 [FXGL Background Thread 1 ] DEBUG PhysicsWorld         - Physics world initialized: appHeight=1136, physics.ppm=50.0
20:46:21.419 [FXGL Background Thread 1 ] DEBUG PhysicsWorld         - Using strategy: BRUTE_FORCE
20:46:21.421 [FXGL Background Thread 1 ] DEBUG GameScene            - Game scene initialized: 1025x1136
20:46:21.454 [FXGL Background Thread 1 ] DEBUG FXGLAssetLoaderServi - Loading from file system: jar:file:/home/yoko19191/.m2/repository/com/github/almasb/fxgl/11.14/fxgl-11.14.jar!/fxglassets/textures/particles/trace_horizontal.png
20:46:21.505 [FXGL Background Thread 1 ] DEBUG FXGL.DefaultMenu     - createMenuBodyGameMenu()
20:46:21.517 [FXGL Background Thread 1 ] DEBUG FXGL.DefaultMenu     - createOptionsMenu()
20:46:21.521 [FXGL Background Thread 1 ] DEBUG FXGLAssetLoaderServi - Loading from file system: jar:file:/home/yoko19191/.m2/repository/com/github/almasb/fxgl/11.14/fxgl-11.14.jar!/fxglassets/textures/particles/smoke.png
20:46:21.585 [FXGL Background Thread 1 ] DEBUG GameApplicationServi - Application scenes initialized
20:46:21.596 [FXGL Background Thread 1 ] DEBUG SystemBundleService  - Loading FXGL system data
20:46:21.599 [FXGL Background Thread 1 ] DEBUG FileSystemAccess     - Reading from: /home/yoko19191/repo/dtek0097/exercise_d/BattleShip_FXGL/system/fxgl.bundle
20:46:21.604 [FXGL Background Thread 1 ] DEBUG SystemBundleService  - Bundle FXGL: {}
20:46:21.604 [FXGL Background Thread 1 ] DEBUG UpdaterService       - Checking for updates
20:46:21.608 [FXGL Background Thread 4 ] DEBUG FXGLApplication      - Loading fonts
20:46:21.608 [FXGL Background Thread 1 ] DEBUG FXGLApplication      - Loading default localization
20:46:21.608 [FXGL Background Thread 4 ] DEBUG FXGLAssetLoaderServi - Loading from file system: jar:file:/home/yoko19191/.m2/repository/com/github/almasb/fxgl/11.14/fxgl-11.14.jar!/fxglassets/ui/fonts/VarelaRound-Regular.ttf
20:46:21.609 [FXGL Background Thread 1 ] DEBUG FXGLAssetLoaderServi - Loading from file system: jar:file:/home/yoko19191/.m2/repository/com/github/almasb/fxgl/11.14/fxgl-11.14.jar!/fxglassets/languages/english.lang
20:46:21.617 [FXGL Background Thread 4 ] DEBUG FXGLAssetLoaderServi - Loading from file system: jar:file:/home/yoko19191/.m2/repository/com/github/almasb/fxgl/11.14/fxgl-11.14.jar!/fxglassets/ui/fonts/Abel-Regular.ttf
20:46:21.619 [FXGL Background Thread 4 ] DEBUG FXGLAssetLoaderServi - Loading from file system: jar:file:/home/yoko19191/.m2/repository/com/github/almasb/fxgl/11.14/fxgl-11.14.jar!/fxglassets/ui/fonts/lucida_console.ttf
20:46:21.621 [FXGL Background Thread 4 ] DEBUG FXGLAssetLoaderServi - Loading from file system: jar:file:/home/yoko19191/.m2/repository/com/github/almasb/fxgl/11.14/fxgl-11.14.jar!/fxglassets/ui/fonts/Courier-Prime.ttf
20:46:21.623 [JavaFX Application Thread] DEBUG FXGLApplication      - Registering font factories with UI factory
20:46:21.625 [FXGL Background Thread 1 ] INFO  FXGLApplication      - FXGL initialization took: 0.486 sec
20:46:21.639 [JavaFX Application Thread] DEBUG Input                - Registered new binding: action0 - D
20:46:21.639 [JavaFX Application Thread] DEBUG Input                - Registered new binding: action1 - A
20:46:21.639 [JavaFX Application Thread] DEBUG Input                - Registered new binding: action2 - W
20:46:21.640 [JavaFX Application Thread] DEBUG Input                - Registered new binding: action3 - S
20:46:21.640 [JavaFX Application Thread] DEBUG FXGLAssetLoaderServi - Loading from file system: jar:file:/home/yoko19191/.m2/repository/com/github/almasb/fxgl/11.14/fxgl-11.14.jar!/fxglassets/textures/fxgl_icon.png
20:46:21.659 [JavaFX Application Thread] DEBUG FXGLAssetLoaderServi - Loading from file system: jar:file:/home/yoko19191/.m2/repository/com/github/almasb/fxgl/11.14/fxgl-11.14.jar!/fxglassets/ui/cursors/fxgl_default.png
20:46:21.662 [JavaFX Application Thread] DEBUG Input                - Registered new binding: Screenshot - P
20:46:21.662 [JavaFX Application Thread] DEBUG Input                - Registered new binding: System info dump - CTRL+9
20:46:21.662 [JavaFX Application Thread] DEBUG Input                - Registered new binding: Restart - CTRL+R
20:46:21.663 [JavaFX Application Thread] DEBUG Input                - Registered new binding: Toggle Debug Camera - CTRL+C
20:46:21.665 [JavaFX Application Thread] DEBUG LoopRunner           - Starting loop
20:46:21.665 [JavaFX Application Thread] DEBUG LoopRunner           - Initializing JavaFX AnimationTimerLoop
20:46:21.666 [JavaFX Application Thread] DEBUG GameApplicationServi - Starting new game
20:46:21.667 [JavaFX Application Thread] DEBUG Input                - Clearing active input actions
20:46:21.680 [JavaFX Application Thread] DEBUG GameApplicationServi - Removing overlay from FXGLStartupScene and adding to FXGLLoadingScene
20:46:21.680 [JavaFX Application Thread] DEBUG PrimaryStageWindow   - FXGLStartupScene -> FXGLLoadingScene
20:46:21.680 [JavaFX Application Thread] DEBUG GameApplicationServi - Clearing previous game
20:46:21.680 [JavaFX Application Thread] DEBUG GameScene            - Clearing game scene
20:46:21.681 [JavaFX Application Thread] DEBUG GameWorld            - Clearing game world
20:46:21.681 [JavaFX Application Thread] DEBUG PhysicsWorld         - Clearing physics world
20:46:21.683 [FXGL Background Thread 1 ] DEBUG FXGLApplication      - Initializing game
20:46:21.687 [FXGL Background Thread 1 ] DEBUG FXGLAssetLoaderServi - Loading from file system: file:/home/yoko19191/repo/dtek0097/exercise_d/BattleShip_FXGL/target/classes/assets/textures/player_1.png
20:46:21.692 [FXGL Background Thread 1 ] DEBUG FXGLAssetLoaderServi - Loading from file system: file:/home/yoko19191/repo/dtek0097/exercise_d/BattleShip_FXGL/target/classes/assets/textures/grid.jpg
20:46:21.722 [FXGL Background Thread 1 ] INFO  FXGLApplication      - Game initialization took: 0.040 sec
20:46:21.759 [JavaFX Application Thread] DEBUG Input                - Clearing active input actions
20:46:21.768 [JavaFX Application Thread] DEBUG GameApplicationServi - Removing overlay from FXGLLoadingScene and adding to GameScene
20:46:21.769 [JavaFX Application Thread] DEBUG PrimaryStageWindow   - FXGLLoadingScene -> GameScene
20:46:23.550 [JavaFX Application Thread] DEBUG FXGLApplication      - Exiting FXGL
20:46:23.550 [JavaFX Application Thread] DEBUG LoopRunner           - Stopping loop
20:46:23.551 [JavaFX Application Thread] DEBUG SystemBundleService  - Saving FXGL system data
20:46:23.552 [JavaFX Application Thread] DEBUG FileSystemAccess     - Writing to: /home/yoko19191/repo/dtek0097/exercise_d/BattleShip_FXGL/system/fxgl.bundle
20:46:23.554 [JavaFX Application Thread] DEBUG Async                - Shutting down background threads
20:46:23.554 [JavaFX Application Thread] DEBUG PrimaryStageWindow   - Closing main window
20:46:23.556 [JavaFX Application Thread] DEBUG Logger               - Closing Logger
