10:56:45.898 [main                     ] DEBUG Logger               - Configured Logger
10:56:45.922 [main                     ] DEBUG GameApplication      - Logging settings
Title: BattleShip_FXGL
Version: 0.1
Width: 1920
Height: 1080
Fullscreen: true
Intro: false
Profiling: false
Single step:false
App Mode: DEVELOPER
Menu Key: ESCAPE
Stage Style: DECORATED
Scene Factory: class fi.utu.tech.gui.javafx.fxgl.BattleShipApp$1

10:56:46.280 [JavaFX Application Thread] DEBUG FXGLApplication      - Initializing FXGL
10:56:46.282 [JavaFX Application Thread] INFO  Engine               - FXGL-11.14 (01.03.2021 16.59) on WINDOWS (J:11.0.10 FX:15)
10:56:46.282 [JavaFX Application Thread] DEBUG Engine               - JRE Vendor Name: Amazon.com Inc.
10:56:46.282 [JavaFX Application Thread] DEBUG Engine               - Running on OS: Windows 10 version 10.0
10:56:46.283 [JavaFX Application Thread] DEBUG Engine               - Architecture: amd64
10:56:46.283 [JavaFX Application Thread] INFO  Engine               - Source code and latest versions at: https://github.com/AlmasB/FXGL
10:56:46.283 [JavaFX Application Thread] INFO  Engine               -              Join the FXGL chat at: https://gitter.im/AlmasB/FXGL
10:56:46.363 [JavaFX Application Thread] DEBUG PrimaryStageWindow   - Creating a JavaFX scene
10:56:46.417 [JavaFX Application Thread] DEBUG PrimaryStageWindow   - Target settings size: 1920.0 x 1080.0
10:56:46.417 [JavaFX Application Thread] DEBUG PrimaryStageWindow   - Scaled scene size:    1920.0 x 1080.0
10:56:46.417 [JavaFX Application Thread] DEBUG PrimaryStageWindow   - Scaled ratio: (1.0, 1.0)
10:56:46.418 [JavaFX Application Thread] DEBUG PrimaryStageWindow   - Set initial scene to FXGLStartupScene
10:56:46.425 [JavaFX Application Thread] DEBUG PrimaryStageWindow   - Opening main window
10:56:46.513 [JavaFX Application Thread] DEBUG PrimaryStageWindow   - Window border size: (16.0, 39.0)
10:56:46.513 [JavaFX Application Thread] DEBUG PrimaryStageWindow   - Scaled size: 1920.0 x 1080.0
10:56:46.513 [JavaFX Application Thread] DEBUG PrimaryStageWindow   - Scaled ratio: (1.0, 1.0)
10:56:46.513 [JavaFX Application Thread] DEBUG PrimaryStageWindow   - Scene size: 1920.0 x 1080.0
10:56:46.513 [JavaFX Application Thread] DEBUG PrimaryStageWindow   - Stage size: 1936.0 x 1119.0
10:56:46.582 [JavaFX Application Thread] DEBUG PrimaryStageWindow   - Going fullscreen
10:56:46.589 [FXGL Background Thread 1 ] DEBUG Engine               - Initializing environment variables
10:56:46.628 [FXGL Background Thread 1 ] DEBUG FXGLAssetLoaderServi - User app class for loading assets: class fi.utu.tech.gui.javafx.fxgl.BattleShipApp
10:56:46.628 [FXGL Background Thread 1 ] DEBUG GameApplicationServi - Applying CSS: fxgl_dark.css
10:56:46.629 [FXGL Background Thread 1 ] DEBUG FXGLAssetLoaderServi - Loading from file system: jar:file:///C:/Users/box69/.m2/repository/com/github/almasb/fxgl/11.14/fxgl-11.14.jar!/fxglassets/ui/css/fxgl_dark.css
10:56:46.676 [FXGL Background Thread 1 ] DEBUG GameApplicationServi - Initializing application scenes
10:56:46.739 [FXGL Background Thread 1 ] DEBUG GameWorld            - Game world initialized
10:56:46.793 [FXGL Background Thread 1 ] DEBUG PhysicsWorld         - Physics world initialized: appHeight=1080, physics.ppm=50.0
10:56:46.793 [FXGL Background Thread 1 ] DEBUG PhysicsWorld         - Using strategy: BRUTE_FORCE
10:56:46.795 [FXGL Background Thread 1 ] DEBUG GameScene            - Game scene initialized: 1920x1080
10:56:46.801 [FXGL Background Thread 1 ] DEBUG FXGLAssetLoaderServi - Loading from file system: file:/D:/battleShip/battleShip_FXGL/target/classes/assets/textures/Nebula_Red.png
10:56:46.990 [FXGL Background Thread 1 ] DEBUG FXGLAssetLoaderServi - Loading from file system: jar:file:///C:/Users/box69/.m2/repository/com/github/almasb/fxgl/11.14/fxgl-11.14.jar!/fxglassets/textures/pause_menu_bg.png
10:56:47.013 [FXGL Background Thread 1 ] DEBUG GameApplicationServi - Application scenes initialized
10:56:47.024 [FXGL Background Thread 1 ] DEBUG SystemBundleService  - Loading FXGL system data
10:56:47.027 [FXGL Background Thread 1 ] DEBUG FileSystemAccess     - Reading from: D:\battleShip\battleShip_FXGL\system\fxgl.bundle
10:56:47.031 [FXGL Background Thread 1 ] DEBUG SystemBundleService  - Bundle FXGL: {}
10:56:47.032 [FXGL Background Thread 1 ] DEBUG UpdaterService       - Checking for updates
10:56:47.037 [FXGL Background Thread 1 ] DEBUG FXGLApplication      - Loading default localization
10:56:47.036 [FXGL Background Thread 4 ] DEBUG FXGLApplication      - Loading fonts
10:56:47.037 [FXGL Background Thread 1 ] DEBUG FXGLAssetLoaderServi - Loading from file system: jar:file:///C:/Users/box69/.m2/repository/com/github/almasb/fxgl/11.14/fxgl-11.14.jar!/fxglassets/languages/english.lang
10:56:47.037 [FXGL Background Thread 4 ] DEBUG FXGLAssetLoaderServi - Loading from file system: jar:file:///C:/Users/box69/.m2/repository/com/github/almasb/fxgl/11.14/fxgl-11.14.jar!/fxglassets/ui/fonts/VarelaRound-Regular.ttf
10:56:47.051 [FXGL Background Thread 1 ] INFO  FXGLApplication      - FXGL initialization took: 0.462 sec
10:56:47.064 [JavaFX Application Thread] DEBUG Input                - Registered new binding: Change Scene - Space
10:56:47.065 [JavaFX Application Thread] DEBUG Input                - Registered new binding: action0 - R
10:56:47.066 [JavaFX Application Thread] DEBUG Input                - Registered new binding: Deploy - RMB
10:56:47.066 [JavaFX Application Thread] DEBUG Input                - Registered new binding: Attack - LMB
10:56:47.067 [JavaFX Application Thread] DEBUG FXGLAssetLoaderServi - Loading from file system: file:/D:/battleShip/battleShip_FXGL/target/classes/assets/music/CrashedShip.mp3
10:56:47.224 [JavaFX Application Thread] DEBUG AudioPlayer          - Playing music com.almasb.fxgl.audio.Music@21dca4ed
10:56:47.225 [JavaFX Application Thread] DEBUG FXGLAssetLoaderServi - Loading from file system: jar:file:///C:/Users/box69/.m2/repository/com/github/almasb/fxgl/11.14/fxgl-11.14.jar!/fxglassets/textures/fxgl_icon.png
10:56:47.245 [JavaFX Application Thread] DEBUG FXGLAssetLoaderServi - Loading from file system: jar:file:///C:/Users/box69/.m2/repository/com/github/almasb/fxgl/11.14/fxgl-11.14.jar!/fxglassets/ui/cursors/fxgl_default.png
10:56:47.247 [JavaFX Application Thread] DEBUG Input                - Registered new binding: Screenshot - P
10:56:47.247 [JavaFX Application Thread] DEBUG Input                - Registered new binding: System info dump - CTRL+9
10:56:47.248 [JavaFX Application Thread] DEBUG Input                - Registered new binding: Restart - CTRL+R
10:56:47.248 [JavaFX Application Thread] DEBUG Input                - Registered new binding: Toggle Debug Camera - CTRL+C
10:56:47.250 [JavaFX Application Thread] DEBUG LoopRunner           - Starting loop
10:56:47.250 [JavaFX Application Thread] DEBUG LoopRunner           - Initializing JavaFX AnimationTimerLoop
10:56:47.252 [JavaFX Application Thread] DEBUG Input                - Clearing active input actions
10:56:47.260 [JavaFX Application Thread] DEBUG GameApplicationServi - Removing overlay from FXGLStartupScene and adding to FXGLMainMenuDummyScene
10:56:47.260 [JavaFX Application Thread] DEBUG PrimaryStageWindow   - FXGLStartupScene -> FXGLMainMenuDummyScene
10:56:47.260 [JavaFX Application Thread] DEBUG PrimaryStageWindow   - Push state: BattleShipMainMenu
10:56:47.261 [JavaFX Application Thread] DEBUG Input                - Clearing active input actions
10:56:47.264 [JavaFX Application Thread] DEBUG GameApplicationServi - Removing overlay from FXGLMainMenuDummyScene and adding to BattleShipMainMenu
10:56:47.264 [JavaFX Application Thread] DEBUG PrimaryStageWindow   - FXGLMainMenuDummyScene -> BattleShipMainMenu
10:56:47.469 [FXGL Background Thread 4 ] DEBUG FXGLAssetLoaderServi - Loading from file system: jar:file:///C:/Users/box69/.m2/repository/com/github/almasb/fxgl/11.14/fxgl-11.14.jar!/fxglassets/ui/fonts/Abel-Regular.ttf
10:56:47.472 [FXGL Background Thread 4 ] DEBUG FXGLAssetLoaderServi - Loading from file system: jar:file:///C:/Users/box69/.m2/repository/com/github/almasb/fxgl/11.14/fxgl-11.14.jar!/fxglassets/ui/fonts/lucida_console.ttf
10:56:47.476 [FXGL Background Thread 4 ] DEBUG FXGLAssetLoaderServi - Loading from file system: jar:file:///C:/Users/box69/.m2/repository/com/github/almasb/fxgl/11.14/fxgl-11.14.jar!/fxglassets/ui/fonts/Courier-Prime.ttf
10:56:47.479 [JavaFX Application Thread] DEBUG FXGLApplication      - Registering font factories with UI factory
10:56:47.887 [JavaFX Application Thread] DEBUG PrimaryStageWindow   - Push state: DialogSubScene
10:56:47.887 [JavaFX Application Thread] DEBUG Input                - Clearing active input actions
10:56:47.891 [JavaFX Application Thread] DEBUG GameApplicationServi - Removing overlay from BattleShipMainMenu and adding to DialogSubScene
10:56:47.891 [JavaFX Application Thread] DEBUG PrimaryStageWindow   - BattleShipMainMenu -> DialogSubScene
10:56:50.035 [FXGL Background Thread 3 ] DEBUG Engine               - Logging environment variables
10:56:50.036 [FXGL Background Thread 3 ] DEBUG Engine               - achievements: []
10:56:50.036 [FXGL Background Thread 3 ] DEBUG Engine               - actualHeight: 1080.0
10:56:50.036 [FXGL Background Thread 3 ] DEBUG Engine               - actualHeightProperty: ReadOnlyDoubleProperty [value: 1080.0]
10:56:50.036 [FXGL Background Thread 3 ] DEBUG Engine               - actualWidth: 1920.0
10:56:50.036 [FXGL Background Thread 3 ] DEBUG Engine               - actualWidthProperty: ReadOnlyDoubleProperty [value: 1920.0]
10:56:50.036 [FXGL Background Thread 3 ] DEBUG Engine               - appIcon: fxgl_icon.png
10:56:50.036 [FXGL Background Thread 3 ] DEBUG Engine               - applicationMode: DEVELOPER
10:56:50.036 [FXGL Background Thread 3 ] DEBUG Engine               - cSSList: [fxgl_dark.css]
10:56:50.036 [FXGL Background Thread 3 ] DEBUG Engine               - collisionDetectionStrategy: BRUTE_FORCE
10:56:50.037 [FXGL Background Thread 3 ] DEBUG Engine               - configClass: Optional.empty
10:56:50.037 [FXGL Background Thread 3 ] DEBUG Engine               - credits: []
10:56:50.037 [FXGL Background Thread 3 ] DEBUG Engine               - devBBoxColorProperty: ObjectProperty [value: 0xff0000ff]
10:56:50.037 [FXGL Background Thread 3 ] DEBUG Engine               - devEnableDebugCameraProperty: BooleanProperty [value: false]
10:56:50.037 [FXGL Background Thread 3 ] DEBUG Engine               - devSensorColorProperty: ObjectProperty [value: 0xffff00ff]
10:56:50.037 [FXGL Background Thread 3 ] DEBUG Engine               - devShowBBoxProperty: BooleanProperty [value: false]
10:56:50.037 [FXGL Background Thread 3 ] DEBUG Engine               - devShowPositionProperty: BooleanProperty [value: false]
10:56:50.037 [FXGL Background Thread 3 ] DEBUG Engine               - enabledMenuItems: []
10:56:50.037 [FXGL Background Thread 3 ] DEBUG Engine               - engineServices: [class com.almasb.fxgl.app.services.FXGLAssetLoaderService, class com.almasb.fxgl.app.FXGLApplication$GameApplicationService, class com.almasb.fxgl.app.services.FXGLDialogService, class com.almasb.fxgl.app.services.IOTaskExecutorService, class com.almasb.fxgl.event.EventBusService, class com.almasb.fxgl.io.FileSystemService, class com.almasb.fxgl.localization.LocalizationService, class com.almasb.fxgl.app.services.SystemBundleService, class com.almasb.fxgl.profile.SaveLoadService, class com.almasb.fxgl.ui.FXGLUIFactoryServiceProvider, class com.almasb.fxgl.ui.FXGLDialogFactoryServiceProvider, class com.almasb.fxgl.audio.AudioPlayer, class com.almasb.fxgl.notification.impl.NotificationServiceProvider, class com.almasb.fxgl.achievement.AchievementService, class com.almasb.fxgl.cutscene.CutsceneService, class com.almasb.fxgl.minigames.MiniGameService, class com.almasb.fxgl.net.NetService, class com.almasb.fxgl.app.services.UpdaterService, class com.almasb.fxgl.dev.DevService]
10:56:50.038 [FXGL Background Thread 3 ] DEBUG Engine               - fontGame: Abel-Regular.ttf
10:56:50.038 [FXGL Background Thread 3 ] DEBUG Engine               - fontMono: lucida_console.ttf
10:56:50.038 [FXGL Background Thread 3 ] DEBUG Engine               - fontText: Courier-Prime.ttf
10:56:50.038 [FXGL Background Thread 3 ] DEBUG Engine               - fontUI: VarelaRound-Regular.ttf
10:56:50.038 [FXGL Background Thread 3 ] DEBUG Engine               - fullScreen: BooleanProperty [value: true]
10:56:50.038 [FXGL Background Thread 3 ] DEBUG Engine               - gameDifficulty: MEDIUM
10:56:50.038 [FXGL Background Thread 3 ] DEBUG Engine               - gameDifficultyProperty: ObjectProperty [value: MEDIUM]
10:56:50.038 [FXGL Background Thread 3 ] DEBUG Engine               - globalMusicVolume: 0.5
10:56:50.038 [FXGL Background Thread 3 ] DEBUG Engine               - globalMusicVolumeProperty: DoubleProperty [value: 0.2]
10:56:50.038 [FXGL Background Thread 3 ] DEBUG Engine               - globalSoundVolume: 0.5
10:56:50.038 [FXGL Background Thread 3 ] DEBUG Engine               - globalSoundVolumeProperty: DoubleProperty [value: 0.5]
10:56:50.039 [FXGL Background Thread 3 ] DEBUG Engine               - height: 1080
10:56:50.039 [FXGL Background Thread 3 ] DEBUG Engine               - isAndroid: false
10:56:50.039 [FXGL Background Thread 3 ] DEBUG Engine               - isBrowser: false
10:56:50.039 [FXGL Background Thread 3 ] DEBUG Engine               - isClickFeedbackEnabled: false
10:56:50.039 [FXGL Background Thread 3 ] DEBUG Engine               - isCloseConfirmation: false
10:56:50.039 [FXGL Background Thread 3 ] DEBUG Engine               - isDesktop: true
10:56:50.039 [FXGL Background Thread 3 ] DEBUG Engine               - isDeveloperMenuEnabled: false
10:56:50.039 [FXGL Background Thread 3 ] DEBUG Engine               - isEntityPreloadEnabled: true
10:56:50.039 [FXGL Background Thread 3 ] DEBUG Engine               - isExperimental3D: false
10:56:50.039 [FXGL Background Thread 3 ] DEBUG Engine               - isExperimentalNative: false
10:56:50.039 [FXGL Background Thread 3 ] DEBUG Engine               - isExperimentalTiledLargeMap: false
10:56:50.039 [FXGL Background Thread 3 ] DEBUG Engine               - isFileSystemWriteAllowed: true
10:56:50.040 [FXGL Background Thread 3 ] DEBUG Engine               - isFullScreenAllowed: true
10:56:50.040 [FXGL Background Thread 3 ] DEBUG Engine               - isFullScreenFromStart: true
10:56:50.040 [FXGL Background Thread 3 ] DEBUG Engine               - isGameMenuEnabled: true
10:56:50.040 [FXGL Background Thread 3 ] DEBUG Engine               - isIOS: false
10:56:50.040 [FXGL Background Thread 3 ] DEBUG Engine               - isIntroEnabled: false
10:56:50.040 [FXGL Background Thread 3 ] DEBUG Engine               - isLinux: false
10:56:50.040 [FXGL Background Thread 3 ] DEBUG Engine               - isMac: false
10:56:50.040 [FXGL Background Thread 3 ] DEBUG Engine               - isMainMenuEnabled: true
10:56:50.040 [FXGL Background Thread 3 ] DEBUG Engine               - isManualResizeEnabled: false
10:56:50.040 [FXGL Background Thread 3 ] DEBUG Engine               - isMobile: false
10:56:50.040 [FXGL Background Thread 3 ] DEBUG Engine               - isPreserveResizeRatio: false
10:56:50.040 [FXGL Background Thread 3 ] DEBUG Engine               - isProfilingEnabled: false
10:56:50.040 [FXGL Background Thread 3 ] DEBUG Engine               - isScaleAffectedOnResize: true
10:56:50.040 [FXGL Background Thread 3 ] DEBUG Engine               - isSingleStep: false
10:56:50.041 [FXGL Background Thread 3 ] DEBUG Engine               - isUserProfileEnabled: false
10:56:50.041 [FXGL Background Thread 3 ] DEBUG Engine               - isWindows: true
10:56:50.041 [FXGL Background Thread 3 ] DEBUG Engine               - language: ObjectProperty [value: ENGLISH]
10:56:50.041 [FXGL Background Thread 3 ] DEBUG Engine               - menuKey: ESCAPE
10:56:50.041 [FXGL Background Thread 3 ] DEBUG Engine               - notificationViewClass: class com.almasb.fxgl.notification.view.XboxNotificationView
10:56:50.041 [FXGL Background Thread 3 ] DEBUG Engine               - pixelsPerMeter: 50.0
10:56:50.041 [FXGL Background Thread 3 ] DEBUG Engine               - platform: WINDOWS
10:56:50.041 [FXGL Background Thread 3 ] DEBUG Engine               - prefHeightProperty: ReadOnlyDoubleProperty [value: 1080.0]
10:56:50.041 [FXGL Background Thread 3 ] DEBUG Engine               - prefWidthProperty: ReadOnlyDoubleProperty [value: 1920.0]
10:56:50.041 [FXGL Background Thread 3 ] DEBUG Engine               - profileDir: profiles/
10:56:50.041 [FXGL Background Thread 3 ] DEBUG Engine               - profileName: StringProperty [value: DEFAULT]
10:56:50.042 [FXGL Background Thread 3 ] DEBUG Engine               - randomSeed: -1
10:56:50.042 [FXGL Background Thread 3 ] DEBUG Engine               - runtimeInfo: RuntimeInfo(platform=WINDOWS, version=11.14, build=01.03.2021 16.59)
10:56:50.042 [FXGL Background Thread 3 ] DEBUG Engine               - saveFileExt: sav
10:56:50.042 [FXGL Background Thread 3 ] DEBUG Engine               - scaledHeightProp$fxgl: DoubleProperty [bound, value: 1080.0]
10:56:50.042 [FXGL Background Thread 3 ] DEBUG Engine               - scaledWidthProp$fxgl: DoubleProperty [bound, value: 1920.0]
10:56:50.042 [FXGL Background Thread 3 ] DEBUG Engine               - sceneFactory: fi.utu.tech.gui.javafx.fxgl.BattleShipApp$1@407a8c1
10:56:50.042 [FXGL Background Thread 3 ] DEBUG Engine               - secondsIn24h: 60
10:56:50.042 [FXGL Background Thread 3 ] DEBUG Engine               - soundMenuBack: menu/back.wav
10:56:50.042 [FXGL Background Thread 3 ] DEBUG Engine               - soundMenuPress: menu/press.wav
10:56:50.042 [FXGL Background Thread 3 ] DEBUG Engine               - soundMenuSelect: menu/select.wav
10:56:50.042 [FXGL Background Thread 3 ] DEBUG Engine               - soundNotification: core/notification.wav
10:56:50.042 [FXGL Background Thread 3 ] DEBUG Engine               - stageStyle: DECORATED
10:56:50.042 [FXGL Background Thread 3 ] DEBUG Engine               - supportedLanguages: [ENGLISH, FRENCH, GERMAN, HUNGARIAN, RUSSIAN]
10:56:50.042 [FXGL Background Thread 3 ] DEBUG Engine               - ticksPerSecond: -1
10:56:50.042 [FXGL Background Thread 3 ] DEBUG Engine               - title: BattleShip_FXGL
10:56:50.043 [FXGL Background Thread 3 ] DEBUG Engine               - urlGithub: https://github.com/AlmasB/FXGL
10:56:50.043 [FXGL Background Thread 3 ] DEBUG Engine               - urlLeaderboard: http://fxgl-top.herokuapp.com/
10:56:50.043 [FXGL Background Thread 3 ] DEBUG Engine               - urlPOM: https://raw.githubusercontent.com/AlmasB/FXGL/release/README.md
10:56:50.043 [FXGL Background Thread 3 ] DEBUG Engine               - userAppClass: class fi.utu.tech.gui.javafx.fxgl.BattleShipApp
10:56:50.043 [FXGL Background Thread 3 ] DEBUG Engine               - version: 0.1
10:56:50.043 [FXGL Background Thread 3 ] DEBUG Engine               - versionCheckDays: 7
10:56:50.043 [FXGL Background Thread 3 ] DEBUG Engine               - width: 1920
10:56:50.043 [FXGL Background Thread 3 ] DEBUG Engine               - Logging services
10:56:50.043 [FXGL Background Thread 3 ] DEBUG Engine               - class com.almasb.fxgl.app.services.FXGLAssetLoaderService
10:56:50.043 [FXGL Background Thread 3 ] DEBUG Engine               - class com.almasb.fxgl.app.FXGLApplication$GameApplicationService
10:56:50.043 [FXGL Background Thread 3 ] DEBUG Engine               - class com.almasb.fxgl.app.services.FXGLDialogService
10:56:50.043 [FXGL Background Thread 3 ] DEBUG Engine               - class com.almasb.fxgl.app.services.IOTaskExecutorService
10:56:50.043 [FXGL Background Thread 3 ] DEBUG Engine               - class com.almasb.fxgl.event.EventBusService
10:56:50.043 [FXGL Background Thread 3 ] DEBUG Engine               - class com.almasb.fxgl.io.FileSystemService
10:56:50.044 [FXGL Background Thread 3 ] DEBUG Engine               - class com.almasb.fxgl.localization.LocalizationService
10:56:50.044 [FXGL Background Thread 3 ] DEBUG Engine               - class com.almasb.fxgl.app.services.SystemBundleService
10:56:50.044 [FXGL Background Thread 3 ] DEBUG Engine               - class com.almasb.fxgl.profile.SaveLoadService
10:56:50.044 [FXGL Background Thread 3 ] DEBUG Engine               - class com.almasb.fxgl.ui.FXGLUIFactoryServiceProvider
10:56:50.044 [FXGL Background Thread 3 ] DEBUG Engine               - class com.almasb.fxgl.ui.FXGLDialogFactoryServiceProvider
10:56:50.044 [FXGL Background Thread 3 ] DEBUG Engine               - class com.almasb.fxgl.audio.AudioPlayer
10:56:50.044 [FXGL Background Thread 3 ] DEBUG Engine               - class com.almasb.fxgl.notification.impl.NotificationServiceProvider
10:56:50.044 [FXGL Background Thread 3 ] DEBUG Engine               - class com.almasb.fxgl.achievement.AchievementService
10:56:50.044 [FXGL Background Thread 3 ] DEBUG Engine               - class com.almasb.fxgl.cutscene.CutsceneService
10:56:50.044 [FXGL Background Thread 3 ] DEBUG Engine               - class com.almasb.fxgl.minigames.MiniGameService
10:56:50.044 [FXGL Background Thread 3 ] DEBUG Engine               - class com.almasb.fxgl.net.NetService
10:56:50.044 [FXGL Background Thread 3 ] DEBUG Engine               - class com.almasb.fxgl.app.services.UpdaterService
10:56:50.044 [FXGL Background Thread 3 ] DEBUG Engine               - class com.almasb.fxgl.dev.DevService
10:56:54.610 [JavaFX Application Thread] DEBUG PrimaryStageWindow   - Pop state: DialogSubScene
10:56:54.610 [JavaFX Application Thread] DEBUG Input                - Clearing active input actions
10:56:54.610 [JavaFX Application Thread] DEBUG GameApplicationServi - Removing overlay from DialogSubScene and adding to BattleShipMainMenu
10:56:54.611 [JavaFX Application Thread] DEBUG PrimaryStageWindow   - BattleShipMainMenu <- DialogSubScene
10:56:54.944 [JavaFX Application Thread] DEBUG Menu                 - fireNewGame()
10:56:54.945 [JavaFX Application Thread] DEBUG GameApplicationServi - Starting new game
10:56:54.945 [JavaFX Application Thread] DEBUG PrimaryStageWindow   - Pop state: BattleShipMainMenu
10:56:54.945 [JavaFX Application Thread] DEBUG Input                - Clearing active input actions
10:56:54.945 [JavaFX Application Thread] DEBUG GameApplicationServi - Removing overlay from BattleShipMainMenu and adding to FXGLMainMenuDummyScene
10:56:54.945 [JavaFX Application Thread] DEBUG PrimaryStageWindow   - FXGLMainMenuDummyScene <- BattleShipMainMenu
10:56:54.945 [JavaFX Application Thread] DEBUG Input                - Clearing active input actions
10:56:54.953 [JavaFX Application Thread] DEBUG GameApplicationServi - Removing overlay from FXGLMainMenuDummyScene and adding to FXGLLoadingScene
10:56:54.954 [JavaFX Application Thread] DEBUG PrimaryStageWindow   - FXGLMainMenuDummyScene -> FXGLLoadingScene
10:56:54.954 [JavaFX Application Thread] DEBUG GameApplicationServi - Clearing previous game
10:56:54.954 [JavaFX Application Thread] DEBUG GameScene            - Clearing game scene
10:56:54.954 [JavaFX Application Thread] DEBUG GameWorld            - Clearing game world
10:56:54.954 [JavaFX Application Thread] DEBUG PhysicsWorld         - Clearing physics world
10:56:54.955 [FXGL Background Thread 2 ] DEBUG FXGLApplication      - Initializing game
10:56:54.960 [FXGL Background Thread 2 ] DEBUG FXGLAssetLoaderServi - Loading from file system: file:/D:/battleShip/battleShip_FXGL/target/classes/assets/textures/bg.jpg
10:56:54.992 [FXGL Background Thread 2 ] DEBUG FXGLAssetLoaderServi - Loading from file system: file:/D:/battleShip/battleShip_FXGL/target/classes/assets/textures/ShipContainer.png
10:56:54.996 [FXGL Background Thread 2 ] DEBUG FXGLAssetLoaderServi - Loading from file system: file:/D:/battleShip/battleShip_FXGL/target/classes/assets/textures/ships/ship_b_5_h.png
10:56:55.008 [FXGL Background Thread 2 ] DEBUG FXGLAssetLoaderServi - Loading from file system: file:/D:/battleShip/battleShip_FXGL/target/classes/assets/textures/ships/ship_r_5_h.png
10:56:55.011 [FXGL Background Thread 2 ] DEBUG FXGLAssetLoaderServi - Loading from file system: file:/D:/battleShip/battleShip_FXGL/target/classes/assets/textures/ships/ship_b_4_h.png
10:56:55.014 [FXGL Background Thread 2 ] DEBUG FXGLAssetLoaderServi - Loading from file system: file:/D:/battleShip/battleShip_FXGL/target/classes/assets/textures/ships/ship_r_4_h.png
10:56:55.016 [FXGL Background Thread 2 ] DEBUG FXGLAssetLoaderServi - Loading from file system: file:/D:/battleShip/battleShip_FXGL/target/classes/assets/textures/ships/ship_b_3_2_h.png
10:56:55.018 [FXGL Background Thread 2 ] DEBUG FXGLAssetLoaderServi - Loading from file system: file:/D:/battleShip/battleShip_FXGL/target/classes/assets/textures/ships/ship_r_3_2_h.png
10:56:55.019 [FXGL Background Thread 2 ] DEBUG FXGLAssetLoaderServi - Loading from file system: file:/D:/battleShip/battleShip_FXGL/target/classes/assets/textures/ships/ship_b_3_1_h.png
10:56:55.021 [FXGL Background Thread 2 ] DEBUG FXGLAssetLoaderServi - Loading from file system: file:/D:/battleShip/battleShip_FXGL/target/classes/assets/textures/ships/ship_r_3_1_h.png
10:56:55.023 [FXGL Background Thread 2 ] DEBUG FXGLAssetLoaderServi - Loading from file system: file:/D:/battleShip/battleShip_FXGL/target/classes/assets/textures/ships/ship_b_2_h.png
10:56:55.025 [FXGL Background Thread 2 ] DEBUG FXGLAssetLoaderServi - Loading from file system: file:/D:/battleShip/battleShip_FXGL/target/classes/assets/textures/ships/ship_r_2_h.png
10:56:55.027 [FXGL Background Thread 2 ] DEBUG FXGLAssetLoaderServi - Loading from file system: file:/D:/battleShip/battleShip_FXGL/target/classes/assets/textures/Tile.png
10:56:55.048 [FXGL Background Thread 2 ] INFO  FXGLApplication      - Game initialization took: 0.093 sec
10:56:55.048 [JavaFX Application Thread] DEBUG Input                - Clearing active input actions
10:56:55.055 [JavaFX Application Thread] DEBUG GameApplicationServi - Removing overlay from FXGLLoadingScene and adding to GameScene
10:56:55.056 [JavaFX Application Thread] DEBUG PrimaryStageWindow   - FXGLLoadingScene -> GameScene
10:56:55.062 [JavaFX Application Thread] DEBUG FXGLAssetLoaderServi - Loading from file system: file:/D:/battleShip/battleShip_FXGL/target/classes/assets/textures/bg2.jpg
10:56:55.094 [JavaFX Application Thread] DEBUG PrimaryStageWindow   - Push state: DialogSubScene
10:56:55.094 [JavaFX Application Thread] DEBUG Input                - Clearing active input actions
10:56:55.095 [JavaFX Application Thread] DEBUG GameApplicationServi - Removing overlay from GameScene and adding to DialogSubScene
10:56:55.095 [JavaFX Application Thread] DEBUG PrimaryStageWindow   - GameScene -> DialogSubScene
10:56:56.270 [JavaFX Application Thread] DEBUG PrimaryStageWindow   - Pop state: DialogSubScene
10:56:56.270 [JavaFX Application Thread] DEBUG Input                - Clearing active input actions
10:56:56.270 [JavaFX Application Thread] DEBUG GameApplicationServi - Removing overlay from DialogSubScene and adding to GameScene
10:56:56.270 [JavaFX Application Thread] DEBUG PrimaryStageWindow   - GameScene <- DialogSubScene
10:56:57.797 [JavaFX Application Thread] DEBUG PrimaryStageWindow   - Push state: DialogSubScene
10:56:57.797 [JavaFX Application Thread] DEBUG Input                - Clearing active input actions
10:56:57.797 [JavaFX Application Thread] DEBUG GameApplicationServi - Removing overlay from GameScene and adding to DialogSubScene
10:56:57.797 [JavaFX Application Thread] DEBUG PrimaryStageWindow   - GameScene -> DialogSubScene
10:56:58.359 [JavaFX Application Thread] DEBUG PrimaryStageWindow   - Pop state: DialogSubScene
10:56:58.359 [JavaFX Application Thread] DEBUG Input                - Clearing active input actions
10:56:58.360 [JavaFX Application Thread] DEBUG GameApplicationServi - Removing overlay from DialogSubScene and adding to GameScene
10:56:58.360 [JavaFX Application Thread] DEBUG PrimaryStageWindow   - GameScene <- DialogSubScene
10:56:58.360 [JavaFX Application Thread] DEBUG PrimaryStageWindow   - Push state: BluePlayerDeployScene
10:56:58.361 [JavaFX Application Thread] DEBUG Input                - Clearing active input actions
10:56:58.361 [JavaFX Application Thread] DEBUG GameApplicationServi - Removing overlay from GameScene and adding to BluePlayerDeployScene
10:56:58.361 [JavaFX Application Thread] DEBUG PrimaryStageWindow   - GameScene -> BluePlayerDeployScene
10:56:58.361 [JavaFX Application Thread] DEBUG PrimaryStageWindow   - Pop state: BluePlayerDeployScene
10:56:58.361 [JavaFX Application Thread] DEBUG Input                - Clearing active input actions
10:56:58.361 [JavaFX Application Thread] DEBUG GameApplicationServi - Removing overlay from BluePlayerDeployScene and adding to GameScene
10:56:58.361 [JavaFX Application Thread] DEBUG PrimaryStageWindow   - GameScene <- BluePlayerDeployScene
10:57:05.753 [JavaFX Application Thread] DEBUG PrimaryStageWindow   - Push state: DialogSubScene
10:57:05.753 [JavaFX Application Thread] DEBUG Input                - Clearing active input actions
10:57:05.753 [JavaFX Application Thread] DEBUG GameApplicationServi - Removing overlay from GameScene and adding to DialogSubScene
10:57:05.753 [JavaFX Application Thread] DEBUG PrimaryStageWindow   - GameScene -> DialogSubScene
10:57:06.159 [JavaFX Application Thread] DEBUG PrimaryStageWindow   - Pop state: DialogSubScene
10:57:06.160 [JavaFX Application Thread] DEBUG Input                - Clearing active input actions
10:57:06.160 [JavaFX Application Thread] DEBUG GameApplicationServi - Removing overlay from DialogSubScene and adding to GameScene
10:57:06.160 [JavaFX Application Thread] DEBUG PrimaryStageWindow   - GameScene <- DialogSubScene
10:57:06.160 [JavaFX Application Thread] DEBUG PrimaryStageWindow   - Push state: RedPlayerDeployScene
10:57:06.161 [JavaFX Application Thread] DEBUG Input                - Clearing active input actions
10:57:06.161 [JavaFX Application Thread] DEBUG GameApplicationServi - Removing overlay from GameScene and adding to RedPlayerDeployScene
10:57:06.161 [JavaFX Application Thread] DEBUG PrimaryStageWindow   - GameScene -> RedPlayerDeployScene
10:57:06.161 [JavaFX Application Thread] DEBUG PrimaryStageWindow   - Pop state: RedPlayerDeployScene
10:57:06.161 [JavaFX Application Thread] DEBUG Input                - Clearing active input actions
10:57:06.161 [JavaFX Application Thread] DEBUG GameApplicationServi - Removing overlay from RedPlayerDeployScene and adding to GameScene
10:57:06.161 [JavaFX Application Thread] DEBUG PrimaryStageWindow   - GameScene <- RedPlayerDeployScene
10:57:14.320 [JavaFX Application Thread] DEBUG PrimaryStageWindow   - Push state: DialogSubScene
10:57:14.320 [JavaFX Application Thread] DEBUG Input                - Clearing active input actions
10:57:14.321 [JavaFX Application Thread] DEBUG GameApplicationServi - Removing overlay from GameScene and adding to DialogSubScene
10:57:14.321 [JavaFX Application Thread] DEBUG PrimaryStageWindow   - GameScene -> DialogSubScene
10:57:14.896 [JavaFX Application Thread] DEBUG PrimaryStageWindow   - Pop state: DialogSubScene
10:57:14.897 [JavaFX Application Thread] DEBUG Input                - Clearing active input actions
10:57:14.897 [JavaFX Application Thread] DEBUG GameApplicationServi - Removing overlay from DialogSubScene and adding to GameScene
10:57:14.897 [JavaFX Application Thread] DEBUG PrimaryStageWindow   - GameScene <- DialogSubScene
10:57:14.897 [JavaFX Application Thread] DEBUG PrimaryStageWindow   - Push state: RedPlayerScene
10:57:14.901 [JavaFX Application Thread] DEBUG Input                - Clearing active input actions
10:57:14.901 [JavaFX Application Thread] DEBUG GameApplicationServi - Removing overlay from GameScene and adding to RedPlayerScene
10:57:14.901 [JavaFX Application Thread] DEBUG PrimaryStageWindow   - GameScene -> RedPlayerScene
10:57:14.901 [JavaFX Application Thread] DEBUG PrimaryStageWindow   - Pop state: RedPlayerScene
10:57:14.901 [JavaFX Application Thread] DEBUG Input                - Clearing active input actions
10:57:14.901 [JavaFX Application Thread] DEBUG GameApplicationServi - Removing overlay from RedPlayerScene and adding to GameScene
10:57:14.901 [JavaFX Application Thread] DEBUG PrimaryStageWindow   - GameScene <- RedPlayerScene
10:57:16.034 [JavaFX Application Thread] DEBUG FXGLAssetLoaderServi - Loading from file system: file:/D:/battleShip/battleShip_FXGL/target/classes/assets/sounds/shot.wav
10:57:16.039 [JavaFX Application Thread] DEBUG FXGLAssetLoaderServi - Loading from file system: file:/D:/battleShip/battleShip_FXGL/target/classes/assets/textures/Player1.png
10:57:16.147 [JavaFX Application Thread] DEBUG FXGLAssetLoaderServi - Loading from file system: file:/D:/battleShip/battleShip_FXGL/target/classes/assets/textures/Player1Hit.png
10:57:16.148 [JavaFX Application Thread] DEBUG FXGLAssetLoaderServi - Loading from file system: file:/D:/battleShip/battleShip_FXGL/target/classes/assets/sounds/hit.wav
10:57:16.702 [JavaFX Application Thread] DEBUG PrimaryStageWindow   - Push state: DialogSubScene
10:57:16.702 [JavaFX Application Thread] DEBUG Input                - Clearing active input actions
10:57:16.702 [JavaFX Application Thread] DEBUG GameApplicationServi - Removing overlay from GameScene and adding to DialogSubScene
10:57:16.702 [JavaFX Application Thread] DEBUG PrimaryStageWindow   - GameScene -> DialogSubScene
10:57:19.352 [JavaFX Application Thread] DEBUG PrimaryStageWindow   - Pop state: DialogSubScene
10:57:19.352 [JavaFX Application Thread] DEBUG Input                - Clearing active input actions
10:57:19.353 [JavaFX Application Thread] DEBUG GameApplicationServi - Removing overlay from DialogSubScene and adding to GameScene
10:57:19.353 [JavaFX Application Thread] DEBUG PrimaryStageWindow   - GameScene <- DialogSubScene
10:57:19.854 [JavaFX Application Thread] DEBUG PrimaryStageWindow   - Push state: DialogSubScene
10:57:19.854 [JavaFX Application Thread] DEBUG Input                - Clearing active input actions
10:57:19.854 [JavaFX Application Thread] DEBUG GameApplicationServi - Removing overlay from GameScene and adding to DialogSubScene
10:57:19.854 [JavaFX Application Thread] DEBUG PrimaryStageWindow   - GameScene -> DialogSubScene
10:57:20.778 [JavaFX Application Thread] DEBUG PrimaryStageWindow   - Pop state: DialogSubScene
10:57:20.778 [JavaFX Application Thread] DEBUG Input                - Clearing active input actions
10:57:20.779 [JavaFX Application Thread] DEBUG GameApplicationServi - Removing overlay from DialogSubScene and adding to GameScene
10:57:20.779 [JavaFX Application Thread] DEBUG PrimaryStageWindow   - GameScene <- DialogSubScene
10:57:20.779 [JavaFX Application Thread] DEBUG PrimaryStageWindow   - Push state: BluePlayerScene
10:57:20.780 [JavaFX Application Thread] DEBUG Input                - Clearing active input actions
10:57:20.780 [JavaFX Application Thread] DEBUG GameApplicationServi - Removing overlay from GameScene and adding to BluePlayerScene
10:57:20.780 [JavaFX Application Thread] DEBUG PrimaryStageWindow   - GameScene -> BluePlayerScene
10:57:20.780 [JavaFX Application Thread] DEBUG PrimaryStageWindow   - Pop state: BluePlayerScene
10:57:20.780 [JavaFX Application Thread] DEBUG Input                - Clearing active input actions
10:57:20.780 [JavaFX Application Thread] DEBUG GameApplicationServi - Removing overlay from BluePlayerScene and adding to GameScene
10:57:20.780 [JavaFX Application Thread] DEBUG PrimaryStageWindow   - GameScene <- BluePlayerScene
10:57:23.869 [JavaFX Application Thread] DEBUG PrimaryStageWindow   - Push state: DialogSubScene
10:57:23.869 [JavaFX Application Thread] DEBUG Input                - Clearing active input actions
10:57:23.869 [JavaFX Application Thread] DEBUG GameApplicationServi - Removing overlay from GameScene and adding to DialogSubScene
10:57:23.870 [JavaFX Application Thread] DEBUG PrimaryStageWindow   - GameScene -> DialogSubScene
10:57:27.468 [JavaFX Application Thread] DEBUG PrimaryStageWindow   - Pop state: DialogSubScene
10:57:27.468 [JavaFX Application Thread] DEBUG Input                - Clearing active input actions
10:57:27.468 [JavaFX Application Thread] DEBUG GameApplicationServi - Removing overlay from DialogSubScene and adding to GameScene
10:57:27.468 [JavaFX Application Thread] DEBUG PrimaryStageWindow   - GameScene <- DialogSubScene
10:57:27.468 [JavaFX Application Thread] DEBUG PrimaryStageWindow   - Push state: RedPlayerScene
10:57:27.469 [JavaFX Application Thread] DEBUG Input                - Clearing active input actions
10:57:27.469 [JavaFX Application Thread] DEBUG GameApplicationServi - Removing overlay from GameScene and adding to RedPlayerScene
10:57:27.469 [JavaFX Application Thread] DEBUG PrimaryStageWindow   - GameScene -> RedPlayerScene
10:57:27.469 [JavaFX Application Thread] DEBUG PrimaryStageWindow   - Pop state: RedPlayerScene
10:57:27.469 [JavaFX Application Thread] DEBUG Input                - Clearing active input actions
10:57:27.469 [JavaFX Application Thread] DEBUG GameApplicationServi - Removing overlay from RedPlayerScene and adding to GameScene
10:57:27.469 [JavaFX Application Thread] DEBUG PrimaryStageWindow   - GameScene <- RedPlayerScene
10:57:28.429 [JavaFX Application Thread] DEBUG PrimaryStageWindow   - Push state: DialogSubScene
10:57:28.429 [JavaFX Application Thread] DEBUG Input                - Clearing active input actions
10:57:28.429 [JavaFX Application Thread] DEBUG GameApplicationServi - Removing overlay from GameScene and adding to DialogSubScene
10:57:28.429 [JavaFX Application Thread] DEBUG PrimaryStageWindow   - GameScene -> DialogSubScene
10:57:29.233 [JavaFX Application Thread] DEBUG PrimaryStageWindow   - Pop state: DialogSubScene
10:57:29.233 [JavaFX Application Thread] DEBUG Input                - Clearing active input actions
10:57:29.233 [JavaFX Application Thread] DEBUG GameApplicationServi - Removing overlay from DialogSubScene and adding to GameScene
10:57:29.233 [JavaFX Application Thread] DEBUG PrimaryStageWindow   - GameScene <- DialogSubScene
10:57:29.234 [JavaFX Application Thread] DEBUG PrimaryStageWindow   - Push state: BluePlayerScene
10:57:29.234 [JavaFX Application Thread] DEBUG Input                - Clearing active input actions
10:57:29.234 [JavaFX Application Thread] DEBUG GameApplicationServi - Removing overlay from GameScene and adding to BluePlayerScene
10:57:29.234 [JavaFX Application Thread] DEBUG PrimaryStageWindow   - GameScene -> BluePlayerScene
10:57:29.234 [JavaFX Application Thread] DEBUG PrimaryStageWindow   - Pop state: BluePlayerScene
10:57:29.234 [JavaFX Application Thread] DEBUG Input                - Clearing active input actions
10:57:29.234 [JavaFX Application Thread] DEBUG GameApplicationServi - Removing overlay from BluePlayerScene and adding to GameScene
10:57:29.234 [JavaFX Application Thread] DEBUG PrimaryStageWindow   - GameScene <- BluePlayerScene
10:57:30.253 [JavaFX Application Thread] DEBUG PrimaryStageWindow   - Push state: DialogSubScene
10:57:30.253 [JavaFX Application Thread] DEBUG Input                - Clearing active input actions
10:57:30.253 [JavaFX Application Thread] DEBUG GameApplicationServi - Removing overlay from GameScene and adding to DialogSubScene
10:57:30.253 [JavaFX Application Thread] DEBUG PrimaryStageWindow   - GameScene -> DialogSubScene
10:57:30.843 [JavaFX Application Thread] DEBUG PrimaryStageWindow   - Pop state: DialogSubScene
10:57:30.843 [JavaFX Application Thread] DEBUG Input                - Clearing active input actions
10:57:30.843 [JavaFX Application Thread] DEBUG GameApplicationServi - Removing overlay from DialogSubScene and adding to GameScene
10:57:30.843 [JavaFX Application Thread] DEBUG PrimaryStageWindow   - GameScene <- DialogSubScene
10:57:30.843 [JavaFX Application Thread] DEBUG PrimaryStageWindow   - Push state: RedPlayerScene
10:57:30.844 [JavaFX Application Thread] DEBUG Input                - Clearing active input actions
10:57:30.844 [JavaFX Application Thread] DEBUG GameApplicationServi - Removing overlay from GameScene and adding to RedPlayerScene
10:57:30.844 [JavaFX Application Thread] DEBUG PrimaryStageWindow   - GameScene -> RedPlayerScene
10:57:30.844 [JavaFX Application Thread] DEBUG PrimaryStageWindow   - Pop state: RedPlayerScene
10:57:30.844 [JavaFX Application Thread] DEBUG Input                - Clearing active input actions
10:57:30.844 [JavaFX Application Thread] DEBUG GameApplicationServi - Removing overlay from RedPlayerScene and adding to GameScene
10:57:30.844 [JavaFX Application Thread] DEBUG PrimaryStageWindow   - GameScene <- RedPlayerScene
10:57:31.869 [JavaFX Application Thread] DEBUG PrimaryStageWindow   - Push state: DialogSubScene
10:57:31.869 [JavaFX Application Thread] DEBUG Input                - Clearing active input actions
10:57:31.869 [JavaFX Application Thread] DEBUG GameApplicationServi - Removing overlay from GameScene and adding to DialogSubScene
10:57:31.869 [JavaFX Application Thread] DEBUG PrimaryStageWindow   - GameScene -> DialogSubScene
10:57:32.364 [JavaFX Application Thread] DEBUG PrimaryStageWindow   - Pop state: DialogSubScene
10:57:32.364 [JavaFX Application Thread] DEBUG Input                - Clearing active input actions
10:57:32.365 [JavaFX Application Thread] DEBUG GameApplicationServi - Removing overlay from DialogSubScene and adding to GameScene
10:57:32.365 [JavaFX Application Thread] DEBUG PrimaryStageWindow   - GameScene <- DialogSubScene
10:57:32.365 [JavaFX Application Thread] DEBUG PrimaryStageWindow   - Push state: BluePlayerScene
10:57:32.365 [JavaFX Application Thread] DEBUG Input                - Clearing active input actions
10:57:32.365 [JavaFX Application Thread] DEBUG GameApplicationServi - Removing overlay from GameScene and adding to BluePlayerScene
10:57:32.365 [JavaFX Application Thread] DEBUG PrimaryStageWindow   - GameScene -> BluePlayerScene
10:57:32.365 [JavaFX Application Thread] DEBUG PrimaryStageWindow   - Pop state: BluePlayerScene
10:57:32.365 [JavaFX Application Thread] DEBUG Input                - Clearing active input actions
10:57:32.365 [JavaFX Application Thread] DEBUG GameApplicationServi - Removing overlay from BluePlayerScene and adding to GameScene
10:57:32.365 [JavaFX Application Thread] DEBUG PrimaryStageWindow   - GameScene <- BluePlayerScene
10:57:33.902 [JavaFX Application Thread] DEBUG PrimaryStageWindow   - Push state: DialogSubScene
10:57:33.902 [JavaFX Application Thread] DEBUG Input                - Clearing active input actions
10:57:33.902 [JavaFX Application Thread] DEBUG GameApplicationServi - Removing overlay from GameScene and adding to DialogSubScene
10:57:33.902 [JavaFX Application Thread] DEBUG PrimaryStageWindow   - GameScene -> DialogSubScene
10:57:34.736 [JavaFX Application Thread] DEBUG PrimaryStageWindow   - Pop state: DialogSubScene
10:57:34.736 [JavaFX Application Thread] DEBUG Input                - Clearing active input actions
10:57:34.736 [JavaFX Application Thread] DEBUG GameApplicationServi - Removing overlay from DialogSubScene and adding to GameScene
10:57:34.736 [JavaFX Application Thread] DEBUG PrimaryStageWindow   - GameScene <- DialogSubScene
10:57:34.737 [JavaFX Application Thread] DEBUG PrimaryStageWindow   - Push state: RedPlayerScene
10:57:34.737 [JavaFX Application Thread] DEBUG Input                - Clearing active input actions
10:57:34.737 [JavaFX Application Thread] DEBUG GameApplicationServi - Removing overlay from GameScene and adding to RedPlayerScene
10:57:34.737 [JavaFX Application Thread] DEBUG PrimaryStageWindow   - GameScene -> RedPlayerScene
10:57:34.737 [JavaFX Application Thread] DEBUG PrimaryStageWindow   - Pop state: RedPlayerScene
10:57:34.737 [JavaFX Application Thread] DEBUG Input                - Clearing active input actions
10:57:34.737 [JavaFX Application Thread] DEBUG GameApplicationServi - Removing overlay from RedPlayerScene and adding to GameScene
10:57:34.737 [JavaFX Application Thread] DEBUG PrimaryStageWindow   - GameScene <- RedPlayerScene
10:57:36.285 [JavaFX Application Thread] DEBUG PrimaryStageWindow   - Push state: DialogSubScene
10:57:36.285 [JavaFX Application Thread] DEBUG Input                - Clearing active input actions
10:57:36.285 [JavaFX Application Thread] DEBUG GameApplicationServi - Removing overlay from GameScene and adding to DialogSubScene
10:57:36.285 [JavaFX Application Thread] DEBUG PrimaryStageWindow   - GameScene -> DialogSubScene
10:57:36.752 [JavaFX Application Thread] DEBUG PrimaryStageWindow   - Pop state: DialogSubScene
10:57:36.752 [JavaFX Application Thread] DEBUG Input                - Clearing active input actions
10:57:36.752 [JavaFX Application Thread] DEBUG GameApplicationServi - Removing overlay from DialogSubScene and adding to GameScene
10:57:36.752 [JavaFX Application Thread] DEBUG PrimaryStageWindow   - GameScene <- DialogSubScene
10:57:36.752 [JavaFX Application Thread] DEBUG PrimaryStageWindow   - Push state: BluePlayerScene
10:57:36.753 [JavaFX Application Thread] DEBUG Input                - Clearing active input actions
10:57:36.753 [JavaFX Application Thread] DEBUG GameApplicationServi - Removing overlay from GameScene and adding to BluePlayerScene
10:57:36.753 [JavaFX Application Thread] DEBUG PrimaryStageWindow   - GameScene -> BluePlayerScene
10:57:36.753 [JavaFX Application Thread] DEBUG PrimaryStageWindow   - Pop state: BluePlayerScene
10:57:36.753 [JavaFX Application Thread] DEBUG Input                - Clearing active input actions
10:57:36.753 [JavaFX Application Thread] DEBUG GameApplicationServi - Removing overlay from BluePlayerScene and adding to GameScene
10:57:36.753 [JavaFX Application Thread] DEBUG PrimaryStageWindow   - GameScene <- BluePlayerScene
10:57:39.341 [JavaFX Application Thread] DEBUG PrimaryStageWindow   - Push state: DialogSubScene
10:57:39.341 [JavaFX Application Thread] DEBUG Input                - Clearing active input actions
10:57:39.341 [JavaFX Application Thread] DEBUG GameApplicationServi - Removing overlay from GameScene and adding to DialogSubScene
10:57:39.341 [JavaFX Application Thread] DEBUG PrimaryStageWindow   - GameScene -> DialogSubScene
10:57:40.025 [JavaFX Application Thread] DEBUG PrimaryStageWindow   - Pop state: DialogSubScene
10:57:40.025 [JavaFX Application Thread] DEBUG Input                - Clearing active input actions
10:57:40.025 [JavaFX Application Thread] DEBUG GameApplicationServi - Removing overlay from DialogSubScene and adding to GameScene
10:57:40.025 [JavaFX Application Thread] DEBUG PrimaryStageWindow   - GameScene <- DialogSubScene
10:57:40.025 [JavaFX Application Thread] DEBUG PrimaryStageWindow   - Push state: RedPlayerScene
10:57:40.026 [JavaFX Application Thread] DEBUG Input                - Clearing active input actions
10:57:40.026 [JavaFX Application Thread] DEBUG GameApplicationServi - Removing overlay from GameScene and adding to RedPlayerScene
10:57:40.026 [JavaFX Application Thread] DEBUG PrimaryStageWindow   - GameScene -> RedPlayerScene
10:57:40.026 [JavaFX Application Thread] DEBUG PrimaryStageWindow   - Pop state: RedPlayerScene
10:57:40.026 [JavaFX Application Thread] DEBUG Input                - Clearing active input actions
10:57:40.026 [JavaFX Application Thread] DEBUG GameApplicationServi - Removing overlay from RedPlayerScene and adding to GameScene
10:57:40.026 [JavaFX Application Thread] DEBUG PrimaryStageWindow   - GameScene <- RedPlayerScene
10:57:40.732 [JavaFX Application Thread] DEBUG FXGLAssetLoaderServi - Loading from file system: file:/D:/battleShip/battleShip_FXGL/target/classes/assets/sounds/explosion.wav
10:57:40.735 [JavaFX Application Thread] DEBUG PrimaryStageWindow   - Push state: DialogSubScene
10:57:40.736 [JavaFX Application Thread] DEBUG Input                - Clearing active input actions
10:57:40.736 [JavaFX Application Thread] DEBUG GameApplicationServi - Removing overlay from GameScene and adding to DialogSubScene
10:57:40.736 [JavaFX Application Thread] DEBUG PrimaryStageWindow   - GameScene -> DialogSubScene
10:57:41.286 [JavaFX Application Thread] DEBUG PrimaryStageWindow   - Pop state: DialogSubScene
10:57:41.286 [JavaFX Application Thread] DEBUG Input                - Clearing active input actions
10:57:41.287 [JavaFX Application Thread] DEBUG GameApplicationServi - Removing overlay from DialogSubScene and adding to GameScene
10:57:41.287 [JavaFX Application Thread] DEBUG PrimaryStageWindow   - GameScene <- DialogSubScene
10:57:41.582 [JavaFX Application Thread] DEBUG PrimaryStageWindow   - Push state: DialogSubScene
10:57:41.582 [JavaFX Application Thread] DEBUG Input                - Clearing active input actions
10:57:41.582 [JavaFX Application Thread] DEBUG GameApplicationServi - Removing overlay from GameScene and adding to DialogSubScene
10:57:41.582 [JavaFX Application Thread] DEBUG PrimaryStageWindow   - GameScene -> DialogSubScene
10:57:42.214 [JavaFX Application Thread] DEBUG PrimaryStageWindow   - Pop state: DialogSubScene
10:57:42.214 [JavaFX Application Thread] DEBUG Input                - Clearing active input actions
10:57:42.215 [JavaFX Application Thread] DEBUG GameApplicationServi - Removing overlay from DialogSubScene and adding to GameScene
10:57:42.215 [JavaFX Application Thread] DEBUG PrimaryStageWindow   - GameScene <- DialogSubScene
10:57:42.215 [JavaFX Application Thread] DEBUG PrimaryStageWindow   - Push state: BluePlayerScene
10:57:42.215 [JavaFX Application Thread] DEBUG Input                - Clearing active input actions
10:57:42.215 [JavaFX Application Thread] DEBUG GameApplicationServi - Removing overlay from GameScene and adding to BluePlayerScene
10:57:42.215 [JavaFX Application Thread] DEBUG PrimaryStageWindow   - GameScene -> BluePlayerScene
10:57:42.215 [JavaFX Application Thread] DEBUG PrimaryStageWindow   - Pop state: BluePlayerScene
10:57:42.215 [JavaFX Application Thread] DEBUG Input                - Clearing active input actions
10:57:42.215 [JavaFX Application Thread] DEBUG GameApplicationServi - Removing overlay from BluePlayerScene and adding to GameScene
10:57:42.215 [JavaFX Application Thread] DEBUG PrimaryStageWindow   - GameScene <- BluePlayerScene
10:57:43.774 [JavaFX Application Thread] DEBUG PrimaryStageWindow   - Push state: DialogSubScene
10:57:43.774 [JavaFX Application Thread] DEBUG Input                - Clearing active input actions
10:57:43.774 [JavaFX Application Thread] DEBUG GameApplicationServi - Removing overlay from GameScene and adding to DialogSubScene
10:57:43.774 [JavaFX Application Thread] DEBUG PrimaryStageWindow   - GameScene -> DialogSubScene
10:57:44.414 [JavaFX Application Thread] DEBUG PrimaryStageWindow   - Pop state: DialogSubScene
10:57:44.414 [JavaFX Application Thread] DEBUG Input                - Clearing active input actions
10:57:44.415 [JavaFX Application Thread] DEBUG GameApplicationServi - Removing overlay from DialogSubScene and adding to GameScene
10:57:44.415 [JavaFX Application Thread] DEBUG PrimaryStageWindow   - GameScene <- DialogSubScene
10:57:44.415 [JavaFX Application Thread] DEBUG PrimaryStageWindow   - Push state: RedPlayerScene
10:57:44.415 [JavaFX Application Thread] DEBUG Input                - Clearing active input actions
10:57:44.415 [JavaFX Application Thread] DEBUG GameApplicationServi - Removing overlay from GameScene and adding to RedPlayerScene
10:57:44.416 [JavaFX Application Thread] DEBUG PrimaryStageWindow   - GameScene -> RedPlayerScene
10:57:44.416 [JavaFX Application Thread] DEBUG PrimaryStageWindow   - Pop state: RedPlayerScene
10:57:44.416 [JavaFX Application Thread] DEBUG Input                - Clearing active input actions
10:57:44.416 [JavaFX Application Thread] DEBUG GameApplicationServi - Removing overlay from RedPlayerScene and adding to GameScene
10:57:44.416 [JavaFX Application Thread] DEBUG PrimaryStageWindow   - GameScene <- RedPlayerScene
10:57:45.421 [JavaFX Application Thread] DEBUG PrimaryStageWindow   - Push state: DialogSubScene
10:57:45.421 [JavaFX Application Thread] DEBUG Input                - Clearing active input actions
10:57:45.421 [JavaFX Application Thread] DEBUG GameApplicationServi - Removing overlay from GameScene and adding to DialogSubScene
10:57:45.422 [JavaFX Application Thread] DEBUG PrimaryStageWindow   - GameScene -> DialogSubScene
10:57:45.945 [JavaFX Application Thread] DEBUG PrimaryStageWindow   - Pop state: DialogSubScene
10:57:45.945 [JavaFX Application Thread] DEBUG Input                - Clearing active input actions
10:57:45.945 [JavaFX Application Thread] DEBUG GameApplicationServi - Removing overlay from DialogSubScene and adding to GameScene
10:57:45.945 [JavaFX Application Thread] DEBUG PrimaryStageWindow   - GameScene <- DialogSubScene
10:57:45.945 [JavaFX Application Thread] DEBUG PrimaryStageWindow   - Push state: BluePlayerScene
10:57:45.946 [JavaFX Application Thread] DEBUG Input                - Clearing active input actions
10:57:45.946 [JavaFX Application Thread] DEBUG GameApplicationServi - Removing overlay from GameScene and adding to BluePlayerScene
10:57:45.946 [JavaFX Application Thread] DEBUG PrimaryStageWindow   - GameScene -> BluePlayerScene
10:57:45.946 [JavaFX Application Thread] DEBUG PrimaryStageWindow   - Pop state: BluePlayerScene
10:57:45.946 [JavaFX Application Thread] DEBUG Input                - Clearing active input actions
10:57:45.946 [JavaFX Application Thread] DEBUG GameApplicationServi - Removing overlay from BluePlayerScene and adding to GameScene
10:57:45.946 [JavaFX Application Thread] DEBUG PrimaryStageWindow   - GameScene <- BluePlayerScene
10:57:46.974 [JavaFX Application Thread] DEBUG PrimaryStageWindow   - Push state: DialogSubScene
10:57:46.974 [JavaFX Application Thread] DEBUG Input                - Clearing active input actions
10:57:46.975 [JavaFX Application Thread] DEBUG GameApplicationServi - Removing overlay from GameScene and adding to DialogSubScene
10:57:46.975 [JavaFX Application Thread] DEBUG PrimaryStageWindow   - GameScene -> DialogSubScene
10:57:47.456 [JavaFX Application Thread] DEBUG PrimaryStageWindow   - Pop state: DialogSubScene
10:57:47.456 [JavaFX Application Thread] DEBUG Input                - Clearing active input actions
10:57:47.457 [JavaFX Application Thread] DEBUG GameApplicationServi - Removing overlay from DialogSubScene and adding to GameScene
10:57:47.457 [JavaFX Application Thread] DEBUG PrimaryStageWindow   - GameScene <- DialogSubScene
10:57:47.457 [JavaFX Application Thread] DEBUG PrimaryStageWindow   - Push state: RedPlayerScene
10:57:47.457 [JavaFX Application Thread] DEBUG Input                - Clearing active input actions
10:57:47.457 [JavaFX Application Thread] DEBUG GameApplicationServi - Removing overlay from GameScene and adding to RedPlayerScene
10:57:47.457 [JavaFX Application Thread] DEBUG PrimaryStageWindow   - GameScene -> RedPlayerScene
10:57:47.457 [JavaFX Application Thread] DEBUG PrimaryStageWindow   - Pop state: RedPlayerScene
10:57:47.457 [JavaFX Application Thread] DEBUG Input                - Clearing active input actions
10:57:47.457 [JavaFX Application Thread] DEBUG GameApplicationServi - Removing overlay from RedPlayerScene and adding to GameScene
10:57:47.458 [JavaFX Application Thread] DEBUG PrimaryStageWindow   - GameScene <- RedPlayerScene
10:57:48.056 [JavaFX Application Thread] DEBUG PrimaryStageWindow   - Push state: DialogSubScene
10:57:48.056 [JavaFX Application Thread] DEBUG Input                - Clearing active input actions
10:57:48.056 [JavaFX Application Thread] DEBUG GameApplicationServi - Removing overlay from GameScene and adding to DialogSubScene
10:57:48.056 [JavaFX Application Thread] DEBUG PrimaryStageWindow   - GameScene -> DialogSubScene
10:57:48.813 [JavaFX Application Thread] DEBUG PrimaryStageWindow   - Pop state: DialogSubScene
10:57:48.814 [JavaFX Application Thread] DEBUG Input                - Clearing active input actions
10:57:48.814 [JavaFX Application Thread] DEBUG GameApplicationServi - Removing overlay from DialogSubScene and adding to GameScene
10:57:48.814 [JavaFX Application Thread] DEBUG PrimaryStageWindow   - GameScene <- DialogSubScene
10:57:49.261 [JavaFX Application Thread] DEBUG PrimaryStageWindow   - Push state: DialogSubScene
10:57:49.262 [JavaFX Application Thread] DEBUG Input                - Clearing active input actions
10:57:49.262 [JavaFX Application Thread] DEBUG GameApplicationServi - Removing overlay from GameScene and adding to DialogSubScene
10:57:49.262 [JavaFX Application Thread] DEBUG PrimaryStageWindow   - GameScene -> DialogSubScene
10:57:50.623 [JavaFX Application Thread] DEBUG PrimaryStageWindow   - Pop state: DialogSubScene
10:57:50.623 [JavaFX Application Thread] DEBUG Input                - Clearing active input actions
10:57:50.623 [JavaFX Application Thread] DEBUG GameApplicationServi - Removing overlay from DialogSubScene and adding to GameScene
10:57:50.624 [JavaFX Application Thread] DEBUG PrimaryStageWindow   - GameScene <- DialogSubScene
10:57:50.624 [JavaFX Application Thread] DEBUG PrimaryStageWindow   - Push state: BluePlayerScene
10:57:50.624 [JavaFX Application Thread] DEBUG Input                - Clearing active input actions
10:57:50.624 [JavaFX Application Thread] DEBUG GameApplicationServi - Removing overlay from GameScene and adding to BluePlayerScene
10:57:50.624 [JavaFX Application Thread] DEBUG PrimaryStageWindow   - GameScene -> BluePlayerScene
10:57:50.624 [JavaFX Application Thread] DEBUG PrimaryStageWindow   - Pop state: BluePlayerScene
10:57:50.624 [JavaFX Application Thread] DEBUG Input                - Clearing active input actions
10:57:50.624 [JavaFX Application Thread] DEBUG GameApplicationServi - Removing overlay from BluePlayerScene and adding to GameScene
10:57:50.624 [JavaFX Application Thread] DEBUG PrimaryStageWindow   - GameScene <- BluePlayerScene
10:57:51.792 [JavaFX Application Thread] DEBUG PrimaryStageWindow   - Push state: DialogSubScene
10:57:51.792 [JavaFX Application Thread] DEBUG Input                - Clearing active input actions
10:57:51.792 [JavaFX Application Thread] DEBUG GameApplicationServi - Removing overlay from GameScene and adding to DialogSubScene
10:57:51.792 [JavaFX Application Thread] DEBUG PrimaryStageWindow   - GameScene -> DialogSubScene
10:57:52.503 [JavaFX Application Thread] DEBUG PrimaryStageWindow   - Pop state: DialogSubScene
10:57:52.503 [JavaFX Application Thread] DEBUG Input                - Clearing active input actions
10:57:52.504 [JavaFX Application Thread] DEBUG GameApplicationServi - Removing overlay from DialogSubScene and adding to GameScene
10:57:52.504 [JavaFX Application Thread] DEBUG PrimaryStageWindow   - GameScene <- DialogSubScene
10:57:52.861 [JavaFX Application Thread] DEBUG PrimaryStageWindow   - Push state: DialogSubScene
10:57:52.861 [JavaFX Application Thread] DEBUG Input                - Clearing active input actions
10:57:52.862 [JavaFX Application Thread] DEBUG GameApplicationServi - Removing overlay from GameScene and adding to DialogSubScene
10:57:52.862 [JavaFX Application Thread] DEBUG PrimaryStageWindow   - GameScene -> DialogSubScene
10:57:53.948 [JavaFX Application Thread] DEBUG PrimaryStageWindow   - Pop state: DialogSubScene
10:57:53.948 [JavaFX Application Thread] DEBUG Input                - Clearing active input actions
10:57:53.948 [JavaFX Application Thread] DEBUG GameApplicationServi - Removing overlay from DialogSubScene and adding to GameScene
10:57:53.949 [JavaFX Application Thread] DEBUG PrimaryStageWindow   - GameScene <- DialogSubScene
10:57:53.949 [JavaFX Application Thread] DEBUG PrimaryStageWindow   - Push state: RedPlayerScene
10:57:53.949 [JavaFX Application Thread] DEBUG Input                - Clearing active input actions
10:57:53.949 [JavaFX Application Thread] DEBUG GameApplicationServi - Removing overlay from GameScene and adding to RedPlayerScene
10:57:53.949 [JavaFX Application Thread] DEBUG PrimaryStageWindow   - GameScene -> RedPlayerScene
10:57:53.949 [JavaFX Application Thread] DEBUG PrimaryStageWindow   - Pop state: RedPlayerScene
10:57:53.949 [JavaFX Application Thread] DEBUG Input                - Clearing active input actions
10:57:53.949 [JavaFX Application Thread] DEBUG GameApplicationServi - Removing overlay from RedPlayerScene and adding to GameScene
10:57:53.949 [JavaFX Application Thread] DEBUG PrimaryStageWindow   - GameScene <- RedPlayerScene
10:57:56.489 [JavaFX Application Thread] DEBUG PrimaryStageWindow   - Push state: DialogSubScene
10:57:56.489 [JavaFX Application Thread] DEBUG Input                - Clearing active input actions
10:57:56.489 [JavaFX Application Thread] DEBUG GameApplicationServi - Removing overlay from GameScene and adding to DialogSubScene
10:57:56.489 [JavaFX Application Thread] DEBUG PrimaryStageWindow   - GameScene -> DialogSubScene
10:57:57.904 [JavaFX Application Thread] DEBUG PrimaryStageWindow   - Pop state: DialogSubScene
10:57:57.904 [JavaFX Application Thread] DEBUG Input                - Clearing active input actions
10:57:57.905 [JavaFX Application Thread] DEBUG GameApplicationServi - Removing overlay from DialogSubScene and adding to GameScene
10:57:57.905 [JavaFX Application Thread] DEBUG PrimaryStageWindow   - GameScene <- DialogSubScene
10:58:02.093 [JavaFX Application Thread] DEBUG PrimaryStageWindow   - Push state: DialogSubScene
10:58:02.093 [JavaFX Application Thread] DEBUG Input                - Clearing active input actions
10:58:02.093 [JavaFX Application Thread] DEBUG GameApplicationServi - Removing overlay from GameScene and adding to DialogSubScene
10:58:02.093 [JavaFX Application Thread] DEBUG PrimaryStageWindow   - GameScene -> DialogSubScene
10:58:03.838 [JavaFX Application Thread] DEBUG PrimaryStageWindow   - Pop state: DialogSubScene
10:58:03.838 [JavaFX Application Thread] DEBUG Input                - Clearing active input actions
10:58:03.838 [JavaFX Application Thread] DEBUG GameApplicationServi - Removing overlay from DialogSubScene and adding to GameScene
10:58:03.838 [JavaFX Application Thread] DEBUG PrimaryStageWindow   - GameScene <- DialogSubScene
10:58:03.838 [JavaFX Application Thread] DEBUG PrimaryStageWindow   - Push state: BluePlayerScene
10:58:03.839 [JavaFX Application Thread] DEBUG Input                - Clearing active input actions
10:58:03.839 [JavaFX Application Thread] DEBUG GameApplicationServi - Removing overlay from GameScene and adding to BluePlayerScene
10:58:03.839 [JavaFX Application Thread] DEBUG PrimaryStageWindow   - GameScene -> BluePlayerScene
10:58:03.839 [JavaFX Application Thread] DEBUG PrimaryStageWindow   - Pop state: BluePlayerScene
10:58:03.839 [JavaFX Application Thread] DEBUG Input                - Clearing active input actions
10:58:03.839 [JavaFX Application Thread] DEBUG GameApplicationServi - Removing overlay from BluePlayerScene and adding to GameScene
10:58:03.839 [JavaFX Application Thread] DEBUG PrimaryStageWindow   - GameScene <- BluePlayerScene
10:58:07.933 [JavaFX Application Thread] DEBUG PrimaryStageWindow   - Push state: DialogSubScene
10:58:07.934 [JavaFX Application Thread] DEBUG Input                - Clearing active input actions
10:58:07.934 [JavaFX Application Thread] DEBUG GameApplicationServi - Removing overlay from GameScene and adding to DialogSubScene
10:58:07.934 [JavaFX Application Thread] DEBUG PrimaryStageWindow   - GameScene -> DialogSubScene
10:58:10.635 [JavaFX Application Thread] DEBUG PrimaryStageWindow   - Pop state: DialogSubScene
10:58:10.635 [JavaFX Application Thread] DEBUG Input                - Clearing active input actions
10:58:10.635 [JavaFX Application Thread] DEBUG GameApplicationServi - Removing overlay from DialogSubScene and adding to GameScene
10:58:10.635 [JavaFX Application Thread] DEBUG PrimaryStageWindow   - GameScene <- DialogSubScene
10:58:10.635 [JavaFX Application Thread] DEBUG PrimaryStageWindow   - Push state: RedPlayerScene
10:58:10.636 [JavaFX Application Thread] DEBUG Input                - Clearing active input actions
10:58:10.636 [JavaFX Application Thread] DEBUG GameApplicationServi - Removing overlay from GameScene and adding to RedPlayerScene
10:58:10.636 [JavaFX Application Thread] DEBUG PrimaryStageWindow   - GameScene -> RedPlayerScene
10:58:10.636 [JavaFX Application Thread] DEBUG PrimaryStageWindow   - Pop state: RedPlayerScene
10:58:10.636 [JavaFX Application Thread] DEBUG Input                - Clearing active input actions
10:58:10.636 [JavaFX Application Thread] DEBUG GameApplicationServi - Removing overlay from RedPlayerScene and adding to GameScene
10:58:10.636 [JavaFX Application Thread] DEBUG PrimaryStageWindow   - GameScene <- RedPlayerScene
10:58:11.597 [JavaFX Application Thread] DEBUG PrimaryStageWindow   - Push state: DialogSubScene
10:58:11.597 [JavaFX Application Thread] DEBUG Input                - Clearing active input actions
10:58:11.598 [JavaFX Application Thread] DEBUG GameApplicationServi - Removing overlay from GameScene and adding to DialogSubScene
10:58:11.598 [JavaFX Application Thread] DEBUG PrimaryStageWindow   - GameScene -> DialogSubScene
10:58:12.445 [JavaFX Application Thread] DEBUG PrimaryStageWindow   - Pop state: DialogSubScene
10:58:12.445 [JavaFX Application Thread] DEBUG Input                - Clearing active input actions
10:58:12.445 [JavaFX Application Thread] DEBUG GameApplicationServi - Removing overlay from DialogSubScene and adding to GameScene
10:58:12.445 [JavaFX Application Thread] DEBUG PrimaryStageWindow   - GameScene <- DialogSubScene
10:58:12.445 [JavaFX Application Thread] DEBUG PrimaryStageWindow   - Push state: BluePlayerScene
10:58:12.446 [JavaFX Application Thread] DEBUG Input                - Clearing active input actions
10:58:12.446 [JavaFX Application Thread] DEBUG GameApplicationServi - Removing overlay from GameScene and adding to BluePlayerScene
10:58:12.446 [JavaFX Application Thread] DEBUG PrimaryStageWindow   - GameScene -> BluePlayerScene
10:58:12.446 [JavaFX Application Thread] DEBUG PrimaryStageWindow   - Pop state: BluePlayerScene
10:58:12.446 [JavaFX Application Thread] DEBUG Input                - Clearing active input actions
10:58:12.446 [JavaFX Application Thread] DEBUG GameApplicationServi - Removing overlay from BluePlayerScene and adding to GameScene
10:58:12.446 [JavaFX Application Thread] DEBUG PrimaryStageWindow   - GameScene <- BluePlayerScene
10:58:13.361 [JavaFX Application Thread] DEBUG PrimaryStageWindow   - Push state: DialogSubScene
10:58:13.361 [JavaFX Application Thread] DEBUG Input                - Clearing active input actions
10:58:13.361 [JavaFX Application Thread] DEBUG GameApplicationServi - Removing overlay from GameScene and adding to DialogSubScene
10:58:13.361 [JavaFX Application Thread] DEBUG PrimaryStageWindow   - GameScene -> DialogSubScene
10:58:15.058 [JavaFX Application Thread] DEBUG PrimaryStageWindow   - Pop state: DialogSubScene
10:58:15.058 [JavaFX Application Thread] DEBUG Input                - Clearing active input actions
10:58:15.058 [JavaFX Application Thread] DEBUG GameApplicationServi - Removing overlay from DialogSubScene and adding to GameScene
10:58:15.058 [JavaFX Application Thread] DEBUG PrimaryStageWindow   - GameScene <- DialogSubScene
10:58:15.149 [JavaFX Application Thread] DEBUG PrimaryStageWindow   - Push state: DialogSubScene
10:58:15.149 [JavaFX Application Thread] DEBUG Input                - Clearing active input actions
10:58:15.150 [JavaFX Application Thread] DEBUG GameApplicationServi - Removing overlay from GameScene and adding to DialogSubScene
10:58:15.150 [JavaFX Application Thread] DEBUG PrimaryStageWindow   - GameScene -> DialogSubScene
10:58:17.925 [JavaFX Application Thread] DEBUG PrimaryStageWindow   - Pop state: DialogSubScene
10:58:17.925 [JavaFX Application Thread] DEBUG Input                - Clearing active input actions
10:58:17.926 [JavaFX Application Thread] DEBUG GameApplicationServi - Removing overlay from DialogSubScene and adding to GameScene
10:58:17.926 [JavaFX Application Thread] DEBUG PrimaryStageWindow   - GameScene <- DialogSubScene
10:58:17.926 [JavaFX Application Thread] DEBUG PrimaryStageWindow   - Push state: RedPlayerScene
10:58:17.926 [JavaFX Application Thread] DEBUG Input                - Clearing active input actions
10:58:17.926 [JavaFX Application Thread] DEBUG GameApplicationServi - Removing overlay from GameScene and adding to RedPlayerScene
10:58:17.926 [JavaFX Application Thread] DEBUG PrimaryStageWindow   - GameScene -> RedPlayerScene
10:58:17.926 [JavaFX Application Thread] DEBUG PrimaryStageWindow   - Pop state: RedPlayerScene
10:58:17.926 [JavaFX Application Thread] DEBUG Input                - Clearing active input actions
10:58:17.926 [JavaFX Application Thread] DEBUG GameApplicationServi - Removing overlay from RedPlayerScene and adding to GameScene
10:58:17.926 [JavaFX Application Thread] DEBUG PrimaryStageWindow   - GameScene <- RedPlayerScene
10:58:18.337 [JavaFX Application Thread] DEBUG PrimaryStageWindow   - Push state: SimpleGameMenu
10:58:18.337 [JavaFX Application Thread] DEBUG Input                - Clearing active input actions
10:58:18.338 [JavaFX Application Thread] DEBUG GameApplicationServi - Removing overlay from GameScene and adding to SimpleGameMenu
10:58:18.338 [JavaFX Application Thread] DEBUG PrimaryStageWindow   - GameScene -> SimpleGameMenu
10:58:19.298 [JavaFX Application Thread] DEBUG Menu                 - fireExitToMainMenu()
10:58:19.299 [JavaFX Application Thread] DEBUG PrimaryStageWindow   - Push state: DialogSubScene
10:58:19.299 [JavaFX Application Thread] DEBUG Input                - Clearing active input actions
10:58:19.299 [JavaFX Application Thread] DEBUG GameApplicationServi - Removing overlay from SimpleGameMenu and adding to DialogSubScene
10:58:19.299 [JavaFX Application Thread] DEBUG PrimaryStageWindow   - SimpleGameMenu -> DialogSubScene
10:58:20.043 [JavaFX Application Thread] DEBUG PrimaryStageWindow   - Pop state: DialogSubScene
10:58:20.043 [JavaFX Application Thread] DEBUG Input                - Clearing active input actions
10:58:20.043 [JavaFX Application Thread] DEBUG GameApplicationServi - Removing overlay from DialogSubScene and adding to SimpleGameMenu
10:58:20.043 [JavaFX Application Thread] DEBUG PrimaryStageWindow   - SimpleGameMenu <- DialogSubScene
10:58:20.043 [JavaFX Application Thread] DEBUG PrimaryStageWindow   - Pop state: SimpleGameMenu
10:58:20.043 [JavaFX Application Thread] DEBUG Input                - Clearing active input actions
10:58:20.043 [JavaFX Application Thread] DEBUG GameApplicationServi - Removing overlay from SimpleGameMenu and adding to GameScene
10:58:20.043 [JavaFX Application Thread] DEBUG PrimaryStageWindow   - GameScene <- SimpleGameMenu
10:58:20.043 [JavaFX Application Thread] DEBUG Input                - Clearing active input actions
10:58:20.047 [JavaFX Application Thread] DEBUG GameApplicationServi - Removing overlay from GameScene and adding to FXGLMainMenuDummyScene
10:58:20.047 [JavaFX Application Thread] DEBUG PrimaryStageWindow   - GameScene -> FXGLMainMenuDummyScene
10:58:20.047 [JavaFX Application Thread] DEBUG PrimaryStageWindow   - Push state: BattleShipMainMenu
10:58:20.047 [JavaFX Application Thread] DEBUG Input                - Clearing active input actions
10:58:20.048 [JavaFX Application Thread] DEBUG GameApplicationServi - Removing overlay from FXGLMainMenuDummyScene and adding to BattleShipMainMenu
10:58:20.048 [JavaFX Application Thread] DEBUG PrimaryStageWindow   - FXGLMainMenuDummyScene -> BattleShipMainMenu
10:58:20.739 [JavaFX Application Thread] DEBUG Menu                 - fireExit()
10:58:20.740 [JavaFX Application Thread] DEBUG PrimaryStageWindow   - Push state: DialogSubScene
10:58:20.740 [JavaFX Application Thread] DEBUG Input                - Clearing active input actions
10:58:20.741 [JavaFX Application Thread] DEBUG GameApplicationServi - Removing overlay from BattleShipMainMenu and adding to DialogSubScene
10:58:20.741 [JavaFX Application Thread] DEBUG PrimaryStageWindow   - BattleShipMainMenu -> DialogSubScene
10:58:21.284 [JavaFX Application Thread] DEBUG PrimaryStageWindow   - Pop state: DialogSubScene
10:58:21.284 [JavaFX Application Thread] DEBUG Input                - Clearing active input actions
10:58:21.285 [JavaFX Application Thread] DEBUG GameApplicationServi - Removing overlay from DialogSubScene and adding to BattleShipMainMenu
10:58:21.285 [JavaFX Application Thread] DEBUG PrimaryStageWindow   - BattleShipMainMenu <- DialogSubScene
10:58:21.285 [JavaFX Application Thread] DEBUG FXGLApplication      - Exiting FXGL
10:58:21.285 [JavaFX Application Thread] DEBUG LoopRunner           - Stopping loop
10:58:21.285 [JavaFX Application Thread] DEBUG SystemBundleService  - Saving FXGL system data
10:58:21.286 [JavaFX Application Thread] DEBUG FileSystemAccess     - Writing to: D:\battleShip\battleShip_FXGL\system\fxgl.bundle
10:58:21.287 [JavaFX Application Thread] DEBUG Async                - Shutting down background threads
10:58:21.287 [JavaFX Application Thread] DEBUG PrimaryStageWindow   - Closing main window
10:58:21.306 [JavaFX Application Thread] DEBUG Logger               - Closing Logger
