20:32:59.225 [main                     ] DEBUG Logger               - Configured Logger
20:32:59.245 [main                     ] DEBUG GameApplication      - Logging settings
Title: BattleShip_FXGL
Version: 0.1
Width: 1025
Height: 1136
Fullscreen: false
Intro: false
Profiling: false
Single step:false
App Mode: DEVELOPER
Menu Key: ESCAPE
Stage Style: DECORATED
Scene Factory: class fi.utu.tech.gui.javafx.BattleShipApp$1

20:32:59.630 [JavaFX Application Thread] DEBUG FXGLApplication      - Initializing FXGL
20:32:59.632 [JavaFX Application Thread] INFO  Engine               - FXGL-11.14 (01.03.2021 16.59) on LINUX (J:11.0.10 FX:15)
20:32:59.633 [JavaFX Application Thread] DEBUG Engine               - JRE Vendor Name: Oracle Corporation
20:32:59.633 [JavaFX Application Thread] DEBUG Engine               - Running on OS: Linux version 5.9.16-1-MANJARO
20:32:59.634 [JavaFX Application Thread] DEBUG Engine               - Architecture: amd64
20:32:59.634 [JavaFX Application Thread] INFO  Engine               - Source code and latest versions at: https://github.com/AlmasB/FXGL
20:32:59.634 [JavaFX Application Thread] INFO  Engine               -              Join the FXGL chat at: https://gitter.im/AlmasB/FXGL
20:32:59.770 [JavaFX Application Thread] DEBUG PrimaryStageWindow   - Creating a JavaFX scene
20:32:59.892 [JavaFX Application Thread] DEBUG PrimaryStageWindow   - Target settings size: 1025.0 x 1136.0
20:32:59.893 [JavaFX Application Thread] DEBUG PrimaryStageWindow   - Scaled scene size:    1025.0 x 1136.0
20:32:59.893 [JavaFX Application Thread] DEBUG PrimaryStageWindow   - Scaled ratio: (1.0, 1.0)
20:32:59.894 [JavaFX Application Thread] DEBUG PrimaryStageWindow   - Set initial scene to FXGLStartupScene
20:32:59.901 [JavaFX Application Thread] DEBUG PrimaryStageWindow   - Opening main window
20:32:59.956 [JavaFX Application Thread] DEBUG PrimaryStageWindow   - Window border size: (2.0, 29.0)
20:32:59.956 [JavaFX Application Thread] DEBUG PrimaryStageWindow   - Scaled size: 1025.0 x 1136.0
20:32:59.956 [JavaFX Application Thread] DEBUG PrimaryStageWindow   - Scaled ratio: (1.0, 1.0)
20:32:59.957 [JavaFX Application Thread] DEBUG PrimaryStageWindow   - Scene size: 1025.0 x 1136.0
20:32:59.957 [JavaFX Application Thread] DEBUG PrimaryStageWindow   - Stage size: 1027.0 x 1165.0
20:32:59.962 [FXGL Background Thread 1 ] DEBUG Engine               - Initializing environment variables
20:33:00.016 [FXGL Background Thread 1 ] DEBUG FXGLAssetLoaderServi - User app class for loading assets: class fi.utu.tech.gui.javafx.BattleShipApp
20:33:00.016 [FXGL Background Thread 1 ] DEBUG GameApplicationServi - Applying CSS: fxgl_dark.css
20:33:00.018 [FXGL Background Thread 1 ] DEBUG FXGLAssetLoaderServi - Loading from file system: jar:file:/home/yoko19191/.m2/repository/com/github/almasb/fxgl/11.14/fxgl-11.14.jar!/fxglassets/ui/css/fxgl_dark.css
20:33:00.115 [FXGL Background Thread 1 ] DEBUG GameApplicationServi - Initializing application scenes
20:33:00.185 [FXGL Background Thread 1 ] DEBUG GameWorld            - Game world initialized
20:33:00.263 [FXGL Background Thread 1 ] DEBUG PhysicsWorld         - Physics world initialized: appHeight=1136, physics.ppm=50.0
20:33:00.264 [FXGL Background Thread 1 ] DEBUG PhysicsWorld         - Using strategy: BRUTE_FORCE
20:33:00.267 [FXGL Background Thread 1 ] DEBUG GameScene            - Game scene initialized: 1025x1136
20:33:00.274 [FXGL Background Thread 1 ] DEBUG FXGLAssetLoaderServi - Loading from file system: file:/home/yoko19191/repo/dtek0097/exercise_d/BattleShip_FXGL/target/classes/assets/textures/grid.jpg
20:33:00.324 [FXGL Background Thread 1 ] DEBUG FXGLAssetLoaderServi - Loading from file system: file:/home/yoko19191/repo/dtek0097/exercise_d/BattleShip_FXGL/target/classes/assets/textures/title.png
20:33:00.381 [FXGL Background Thread 1 ] DEBUG FXGLAssetLoaderServi - Loading from file system: jar:file:/home/yoko19191/.m2/repository/com/github/almasb/fxgl/11.14/fxgl-11.14.jar!/fxglassets/textures/pause_menu_bg.png
20:33:00.395 [FXGL Background Thread 1 ] DEBUG GameApplicationServi - Application scenes initialized
20:33:00.406 [FXGL Background Thread 1 ] DEBUG SystemBundleService  - Loading FXGL system data
20:33:00.409 [FXGL Background Thread 1 ] DEBUG FileSystemAccess     - Reading from: /home/yoko19191/repo/dtek0097/exercise_d/BattleShip_FXGL/system/fxgl.bundle
20:33:00.413 [FXGL Background Thread 1 ] DEBUG SystemBundleService  - Bundle FXGL: {}
20:33:00.414 [FXGL Background Thread 1 ] DEBUG UpdaterService       - Checking for updates
20:33:00.417 [FXGL Background Thread 4 ] DEBUG FXGLApplication      - Loading fonts
20:33:00.418 [FXGL Background Thread 1 ] DEBUG FXGLApplication      - Loading default localization
20:33:00.418 [FXGL Background Thread 4 ] DEBUG FXGLAssetLoaderServi - Loading from file system: jar:file:/home/yoko19191/.m2/repository/com/github/almasb/fxgl/11.14/fxgl-11.14.jar!/fxglassets/ui/fonts/VarelaRound-Regular.ttf
20:33:00.418 [FXGL Background Thread 1 ] DEBUG FXGLAssetLoaderServi - Loading from file system: jar:file:/home/yoko19191/.m2/repository/com/github/almasb/fxgl/11.14/fxgl-11.14.jar!/fxglassets/languages/english.lang
20:33:00.427 [FXGL Background Thread 4 ] DEBUG FXGLAssetLoaderServi - Loading from file system: jar:file:/home/yoko19191/.m2/repository/com/github/almasb/fxgl/11.14/fxgl-11.14.jar!/fxglassets/ui/fonts/Abel-Regular.ttf
20:33:00.429 [FXGL Background Thread 4 ] DEBUG FXGLAssetLoaderServi - Loading from file system: jar:file:/home/yoko19191/.m2/repository/com/github/almasb/fxgl/11.14/fxgl-11.14.jar!/fxglassets/ui/fonts/lucida_console.ttf
20:33:00.432 [FXGL Background Thread 4 ] DEBUG FXGLAssetLoaderServi - Loading from file system: jar:file:/home/yoko19191/.m2/repository/com/github/almasb/fxgl/11.14/fxgl-11.14.jar!/fxglassets/ui/fonts/Courier-Prime.ttf
20:33:00.433 [FXGL Background Thread 1 ] INFO  FXGLApplication      - FXGL initialization took: 0.470 sec
20:33:00.434 [JavaFX Application Thread] DEBUG FXGLAssetLoaderServi - Loading from file system: file:/home/yoko19191/repo/dtek0097/exercise_d/BattleShip_FXGL/target/classes/assets/music/fon.mp3
20:33:00.587 [JavaFX Application Thread] DEBUG AudioPlayer          - Playing music com.almasb.fxgl.audio.Music@3345bd32
20:33:00.588 [JavaFX Application Thread] DEBUG FXGLAssetLoaderServi - Loading from file system: jar:file:/home/yoko19191/.m2/repository/com/github/almasb/fxgl/11.14/fxgl-11.14.jar!/fxglassets/textures/fxgl_icon.png
20:33:00.621 [JavaFX Application Thread] DEBUG FXGLAssetLoaderServi - Loading from file system: jar:file:/home/yoko19191/.m2/repository/com/github/almasb/fxgl/11.14/fxgl-11.14.jar!/fxglassets/ui/cursors/fxgl_default.png
20:33:00.640 [JavaFX Application Thread] DEBUG Input                - Registered new binding: Screenshot - P
20:33:00.641 [JavaFX Application Thread] DEBUG Input                - Registered new binding: System info dump - CTRL+9
20:33:00.641 [JavaFX Application Thread] DEBUG Input                - Registered new binding: Restart - CTRL+R
20:33:00.642 [JavaFX Application Thread] DEBUG Input                - Registered new binding: Toggle Debug Camera - CTRL+C
20:33:00.645 [JavaFX Application Thread] DEBUG LoopRunner           - Starting loop
20:33:00.646 [JavaFX Application Thread] DEBUG LoopRunner           - Initializing JavaFX AnimationTimerLoop
20:33:00.650 [JavaFX Application Thread] DEBUG Input                - Clearing active input actions
20:33:00.668 [JavaFX Application Thread] DEBUG GameApplicationServi - Removing overlay from FXGLStartupScene and adding to FXGLMainMenuDummyScene
20:33:00.669 [JavaFX Application Thread] DEBUG PrimaryStageWindow   - FXGLStartupScene -> FXGLMainMenuDummyScene
20:33:00.669 [JavaFX Application Thread] DEBUG PrimaryStageWindow   - Push state: BattleShipMainMenu
20:33:00.669 [JavaFX Application Thread] DEBUG Input                - Clearing active input actions
20:33:00.673 [JavaFX Application Thread] DEBUG GameApplicationServi - Removing overlay from FXGLMainMenuDummyScene and adding to BattleShipMainMenu
20:33:00.673 [JavaFX Application Thread] DEBUG PrimaryStageWindow   - FXGLMainMenuDummyScene -> BattleShipMainMenu
20:33:00.691 [JavaFX Application Thread] DEBUG FXGLApplication      - Registering font factories with UI factory
20:33:03.417 [FXGL Background Thread 3 ] DEBUG Engine               - Logging environment variables
20:33:03.417 [FXGL Background Thread 3 ] DEBUG Engine               - achievements: []
20:33:03.418 [FXGL Background Thread 3 ] DEBUG Engine               - actualHeight: 1136.0
20:33:03.418 [FXGL Background Thread 3 ] DEBUG Engine               - actualHeightProperty: ReadOnlyDoubleProperty [value: 1155.0]
20:33:03.418 [FXGL Background Thread 3 ] DEBUG Engine               - actualWidth: 1025.0
20:33:03.418 [FXGL Background Thread 3 ] DEBUG Engine               - actualWidthProperty: ReadOnlyDoubleProperty [value: 1031.0]
20:33:03.418 [FXGL Background Thread 3 ] DEBUG Engine               - appIcon: fxgl_icon.png
20:33:03.418 [FXGL Background Thread 3 ] DEBUG Engine               - applicationMode: DEVELOPER
20:33:03.418 [FXGL Background Thread 3 ] DEBUG Engine               - cSSList: [fxgl_dark.css]
20:33:03.418 [FXGL Background Thread 3 ] DEBUG Engine               - collisionDetectionStrategy: BRUTE_FORCE
20:33:03.418 [FXGL Background Thread 3 ] DEBUG Engine               - configClass: Optional.empty
20:33:03.418 [FXGL Background Thread 3 ] DEBUG Engine               - credits: []
20:33:03.419 [FXGL Background Thread 3 ] DEBUG Engine               - devBBoxColorProperty: ObjectProperty [value: 0xff0000ff]
20:33:03.419 [FXGL Background Thread 3 ] DEBUG Engine               - devEnableDebugCameraProperty: BooleanProperty [value: false]
20:33:03.419 [FXGL Background Thread 3 ] DEBUG Engine               - devSensorColorProperty: ObjectProperty [value: 0xffff00ff]
20:33:03.419 [FXGL Background Thread 3 ] DEBUG Engine               - devShowBBoxProperty: BooleanProperty [value: false]
20:33:03.419 [FXGL Background Thread 3 ] DEBUG Engine               - devShowPositionProperty: BooleanProperty [value: false]
20:33:03.419 [FXGL Background Thread 3 ] DEBUG Engine               - enabledMenuItems: []
20:33:03.419 [FXGL Background Thread 3 ] DEBUG Engine               - engineServices: [class com.almasb.fxgl.app.services.FXGLAssetLoaderService, class com.almasb.fxgl.app.FXGLApplication$GameApplicationService, class com.almasb.fxgl.app.services.FXGLDialogService, class com.almasb.fxgl.app.services.IOTaskExecutorService, class com.almasb.fxgl.event.EventBusService, class com.almasb.fxgl.io.FileSystemService, class com.almasb.fxgl.localization.LocalizationService, class com.almasb.fxgl.app.services.SystemBundleService, class com.almasb.fxgl.profile.SaveLoadService, class com.almasb.fxgl.ui.FXGLUIFactoryServiceProvider, class com.almasb.fxgl.ui.FXGLDialogFactoryServiceProvider, class com.almasb.fxgl.audio.AudioPlayer, class com.almasb.fxgl.notification.impl.NotificationServiceProvider, class com.almasb.fxgl.achievement.AchievementService, class com.almasb.fxgl.cutscene.CutsceneService, class com.almasb.fxgl.minigames.MiniGameService, class com.almasb.fxgl.net.NetService, class com.almasb.fxgl.app.services.UpdaterService, class com.almasb.fxgl.dev.DevService]
20:33:03.419 [FXGL Background Thread 3 ] DEBUG Engine               - fontGame: Abel-Regular.ttf
20:33:03.419 [FXGL Background Thread 3 ] DEBUG Engine               - fontMono: lucida_console.ttf
20:33:03.419 [FXGL Background Thread 3 ] DEBUG Engine               - fontText: Courier-Prime.ttf
20:33:03.419 [FXGL Background Thread 3 ] DEBUG Engine               - fontUI: VarelaRound-Regular.ttf
20:33:03.419 [FXGL Background Thread 3 ] DEBUG Engine               - fullScreen: BooleanProperty [value: false]
20:33:03.420 [FXGL Background Thread 3 ] DEBUG Engine               - gameDifficulty: MEDIUM
20:33:03.420 [FXGL Background Thread 3 ] DEBUG Engine               - gameDifficultyProperty: ObjectProperty [value: MEDIUM]
20:33:03.420 [FXGL Background Thread 3 ] DEBUG Engine               - globalMusicVolume: 0.5
20:33:03.420 [FXGL Background Thread 3 ] DEBUG Engine               - globalMusicVolumeProperty: DoubleProperty [value: 0.5]
20:33:03.420 [FXGL Background Thread 3 ] DEBUG Engine               - globalSoundVolume: 0.5
20:33:03.420 [FXGL Background Thread 3 ] DEBUG Engine               - globalSoundVolumeProperty: DoubleProperty [value: 0.5]
20:33:03.420 [FXGL Background Thread 3 ] DEBUG Engine               - height: 1136
20:33:03.420 [FXGL Background Thread 3 ] DEBUG Engine               - isAndroid: false
20:33:03.420 [FXGL Background Thread 3 ] DEBUG Engine               - isBrowser: false
20:33:03.420 [FXGL Background Thread 3 ] DEBUG Engine               - isClickFeedbackEnabled: false
20:33:03.420 [FXGL Background Thread 3 ] DEBUG Engine               - isCloseConfirmation: false
20:33:03.420 [FXGL Background Thread 3 ] DEBUG Engine               - isDesktop: true
20:33:03.420 [FXGL Background Thread 3 ] DEBUG Engine               - isDeveloperMenuEnabled: false
20:33:03.420 [FXGL Background Thread 3 ] DEBUG Engine               - isEntityPreloadEnabled: true
20:33:03.421 [FXGL Background Thread 3 ] DEBUG Engine               - isExperimental3D: false
20:33:03.421 [FXGL Background Thread 3 ] DEBUG Engine               - isExperimentalNative: false
20:33:03.421 [FXGL Background Thread 3 ] DEBUG Engine               - isExperimentalTiledLargeMap: false
20:33:03.421 [FXGL Background Thread 3 ] DEBUG Engine               - isFileSystemWriteAllowed: true
20:33:03.421 [FXGL Background Thread 3 ] DEBUG Engine               - isFullScreenAllowed: false
20:33:03.421 [FXGL Background Thread 3 ] DEBUG Engine               - isFullScreenFromStart: false
20:33:03.421 [FXGL Background Thread 3 ] DEBUG Engine               - isGameMenuEnabled: true
20:33:03.421 [FXGL Background Thread 3 ] DEBUG Engine               - isIOS: false
20:33:03.421 [FXGL Background Thread 3 ] DEBUG Engine               - isIntroEnabled: false
20:33:03.421 [FXGL Background Thread 3 ] DEBUG Engine               - isLinux: true
20:33:03.421 [FXGL Background Thread 3 ] DEBUG Engine               - isMac: false
20:33:03.421 [FXGL Background Thread 3 ] DEBUG Engine               - isMainMenuEnabled: true
20:33:03.421 [FXGL Background Thread 3 ] DEBUG Engine               - isManualResizeEnabled: false
20:33:03.421 [FXGL Background Thread 3 ] DEBUG Engine               - isMobile: false
20:33:03.421 [FXGL Background Thread 3 ] DEBUG Engine               - isPreserveResizeRatio: false
20:33:03.421 [FXGL Background Thread 3 ] DEBUG Engine               - isProfilingEnabled: false
20:33:03.422 [FXGL Background Thread 3 ] DEBUG Engine               - isScaleAffectedOnResize: true
20:33:03.422 [FXGL Background Thread 3 ] DEBUG Engine               - isSingleStep: false
20:33:03.422 [FXGL Background Thread 3 ] DEBUG Engine               - isUserProfileEnabled: false
20:33:03.422 [FXGL Background Thread 3 ] DEBUG Engine               - isWindows: false
20:33:03.422 [FXGL Background Thread 3 ] DEBUG Engine               - language: ObjectProperty [value: ENGLISH]
20:33:03.422 [FXGL Background Thread 3 ] DEBUG Engine               - menuKey: ESCAPE
20:33:03.422 [FXGL Background Thread 3 ] DEBUG Engine               - notificationViewClass: class com.almasb.fxgl.notification.view.XboxNotificationView
20:33:03.422 [FXGL Background Thread 3 ] DEBUG Engine               - pixelsPerMeter: 50.0
20:33:03.422 [FXGL Background Thread 3 ] DEBUG Engine               - platform: LINUX
20:33:03.422 [FXGL Background Thread 3 ] DEBUG Engine               - prefHeightProperty: ReadOnlyDoubleProperty [value: 1136.0]
20:33:03.422 [FXGL Background Thread 3 ] DEBUG Engine               - prefWidthProperty: ReadOnlyDoubleProperty [value: 1025.0]
20:33:03.422 [FXGL Background Thread 3 ] DEBUG Engine               - profileDir: profiles/
20:33:03.422 [FXGL Background Thread 3 ] DEBUG Engine               - profileName: StringProperty [value: DEFAULT]
20:33:03.422 [FXGL Background Thread 3 ] DEBUG Engine               - randomSeed: -1
20:33:03.422 [FXGL Background Thread 3 ] DEBUG Engine               - runtimeInfo: RuntimeInfo(platform=LINUX, version=11.14, build=01.03.2021 16.59)
20:33:03.422 [FXGL Background Thread 3 ] DEBUG Engine               - saveFileExt: sav
20:33:03.423 [FXGL Background Thread 3 ] DEBUG Engine               - scaledHeightProp$fxgl: DoubleProperty [bound, value: 1155.0]
20:33:03.423 [FXGL Background Thread 3 ] DEBUG Engine               - scaledWidthProp$fxgl: DoubleProperty [bound, value: 1031.0]
20:33:03.423 [FXGL Background Thread 3 ] DEBUG Engine               - sceneFactory: fi.utu.tech.gui.javafx.BattleShipApp$1@38b8200
20:33:03.423 [FXGL Background Thread 3 ] DEBUG Engine               - secondsIn24h: 60
20:33:03.423 [FXGL Background Thread 3 ] DEBUG Engine               - soundMenuBack: menu/back.wav
20:33:03.423 [FXGL Background Thread 3 ] DEBUG Engine               - soundMenuPress: menu/press.wav
20:33:03.423 [FXGL Background Thread 3 ] DEBUG Engine               - soundMenuSelect: menu/select.wav
20:33:03.423 [FXGL Background Thread 3 ] DEBUG Engine               - soundNotification: core/notification.wav
20:33:03.423 [FXGL Background Thread 3 ] DEBUG Engine               - stageStyle: DECORATED
20:33:03.423 [FXGL Background Thread 3 ] DEBUG Engine               - supportedLanguages: [ENGLISH, FRENCH, GERMAN, HUNGARIAN, RUSSIAN]
20:33:03.423 [FXGL Background Thread 3 ] DEBUG Engine               - ticksPerSecond: -1
20:33:03.423 [FXGL Background Thread 3 ] DEBUG Engine               - title: BattleShip_FXGL
20:33:03.423 [FXGL Background Thread 3 ] DEBUG Engine               - urlGithub: https://github.com/AlmasB/FXGL
20:33:03.423 [FXGL Background Thread 3 ] DEBUG Engine               - urlLeaderboard: http://fxgl-top.herokuapp.com/
20:33:03.423 [FXGL Background Thread 3 ] DEBUG Engine               - urlPOM: https://raw.githubusercontent.com/AlmasB/FXGL/release/README.md
20:33:03.423 [FXGL Background Thread 3 ] DEBUG Engine               - userAppClass: class fi.utu.tech.gui.javafx.BattleShipApp
20:33:03.423 [FXGL Background Thread 3 ] DEBUG Engine               - version: 0.1
20:33:03.423 [FXGL Background Thread 3 ] DEBUG Engine               - versionCheckDays: 7
20:33:03.423 [FXGL Background Thread 3 ] DEBUG Engine               - width: 1025
20:33:03.424 [FXGL Background Thread 3 ] DEBUG Engine               - Logging services
20:33:03.424 [FXGL Background Thread 3 ] DEBUG Engine               - class com.almasb.fxgl.app.services.FXGLAssetLoaderService
20:33:03.424 [FXGL Background Thread 3 ] DEBUG Engine               - class com.almasb.fxgl.app.FXGLApplication$GameApplicationService
20:33:03.424 [FXGL Background Thread 3 ] DEBUG Engine               - class com.almasb.fxgl.app.services.FXGLDialogService
20:33:03.424 [FXGL Background Thread 3 ] DEBUG Engine               - class com.almasb.fxgl.app.services.IOTaskExecutorService
20:33:03.424 [FXGL Background Thread 3 ] DEBUG Engine               - class com.almasb.fxgl.event.EventBusService
20:33:03.424 [FXGL Background Thread 3 ] DEBUG Engine               - class com.almasb.fxgl.io.FileSystemService
20:33:03.424 [FXGL Background Thread 3 ] DEBUG Engine               - class com.almasb.fxgl.localization.LocalizationService
20:33:03.424 [FXGL Background Thread 3 ] DEBUG Engine               - class com.almasb.fxgl.app.services.SystemBundleService
20:33:03.424 [FXGL Background Thread 3 ] DEBUG Engine               - class com.almasb.fxgl.profile.SaveLoadService
20:33:03.424 [FXGL Background Thread 3 ] DEBUG Engine               - class com.almasb.fxgl.ui.FXGLUIFactoryServiceProvider
20:33:03.424 [FXGL Background Thread 3 ] DEBUG Engine               - class com.almasb.fxgl.ui.FXGLDialogFactoryServiceProvider
20:33:03.424 [FXGL Background Thread 3 ] DEBUG Engine               - class com.almasb.fxgl.audio.AudioPlayer
20:33:03.424 [FXGL Background Thread 3 ] DEBUG Engine               - class com.almasb.fxgl.notification.impl.NotificationServiceProvider
20:33:03.424 [FXGL Background Thread 3 ] DEBUG Engine               - class com.almasb.fxgl.achievement.AchievementService
20:33:03.424 [FXGL Background Thread 3 ] DEBUG Engine               - class com.almasb.fxgl.cutscene.CutsceneService
20:33:03.424 [FXGL Background Thread 3 ] DEBUG Engine               - class com.almasb.fxgl.minigames.MiniGameService
20:33:03.425 [FXGL Background Thread 3 ] DEBUG Engine               - class com.almasb.fxgl.net.NetService
20:33:03.425 [FXGL Background Thread 3 ] DEBUG Engine               - class com.almasb.fxgl.app.services.UpdaterService
20:33:03.425 [FXGL Background Thread 3 ] DEBUG Engine               - class com.almasb.fxgl.dev.DevService
20:34:11.999 [JavaFX Application Thread] DEBUG FXGLApplication      - Exiting FXGL
20:34:11.999 [JavaFX Application Thread] DEBUG LoopRunner           - Stopping loop
20:34:11.999 [JavaFX Application Thread] DEBUG SystemBundleService  - Saving FXGL system data
20:34:12.000 [JavaFX Application Thread] DEBUG FileSystemAccess     - Writing to: /home/yoko19191/repo/dtek0097/exercise_d/BattleShip_FXGL/system/fxgl.bundle
20:34:12.002 [JavaFX Application Thread] DEBUG Async                - Shutting down background threads
20:34:12.002 [JavaFX Application Thread] DEBUG PrimaryStageWindow   - Closing main window
20:34:12.003 [JavaFX Application Thread] DEBUG Logger               - Closing Logger
