10:54:34.170 [main                     ] DEBUG Logger               - Configured Logger
10:54:34.198 [main                     ] DEBUG GameApplication      - Logging settings
Title: BattleShip_FXGL
Version: 0.1
Width: 1920
Height: 1080
Fullscreen: true
Intro: false
Profiling: false
Single step:false
App Mode: DEVELOPER
Menu Key: ESCAPE
Stage Style: DECORATED
Scene Factory: class fi.utu.tech.gui.javafx.fxgl.BattleShipApp$1

10:54:34.579 [JavaFX Application Thread] DEBUG FXGLApplication      - Initializing FXGL
10:54:34.581 [JavaFX Application Thread] INFO  Engine               - FXGL-11.14 (01.03.2021 16.59) on WINDOWS (J:11.0.10 FX:15)
10:54:34.581 [JavaFX Application Thread] DEBUG Engine               - JRE Vendor Name: Amazon.com Inc.
10:54:34.581 [JavaFX Application Thread] DEBUG Engine               - Running on OS: Windows 10 version 10.0
10:54:34.581 [JavaFX Application Thread] DEBUG Engine               - Architecture: amd64
10:54:34.581 [JavaFX Application Thread] INFO  Engine               - Source code and latest versions at: https://github.com/AlmasB/FXGL
10:54:34.582 [JavaFX Application Thread] INFO  Engine               -              Join the FXGL chat at: https://gitter.im/AlmasB/FXGL
10:54:34.660 [JavaFX Application Thread] DEBUG PrimaryStageWindow   - Creating a JavaFX scene
10:54:34.708 [JavaFX Application Thread] DEBUG PrimaryStageWindow   - Target settings size: 1920.0 x 1080.0
10:54:34.708 [JavaFX Application Thread] DEBUG PrimaryStageWindow   - Scaled scene size:    1920.0 x 1080.0
10:54:34.708 [JavaFX Application Thread] DEBUG PrimaryStageWindow   - Scaled ratio: (1.0, 1.0)
10:54:34.709 [JavaFX Application Thread] DEBUG PrimaryStageWindow   - Set initial scene to FXGLStartupScene
10:54:34.714 [JavaFX Application Thread] DEBUG PrimaryStageWindow   - Opening main window
10:54:34.785 [JavaFX Application Thread] DEBUG PrimaryStageWindow   - Window border size: (16.0, 39.0)
10:54:34.786 [JavaFX Application Thread] DEBUG PrimaryStageWindow   - Scaled size: 1920.0 x 1080.0
10:54:34.786 [JavaFX Application Thread] DEBUG PrimaryStageWindow   - Scaled ratio: (1.0, 1.0)
10:54:34.786 [JavaFX Application Thread] DEBUG PrimaryStageWindow   - Scene size: 1920.0 x 1080.0
10:54:34.786 [JavaFX Application Thread] DEBUG PrimaryStageWindow   - Stage size: 1936.0 x 1119.0
10:54:34.852 [JavaFX Application Thread] DEBUG PrimaryStageWindow   - Going fullscreen
10:54:34.862 [FXGL Background Thread 1 ] DEBUG Engine               - Initializing environment variables
10:54:34.896 [FXGL Background Thread 1 ] DEBUG FXGLAssetLoaderServi - User app class for loading assets: class fi.utu.tech.gui.javafx.fxgl.BattleShipApp
10:54:34.896 [FXGL Background Thread 1 ] DEBUG GameApplicationServi - Applying CSS: fxgl_dark.css
10:54:34.897 [FXGL Background Thread 1 ] DEBUG FXGLAssetLoaderServi - Loading from file system: jar:file:///C:/Users/box69/.m2/repository/com/github/almasb/fxgl/11.14/fxgl-11.14.jar!/fxglassets/ui/css/fxgl_dark.css
10:54:34.937 [FXGL Background Thread 1 ] DEBUG GameApplicationServi - Initializing application scenes
10:54:34.998 [FXGL Background Thread 1 ] DEBUG GameWorld            - Game world initialized
10:54:35.047 [FXGL Background Thread 1 ] DEBUG PhysicsWorld         - Physics world initialized: appHeight=1080, physics.ppm=50.0
10:54:35.048 [FXGL Background Thread 1 ] DEBUG PhysicsWorld         - Using strategy: BRUTE_FORCE
10:54:35.050 [FXGL Background Thread 1 ] DEBUG GameScene            - Game scene initialized: 1920x1080
10:54:35.054 [FXGL Background Thread 1 ] DEBUG FXGLAssetLoaderServi - Loading from file system: file:/D:/battleShip/battleShip_FXGL/target/classes/assets/textures/Nebula_Red.png
10:54:35.241 [FXGL Background Thread 1 ] DEBUG FXGLAssetLoaderServi - Loading from file system: jar:file:///C:/Users/box69/.m2/repository/com/github/almasb/fxgl/11.14/fxgl-11.14.jar!/fxglassets/textures/pause_menu_bg.png
10:54:35.267 [FXGL Background Thread 1 ] DEBUG GameApplicationServi - Application scenes initialized
10:54:35.277 [FXGL Background Thread 1 ] DEBUG SystemBundleService  - Loading FXGL system data
10:54:35.280 [FXGL Background Thread 1 ] DEBUG FileSystemAccess     - Reading from: D:\battleShip\battleShip_FXGL\system\fxgl.bundle
10:54:35.284 [FXGL Background Thread 1 ] DEBUG SystemBundleService  - Bundle FXGL: {}
10:54:35.284 [FXGL Background Thread 1 ] DEBUG UpdaterService       - Checking for updates
10:54:35.288 [FXGL Background Thread 4 ] DEBUG FXGLApplication      - Loading fonts
10:54:35.289 [FXGL Background Thread 1 ] DEBUG FXGLApplication      - Loading default localization
10:54:35.289 [FXGL Background Thread 4 ] DEBUG FXGLAssetLoaderServi - Loading from file system: jar:file:///C:/Users/box69/.m2/repository/com/github/almasb/fxgl/11.14/fxgl-11.14.jar!/fxglassets/ui/fonts/VarelaRound-Regular.ttf
10:54:35.289 [FXGL Background Thread 1 ] DEBUG FXGLAssetLoaderServi - Loading from file system: jar:file:///C:/Users/box69/.m2/repository/com/github/almasb/fxgl/11.14/fxgl-11.14.jar!/fxglassets/languages/english.lang
10:54:35.302 [FXGL Background Thread 1 ] INFO  FXGLApplication      - FXGL initialization took: 0.440 sec
10:54:35.314 [JavaFX Application Thread] DEBUG Input                - Registered new binding: Change Scene - Space
10:54:35.315 [JavaFX Application Thread] DEBUG Input                - Registered new binding: action0 - R
10:54:35.316 [JavaFX Application Thread] DEBUG Input                - Registered new binding: Deploy - RMB
10:54:35.317 [JavaFX Application Thread] DEBUG Input                - Registered new binding: Attack - LMB
10:54:35.317 [JavaFX Application Thread] DEBUG FXGLAssetLoaderServi - Loading from file system: file:/D:/battleShip/battleShip_FXGL/target/classes/assets/music/CrashedShip.mp3
10:54:35.467 [JavaFX Application Thread] DEBUG AudioPlayer          - Playing music com.almasb.fxgl.audio.Music@5100ad8d
10:54:35.468 [JavaFX Application Thread] DEBUG FXGLAssetLoaderServi - Loading from file system: jar:file:///C:/Users/box69/.m2/repository/com/github/almasb/fxgl/11.14/fxgl-11.14.jar!/fxglassets/textures/fxgl_icon.png
10:54:35.484 [JavaFX Application Thread] DEBUG FXGLAssetLoaderServi - Loading from file system: jar:file:///C:/Users/box69/.m2/repository/com/github/almasb/fxgl/11.14/fxgl-11.14.jar!/fxglassets/ui/cursors/fxgl_default.png
10:54:35.485 [JavaFX Application Thread] DEBUG Input                - Registered new binding: Screenshot - P
10:54:35.486 [JavaFX Application Thread] DEBUG Input                - Registered new binding: System info dump - CTRL+9
10:54:35.486 [JavaFX Application Thread] DEBUG Input                - Registered new binding: Restart - CTRL+R
10:54:35.486 [JavaFX Application Thread] DEBUG Input                - Registered new binding: Toggle Debug Camera - CTRL+C
10:54:35.488 [JavaFX Application Thread] DEBUG LoopRunner           - Starting loop
10:54:35.488 [JavaFX Application Thread] DEBUG LoopRunner           - Initializing JavaFX AnimationTimerLoop
10:54:35.490 [JavaFX Application Thread] DEBUG Input                - Clearing active input actions
10:54:35.497 [JavaFX Application Thread] DEBUG GameApplicationServi - Removing overlay from FXGLStartupScene and adding to FXGLMainMenuDummyScene
10:54:35.497 [JavaFX Application Thread] DEBUG PrimaryStageWindow   - FXGLStartupScene -> FXGLMainMenuDummyScene
10:54:35.498 [JavaFX Application Thread] DEBUG PrimaryStageWindow   - Push state: BattleShipMainMenu
10:54:35.498 [JavaFX Application Thread] DEBUG Input                - Clearing active input actions
10:54:35.500 [JavaFX Application Thread] DEBUG GameApplicationServi - Removing overlay from FXGLMainMenuDummyScene and adding to BattleShipMainMenu
10:54:35.501 [JavaFX Application Thread] DEBUG PrimaryStageWindow   - FXGLMainMenuDummyScene -> BattleShipMainMenu
10:54:35.689 [FXGL Background Thread 4 ] DEBUG FXGLAssetLoaderServi - Loading from file system: jar:file:///C:/Users/box69/.m2/repository/com/github/almasb/fxgl/11.14/fxgl-11.14.jar!/fxglassets/ui/fonts/Abel-Regular.ttf
10:54:35.692 [FXGL Background Thread 4 ] DEBUG FXGLAssetLoaderServi - Loading from file system: jar:file:///C:/Users/box69/.m2/repository/com/github/almasb/fxgl/11.14/fxgl-11.14.jar!/fxglassets/ui/fonts/lucida_console.ttf
10:54:35.697 [FXGL Background Thread 4 ] DEBUG FXGLAssetLoaderServi - Loading from file system: jar:file:///C:/Users/box69/.m2/repository/com/github/almasb/fxgl/11.14/fxgl-11.14.jar!/fxglassets/ui/fonts/Courier-Prime.ttf
10:54:35.713 [JavaFX Application Thread] DEBUG FXGLApplication      - Registering font factories with UI factory
10:54:36.119 [JavaFX Application Thread] DEBUG PrimaryStageWindow   - Push state: DialogSubScene
10:54:36.119 [JavaFX Application Thread] DEBUG Input                - Clearing active input actions
10:54:36.122 [JavaFX Application Thread] DEBUG GameApplicationServi - Removing overlay from BattleShipMainMenu and adding to DialogSubScene
10:54:36.123 [JavaFX Application Thread] DEBUG PrimaryStageWindow   - BattleShipMainMenu -> DialogSubScene
10:54:38.288 [FXGL Background Thread 3 ] DEBUG Engine               - Logging environment variables
10:54:38.288 [FXGL Background Thread 3 ] DEBUG Engine               - achievements: []
10:54:38.288 [FXGL Background Thread 3 ] DEBUG Engine               - actualHeight: 1080.0
10:54:38.288 [FXGL Background Thread 3 ] DEBUG Engine               - actualHeightProperty: ReadOnlyDoubleProperty [value: 1080.0]
10:54:38.288 [FXGL Background Thread 3 ] DEBUG Engine               - actualWidth: 1920.0
10:54:38.288 [FXGL Background Thread 3 ] DEBUG Engine               - actualWidthProperty: ReadOnlyDoubleProperty [value: 1920.0]
10:54:38.288 [FXGL Background Thread 3 ] DEBUG Engine               - appIcon: fxgl_icon.png
10:54:38.289 [FXGL Background Thread 3 ] DEBUG Engine               - applicationMode: DEVELOPER
10:54:38.289 [FXGL Background Thread 3 ] DEBUG Engine               - cSSList: [fxgl_dark.css]
10:54:38.289 [FXGL Background Thread 3 ] DEBUG Engine               - collisionDetectionStrategy: BRUTE_FORCE
10:54:38.289 [FXGL Background Thread 3 ] DEBUG Engine               - configClass: Optional.empty
10:54:38.289 [FXGL Background Thread 3 ] DEBUG Engine               - credits: []
10:54:38.289 [FXGL Background Thread 3 ] DEBUG Engine               - devBBoxColorProperty: ObjectProperty [value: 0xff0000ff]
10:54:38.289 [FXGL Background Thread 3 ] DEBUG Engine               - devEnableDebugCameraProperty: BooleanProperty [value: false]
10:54:38.289 [FXGL Background Thread 3 ] DEBUG Engine               - devSensorColorProperty: ObjectProperty [value: 0xffff00ff]
10:54:38.289 [FXGL Background Thread 3 ] DEBUG Engine               - devShowBBoxProperty: BooleanProperty [value: false]
10:54:38.289 [FXGL Background Thread 3 ] DEBUG Engine               - devShowPositionProperty: BooleanProperty [value: false]
10:54:38.289 [FXGL Background Thread 3 ] DEBUG Engine               - enabledMenuItems: []
10:54:38.289 [FXGL Background Thread 3 ] DEBUG Engine               - engineServices: [class com.almasb.fxgl.app.services.FXGLAssetLoaderService, class com.almasb.fxgl.app.FXGLApplication$GameApplicationService, class com.almasb.fxgl.app.services.FXGLDialogService, class com.almasb.fxgl.app.services.IOTaskExecutorService, class com.almasb.fxgl.event.EventBusService, class com.almasb.fxgl.io.FileSystemService, class com.almasb.fxgl.localization.LocalizationService, class com.almasb.fxgl.app.services.SystemBundleService, class com.almasb.fxgl.profile.SaveLoadService, class com.almasb.fxgl.ui.FXGLUIFactoryServiceProvider, class com.almasb.fxgl.ui.FXGLDialogFactoryServiceProvider, class com.almasb.fxgl.audio.AudioPlayer, class com.almasb.fxgl.notification.impl.NotificationServiceProvider, class com.almasb.fxgl.achievement.AchievementService, class com.almasb.fxgl.cutscene.CutsceneService, class com.almasb.fxgl.minigames.MiniGameService, class com.almasb.fxgl.net.NetService, class com.almasb.fxgl.app.services.UpdaterService, class com.almasb.fxgl.dev.DevService]
10:54:38.289 [FXGL Background Thread 3 ] DEBUG Engine               - fontGame: Abel-Regular.ttf
10:54:38.289 [FXGL Background Thread 3 ] DEBUG Engine               - fontMono: lucida_console.ttf
10:54:38.290 [FXGL Background Thread 3 ] DEBUG Engine               - fontText: Courier-Prime.ttf
10:54:38.290 [FXGL Background Thread 3 ] DEBUG Engine               - fontUI: VarelaRound-Regular.ttf
10:54:38.290 [FXGL Background Thread 3 ] DEBUG Engine               - fullScreen: BooleanProperty [value: true]
10:54:38.290 [FXGL Background Thread 3 ] DEBUG Engine               - gameDifficulty: MEDIUM
10:54:38.290 [FXGL Background Thread 3 ] DEBUG Engine               - gameDifficultyProperty: ObjectProperty [value: MEDIUM]
10:54:38.290 [FXGL Background Thread 3 ] DEBUG Engine               - globalMusicVolume: 0.5
10:54:38.290 [FXGL Background Thread 3 ] DEBUG Engine               - globalMusicVolumeProperty: DoubleProperty [value: 0.2]
10:54:38.290 [FXGL Background Thread 3 ] DEBUG Engine               - globalSoundVolume: 0.5
10:54:38.290 [FXGL Background Thread 3 ] DEBUG Engine               - globalSoundVolumeProperty: DoubleProperty [value: 0.5]
10:54:38.290 [FXGL Background Thread 3 ] DEBUG Engine               - height: 1080
10:54:38.290 [FXGL Background Thread 3 ] DEBUG Engine               - isAndroid: false
10:54:38.290 [FXGL Background Thread 3 ] DEBUG Engine               - isBrowser: false
10:54:38.290 [FXGL Background Thread 3 ] DEBUG Engine               - isClickFeedbackEnabled: false
10:54:38.290 [FXGL Background Thread 3 ] DEBUG Engine               - isCloseConfirmation: false
10:54:38.290 [FXGL Background Thread 3 ] DEBUG Engine               - isDesktop: true
10:54:38.290 [FXGL Background Thread 3 ] DEBUG Engine               - isDeveloperMenuEnabled: false
10:54:38.291 [FXGL Background Thread 3 ] DEBUG Engine               - isEntityPreloadEnabled: true
10:54:38.291 [FXGL Background Thread 3 ] DEBUG Engine               - isExperimental3D: false
10:54:38.291 [FXGL Background Thread 3 ] DEBUG Engine               - isExperimentalNative: false
10:54:38.291 [FXGL Background Thread 3 ] DEBUG Engine               - isExperimentalTiledLargeMap: false
10:54:38.291 [FXGL Background Thread 3 ] DEBUG Engine               - isFileSystemWriteAllowed: true
10:54:38.291 [FXGL Background Thread 3 ] DEBUG Engine               - isFullScreenAllowed: true
10:54:38.291 [FXGL Background Thread 3 ] DEBUG Engine               - isFullScreenFromStart: true
10:54:38.291 [FXGL Background Thread 3 ] DEBUG Engine               - isGameMenuEnabled: true
10:54:38.291 [FXGL Background Thread 3 ] DEBUG Engine               - isIOS: false
10:54:38.291 [FXGL Background Thread 3 ] DEBUG Engine               - isIntroEnabled: false
10:54:38.291 [FXGL Background Thread 3 ] DEBUG Engine               - isLinux: false
10:54:38.291 [FXGL Background Thread 3 ] DEBUG Engine               - isMac: false
10:54:38.291 [FXGL Background Thread 3 ] DEBUG Engine               - isMainMenuEnabled: true
10:54:38.291 [FXGL Background Thread 3 ] DEBUG Engine               - isManualResizeEnabled: false
10:54:38.291 [FXGL Background Thread 3 ] DEBUG Engine               - isMobile: false
10:54:38.291 [FXGL Background Thread 3 ] DEBUG Engine               - isPreserveResizeRatio: false
10:54:38.291 [FXGL Background Thread 3 ] DEBUG Engine               - isProfilingEnabled: false
10:54:38.291 [FXGL Background Thread 3 ] DEBUG Engine               - isScaleAffectedOnResize: true
10:54:38.292 [FXGL Background Thread 3 ] DEBUG Engine               - isSingleStep: false
10:54:38.292 [FXGL Background Thread 3 ] DEBUG Engine               - isUserProfileEnabled: false
10:54:38.292 [FXGL Background Thread 3 ] DEBUG Engine               - isWindows: true
10:54:38.292 [FXGL Background Thread 3 ] DEBUG Engine               - language: ObjectProperty [value: ENGLISH]
10:54:38.292 [FXGL Background Thread 3 ] DEBUG Engine               - menuKey: ESCAPE
10:54:38.292 [FXGL Background Thread 3 ] DEBUG Engine               - notificationViewClass: class com.almasb.fxgl.notification.view.XboxNotificationView
10:54:38.292 [FXGL Background Thread 3 ] DEBUG Engine               - pixelsPerMeter: 50.0
10:54:38.292 [FXGL Background Thread 3 ] DEBUG Engine               - platform: WINDOWS
10:54:38.292 [FXGL Background Thread 3 ] DEBUG Engine               - prefHeightProperty: ReadOnlyDoubleProperty [value: 1080.0]
10:54:38.292 [FXGL Background Thread 3 ] DEBUG Engine               - prefWidthProperty: ReadOnlyDoubleProperty [value: 1920.0]
10:54:38.292 [FXGL Background Thread 3 ] DEBUG Engine               - profileDir: profiles/
10:54:38.292 [FXGL Background Thread 3 ] DEBUG Engine               - profileName: StringProperty [value: DEFAULT]
10:54:38.292 [FXGL Background Thread 3 ] DEBUG Engine               - randomSeed: -1
10:54:38.293 [FXGL Background Thread 3 ] DEBUG Engine               - runtimeInfo: RuntimeInfo(platform=WINDOWS, version=11.14, build=01.03.2021 16.59)
10:54:38.293 [FXGL Background Thread 3 ] DEBUG Engine               - saveFileExt: sav
10:54:38.293 [FXGL Background Thread 3 ] DEBUG Engine               - scaledHeightProp$fxgl: DoubleProperty [bound, value: 1080.0]
10:54:38.293 [FXGL Background Thread 3 ] DEBUG Engine               - scaledWidthProp$fxgl: DoubleProperty [bound, value: 1920.0]
10:54:38.293 [FXGL Background Thread 3 ] DEBUG Engine               - sceneFactory: fi.utu.tech.gui.javafx.fxgl.BattleShipApp$1@5e697252
10:54:38.293 [FXGL Background Thread 3 ] DEBUG Engine               - secondsIn24h: 60
10:54:38.293 [FXGL Background Thread 3 ] DEBUG Engine               - soundMenuBack: menu/back.wav
10:54:38.293 [FXGL Background Thread 3 ] DEBUG Engine               - soundMenuPress: menu/press.wav
10:54:38.293 [FXGL Background Thread 3 ] DEBUG Engine               - soundMenuSelect: menu/select.wav
10:54:38.293 [FXGL Background Thread 3 ] DEBUG Engine               - soundNotification: core/notification.wav
10:54:38.293 [FXGL Background Thread 3 ] DEBUG Engine               - stageStyle: DECORATED
10:54:38.293 [FXGL Background Thread 3 ] DEBUG Engine               - supportedLanguages: [ENGLISH, FRENCH, GERMAN, HUNGARIAN, RUSSIAN]
10:54:38.293 [FXGL Background Thread 3 ] DEBUG Engine               - ticksPerSecond: -1
10:54:38.293 [FXGL Background Thread 3 ] DEBUG Engine               - title: BattleShip_FXGL
10:54:38.293 [FXGL Background Thread 3 ] DEBUG Engine               - urlGithub: https://github.com/AlmasB/FXGL
10:54:38.293 [FXGL Background Thread 3 ] DEBUG Engine               - urlLeaderboard: http://fxgl-top.herokuapp.com/
10:54:38.293 [FXGL Background Thread 3 ] DEBUG Engine               - urlPOM: https://raw.githubusercontent.com/AlmasB/FXGL/release/README.md
10:54:38.294 [FXGL Background Thread 3 ] DEBUG Engine               - userAppClass: class fi.utu.tech.gui.javafx.fxgl.BattleShipApp
10:54:38.294 [FXGL Background Thread 3 ] DEBUG Engine               - version: 0.1
10:54:38.294 [FXGL Background Thread 3 ] DEBUG Engine               - versionCheckDays: 7
10:54:38.294 [FXGL Background Thread 3 ] DEBUG Engine               - width: 1920
10:54:38.294 [FXGL Background Thread 3 ] DEBUG Engine               - Logging services
10:54:38.294 [FXGL Background Thread 3 ] DEBUG Engine               - class com.almasb.fxgl.app.services.FXGLAssetLoaderService
10:54:38.294 [FXGL Background Thread 3 ] DEBUG Engine               - class com.almasb.fxgl.app.FXGLApplication$GameApplicationService
10:54:38.294 [FXGL Background Thread 3 ] DEBUG Engine               - class com.almasb.fxgl.app.services.FXGLDialogService
10:54:38.294 [FXGL Background Thread 3 ] DEBUG Engine               - class com.almasb.fxgl.app.services.IOTaskExecutorService
10:54:38.294 [FXGL Background Thread 3 ] DEBUG Engine               - class com.almasb.fxgl.event.EventBusService
10:54:38.294 [FXGL Background Thread 3 ] DEBUG Engine               - class com.almasb.fxgl.io.FileSystemService
10:54:38.294 [FXGL Background Thread 3 ] DEBUG Engine               - class com.almasb.fxgl.localization.LocalizationService
10:54:38.294 [FXGL Background Thread 3 ] DEBUG Engine               - class com.almasb.fxgl.app.services.SystemBundleService
10:54:38.294 [FXGL Background Thread 3 ] DEBUG Engine               - class com.almasb.fxgl.profile.SaveLoadService
10:54:38.294 [FXGL Background Thread 3 ] DEBUG Engine               - class com.almasb.fxgl.ui.FXGLUIFactoryServiceProvider
10:54:38.294 [FXGL Background Thread 3 ] DEBUG Engine               - class com.almasb.fxgl.ui.FXGLDialogFactoryServiceProvider
10:54:38.294 [FXGL Background Thread 3 ] DEBUG Engine               - class com.almasb.fxgl.audio.AudioPlayer
10:54:38.294 [FXGL Background Thread 3 ] DEBUG Engine               - class com.almasb.fxgl.notification.impl.NotificationServiceProvider
10:54:38.294 [FXGL Background Thread 3 ] DEBUG Engine               - class com.almasb.fxgl.achievement.AchievementService
10:54:38.295 [FXGL Background Thread 3 ] DEBUG Engine               - class com.almasb.fxgl.cutscene.CutsceneService
10:54:38.295 [FXGL Background Thread 3 ] DEBUG Engine               - class com.almasb.fxgl.minigames.MiniGameService
10:54:38.295 [FXGL Background Thread 3 ] DEBUG Engine               - class com.almasb.fxgl.net.NetService
10:54:38.295 [FXGL Background Thread 3 ] DEBUG Engine               - class com.almasb.fxgl.app.services.UpdaterService
10:54:38.295 [FXGL Background Thread 3 ] DEBUG Engine               - class com.almasb.fxgl.dev.DevService
10:54:43.754 [JavaFX Application Thread] DEBUG PrimaryStageWindow   - Pop state: DialogSubScene
10:54:43.754 [JavaFX Application Thread] DEBUG Input                - Clearing active input actions
10:54:43.755 [JavaFX Application Thread] DEBUG GameApplicationServi - Removing overlay from DialogSubScene and adding to BattleShipMainMenu
10:54:43.755 [JavaFX Application Thread] DEBUG PrimaryStageWindow   - BattleShipMainMenu <- DialogSubScene
10:54:44.200 [JavaFX Application Thread] DEBUG Menu                 - fireNewGame()
10:54:44.201 [JavaFX Application Thread] DEBUG GameApplicationServi - Starting new game
10:54:44.201 [JavaFX Application Thread] DEBUG PrimaryStageWindow   - Pop state: BattleShipMainMenu
10:54:44.201 [JavaFX Application Thread] DEBUG Input                - Clearing active input actions
10:54:44.201 [JavaFX Application Thread] DEBUG GameApplicationServi - Removing overlay from BattleShipMainMenu and adding to FXGLMainMenuDummyScene
10:54:44.201 [JavaFX Application Thread] DEBUG PrimaryStageWindow   - FXGLMainMenuDummyScene <- BattleShipMainMenu
10:54:44.201 [JavaFX Application Thread] DEBUG Input                - Clearing active input actions
10:54:44.206 [JavaFX Application Thread] DEBUG GameApplicationServi - Removing overlay from FXGLMainMenuDummyScene and adding to FXGLLoadingScene
10:54:44.206 [JavaFX Application Thread] DEBUG PrimaryStageWindow   - FXGLMainMenuDummyScene -> FXGLLoadingScene
10:54:44.206 [JavaFX Application Thread] DEBUG GameApplicationServi - Clearing previous game
10:54:44.207 [JavaFX Application Thread] DEBUG GameScene            - Clearing game scene
10:54:44.207 [JavaFX Application Thread] DEBUG GameWorld            - Clearing game world
10:54:44.207 [JavaFX Application Thread] DEBUG PhysicsWorld         - Clearing physics world
10:54:44.207 [FXGL Background Thread 2 ] DEBUG FXGLApplication      - Initializing game
10:54:44.212 [FXGL Background Thread 2 ] DEBUG FXGLAssetLoaderServi - Loading from file system: file:/D:/battleShip/battleShip_FXGL/target/classes/assets/textures/bg.jpg
10:54:44.243 [FXGL Background Thread 2 ] DEBUG FXGLAssetLoaderServi - Loading from file system: file:/D:/battleShip/battleShip_FXGL/target/classes/assets/textures/ShipContainer.png
10:54:44.248 [FXGL Background Thread 2 ] DEBUG FXGLAssetLoaderServi - Loading from file system: file:/D:/battleShip/battleShip_FXGL/target/classes/assets/textures/ships/ship_b_5_h.png
10:54:44.261 [FXGL Background Thread 2 ] DEBUG FXGLAssetLoaderServi - Loading from file system: file:/D:/battleShip/battleShip_FXGL/target/classes/assets/textures/ships/ship_r_5_h.png
10:54:44.264 [FXGL Background Thread 2 ] DEBUG FXGLAssetLoaderServi - Loading from file system: file:/D:/battleShip/battleShip_FXGL/target/classes/assets/textures/ships/ship_b_4_h.png
10:54:44.266 [FXGL Background Thread 2 ] DEBUG FXGLAssetLoaderServi - Loading from file system: file:/D:/battleShip/battleShip_FXGL/target/classes/assets/textures/ships/ship_r_4_h.png
10:54:44.268 [FXGL Background Thread 2 ] DEBUG FXGLAssetLoaderServi - Loading from file system: file:/D:/battleShip/battleShip_FXGL/target/classes/assets/textures/ships/ship_b_3_2_h.png
10:54:44.271 [FXGL Background Thread 2 ] DEBUG FXGLAssetLoaderServi - Loading from file system: file:/D:/battleShip/battleShip_FXGL/target/classes/assets/textures/ships/ship_r_3_2_h.png
10:54:44.272 [FXGL Background Thread 2 ] DEBUG FXGLAssetLoaderServi - Loading from file system: file:/D:/battleShip/battleShip_FXGL/target/classes/assets/textures/ships/ship_b_3_1_h.png
10:54:44.275 [FXGL Background Thread 2 ] DEBUG FXGLAssetLoaderServi - Loading from file system: file:/D:/battleShip/battleShip_FXGL/target/classes/assets/textures/ships/ship_r_3_1_h.png
10:54:44.276 [FXGL Background Thread 2 ] DEBUG FXGLAssetLoaderServi - Loading from file system: file:/D:/battleShip/battleShip_FXGL/target/classes/assets/textures/ships/ship_b_2_h.png
10:54:44.278 [FXGL Background Thread 2 ] DEBUG FXGLAssetLoaderServi - Loading from file system: file:/D:/battleShip/battleShip_FXGL/target/classes/assets/textures/ships/ship_r_2_h.png
10:54:44.280 [FXGL Background Thread 2 ] DEBUG FXGLAssetLoaderServi - Loading from file system: file:/D:/battleShip/battleShip_FXGL/target/classes/assets/textures/Tile.png
10:54:44.299 [FXGL Background Thread 2 ] INFO  FXGLApplication      - Game initialization took: 0.091 sec
10:54:44.301 [JavaFX Application Thread] DEBUG Input                - Clearing active input actions
10:54:44.307 [JavaFX Application Thread] DEBUG GameApplicationServi - Removing overlay from FXGLLoadingScene and adding to GameScene
10:54:44.308 [JavaFX Application Thread] DEBUG PrimaryStageWindow   - FXGLLoadingScene -> GameScene
10:54:44.315 [JavaFX Application Thread] DEBUG FXGLAssetLoaderServi - Loading from file system: file:/D:/battleShip/battleShip_FXGL/target/classes/assets/textures/bg2.jpg
10:54:44.345 [JavaFX Application Thread] DEBUG PrimaryStageWindow   - Push state: DialogSubScene
10:54:44.345 [JavaFX Application Thread] DEBUG Input                - Clearing active input actions
10:54:44.345 [JavaFX Application Thread] DEBUG GameApplicationServi - Removing overlay from GameScene and adding to DialogSubScene
10:54:44.345 [JavaFX Application Thread] DEBUG PrimaryStageWindow   - GameScene -> DialogSubScene
10:54:45.559 [JavaFX Application Thread] DEBUG PrimaryStageWindow   - Pop state: DialogSubScene
10:54:45.559 [JavaFX Application Thread] DEBUG Input                - Clearing active input actions
10:54:45.559 [JavaFX Application Thread] DEBUG GameApplicationServi - Removing overlay from DialogSubScene and adding to GameScene
10:54:45.559 [JavaFX Application Thread] DEBUG PrimaryStageWindow   - GameScene <- DialogSubScene
10:54:49.761 [JavaFX Application Thread] DEBUG FXGLAssetLoaderServi - Loading from file system: file:/D:/battleShip/battleShip_FXGL/target/classes/assets/sounds/shot.wav
10:54:49.767 [JavaFX Application Thread] DEBUG FXGLAssetLoaderServi - Loading from file system: file:/D:/battleShip/battleShip_FXGL/target/classes/assets/textures/Player1.png
10:54:49.774 [JavaFX Application Thread] DEBUG PrimaryStageWindow   - Push state: DialogSubScene
10:54:49.774 [JavaFX Application Thread] DEBUG Input                - Clearing active input actions
10:54:49.776 [JavaFX Application Thread] DEBUG GameApplicationServi - Removing overlay from GameScene and adding to DialogSubScene
10:54:49.776 [JavaFX Application Thread] DEBUG PrimaryStageWindow   - GameScene -> DialogSubScene
10:54:51.267 [JavaFX Application Thread] DEBUG PrimaryStageWindow   - Pop state: DialogSubScene
10:54:51.267 [JavaFX Application Thread] DEBUG Input                - Clearing active input actions
10:54:51.267 [JavaFX Application Thread] DEBUG GameApplicationServi - Removing overlay from DialogSubScene and adding to GameScene
10:54:51.267 [JavaFX Application Thread] DEBUG PrimaryStageWindow   - GameScene <- DialogSubScene
10:54:51.755 [JavaFX Application Thread] DEBUG PrimaryStageWindow   - Push state: DialogSubScene
10:54:51.755 [JavaFX Application Thread] DEBUG Input                - Clearing active input actions
10:54:51.755 [JavaFX Application Thread] DEBUG GameApplicationServi - Removing overlay from GameScene and adding to DialogSubScene
10:54:51.755 [JavaFX Application Thread] DEBUG PrimaryStageWindow   - GameScene -> DialogSubScene
10:54:52.819 [JavaFX Application Thread] DEBUG PrimaryStageWindow   - Pop state: DialogSubScene
10:54:52.819 [JavaFX Application Thread] DEBUG Input                - Clearing active input actions
10:54:52.820 [JavaFX Application Thread] DEBUG GameApplicationServi - Removing overlay from DialogSubScene and adding to GameScene
10:54:52.820 [JavaFX Application Thread] DEBUG PrimaryStageWindow   - GameScene <- DialogSubScene
10:54:52.820 [JavaFX Application Thread] DEBUG PrimaryStageWindow   - Push state: BluePlayerDeployScene
10:54:52.821 [JavaFX Application Thread] DEBUG Input                - Clearing active input actions
10:54:52.821 [JavaFX Application Thread] DEBUG GameApplicationServi - Removing overlay from GameScene and adding to BluePlayerDeployScene
10:54:52.821 [JavaFX Application Thread] DEBUG PrimaryStageWindow   - GameScene -> BluePlayerDeployScene
10:54:52.821 [JavaFX Application Thread] DEBUG PrimaryStageWindow   - Pop state: BluePlayerDeployScene
10:54:52.821 [JavaFX Application Thread] DEBUG Input                - Clearing active input actions
10:54:52.821 [JavaFX Application Thread] DEBUG GameApplicationServi - Removing overlay from BluePlayerDeployScene and adding to GameScene
10:54:52.821 [JavaFX Application Thread] DEBUG PrimaryStageWindow   - GameScene <- BluePlayerDeployScene
10:55:01.850 [JavaFX Application Thread] DEBUG PrimaryStageWindow   - Push state: DialogSubScene
10:55:01.850 [JavaFX Application Thread] DEBUG Input                - Clearing active input actions
10:55:01.850 [JavaFX Application Thread] DEBUG GameApplicationServi - Removing overlay from GameScene and adding to DialogSubScene
10:55:01.850 [JavaFX Application Thread] DEBUG PrimaryStageWindow   - GameScene -> DialogSubScene
10:55:02.330 [JavaFX Application Thread] DEBUG PrimaryStageWindow   - Pop state: DialogSubScene
10:55:02.330 [JavaFX Application Thread] DEBUG Input                - Clearing active input actions
10:55:02.331 [JavaFX Application Thread] DEBUG GameApplicationServi - Removing overlay from DialogSubScene and adding to GameScene
10:55:02.331 [JavaFX Application Thread] DEBUG PrimaryStageWindow   - GameScene <- DialogSubScene
10:55:02.331 [JavaFX Application Thread] DEBUG PrimaryStageWindow   - Push state: RedPlayerDeployScene
10:55:02.331 [JavaFX Application Thread] DEBUG Input                - Clearing active input actions
10:55:02.331 [JavaFX Application Thread] DEBUG GameApplicationServi - Removing overlay from GameScene and adding to RedPlayerDeployScene
10:55:02.332 [JavaFX Application Thread] DEBUG PrimaryStageWindow   - GameScene -> RedPlayerDeployScene
10:55:02.332 [JavaFX Application Thread] DEBUG PrimaryStageWindow   - Pop state: RedPlayerDeployScene
10:55:02.332 [JavaFX Application Thread] DEBUG Input                - Clearing active input actions
10:55:02.332 [JavaFX Application Thread] DEBUG GameApplicationServi - Removing overlay from RedPlayerDeployScene and adding to GameScene
10:55:02.332 [JavaFX Application Thread] DEBUG PrimaryStageWindow   - GameScene <- RedPlayerDeployScene
10:55:09.718 [JavaFX Application Thread] DEBUG PrimaryStageWindow   - Push state: DialogSubScene
10:55:09.718 [JavaFX Application Thread] DEBUG Input                - Clearing active input actions
10:55:09.718 [JavaFX Application Thread] DEBUG GameApplicationServi - Removing overlay from GameScene and adding to DialogSubScene
10:55:09.718 [JavaFX Application Thread] DEBUG PrimaryStageWindow   - GameScene -> DialogSubScene
10:55:10.512 [JavaFX Application Thread] DEBUG PrimaryStageWindow   - Pop state: DialogSubScene
10:55:10.512 [JavaFX Application Thread] DEBUG Input                - Clearing active input actions
10:55:10.513 [JavaFX Application Thread] DEBUG GameApplicationServi - Removing overlay from DialogSubScene and adding to GameScene
10:55:10.513 [JavaFX Application Thread] DEBUG PrimaryStageWindow   - GameScene <- DialogSubScene
10:55:10.513 [JavaFX Application Thread] DEBUG PrimaryStageWindow   - Push state: RedPlayerScene
10:55:10.515 [JavaFX Application Thread] DEBUG Input                - Clearing active input actions
10:55:10.516 [JavaFX Application Thread] DEBUG GameApplicationServi - Removing overlay from GameScene and adding to RedPlayerScene
10:55:10.516 [JavaFX Application Thread] DEBUG PrimaryStageWindow   - GameScene -> RedPlayerScene
10:55:10.516 [JavaFX Application Thread] DEBUG PrimaryStageWindow   - Pop state: RedPlayerScene
10:55:10.516 [JavaFX Application Thread] DEBUG Input                - Clearing active input actions
10:55:10.516 [JavaFX Application Thread] DEBUG GameApplicationServi - Removing overlay from RedPlayerScene and adding to GameScene
10:55:10.516 [JavaFX Application Thread] DEBUG PrimaryStageWindow   - GameScene <- RedPlayerScene
10:55:11.947 [JavaFX Application Thread] DEBUG PrimaryStageWindow   - Push state: DialogSubScene
10:55:11.947 [JavaFX Application Thread] DEBUG Input                - Clearing active input actions
10:55:11.947 [JavaFX Application Thread] DEBUG GameApplicationServi - Removing overlay from GameScene and adding to DialogSubScene
10:55:11.947 [JavaFX Application Thread] DEBUG PrimaryStageWindow   - GameScene -> DialogSubScene
10:55:13.846 [JavaFX Application Thread] DEBUG PrimaryStageWindow   - Pop state: DialogSubScene
10:55:13.846 [JavaFX Application Thread] DEBUG Input                - Clearing active input actions
10:55:13.846 [JavaFX Application Thread] DEBUG GameApplicationServi - Removing overlay from DialogSubScene and adding to GameScene
10:55:13.846 [JavaFX Application Thread] DEBUG PrimaryStageWindow   - GameScene <- DialogSubScene
10:55:13.846 [JavaFX Application Thread] DEBUG PrimaryStageWindow   - Push state: BluePlayerScene
10:55:13.847 [JavaFX Application Thread] DEBUG Input                - Clearing active input actions
10:55:13.847 [JavaFX Application Thread] DEBUG GameApplicationServi - Removing overlay from GameScene and adding to BluePlayerScene
10:55:13.847 [JavaFX Application Thread] DEBUG PrimaryStageWindow   - GameScene -> BluePlayerScene
10:55:13.847 [JavaFX Application Thread] DEBUG PrimaryStageWindow   - Pop state: BluePlayerScene
10:55:13.847 [JavaFX Application Thread] DEBUG Input                - Clearing active input actions
10:55:13.847 [JavaFX Application Thread] DEBUG GameApplicationServi - Removing overlay from BluePlayerScene and adding to GameScene
10:55:13.847 [JavaFX Application Thread] DEBUG PrimaryStageWindow   - GameScene <- BluePlayerScene
10:55:14.858 [JavaFX Application Thread] DEBUG PrimaryStageWindow   - Push state: DialogSubScene
10:55:14.859 [JavaFX Application Thread] DEBUG Input                - Clearing active input actions
10:55:14.859 [JavaFX Application Thread] DEBUG FXGLAssetLoaderServi - Loading from file system: file:/D:/battleShip/battleShip_FXGL/target/classes/assets/textures/Player1Hit.png
10:55:14.860 [JavaFX Application Thread] DEBUG FXGLAssetLoaderServi - Loading from file system: file:/D:/battleShip/battleShip_FXGL/target/classes/assets/sounds/hit.wav
10:55:14.861 [JavaFX Application Thread] DEBUG GameApplicationServi - Removing overlay from GameScene and adding to DialogSubScene
10:55:14.861 [JavaFX Application Thread] DEBUG PrimaryStageWindow   - GameScene -> DialogSubScene
10:55:16.322 [JavaFX Application Thread] DEBUG PrimaryStageWindow   - Pop state: DialogSubScene
10:55:16.322 [JavaFX Application Thread] DEBUG Input                - Clearing active input actions
10:55:16.323 [JavaFX Application Thread] DEBUG GameApplicationServi - Removing overlay from DialogSubScene and adding to GameScene
10:55:16.323 [JavaFX Application Thread] DEBUG PrimaryStageWindow   - GameScene <- DialogSubScene
10:55:16.323 [JavaFX Application Thread] DEBUG PrimaryStageWindow   - Push state: RedPlayerScene
10:55:16.323 [JavaFX Application Thread] DEBUG Input                - Clearing active input actions
10:55:16.323 [JavaFX Application Thread] DEBUG GameApplicationServi - Removing overlay from GameScene and adding to RedPlayerScene
10:55:16.323 [JavaFX Application Thread] DEBUG PrimaryStageWindow   - GameScene -> RedPlayerScene
10:55:16.324 [JavaFX Application Thread] DEBUG PrimaryStageWindow   - Pop state: RedPlayerScene
10:55:16.324 [JavaFX Application Thread] DEBUG Input                - Clearing active input actions
10:55:16.324 [JavaFX Application Thread] DEBUG GameApplicationServi - Removing overlay from RedPlayerScene and adding to GameScene
10:55:16.324 [JavaFX Application Thread] DEBUG PrimaryStageWindow   - GameScene <- RedPlayerScene
10:55:17.323 [JavaFX Application Thread] DEBUG PrimaryStageWindow   - Push state: DialogSubScene
10:55:17.323 [JavaFX Application Thread] DEBUG Input                - Clearing active input actions
10:55:17.323 [JavaFX Application Thread] DEBUG GameApplicationServi - Removing overlay from GameScene and adding to DialogSubScene
10:55:17.323 [JavaFX Application Thread] DEBUG PrimaryStageWindow   - GameScene -> DialogSubScene
10:55:18.241 [JavaFX Application Thread] DEBUG PrimaryStageWindow   - Pop state: DialogSubScene
10:55:18.241 [JavaFX Application Thread] DEBUG Input                - Clearing active input actions
10:55:18.242 [JavaFX Application Thread] DEBUG GameApplicationServi - Removing overlay from DialogSubScene and adding to GameScene
10:55:18.242 [JavaFX Application Thread] DEBUG PrimaryStageWindow   - GameScene <- DialogSubScene
10:55:18.242 [JavaFX Application Thread] DEBUG PrimaryStageWindow   - Push state: BluePlayerScene
10:55:18.242 [JavaFX Application Thread] DEBUG Input                - Clearing active input actions
10:55:18.242 [JavaFX Application Thread] DEBUG GameApplicationServi - Removing overlay from GameScene and adding to BluePlayerScene
10:55:18.242 [JavaFX Application Thread] DEBUG PrimaryStageWindow   - GameScene -> BluePlayerScene
10:55:18.243 [JavaFX Application Thread] DEBUG PrimaryStageWindow   - Pop state: BluePlayerScene
10:55:18.243 [JavaFX Application Thread] DEBUG Input                - Clearing active input actions
10:55:18.243 [JavaFX Application Thread] DEBUG GameApplicationServi - Removing overlay from BluePlayerScene and adding to GameScene
10:55:18.243 [JavaFX Application Thread] DEBUG PrimaryStageWindow   - GameScene <- BluePlayerScene
10:55:18.730 [JavaFX Application Thread] DEBUG PrimaryStageWindow   - Push state: DialogSubScene
10:55:18.731 [JavaFX Application Thread] DEBUG Input                - Clearing active input actions
10:55:18.731 [JavaFX Application Thread] DEBUG GameApplicationServi - Removing overlay from GameScene and adding to DialogSubScene
10:55:18.731 [JavaFX Application Thread] DEBUG PrimaryStageWindow   - GameScene -> DialogSubScene
10:55:19.666 [JavaFX Application Thread] DEBUG PrimaryStageWindow   - Pop state: DialogSubScene
10:55:19.667 [JavaFX Application Thread] DEBUG Input                - Clearing active input actions
10:55:19.667 [JavaFX Application Thread] DEBUG GameApplicationServi - Removing overlay from DialogSubScene and adding to GameScene
10:55:19.667 [JavaFX Application Thread] DEBUG PrimaryStageWindow   - GameScene <- DialogSubScene
10:55:20.108 [JavaFX Application Thread] DEBUG PrimaryStageWindow   - Push state: SimpleGameMenu
10:55:20.109 [JavaFX Application Thread] DEBUG Input                - Clearing active input actions
10:55:20.109 [JavaFX Application Thread] DEBUG GameApplicationServi - Removing overlay from GameScene and adding to SimpleGameMenu
10:55:20.109 [JavaFX Application Thread] DEBUG PrimaryStageWindow   - GameScene -> SimpleGameMenu
10:55:21.009 [JavaFX Application Thread] DEBUG Menu                 - fireExitToMainMenu()
10:55:21.009 [JavaFX Application Thread] DEBUG PrimaryStageWindow   - Push state: DialogSubScene
10:55:21.009 [JavaFX Application Thread] DEBUG Input                - Clearing active input actions
10:55:21.009 [JavaFX Application Thread] DEBUG GameApplicationServi - Removing overlay from SimpleGameMenu and adding to DialogSubScene
10:55:21.009 [JavaFX Application Thread] DEBUG PrimaryStageWindow   - SimpleGameMenu -> DialogSubScene
10:55:21.581 [JavaFX Application Thread] DEBUG PrimaryStageWindow   - Pop state: DialogSubScene
10:55:21.582 [JavaFX Application Thread] DEBUG Input                - Clearing active input actions
10:55:21.582 [JavaFX Application Thread] DEBUG GameApplicationServi - Removing overlay from DialogSubScene and adding to SimpleGameMenu
10:55:21.582 [JavaFX Application Thread] DEBUG PrimaryStageWindow   - SimpleGameMenu <- DialogSubScene
10:55:21.582 [JavaFX Application Thread] DEBUG PrimaryStageWindow   - Pop state: SimpleGameMenu
10:55:21.582 [JavaFX Application Thread] DEBUG Input                - Clearing active input actions
10:55:21.582 [JavaFX Application Thread] DEBUG GameApplicationServi - Removing overlay from SimpleGameMenu and adding to GameScene
10:55:21.582 [JavaFX Application Thread] DEBUG PrimaryStageWindow   - GameScene <- SimpleGameMenu
10:55:21.582 [JavaFX Application Thread] DEBUG Input                - Clearing active input actions
10:55:21.586 [JavaFX Application Thread] DEBUG GameApplicationServi - Removing overlay from GameScene and adding to FXGLMainMenuDummyScene
10:55:21.586 [JavaFX Application Thread] DEBUG PrimaryStageWindow   - GameScene -> FXGLMainMenuDummyScene
10:55:21.586 [JavaFX Application Thread] DEBUG PrimaryStageWindow   - Push state: BattleShipMainMenu
10:55:21.586 [JavaFX Application Thread] DEBUG Input                - Clearing active input actions
10:55:21.586 [JavaFX Application Thread] DEBUG GameApplicationServi - Removing overlay from FXGLMainMenuDummyScene and adding to BattleShipMainMenu
10:55:21.586 [JavaFX Application Thread] DEBUG PrimaryStageWindow   - FXGLMainMenuDummyScene -> BattleShipMainMenu
10:55:22.317 [JavaFX Application Thread] DEBUG Menu                 - fireExit()
10:55:22.318 [JavaFX Application Thread] DEBUG PrimaryStageWindow   - Push state: DialogSubScene
10:55:22.318 [JavaFX Application Thread] DEBUG Input                - Clearing active input actions
10:55:22.319 [JavaFX Application Thread] DEBUG GameApplicationServi - Removing overlay from BattleShipMainMenu and adding to DialogSubScene
10:55:22.319 [JavaFX Application Thread] DEBUG PrimaryStageWindow   - BattleShipMainMenu -> DialogSubScene
10:55:22.855 [JavaFX Application Thread] DEBUG PrimaryStageWindow   - Pop state: DialogSubScene
10:55:22.855 [JavaFX Application Thread] DEBUG Input                - Clearing active input actions
10:55:22.856 [JavaFX Application Thread] DEBUG GameApplicationServi - Removing overlay from DialogSubScene and adding to BattleShipMainMenu
10:55:22.856 [JavaFX Application Thread] DEBUG PrimaryStageWindow   - BattleShipMainMenu <- DialogSubScene
10:55:22.856 [JavaFX Application Thread] DEBUG FXGLApplication      - Exiting FXGL
10:55:22.856 [JavaFX Application Thread] DEBUG LoopRunner           - Stopping loop
10:55:22.856 [JavaFX Application Thread] DEBUG SystemBundleService  - Saving FXGL system data
10:55:22.857 [JavaFX Application Thread] DEBUG FileSystemAccess     - Writing to: D:\battleShip\battleShip_FXGL\system\fxgl.bundle
10:55:22.858 [JavaFX Application Thread] DEBUG Async                - Shutting down background threads
10:55:22.858 [JavaFX Application Thread] DEBUG PrimaryStageWindow   - Closing main window
10:55:22.880 [JavaFX Application Thread] DEBUG Logger               - Closing Logger
