11:26:41.603 [main                     ] DEBUG Logger               - Configured Logger
11:26:41.630 [main                     ] DEBUG GameApplication      - Logging settings
Title: BattleShip_FXGL
Version: 0.1
Width: 1920
Height: 1080
Fullscreen: true
Intro: false
Profiling: false
Single step:false
App Mode: DEVELOPER
Menu Key: ESCAPE
Stage Style: DECORATED
Scene Factory: class fi.utu.tech.gui.javafx.fxgl.BattleShipApp$1

11:26:41.962 [JavaFX Application Thread] DEBUG FXGLApplication      - Initializing FXGL
11:26:41.964 [JavaFX Application Thread] INFO  Engine               - FXGL-11.14 (01.03.2021 16.59) on WINDOWS (J:11.0.10 FX:15)
11:26:41.964 [JavaFX Application Thread] DEBUG Engine               - JRE Vendor Name: Amazon.com Inc.
11:26:41.964 [JavaFX Application Thread] DEBUG Engine               - Running on OS: Windows 10 version 10.0
11:26:41.964 [JavaFX Application Thread] DEBUG Engine               - Architecture: amd64
11:26:41.965 [JavaFX Application Thread] INFO  Engine               - Source code and latest versions at: https://github.com/AlmasB/FXGL
11:26:41.965 [JavaFX Application Thread] INFO  Engine               -              Join the FXGL chat at: https://gitter.im/AlmasB/FXGL
11:26:42.039 [JavaFX Application Thread] DEBUG PrimaryStageWindow   - Creating a JavaFX scene
11:26:42.085 [JavaFX Application Thread] DEBUG PrimaryStageWindow   - Target settings size: 1920.0 x 1080.0
11:26:42.086 [JavaFX Application Thread] DEBUG PrimaryStageWindow   - Scaled scene size:    1920.0 x 1080.0
11:26:42.086 [JavaFX Application Thread] DEBUG PrimaryStageWindow   - Scaled ratio: (1.0, 1.0)
11:26:42.087 [JavaFX Application Thread] DEBUG PrimaryStageWindow   - Set initial scene to FXGLStartupScene
11:26:42.093 [JavaFX Application Thread] DEBUG PrimaryStageWindow   - Opening main window
11:26:42.170 [JavaFX Application Thread] DEBUG PrimaryStageWindow   - Window border size: (16.0, 39.0)
11:26:42.170 [JavaFX Application Thread] DEBUG PrimaryStageWindow   - Scaled size: 1920.0 x 1080.0
11:26:42.171 [JavaFX Application Thread] DEBUG PrimaryStageWindow   - Scaled ratio: (1.0, 1.0)
11:26:42.171 [JavaFX Application Thread] DEBUG PrimaryStageWindow   - Scene size: 1920.0 x 1080.0
11:26:42.171 [JavaFX Application Thread] DEBUG PrimaryStageWindow   - Stage size: 1936.0 x 1119.0
11:26:42.231 [JavaFX Application Thread] DEBUG PrimaryStageWindow   - Going fullscreen
11:26:42.255 [FXGL Background Thread 1 ] DEBUG Engine               - Initializing environment variables
11:26:42.293 [FXGL Background Thread 1 ] DEBUG FXGLAssetLoaderServi - User app class for loading assets: class fi.utu.tech.gui.javafx.fxgl.BattleShipApp
11:26:42.293 [FXGL Background Thread 1 ] DEBUG GameApplicationServi - Applying CSS: fxgl_dark.css
11:26:42.294 [FXGL Background Thread 1 ] DEBUG FXGLAssetLoaderServi - Loading from file system: jar:file:///C:/Users/box69/.m2/repository/com/github/almasb/fxgl/11.14/fxgl-11.14.jar!/fxglassets/ui/css/fxgl_dark.css
11:26:42.342 [FXGL Background Thread 1 ] DEBUG GameApplicationServi - Initializing application scenes
11:26:42.461 [FXGL Background Thread 1 ] DEBUG GameWorld            - Game world initialized
11:26:42.515 [FXGL Background Thread 1 ] DEBUG PhysicsWorld         - Physics world initialized: appHeight=1080, physics.ppm=50.0
11:26:42.515 [FXGL Background Thread 1 ] DEBUG PhysicsWorld         - Using strategy: BRUTE_FORCE
11:26:42.517 [FXGL Background Thread 1 ] DEBUG GameScene            - Game scene initialized: 1920x1080
11:26:42.523 [FXGL Background Thread 1 ] DEBUG FXGLAssetLoaderServi - Loading from file system: file:/D:/battleShip/battleShip_FXGL/target/classes/assets/textures/Nebula_Red.png
11:26:42.735 [FXGL Background Thread 1 ] DEBUG FXGLAssetLoaderServi - Loading from file system: jar:file:///C:/Users/box69/.m2/repository/com/github/almasb/fxgl/11.14/fxgl-11.14.jar!/fxglassets/textures/pause_menu_bg.png
11:26:42.762 [FXGL Background Thread 1 ] DEBUG GameApplicationServi - Application scenes initialized
11:26:42.773 [FXGL Background Thread 1 ] DEBUG SystemBundleService  - Loading FXGL system data
11:26:42.777 [FXGL Background Thread 1 ] DEBUG FileSystemAccess     - Reading from: D:\battleShip\battleShip_FXGL\system\fxgl.bundle
11:26:42.782 [FXGL Background Thread 1 ] DEBUG SystemBundleService  - Bundle FXGL: {}
11:26:42.782 [FXGL Background Thread 1 ] DEBUG UpdaterService       - Checking for updates
11:26:42.787 [FXGL Background Thread 4 ] DEBUG FXGLApplication      - Loading fonts
11:26:42.788 [FXGL Background Thread 1 ] DEBUG FXGLApplication      - Loading default localization
11:26:42.788 [FXGL Background Thread 4 ] DEBUG FXGLAssetLoaderServi - Loading from file system: jar:file:///C:/Users/box69/.m2/repository/com/github/almasb/fxgl/11.14/fxgl-11.14.jar!/fxglassets/ui/fonts/VarelaRound-Regular.ttf
11:26:42.788 [FXGL Background Thread 1 ] DEBUG FXGLAssetLoaderServi - Loading from file system: jar:file:///C:/Users/box69/.m2/repository/com/github/almasb/fxgl/11.14/fxgl-11.14.jar!/fxglassets/languages/english.lang
11:26:42.804 [FXGL Background Thread 1 ] INFO  FXGLApplication      - FXGL initialization took: 0.548 sec
11:26:42.818 [JavaFX Application Thread] DEBUG Input                - Registered new binding: Change Scene - Space
11:26:42.819 [JavaFX Application Thread] DEBUG Input                - Registered new binding: action0 - R
11:26:42.820 [JavaFX Application Thread] DEBUG Input                - Registered new binding: Deploy - RMB
11:26:42.820 [JavaFX Application Thread] DEBUG Input                - Registered new binding: Attack - LMB
11:26:42.821 [JavaFX Application Thread] DEBUG FXGLAssetLoaderServi - Loading from file system: file:/D:/battleShip/battleShip_FXGL/target/classes/assets/music/CrashedShip.mp3
11:26:42.984 [JavaFX Application Thread] DEBUG AudioPlayer          - Playing music com.almasb.fxgl.audio.Music@79e374f0
11:26:42.985 [JavaFX Application Thread] DEBUG FXGLAssetLoaderServi - Loading from file system: jar:file:///C:/Users/box69/.m2/repository/com/github/almasb/fxgl/11.14/fxgl-11.14.jar!/fxglassets/textures/fxgl_icon.png
11:26:43.003 [JavaFX Application Thread] DEBUG FXGLAssetLoaderServi - Loading from file system: jar:file:///C:/Users/box69/.m2/repository/com/github/almasb/fxgl/11.14/fxgl-11.14.jar!/fxglassets/ui/cursors/fxgl_default.png
11:26:43.005 [JavaFX Application Thread] DEBUG Input                - Registered new binding: Screenshot - P
11:26:43.005 [JavaFX Application Thread] DEBUG Input                - Registered new binding: System info dump - CTRL+9
11:26:43.006 [JavaFX Application Thread] DEBUG Input                - Registered new binding: Restart - CTRL+R
11:26:43.006 [JavaFX Application Thread] DEBUG Input                - Registered new binding: Toggle Debug Camera - CTRL+C
11:26:43.007 [JavaFX Application Thread] DEBUG LoopRunner           - Starting loop
11:26:43.008 [JavaFX Application Thread] DEBUG LoopRunner           - Initializing JavaFX AnimationTimerLoop
11:26:43.010 [JavaFX Application Thread] DEBUG Input                - Clearing active input actions
11:26:43.017 [JavaFX Application Thread] DEBUG GameApplicationServi - Removing overlay from FXGLStartupScene and adding to FXGLMainMenuDummyScene
11:26:43.018 [JavaFX Application Thread] DEBUG PrimaryStageWindow   - FXGLStartupScene -> FXGLMainMenuDummyScene
11:26:43.018 [JavaFX Application Thread] DEBUG PrimaryStageWindow   - Push state: BattleShipMainMenu
11:26:43.018 [JavaFX Application Thread] DEBUG Input                - Clearing active input actions
11:26:43.021 [JavaFX Application Thread] DEBUG GameApplicationServi - Removing overlay from FXGLMainMenuDummyScene and adding to BattleShipMainMenu
11:26:43.021 [JavaFX Application Thread] DEBUG PrimaryStageWindow   - FXGLMainMenuDummyScene -> BattleShipMainMenu
11:26:43.201 [FXGL Background Thread 4 ] DEBUG FXGLAssetLoaderServi - Loading from file system: jar:file:///C:/Users/box69/.m2/repository/com/github/almasb/fxgl/11.14/fxgl-11.14.jar!/fxglassets/ui/fonts/Abel-Regular.ttf
11:26:43.204 [FXGL Background Thread 4 ] DEBUG FXGLAssetLoaderServi - Loading from file system: jar:file:///C:/Users/box69/.m2/repository/com/github/almasb/fxgl/11.14/fxgl-11.14.jar!/fxglassets/ui/fonts/lucida_console.ttf
11:26:43.207 [FXGL Background Thread 4 ] DEBUG FXGLAssetLoaderServi - Loading from file system: jar:file:///C:/Users/box69/.m2/repository/com/github/almasb/fxgl/11.14/fxgl-11.14.jar!/fxglassets/ui/fonts/Courier-Prime.ttf
11:26:43.210 [JavaFX Application Thread] DEBUG FXGLApplication      - Registering font factories with UI factory
11:26:45.786 [FXGL Background Thread 3 ] DEBUG Engine               - Logging environment variables
11:26:45.786 [FXGL Background Thread 3 ] DEBUG Engine               - achievements: []
11:26:45.786 [FXGL Background Thread 3 ] DEBUG Engine               - actualHeight: 1080.0
11:26:45.787 [FXGL Background Thread 3 ] DEBUG Engine               - actualHeightProperty: ReadOnlyDoubleProperty [value: 1080.0]
11:26:45.787 [FXGL Background Thread 3 ] DEBUG Engine               - actualWidth: 1920.0
11:26:45.787 [FXGL Background Thread 3 ] DEBUG Engine               - actualWidthProperty: ReadOnlyDoubleProperty [value: 1920.0]
11:26:45.787 [FXGL Background Thread 3 ] DEBUG Engine               - appIcon: fxgl_icon.png
11:26:45.787 [FXGL Background Thread 3 ] DEBUG Engine               - applicationMode: DEVELOPER
11:26:45.787 [FXGL Background Thread 3 ] DEBUG Engine               - cSSList: [fxgl_dark.css]
11:26:45.787 [FXGL Background Thread 3 ] DEBUG Engine               - collisionDetectionStrategy: BRUTE_FORCE
11:26:45.787 [FXGL Background Thread 3 ] DEBUG Engine               - configClass: Optional.empty
11:26:45.787 [FXGL Background Thread 3 ] DEBUG Engine               - credits: []
11:26:45.787 [FXGL Background Thread 3 ] DEBUG Engine               - devBBoxColorProperty: ObjectProperty [value: 0xff0000ff]
11:26:45.787 [FXGL Background Thread 3 ] DEBUG Engine               - devEnableDebugCameraProperty: BooleanProperty [value: false]
11:26:45.787 [FXGL Background Thread 3 ] DEBUG Engine               - devSensorColorProperty: ObjectProperty [value: 0xffff00ff]
11:26:45.787 [FXGL Background Thread 3 ] DEBUG Engine               - devShowBBoxProperty: BooleanProperty [value: false]
11:26:45.787 [FXGL Background Thread 3 ] DEBUG Engine               - devShowPositionProperty: BooleanProperty [value: false]
11:26:45.787 [FXGL Background Thread 3 ] DEBUG Engine               - enabledMenuItems: []
11:26:45.788 [FXGL Background Thread 3 ] DEBUG Engine               - engineServices: [class com.almasb.fxgl.app.services.FXGLAssetLoaderService, class com.almasb.fxgl.app.FXGLApplication$GameApplicationService, class com.almasb.fxgl.app.services.FXGLDialogService, class com.almasb.fxgl.app.services.IOTaskExecutorService, class com.almasb.fxgl.event.EventBusService, class com.almasb.fxgl.io.FileSystemService, class com.almasb.fxgl.localization.LocalizationService, class com.almasb.fxgl.app.services.SystemBundleService, class com.almasb.fxgl.profile.SaveLoadService, class com.almasb.fxgl.ui.FXGLUIFactoryServiceProvider, class com.almasb.fxgl.ui.FXGLDialogFactoryServiceProvider, class com.almasb.fxgl.audio.AudioPlayer, class com.almasb.fxgl.notification.impl.NotificationServiceProvider, class com.almasb.fxgl.achievement.AchievementService, class com.almasb.fxgl.cutscene.CutsceneService, class com.almasb.fxgl.minigames.MiniGameService, class com.almasb.fxgl.net.NetService, class com.almasb.fxgl.app.services.UpdaterService, class com.almasb.fxgl.dev.DevService]
11:26:45.788 [FXGL Background Thread 3 ] DEBUG Engine               - fontGame: Abel-Regular.ttf
11:26:45.788 [FXGL Background Thread 3 ] DEBUG Engine               - fontMono: lucida_console.ttf
11:26:45.788 [FXGL Background Thread 3 ] DEBUG Engine               - fontText: Courier-Prime.ttf
11:26:45.788 [FXGL Background Thread 3 ] DEBUG Engine               - fontUI: VarelaRound-Regular.ttf
11:26:45.788 [FXGL Background Thread 3 ] DEBUG Engine               - fullScreen: BooleanProperty [value: true]
11:26:45.788 [FXGL Background Thread 3 ] DEBUG Engine               - gameDifficulty: MEDIUM
11:26:45.788 [FXGL Background Thread 3 ] DEBUG Engine               - gameDifficultyProperty: ObjectProperty [value: MEDIUM]
11:26:45.788 [FXGL Background Thread 3 ] DEBUG Engine               - globalMusicVolume: 0.5
11:26:45.788 [FXGL Background Thread 3 ] DEBUG Engine               - globalMusicVolumeProperty: DoubleProperty [value: 0.2]
11:26:45.788 [FXGL Background Thread 3 ] DEBUG Engine               - globalSoundVolume: 0.5
11:26:45.788 [FXGL Background Thread 3 ] DEBUG Engine               - globalSoundVolumeProperty: DoubleProperty [value: 0.5]
11:26:45.788 [FXGL Background Thread 3 ] DEBUG Engine               - height: 1080
11:26:45.788 [FXGL Background Thread 3 ] DEBUG Engine               - isAndroid: false
11:26:45.788 [FXGL Background Thread 3 ] DEBUG Engine               - isBrowser: false
11:26:45.788 [FXGL Background Thread 3 ] DEBUG Engine               - isClickFeedbackEnabled: false
11:26:45.789 [FXGL Background Thread 3 ] DEBUG Engine               - isCloseConfirmation: false
11:26:45.789 [FXGL Background Thread 3 ] DEBUG Engine               - isDesktop: true
11:26:45.789 [FXGL Background Thread 3 ] DEBUG Engine               - isDeveloperMenuEnabled: false
11:26:45.789 [FXGL Background Thread 3 ] DEBUG Engine               - isEntityPreloadEnabled: true
11:26:45.789 [FXGL Background Thread 3 ] DEBUG Engine               - isExperimental3D: false
11:26:45.789 [FXGL Background Thread 3 ] DEBUG Engine               - isExperimentalNative: false
11:26:45.789 [FXGL Background Thread 3 ] DEBUG Engine               - isExperimentalTiledLargeMap: false
11:26:45.789 [FXGL Background Thread 3 ] DEBUG Engine               - isFileSystemWriteAllowed: true
11:26:45.789 [FXGL Background Thread 3 ] DEBUG Engine               - isFullScreenAllowed: true
11:26:45.789 [FXGL Background Thread 3 ] DEBUG Engine               - isFullScreenFromStart: true
11:26:45.789 [FXGL Background Thread 3 ] DEBUG Engine               - isGameMenuEnabled: true
11:26:45.789 [FXGL Background Thread 3 ] DEBUG Engine               - isIOS: false
11:26:45.789 [FXGL Background Thread 3 ] DEBUG Engine               - isIntroEnabled: false
11:26:45.789 [FXGL Background Thread 3 ] DEBUG Engine               - isLinux: false
11:26:45.789 [FXGL Background Thread 3 ] DEBUG Engine               - isMac: false
11:26:45.789 [FXGL Background Thread 3 ] DEBUG Engine               - isMainMenuEnabled: true
11:26:45.789 [FXGL Background Thread 3 ] DEBUG Engine               - isManualResizeEnabled: false
11:26:45.789 [FXGL Background Thread 3 ] DEBUG Engine               - isMobile: false
11:26:45.790 [FXGL Background Thread 3 ] DEBUG Engine               - isPreserveResizeRatio: false
11:26:45.790 [FXGL Background Thread 3 ] DEBUG Engine               - isProfilingEnabled: false
11:26:45.790 [FXGL Background Thread 3 ] DEBUG Engine               - isScaleAffectedOnResize: true
11:26:45.790 [FXGL Background Thread 3 ] DEBUG Engine               - isSingleStep: false
11:26:45.790 [FXGL Background Thread 3 ] DEBUG Engine               - isUserProfileEnabled: false
11:26:45.790 [FXGL Background Thread 3 ] DEBUG Engine               - isWindows: true
11:26:45.790 [FXGL Background Thread 3 ] DEBUG Engine               - language: ObjectProperty [value: ENGLISH]
11:26:45.790 [FXGL Background Thread 3 ] DEBUG Engine               - menuKey: ESCAPE
11:26:45.790 [FXGL Background Thread 3 ] DEBUG Engine               - notificationViewClass: class com.almasb.fxgl.notification.view.XboxNotificationView
11:26:45.790 [FXGL Background Thread 3 ] DEBUG Engine               - pixelsPerMeter: 50.0
11:26:45.790 [FXGL Background Thread 3 ] DEBUG Engine               - platform: WINDOWS
11:26:45.790 [FXGL Background Thread 3 ] DEBUG Engine               - prefHeightProperty: ReadOnlyDoubleProperty [value: 1080.0]
11:26:45.790 [FXGL Background Thread 3 ] DEBUG Engine               - prefWidthProperty: ReadOnlyDoubleProperty [value: 1920.0]
11:26:45.790 [FXGL Background Thread 3 ] DEBUG Engine               - profileDir: profiles/
11:26:45.791 [FXGL Background Thread 3 ] DEBUG Engine               - profileName: StringProperty [value: DEFAULT]
11:26:45.791 [FXGL Background Thread 3 ] DEBUG Engine               - randomSeed: -1
11:26:45.791 [FXGL Background Thread 3 ] DEBUG Engine               - runtimeInfo: RuntimeInfo(platform=WINDOWS, version=11.14, build=01.03.2021 16.59)
11:26:45.791 [FXGL Background Thread 3 ] DEBUG Engine               - saveFileExt: sav
11:26:45.791 [FXGL Background Thread 3 ] DEBUG Engine               - scaledHeightProp$fxgl: DoubleProperty [bound, value: 1080.0]
11:26:45.791 [FXGL Background Thread 3 ] DEBUG Engine               - scaledWidthProp$fxgl: DoubleProperty [bound, value: 1920.0]
11:26:45.791 [FXGL Background Thread 3 ] DEBUG Engine               - sceneFactory: fi.utu.tech.gui.javafx.fxgl.BattleShipApp$1@3eb60404
11:26:45.791 [FXGL Background Thread 3 ] DEBUG Engine               - secondsIn24h: 60
11:26:45.791 [FXGL Background Thread 3 ] DEBUG Engine               - soundMenuBack: menu/back.wav
11:26:45.791 [FXGL Background Thread 3 ] DEBUG Engine               - soundMenuPress: menu/press.wav
11:26:45.791 [FXGL Background Thread 3 ] DEBUG Engine               - soundMenuSelect: menu/select.wav
11:26:45.791 [FXGL Background Thread 3 ] DEBUG Engine               - soundNotification: core/notification.wav
11:26:45.791 [FXGL Background Thread 3 ] DEBUG Engine               - stageStyle: DECORATED
11:26:45.791 [FXGL Background Thread 3 ] DEBUG Engine               - supportedLanguages: [ENGLISH, FRENCH, GERMAN, HUNGARIAN, RUSSIAN]
11:26:45.792 [FXGL Background Thread 3 ] DEBUG Engine               - ticksPerSecond: -1
11:26:45.792 [FXGL Background Thread 3 ] DEBUG Engine               - title: BattleShip_FXGL
11:26:45.792 [FXGL Background Thread 3 ] DEBUG Engine               - urlGithub: https://github.com/AlmasB/FXGL
11:26:45.792 [FXGL Background Thread 3 ] DEBUG Engine               - urlLeaderboard: http://fxgl-top.herokuapp.com/
11:26:45.792 [FXGL Background Thread 3 ] DEBUG Engine               - urlPOM: https://raw.githubusercontent.com/AlmasB/FXGL/release/README.md
11:26:45.792 [FXGL Background Thread 3 ] DEBUG Engine               - userAppClass: class fi.utu.tech.gui.javafx.fxgl.BattleShipApp
11:26:45.792 [FXGL Background Thread 3 ] DEBUG Engine               - version: 0.1
11:26:45.792 [FXGL Background Thread 3 ] DEBUG Engine               - versionCheckDays: 7
11:26:45.792 [FXGL Background Thread 3 ] DEBUG Engine               - width: 1920
11:26:45.792 [FXGL Background Thread 3 ] DEBUG Engine               - Logging services
11:26:45.792 [FXGL Background Thread 3 ] DEBUG Engine               - class com.almasb.fxgl.app.services.FXGLAssetLoaderService
11:26:45.792 [FXGL Background Thread 3 ] DEBUG Engine               - class com.almasb.fxgl.app.FXGLApplication$GameApplicationService
11:26:45.792 [FXGL Background Thread 3 ] DEBUG Engine               - class com.almasb.fxgl.app.services.FXGLDialogService
11:26:45.792 [FXGL Background Thread 3 ] DEBUG Engine               - class com.almasb.fxgl.app.services.IOTaskExecutorService
11:26:45.792 [FXGL Background Thread 3 ] DEBUG Engine               - class com.almasb.fxgl.event.EventBusService
11:26:45.792 [FXGL Background Thread 3 ] DEBUG Engine               - class com.almasb.fxgl.io.FileSystemService
11:26:45.792 [FXGL Background Thread 3 ] DEBUG Engine               - class com.almasb.fxgl.localization.LocalizationService
11:26:45.793 [FXGL Background Thread 3 ] DEBUG Engine               - class com.almasb.fxgl.app.services.SystemBundleService
11:26:45.793 [FXGL Background Thread 3 ] DEBUG Engine               - class com.almasb.fxgl.profile.SaveLoadService
11:26:45.793 [FXGL Background Thread 3 ] DEBUG Engine               - class com.almasb.fxgl.ui.FXGLUIFactoryServiceProvider
11:26:45.793 [FXGL Background Thread 3 ] DEBUG Engine               - class com.almasb.fxgl.ui.FXGLDialogFactoryServiceProvider
11:26:45.793 [FXGL Background Thread 3 ] DEBUG Engine               - class com.almasb.fxgl.audio.AudioPlayer
11:26:45.793 [FXGL Background Thread 3 ] DEBUG Engine               - class com.almasb.fxgl.notification.impl.NotificationServiceProvider
11:26:45.793 [FXGL Background Thread 3 ] DEBUG Engine               - class com.almasb.fxgl.achievement.AchievementService
11:26:45.793 [FXGL Background Thread 3 ] DEBUG Engine               - class com.almasb.fxgl.cutscene.CutsceneService
11:26:45.793 [FXGL Background Thread 3 ] DEBUG Engine               - class com.almasb.fxgl.minigames.MiniGameService
11:26:45.793 [FXGL Background Thread 3 ] DEBUG Engine               - class com.almasb.fxgl.net.NetService
11:26:45.793 [FXGL Background Thread 3 ] DEBUG Engine               - class com.almasb.fxgl.app.services.UpdaterService
11:26:45.793 [FXGL Background Thread 3 ] DEBUG Engine               - class com.almasb.fxgl.dev.DevService
11:27:45.991 [JavaFX Application Thread] DEBUG PrimaryStageWindow   - Push state: DialogSubScene
11:27:45.991 [JavaFX Application Thread] DEBUG Input                - Clearing active input actions
11:27:45.994 [JavaFX Application Thread] DEBUG GameApplicationServi - Removing overlay from BattleShipMainMenu and adding to DialogSubScene
11:27:45.995 [JavaFX Application Thread] DEBUG PrimaryStageWindow   - BattleShipMainMenu -> DialogSubScene
11:27:54.535 [JavaFX Application Thread] DEBUG PrimaryStageWindow   - Pop state: DialogSubScene
11:27:54.536 [JavaFX Application Thread] DEBUG Input                - Clearing active input actions
11:27:54.536 [JavaFX Application Thread] DEBUG GameApplicationServi - Removing overlay from DialogSubScene and adding to BattleShipMainMenu
11:27:54.536 [JavaFX Application Thread] DEBUG PrimaryStageWindow   - BattleShipMainMenu <- DialogSubScene
11:27:55.017 [JavaFX Application Thread] DEBUG Menu                 - fireNewGame()
11:27:55.017 [JavaFX Application Thread] DEBUG GameApplicationServi - Starting new game
11:27:55.017 [JavaFX Application Thread] DEBUG PrimaryStageWindow   - Pop state: BattleShipMainMenu
11:27:55.017 [JavaFX Application Thread] DEBUG Input                - Clearing active input actions
11:27:55.017 [JavaFX Application Thread] DEBUG GameApplicationServi - Removing overlay from BattleShipMainMenu and adding to FXGLMainMenuDummyScene
11:27:55.018 [JavaFX Application Thread] DEBUG PrimaryStageWindow   - FXGLMainMenuDummyScene <- BattleShipMainMenu
11:27:55.018 [JavaFX Application Thread] DEBUG Input                - Clearing active input actions
11:27:55.022 [JavaFX Application Thread] DEBUG GameApplicationServi - Removing overlay from FXGLMainMenuDummyScene and adding to FXGLLoadingScene
11:27:55.022 [JavaFX Application Thread] DEBUG PrimaryStageWindow   - FXGLMainMenuDummyScene -> FXGLLoadingScene
11:27:55.023 [JavaFX Application Thread] DEBUG GameApplicationServi - Clearing previous game
11:27:55.023 [JavaFX Application Thread] DEBUG GameScene            - Clearing game scene
11:27:55.023 [JavaFX Application Thread] DEBUG GameWorld            - Clearing game world
11:27:55.023 [JavaFX Application Thread] DEBUG PhysicsWorld         - Clearing physics world
11:27:55.024 [FXGL Background Thread 5 ] DEBUG FXGLApplication      - Initializing game
11:27:55.029 [FXGL Background Thread 5 ] DEBUG FXGLAssetLoaderServi - Loading from file system: file:/D:/battleShip/battleShip_FXGL/target/classes/assets/textures/bg.jpg
11:27:55.059 [FXGL Background Thread 5 ] DEBUG FXGLAssetLoaderServi - Loading from file system: file:/D:/battleShip/battleShip_FXGL/target/classes/assets/textures/ShipContainer.png
11:27:55.063 [FXGL Background Thread 5 ] DEBUG FXGLAssetLoaderServi - Loading from file system: file:/D:/battleShip/battleShip_FXGL/target/classes/assets/textures/ships/ship_b_5_h.png
11:27:55.075 [FXGL Background Thread 5 ] DEBUG FXGLAssetLoaderServi - Loading from file system: file:/D:/battleShip/battleShip_FXGL/target/classes/assets/textures/ships/ship_r_5_h.png
11:27:55.078 [FXGL Background Thread 5 ] DEBUG FXGLAssetLoaderServi - Loading from file system: file:/D:/battleShip/battleShip_FXGL/target/classes/assets/textures/ships/ship_b_4_h.png
11:27:55.080 [FXGL Background Thread 5 ] DEBUG FXGLAssetLoaderServi - Loading from file system: file:/D:/battleShip/battleShip_FXGL/target/classes/assets/textures/ships/ship_r_4_h.png
11:27:55.082 [FXGL Background Thread 5 ] DEBUG FXGLAssetLoaderServi - Loading from file system: file:/D:/battleShip/battleShip_FXGL/target/classes/assets/textures/ships/ship_b_3_2_h.png
11:27:55.085 [FXGL Background Thread 5 ] DEBUG FXGLAssetLoaderServi - Loading from file system: file:/D:/battleShip/battleShip_FXGL/target/classes/assets/textures/ships/ship_r_3_2_h.png
11:27:55.087 [FXGL Background Thread 5 ] DEBUG FXGLAssetLoaderServi - Loading from file system: file:/D:/battleShip/battleShip_FXGL/target/classes/assets/textures/ships/ship_b_3_1_h.png
11:27:55.089 [FXGL Background Thread 5 ] DEBUG FXGLAssetLoaderServi - Loading from file system: file:/D:/battleShip/battleShip_FXGL/target/classes/assets/textures/ships/ship_r_3_1_h.png
11:27:55.091 [FXGL Background Thread 5 ] DEBUG FXGLAssetLoaderServi - Loading from file system: file:/D:/battleShip/battleShip_FXGL/target/classes/assets/textures/ships/ship_b_2_h.png
11:27:55.093 [FXGL Background Thread 5 ] DEBUG FXGLAssetLoaderServi - Loading from file system: file:/D:/battleShip/battleShip_FXGL/target/classes/assets/textures/ships/ship_r_2_h.png
11:27:55.095 [FXGL Background Thread 5 ] DEBUG FXGLAssetLoaderServi - Loading from file system: file:/D:/battleShip/battleShip_FXGL/target/classes/assets/textures/Tile.png
11:27:55.114 [FXGL Background Thread 5 ] INFO  FXGLApplication      - Game initialization took: 0.090 sec
11:27:55.114 [JavaFX Application Thread] DEBUG Input                - Clearing active input actions
11:27:55.120 [JavaFX Application Thread] DEBUG GameApplicationServi - Removing overlay from FXGLLoadingScene and adding to GameScene
11:27:55.121 [JavaFX Application Thread] DEBUG PrimaryStageWindow   - FXGLLoadingScene -> GameScene
11:27:55.122 [JavaFX Application Thread] DEBUG FXGLAssetLoaderServi - Loading from file system: file:/D:/battleShip/battleShip_FXGL/target/classes/assets/textures/bg2.jpg
11:27:55.148 [JavaFX Application Thread] DEBUG PrimaryStageWindow   - Push state: DialogSubScene
11:27:55.148 [JavaFX Application Thread] DEBUG Input                - Clearing active input actions
11:27:55.148 [JavaFX Application Thread] DEBUG GameApplicationServi - Removing overlay from GameScene and adding to DialogSubScene
11:27:55.148 [JavaFX Application Thread] DEBUG PrimaryStageWindow   - GameScene -> DialogSubScene
11:28:23.328 [JavaFX Application Thread] DEBUG PrimaryStageWindow   - Pop state: DialogSubScene
11:28:23.328 [JavaFX Application Thread] DEBUG Input                - Clearing active input actions
11:28:23.328 [JavaFX Application Thread] DEBUG GameApplicationServi - Removing overlay from DialogSubScene and adding to GameScene
11:28:23.328 [JavaFX Application Thread] DEBUG PrimaryStageWindow   - GameScene <- DialogSubScene
11:28:23.328 [JavaFX Application Thread] DEBUG PrimaryStageWindow   - Push state: BluePlayerDeployScene
11:28:23.329 [JavaFX Application Thread] DEBUG Input                - Clearing active input actions
11:28:23.329 [JavaFX Application Thread] DEBUG GameApplicationServi - Removing overlay from GameScene and adding to BluePlayerDeployScene
11:28:23.329 [JavaFX Application Thread] DEBUG PrimaryStageWindow   - GameScene -> BluePlayerDeployScene
11:28:23.329 [JavaFX Application Thread] DEBUG PrimaryStageWindow   - Pop state: BluePlayerDeployScene
11:28:23.329 [JavaFX Application Thread] DEBUG Input                - Clearing active input actions
11:28:23.329 [JavaFX Application Thread] DEBUG GameApplicationServi - Removing overlay from BluePlayerDeployScene and adding to GameScene
11:28:23.329 [JavaFX Application Thread] DEBUG PrimaryStageWindow   - GameScene <- BluePlayerDeployScene
11:28:32.400 [JavaFX Application Thread] DEBUG PrimaryStageWindow   - Push state: DialogSubScene
11:28:32.400 [JavaFX Application Thread] DEBUG Input                - Clearing active input actions
11:28:32.400 [JavaFX Application Thread] DEBUG GameApplicationServi - Removing overlay from GameScene and adding to DialogSubScene
11:28:32.400 [JavaFX Application Thread] DEBUG PrimaryStageWindow   - GameScene -> DialogSubScene
11:28:32.889 [JavaFX Application Thread] DEBUG PrimaryStageWindow   - Pop state: DialogSubScene
11:28:32.889 [JavaFX Application Thread] DEBUG Input                - Clearing active input actions
11:28:32.889 [JavaFX Application Thread] DEBUG GameApplicationServi - Removing overlay from DialogSubScene and adding to GameScene
11:28:32.889 [JavaFX Application Thread] DEBUG PrimaryStageWindow   - GameScene <- DialogSubScene
11:28:32.890 [JavaFX Application Thread] DEBUG PrimaryStageWindow   - Push state: RedPlayerDeployScene
11:28:32.890 [JavaFX Application Thread] DEBUG Input                - Clearing active input actions
11:28:32.890 [JavaFX Application Thread] DEBUG GameApplicationServi - Removing overlay from GameScene and adding to RedPlayerDeployScene
11:28:32.890 [JavaFX Application Thread] DEBUG PrimaryStageWindow   - GameScene -> RedPlayerDeployScene
11:28:32.890 [JavaFX Application Thread] DEBUG PrimaryStageWindow   - Pop state: RedPlayerDeployScene
11:28:32.890 [JavaFX Application Thread] DEBUG Input                - Clearing active input actions
11:28:32.890 [JavaFX Application Thread] DEBUG GameApplicationServi - Removing overlay from RedPlayerDeployScene and adding to GameScene
11:28:32.890 [JavaFX Application Thread] DEBUG PrimaryStageWindow   - GameScene <- RedPlayerDeployScene
11:28:45.401 [JavaFX Application Thread] DEBUG PrimaryStageWindow   - Push state: DialogSubScene
11:28:45.402 [JavaFX Application Thread] DEBUG Input                - Clearing active input actions
11:28:45.402 [JavaFX Application Thread] DEBUG GameApplicationServi - Removing overlay from GameScene and adding to DialogSubScene
11:28:45.402 [JavaFX Application Thread] DEBUG PrimaryStageWindow   - GameScene -> DialogSubScene
11:28:47.051 [JavaFX Application Thread] DEBUG PrimaryStageWindow   - Pop state: DialogSubScene
11:28:47.051 [JavaFX Application Thread] DEBUG Input                - Clearing active input actions
11:28:47.051 [JavaFX Application Thread] DEBUG GameApplicationServi - Removing overlay from DialogSubScene and adding to GameScene
11:28:47.051 [JavaFX Application Thread] DEBUG PrimaryStageWindow   - GameScene <- DialogSubScene
11:28:47.051 [JavaFX Application Thread] DEBUG PrimaryStageWindow   - Push state: RedPlayerScene
11:28:47.054 [JavaFX Application Thread] DEBUG Input                - Clearing active input actions
11:28:47.054 [JavaFX Application Thread] DEBUG GameApplicationServi - Removing overlay from GameScene and adding to RedPlayerScene
11:28:47.054 [JavaFX Application Thread] DEBUG PrimaryStageWindow   - GameScene -> RedPlayerScene
11:28:47.055 [JavaFX Application Thread] DEBUG PrimaryStageWindow   - Pop state: RedPlayerScene
11:28:47.055 [JavaFX Application Thread] DEBUG Input                - Clearing active input actions
11:28:47.055 [JavaFX Application Thread] DEBUG GameApplicationServi - Removing overlay from RedPlayerScene and adding to GameScene
11:28:47.055 [JavaFX Application Thread] DEBUG PrimaryStageWindow   - GameScene <- RedPlayerScene
11:28:47.770 [JavaFX Application Thread] DEBUG PrimaryStageWindow   - Push state: DialogSubScene
11:28:47.770 [JavaFX Application Thread] DEBUG Input                - Clearing active input actions
11:28:47.771 [JavaFX Application Thread] DEBUG GameApplicationServi - Removing overlay from GameScene and adding to DialogSubScene
11:28:47.771 [JavaFX Application Thread] DEBUG PrimaryStageWindow   - GameScene -> DialogSubScene
11:28:48.923 [JavaFX Application Thread] DEBUG PrimaryStageWindow   - Pop state: DialogSubScene
11:28:48.923 [JavaFX Application Thread] DEBUG Input                - Clearing active input actions
11:28:48.923 [JavaFX Application Thread] DEBUG GameApplicationServi - Removing overlay from DialogSubScene and adding to GameScene
11:28:48.923 [JavaFX Application Thread] DEBUG PrimaryStageWindow   - GameScene <- DialogSubScene
11:28:49.477 [JavaFX Application Thread] DEBUG FXGLAssetLoaderServi - Loading from file system: file:/D:/battleShip/battleShip_FXGL/target/classes/assets/sounds/shot.wav
11:28:49.482 [JavaFX Application Thread] DEBUG FXGLAssetLoaderServi - Loading from file system: file:/D:/battleShip/battleShip_FXGL/target/classes/assets/textures/Player1.png
11:28:49.953 [JavaFX Application Thread] DEBUG PrimaryStageWindow   - Push state: DialogSubScene
11:28:49.953 [JavaFX Application Thread] DEBUG Input                - Clearing active input actions
11:28:49.953 [JavaFX Application Thread] DEBUG GameApplicationServi - Removing overlay from GameScene and adding to DialogSubScene
11:28:49.954 [JavaFX Application Thread] DEBUG PrimaryStageWindow   - GameScene -> DialogSubScene
11:28:51.014 [JavaFX Application Thread] DEBUG PrimaryStageWindow   - Pop state: DialogSubScene
11:28:51.014 [JavaFX Application Thread] DEBUG Input                - Clearing active input actions
11:28:51.014 [JavaFX Application Thread] DEBUG GameApplicationServi - Removing overlay from DialogSubScene and adding to GameScene
11:28:51.014 [JavaFX Application Thread] DEBUG PrimaryStageWindow   - GameScene <- DialogSubScene
11:28:51.014 [JavaFX Application Thread] DEBUG PrimaryStageWindow   - Push state: BluePlayerScene
11:28:51.015 [JavaFX Application Thread] DEBUG Input                - Clearing active input actions
11:28:51.015 [JavaFX Application Thread] DEBUG GameApplicationServi - Removing overlay from GameScene and adding to BluePlayerScene
11:28:51.015 [JavaFX Application Thread] DEBUG PrimaryStageWindow   - GameScene -> BluePlayerScene
11:28:51.015 [JavaFX Application Thread] DEBUG PrimaryStageWindow   - Pop state: BluePlayerScene
11:28:51.015 [JavaFX Application Thread] DEBUG Input                - Clearing active input actions
11:28:51.015 [JavaFX Application Thread] DEBUG GameApplicationServi - Removing overlay from BluePlayerScene and adding to GameScene
11:28:51.016 [JavaFX Application Thread] DEBUG PrimaryStageWindow   - GameScene <- BluePlayerScene
11:28:52.561 [JavaFX Application Thread] DEBUG PrimaryStageWindow   - Push state: DialogSubScene
11:28:52.561 [JavaFX Application Thread] DEBUG Input                - Clearing active input actions
11:28:52.561 [JavaFX Application Thread] DEBUG GameApplicationServi - Removing overlay from GameScene and adding to DialogSubScene
11:28:52.561 [JavaFX Application Thread] DEBUG PrimaryStageWindow   - GameScene -> DialogSubScene
11:28:53.271 [JavaFX Application Thread] DEBUG PrimaryStageWindow   - Pop state: DialogSubScene
11:28:53.272 [JavaFX Application Thread] DEBUG Input                - Clearing active input actions
11:28:53.272 [JavaFX Application Thread] DEBUG GameApplicationServi - Removing overlay from DialogSubScene and adding to GameScene
11:28:53.272 [JavaFX Application Thread] DEBUG PrimaryStageWindow   - GameScene <- DialogSubScene
11:28:53.272 [JavaFX Application Thread] DEBUG PrimaryStageWindow   - Push state: RedPlayerScene
11:28:53.272 [JavaFX Application Thread] DEBUG Input                - Clearing active input actions
11:28:53.273 [JavaFX Application Thread] DEBUG GameApplicationServi - Removing overlay from GameScene and adding to RedPlayerScene
11:28:53.273 [JavaFX Application Thread] DEBUG PrimaryStageWindow   - GameScene -> RedPlayerScene
11:28:53.273 [JavaFX Application Thread] DEBUG PrimaryStageWindow   - Pop state: RedPlayerScene
11:28:53.273 [JavaFX Application Thread] DEBUG Input                - Clearing active input actions
11:28:53.273 [JavaFX Application Thread] DEBUG GameApplicationServi - Removing overlay from RedPlayerScene and adding to GameScene
11:28:53.273 [JavaFX Application Thread] DEBUG PrimaryStageWindow   - GameScene <- RedPlayerScene
11:28:55.345 [JavaFX Application Thread] DEBUG PrimaryStageWindow   - Push state: DialogSubScene
11:28:55.345 [JavaFX Application Thread] DEBUG Input                - Clearing active input actions
11:28:55.345 [JavaFX Application Thread] DEBUG GameApplicationServi - Removing overlay from GameScene and adding to DialogSubScene
11:28:55.345 [JavaFX Application Thread] DEBUG PrimaryStageWindow   - GameScene -> DialogSubScene
11:28:56.111 [JavaFX Application Thread] DEBUG PrimaryStageWindow   - Pop state: DialogSubScene
11:28:56.112 [JavaFX Application Thread] DEBUG Input                - Clearing active input actions
11:28:56.112 [JavaFX Application Thread] DEBUG GameApplicationServi - Removing overlay from DialogSubScene and adding to GameScene
11:28:56.112 [JavaFX Application Thread] DEBUG PrimaryStageWindow   - GameScene <- DialogSubScene
11:28:56.112 [JavaFX Application Thread] DEBUG PrimaryStageWindow   - Push state: BluePlayerScene
11:28:56.112 [JavaFX Application Thread] DEBUG Input                - Clearing active input actions
11:28:56.112 [JavaFX Application Thread] DEBUG GameApplicationServi - Removing overlay from GameScene and adding to BluePlayerScene
11:28:56.112 [JavaFX Application Thread] DEBUG PrimaryStageWindow   - GameScene -> BluePlayerScene
11:28:56.113 [JavaFX Application Thread] DEBUG PrimaryStageWindow   - Pop state: BluePlayerScene
11:28:56.113 [JavaFX Application Thread] DEBUG Input                - Clearing active input actions
11:28:56.113 [JavaFX Application Thread] DEBUG GameApplicationServi - Removing overlay from BluePlayerScene and adding to GameScene
11:28:56.113 [JavaFX Application Thread] DEBUG PrimaryStageWindow   - GameScene <- BluePlayerScene
11:28:56.776 [JavaFX Application Thread] DEBUG FXGLAssetLoaderServi - Loading from file system: file:/D:/battleShip/battleShip_FXGL/target/classes/assets/textures/Player1Hit.png
11:28:56.777 [JavaFX Application Thread] DEBUG FXGLAssetLoaderServi - Loading from file system: file:/D:/battleShip/battleShip_FXGL/target/classes/assets/sounds/hit.wav
11:28:58.218 [JavaFX Application Thread] DEBUG PrimaryStageWindow   - Push state: DialogSubScene
11:28:58.219 [JavaFX Application Thread] DEBUG Input                - Clearing active input actions
11:28:58.219 [JavaFX Application Thread] DEBUG GameApplicationServi - Removing overlay from GameScene and adding to DialogSubScene
11:28:58.219 [JavaFX Application Thread] DEBUG PrimaryStageWindow   - GameScene -> DialogSubScene
11:28:58.785 [JavaFX Application Thread] DEBUG PrimaryStageWindow   - Pop state: DialogSubScene
11:28:58.785 [JavaFX Application Thread] DEBUG Input                - Clearing active input actions
11:28:58.786 [JavaFX Application Thread] DEBUG GameApplicationServi - Removing overlay from DialogSubScene and adding to GameScene
11:28:58.786 [JavaFX Application Thread] DEBUG PrimaryStageWindow   - GameScene <- DialogSubScene
11:28:58.786 [JavaFX Application Thread] DEBUG PrimaryStageWindow   - Push state: RedPlayerScene
11:28:58.786 [JavaFX Application Thread] DEBUG Input                - Clearing active input actions
11:28:58.786 [JavaFX Application Thread] DEBUG GameApplicationServi - Removing overlay from GameScene and adding to RedPlayerScene
11:28:58.786 [JavaFX Application Thread] DEBUG PrimaryStageWindow   - GameScene -> RedPlayerScene
11:28:58.786 [JavaFX Application Thread] DEBUG PrimaryStageWindow   - Pop state: RedPlayerScene
11:28:58.787 [JavaFX Application Thread] DEBUG Input                - Clearing active input actions
11:28:58.787 [JavaFX Application Thread] DEBUG GameApplicationServi - Removing overlay from RedPlayerScene and adding to GameScene
11:28:58.787 [JavaFX Application Thread] DEBUG PrimaryStageWindow   - GameScene <- RedPlayerScene
11:29:02.990 [JavaFX Application Thread] DEBUG FXGLAssetLoaderServi - Loading from file system: file:/D:/battleShip/battleShip_FXGL/target/classes/assets/sounds/explosion.wav
11:29:02.993 [JavaFX Application Thread] DEBUG PrimaryStageWindow   - Push state: DialogSubScene
11:29:02.993 [JavaFX Application Thread] DEBUG Input                - Clearing active input actions
11:29:02.993 [JavaFX Application Thread] DEBUG GameApplicationServi - Removing overlay from GameScene and adding to DialogSubScene
11:29:02.993 [JavaFX Application Thread] DEBUG PrimaryStageWindow   - GameScene -> DialogSubScene
11:29:03.793 [JavaFX Application Thread] DEBUG PrimaryStageWindow   - Pop state: DialogSubScene
11:29:03.794 [JavaFX Application Thread] DEBUG Input                - Clearing active input actions
11:29:03.794 [JavaFX Application Thread] DEBUG GameApplicationServi - Removing overlay from DialogSubScene and adding to GameScene
11:29:03.794 [JavaFX Application Thread] DEBUG PrimaryStageWindow   - GameScene <- DialogSubScene
11:29:05.089 [JavaFX Application Thread] DEBUG PrimaryStageWindow   - Push state: DialogSubScene
11:29:05.089 [JavaFX Application Thread] DEBUG Input                - Clearing active input actions
11:29:05.089 [JavaFX Application Thread] DEBUG GameApplicationServi - Removing overlay from GameScene and adding to DialogSubScene
11:29:05.089 [JavaFX Application Thread] DEBUG PrimaryStageWindow   - GameScene -> DialogSubScene
11:29:05.974 [JavaFX Application Thread] DEBUG PrimaryStageWindow   - Pop state: DialogSubScene
11:29:05.974 [JavaFX Application Thread] DEBUG Input                - Clearing active input actions
11:29:05.974 [JavaFX Application Thread] DEBUG GameApplicationServi - Removing overlay from DialogSubScene and adding to GameScene
11:29:05.974 [JavaFX Application Thread] DEBUG PrimaryStageWindow   - GameScene <- DialogSubScene
11:29:05.974 [JavaFX Application Thread] DEBUG PrimaryStageWindow   - Push state: BluePlayerScene
11:29:05.974 [JavaFX Application Thread] DEBUG Input                - Clearing active input actions
11:29:05.975 [JavaFX Application Thread] DEBUG GameApplicationServi - Removing overlay from GameScene and adding to BluePlayerScene
11:29:05.975 [JavaFX Application Thread] DEBUG PrimaryStageWindow   - GameScene -> BluePlayerScene
11:29:05.975 [JavaFX Application Thread] DEBUG PrimaryStageWindow   - Pop state: BluePlayerScene
11:29:05.975 [JavaFX Application Thread] DEBUG Input                - Clearing active input actions
11:29:05.975 [JavaFX Application Thread] DEBUG GameApplicationServi - Removing overlay from BluePlayerScene and adding to GameScene
11:29:05.975 [JavaFX Application Thread] DEBUG PrimaryStageWindow   - GameScene <- BluePlayerScene
11:29:19.829 [JavaFX Application Thread] DEBUG PrimaryStageWindow   - Push state: SimpleGameMenu
11:29:19.829 [JavaFX Application Thread] DEBUG Input                - Clearing active input actions
11:29:19.829 [JavaFX Application Thread] DEBUG GameApplicationServi - Removing overlay from GameScene and adding to SimpleGameMenu
11:29:19.829 [JavaFX Application Thread] DEBUG PrimaryStageWindow   - GameScene -> SimpleGameMenu
11:29:22.678 [JavaFX Application Thread] DEBUG Menu                 - fireExitToMainMenu()
11:29:22.679 [JavaFX Application Thread] DEBUG PrimaryStageWindow   - Push state: DialogSubScene
11:29:22.679 [JavaFX Application Thread] DEBUG Input                - Clearing active input actions
11:29:22.679 [JavaFX Application Thread] DEBUG GameApplicationServi - Removing overlay from SimpleGameMenu and adding to DialogSubScene
11:29:22.679 [JavaFX Application Thread] DEBUG PrimaryStageWindow   - SimpleGameMenu -> DialogSubScene
11:29:23.309 [JavaFX Application Thread] DEBUG PrimaryStageWindow   - Pop state: DialogSubScene
11:29:23.309 [JavaFX Application Thread] DEBUG Input                - Clearing active input actions
11:29:23.309 [JavaFX Application Thread] DEBUG GameApplicationServi - Removing overlay from DialogSubScene and adding to SimpleGameMenu
11:29:23.309 [JavaFX Application Thread] DEBUG PrimaryStageWindow   - SimpleGameMenu <- DialogSubScene
11:29:23.309 [JavaFX Application Thread] DEBUG PrimaryStageWindow   - Pop state: SimpleGameMenu
11:29:23.309 [JavaFX Application Thread] DEBUG Input                - Clearing active input actions
11:29:23.309 [JavaFX Application Thread] DEBUG GameApplicationServi - Removing overlay from SimpleGameMenu and adding to GameScene
11:29:23.309 [JavaFX Application Thread] DEBUG PrimaryStageWindow   - GameScene <- SimpleGameMenu
11:29:23.309 [JavaFX Application Thread] DEBUG Input                - Clearing active input actions
11:29:23.313 [JavaFX Application Thread] DEBUG GameApplicationServi - Removing overlay from GameScene and adding to FXGLMainMenuDummyScene
11:29:23.313 [JavaFX Application Thread] DEBUG PrimaryStageWindow   - GameScene -> FXGLMainMenuDummyScene
11:29:23.313 [JavaFX Application Thread] DEBUG PrimaryStageWindow   - Push state: BattleShipMainMenu
11:29:23.313 [JavaFX Application Thread] DEBUG Input                - Clearing active input actions
11:29:23.313 [JavaFX Application Thread] DEBUG GameApplicationServi - Removing overlay from FXGLMainMenuDummyScene and adding to BattleShipMainMenu
11:29:23.314 [JavaFX Application Thread] DEBUG PrimaryStageWindow   - FXGLMainMenuDummyScene -> BattleShipMainMenu
11:29:24.294 [JavaFX Application Thread] DEBUG Menu                 - fireExit()
11:29:24.294 [JavaFX Application Thread] DEBUG PrimaryStageWindow   - Push state: DialogSubScene
11:29:24.294 [JavaFX Application Thread] DEBUG Input                - Clearing active input actions
11:29:24.295 [JavaFX Application Thread] DEBUG GameApplicationServi - Removing overlay from BattleShipMainMenu and adding to DialogSubScene
11:29:24.295 [JavaFX Application Thread] DEBUG PrimaryStageWindow   - BattleShipMainMenu -> DialogSubScene
11:29:25.102 [JavaFX Application Thread] DEBUG PrimaryStageWindow   - Pop state: DialogSubScene
11:29:25.102 [JavaFX Application Thread] DEBUG Input                - Clearing active input actions
11:29:25.102 [JavaFX Application Thread] DEBUG GameApplicationServi - Removing overlay from DialogSubScene and adding to BattleShipMainMenu
11:29:25.102 [JavaFX Application Thread] DEBUG PrimaryStageWindow   - BattleShipMainMenu <- DialogSubScene
11:29:25.102 [JavaFX Application Thread] DEBUG FXGLApplication      - Exiting FXGL
11:29:25.102 [JavaFX Application Thread] DEBUG LoopRunner           - Stopping loop
11:29:25.102 [JavaFX Application Thread] DEBUG SystemBundleService  - Saving FXGL system data
11:29:25.103 [JavaFX Application Thread] DEBUG FileSystemAccess     - Writing to: D:\battleShip\battleShip_FXGL\system\fxgl.bundle
11:29:25.104 [JavaFX Application Thread] DEBUG Async                - Shutting down background threads
11:29:25.105 [JavaFX Application Thread] DEBUG PrimaryStageWindow   - Closing main window
11:29:25.123 [JavaFX Application Thread] DEBUG Logger               - Closing Logger
