15:55:31.050 [main                     ] DEBUG Logger               - Configured Logger
15:55:31.077 [main                     ] DEBUG GameApplication      - Logging settings
Title: BattleShip_FXGL
Version: 0.1
Width: 1920
Height: 1080
Fullscreen: true
Intro: false
Profiling: false
Single step:false
App Mode: DEVELOPER
Menu Key: ESCAPE
Stage Style: DECORATED
Scene Factory: class fi.utu.tech.gui.javafx.BattleShipApp$1

15:55:31.449 [JavaFX Application Thread] DEBUG FXGLApplication      - Initializing FXGL
15:55:31.451 [JavaFX Application Thread] INFO  Engine               - FXGL-11.14 (01.03.2021 16.59) on WINDOWS (J:11.0.10 FX:15)
15:55:31.452 [JavaFX Application Thread] DEBUG Engine               - JRE Vendor Name: Amazon.com Inc.
15:55:31.452 [JavaFX Application Thread] DEBUG Engine               - Running on OS: Windows 10 version 10.0
15:55:31.452 [JavaFX Application Thread] DEBUG Engine               - Architecture: amd64
15:55:31.452 [JavaFX Application Thread] INFO  Engine               - Source code and latest versions at: https://github.com/AlmasB/FXGL
15:55:31.452 [JavaFX Application Thread] INFO  Engine               -              Join the FXGL chat at: https://gitter.im/AlmasB/FXGL
15:55:31.535 [JavaFX Application Thread] DEBUG PrimaryStageWindow   - Creating a JavaFX scene
15:55:31.595 [JavaFX Application Thread] DEBUG PrimaryStageWindow   - Target settings size: 1920.0 x 1080.0
15:55:31.595 [JavaFX Application Thread] DEBUG PrimaryStageWindow   - Scaled scene size:    1920.0 x 1080.0
15:55:31.595 [JavaFX Application Thread] DEBUG PrimaryStageWindow   - Scaled ratio: (1.0, 1.0)
15:55:31.596 [JavaFX Application Thread] DEBUG PrimaryStageWindow   - Set initial scene to FXGLStartupScene
15:55:31.604 [JavaFX Application Thread] DEBUG PrimaryStageWindow   - Opening main window
15:55:31.683 [JavaFX Application Thread] DEBUG PrimaryStageWindow   - Window border size: (16.0, 39.0)
15:55:31.683 [JavaFX Application Thread] DEBUG PrimaryStageWindow   - Scaled size: 1920.0 x 1080.0
15:55:31.683 [JavaFX Application Thread] DEBUG PrimaryStageWindow   - Scaled ratio: (1.0, 1.0)
15:55:31.683 [JavaFX Application Thread] DEBUG PrimaryStageWindow   - Scene size: 1920.0 x 1080.0
15:55:31.684 [JavaFX Application Thread] DEBUG PrimaryStageWindow   - Stage size: 1936.0 x 1119.0
15:55:31.741 [JavaFX Application Thread] DEBUG PrimaryStageWindow   - Going fullscreen
15:55:31.748 [FXGL Background Thread 1 ] DEBUG Engine               - Initializing environment variables
15:55:31.781 [FXGL Background Thread 1 ] DEBUG FXGLAssetLoaderServi - User app class for loading assets: class fi.utu.tech.gui.javafx.BattleShipApp
15:55:31.781 [FXGL Background Thread 1 ] DEBUG GameApplicationServi - Applying CSS: fxgl_dark.css
15:55:31.781 [FXGL Background Thread 1 ] DEBUG FXGLAssetLoaderServi - Loading from file system: jar:file:///C:/Users/box69/.m2/repository/com/github/almasb/fxgl/11.14/fxgl-11.14.jar!/fxglassets/ui/css/fxgl_dark.css
15:55:31.826 [FXGL Background Thread 1 ] DEBUG GameApplicationServi - Initializing application scenes
15:55:31.887 [FXGL Background Thread 1 ] DEBUG GameWorld            - Game world initialized
15:55:31.935 [FXGL Background Thread 1 ] DEBUG PhysicsWorld         - Physics world initialized: appHeight=1080, physics.ppm=50.0
15:55:31.937 [FXGL Background Thread 1 ] DEBUG PhysicsWorld         - Using strategy: BRUTE_FORCE
15:55:31.941 [FXGL Background Thread 1 ] DEBUG GameScene            - Game scene initialized: 1920x1080
15:55:31.947 [FXGL Background Thread 1 ] DEBUG FXGLAssetLoaderServi - Loading from file system: file:/D:/battleShip/battleShip_FXGL/target/classes/assets/textures/Nebula_Red.png
15:55:32.150 [FXGL Background Thread 1 ] DEBUG FXGLAssetLoaderServi - Loading from file system: jar:file:///C:/Users/box69/.m2/repository/com/github/almasb/fxgl/11.14/fxgl-11.14.jar!/fxglassets/textures/pause_menu_bg.png
15:55:32.177 [FXGL Background Thread 1 ] DEBUG GameApplicationServi - Application scenes initialized
15:55:32.188 [FXGL Background Thread 1 ] DEBUG SystemBundleService  - Loading FXGL system data
15:55:32.192 [FXGL Background Thread 1 ] DEBUG FileSystemAccess     - Reading from: D:\battleShip\battleShip_FXGL\system\fxgl.bundle
15:55:32.198 [FXGL Background Thread 1 ] DEBUG SystemBundleService  - Bundle FXGL: {}
15:55:32.199 [FXGL Background Thread 1 ] DEBUG UpdaterService       - Checking for updates
15:55:32.204 [FXGL Background Thread 4 ] DEBUG FXGLApplication      - Loading fonts
15:55:32.205 [FXGL Background Thread 1 ] DEBUG FXGLApplication      - Loading default localization
15:55:32.205 [FXGL Background Thread 4 ] DEBUG FXGLAssetLoaderServi - Loading from file system: jar:file:///C:/Users/box69/.m2/repository/com/github/almasb/fxgl/11.14/fxgl-11.14.jar!/fxglassets/ui/fonts/VarelaRound-Regular.ttf
15:55:32.206 [FXGL Background Thread 1 ] DEBUG FXGLAssetLoaderServi - Loading from file system: jar:file:///C:/Users/box69/.m2/repository/com/github/almasb/fxgl/11.14/fxgl-11.14.jar!/fxglassets/languages/english.lang
15:55:32.220 [FXGL Background Thread 1 ] INFO  FXGLApplication      - FXGL initialization took: 0.472 sec
15:55:32.234 [JavaFX Application Thread] DEBUG Input                - Registered new binding: Change Scene - Space
15:55:32.235 [JavaFX Application Thread] DEBUG Input                - Registered new binding: action0 - R
15:55:32.236 [JavaFX Application Thread] DEBUG Input                - Registered new binding: Deploy - RMB
15:55:32.236 [JavaFX Application Thread] DEBUG Input                - Registered new binding: Attack - LMB
15:55:32.236 [JavaFX Application Thread] DEBUG Input                - Registered new binding: action1 - Enter
15:55:32.237 [JavaFX Application Thread] DEBUG FXGLAssetLoaderServi - Loading from file system: file:/D:/battleShip/battleShip_FXGL/target/classes/assets/music/CrashedShip.mp3
15:55:32.421 [JavaFX Application Thread] DEBUG AudioPlayer          - Playing music com.almasb.fxgl.audio.Music@b890ffd
15:55:32.429 [JavaFX Application Thread] DEBUG FXGLAssetLoaderServi - Loading from file system: jar:file:///C:/Users/box69/.m2/repository/com/github/almasb/fxgl/11.14/fxgl-11.14.jar!/fxglassets/textures/fxgl_icon.png
15:55:32.448 [JavaFX Application Thread] DEBUG FXGLAssetLoaderServi - Loading from file system: jar:file:///C:/Users/box69/.m2/repository/com/github/almasb/fxgl/11.14/fxgl-11.14.jar!/fxglassets/ui/cursors/fxgl_default.png
15:55:32.450 [JavaFX Application Thread] DEBUG Input                - Registered new binding: Screenshot - P
15:55:32.451 [JavaFX Application Thread] DEBUG Input                - Registered new binding: System info dump - CTRL+9
15:55:32.451 [JavaFX Application Thread] DEBUG Input                - Registered new binding: Restart - CTRL+R
15:55:32.452 [JavaFX Application Thread] DEBUG Input                - Registered new binding: Toggle Debug Camera - CTRL+C
15:55:32.453 [JavaFX Application Thread] DEBUG LoopRunner           - Starting loop
15:55:32.454 [JavaFX Application Thread] DEBUG LoopRunner           - Initializing JavaFX AnimationTimerLoop
15:55:32.455 [JavaFX Application Thread] DEBUG Input                - Clearing active input actions
15:55:32.463 [JavaFX Application Thread] DEBUG GameApplicationServi - Removing overlay from FXGLStartupScene and adding to FXGLMainMenuDummyScene
15:55:32.463 [JavaFX Application Thread] DEBUG PrimaryStageWindow   - FXGLStartupScene -> FXGLMainMenuDummyScene
15:55:32.463 [JavaFX Application Thread] DEBUG PrimaryStageWindow   - Push state: BattleShipMainMenu
15:55:32.464 [JavaFX Application Thread] DEBUG Input                - Clearing active input actions
15:55:32.466 [JavaFX Application Thread] DEBUG GameApplicationServi - Removing overlay from FXGLMainMenuDummyScene and adding to BattleShipMainMenu
15:55:32.467 [JavaFX Application Thread] DEBUG PrimaryStageWindow   - FXGLMainMenuDummyScene -> BattleShipMainMenu
15:55:32.732 [FXGL Background Thread 4 ] DEBUG FXGLAssetLoaderServi - Loading from file system: jar:file:///C:/Users/box69/.m2/repository/com/github/almasb/fxgl/11.14/fxgl-11.14.jar!/fxglassets/ui/fonts/Abel-Regular.ttf
15:55:32.735 [FXGL Background Thread 4 ] DEBUG FXGLAssetLoaderServi - Loading from file system: jar:file:///C:/Users/box69/.m2/repository/com/github/almasb/fxgl/11.14/fxgl-11.14.jar!/fxglassets/ui/fonts/lucida_console.ttf
15:55:32.739 [FXGL Background Thread 4 ] DEBUG FXGLAssetLoaderServi - Loading from file system: jar:file:///C:/Users/box69/.m2/repository/com/github/almasb/fxgl/11.14/fxgl-11.14.jar!/fxglassets/ui/fonts/Courier-Prime.ttf
15:55:32.743 [JavaFX Application Thread] DEBUG FXGLApplication      - Registering font factories with UI factory
15:55:33.544 [JavaFX Application Thread] DEBUG PrimaryStageWindow   - Push state: DialogSubScene
15:55:33.544 [JavaFX Application Thread] DEBUG Input                - Clearing active input actions
15:55:33.549 [JavaFX Application Thread] DEBUG GameApplicationServi - Removing overlay from BattleShipMainMenu and adding to DialogSubScene
15:55:33.549 [JavaFX Application Thread] DEBUG PrimaryStageWindow   - BattleShipMainMenu -> DialogSubScene
15:55:35.204 [FXGL Background Thread 3 ] DEBUG Engine               - Logging environment variables
15:55:35.204 [FXGL Background Thread 3 ] DEBUG Engine               - achievements: []
15:55:35.204 [FXGL Background Thread 3 ] DEBUG Engine               - actualHeight: 1080.0
15:55:35.204 [FXGL Background Thread 3 ] DEBUG Engine               - actualHeightProperty: ReadOnlyDoubleProperty [value: 1080.0]
15:55:35.204 [FXGL Background Thread 3 ] DEBUG Engine               - actualWidth: 1920.0
15:55:35.205 [FXGL Background Thread 3 ] DEBUG Engine               - actualWidthProperty: ReadOnlyDoubleProperty [value: 1920.0]
15:55:35.205 [FXGL Background Thread 3 ] DEBUG Engine               - appIcon: fxgl_icon.png
15:55:35.205 [FXGL Background Thread 3 ] DEBUG Engine               - applicationMode: DEVELOPER
15:55:35.205 [FXGL Background Thread 3 ] DEBUG Engine               - cSSList: [fxgl_dark.css]
15:55:35.205 [FXGL Background Thread 3 ] DEBUG Engine               - collisionDetectionStrategy: BRUTE_FORCE
15:55:35.205 [FXGL Background Thread 3 ] DEBUG Engine               - configClass: Optional.empty
15:55:35.205 [FXGL Background Thread 3 ] DEBUG Engine               - credits: []
15:55:35.205 [FXGL Background Thread 3 ] DEBUG Engine               - devBBoxColorProperty: ObjectProperty [value: 0xff0000ff]
15:55:35.205 [FXGL Background Thread 3 ] DEBUG Engine               - devEnableDebugCameraProperty: BooleanProperty [value: false]
15:55:35.205 [FXGL Background Thread 3 ] DEBUG Engine               - devSensorColorProperty: ObjectProperty [value: 0xffff00ff]
15:55:35.205 [FXGL Background Thread 3 ] DEBUG Engine               - devShowBBoxProperty: BooleanProperty [value: false]
15:55:35.205 [FXGL Background Thread 3 ] DEBUG Engine               - devShowPositionProperty: BooleanProperty [value: false]
15:55:35.205 [FXGL Background Thread 3 ] DEBUG Engine               - enabledMenuItems: []
15:55:35.205 [FXGL Background Thread 3 ] DEBUG Engine               - engineServices: [class com.almasb.fxgl.app.services.FXGLAssetLoaderService, class com.almasb.fxgl.app.FXGLApplication$GameApplicationService, class com.almasb.fxgl.app.services.FXGLDialogService, class com.almasb.fxgl.app.services.IOTaskExecutorService, class com.almasb.fxgl.event.EventBusService, class com.almasb.fxgl.io.FileSystemService, class com.almasb.fxgl.localization.LocalizationService, class com.almasb.fxgl.app.services.SystemBundleService, class com.almasb.fxgl.profile.SaveLoadService, class com.almasb.fxgl.ui.FXGLUIFactoryServiceProvider, class com.almasb.fxgl.ui.FXGLDialogFactoryServiceProvider, class com.almasb.fxgl.audio.AudioPlayer, class com.almasb.fxgl.notification.impl.NotificationServiceProvider, class com.almasb.fxgl.achievement.AchievementService, class com.almasb.fxgl.cutscene.CutsceneService, class com.almasb.fxgl.minigames.MiniGameService, class com.almasb.fxgl.net.NetService, class com.almasb.fxgl.app.services.UpdaterService, class com.almasb.fxgl.dev.DevService]
15:55:35.205 [FXGL Background Thread 3 ] DEBUG Engine               - fontGame: Abel-Regular.ttf
15:55:35.205 [FXGL Background Thread 3 ] DEBUG Engine               - fontMono: lucida_console.ttf
15:55:35.206 [FXGL Background Thread 3 ] DEBUG Engine               - fontText: Courier-Prime.ttf
15:55:35.206 [FXGL Background Thread 3 ] DEBUG Engine               - fontUI: VarelaRound-Regular.ttf
15:55:35.206 [FXGL Background Thread 3 ] DEBUG Engine               - fullScreen: BooleanProperty [value: true]
15:55:35.206 [FXGL Background Thread 3 ] DEBUG Engine               - gameDifficulty: MEDIUM
15:55:35.206 [FXGL Background Thread 3 ] DEBUG Engine               - gameDifficultyProperty: ObjectProperty [value: MEDIUM]
15:55:35.206 [FXGL Background Thread 3 ] DEBUG Engine               - globalMusicVolume: 0.5
15:55:35.206 [FXGL Background Thread 3 ] DEBUG Engine               - globalMusicVolumeProperty: DoubleProperty [value: 0.2]
15:55:35.206 [FXGL Background Thread 3 ] DEBUG Engine               - globalSoundVolume: 0.5
15:55:35.206 [FXGL Background Thread 3 ] DEBUG Engine               - globalSoundVolumeProperty: DoubleProperty [value: 0.5]
15:55:35.206 [FXGL Background Thread 3 ] DEBUG Engine               - height: 1080
15:55:35.206 [FXGL Background Thread 3 ] DEBUG Engine               - isAndroid: false
15:55:35.206 [FXGL Background Thread 3 ] DEBUG Engine               - isBrowser: false
15:55:35.206 [FXGL Background Thread 3 ] DEBUG Engine               - isClickFeedbackEnabled: false
15:55:35.207 [FXGL Background Thread 3 ] DEBUG Engine               - isCloseConfirmation: false
15:55:35.207 [FXGL Background Thread 3 ] DEBUG Engine               - isDesktop: true
15:55:35.207 [FXGL Background Thread 3 ] DEBUG Engine               - isDeveloperMenuEnabled: false
15:55:35.207 [FXGL Background Thread 3 ] DEBUG Engine               - isEntityPreloadEnabled: true
15:55:35.207 [FXGL Background Thread 3 ] DEBUG Engine               - isExperimental3D: false
15:55:35.207 [FXGL Background Thread 3 ] DEBUG Engine               - isExperimentalNative: false
15:55:35.207 [FXGL Background Thread 3 ] DEBUG Engine               - isExperimentalTiledLargeMap: false
15:55:35.207 [FXGL Background Thread 3 ] DEBUG Engine               - isFileSystemWriteAllowed: true
15:55:35.207 [FXGL Background Thread 3 ] DEBUG Engine               - isFullScreenAllowed: true
15:55:35.207 [FXGL Background Thread 3 ] DEBUG Engine               - isFullScreenFromStart: true
15:55:35.207 [FXGL Background Thread 3 ] DEBUG Engine               - isGameMenuEnabled: true
15:55:35.207 [FXGL Background Thread 3 ] DEBUG Engine               - isIOS: false
15:55:35.207 [FXGL Background Thread 3 ] DEBUG Engine               - isIntroEnabled: false
15:55:35.207 [FXGL Background Thread 3 ] DEBUG Engine               - isLinux: false
15:55:35.207 [FXGL Background Thread 3 ] DEBUG Engine               - isMac: false
15:55:35.207 [FXGL Background Thread 3 ] DEBUG Engine               - isMainMenuEnabled: true
15:55:35.207 [FXGL Background Thread 3 ] DEBUG Engine               - isManualResizeEnabled: false
15:55:35.208 [FXGL Background Thread 3 ] DEBUG Engine               - isMobile: false
15:55:35.208 [FXGL Background Thread 3 ] DEBUG Engine               - isPreserveResizeRatio: false
15:55:35.208 [FXGL Background Thread 3 ] DEBUG Engine               - isProfilingEnabled: false
15:55:35.208 [FXGL Background Thread 3 ] DEBUG Engine               - isScaleAffectedOnResize: true
15:55:35.208 [FXGL Background Thread 3 ] DEBUG Engine               - isSingleStep: false
15:55:35.208 [FXGL Background Thread 3 ] DEBUG Engine               - isUserProfileEnabled: false
15:55:35.208 [FXGL Background Thread 3 ] DEBUG Engine               - isWindows: true
15:55:35.208 [FXGL Background Thread 3 ] DEBUG Engine               - language: ObjectProperty [value: ENGLISH]
15:55:35.208 [FXGL Background Thread 3 ] DEBUG Engine               - menuKey: ESCAPE
15:55:35.208 [FXGL Background Thread 3 ] DEBUG Engine               - notificationViewClass: class com.almasb.fxgl.notification.view.XboxNotificationView
15:55:35.208 [FXGL Background Thread 3 ] DEBUG Engine               - pixelsPerMeter: 50.0
15:55:35.208 [FXGL Background Thread 3 ] DEBUG Engine               - platform: WINDOWS
15:55:35.209 [FXGL Background Thread 3 ] DEBUG Engine               - prefHeightProperty: ReadOnlyDoubleProperty [value: 1080.0]
15:55:35.209 [FXGL Background Thread 3 ] DEBUG Engine               - prefWidthProperty: ReadOnlyDoubleProperty [value: 1920.0]
15:55:35.209 [FXGL Background Thread 3 ] DEBUG Engine               - profileDir: profiles/
15:55:35.209 [FXGL Background Thread 3 ] DEBUG Engine               - profileName: StringProperty [value: DEFAULT]
15:55:35.209 [FXGL Background Thread 3 ] DEBUG Engine               - randomSeed: -1
15:55:35.209 [FXGL Background Thread 3 ] DEBUG Engine               - runtimeInfo: RuntimeInfo(platform=WINDOWS, version=11.14, build=01.03.2021 16.59)
15:55:35.209 [FXGL Background Thread 3 ] DEBUG Engine               - saveFileExt: sav
15:55:35.209 [FXGL Background Thread 3 ] DEBUG Engine               - scaledHeightProp$fxgl: DoubleProperty [bound, value: 1080.0]
15:55:35.209 [FXGL Background Thread 3 ] DEBUG Engine               - scaledWidthProp$fxgl: DoubleProperty [bound, value: 1920.0]
15:55:35.209 [FXGL Background Thread 3 ] DEBUG Engine               - sceneFactory: fi.utu.tech.gui.javafx.BattleShipApp$1@16beeac4
15:55:35.209 [FXGL Background Thread 3 ] DEBUG Engine               - secondsIn24h: 60
15:55:35.209 [FXGL Background Thread 3 ] DEBUG Engine               - soundMenuBack: menu/back.wav
15:55:35.210 [FXGL Background Thread 3 ] DEBUG Engine               - soundMenuPress: menu/press.wav
15:55:35.210 [FXGL Background Thread 3 ] DEBUG Engine               - soundMenuSelect: menu/select.wav
15:55:35.210 [FXGL Background Thread 3 ] DEBUG Engine               - soundNotification: core/notification.wav
15:55:35.210 [FXGL Background Thread 3 ] DEBUG Engine               - stageStyle: DECORATED
15:55:35.210 [FXGL Background Thread 3 ] DEBUG Engine               - supportedLanguages: [ENGLISH, FRENCH, GERMAN, HUNGARIAN, RUSSIAN]
15:55:35.210 [FXGL Background Thread 3 ] DEBUG Engine               - ticksPerSecond: -1
15:55:35.210 [FXGL Background Thread 3 ] DEBUG Engine               - title: BattleShip_FXGL
15:55:35.210 [FXGL Background Thread 3 ] DEBUG Engine               - urlGithub: https://github.com/AlmasB/FXGL
15:55:35.210 [FXGL Background Thread 3 ] DEBUG Engine               - urlLeaderboard: http://fxgl-top.herokuapp.com/
15:55:35.210 [FXGL Background Thread 3 ] DEBUG Engine               - urlPOM: https://raw.githubusercontent.com/AlmasB/FXGL/release/README.md
15:55:35.210 [FXGL Background Thread 3 ] DEBUG Engine               - userAppClass: class fi.utu.tech.gui.javafx.BattleShipApp
15:55:35.210 [FXGL Background Thread 3 ] DEBUG Engine               - version: 0.1
15:55:35.210 [FXGL Background Thread 3 ] DEBUG Engine               - versionCheckDays: 7
15:55:35.210 [FXGL Background Thread 3 ] DEBUG Engine               - width: 1920
15:55:35.210 [FXGL Background Thread 3 ] DEBUG Engine               - Logging services
15:55:35.211 [FXGL Background Thread 3 ] DEBUG Engine               - class com.almasb.fxgl.app.services.FXGLAssetLoaderService
15:55:35.211 [FXGL Background Thread 3 ] DEBUG Engine               - class com.almasb.fxgl.app.FXGLApplication$GameApplicationService
15:55:35.211 [FXGL Background Thread 3 ] DEBUG Engine               - class com.almasb.fxgl.app.services.FXGLDialogService
15:55:35.211 [FXGL Background Thread 3 ] DEBUG Engine               - class com.almasb.fxgl.app.services.IOTaskExecutorService
15:55:35.211 [FXGL Background Thread 3 ] DEBUG Engine               - class com.almasb.fxgl.event.EventBusService
15:55:35.211 [FXGL Background Thread 3 ] DEBUG Engine               - class com.almasb.fxgl.io.FileSystemService
15:55:35.211 [FXGL Background Thread 3 ] DEBUG Engine               - class com.almasb.fxgl.localization.LocalizationService
15:55:35.211 [FXGL Background Thread 3 ] DEBUG Engine               - class com.almasb.fxgl.app.services.SystemBundleService
15:55:35.211 [FXGL Background Thread 3 ] DEBUG Engine               - class com.almasb.fxgl.profile.SaveLoadService
15:55:35.211 [FXGL Background Thread 3 ] DEBUG Engine               - class com.almasb.fxgl.ui.FXGLUIFactoryServiceProvider
15:55:35.211 [FXGL Background Thread 3 ] DEBUG Engine               - class com.almasb.fxgl.ui.FXGLDialogFactoryServiceProvider
15:55:35.211 [FXGL Background Thread 3 ] DEBUG Engine               - class com.almasb.fxgl.audio.AudioPlayer
15:55:35.211 [FXGL Background Thread 3 ] DEBUG Engine               - class com.almasb.fxgl.notification.impl.NotificationServiceProvider
15:55:35.211 [FXGL Background Thread 3 ] DEBUG Engine               - class com.almasb.fxgl.achievement.AchievementService
15:55:35.211 [FXGL Background Thread 3 ] DEBUG Engine               - class com.almasb.fxgl.cutscene.CutsceneService
15:55:35.212 [FXGL Background Thread 3 ] DEBUG Engine               - class com.almasb.fxgl.minigames.MiniGameService
15:55:35.212 [FXGL Background Thread 3 ] DEBUG Engine               - class com.almasb.fxgl.net.NetService
15:55:35.212 [FXGL Background Thread 3 ] DEBUG Engine               - class com.almasb.fxgl.app.services.UpdaterService
15:55:35.212 [FXGL Background Thread 3 ] DEBUG Engine               - class com.almasb.fxgl.dev.DevService
15:55:39.642 [JavaFX Application Thread] DEBUG PrimaryStageWindow   - Pop state: DialogSubScene
15:55:39.642 [JavaFX Application Thread] DEBUG Input                - Clearing active input actions
15:55:39.642 [JavaFX Application Thread] DEBUG GameApplicationServi - Removing overlay from DialogSubScene and adding to BattleShipMainMenu
15:55:39.642 [JavaFX Application Thread] DEBUG PrimaryStageWindow   - BattleShipMainMenu <- DialogSubScene
15:55:40.260 [JavaFX Application Thread] DEBUG Menu                 - fireNewGame()
15:55:40.260 [JavaFX Application Thread] DEBUG GameApplicationServi - Starting new game
15:55:40.260 [JavaFX Application Thread] DEBUG PrimaryStageWindow   - Pop state: BattleShipMainMenu
15:55:40.260 [JavaFX Application Thread] DEBUG Input                - Clearing active input actions
15:55:40.261 [JavaFX Application Thread] DEBUG GameApplicationServi - Removing overlay from BattleShipMainMenu and adding to FXGLMainMenuDummyScene
15:55:40.261 [JavaFX Application Thread] DEBUG PrimaryStageWindow   - FXGLMainMenuDummyScene <- BattleShipMainMenu
15:55:40.261 [JavaFX Application Thread] DEBUG Input                - Clearing active input actions
15:55:40.265 [JavaFX Application Thread] DEBUG GameApplicationServi - Removing overlay from FXGLMainMenuDummyScene and adding to FXGLLoadingScene
15:55:40.265 [JavaFX Application Thread] DEBUG PrimaryStageWindow   - FXGLMainMenuDummyScene -> FXGLLoadingScene
15:55:40.265 [JavaFX Application Thread] DEBUG GameApplicationServi - Clearing previous game
15:55:40.265 [JavaFX Application Thread] DEBUG GameScene            - Clearing game scene
15:55:40.265 [JavaFX Application Thread] DEBUG GameWorld            - Clearing game world
15:55:40.266 [JavaFX Application Thread] DEBUG PhysicsWorld         - Clearing physics world
15:55:40.266 [FXGL Background Thread 2 ] DEBUG FXGLApplication      - Initializing game
15:55:40.271 [FXGL Background Thread 2 ] DEBUG FXGLAssetLoaderServi - Loading from file system: file:/D:/battleShip/battleShip_FXGL/target/classes/assets/textures/bg2.jpg
15:55:40.307 [FXGL Background Thread 2 ] DEBUG FXGLAssetLoaderServi - Loading from file system: file:/D:/battleShip/battleShip_FXGL/target/classes/assets/textures/ShipContainer.png
15:55:40.312 [FXGL Background Thread 2 ] DEBUG FXGLAssetLoaderServi - Loading from file system: file:/D:/battleShip/battleShip_FXGL/target/classes/assets/textures/ships/ship_b_5_h.png
15:55:40.326 [FXGL Background Thread 2 ] DEBUG FXGLAssetLoaderServi - Loading from file system: file:/D:/battleShip/battleShip_FXGL/target/classes/assets/textures/ships/ship_r_5_h.png
15:55:40.328 [FXGL Background Thread 2 ] DEBUG FXGLAssetLoaderServi - Loading from file system: file:/D:/battleShip/battleShip_FXGL/target/classes/assets/textures/ships/ship_b_4_h.png
15:55:40.330 [FXGL Background Thread 2 ] DEBUG FXGLAssetLoaderServi - Loading from file system: file:/D:/battleShip/battleShip_FXGL/target/classes/assets/textures/ships/ship_r_4_h.png
15:55:40.332 [FXGL Background Thread 2 ] DEBUG FXGLAssetLoaderServi - Loading from file system: file:/D:/battleShip/battleShip_FXGL/target/classes/assets/textures/ships/ship_b_3_2_h.png
15:55:40.335 [FXGL Background Thread 2 ] DEBUG FXGLAssetLoaderServi - Loading from file system: file:/D:/battleShip/battleShip_FXGL/target/classes/assets/textures/ships/ship_r_3_2_h.png
15:55:40.336 [FXGL Background Thread 2 ] DEBUG FXGLAssetLoaderServi - Loading from file system: file:/D:/battleShip/battleShip_FXGL/target/classes/assets/textures/ships/ship_b_3_1_h.png
15:55:40.339 [FXGL Background Thread 2 ] DEBUG FXGLAssetLoaderServi - Loading from file system: file:/D:/battleShip/battleShip_FXGL/target/classes/assets/textures/ships/ship_r_3_1_h.png
15:55:40.341 [FXGL Background Thread 2 ] DEBUG FXGLAssetLoaderServi - Loading from file system: file:/D:/battleShip/battleShip_FXGL/target/classes/assets/textures/ships/ship_b_2_h.png
15:55:40.342 [FXGL Background Thread 2 ] DEBUG FXGLAssetLoaderServi - Loading from file system: file:/D:/battleShip/battleShip_FXGL/target/classes/assets/textures/ships/ship_r_2_h.png
15:55:40.344 [FXGL Background Thread 2 ] DEBUG FXGLAssetLoaderServi - Loading from file system: file:/D:/battleShip/battleShip_FXGL/target/classes/assets/textures/Tile.png
15:55:40.369 [FXGL Background Thread 2 ] INFO  FXGLApplication      - Game initialization took: 0.102 sec
15:55:40.374 [JavaFX Application Thread] DEBUG Input                - Clearing active input actions
15:55:40.380 [JavaFX Application Thread] DEBUG GameApplicationServi - Removing overlay from FXGLLoadingScene and adding to GameScene
15:55:40.381 [JavaFX Application Thread] DEBUG PrimaryStageWindow   - FXGLLoadingScene -> GameScene
15:55:40.388 [JavaFX Application Thread] DEBUG FXGLAssetLoaderServi - Loading from file system: file:/D:/battleShip/battleShip_FXGL/target/classes/assets/textures/bg2_2.jpg
15:55:40.421 [JavaFX Application Thread] DEBUG PrimaryStageWindow   - Push state: DialogSubScene
15:55:40.421 [JavaFX Application Thread] DEBUG Input                - Clearing active input actions
15:55:40.422 [JavaFX Application Thread] DEBUG GameApplicationServi - Removing overlay from GameScene and adding to DialogSubScene
15:55:40.422 [JavaFX Application Thread] DEBUG PrimaryStageWindow   - GameScene -> DialogSubScene
15:55:40.920 [JavaFX Application Thread] DEBUG PrimaryStageWindow   - Pop state: DialogSubScene
15:55:40.920 [JavaFX Application Thread] DEBUG Input                - Clearing active input actions
15:55:40.921 [JavaFX Application Thread] DEBUG GameApplicationServi - Removing overlay from DialogSubScene and adding to GameScene
15:55:40.921 [JavaFX Application Thread] DEBUG PrimaryStageWindow   - GameScene <- DialogSubScene
15:55:44.023 [JavaFX Application Thread] DEBUG PrimaryStageWindow   - Push state: DialogSubScene
15:55:44.023 [JavaFX Application Thread] DEBUG Input                - Clearing active input actions
15:55:44.024 [JavaFX Application Thread] DEBUG GameApplicationServi - Removing overlay from GameScene and adding to DialogSubScene
15:55:44.024 [JavaFX Application Thread] DEBUG PrimaryStageWindow   - GameScene -> DialogSubScene
15:55:44.540 [JavaFX Application Thread] DEBUG PrimaryStageWindow   - Pop state: DialogSubScene
15:55:44.541 [JavaFX Application Thread] DEBUG Input                - Clearing active input actions
15:55:44.541 [JavaFX Application Thread] DEBUG GameApplicationServi - Removing overlay from DialogSubScene and adding to GameScene
15:55:44.541 [JavaFX Application Thread] DEBUG PrimaryStageWindow   - GameScene <- DialogSubScene
15:55:44.541 [JavaFX Application Thread] DEBUG PrimaryStageWindow   - Push state: BluePlayerDeployScene
15:55:44.541 [JavaFX Application Thread] DEBUG Input                - Clearing active input actions
15:55:44.542 [JavaFX Application Thread] DEBUG GameApplicationServi - Removing overlay from GameScene and adding to BluePlayerDeployScene
15:55:44.542 [JavaFX Application Thread] DEBUG PrimaryStageWindow   - GameScene -> BluePlayerDeployScene
15:55:44.542 [JavaFX Application Thread] DEBUG PrimaryStageWindow   - Pop state: BluePlayerDeployScene
15:55:44.542 [JavaFX Application Thread] DEBUG Input                - Clearing active input actions
15:55:44.542 [JavaFX Application Thread] DEBUG GameApplicationServi - Removing overlay from BluePlayerDeployScene and adding to GameScene
15:55:44.542 [JavaFX Application Thread] DEBUG PrimaryStageWindow   - GameScene <- BluePlayerDeployScene
15:55:57.936 [JavaFX Application Thread] DEBUG PrimaryStageWindow   - Push state: DialogSubScene
15:55:57.936 [JavaFX Application Thread] DEBUG Input                - Clearing active input actions
15:55:57.936 [JavaFX Application Thread] DEBUG GameApplicationServi - Removing overlay from GameScene and adding to DialogSubScene
15:55:57.936 [JavaFX Application Thread] DEBUG PrimaryStageWindow   - GameScene -> DialogSubScene
15:55:58.447 [JavaFX Application Thread] DEBUG PrimaryStageWindow   - Pop state: DialogSubScene
15:55:58.447 [JavaFX Application Thread] DEBUG Input                - Clearing active input actions
15:55:58.447 [JavaFX Application Thread] DEBUG GameApplicationServi - Removing overlay from DialogSubScene and adding to GameScene
15:55:58.447 [JavaFX Application Thread] DEBUG PrimaryStageWindow   - GameScene <- DialogSubScene
15:55:58.447 [JavaFX Application Thread] DEBUG PrimaryStageWindow   - Push state: RedPlayerDeployScene
15:55:58.448 [JavaFX Application Thread] DEBUG Input                - Clearing active input actions
15:55:58.448 [JavaFX Application Thread] DEBUG GameApplicationServi - Removing overlay from GameScene and adding to RedPlayerDeployScene
15:55:58.448 [JavaFX Application Thread] DEBUG PrimaryStageWindow   - GameScene -> RedPlayerDeployScene
15:55:58.448 [JavaFX Application Thread] DEBUG PrimaryStageWindow   - Pop state: RedPlayerDeployScene
15:55:58.448 [JavaFX Application Thread] DEBUG Input                - Clearing active input actions
15:55:58.448 [JavaFX Application Thread] DEBUG GameApplicationServi - Removing overlay from RedPlayerDeployScene and adding to GameScene
15:55:58.449 [JavaFX Application Thread] DEBUG PrimaryStageWindow   - GameScene <- RedPlayerDeployScene
15:56:10.437 [JavaFX Application Thread] DEBUG PrimaryStageWindow   - Push state: DialogSubScene
15:56:10.437 [JavaFX Application Thread] DEBUG Input                - Clearing active input actions
15:56:10.438 [JavaFX Application Thread] DEBUG GameApplicationServi - Removing overlay from GameScene and adding to DialogSubScene
15:56:10.438 [JavaFX Application Thread] DEBUG PrimaryStageWindow   - GameScene -> DialogSubScene
15:56:11.174 [JavaFX Application Thread] DEBUG PrimaryStageWindow   - Pop state: DialogSubScene
15:56:11.174 [JavaFX Application Thread] DEBUG Input                - Clearing active input actions
15:56:11.175 [JavaFX Application Thread] DEBUG GameApplicationServi - Removing overlay from DialogSubScene and adding to GameScene
15:56:11.175 [JavaFX Application Thread] DEBUG PrimaryStageWindow   - GameScene <- DialogSubScene
15:56:11.175 [JavaFX Application Thread] DEBUG PrimaryStageWindow   - Push state: RedPlayerScene
15:56:11.178 [JavaFX Application Thread] DEBUG Input                - Clearing active input actions
15:56:11.178 [JavaFX Application Thread] DEBUG GameApplicationServi - Removing overlay from GameScene and adding to RedPlayerScene
15:56:11.178 [JavaFX Application Thread] DEBUG PrimaryStageWindow   - GameScene -> RedPlayerScene
15:56:11.179 [JavaFX Application Thread] DEBUG PrimaryStageWindow   - Pop state: RedPlayerScene
15:56:11.179 [JavaFX Application Thread] DEBUG Input                - Clearing active input actions
15:56:11.179 [JavaFX Application Thread] DEBUG GameApplicationServi - Removing overlay from RedPlayerScene and adding to GameScene
15:56:11.179 [JavaFX Application Thread] DEBUG PrimaryStageWindow   - GameScene <- RedPlayerScene
15:56:13.001 [JavaFX Application Thread] DEBUG PrimaryStageWindow   - Push state: DialogSubScene
15:56:13.001 [JavaFX Application Thread] DEBUG Input                - Clearing active input actions
15:56:13.001 [JavaFX Application Thread] DEBUG GameApplicationServi - Removing overlay from GameScene and adding to DialogSubScene
15:56:13.001 [JavaFX Application Thread] DEBUG PrimaryStageWindow   - GameScene -> DialogSubScene
15:56:14.660 [JavaFX Application Thread] DEBUG PrimaryStageWindow   - Pop state: DialogSubScene
15:56:14.660 [JavaFX Application Thread] DEBUG Input                - Clearing active input actions
15:56:14.661 [JavaFX Application Thread] DEBUG GameApplicationServi - Removing overlay from DialogSubScene and adding to GameScene
15:56:14.661 [JavaFX Application Thread] DEBUG PrimaryStageWindow   - GameScene <- DialogSubScene
15:56:14.661 [JavaFX Application Thread] DEBUG PrimaryStageWindow   - Push state: BluePlayerScene
15:56:14.662 [JavaFX Application Thread] DEBUG Input                - Clearing active input actions
15:56:14.662 [JavaFX Application Thread] DEBUG GameApplicationServi - Removing overlay from GameScene and adding to BluePlayerScene
15:56:14.662 [JavaFX Application Thread] DEBUG PrimaryStageWindow   - GameScene -> BluePlayerScene
15:56:14.662 [JavaFX Application Thread] DEBUG PrimaryStageWindow   - Pop state: BluePlayerScene
15:56:14.662 [JavaFX Application Thread] DEBUG Input                - Clearing active input actions
15:56:14.662 [JavaFX Application Thread] DEBUG GameApplicationServi - Removing overlay from BluePlayerScene and adding to GameScene
15:56:14.662 [JavaFX Application Thread] DEBUG PrimaryStageWindow   - GameScene <- BluePlayerScene
15:56:21.087 [JavaFX Application Thread] DEBUG FXGLAssetLoaderServi - Loading from file system: file:/D:/battleShip/battleShip_FXGL/target/classes/assets/textures/Player1.png
15:56:21.169 [JavaFX Application Thread] DEBUG FXGLAssetLoaderServi - Loading from file system: file:/D:/battleShip/battleShip_FXGL/target/classes/assets/textures/Player1Hit.png
15:56:25.146 [JavaFX Application Thread] DEBUG PrimaryStageWindow   - Push state: DialogSubScene
15:56:25.146 [JavaFX Application Thread] DEBUG Input                - Clearing active input actions
15:56:25.146 [JavaFX Application Thread] DEBUG GameApplicationServi - Removing overlay from GameScene and adding to DialogSubScene
15:56:25.146 [JavaFX Application Thread] DEBUG PrimaryStageWindow   - GameScene -> DialogSubScene
15:56:26.147 [JavaFX Application Thread] DEBUG PrimaryStageWindow   - Pop state: DialogSubScene
15:56:26.147 [JavaFX Application Thread] DEBUG Input                - Clearing active input actions
15:56:26.147 [JavaFX Application Thread] DEBUG GameApplicationServi - Removing overlay from DialogSubScene and adding to GameScene
15:56:26.147 [JavaFX Application Thread] DEBUG PrimaryStageWindow   - GameScene <- DialogSubScene
15:56:26.147 [JavaFX Application Thread] DEBUG PrimaryStageWindow   - Push state: RedPlayerScene
15:56:26.148 [JavaFX Application Thread] DEBUG Input                - Clearing active input actions
15:56:26.148 [JavaFX Application Thread] DEBUG GameApplicationServi - Removing overlay from GameScene and adding to RedPlayerScene
15:56:26.148 [JavaFX Application Thread] DEBUG PrimaryStageWindow   - GameScene -> RedPlayerScene
15:56:26.148 [JavaFX Application Thread] DEBUG PrimaryStageWindow   - Pop state: RedPlayerScene
15:56:26.148 [JavaFX Application Thread] DEBUG Input                - Clearing active input actions
15:56:26.148 [JavaFX Application Thread] DEBUG GameApplicationServi - Removing overlay from RedPlayerScene and adding to GameScene
15:56:26.148 [JavaFX Application Thread] DEBUG PrimaryStageWindow   - GameScene <- RedPlayerScene
15:56:38.722 [JavaFX Application Thread] DEBUG PrimaryStageWindow   - Push state: DialogSubScene
15:56:38.722 [JavaFX Application Thread] DEBUG Input                - Clearing active input actions
15:56:38.722 [JavaFX Application Thread] DEBUG GameApplicationServi - Removing overlay from GameScene and adding to DialogSubScene
15:56:38.722 [JavaFX Application Thread] DEBUG PrimaryStageWindow   - GameScene -> DialogSubScene
15:56:39.737 [JavaFX Application Thread] DEBUG PrimaryStageWindow   - Pop state: DialogSubScene
15:56:39.737 [JavaFX Application Thread] DEBUG Input                - Clearing active input actions
15:56:39.737 [JavaFX Application Thread] DEBUG GameApplicationServi - Removing overlay from DialogSubScene and adding to GameScene
15:56:39.737 [JavaFX Application Thread] DEBUG PrimaryStageWindow   - GameScene <- DialogSubScene
15:56:39.737 [JavaFX Application Thread] DEBUG PrimaryStageWindow   - Push state: BluePlayerScene
15:56:39.738 [JavaFX Application Thread] DEBUG Input                - Clearing active input actions
15:56:39.738 [JavaFX Application Thread] DEBUG GameApplicationServi - Removing overlay from GameScene and adding to BluePlayerScene
15:56:39.738 [JavaFX Application Thread] DEBUG PrimaryStageWindow   - GameScene -> BluePlayerScene
15:56:39.738 [JavaFX Application Thread] DEBUG PrimaryStageWindow   - Pop state: BluePlayerScene
15:56:39.738 [JavaFX Application Thread] DEBUG Input                - Clearing active input actions
15:56:39.738 [JavaFX Application Thread] DEBUG GameApplicationServi - Removing overlay from BluePlayerScene and adding to GameScene
15:56:39.738 [JavaFX Application Thread] DEBUG PrimaryStageWindow   - GameScene <- BluePlayerScene
15:56:41.513 [JavaFX Application Thread] DEBUG PrimaryStageWindow   - Push state: DialogSubScene
15:56:41.513 [JavaFX Application Thread] DEBUG Input                - Clearing active input actions
15:56:41.514 [JavaFX Application Thread] DEBUG GameApplicationServi - Removing overlay from GameScene and adding to DialogSubScene
15:56:41.514 [JavaFX Application Thread] DEBUG PrimaryStageWindow   - GameScene -> DialogSubScene
15:56:42.004 [JavaFX Application Thread] DEBUG PrimaryStageWindow   - Pop state: DialogSubScene
15:56:42.004 [JavaFX Application Thread] DEBUG Input                - Clearing active input actions
15:56:42.004 [JavaFX Application Thread] DEBUG GameApplicationServi - Removing overlay from DialogSubScene and adding to GameScene
15:56:42.004 [JavaFX Application Thread] DEBUG PrimaryStageWindow   - GameScene <- DialogSubScene
15:56:42.004 [JavaFX Application Thread] DEBUG PrimaryStageWindow   - Push state: RedPlayerScene
15:56:42.005 [JavaFX Application Thread] DEBUG Input                - Clearing active input actions
15:56:42.005 [JavaFX Application Thread] DEBUG GameApplicationServi - Removing overlay from GameScene and adding to RedPlayerScene
15:56:42.005 [JavaFX Application Thread] DEBUG PrimaryStageWindow   - GameScene -> RedPlayerScene
15:56:42.005 [JavaFX Application Thread] DEBUG PrimaryStageWindow   - Pop state: RedPlayerScene
15:56:42.005 [JavaFX Application Thread] DEBUG Input                - Clearing active input actions
15:56:42.005 [JavaFX Application Thread] DEBUG GameApplicationServi - Removing overlay from RedPlayerScene and adding to GameScene
15:56:42.005 [JavaFX Application Thread] DEBUG PrimaryStageWindow   - GameScene <- RedPlayerScene
15:56:51.819 [JavaFX Application Thread] DEBUG PrimaryStageWindow   - Push state: DialogSubScene
15:56:51.819 [JavaFX Application Thread] DEBUG Input                - Clearing active input actions
15:56:51.819 [JavaFX Application Thread] DEBUG GameApplicationServi - Removing overlay from GameScene and adding to DialogSubScene
15:56:51.819 [JavaFX Application Thread] DEBUG PrimaryStageWindow   - GameScene -> DialogSubScene
15:56:52.326 [JavaFX Application Thread] DEBUG PrimaryStageWindow   - Pop state: DialogSubScene
15:56:52.326 [JavaFX Application Thread] DEBUG Input                - Clearing active input actions
15:56:52.326 [JavaFX Application Thread] DEBUG GameApplicationServi - Removing overlay from DialogSubScene and adding to GameScene
15:56:52.326 [JavaFX Application Thread] DEBUG PrimaryStageWindow   - GameScene <- DialogSubScene
15:56:52.327 [JavaFX Application Thread] DEBUG PrimaryStageWindow   - Push state: BluePlayerScene
15:56:52.327 [JavaFX Application Thread] DEBUG Input                - Clearing active input actions
15:56:52.327 [JavaFX Application Thread] DEBUG GameApplicationServi - Removing overlay from GameScene and adding to BluePlayerScene
15:56:52.327 [JavaFX Application Thread] DEBUG PrimaryStageWindow   - GameScene -> BluePlayerScene
15:56:52.327 [JavaFX Application Thread] DEBUG PrimaryStageWindow   - Pop state: BluePlayerScene
15:56:52.327 [JavaFX Application Thread] DEBUG Input                - Clearing active input actions
15:56:52.327 [JavaFX Application Thread] DEBUG GameApplicationServi - Removing overlay from BluePlayerScene and adding to GameScene
15:56:52.327 [JavaFX Application Thread] DEBUG PrimaryStageWindow   - GameScene <- BluePlayerScene
15:56:59.255 [JavaFX Application Thread] DEBUG PrimaryStageWindow   - Push state: SimpleGameMenu
15:56:59.255 [JavaFX Application Thread] DEBUG Input                - Clearing active input actions
15:56:59.255 [JavaFX Application Thread] DEBUG GameApplicationServi - Removing overlay from GameScene and adding to SimpleGameMenu
15:56:59.255 [JavaFX Application Thread] DEBUG PrimaryStageWindow   - GameScene -> SimpleGameMenu
15:57:00.054 [JavaFX Application Thread] DEBUG Menu                 - fireExitToMainMenu()
15:57:00.055 [JavaFX Application Thread] DEBUG PrimaryStageWindow   - Push state: DialogSubScene
15:57:00.055 [JavaFX Application Thread] DEBUG Input                - Clearing active input actions
15:57:00.055 [JavaFX Application Thread] DEBUG GameApplicationServi - Removing overlay from SimpleGameMenu and adding to DialogSubScene
15:57:00.055 [JavaFX Application Thread] DEBUG PrimaryStageWindow   - SimpleGameMenu -> DialogSubScene
15:57:00.499 [JavaFX Application Thread] DEBUG PrimaryStageWindow   - Pop state: DialogSubScene
15:57:00.499 [JavaFX Application Thread] DEBUG Input                - Clearing active input actions
15:57:00.499 [JavaFX Application Thread] DEBUG GameApplicationServi - Removing overlay from DialogSubScene and adding to SimpleGameMenu
15:57:00.499 [JavaFX Application Thread] DEBUG PrimaryStageWindow   - SimpleGameMenu <- DialogSubScene
15:57:00.500 [JavaFX Application Thread] DEBUG PrimaryStageWindow   - Pop state: SimpleGameMenu
15:57:00.500 [JavaFX Application Thread] DEBUG Input                - Clearing active input actions
15:57:00.500 [JavaFX Application Thread] DEBUG GameApplicationServi - Removing overlay from SimpleGameMenu and adding to GameScene
15:57:00.500 [JavaFX Application Thread] DEBUG PrimaryStageWindow   - GameScene <- SimpleGameMenu
15:57:00.500 [JavaFX Application Thread] DEBUG Input                - Clearing active input actions
15:57:00.504 [JavaFX Application Thread] DEBUG GameApplicationServi - Removing overlay from GameScene and adding to FXGLMainMenuDummyScene
15:57:00.505 [JavaFX Application Thread] DEBUG PrimaryStageWindow   - GameScene -> FXGLMainMenuDummyScene
15:57:00.505 [JavaFX Application Thread] DEBUG PrimaryStageWindow   - Push state: BattleShipMainMenu
15:57:00.505 [JavaFX Application Thread] DEBUG Input                - Clearing active input actions
15:57:00.505 [JavaFX Application Thread] DEBUG GameApplicationServi - Removing overlay from FXGLMainMenuDummyScene and adding to BattleShipMainMenu
15:57:00.505 [JavaFX Application Thread] DEBUG PrimaryStageWindow   - FXGLMainMenuDummyScene -> BattleShipMainMenu
15:57:01.251 [JavaFX Application Thread] DEBUG Menu                 - fireExit()
15:57:01.252 [JavaFX Application Thread] DEBUG PrimaryStageWindow   - Push state: DialogSubScene
15:57:01.252 [JavaFX Application Thread] DEBUG Input                - Clearing active input actions
15:57:01.253 [JavaFX Application Thread] DEBUG GameApplicationServi - Removing overlay from BattleShipMainMenu and adding to DialogSubScene
15:57:01.253 [JavaFX Application Thread] DEBUG PrimaryStageWindow   - BattleShipMainMenu -> DialogSubScene
15:57:01.749 [JavaFX Application Thread] DEBUG PrimaryStageWindow   - Pop state: DialogSubScene
15:57:01.749 [JavaFX Application Thread] DEBUG Input                - Clearing active input actions
15:57:01.749 [JavaFX Application Thread] DEBUG GameApplicationServi - Removing overlay from DialogSubScene and adding to BattleShipMainMenu
15:57:01.749 [JavaFX Application Thread] DEBUG PrimaryStageWindow   - BattleShipMainMenu <- DialogSubScene
15:57:01.749 [JavaFX Application Thread] DEBUG FXGLApplication      - Exiting FXGL
15:57:01.749 [JavaFX Application Thread] DEBUG LoopRunner           - Stopping loop
15:57:01.749 [JavaFX Application Thread] DEBUG SystemBundleService  - Saving FXGL system data
15:57:01.751 [JavaFX Application Thread] DEBUG FileSystemAccess     - Writing to: D:\battleShip\battleShip_FXGL\system\fxgl.bundle
15:57:01.752 [JavaFX Application Thread] DEBUG Async                - Shutting down background threads
15:57:01.753 [JavaFX Application Thread] DEBUG PrimaryStageWindow   - Closing main window
15:57:01.767 [JavaFX Application Thread] DEBUG Logger               - Closing Logger
