13:53:25.844 [main                     ] DEBUG Logger               - Configured Logger
13:53:25.881 [main                     ] DEBUG GameApplication      - Logging settings
Title: BattleShip_FXGL
Version: 0.1
Width: 1920
Height: 1080
Fullscreen: true
Intro: true
Profiling: false
Single step:false
App Mode: DEVELOPER
Menu Key: ESCAPE
Stage Style: DECORATED
Scene Factory: class fi.utu.tech.gui.javafx.fxgl.BattleShipApp$1

13:53:26.302 [JavaFX Application Thread] DEBUG FXGLApplication      - Initializing FXGL
13:53:26.304 [JavaFX Application Thread] INFO  Engine               - FXGL-11.14 (01.03.2021 16.59) on WINDOWS (J:11.0.10 FX:15)
13:53:26.305 [JavaFX Application Thread] DEBUG Engine               - JRE Vendor Name: Amazon.com Inc.
13:53:26.305 [JavaFX Application Thread] DEBUG Engine               - Running on OS: Windows 10 version 10.0
13:53:26.305 [JavaFX Application Thread] DEBUG Engine               - Architecture: amd64
13:53:26.305 [JavaFX Application Thread] INFO  Engine               - Source code and latest versions at: https://github.com/AlmasB/FXGL
13:53:26.305 [JavaFX Application Thread] INFO  Engine               -              Join the FXGL chat at: https://gitter.im/AlmasB/FXGL
13:53:26.400 [JavaFX Application Thread] DEBUG PrimaryStageWindow   - Creating a JavaFX scene
13:53:26.453 [JavaFX Application Thread] DEBUG PrimaryStageWindow   - Target settings size: 1920.0 x 1080.0
13:53:26.453 [JavaFX Application Thread] DEBUG PrimaryStageWindow   - Scaled scene size:    1920.0 x 1080.0
13:53:26.454 [JavaFX Application Thread] DEBUG PrimaryStageWindow   - Scaled ratio: (1.0, 1.0)
13:53:26.454 [JavaFX Application Thread] DEBUG PrimaryStageWindow   - Set initial scene to FXGLStartupScene
13:53:26.464 [JavaFX Application Thread] DEBUG PrimaryStageWindow   - Opening main window
13:53:26.546 [JavaFX Application Thread] DEBUG PrimaryStageWindow   - Window border size: (16.0, 39.0)
13:53:26.546 [JavaFX Application Thread] DEBUG PrimaryStageWindow   - Scaled size: 1920.0 x 1080.0
13:53:26.546 [JavaFX Application Thread] DEBUG PrimaryStageWindow   - Scaled ratio: (1.0, 1.0)
13:53:26.546 [JavaFX Application Thread] DEBUG PrimaryStageWindow   - Scene size: 1920.0 x 1080.0
13:53:26.546 [JavaFX Application Thread] DEBUG PrimaryStageWindow   - Stage size: 1936.0 x 1119.0
13:53:26.618 [JavaFX Application Thread] DEBUG PrimaryStageWindow   - Going fullscreen
13:53:26.625 [FXGL Background Thread 1 ] DEBUG Engine               - Initializing environment variables
13:53:26.663 [FXGL Background Thread 1 ] DEBUG FXGLAssetLoaderServi - User app class for loading assets: class fi.utu.tech.gui.javafx.fxgl.BattleShipApp
13:53:26.663 [FXGL Background Thread 1 ] DEBUG GameApplicationServi - Applying CSS: fxgl_dark.css
13:53:26.664 [FXGL Background Thread 1 ] DEBUG FXGLAssetLoaderServi - Loading from file system: jar:file:///C:/Users/box69/.m2/repository/com/github/almasb/fxgl/11.14/fxgl-11.14.jar!/fxglassets/ui/css/fxgl_dark.css
13:53:26.709 [FXGL Background Thread 1 ] DEBUG GameApplicationServi - Initializing application scenes
13:53:26.786 [FXGL Background Thread 1 ] DEBUG GameWorld            - Game world initialized
13:53:26.840 [FXGL Background Thread 1 ] DEBUG PhysicsWorld         - Physics world initialized: appHeight=1080, physics.ppm=50.0
13:53:26.840 [FXGL Background Thread 1 ] DEBUG PhysicsWorld         - Using strategy: BRUTE_FORCE
13:53:26.843 [FXGL Background Thread 1 ] DEBUG GameScene            - Game scene initialized: 1920x1080
13:53:26.846 [FXGL Background Thread 1 ] DEBUG FXGLAssetLoaderServi - Loading from file system: jar:file:///C:/Users/box69/.m2/repository/com/github/almasb/fxgl/11.14/fxgl-11.14.jar!/fxglassets/textures/intro/fxgl_logo.png
13:53:26.881 [FXGL Background Thread 1 ] DEBUG FXGLAssetLoaderServi - Loading from file system: jar:file:///C:/Users/box69/.m2/repository/com/github/almasb/fxgl/11.14/fxgl-11.14.jar!/fxglassets/textures/intro/javafx_logo.png
13:53:27.042 [FXGL Background Thread 1 ] DEBUG FXGLAssetLoaderServi - Loading from file system: file:/D:/battleShip/battleShip_FXGL/target/classes/assets/textures/Nebula_Red.png
13:53:27.268 [FXGL Background Thread 1 ] DEBUG FXGLAssetLoaderServi - Loading from file system: jar:file:///C:/Users/box69/.m2/repository/com/github/almasb/fxgl/11.14/fxgl-11.14.jar!/fxglassets/textures/pause_menu_bg.png
13:53:27.282 [FXGL Background Thread 1 ] DEBUG GameApplicationServi - Application scenes initialized
13:53:27.292 [FXGL Background Thread 1 ] DEBUG SystemBundleService  - Loading FXGL system data
13:53:27.296 [FXGL Background Thread 1 ] DEBUG FileSystemAccess     - Reading from: D:\battleShip\battleShip_FXGL\system\fxgl.bundle
13:53:27.301 [FXGL Background Thread 1 ] DEBUG SystemBundleService  - Bundle FXGL: {}
13:53:27.301 [FXGL Background Thread 1 ] DEBUG UpdaterService       - Checking for updates
13:53:27.305 [FXGL Background Thread 4 ] DEBUG FXGLApplication      - Loading fonts
13:53:27.306 [FXGL Background Thread 1 ] DEBUG FXGLApplication      - Loading default localization
13:53:27.306 [FXGL Background Thread 4 ] DEBUG FXGLAssetLoaderServi - Loading from file system: jar:file:///C:/Users/box69/.m2/repository/com/github/almasb/fxgl/11.14/fxgl-11.14.jar!/fxglassets/ui/fonts/VarelaRound-Regular.ttf
13:53:27.307 [FXGL Background Thread 1 ] DEBUG FXGLAssetLoaderServi - Loading from file system: jar:file:///C:/Users/box69/.m2/repository/com/github/almasb/fxgl/11.14/fxgl-11.14.jar!/fxglassets/languages/english.lang
13:53:27.322 [FXGL Background Thread 1 ] INFO  FXGLApplication      - FXGL initialization took: 0.697 sec
13:53:27.346 [JavaFX Application Thread] DEBUG Input                - Registered new binding: Change Scene - Space
13:53:27.347 [JavaFX Application Thread] DEBUG Input                - Registered new binding: action0 - R
13:53:27.349 [JavaFX Application Thread] DEBUG Input                - Registered new binding: Deploy - RMB
13:53:27.350 [JavaFX Application Thread] DEBUG Input                - Registered new binding: Attack - LMB
13:53:27.350 [JavaFX Application Thread] DEBUG FXGLAssetLoaderServi - Loading from file system: file:/D:/battleShip/battleShip_FXGL/target/classes/assets/music/CrashedShip.mp3
13:53:27.513 [JavaFX Application Thread] DEBUG AudioPlayer          - Playing music com.almasb.fxgl.audio.Music@3e9d53fc
13:53:27.513 [JavaFX Application Thread] DEBUG FXGLAssetLoaderServi - Loading from file system: jar:file:///C:/Users/box69/.m2/repository/com/github/almasb/fxgl/11.14/fxgl-11.14.jar!/fxglassets/textures/fxgl_icon.png
13:53:27.528 [JavaFX Application Thread] DEBUG FXGLAssetLoaderServi - Loading from file system: jar:file:///C:/Users/box69/.m2/repository/com/github/almasb/fxgl/11.14/fxgl-11.14.jar!/fxglassets/ui/cursors/fxgl_default.png
13:53:27.530 [JavaFX Application Thread] DEBUG Input                - Registered new binding: Screenshot - P
13:53:27.531 [JavaFX Application Thread] DEBUG Input                - Registered new binding: System info dump - CTRL+9
13:53:27.531 [JavaFX Application Thread] DEBUG Input                - Registered new binding: Restart - CTRL+R
13:53:27.531 [JavaFX Application Thread] DEBUG Input                - Registered new binding: Toggle Debug Camera - CTRL+C
13:53:27.533 [JavaFX Application Thread] DEBUG LoopRunner           - Starting loop
13:53:27.533 [JavaFX Application Thread] DEBUG LoopRunner           - Initializing JavaFX AnimationTimerLoop
13:53:27.562 [JavaFX Application Thread] DEBUG Input                - Clearing active input actions
13:53:27.571 [JavaFX Application Thread] DEBUG GameApplicationServi - Removing overlay from FXGLStartupScene and adding to FXGLIntroScene
13:53:27.571 [JavaFX Application Thread] DEBUG PrimaryStageWindow   - FXGLStartupScene -> FXGLIntroScene
13:53:27.802 [FXGL Background Thread 4 ] DEBUG FXGLAssetLoaderServi - Loading from file system: jar:file:///C:/Users/box69/.m2/repository/com/github/almasb/fxgl/11.14/fxgl-11.14.jar!/fxglassets/ui/fonts/Abel-Regular.ttf
13:53:27.805 [FXGL Background Thread 4 ] DEBUG FXGLAssetLoaderServi - Loading from file system: jar:file:///C:/Users/box69/.m2/repository/com/github/almasb/fxgl/11.14/fxgl-11.14.jar!/fxglassets/ui/fonts/lucida_console.ttf
13:53:27.809 [FXGL Background Thread 4 ] DEBUG FXGLAssetLoaderServi - Loading from file system: jar:file:///C:/Users/box69/.m2/repository/com/github/almasb/fxgl/11.14/fxgl-11.14.jar!/fxglassets/ui/fonts/Courier-Prime.ttf
13:53:27.813 [JavaFX Application Thread] DEBUG FXGLApplication      - Registering font factories with UI factory
13:53:30.304 [FXGL Background Thread 3 ] DEBUG Engine               - Logging environment variables
13:53:30.305 [FXGL Background Thread 3 ] DEBUG Engine               - achievements: []
13:53:30.305 [FXGL Background Thread 3 ] DEBUG Engine               - actualHeight: 1080.0
13:53:30.305 [FXGL Background Thread 3 ] DEBUG Engine               - actualHeightProperty: ReadOnlyDoubleProperty [value: 1080.0]
13:53:30.305 [FXGL Background Thread 3 ] DEBUG Engine               - actualWidth: 1920.0
13:53:30.305 [FXGL Background Thread 3 ] DEBUG Engine               - actualWidthProperty: ReadOnlyDoubleProperty [value: 1920.0]
13:53:30.305 [FXGL Background Thread 3 ] DEBUG Engine               - appIcon: fxgl_icon.png
13:53:30.305 [FXGL Background Thread 3 ] DEBUG Engine               - applicationMode: DEVELOPER
13:53:30.305 [FXGL Background Thread 3 ] DEBUG Engine               - cSSList: [fxgl_dark.css]
13:53:30.305 [FXGL Background Thread 3 ] DEBUG Engine               - collisionDetectionStrategy: BRUTE_FORCE
13:53:30.305 [FXGL Background Thread 3 ] DEBUG Engine               - configClass: Optional.empty
13:53:30.305 [FXGL Background Thread 3 ] DEBUG Engine               - credits: []
13:53:30.306 [FXGL Background Thread 3 ] DEBUG Engine               - devBBoxColorProperty: ObjectProperty [value: 0xff0000ff]
13:53:30.306 [FXGL Background Thread 3 ] DEBUG Engine               - devEnableDebugCameraProperty: BooleanProperty [value: false]
13:53:30.306 [FXGL Background Thread 3 ] DEBUG Engine               - devSensorColorProperty: ObjectProperty [value: 0xffff00ff]
13:53:30.306 [FXGL Background Thread 3 ] DEBUG Engine               - devShowBBoxProperty: BooleanProperty [value: false]
13:53:30.306 [FXGL Background Thread 3 ] DEBUG Engine               - devShowPositionProperty: BooleanProperty [value: false]
13:53:30.306 [FXGL Background Thread 3 ] DEBUG Engine               - enabledMenuItems: []
13:53:30.306 [FXGL Background Thread 3 ] DEBUG Engine               - engineServices: [class com.almasb.fxgl.app.services.FXGLAssetLoaderService, class com.almasb.fxgl.app.FXGLApplication$GameApplicationService, class com.almasb.fxgl.app.services.FXGLDialogService, class com.almasb.fxgl.app.services.IOTaskExecutorService, class com.almasb.fxgl.event.EventBusService, class com.almasb.fxgl.io.FileSystemService, class com.almasb.fxgl.localization.LocalizationService, class com.almasb.fxgl.app.services.SystemBundleService, class com.almasb.fxgl.profile.SaveLoadService, class com.almasb.fxgl.ui.FXGLUIFactoryServiceProvider, class com.almasb.fxgl.ui.FXGLDialogFactoryServiceProvider, class com.almasb.fxgl.audio.AudioPlayer, class com.almasb.fxgl.notification.impl.NotificationServiceProvider, class com.almasb.fxgl.achievement.AchievementService, class com.almasb.fxgl.cutscene.CutsceneService, class com.almasb.fxgl.minigames.MiniGameService, class com.almasb.fxgl.net.NetService, class com.almasb.fxgl.app.services.UpdaterService, class com.almasb.fxgl.dev.DevService]
13:53:30.306 [FXGL Background Thread 3 ] DEBUG Engine               - fontGame: Abel-Regular.ttf
13:53:30.306 [FXGL Background Thread 3 ] DEBUG Engine               - fontMono: lucida_console.ttf
13:53:30.307 [FXGL Background Thread 3 ] DEBUG Engine               - fontText: Courier-Prime.ttf
13:53:30.307 [FXGL Background Thread 3 ] DEBUG Engine               - fontUI: VarelaRound-Regular.ttf
13:53:30.307 [FXGL Background Thread 3 ] DEBUG Engine               - fullScreen: BooleanProperty [value: true]
13:53:30.307 [FXGL Background Thread 3 ] DEBUG Engine               - gameDifficulty: MEDIUM
13:53:30.307 [FXGL Background Thread 3 ] DEBUG Engine               - gameDifficultyProperty: ObjectProperty [value: MEDIUM]
13:53:30.307 [FXGL Background Thread 3 ] DEBUG Engine               - globalMusicVolume: 0.5
13:53:30.307 [FXGL Background Thread 3 ] DEBUG Engine               - globalMusicVolumeProperty: DoubleProperty [value: 0.2]
13:53:30.307 [FXGL Background Thread 3 ] DEBUG Engine               - globalSoundVolume: 0.5
13:53:30.307 [FXGL Background Thread 3 ] DEBUG Engine               - globalSoundVolumeProperty: DoubleProperty [value: 0.4]
13:53:30.307 [FXGL Background Thread 3 ] DEBUG Engine               - height: 1080
13:53:30.307 [FXGL Background Thread 3 ] DEBUG Engine               - isAndroid: false
13:53:30.307 [FXGL Background Thread 3 ] DEBUG Engine               - isBrowser: false
13:53:30.308 [FXGL Background Thread 3 ] DEBUG Engine               - isClickFeedbackEnabled: false
13:53:30.308 [FXGL Background Thread 3 ] DEBUG Engine               - isCloseConfirmation: false
13:53:30.308 [FXGL Background Thread 3 ] DEBUG Engine               - isDesktop: true
13:53:30.308 [FXGL Background Thread 3 ] DEBUG Engine               - isDeveloperMenuEnabled: false
13:53:30.308 [FXGL Background Thread 3 ] DEBUG Engine               - isEntityPreloadEnabled: true
13:53:30.308 [FXGL Background Thread 3 ] DEBUG Engine               - isExperimental3D: false
13:53:30.308 [FXGL Background Thread 3 ] DEBUG Engine               - isExperimentalNative: false
13:53:30.308 [FXGL Background Thread 3 ] DEBUG Engine               - isExperimentalTiledLargeMap: false
13:53:30.308 [FXGL Background Thread 3 ] DEBUG Engine               - isFileSystemWriteAllowed: true
13:53:30.308 [FXGL Background Thread 3 ] DEBUG Engine               - isFullScreenAllowed: true
13:53:30.308 [FXGL Background Thread 3 ] DEBUG Engine               - isFullScreenFromStart: true
13:53:30.308 [FXGL Background Thread 3 ] DEBUG Engine               - isGameMenuEnabled: true
13:53:30.308 [FXGL Background Thread 3 ] DEBUG Engine               - isIOS: false
13:53:30.309 [FXGL Background Thread 3 ] DEBUG Engine               - isIntroEnabled: true
13:53:30.309 [FXGL Background Thread 3 ] DEBUG Engine               - isLinux: false
13:53:30.309 [FXGL Background Thread 3 ] DEBUG Engine               - isMac: false
13:53:30.309 [FXGL Background Thread 3 ] DEBUG Engine               - isMainMenuEnabled: true
13:53:30.309 [FXGL Background Thread 3 ] DEBUG Engine               - isManualResizeEnabled: false
13:53:30.309 [FXGL Background Thread 3 ] DEBUG Engine               - isMobile: false
13:53:30.309 [FXGL Background Thread 3 ] DEBUG Engine               - isPreserveResizeRatio: false
13:53:30.309 [FXGL Background Thread 3 ] DEBUG Engine               - isProfilingEnabled: false
13:53:30.309 [FXGL Background Thread 3 ] DEBUG Engine               - isScaleAffectedOnResize: true
13:53:30.309 [FXGL Background Thread 3 ] DEBUG Engine               - isSingleStep: false
13:53:30.309 [FXGL Background Thread 3 ] DEBUG Engine               - isUserProfileEnabled: false
13:53:30.309 [FXGL Background Thread 3 ] DEBUG Engine               - isWindows: true
13:53:30.309 [FXGL Background Thread 3 ] DEBUG Engine               - language: ObjectProperty [value: ENGLISH]
13:53:30.309 [FXGL Background Thread 3 ] DEBUG Engine               - menuKey: ESCAPE
13:53:30.310 [FXGL Background Thread 3 ] DEBUG Engine               - notificationViewClass: class com.almasb.fxgl.notification.view.XboxNotificationView
13:53:30.310 [FXGL Background Thread 3 ] DEBUG Engine               - pixelsPerMeter: 50.0
13:53:30.310 [FXGL Background Thread 3 ] DEBUG Engine               - platform: WINDOWS
13:53:30.310 [FXGL Background Thread 3 ] DEBUG Engine               - prefHeightProperty: ReadOnlyDoubleProperty [value: 1080.0]
13:53:30.310 [FXGL Background Thread 3 ] DEBUG Engine               - prefWidthProperty: ReadOnlyDoubleProperty [value: 1920.0]
13:53:30.310 [FXGL Background Thread 3 ] DEBUG Engine               - profileDir: profiles/
13:53:30.310 [FXGL Background Thread 3 ] DEBUG Engine               - profileName: StringProperty [value: DEFAULT]
13:53:30.310 [FXGL Background Thread 3 ] DEBUG Engine               - randomSeed: -1
13:53:30.310 [FXGL Background Thread 3 ] DEBUG Engine               - runtimeInfo: RuntimeInfo(platform=WINDOWS, version=11.14, build=01.03.2021 16.59)
13:53:30.310 [FXGL Background Thread 3 ] DEBUG Engine               - saveFileExt: sav
13:53:30.310 [FXGL Background Thread 3 ] DEBUG Engine               - scaledHeightProp$fxgl: DoubleProperty [bound, value: 1080.0]
13:53:30.310 [FXGL Background Thread 3 ] DEBUG Engine               - scaledWidthProp$fxgl: DoubleProperty [bound, value: 1920.0]
13:53:30.310 [FXGL Background Thread 3 ] DEBUG Engine               - sceneFactory: fi.utu.tech.gui.javafx.fxgl.BattleShipApp$1@beebcbf
13:53:30.311 [FXGL Background Thread 3 ] DEBUG Engine               - secondsIn24h: 60
13:53:30.311 [FXGL Background Thread 3 ] DEBUG Engine               - soundMenuBack: menu/back.wav
13:53:30.311 [FXGL Background Thread 3 ] DEBUG Engine               - soundMenuPress: menu/press.wav
13:53:30.311 [FXGL Background Thread 3 ] DEBUG Engine               - soundMenuSelect: menu/select.wav
13:53:30.311 [FXGL Background Thread 3 ] DEBUG Engine               - soundNotification: core/notification.wav
13:53:30.311 [FXGL Background Thread 3 ] DEBUG Engine               - stageStyle: DECORATED
13:53:30.311 [FXGL Background Thread 3 ] DEBUG Engine               - supportedLanguages: [ENGLISH, FRENCH, GERMAN, HUNGARIAN, RUSSIAN]
13:53:30.311 [FXGL Background Thread 3 ] DEBUG Engine               - ticksPerSecond: -1
13:53:30.311 [FXGL Background Thread 3 ] DEBUG Engine               - title: BattleShip_FXGL
13:53:30.311 [FXGL Background Thread 3 ] DEBUG Engine               - urlGithub: https://github.com/AlmasB/FXGL
13:53:30.311 [FXGL Background Thread 3 ] DEBUG Engine               - urlLeaderboard: http://fxgl-top.herokuapp.com/
13:53:30.311 [FXGL Background Thread 3 ] DEBUG Engine               - urlPOM: https://raw.githubusercontent.com/AlmasB/FXGL/release/README.md
13:53:30.311 [FXGL Background Thread 3 ] DEBUG Engine               - userAppClass: class fi.utu.tech.gui.javafx.fxgl.BattleShipApp
13:53:30.311 [FXGL Background Thread 3 ] DEBUG Engine               - version: 0.1
13:53:30.311 [FXGL Background Thread 3 ] DEBUG Engine               - versionCheckDays: 7
13:53:30.311 [FXGL Background Thread 3 ] DEBUG Engine               - width: 1920
13:53:30.311 [FXGL Background Thread 3 ] DEBUG Engine               - Logging services
13:53:30.311 [FXGL Background Thread 3 ] DEBUG Engine               - class com.almasb.fxgl.app.services.FXGLAssetLoaderService
13:53:30.312 [FXGL Background Thread 3 ] DEBUG Engine               - class com.almasb.fxgl.app.FXGLApplication$GameApplicationService
13:53:30.312 [FXGL Background Thread 3 ] DEBUG Engine               - class com.almasb.fxgl.app.services.FXGLDialogService
13:53:30.312 [FXGL Background Thread 3 ] DEBUG Engine               - class com.almasb.fxgl.app.services.IOTaskExecutorService
13:53:30.312 [FXGL Background Thread 3 ] DEBUG Engine               - class com.almasb.fxgl.event.EventBusService
13:53:30.312 [FXGL Background Thread 3 ] DEBUG Engine               - class com.almasb.fxgl.io.FileSystemService
13:53:30.312 [FXGL Background Thread 3 ] DEBUG Engine               - class com.almasb.fxgl.localization.LocalizationService
13:53:30.312 [FXGL Background Thread 3 ] DEBUG Engine               - class com.almasb.fxgl.app.services.SystemBundleService
13:53:30.312 [FXGL Background Thread 3 ] DEBUG Engine               - class com.almasb.fxgl.profile.SaveLoadService
13:53:30.312 [FXGL Background Thread 3 ] DEBUG Engine               - class com.almasb.fxgl.ui.FXGLUIFactoryServiceProvider
13:53:30.312 [FXGL Background Thread 3 ] DEBUG Engine               - class com.almasb.fxgl.ui.FXGLDialogFactoryServiceProvider
13:53:30.312 [FXGL Background Thread 3 ] DEBUG Engine               - class com.almasb.fxgl.audio.AudioPlayer
13:53:30.312 [FXGL Background Thread 3 ] DEBUG Engine               - class com.almasb.fxgl.notification.impl.NotificationServiceProvider
13:53:30.312 [FXGL Background Thread 3 ] DEBUG Engine               - class com.almasb.fxgl.achievement.AchievementService
13:53:30.312 [FXGL Background Thread 3 ] DEBUG Engine               - class com.almasb.fxgl.cutscene.CutsceneService
13:53:30.312 [FXGL Background Thread 3 ] DEBUG Engine               - class com.almasb.fxgl.minigames.MiniGameService
13:53:30.313 [FXGL Background Thread 3 ] DEBUG Engine               - class com.almasb.fxgl.net.NetService
13:53:30.313 [FXGL Background Thread 3 ] DEBUG Engine               - class com.almasb.fxgl.app.services.UpdaterService
13:53:30.313 [FXGL Background Thread 3 ] DEBUG Engine               - class com.almasb.fxgl.dev.DevService
13:53:32.788 [JavaFX Application Thread] DEBUG Input                - Clearing active input actions
13:53:32.794 [JavaFX Application Thread] DEBUG GameApplicationServi - Removing overlay from FXGLIntroScene and adding to FXGLMainMenuDummyScene
13:53:32.794 [JavaFX Application Thread] DEBUG PrimaryStageWindow   - FXGLIntroScene -> FXGLMainMenuDummyScene
13:53:32.794 [JavaFX Application Thread] DEBUG PrimaryStageWindow   - Push state: BattleShipMainMenu
13:53:32.794 [JavaFX Application Thread] DEBUG Input                - Clearing active input actions
13:53:32.796 [JavaFX Application Thread] DEBUG GameApplicationServi - Removing overlay from FXGLMainMenuDummyScene and adding to BattleShipMainMenu
13:53:32.797 [JavaFX Application Thread] DEBUG PrimaryStageWindow   - FXGLMainMenuDummyScene -> BattleShipMainMenu
13:53:33.556 [JavaFX Application Thread] DEBUG PrimaryStageWindow   - Push state: DialogSubScene
13:53:33.556 [JavaFX Application Thread] DEBUG Input                - Clearing active input actions
13:53:33.560 [JavaFX Application Thread] DEBUG GameApplicationServi - Removing overlay from BattleShipMainMenu and adding to DialogSubScene
13:53:33.560 [JavaFX Application Thread] DEBUG PrimaryStageWindow   - BattleShipMainMenu -> DialogSubScene
13:53:42.320 [JavaFX Application Thread] DEBUG PrimaryStageWindow   - Pop state: DialogSubScene
13:53:42.320 [JavaFX Application Thread] DEBUG Input                - Clearing active input actions
13:53:42.321 [JavaFX Application Thread] DEBUG GameApplicationServi - Removing overlay from DialogSubScene and adding to BattleShipMainMenu
13:53:42.321 [JavaFX Application Thread] DEBUG PrimaryStageWindow   - BattleShipMainMenu <- DialogSubScene
13:53:43.136 [JavaFX Application Thread] DEBUG PrimaryStageWindow   - Push state: DialogSubScene
13:53:43.136 [JavaFX Application Thread] DEBUG Input                - Clearing active input actions
13:53:43.136 [JavaFX Application Thread] DEBUG GameApplicationServi - Removing overlay from BattleShipMainMenu and adding to DialogSubScene
13:53:43.137 [JavaFX Application Thread] DEBUG PrimaryStageWindow   - BattleShipMainMenu -> DialogSubScene
13:53:51.928 [JavaFX Application Thread] DEBUG PrimaryStageWindow   - Pop state: DialogSubScene
13:53:51.928 [JavaFX Application Thread] DEBUG Input                - Clearing active input actions
13:53:51.928 [JavaFX Application Thread] DEBUG GameApplicationServi - Removing overlay from DialogSubScene and adding to BattleShipMainMenu
13:53:51.929 [JavaFX Application Thread] DEBUG PrimaryStageWindow   - BattleShipMainMenu <- DialogSubScene
13:53:52.769 [JavaFX Application Thread] DEBUG Menu                 - fireNewGame()
13:53:52.769 [JavaFX Application Thread] DEBUG GameApplicationServi - Starting new game
13:53:52.769 [JavaFX Application Thread] DEBUG PrimaryStageWindow   - Pop state: BattleShipMainMenu
13:53:52.769 [JavaFX Application Thread] DEBUG Input                - Clearing active input actions
13:53:52.769 [JavaFX Application Thread] DEBUG GameApplicationServi - Removing overlay from BattleShipMainMenu and adding to FXGLMainMenuDummyScene
13:53:52.769 [JavaFX Application Thread] DEBUG PrimaryStageWindow   - FXGLMainMenuDummyScene <- BattleShipMainMenu
13:53:52.770 [JavaFX Application Thread] DEBUG Input                - Clearing active input actions
13:53:52.774 [JavaFX Application Thread] DEBUG GameApplicationServi - Removing overlay from FXGLMainMenuDummyScene and adding to FXGLLoadingScene
13:53:52.774 [JavaFX Application Thread] DEBUG PrimaryStageWindow   - FXGLMainMenuDummyScene -> FXGLLoadingScene
13:53:52.774 [JavaFX Application Thread] DEBUG GameApplicationServi - Clearing previous game
13:53:52.774 [JavaFX Application Thread] DEBUG GameScene            - Clearing game scene
13:53:52.774 [JavaFX Application Thread] DEBUG GameWorld            - Clearing game world
13:53:52.774 [JavaFX Application Thread] DEBUG PhysicsWorld         - Clearing physics world
13:53:52.775 [FXGL Background Thread 2 ] DEBUG FXGLApplication      - Initializing game
13:53:52.780 [FXGL Background Thread 2 ] DEBUG FXGLAssetLoaderServi - Loading from file system: file:/D:/battleShip/battleShip_FXGL/target/classes/assets/textures/bg.jpg
13:53:52.811 [FXGL Background Thread 2 ] DEBUG FXGLAssetLoaderServi - Loading from file system: file:/D:/battleShip/battleShip_FXGL/target/classes/assets/textures/ShipContainer.png
13:53:52.814 [FXGL Background Thread 2 ] DEBUG FXGLAssetLoaderServi - Loading from file system: file:/D:/battleShip/battleShip_FXGL/target/classes/assets/textures/ships/ship_b_5_h.png
13:53:52.825 [FXGL Background Thread 2 ] DEBUG FXGLAssetLoaderServi - Loading from file system: file:/D:/battleShip/battleShip_FXGL/target/classes/assets/textures/ships/ship_r_5_h.png
13:53:52.827 [FXGL Background Thread 2 ] DEBUG FXGLAssetLoaderServi - Loading from file system: file:/D:/battleShip/battleShip_FXGL/target/classes/assets/textures/ships/ship_b_4_h.png
13:53:52.828 [FXGL Background Thread 2 ] DEBUG FXGLAssetLoaderServi - Loading from file system: file:/D:/battleShip/battleShip_FXGL/target/classes/assets/textures/ships/ship_r_4_h.png
13:53:52.830 [FXGL Background Thread 2 ] DEBUG FXGLAssetLoaderServi - Loading from file system: file:/D:/battleShip/battleShip_FXGL/target/classes/assets/textures/ships/ship_b_3_2_h.png
13:53:52.831 [FXGL Background Thread 2 ] DEBUG FXGLAssetLoaderServi - Loading from file system: file:/D:/battleShip/battleShip_FXGL/target/classes/assets/textures/ships/ship_r_3_2_h.png
13:53:52.832 [FXGL Background Thread 2 ] DEBUG FXGLAssetLoaderServi - Loading from file system: file:/D:/battleShip/battleShip_FXGL/target/classes/assets/textures/ships/ship_b_3_1_h.png
13:53:52.834 [FXGL Background Thread 2 ] DEBUG FXGLAssetLoaderServi - Loading from file system: file:/D:/battleShip/battleShip_FXGL/target/classes/assets/textures/ships/ship_r_3_1_h.png
13:53:52.835 [FXGL Background Thread 2 ] DEBUG FXGLAssetLoaderServi - Loading from file system: file:/D:/battleShip/battleShip_FXGL/target/classes/assets/textures/ships/ship_b_2_h.png
13:53:52.836 [FXGL Background Thread 2 ] DEBUG FXGLAssetLoaderServi - Loading from file system: file:/D:/battleShip/battleShip_FXGL/target/classes/assets/textures/ships/ship_r_2_h.png
13:53:52.838 [FXGL Background Thread 2 ] DEBUG FXGLAssetLoaderServi - Loading from file system: file:/D:/battleShip/battleShip_FXGL/target/classes/assets/textures/Tile.png
13:53:52.855 [FXGL Background Thread 2 ] INFO  FXGLApplication      - Game initialization took: 0.080 sec
13:53:52.856 [JavaFX Application Thread] DEBUG Input                - Clearing active input actions
13:53:52.860 [JavaFX Application Thread] DEBUG GameApplicationServi - Removing overlay from FXGLLoadingScene and adding to GameScene
13:53:52.860 [JavaFX Application Thread] DEBUG PrimaryStageWindow   - FXGLLoadingScene -> GameScene
13:53:52.862 [JavaFX Application Thread] DEBUG FXGLAssetLoaderServi - Loading from file system: file:/D:/battleShip/battleShip_FXGL/target/classes/assets/textures/bg2.jpg
13:53:52.890 [JavaFX Application Thread] DEBUG PrimaryStageWindow   - Push state: DialogSubScene
13:53:52.890 [JavaFX Application Thread] DEBUG Input                - Clearing active input actions
13:53:52.890 [JavaFX Application Thread] DEBUG GameApplicationServi - Removing overlay from GameScene and adding to DialogSubScene
13:53:52.891 [JavaFX Application Thread] DEBUG PrimaryStageWindow   - GameScene -> DialogSubScene
13:53:55.505 [JavaFX Application Thread] DEBUG PrimaryStageWindow   - Pop state: DialogSubScene
13:53:55.505 [JavaFX Application Thread] DEBUG Input                - Clearing active input actions
13:53:55.506 [JavaFX Application Thread] DEBUG GameApplicationServi - Removing overlay from DialogSubScene and adding to GameScene
13:53:55.506 [JavaFX Application Thread] DEBUG PrimaryStageWindow   - GameScene <- DialogSubScene
13:53:55.506 [JavaFX Application Thread] DEBUG PrimaryStageWindow   - Push state: BluePlayerDeployScene
13:53:55.506 [JavaFX Application Thread] DEBUG Input                - Clearing active input actions
13:53:55.506 [JavaFX Application Thread] DEBUG GameApplicationServi - Removing overlay from GameScene and adding to BluePlayerDeployScene
13:53:55.507 [JavaFX Application Thread] DEBUG PrimaryStageWindow   - GameScene -> BluePlayerDeployScene
13:53:55.507 [JavaFX Application Thread] DEBUG PrimaryStageWindow   - Pop state: BluePlayerDeployScene
13:53:55.507 [JavaFX Application Thread] DEBUG Input                - Clearing active input actions
13:53:55.507 [JavaFX Application Thread] DEBUG GameApplicationServi - Removing overlay from BluePlayerDeployScene and adding to GameScene
13:53:55.507 [JavaFX Application Thread] DEBUG PrimaryStageWindow   - GameScene <- BluePlayerDeployScene
13:54:03.220 [JavaFX Application Thread] DEBUG PrimaryStageWindow   - Push state: DialogSubScene
13:54:03.221 [JavaFX Application Thread] DEBUG Input                - Clearing active input actions
13:54:03.221 [JavaFX Application Thread] DEBUG GameApplicationServi - Removing overlay from GameScene and adding to DialogSubScene
13:54:03.221 [JavaFX Application Thread] DEBUG PrimaryStageWindow   - GameScene -> DialogSubScene
13:54:03.971 [JavaFX Application Thread] DEBUG PrimaryStageWindow   - Pop state: DialogSubScene
13:54:03.971 [JavaFX Application Thread] DEBUG Input                - Clearing active input actions
13:54:03.972 [JavaFX Application Thread] DEBUG GameApplicationServi - Removing overlay from DialogSubScene and adding to GameScene
13:54:03.972 [JavaFX Application Thread] DEBUG PrimaryStageWindow   - GameScene <- DialogSubScene
13:54:03.972 [JavaFX Application Thread] DEBUG PrimaryStageWindow   - Push state: RedPlayerDeployScene
13:54:03.972 [JavaFX Application Thread] DEBUG Input                - Clearing active input actions
13:54:03.972 [JavaFX Application Thread] DEBUG GameApplicationServi - Removing overlay from GameScene and adding to RedPlayerDeployScene
13:54:03.973 [JavaFX Application Thread] DEBUG PrimaryStageWindow   - GameScene -> RedPlayerDeployScene
13:54:03.973 [JavaFX Application Thread] DEBUG PrimaryStageWindow   - Pop state: RedPlayerDeployScene
13:54:03.973 [JavaFX Application Thread] DEBUG Input                - Clearing active input actions
13:54:03.973 [JavaFX Application Thread] DEBUG GameApplicationServi - Removing overlay from RedPlayerDeployScene and adding to GameScene
13:54:03.973 [JavaFX Application Thread] DEBUG PrimaryStageWindow   - GameScene <- RedPlayerDeployScene
13:54:13.490 [JavaFX Application Thread] DEBUG PrimaryStageWindow   - Push state: DialogSubScene
13:54:13.490 [JavaFX Application Thread] DEBUG Input                - Clearing active input actions
13:54:13.491 [JavaFX Application Thread] DEBUG GameApplicationServi - Removing overlay from GameScene and adding to DialogSubScene
13:54:13.491 [JavaFX Application Thread] DEBUG PrimaryStageWindow   - GameScene -> DialogSubScene
13:54:14.027 [JavaFX Application Thread] DEBUG PrimaryStageWindow   - Pop state: DialogSubScene
13:54:14.027 [JavaFX Application Thread] DEBUG Input                - Clearing active input actions
13:54:14.027 [JavaFX Application Thread] DEBUG GameApplicationServi - Removing overlay from DialogSubScene and adding to GameScene
13:54:14.027 [JavaFX Application Thread] DEBUG PrimaryStageWindow   - GameScene <- DialogSubScene
13:54:14.027 [JavaFX Application Thread] DEBUG PrimaryStageWindow   - Push state: RedPlayerScene
13:54:14.030 [JavaFX Application Thread] DEBUG Input                - Clearing active input actions
13:54:14.030 [JavaFX Application Thread] DEBUG GameApplicationServi - Removing overlay from GameScene and adding to RedPlayerScene
13:54:14.030 [JavaFX Application Thread] DEBUG PrimaryStageWindow   - GameScene -> RedPlayerScene
13:54:14.031 [JavaFX Application Thread] DEBUG PrimaryStageWindow   - Pop state: RedPlayerScene
13:54:14.031 [JavaFX Application Thread] DEBUG Input                - Clearing active input actions
13:54:14.031 [JavaFX Application Thread] DEBUG GameApplicationServi - Removing overlay from RedPlayerScene and adding to GameScene
13:54:14.031 [JavaFX Application Thread] DEBUG PrimaryStageWindow   - GameScene <- RedPlayerScene
13:54:14.636 [JavaFX Application Thread] DEBUG FXGLAssetLoaderServi - Loading from file system: file:/D:/battleShip/battleShip_FXGL/target/classes/assets/sounds/shot.wav
13:54:14.641 [JavaFX Application Thread] DEBUG FXGLAssetLoaderServi - Loading from file system: file:/D:/battleShip/battleShip_FXGL/target/classes/assets/textures/Player1.png
13:54:14.932 [JavaFX Application Thread] DEBUG PrimaryStageWindow   - Push state: DialogSubScene
13:54:14.932 [JavaFX Application Thread] DEBUG Input                - Clearing active input actions
13:54:14.932 [JavaFX Application Thread] DEBUG GameApplicationServi - Removing overlay from GameScene and adding to DialogSubScene
13:54:14.932 [JavaFX Application Thread] DEBUG PrimaryStageWindow   - GameScene -> DialogSubScene
13:54:15.709 [JavaFX Application Thread] DEBUG PrimaryStageWindow   - Pop state: DialogSubScene
13:54:15.709 [JavaFX Application Thread] DEBUG Input                - Clearing active input actions
13:54:15.709 [JavaFX Application Thread] DEBUG GameApplicationServi - Removing overlay from DialogSubScene and adding to GameScene
13:54:15.709 [JavaFX Application Thread] DEBUG PrimaryStageWindow   - GameScene <- DialogSubScene
13:54:15.709 [JavaFX Application Thread] DEBUG PrimaryStageWindow   - Push state: BluePlayerScene
13:54:15.710 [JavaFX Application Thread] DEBUG Input                - Clearing active input actions
13:54:15.710 [JavaFX Application Thread] DEBUG GameApplicationServi - Removing overlay from GameScene and adding to BluePlayerScene
13:54:15.710 [JavaFX Application Thread] DEBUG PrimaryStageWindow   - GameScene -> BluePlayerScene
13:54:15.711 [JavaFX Application Thread] DEBUG PrimaryStageWindow   - Pop state: BluePlayerScene
13:54:15.711 [JavaFX Application Thread] DEBUG Input                - Clearing active input actions
13:54:15.711 [JavaFX Application Thread] DEBUG GameApplicationServi - Removing overlay from BluePlayerScene and adding to GameScene
13:54:15.711 [JavaFX Application Thread] DEBUG PrimaryStageWindow   - GameScene <- BluePlayerScene
13:54:16.316 [JavaFX Application Thread] DEBUG FXGLAssetLoaderServi - Loading from file system: file:/D:/battleShip/battleShip_FXGL/target/classes/assets/textures/Player1Hit.png
13:54:16.317 [JavaFX Application Thread] DEBUG FXGLAssetLoaderServi - Loading from file system: file:/D:/battleShip/battleShip_FXGL/target/classes/assets/textures/sprites/explosion.png
13:54:16.324 [JavaFX Application Thread] DEBUG FXGLAssetLoaderServi - Loading from file system: file:/D:/battleShip/battleShip_FXGL/target/classes/assets/sounds/hit.wav
13:54:19.076 [JavaFX Application Thread] DEBUG PrimaryStageWindow   - Push state: DialogSubScene
13:54:19.076 [JavaFX Application Thread] DEBUG Input                - Clearing active input actions
13:54:19.076 [JavaFX Application Thread] DEBUG GameApplicationServi - Removing overlay from GameScene and adding to DialogSubScene
13:54:19.076 [JavaFX Application Thread] DEBUG PrimaryStageWindow   - GameScene -> DialogSubScene
13:54:20.180 [JavaFX Application Thread] DEBUG PrimaryStageWindow   - Pop state: DialogSubScene
13:54:20.180 [JavaFX Application Thread] DEBUG Input                - Clearing active input actions
13:54:20.180 [JavaFX Application Thread] DEBUG GameApplicationServi - Removing overlay from DialogSubScene and adding to GameScene
13:54:20.180 [JavaFX Application Thread] DEBUG PrimaryStageWindow   - GameScene <- DialogSubScene
13:54:20.180 [JavaFX Application Thread] DEBUG PrimaryStageWindow   - Push state: RedPlayerScene
13:54:20.181 [JavaFX Application Thread] DEBUG Input                - Clearing active input actions
13:54:20.181 [JavaFX Application Thread] DEBUG GameApplicationServi - Removing overlay from GameScene and adding to RedPlayerScene
13:54:20.181 [JavaFX Application Thread] DEBUG PrimaryStageWindow   - GameScene -> RedPlayerScene
13:54:20.181 [JavaFX Application Thread] DEBUG PrimaryStageWindow   - Pop state: RedPlayerScene
13:54:20.181 [JavaFX Application Thread] DEBUG Input                - Clearing active input actions
13:54:20.181 [JavaFX Application Thread] DEBUG GameApplicationServi - Removing overlay from RedPlayerScene and adding to GameScene
13:54:20.181 [JavaFX Application Thread] DEBUG PrimaryStageWindow   - GameScene <- RedPlayerScene
13:54:27.603 [JavaFX Application Thread] DEBUG PrimaryStageWindow   - Push state: DialogSubScene
13:54:27.604 [JavaFX Application Thread] DEBUG Input                - Clearing active input actions
13:54:27.604 [JavaFX Application Thread] DEBUG GameApplicationServi - Removing overlay from GameScene and adding to DialogSubScene
13:54:27.604 [JavaFX Application Thread] DEBUG PrimaryStageWindow   - GameScene -> DialogSubScene
13:54:28.456 [JavaFX Application Thread] DEBUG PrimaryStageWindow   - Pop state: DialogSubScene
13:54:28.456 [JavaFX Application Thread] DEBUG Input                - Clearing active input actions
13:54:28.456 [JavaFX Application Thread] DEBUG GameApplicationServi - Removing overlay from DialogSubScene and adding to GameScene
13:54:28.456 [JavaFX Application Thread] DEBUG PrimaryStageWindow   - GameScene <- DialogSubScene
13:54:28.456 [JavaFX Application Thread] DEBUG PrimaryStageWindow   - Push state: BluePlayerScene
13:54:28.457 [JavaFX Application Thread] DEBUG Input                - Clearing active input actions
13:54:28.457 [JavaFX Application Thread] DEBUG GameApplicationServi - Removing overlay from GameScene and adding to BluePlayerScene
13:54:28.457 [JavaFX Application Thread] DEBUG PrimaryStageWindow   - GameScene -> BluePlayerScene
13:54:28.457 [JavaFX Application Thread] DEBUG PrimaryStageWindow   - Pop state: BluePlayerScene
13:54:28.457 [JavaFX Application Thread] DEBUG Input                - Clearing active input actions
13:54:28.457 [JavaFX Application Thread] DEBUG GameApplicationServi - Removing overlay from BluePlayerScene and adding to GameScene
13:54:28.457 [JavaFX Application Thread] DEBUG PrimaryStageWindow   - GameScene <- BluePlayerScene
13:54:31.216 [JavaFX Application Thread] DEBUG FXGLAssetLoaderServi - Loading from file system: file:/D:/battleShip/battleShip_FXGL/target/classes/assets/sounds/explosion.wav
13:54:31.218 [JavaFX Application Thread] DEBUG PrimaryStageWindow   - Push state: DialogSubScene
13:54:31.218 [JavaFX Application Thread] DEBUG Input                - Clearing active input actions
13:54:31.218 [JavaFX Application Thread] DEBUG GameApplicationServi - Removing overlay from GameScene and adding to DialogSubScene
13:54:31.219 [JavaFX Application Thread] DEBUG PrimaryStageWindow   - GameScene -> DialogSubScene
13:54:32.411 [JavaFX Application Thread] DEBUG PrimaryStageWindow   - Pop state: DialogSubScene
13:54:32.411 [JavaFX Application Thread] DEBUG Input                - Clearing active input actions
13:54:32.411 [JavaFX Application Thread] DEBUG GameApplicationServi - Removing overlay from DialogSubScene and adding to GameScene
13:54:32.411 [JavaFX Application Thread] DEBUG PrimaryStageWindow   - GameScene <- DialogSubScene
13:54:34.163 [JavaFX Application Thread] DEBUG PrimaryStageWindow   - Push state: DialogSubScene
13:54:34.164 [JavaFX Application Thread] DEBUG Input                - Clearing active input actions
13:54:34.164 [JavaFX Application Thread] DEBUG GameApplicationServi - Removing overlay from GameScene and adding to DialogSubScene
13:54:34.164 [JavaFX Application Thread] DEBUG PrimaryStageWindow   - GameScene -> DialogSubScene
13:54:34.884 [JavaFX Application Thread] DEBUG PrimaryStageWindow   - Pop state: DialogSubScene
13:54:34.884 [JavaFX Application Thread] DEBUG Input                - Clearing active input actions
13:54:34.884 [JavaFX Application Thread] DEBUG GameApplicationServi - Removing overlay from DialogSubScene and adding to GameScene
13:54:34.884 [JavaFX Application Thread] DEBUG PrimaryStageWindow   - GameScene <- DialogSubScene
13:54:34.884 [JavaFX Application Thread] DEBUG PrimaryStageWindow   - Push state: RedPlayerScene
13:54:34.885 [JavaFX Application Thread] DEBUG Input                - Clearing active input actions
13:54:34.885 [JavaFX Application Thread] DEBUG GameApplicationServi - Removing overlay from GameScene and adding to RedPlayerScene
13:54:34.885 [JavaFX Application Thread] DEBUG PrimaryStageWindow   - GameScene -> RedPlayerScene
13:54:34.885 [JavaFX Application Thread] DEBUG PrimaryStageWindow   - Pop state: RedPlayerScene
13:54:34.885 [JavaFX Application Thread] DEBUG Input                - Clearing active input actions
13:54:34.885 [JavaFX Application Thread] DEBUG GameApplicationServi - Removing overlay from RedPlayerScene and adding to GameScene
13:54:34.885 [JavaFX Application Thread] DEBUG PrimaryStageWindow   - GameScene <- RedPlayerScene
13:54:37.543 [JavaFX Application Thread] DEBUG PrimaryStageWindow   - Push state: DialogSubScene
13:54:37.543 [JavaFX Application Thread] DEBUG Input                - Clearing active input actions
13:54:37.543 [JavaFX Application Thread] DEBUG GameApplicationServi - Removing overlay from GameScene and adding to DialogSubScene
13:54:37.543 [JavaFX Application Thread] DEBUG PrimaryStageWindow   - GameScene -> DialogSubScene
13:54:38.828 [JavaFX Application Thread] DEBUG PrimaryStageWindow   - Pop state: DialogSubScene
13:54:38.828 [JavaFX Application Thread] DEBUG Input                - Clearing active input actions
13:54:38.828 [JavaFX Application Thread] DEBUG GameApplicationServi - Removing overlay from DialogSubScene and adding to GameScene
13:54:38.828 [JavaFX Application Thread] DEBUG PrimaryStageWindow   - GameScene <- DialogSubScene
13:54:39.826 [JavaFX Application Thread] DEBUG PrimaryStageWindow   - Push state: SimpleGameMenu
13:54:39.826 [JavaFX Application Thread] DEBUG Input                - Clearing active input actions
13:54:39.826 [JavaFX Application Thread] DEBUG GameApplicationServi - Removing overlay from GameScene and adding to SimpleGameMenu
13:54:39.826 [JavaFX Application Thread] DEBUG PrimaryStageWindow   - GameScene -> SimpleGameMenu
13:54:40.676 [JavaFX Application Thread] DEBUG Menu                 - fireExitToMainMenu()
13:54:40.677 [JavaFX Application Thread] DEBUG PrimaryStageWindow   - Push state: DialogSubScene
13:54:40.677 [JavaFX Application Thread] DEBUG Input                - Clearing active input actions
13:54:40.677 [JavaFX Application Thread] DEBUG GameApplicationServi - Removing overlay from SimpleGameMenu and adding to DialogSubScene
13:54:40.677 [JavaFX Application Thread] DEBUG PrimaryStageWindow   - SimpleGameMenu -> DialogSubScene
13:54:41.339 [JavaFX Application Thread] DEBUG PrimaryStageWindow   - Pop state: DialogSubScene
13:54:41.339 [JavaFX Application Thread] DEBUG Input                - Clearing active input actions
13:54:41.339 [JavaFX Application Thread] DEBUG GameApplicationServi - Removing overlay from DialogSubScene and adding to SimpleGameMenu
13:54:41.339 [JavaFX Application Thread] DEBUG PrimaryStageWindow   - SimpleGameMenu <- DialogSubScene
13:54:41.340 [JavaFX Application Thread] DEBUG PrimaryStageWindow   - Pop state: SimpleGameMenu
13:54:41.340 [JavaFX Application Thread] DEBUG Input                - Clearing active input actions
13:54:41.340 [JavaFX Application Thread] DEBUG GameApplicationServi - Removing overlay from SimpleGameMenu and adding to GameScene
13:54:41.340 [JavaFX Application Thread] DEBUG PrimaryStageWindow   - GameScene <- SimpleGameMenu
13:54:41.340 [JavaFX Application Thread] DEBUG Input                - Clearing active input actions
13:54:41.343 [JavaFX Application Thread] DEBUG GameApplicationServi - Removing overlay from GameScene and adding to FXGLMainMenuDummyScene
13:54:41.344 [JavaFX Application Thread] DEBUG PrimaryStageWindow   - GameScene -> FXGLMainMenuDummyScene
13:54:41.344 [JavaFX Application Thread] DEBUG PrimaryStageWindow   - Push state: BattleShipMainMenu
13:54:41.344 [JavaFX Application Thread] DEBUG Input                - Clearing active input actions
13:54:41.344 [JavaFX Application Thread] DEBUG GameApplicationServi - Removing overlay from FXGLMainMenuDummyScene and adding to BattleShipMainMenu
13:54:41.344 [JavaFX Application Thread] DEBUG PrimaryStageWindow   - FXGLMainMenuDummyScene -> BattleShipMainMenu
13:54:42.013 [JavaFX Application Thread] DEBUG Menu                 - fireExit()
13:54:42.013 [JavaFX Application Thread] DEBUG PrimaryStageWindow   - Push state: DialogSubScene
13:54:42.013 [JavaFX Application Thread] DEBUG Input                - Clearing active input actions
13:54:42.014 [JavaFX Application Thread] DEBUG GameApplicationServi - Removing overlay from BattleShipMainMenu and adding to DialogSubScene
13:54:42.014 [JavaFX Application Thread] DEBUG PrimaryStageWindow   - BattleShipMainMenu -> DialogSubScene
13:54:42.691 [JavaFX Application Thread] DEBUG PrimaryStageWindow   - Pop state: DialogSubScene
13:54:42.691 [JavaFX Application Thread] DEBUG Input                - Clearing active input actions
13:54:42.691 [JavaFX Application Thread] DEBUG GameApplicationServi - Removing overlay from DialogSubScene and adding to BattleShipMainMenu
13:54:42.691 [JavaFX Application Thread] DEBUG PrimaryStageWindow   - BattleShipMainMenu <- DialogSubScene
13:54:42.691 [JavaFX Application Thread] DEBUG FXGLApplication      - Exiting FXGL
13:54:42.691 [JavaFX Application Thread] DEBUG LoopRunner           - Stopping loop
13:54:42.691 [JavaFX Application Thread] DEBUG SystemBundleService  - Saving FXGL system data
13:54:42.692 [JavaFX Application Thread] DEBUG FileSystemAccess     - Writing to: D:\battleShip\battleShip_FXGL\system\fxgl.bundle
13:54:42.694 [JavaFX Application Thread] DEBUG Async                - Shutting down background threads
13:54:42.694 [JavaFX Application Thread] DEBUG PrimaryStageWindow   - Closing main window
13:54:42.712 [JavaFX Application Thread] DEBUG Logger               - Closing Logger
