10:38:03.548 [main                     ] DEBUG Logger               - Configured Logger
10:38:03.572 [main                     ] DEBUG GameApplication      - Logging settings
Title: BattleShip_FXGL
Version: 0.1
Width: 1920
Height: 1080
Fullscreen: true
Intro: false
Profiling: false
Single step:false
App Mode: DEVELOPER
Menu Key: ESCAPE
Stage Style: DECORATED
Scene Factory: class fi.utu.tech.gui.javafx.fxgl.BattleShipApp$1

10:38:03.929 [JavaFX Application Thread] DEBUG FXGLApplication      - Initializing FXGL
10:38:03.931 [JavaFX Application Thread] INFO  Engine               - FXGL-11.14 (01.03.2021 16.59) on WINDOWS (J:11.0.10 FX:15)
10:38:03.931 [JavaFX Application Thread] DEBUG Engine               - JRE Vendor Name: Amazon.com Inc.
10:38:03.931 [JavaFX Application Thread] DEBUG Engine               - Running on OS: Windows 10 version 10.0
10:38:03.931 [JavaFX Application Thread] DEBUG Engine               - Architecture: amd64
10:38:03.931 [JavaFX Application Thread] INFO  Engine               - Source code and latest versions at: https://github.com/AlmasB/FXGL
10:38:03.932 [JavaFX Application Thread] INFO  Engine               -              Join the FXGL chat at: https://gitter.im/AlmasB/FXGL
10:38:04.005 [JavaFX Application Thread] DEBUG PrimaryStageWindow   - Creating a JavaFX scene
10:38:04.054 [JavaFX Application Thread] DEBUG PrimaryStageWindow   - Target settings size: 1920.0 x 1080.0
10:38:04.054 [JavaFX Application Thread] DEBUG PrimaryStageWindow   - Scaled scene size:    1920.0 x 1080.0
10:38:04.054 [JavaFX Application Thread] DEBUG PrimaryStageWindow   - Scaled ratio: (1.0, 1.0)
10:38:04.055 [JavaFX Application Thread] DEBUG PrimaryStageWindow   - Set initial scene to FXGLStartupScene
10:38:04.060 [JavaFX Application Thread] DEBUG PrimaryStageWindow   - Opening main window
10:38:04.131 [JavaFX Application Thread] DEBUG PrimaryStageWindow   - Window border size: (16.0, 39.0)
10:38:04.132 [JavaFX Application Thread] DEBUG PrimaryStageWindow   - Scaled size: 1920.0 x 1080.0
10:38:04.132 [JavaFX Application Thread] DEBUG PrimaryStageWindow   - Scaled ratio: (1.0, 1.0)
10:38:04.132 [JavaFX Application Thread] DEBUG PrimaryStageWindow   - Scene size: 1920.0 x 1080.0
10:38:04.132 [JavaFX Application Thread] DEBUG PrimaryStageWindow   - Stage size: 1936.0 x 1119.0
10:38:04.209 [JavaFX Application Thread] DEBUG PrimaryStageWindow   - Going fullscreen
10:38:04.216 [FXGL Background Thread 1 ] DEBUG Engine               - Initializing environment variables
10:38:04.258 [FXGL Background Thread 1 ] DEBUG FXGLAssetLoaderServi - User app class for loading assets: class fi.utu.tech.gui.javafx.fxgl.BattleShipApp
10:38:04.258 [FXGL Background Thread 1 ] DEBUG GameApplicationServi - Applying CSS: fxgl_dark.css
10:38:04.259 [FXGL Background Thread 1 ] DEBUG FXGLAssetLoaderServi - Loading from file system: jar:file:///C:/Users/box69/.m2/repository/com/github/almasb/fxgl/11.14/fxgl-11.14.jar!/fxglassets/ui/css/fxgl_dark.css
10:38:04.299 [FXGL Background Thread 1 ] DEBUG GameApplicationServi - Initializing application scenes
10:38:04.364 [FXGL Background Thread 1 ] DEBUG GameWorld            - Game world initialized
10:38:04.413 [FXGL Background Thread 1 ] DEBUG PhysicsWorld         - Physics world initialized: appHeight=1080, physics.ppm=50.0
10:38:04.413 [FXGL Background Thread 1 ] DEBUG PhysicsWorld         - Using strategy: BRUTE_FORCE
10:38:04.415 [FXGL Background Thread 1 ] DEBUG GameScene            - Game scene initialized: 1920x1080
10:38:04.420 [FXGL Background Thread 1 ] DEBUG FXGLAssetLoaderServi - Loading from file system: file:/D:/battleShip/battleShip_FXGL/target/classes/assets/textures/Nebula_Red.png
10:38:04.594 [FXGL Background Thread 1 ] DEBUG FXGLAssetLoaderServi - Loading from file system: jar:file:///C:/Users/box69/.m2/repository/com/github/almasb/fxgl/11.14/fxgl-11.14.jar!/fxglassets/textures/pause_menu_bg.png
10:38:04.618 [FXGL Background Thread 1 ] DEBUG GameApplicationServi - Application scenes initialized
10:38:04.626 [FXGL Background Thread 1 ] DEBUG SystemBundleService  - Loading FXGL system data
10:38:04.628 [FXGL Background Thread 1 ] DEBUG FileSystemAccess     - Reading from: D:\battleShip\battleShip_FXGL\system\fxgl.bundle
10:38:04.632 [FXGL Background Thread 1 ] DEBUG SystemBundleService  - Bundle FXGL: {}
10:38:04.632 [FXGL Background Thread 1 ] DEBUG UpdaterService       - Checking for updates
10:38:04.636 [FXGL Background Thread 4 ] DEBUG FXGLApplication      - Loading fonts
10:38:04.637 [FXGL Background Thread 1 ] DEBUG FXGLApplication      - Loading default localization
10:38:04.637 [FXGL Background Thread 4 ] DEBUG FXGLAssetLoaderServi - Loading from file system: jar:file:///C:/Users/box69/.m2/repository/com/github/almasb/fxgl/11.14/fxgl-11.14.jar!/fxglassets/ui/fonts/VarelaRound-Regular.ttf
10:38:04.637 [FXGL Background Thread 1 ] DEBUG FXGLAssetLoaderServi - Loading from file system: jar:file:///C:/Users/box69/.m2/repository/com/github/almasb/fxgl/11.14/fxgl-11.14.jar!/fxglassets/languages/english.lang
10:38:04.649 [FXGL Background Thread 1 ] INFO  FXGLApplication      - FXGL initialization took: 0.433 sec
10:38:04.662 [JavaFX Application Thread] DEBUG Input                - Registered new binding: Change Scene - Space
10:38:04.663 [JavaFX Application Thread] DEBUG Input                - Registered new binding: action0 - R
10:38:04.664 [JavaFX Application Thread] DEBUG Input                - Registered new binding: Deploy - RMB
10:38:04.665 [JavaFX Application Thread] DEBUG Input                - Registered new binding: Attack - LMB
10:38:04.665 [JavaFX Application Thread] DEBUG FXGLAssetLoaderServi - Loading from file system: file:/D:/battleShip/battleShip_FXGL/target/classes/assets/music/CrashedShip.mp3
10:38:04.828 [JavaFX Application Thread] DEBUG AudioPlayer          - Playing music com.almasb.fxgl.audio.Music@55c4da20
10:38:04.829 [JavaFX Application Thread] DEBUG FXGLAssetLoaderServi - Loading from file system: jar:file:///C:/Users/box69/.m2/repository/com/github/almasb/fxgl/11.14/fxgl-11.14.jar!/fxglassets/textures/fxgl_icon.png
10:38:04.846 [JavaFX Application Thread] DEBUG FXGLAssetLoaderServi - Loading from file system: jar:file:///C:/Users/box69/.m2/repository/com/github/almasb/fxgl/11.14/fxgl-11.14.jar!/fxglassets/ui/cursors/fxgl_default.png
10:38:04.848 [JavaFX Application Thread] DEBUG Input                - Registered new binding: Screenshot - P
10:38:04.849 [JavaFX Application Thread] DEBUG Input                - Registered new binding: System info dump - CTRL+9
10:38:04.849 [JavaFX Application Thread] DEBUG Input                - Registered new binding: Restart - CTRL+R
10:38:04.850 [JavaFX Application Thread] DEBUG Input                - Registered new binding: Toggle Debug Camera - CTRL+C
10:38:04.851 [JavaFX Application Thread] DEBUG LoopRunner           - Starting loop
10:38:04.851 [JavaFX Application Thread] DEBUG LoopRunner           - Initializing JavaFX AnimationTimerLoop
10:38:04.853 [JavaFX Application Thread] DEBUG Input                - Clearing active input actions
10:38:04.861 [JavaFX Application Thread] DEBUG GameApplicationServi - Removing overlay from FXGLStartupScene and adding to FXGLMainMenuDummyScene
10:38:04.861 [JavaFX Application Thread] DEBUG PrimaryStageWindow   - FXGLStartupScene -> FXGLMainMenuDummyScene
10:38:04.862 [JavaFX Application Thread] DEBUG PrimaryStageWindow   - Push state: BattleShipMainMenu
10:38:04.862 [JavaFX Application Thread] DEBUG Input                - Clearing active input actions
10:38:04.865 [JavaFX Application Thread] DEBUG GameApplicationServi - Removing overlay from FXGLMainMenuDummyScene and adding to BattleShipMainMenu
10:38:04.865 [JavaFX Application Thread] DEBUG PrimaryStageWindow   - FXGLMainMenuDummyScene -> BattleShipMainMenu
10:38:05.096 [FXGL Background Thread 4 ] DEBUG FXGLAssetLoaderServi - Loading from file system: jar:file:///C:/Users/box69/.m2/repository/com/github/almasb/fxgl/11.14/fxgl-11.14.jar!/fxglassets/ui/fonts/Abel-Regular.ttf
10:38:05.099 [FXGL Background Thread 4 ] DEBUG FXGLAssetLoaderServi - Loading from file system: jar:file:///C:/Users/box69/.m2/repository/com/github/almasb/fxgl/11.14/fxgl-11.14.jar!/fxglassets/ui/fonts/lucida_console.ttf
10:38:05.103 [FXGL Background Thread 4 ] DEBUG FXGLAssetLoaderServi - Loading from file system: jar:file:///C:/Users/box69/.m2/repository/com/github/almasb/fxgl/11.14/fxgl-11.14.jar!/fxglassets/ui/fonts/Courier-Prime.ttf
10:38:05.107 [JavaFX Application Thread] DEBUG FXGLApplication      - Registering font factories with UI factory
10:38:05.670 [JavaFX Application Thread] DEBUG PrimaryStageWindow   - Push state: DialogSubScene
10:38:05.670 [JavaFX Application Thread] DEBUG Input                - Clearing active input actions
10:38:05.674 [JavaFX Application Thread] DEBUG GameApplicationServi - Removing overlay from BattleShipMainMenu and adding to DialogSubScene
10:38:05.674 [JavaFX Application Thread] DEBUG PrimaryStageWindow   - BattleShipMainMenu -> DialogSubScene
10:38:07.636 [FXGL Background Thread 3 ] DEBUG Engine               - Logging environment variables
10:38:07.636 [FXGL Background Thread 3 ] DEBUG Engine               - achievements: []
10:38:07.637 [FXGL Background Thread 3 ] DEBUG Engine               - actualHeight: 1080.0
10:38:07.637 [FXGL Background Thread 3 ] DEBUG Engine               - actualHeightProperty: ReadOnlyDoubleProperty [value: 1080.0]
10:38:07.637 [FXGL Background Thread 3 ] DEBUG Engine               - actualWidth: 1920.0
10:38:07.637 [FXGL Background Thread 3 ] DEBUG Engine               - actualWidthProperty: ReadOnlyDoubleProperty [value: 1920.0]
10:38:07.637 [FXGL Background Thread 3 ] DEBUG Engine               - appIcon: fxgl_icon.png
10:38:07.637 [FXGL Background Thread 3 ] DEBUG Engine               - applicationMode: DEVELOPER
10:38:07.637 [FXGL Background Thread 3 ] DEBUG Engine               - cSSList: [fxgl_dark.css]
10:38:07.637 [FXGL Background Thread 3 ] DEBUG Engine               - collisionDetectionStrategy: BRUTE_FORCE
10:38:07.637 [FXGL Background Thread 3 ] DEBUG Engine               - configClass: Optional.empty
10:38:07.637 [FXGL Background Thread 3 ] DEBUG Engine               - credits: []
10:38:07.637 [FXGL Background Thread 3 ] DEBUG Engine               - devBBoxColorProperty: ObjectProperty [value: 0xff0000ff]
10:38:07.637 [FXGL Background Thread 3 ] DEBUG Engine               - devEnableDebugCameraProperty: BooleanProperty [value: false]
10:38:07.637 [FXGL Background Thread 3 ] DEBUG Engine               - devSensorColorProperty: ObjectProperty [value: 0xffff00ff]
10:38:07.638 [FXGL Background Thread 3 ] DEBUG Engine               - devShowBBoxProperty: BooleanProperty [value: false]
10:38:07.638 [FXGL Background Thread 3 ] DEBUG Engine               - devShowPositionProperty: BooleanProperty [value: false]
10:38:07.638 [FXGL Background Thread 3 ] DEBUG Engine               - enabledMenuItems: []
10:38:07.638 [FXGL Background Thread 3 ] DEBUG Engine               - engineServices: [class com.almasb.fxgl.app.services.FXGLAssetLoaderService, class com.almasb.fxgl.app.FXGLApplication$GameApplicationService, class com.almasb.fxgl.app.services.FXGLDialogService, class com.almasb.fxgl.app.services.IOTaskExecutorService, class com.almasb.fxgl.event.EventBusService, class com.almasb.fxgl.io.FileSystemService, class com.almasb.fxgl.localization.LocalizationService, class com.almasb.fxgl.app.services.SystemBundleService, class com.almasb.fxgl.profile.SaveLoadService, class com.almasb.fxgl.ui.FXGLUIFactoryServiceProvider, class com.almasb.fxgl.ui.FXGLDialogFactoryServiceProvider, class com.almasb.fxgl.audio.AudioPlayer, class com.almasb.fxgl.notification.impl.NotificationServiceProvider, class com.almasb.fxgl.achievement.AchievementService, class com.almasb.fxgl.cutscene.CutsceneService, class com.almasb.fxgl.minigames.MiniGameService, class com.almasb.fxgl.net.NetService, class com.almasb.fxgl.app.services.UpdaterService, class com.almasb.fxgl.dev.DevService]
10:38:07.638 [FXGL Background Thread 3 ] DEBUG Engine               - fontGame: Abel-Regular.ttf
10:38:07.638 [FXGL Background Thread 3 ] DEBUG Engine               - fontMono: lucida_console.ttf
10:38:07.638 [FXGL Background Thread 3 ] DEBUG Engine               - fontText: Courier-Prime.ttf
10:38:07.638 [FXGL Background Thread 3 ] DEBUG Engine               - fontUI: VarelaRound-Regular.ttf
10:38:07.638 [FXGL Background Thread 3 ] DEBUG Engine               - fullScreen: BooleanProperty [value: true]
10:38:07.638 [FXGL Background Thread 3 ] DEBUG Engine               - gameDifficulty: MEDIUM
10:38:07.638 [FXGL Background Thread 3 ] DEBUG Engine               - gameDifficultyProperty: ObjectProperty [value: MEDIUM]
10:38:07.638 [FXGL Background Thread 3 ] DEBUG Engine               - globalMusicVolume: 0.5
10:38:07.638 [FXGL Background Thread 3 ] DEBUG Engine               - globalMusicVolumeProperty: DoubleProperty [value: 0.2]
10:38:07.639 [FXGL Background Thread 3 ] DEBUG Engine               - globalSoundVolume: 0.5
10:38:07.639 [FXGL Background Thread 3 ] DEBUG Engine               - globalSoundVolumeProperty: DoubleProperty [value: 0.5]
10:38:07.639 [FXGL Background Thread 3 ] DEBUG Engine               - height: 1080
10:38:07.639 [FXGL Background Thread 3 ] DEBUG Engine               - isAndroid: false
10:38:07.639 [FXGL Background Thread 3 ] DEBUG Engine               - isBrowser: false
10:38:07.639 [FXGL Background Thread 3 ] DEBUG Engine               - isClickFeedbackEnabled: false
10:38:07.639 [FXGL Background Thread 3 ] DEBUG Engine               - isCloseConfirmation: false
10:38:07.639 [FXGL Background Thread 3 ] DEBUG Engine               - isDesktop: true
10:38:07.639 [FXGL Background Thread 3 ] DEBUG Engine               - isDeveloperMenuEnabled: false
10:38:07.639 [FXGL Background Thread 3 ] DEBUG Engine               - isEntityPreloadEnabled: true
10:38:07.639 [FXGL Background Thread 3 ] DEBUG Engine               - isExperimental3D: false
10:38:07.640 [FXGL Background Thread 3 ] DEBUG Engine               - isExperimentalNative: false
10:38:07.640 [FXGL Background Thread 3 ] DEBUG Engine               - isExperimentalTiledLargeMap: false
10:38:07.640 [FXGL Background Thread 3 ] DEBUG Engine               - isFileSystemWriteAllowed: true
10:38:07.640 [FXGL Background Thread 3 ] DEBUG Engine               - isFullScreenAllowed: true
10:38:07.640 [FXGL Background Thread 3 ] DEBUG Engine               - isFullScreenFromStart: true
10:38:07.640 [FXGL Background Thread 3 ] DEBUG Engine               - isGameMenuEnabled: true
10:38:07.640 [FXGL Background Thread 3 ] DEBUG Engine               - isIOS: false
10:38:07.640 [FXGL Background Thread 3 ] DEBUG Engine               - isIntroEnabled: false
10:38:07.640 [FXGL Background Thread 3 ] DEBUG Engine               - isLinux: false
10:38:07.640 [FXGL Background Thread 3 ] DEBUG Engine               - isMac: false
10:38:07.640 [FXGL Background Thread 3 ] DEBUG Engine               - isMainMenuEnabled: true
10:38:07.640 [FXGL Background Thread 3 ] DEBUG Engine               - isManualResizeEnabled: false
10:38:07.641 [FXGL Background Thread 3 ] DEBUG Engine               - isMobile: false
10:38:07.641 [FXGL Background Thread 3 ] DEBUG Engine               - isPreserveResizeRatio: false
10:38:07.641 [FXGL Background Thread 3 ] DEBUG Engine               - isProfilingEnabled: false
10:38:07.641 [FXGL Background Thread 3 ] DEBUG Engine               - isScaleAffectedOnResize: true
10:38:07.641 [FXGL Background Thread 3 ] DEBUG Engine               - isSingleStep: false
10:38:07.641 [FXGL Background Thread 3 ] DEBUG Engine               - isUserProfileEnabled: false
10:38:07.641 [FXGL Background Thread 3 ] DEBUG Engine               - isWindows: true
10:38:07.641 [FXGL Background Thread 3 ] DEBUG Engine               - language: ObjectProperty [value: ENGLISH]
10:38:07.641 [FXGL Background Thread 3 ] DEBUG Engine               - menuKey: ESCAPE
10:38:07.641 [FXGL Background Thread 3 ] DEBUG Engine               - notificationViewClass: class com.almasb.fxgl.notification.view.XboxNotificationView
10:38:07.641 [FXGL Background Thread 3 ] DEBUG Engine               - pixelsPerMeter: 50.0
10:38:07.641 [FXGL Background Thread 3 ] DEBUG Engine               - platform: WINDOWS
10:38:07.641 [FXGL Background Thread 3 ] DEBUG Engine               - prefHeightProperty: ReadOnlyDoubleProperty [value: 1080.0]
10:38:07.641 [FXGL Background Thread 3 ] DEBUG Engine               - prefWidthProperty: ReadOnlyDoubleProperty [value: 1920.0]
10:38:07.641 [FXGL Background Thread 3 ] DEBUG Engine               - profileDir: profiles/
10:38:07.642 [FXGL Background Thread 3 ] DEBUG Engine               - profileName: StringProperty [value: DEFAULT]
10:38:07.642 [FXGL Background Thread 3 ] DEBUG Engine               - randomSeed: -1
10:38:07.642 [FXGL Background Thread 3 ] DEBUG Engine               - runtimeInfo: RuntimeInfo(platform=WINDOWS, version=11.14, build=01.03.2021 16.59)
10:38:07.642 [FXGL Background Thread 3 ] DEBUG Engine               - saveFileExt: sav
10:38:07.642 [FXGL Background Thread 3 ] DEBUG Engine               - scaledHeightProp$fxgl: DoubleProperty [bound, value: 1080.0]
10:38:07.642 [FXGL Background Thread 3 ] DEBUG Engine               - scaledWidthProp$fxgl: DoubleProperty [bound, value: 1920.0]
10:38:07.642 [FXGL Background Thread 3 ] DEBUG Engine               - sceneFactory: fi.utu.tech.gui.javafx.fxgl.BattleShipApp$1@6c5983bd
10:38:07.642 [FXGL Background Thread 3 ] DEBUG Engine               - secondsIn24h: 60
10:38:07.642 [FXGL Background Thread 3 ] DEBUG Engine               - soundMenuBack: menu/back.wav
10:38:07.642 [FXGL Background Thread 3 ] DEBUG Engine               - soundMenuPress: menu/press.wav
10:38:07.642 [FXGL Background Thread 3 ] DEBUG Engine               - soundMenuSelect: menu/select.wav
10:38:07.642 [FXGL Background Thread 3 ] DEBUG Engine               - soundNotification: core/notification.wav
10:38:07.642 [FXGL Background Thread 3 ] DEBUG Engine               - stageStyle: DECORATED
10:38:07.642 [FXGL Background Thread 3 ] DEBUG Engine               - supportedLanguages: [ENGLISH, FRENCH, GERMAN, HUNGARIAN, RUSSIAN]
10:38:07.642 [FXGL Background Thread 3 ] DEBUG Engine               - ticksPerSecond: -1
10:38:07.642 [FXGL Background Thread 3 ] DEBUG Engine               - title: BattleShip_FXGL
10:38:07.642 [FXGL Background Thread 3 ] DEBUG Engine               - urlGithub: https://github.com/AlmasB/FXGL
10:38:07.643 [FXGL Background Thread 3 ] DEBUG Engine               - urlLeaderboard: http://fxgl-top.herokuapp.com/
10:38:07.643 [FXGL Background Thread 3 ] DEBUG Engine               - urlPOM: https://raw.githubusercontent.com/AlmasB/FXGL/release/README.md
10:38:07.643 [FXGL Background Thread 3 ] DEBUG Engine               - userAppClass: class fi.utu.tech.gui.javafx.fxgl.BattleShipApp
10:38:07.643 [FXGL Background Thread 3 ] DEBUG Engine               - version: 0.1
10:38:07.643 [FXGL Background Thread 3 ] DEBUG Engine               - versionCheckDays: 7
10:38:07.643 [FXGL Background Thread 3 ] DEBUG Engine               - width: 1920
10:38:07.643 [FXGL Background Thread 3 ] DEBUG Engine               - Logging services
10:38:07.643 [FXGL Background Thread 3 ] DEBUG Engine               - class com.almasb.fxgl.app.services.FXGLAssetLoaderService
10:38:07.643 [FXGL Background Thread 3 ] DEBUG Engine               - class com.almasb.fxgl.app.FXGLApplication$GameApplicationService
10:38:07.643 [FXGL Background Thread 3 ] DEBUG Engine               - class com.almasb.fxgl.app.services.FXGLDialogService
10:38:07.643 [FXGL Background Thread 3 ] DEBUG Engine               - class com.almasb.fxgl.app.services.IOTaskExecutorService
10:38:07.643 [FXGL Background Thread 3 ] DEBUG Engine               - class com.almasb.fxgl.event.EventBusService
10:38:07.643 [FXGL Background Thread 3 ] DEBUG Engine               - class com.almasb.fxgl.io.FileSystemService
10:38:07.643 [FXGL Background Thread 3 ] DEBUG Engine               - class com.almasb.fxgl.localization.LocalizationService
10:38:07.643 [FXGL Background Thread 3 ] DEBUG Engine               - class com.almasb.fxgl.app.services.SystemBundleService
10:38:07.643 [FXGL Background Thread 3 ] DEBUG Engine               - class com.almasb.fxgl.profile.SaveLoadService
10:38:07.643 [FXGL Background Thread 3 ] DEBUG Engine               - class com.almasb.fxgl.ui.FXGLUIFactoryServiceProvider
10:38:07.643 [FXGL Background Thread 3 ] DEBUG Engine               - class com.almasb.fxgl.ui.FXGLDialogFactoryServiceProvider
10:38:07.643 [FXGL Background Thread 3 ] DEBUG Engine               - class com.almasb.fxgl.audio.AudioPlayer
10:38:07.643 [FXGL Background Thread 3 ] DEBUG Engine               - class com.almasb.fxgl.notification.impl.NotificationServiceProvider
10:38:07.643 [FXGL Background Thread 3 ] DEBUG Engine               - class com.almasb.fxgl.achievement.AchievementService
10:38:07.643 [FXGL Background Thread 3 ] DEBUG Engine               - class com.almasb.fxgl.cutscene.CutsceneService
10:38:07.644 [FXGL Background Thread 3 ] DEBUG Engine               - class com.almasb.fxgl.minigames.MiniGameService
10:38:07.644 [FXGL Background Thread 3 ] DEBUG Engine               - class com.almasb.fxgl.net.NetService
10:38:07.644 [FXGL Background Thread 3 ] DEBUG Engine               - class com.almasb.fxgl.app.services.UpdaterService
10:38:07.644 [FXGL Background Thread 3 ] DEBUG Engine               - class com.almasb.fxgl.dev.DevService
10:38:13.010 [JavaFX Application Thread] DEBUG PrimaryStageWindow   - Pop state: DialogSubScene
10:38:13.010 [JavaFX Application Thread] DEBUG Input                - Clearing active input actions
10:38:13.010 [JavaFX Application Thread] DEBUG GameApplicationServi - Removing overlay from DialogSubScene and adding to BattleShipMainMenu
10:38:13.011 [JavaFX Application Thread] DEBUG PrimaryStageWindow   - BattleShipMainMenu <- DialogSubScene
10:38:13.368 [JavaFX Application Thread] DEBUG Menu                 - fireNewGame()
10:38:13.369 [JavaFX Application Thread] DEBUG GameApplicationServi - Starting new game
10:38:13.369 [JavaFX Application Thread] DEBUG PrimaryStageWindow   - Pop state: BattleShipMainMenu
10:38:13.369 [JavaFX Application Thread] DEBUG Input                - Clearing active input actions
10:38:13.369 [JavaFX Application Thread] DEBUG GameApplicationServi - Removing overlay from BattleShipMainMenu and adding to FXGLMainMenuDummyScene
10:38:13.369 [JavaFX Application Thread] DEBUG PrimaryStageWindow   - FXGLMainMenuDummyScene <- BattleShipMainMenu
10:38:13.369 [JavaFX Application Thread] DEBUG Input                - Clearing active input actions
10:38:13.374 [JavaFX Application Thread] DEBUG GameApplicationServi - Removing overlay from FXGLMainMenuDummyScene and adding to FXGLLoadingScene
10:38:13.374 [JavaFX Application Thread] DEBUG PrimaryStageWindow   - FXGLMainMenuDummyScene -> FXGLLoadingScene
10:38:13.374 [JavaFX Application Thread] DEBUG GameApplicationServi - Clearing previous game
10:38:13.374 [JavaFX Application Thread] DEBUG GameScene            - Clearing game scene
10:38:13.375 [JavaFX Application Thread] DEBUG GameWorld            - Clearing game world
10:38:13.375 [JavaFX Application Thread] DEBUG PhysicsWorld         - Clearing physics world
10:38:13.375 [FXGL Background Thread 2 ] DEBUG FXGLApplication      - Initializing game
10:38:13.381 [FXGL Background Thread 2 ] DEBUG FXGLAssetLoaderServi - Loading from file system: file:/D:/battleShip/battleShip_FXGL/target/classes/assets/textures/bg.jpg
10:38:13.412 [FXGL Background Thread 2 ] DEBUG FXGLAssetLoaderServi - Loading from file system: file:/D:/battleShip/battleShip_FXGL/target/classes/assets/textures/ShipContainer.png
10:38:13.416 [FXGL Background Thread 2 ] DEBUG FXGLAssetLoaderServi - Loading from file system: file:/D:/battleShip/battleShip_FXGL/target/classes/assets/textures/ships/ship_b_5_h.png
10:38:13.430 [FXGL Background Thread 2 ] DEBUG FXGLAssetLoaderServi - Loading from file system: file:/D:/battleShip/battleShip_FXGL/target/classes/assets/textures/ships/ship_r_5_h.png
10:38:13.433 [FXGL Background Thread 2 ] DEBUG FXGLAssetLoaderServi - Loading from file system: file:/D:/battleShip/battleShip_FXGL/target/classes/assets/textures/ships/ship_b_4_h.png
10:38:13.436 [FXGL Background Thread 2 ] DEBUG FXGLAssetLoaderServi - Loading from file system: file:/D:/battleShip/battleShip_FXGL/target/classes/assets/textures/ships/ship_r_4_h.png
10:38:13.439 [FXGL Background Thread 2 ] DEBUG FXGLAssetLoaderServi - Loading from file system: file:/D:/battleShip/battleShip_FXGL/target/classes/assets/textures/ships/ship_b_3_2_h.png
10:38:13.442 [FXGL Background Thread 2 ] DEBUG FXGLAssetLoaderServi - Loading from file system: file:/D:/battleShip/battleShip_FXGL/target/classes/assets/textures/ships/ship_r_3_2_h.png
10:38:13.444 [FXGL Background Thread 2 ] DEBUG FXGLAssetLoaderServi - Loading from file system: file:/D:/battleShip/battleShip_FXGL/target/classes/assets/textures/ships/ship_b_3_1_h.png
10:38:13.446 [FXGL Background Thread 2 ] DEBUG FXGLAssetLoaderServi - Loading from file system: file:/D:/battleShip/battleShip_FXGL/target/classes/assets/textures/ships/ship_r_3_1_h.png
10:38:13.449 [FXGL Background Thread 2 ] DEBUG FXGLAssetLoaderServi - Loading from file system: file:/D:/battleShip/battleShip_FXGL/target/classes/assets/textures/ships/ship_b_2_h.png
10:38:13.450 [FXGL Background Thread 2 ] DEBUG FXGLAssetLoaderServi - Loading from file system: file:/D:/battleShip/battleShip_FXGL/target/classes/assets/textures/ships/ship_r_2_h.png
10:38:13.452 [FXGL Background Thread 2 ] DEBUG FXGLAssetLoaderServi - Loading from file system: file:/D:/battleShip/battleShip_FXGL/target/classes/assets/textures/Tile.png
10:38:13.473 [FXGL Background Thread 2 ] INFO  FXGLApplication      - Game initialization took: 0.097 sec
10:38:13.476 [JavaFX Application Thread] DEBUG Input                - Clearing active input actions
10:38:13.481 [JavaFX Application Thread] DEBUG GameApplicationServi - Removing overlay from FXGLLoadingScene and adding to GameScene
10:38:13.481 [JavaFX Application Thread] DEBUG PrimaryStageWindow   - FXGLLoadingScene -> GameScene
10:38:13.490 [JavaFX Application Thread] DEBUG FXGLAssetLoaderServi - Loading from file system: file:/D:/battleShip/battleShip_FXGL/target/classes/assets/textures/bg2.jpg
10:38:13.517 [JavaFX Application Thread] DEBUG PrimaryStageWindow   - Push state: DialogSubScene
10:38:13.517 [JavaFX Application Thread] DEBUG Input                - Clearing active input actions
10:38:13.518 [JavaFX Application Thread] DEBUG GameApplicationServi - Removing overlay from GameScene and adding to DialogSubScene
10:38:13.518 [JavaFX Application Thread] DEBUG PrimaryStageWindow   - GameScene -> DialogSubScene
10:38:14.744 [JavaFX Application Thread] DEBUG PrimaryStageWindow   - Pop state: DialogSubScene
10:38:14.744 [JavaFX Application Thread] DEBUG Input                - Clearing active input actions
10:38:14.744 [JavaFX Application Thread] DEBUG GameApplicationServi - Removing overlay from DialogSubScene and adding to GameScene
10:38:14.744 [JavaFX Application Thread] DEBUG PrimaryStageWindow   - GameScene <- DialogSubScene
10:38:15.266 [JavaFX Application Thread] DEBUG PrimaryStageWindow   - Push state: DialogSubScene
10:38:15.266 [JavaFX Application Thread] DEBUG Input                - Clearing active input actions
10:38:15.267 [JavaFX Application Thread] DEBUG GameApplicationServi - Removing overlay from GameScene and adding to DialogSubScene
10:38:15.267 [JavaFX Application Thread] DEBUG PrimaryStageWindow   - GameScene -> DialogSubScene
10:38:17.643 [JavaFX Application Thread] DEBUG PrimaryStageWindow   - Pop state: DialogSubScene
10:38:17.643 [JavaFX Application Thread] DEBUG Input                - Clearing active input actions
10:38:17.643 [JavaFX Application Thread] DEBUG GameApplicationServi - Removing overlay from DialogSubScene and adding to GameScene
10:38:17.643 [JavaFX Application Thread] DEBUG PrimaryStageWindow   - GameScene <- DialogSubScene
10:38:17.643 [JavaFX Application Thread] DEBUG PrimaryStageWindow   - Push state: BluePlayerDeployScene
10:38:17.644 [JavaFX Application Thread] DEBUG Input                - Clearing active input actions
10:38:17.644 [JavaFX Application Thread] DEBUG GameApplicationServi - Removing overlay from GameScene and adding to BluePlayerDeployScene
10:38:17.644 [JavaFX Application Thread] DEBUG PrimaryStageWindow   - GameScene -> BluePlayerDeployScene
10:38:17.644 [JavaFX Application Thread] DEBUG PrimaryStageWindow   - Pop state: BluePlayerDeployScene
10:38:17.644 [JavaFX Application Thread] DEBUG Input                - Clearing active input actions
10:38:17.644 [JavaFX Application Thread] DEBUG GameApplicationServi - Removing overlay from BluePlayerDeployScene and adding to GameScene
10:38:17.644 [JavaFX Application Thread] DEBUG PrimaryStageWindow   - GameScene <- BluePlayerDeployScene
10:38:18.146 [JavaFX Application Thread] DEBUG PrimaryStageWindow   - Push state: DialogSubScene
10:38:18.146 [JavaFX Application Thread] DEBUG Input                - Clearing active input actions
10:38:18.147 [JavaFX Application Thread] DEBUG GameApplicationServi - Removing overlay from GameScene and adding to DialogSubScene
10:38:18.147 [JavaFX Application Thread] DEBUG PrimaryStageWindow   - GameScene -> DialogSubScene
10:38:19.312 [JavaFX Application Thread] DEBUG PrimaryStageWindow   - Pop state: DialogSubScene
10:38:19.312 [JavaFX Application Thread] DEBUG Input                - Clearing active input actions
10:38:19.313 [JavaFX Application Thread] DEBUG GameApplicationServi - Removing overlay from DialogSubScene and adding to GameScene
10:38:19.313 [JavaFX Application Thread] DEBUG PrimaryStageWindow   - GameScene <- DialogSubScene
10:38:19.810 [JavaFX Application Thread] DEBUG PrimaryStageWindow   - Push state: DialogSubScene
10:38:19.810 [JavaFX Application Thread] DEBUG Input                - Clearing active input actions
10:38:19.810 [JavaFX Application Thread] DEBUG GameApplicationServi - Removing overlay from GameScene and adding to DialogSubScene
10:38:19.810 [JavaFX Application Thread] DEBUG PrimaryStageWindow   - GameScene -> DialogSubScene
10:38:20.782 [JavaFX Application Thread] DEBUG PrimaryStageWindow   - Pop state: DialogSubScene
10:38:20.783 [JavaFX Application Thread] DEBUG Input                - Clearing active input actions
10:38:20.783 [JavaFX Application Thread] DEBUG GameApplicationServi - Removing overlay from DialogSubScene and adding to GameScene
10:38:20.783 [JavaFX Application Thread] DEBUG PrimaryStageWindow   - GameScene <- DialogSubScene
10:38:21.298 [JavaFX Application Thread] DEBUG PrimaryStageWindow   - Push state: DialogSubScene
10:38:21.298 [JavaFX Application Thread] DEBUG Input                - Clearing active input actions
10:38:21.298 [JavaFX Application Thread] DEBUG GameApplicationServi - Removing overlay from GameScene and adding to DialogSubScene
10:38:21.299 [JavaFX Application Thread] DEBUG PrimaryStageWindow   - GameScene -> DialogSubScene
10:38:22.081 [JavaFX Application Thread] DEBUG PrimaryStageWindow   - Pop state: DialogSubScene
10:38:22.081 [JavaFX Application Thread] DEBUG Input                - Clearing active input actions
10:38:22.081 [JavaFX Application Thread] DEBUG GameApplicationServi - Removing overlay from DialogSubScene and adding to GameScene
10:38:22.081 [JavaFX Application Thread] DEBUG PrimaryStageWindow   - GameScene <- DialogSubScene
10:38:22.594 [JavaFX Application Thread] DEBUG PrimaryStageWindow   - Push state: DialogSubScene
10:38:22.594 [JavaFX Application Thread] DEBUG Input                - Clearing active input actions
10:38:22.594 [JavaFX Application Thread] DEBUG GameApplicationServi - Removing overlay from GameScene and adding to DialogSubScene
10:38:22.594 [JavaFX Application Thread] DEBUG PrimaryStageWindow   - GameScene -> DialogSubScene
10:38:23.197 [JavaFX Application Thread] DEBUG PrimaryStageWindow   - Pop state: DialogSubScene
10:38:23.197 [JavaFX Application Thread] DEBUG Input                - Clearing active input actions
10:38:23.197 [JavaFX Application Thread] DEBUG GameApplicationServi - Removing overlay from DialogSubScene and adding to GameScene
10:38:23.197 [JavaFX Application Thread] DEBUG PrimaryStageWindow   - GameScene <- DialogSubScene
10:38:23.714 [JavaFX Application Thread] DEBUG PrimaryStageWindow   - Push state: DialogSubScene
10:38:23.714 [JavaFX Application Thread] DEBUG Input                - Clearing active input actions
10:38:23.714 [JavaFX Application Thread] DEBUG GameApplicationServi - Removing overlay from GameScene and adding to DialogSubScene
10:38:23.715 [JavaFX Application Thread] DEBUG PrimaryStageWindow   - GameScene -> DialogSubScene
10:38:24.512 [JavaFX Application Thread] DEBUG PrimaryStageWindow   - Pop state: DialogSubScene
10:38:24.512 [JavaFX Application Thread] DEBUG Input                - Clearing active input actions
10:38:24.512 [JavaFX Application Thread] DEBUG GameApplicationServi - Removing overlay from DialogSubScene and adding to GameScene
10:38:24.512 [JavaFX Application Thread] DEBUG PrimaryStageWindow   - GameScene <- DialogSubScene
10:38:24.512 [JavaFX Application Thread] DEBUG PrimaryStageWindow   - Push state: RedPlayerDeployScene
10:38:24.512 [JavaFX Application Thread] DEBUG Input                - Clearing active input actions
10:38:24.513 [JavaFX Application Thread] DEBUG GameApplicationServi - Removing overlay from GameScene and adding to RedPlayerDeployScene
10:38:24.513 [JavaFX Application Thread] DEBUG PrimaryStageWindow   - GameScene -> RedPlayerDeployScene
10:38:24.513 [JavaFX Application Thread] DEBUG PrimaryStageWindow   - Pop state: RedPlayerDeployScene
10:38:24.513 [JavaFX Application Thread] DEBUG Input                - Clearing active input actions
10:38:24.513 [JavaFX Application Thread] DEBUG GameApplicationServi - Removing overlay from RedPlayerDeployScene and adding to GameScene
10:38:24.513 [JavaFX Application Thread] DEBUG PrimaryStageWindow   - GameScene <- RedPlayerDeployScene
10:38:25.026 [JavaFX Application Thread] DEBUG PrimaryStageWindow   - Push state: DialogSubScene
10:38:25.026 [JavaFX Application Thread] DEBUG Input                - Clearing active input actions
10:38:25.027 [JavaFX Application Thread] DEBUG GameApplicationServi - Removing overlay from GameScene and adding to DialogSubScene
10:38:25.027 [JavaFX Application Thread] DEBUG PrimaryStageWindow   - GameScene -> DialogSubScene
10:38:26.802 [JavaFX Application Thread] DEBUG PrimaryStageWindow   - Pop state: DialogSubScene
10:38:26.803 [JavaFX Application Thread] DEBUG Input                - Clearing active input actions
10:38:26.803 [JavaFX Application Thread] DEBUG GameApplicationServi - Removing overlay from DialogSubScene and adding to GameScene
10:38:26.803 [JavaFX Application Thread] DEBUG PrimaryStageWindow   - GameScene <- DialogSubScene
10:38:27.248 [JavaFX Application Thread] DEBUG PrimaryStageWindow   - Push state: SimpleGameMenu
10:38:27.248 [JavaFX Application Thread] DEBUG Input                - Clearing active input actions
10:38:27.249 [JavaFX Application Thread] DEBUG GameApplicationServi - Removing overlay from GameScene and adding to SimpleGameMenu
10:38:27.249 [JavaFX Application Thread] DEBUG PrimaryStageWindow   - GameScene -> SimpleGameMenu
10:38:27.831 [JavaFX Application Thread] DEBUG Menu                 - fireExitToMainMenu()
10:38:27.832 [JavaFX Application Thread] DEBUG PrimaryStageWindow   - Push state: DialogSubScene
10:38:27.832 [JavaFX Application Thread] DEBUG Input                - Clearing active input actions
10:38:27.832 [JavaFX Application Thread] DEBUG GameApplicationServi - Removing overlay from SimpleGameMenu and adding to DialogSubScene
10:38:27.832 [JavaFX Application Thread] DEBUG PrimaryStageWindow   - SimpleGameMenu -> DialogSubScene
10:38:28.244 [JavaFX Application Thread] DEBUG PrimaryStageWindow   - Pop state: DialogSubScene
10:38:28.245 [JavaFX Application Thread] DEBUG Input                - Clearing active input actions
10:38:28.245 [JavaFX Application Thread] DEBUG GameApplicationServi - Removing overlay from DialogSubScene and adding to SimpleGameMenu
10:38:28.245 [JavaFX Application Thread] DEBUG PrimaryStageWindow   - SimpleGameMenu <- DialogSubScene
10:38:28.245 [JavaFX Application Thread] DEBUG PrimaryStageWindow   - Pop state: SimpleGameMenu
10:38:28.245 [JavaFX Application Thread] DEBUG Input                - Clearing active input actions
10:38:28.245 [JavaFX Application Thread] DEBUG GameApplicationServi - Removing overlay from SimpleGameMenu and adding to GameScene
10:38:28.245 [JavaFX Application Thread] DEBUG PrimaryStageWindow   - GameScene <- SimpleGameMenu
10:38:28.245 [JavaFX Application Thread] DEBUG Input                - Clearing active input actions
10:38:28.248 [JavaFX Application Thread] DEBUG GameApplicationServi - Removing overlay from GameScene and adding to FXGLMainMenuDummyScene
10:38:28.249 [JavaFX Application Thread] DEBUG PrimaryStageWindow   - GameScene -> FXGLMainMenuDummyScene
10:38:28.249 [JavaFX Application Thread] DEBUG PrimaryStageWindow   - Push state: BattleShipMainMenu
10:38:28.249 [JavaFX Application Thread] DEBUG Input                - Clearing active input actions
10:38:28.249 [JavaFX Application Thread] DEBUG GameApplicationServi - Removing overlay from FXGLMainMenuDummyScene and adding to BattleShipMainMenu
10:38:28.249 [JavaFX Application Thread] DEBUG PrimaryStageWindow   - FXGLMainMenuDummyScene -> BattleShipMainMenu
10:38:28.866 [JavaFX Application Thread] DEBUG Menu                 - fireExit()
10:38:28.867 [JavaFX Application Thread] DEBUG PrimaryStageWindow   - Push state: DialogSubScene
10:38:28.867 [JavaFX Application Thread] DEBUG Input                - Clearing active input actions
10:38:28.868 [JavaFX Application Thread] DEBUG GameApplicationServi - Removing overlay from BattleShipMainMenu and adding to DialogSubScene
10:38:28.868 [JavaFX Application Thread] DEBUG PrimaryStageWindow   - BattleShipMainMenu -> DialogSubScene
10:38:29.529 [JavaFX Application Thread] DEBUG PrimaryStageWindow   - Pop state: DialogSubScene
10:38:29.529 [JavaFX Application Thread] DEBUG Input                - Clearing active input actions
10:38:29.530 [JavaFX Application Thread] DEBUG GameApplicationServi - Removing overlay from DialogSubScene and adding to BattleShipMainMenu
10:38:29.530 [JavaFX Application Thread] DEBUG PrimaryStageWindow   - BattleShipMainMenu <- DialogSubScene
10:38:29.530 [JavaFX Application Thread] DEBUG FXGLApplication      - Exiting FXGL
10:38:29.530 [JavaFX Application Thread] DEBUG LoopRunner           - Stopping loop
10:38:29.530 [JavaFX Application Thread] DEBUG SystemBundleService  - Saving FXGL system data
10:38:29.531 [JavaFX Application Thread] DEBUG FileSystemAccess     - Writing to: D:\battleShip\battleShip_FXGL\system\fxgl.bundle
10:38:29.532 [JavaFX Application Thread] DEBUG Async                - Shutting down background threads
10:38:29.532 [JavaFX Application Thread] DEBUG PrimaryStageWindow   - Closing main window
10:38:29.553 [JavaFX Application Thread] DEBUG Logger               - Closing Logger
