22:46:27.184 [main                     ] DEBUG Logger               - Configured Logger
22:46:27.217 [main                     ] DEBUG GameApplication      - Logging settings
Title: BattleShip_FXGL
Version: 0.1
Width: 1025
Height: 1136
Fullscreen: false
Intro: false
Profiling: false
Single step:false
App Mode: DEVELOPER
Menu Key: ESCAPE
Stage Style: DECORATED
Scene Factory: class fi.utu.tech.gui.javafx.BattleShipApp$1

22:46:27.839 [JavaFX Application Thread] DEBUG FXGLApplication      - Initializing FXGL
22:46:27.846 [JavaFX Application Thread] INFO  Engine               - FXGL-11.14 (01.03.2021 16.59) on LINUX (J:11.0.10 FX:15)
22:46:27.847 [JavaFX Application Thread] DEBUG Engine               - JRE Vendor Name: Oracle Corporation
22:46:27.848 [JavaFX Application Thread] DEBUG Engine               - Running on OS: Linux version 5.9.16-1-MANJARO
22:46:27.848 [JavaFX Application Thread] DEBUG Engine               - Architecture: amd64
22:46:27.849 [JavaFX Application Thread] INFO  Engine               - Source code and latest versions at: https://github.com/AlmasB/FXGL
22:46:27.849 [JavaFX Application Thread] INFO  Engine               -              Join the FXGL chat at: https://gitter.im/AlmasB/FXGL
22:46:28.087 [JavaFX Application Thread] DEBUG PrimaryStageWindow   - Creating a JavaFX scene
22:46:28.298 [JavaFX Application Thread] DEBUG PrimaryStageWindow   - Target settings size: 1025.0 x 1136.0
22:46:28.298 [JavaFX Application Thread] DEBUG PrimaryStageWindow   - Scaled scene size:    1025.0 x 1136.0
22:46:28.299 [JavaFX Application Thread] DEBUG PrimaryStageWindow   - Scaled ratio: (1.0, 1.0)
22:46:28.301 [JavaFX Application Thread] DEBUG PrimaryStageWindow   - Set initial scene to FXGLStartupScene
22:46:28.311 [JavaFX Application Thread] DEBUG PrimaryStageWindow   - Opening main window
22:46:28.394 [JavaFX Application Thread] DEBUG PrimaryStageWindow   - Window border size: (2.0, 29.0)
22:46:28.395 [JavaFX Application Thread] DEBUG PrimaryStageWindow   - Scaled size: 1025.0 x 1136.0
22:46:28.395 [JavaFX Application Thread] DEBUG PrimaryStageWindow   - Scaled ratio: (1.0, 1.0)
22:46:28.395 [JavaFX Application Thread] DEBUG PrimaryStageWindow   - Scene size: 1025.0 x 1136.0
22:46:28.396 [JavaFX Application Thread] DEBUG PrimaryStageWindow   - Stage size: 1027.0 x 1165.0
22:46:28.405 [FXGL Background Thread 1 ] DEBUG Engine               - Initializing environment variables
22:46:28.465 [FXGL Background Thread 1 ] DEBUG FXGLAssetLoaderServi - User app class for loading assets: class fi.utu.tech.gui.javafx.BattleShipApp
22:46:28.465 [FXGL Background Thread 1 ] DEBUG GameApplicationServi - Applying CSS: fxgl_dark.css
22:46:28.467 [FXGL Background Thread 1 ] DEBUG FXGLAssetLoaderServi - Loading from file system: jar:file:/home/yoko19191/.m2/repository/com/github/almasb/fxgl/11.14/fxgl-11.14.jar!/fxglassets/ui/css/fxgl_dark.css
22:46:28.653 [FXGL Background Thread 1 ] DEBUG GameApplicationServi - Initializing application scenes
22:46:28.762 [FXGL Background Thread 1 ] DEBUG GameWorld            - Game world initialized
22:46:28.885 [FXGL Background Thread 1 ] DEBUG PhysicsWorld         - Physics world initialized: appHeight=1136, physics.ppm=50.0
22:46:28.886 [FXGL Background Thread 1 ] DEBUG PhysicsWorld         - Using strategy: BRUTE_FORCE
22:46:28.896 [FXGL Background Thread 1 ] DEBUG GameScene            - Game scene initialized: 1025x1136
22:46:28.905 [FXGL Background Thread 1 ] DEBUG FXGLAssetLoaderServi - Loading from file system: file:/home/yoko19191/repo/dtek0097/exercise_d/BattleShip_FXGL/target/classes/assets/textures/grid.jpg
22:46:28.971 [FXGL Background Thread 1 ] DEBUG FXGLAssetLoaderServi - Loading from file system: file:/home/yoko19191/repo/dtek0097/exercise_d/BattleShip_FXGL/target/classes/assets/textures/title.png
22:46:29.034 [FXGL Background Thread 1 ] DEBUG FXGLAssetLoaderServi - Loading from file system: jar:file:/home/yoko19191/.m2/repository/com/github/almasb/fxgl/11.14/fxgl-11.14.jar!/fxglassets/textures/pause_menu_bg.png
22:46:29.056 [FXGL Background Thread 1 ] DEBUG GameApplicationServi - Application scenes initialized
22:46:29.075 [FXGL Background Thread 1 ] DEBUG SystemBundleService  - Loading FXGL system data
22:46:29.079 [FXGL Background Thread 1 ] DEBUG FileSystemAccess     - Reading from: /home/yoko19191/repo/dtek0097/exercise_d/BattleShip_FXGL/system/fxgl.bundle
22:46:29.086 [FXGL Background Thread 1 ] DEBUG SystemBundleService  - Bundle FXGL: {}
22:46:29.087 [FXGL Background Thread 1 ] DEBUG UpdaterService       - Checking for updates
22:46:29.094 [FXGL Background Thread 4 ] DEBUG FXGLApplication      - Loading fonts
22:46:29.095 [FXGL Background Thread 4 ] DEBUG FXGLAssetLoaderServi - Loading from file system: jar:file:/home/yoko19191/.m2/repository/com/github/almasb/fxgl/11.14/fxgl-11.14.jar!/fxglassets/ui/fonts/VarelaRound-Regular.ttf
22:46:29.095 [FXGL Background Thread 1 ] DEBUG FXGLApplication      - Loading default localization
22:46:29.096 [FXGL Background Thread 1 ] DEBUG FXGLAssetLoaderServi - Loading from file system: jar:file:/home/yoko19191/.m2/repository/com/github/almasb/fxgl/11.14/fxgl-11.14.jar!/fxglassets/languages/english.lang
22:46:29.110 [FXGL Background Thread 4 ] DEBUG FXGLAssetLoaderServi - Loading from file system: jar:file:/home/yoko19191/.m2/repository/com/github/almasb/fxgl/11.14/fxgl-11.14.jar!/fxglassets/ui/fonts/Abel-Regular.ttf
22:46:29.114 [FXGL Background Thread 4 ] DEBUG FXGLAssetLoaderServi - Loading from file system: jar:file:/home/yoko19191/.m2/repository/com/github/almasb/fxgl/11.14/fxgl-11.14.jar!/fxglassets/ui/fonts/lucida_console.ttf
22:46:29.119 [FXGL Background Thread 1 ] INFO  FXGLApplication      - FXGL initialization took: 0.713 sec
22:46:29.119 [FXGL Background Thread 4 ] DEBUG FXGLAssetLoaderServi - Loading from file system: jar:file:/home/yoko19191/.m2/repository/com/github/almasb/fxgl/11.14/fxgl-11.14.jar!/fxglassets/ui/fonts/Courier-Prime.ttf
22:46:29.120 [JavaFX Application Thread] DEBUG FXGLAssetLoaderServi - Loading from file system: file:/home/yoko19191/repo/dtek0097/exercise_d/BattleShip_FXGL/target/classes/assets/music/fon.mp3
22:46:29.402 [JavaFX Application Thread] DEBUG AudioPlayer          - Playing music com.almasb.fxgl.audio.Music@44d0efbf
22:46:29.403 [JavaFX Application Thread] DEBUG FXGLAssetLoaderServi - Loading from file system: jar:file:/home/yoko19191/.m2/repository/com/github/almasb/fxgl/11.14/fxgl-11.14.jar!/fxglassets/textures/fxgl_icon.png
22:46:29.439 [JavaFX Application Thread] DEBUG FXGLAssetLoaderServi - Loading from file system: jar:file:/home/yoko19191/.m2/repository/com/github/almasb/fxgl/11.14/fxgl-11.14.jar!/fxglassets/ui/cursors/fxgl_default.png
22:46:29.470 [JavaFX Application Thread] DEBUG Input                - Registered new binding: Screenshot - P
22:46:29.471 [JavaFX Application Thread] DEBUG Input                - Registered new binding: System info dump - CTRL+9
22:46:29.472 [JavaFX Application Thread] DEBUG Input                - Registered new binding: Restart - CTRL+R
22:46:29.473 [JavaFX Application Thread] DEBUG Input                - Registered new binding: Toggle Debug Camera - CTRL+C
22:46:29.477 [JavaFX Application Thread] DEBUG LoopRunner           - Starting loop
22:46:29.477 [JavaFX Application Thread] DEBUG LoopRunner           - Initializing JavaFX AnimationTimerLoop
22:46:29.481 [JavaFX Application Thread] DEBUG Input                - Clearing active input actions
22:46:29.499 [JavaFX Application Thread] DEBUG GameApplicationServi - Removing overlay from FXGLStartupScene and adding to FXGLMainMenuDummyScene
22:46:29.500 [JavaFX Application Thread] DEBUG PrimaryStageWindow   - FXGLStartupScene -> FXGLMainMenuDummyScene
22:46:29.500 [JavaFX Application Thread] DEBUG PrimaryStageWindow   - Push state: BattleShipMainMenu
22:46:29.501 [JavaFX Application Thread] DEBUG Input                - Clearing active input actions
22:46:29.507 [JavaFX Application Thread] DEBUG GameApplicationServi - Removing overlay from FXGLMainMenuDummyScene and adding to BattleShipMainMenu
22:46:29.508 [JavaFX Application Thread] DEBUG PrimaryStageWindow   - FXGLMainMenuDummyScene -> BattleShipMainMenu
22:46:29.546 [JavaFX Application Thread] DEBUG FXGLApplication      - Registering font factories with UI factory
22:46:31.042 [JavaFX Application Thread] DEBUG Menu                 - fireNewGame()
22:46:31.043 [JavaFX Application Thread] DEBUG GameApplicationServi - Starting new game
22:46:31.044 [JavaFX Application Thread] DEBUG PrimaryStageWindow   - Pop state: BattleShipMainMenu
22:46:31.044 [JavaFX Application Thread] DEBUG Input                - Clearing active input actions
22:46:31.046 [JavaFX Application Thread] DEBUG GameApplicationServi - Removing overlay from BattleShipMainMenu and adding to FXGLMainMenuDummyScene
22:46:31.047 [JavaFX Application Thread] DEBUG PrimaryStageWindow   - FXGLMainMenuDummyScene <- BattleShipMainMenu
22:46:31.048 [JavaFX Application Thread] DEBUG Input                - Clearing active input actions
22:46:31.073 [JavaFX Application Thread] DEBUG GameApplicationServi - Removing overlay from FXGLMainMenuDummyScene and adding to FXGLLoadingScene
22:46:31.074 [JavaFX Application Thread] DEBUG PrimaryStageWindow   - FXGLMainMenuDummyScene -> FXGLLoadingScene
22:46:31.075 [JavaFX Application Thread] DEBUG GameApplicationServi - Clearing previous game
22:46:31.075 [JavaFX Application Thread] DEBUG GameScene            - Clearing game scene
22:46:31.075 [JavaFX Application Thread] DEBUG GameWorld            - Clearing game world
22:46:31.076 [JavaFX Application Thread] DEBUG PhysicsWorld         - Clearing physics world
22:46:31.079 [FXGL Background Thread 2 ] DEBUG FXGLApplication      - Initializing game
22:46:31.087 [FXGL Background Thread 2 ] DEBUG FXGLAssetLoaderServi - Loading from file system: file:/home/yoko19191/repo/dtek0097/exercise_d/BattleShip_FXGL/target/classes/assets/textures/player_1.png
22:46:31.100 [FXGL Background Thread 2 ] INFO  FXGLApplication      - Game initialization took: 0.021 sec
22:46:31.216 [JavaFX Application Thread] DEBUG Input                - Clearing active input actions
22:46:31.231 [JavaFX Application Thread] DEBUG GameApplicationServi - Removing overlay from FXGLLoadingScene and adding to GameScene
22:46:31.232 [JavaFX Application Thread] DEBUG PrimaryStageWindow   - FXGLLoadingScene -> GameScene
22:46:32.092 [FXGL Background Thread 3 ] DEBUG Engine               - Logging environment variables
22:46:32.094 [FXGL Background Thread 3 ] DEBUG Engine               - achievements: []
22:46:32.095 [FXGL Background Thread 3 ] DEBUG Engine               - actualHeight: 1136.0
22:46:32.095 [FXGL Background Thread 3 ] DEBUG Engine               - actualHeightProperty: ReadOnlyDoubleProperty [value: 1155.0]
22:46:32.096 [FXGL Background Thread 3 ] DEBUG Engine               - actualWidth: 1025.0
22:46:32.096 [FXGL Background Thread 3 ] DEBUG Engine               - actualWidthProperty: ReadOnlyDoubleProperty [value: 1031.0]
22:46:32.096 [FXGL Background Thread 3 ] DEBUG Engine               - appIcon: fxgl_icon.png
22:46:32.097 [FXGL Background Thread 3 ] DEBUG Engine               - applicationMode: DEVELOPER
22:46:32.097 [FXGL Background Thread 3 ] DEBUG Engine               - cSSList: [fxgl_dark.css]
22:46:32.097 [FXGL Background Thread 3 ] DEBUG Engine               - collisionDetectionStrategy: BRUTE_FORCE
22:46:32.098 [FXGL Background Thread 3 ] DEBUG Engine               - configClass: Optional.empty
22:46:32.098 [FXGL Background Thread 3 ] DEBUG Engine               - credits: []
22:46:32.099 [FXGL Background Thread 3 ] DEBUG Engine               - devBBoxColorProperty: ObjectProperty [value: 0xff0000ff]
22:46:32.099 [FXGL Background Thread 3 ] DEBUG Engine               - devEnableDebugCameraProperty: BooleanProperty [value: false]
22:46:32.100 [FXGL Background Thread 3 ] DEBUG Engine               - devSensorColorProperty: ObjectProperty [value: 0xffff00ff]
22:46:32.100 [FXGL Background Thread 3 ] DEBUG Engine               - devShowBBoxProperty: BooleanProperty [value: false]
22:46:32.100 [FXGL Background Thread 3 ] DEBUG Engine               - devShowPositionProperty: BooleanProperty [value: false]
22:46:32.100 [FXGL Background Thread 3 ] DEBUG Engine               - enabledMenuItems: []
22:46:32.101 [FXGL Background Thread 3 ] DEBUG Engine               - engineServices: [class com.almasb.fxgl.app.services.FXGLAssetLoaderService, class com.almasb.fxgl.app.FXGLApplication$GameApplicationService, class com.almasb.fxgl.app.services.FXGLDialogService, class com.almasb.fxgl.app.services.IOTaskExecutorService, class com.almasb.fxgl.event.EventBusService, class com.almasb.fxgl.io.FileSystemService, class com.almasb.fxgl.localization.LocalizationService, class com.almasb.fxgl.app.services.SystemBundleService, class com.almasb.fxgl.profile.SaveLoadService, class com.almasb.fxgl.ui.FXGLUIFactoryServiceProvider, class com.almasb.fxgl.ui.FXGLDialogFactoryServiceProvider, class com.almasb.fxgl.audio.AudioPlayer, class com.almasb.fxgl.notification.impl.NotificationServiceProvider, class com.almasb.fxgl.achievement.AchievementService, class com.almasb.fxgl.cutscene.CutsceneService, class com.almasb.fxgl.minigames.MiniGameService, class com.almasb.fxgl.net.NetService, class com.almasb.fxgl.app.services.UpdaterService, class com.almasb.fxgl.dev.DevService]
22:46:32.101 [FXGL Background Thread 3 ] DEBUG Engine               - fontGame: Abel-Regular.ttf
22:46:32.102 [FXGL Background Thread 3 ] DEBUG Engine               - fontMono: lucida_console.ttf
22:46:32.102 [FXGL Background Thread 3 ] DEBUG Engine               - fontText: Courier-Prime.ttf
22:46:32.102 [FXGL Background Thread 3 ] DEBUG Engine               - fontUI: VarelaRound-Regular.ttf
22:46:32.103 [FXGL Background Thread 3 ] DEBUG Engine               - fullScreen: BooleanProperty [value: false]
22:46:32.103 [FXGL Background Thread 3 ] DEBUG Engine               - gameDifficulty: MEDIUM
22:46:32.103 [FXGL Background Thread 3 ] DEBUG Engine               - gameDifficultyProperty: ObjectProperty [value: MEDIUM]
22:46:32.104 [FXGL Background Thread 3 ] DEBUG Engine               - globalMusicVolume: 0.5
22:46:32.104 [FXGL Background Thread 3 ] DEBUG Engine               - globalMusicVolumeProperty: DoubleProperty [value: 0.5]
22:46:32.104 [FXGL Background Thread 3 ] DEBUG Engine               - globalSoundVolume: 0.5
22:46:32.105 [FXGL Background Thread 3 ] DEBUG Engine               - globalSoundVolumeProperty: DoubleProperty [value: 0.5]
22:46:32.105 [FXGL Background Thread 3 ] DEBUG Engine               - height: 1136
22:46:32.105 [FXGL Background Thread 3 ] DEBUG Engine               - isAndroid: false
22:46:32.106 [FXGL Background Thread 3 ] DEBUG Engine               - isBrowser: false
22:46:32.106 [FXGL Background Thread 3 ] DEBUG Engine               - isClickFeedbackEnabled: false
22:46:32.106 [FXGL Background Thread 3 ] DEBUG Engine               - isCloseConfirmation: false
22:46:32.107 [FXGL Background Thread 3 ] DEBUG Engine               - isDesktop: true
22:46:32.107 [FXGL Background Thread 3 ] DEBUG Engine               - isDeveloperMenuEnabled: false
22:46:32.107 [FXGL Background Thread 3 ] DEBUG Engine               - isEntityPreloadEnabled: true
22:46:32.108 [FXGL Background Thread 3 ] DEBUG Engine               - isExperimental3D: false
22:46:32.108 [FXGL Background Thread 3 ] DEBUG Engine               - isExperimentalNative: false
22:46:32.108 [FXGL Background Thread 3 ] DEBUG Engine               - isExperimentalTiledLargeMap: false
22:46:32.109 [FXGL Background Thread 3 ] DEBUG Engine               - isFileSystemWriteAllowed: true
22:46:32.109 [FXGL Background Thread 3 ] DEBUG Engine               - isFullScreenAllowed: false
22:46:32.109 [FXGL Background Thread 3 ] DEBUG Engine               - isFullScreenFromStart: false
22:46:32.110 [FXGL Background Thread 3 ] DEBUG Engine               - isGameMenuEnabled: true
22:46:32.110 [FXGL Background Thread 3 ] DEBUG Engine               - isIOS: false
22:46:32.111 [FXGL Background Thread 3 ] DEBUG Engine               - isIntroEnabled: false
22:46:32.111 [FXGL Background Thread 3 ] DEBUG Engine               - isLinux: true
22:46:32.111 [FXGL Background Thread 3 ] DEBUG Engine               - isMac: false
22:46:32.112 [FXGL Background Thread 3 ] DEBUG Engine               - isMainMenuEnabled: true
22:46:32.112 [FXGL Background Thread 3 ] DEBUG Engine               - isManualResizeEnabled: false
22:46:32.112 [FXGL Background Thread 3 ] DEBUG Engine               - isMobile: false
22:46:32.113 [FXGL Background Thread 3 ] DEBUG Engine               - isPreserveResizeRatio: false
22:46:32.113 [FXGL Background Thread 3 ] DEBUG Engine               - isProfilingEnabled: false
22:46:32.113 [FXGL Background Thread 3 ] DEBUG Engine               - isScaleAffectedOnResize: true
22:46:32.114 [FXGL Background Thread 3 ] DEBUG Engine               - isSingleStep: false
22:46:32.114 [FXGL Background Thread 3 ] DEBUG Engine               - isUserProfileEnabled: false
22:46:32.114 [FXGL Background Thread 3 ] DEBUG Engine               - isWindows: false
22:46:32.114 [FXGL Background Thread 3 ] DEBUG Engine               - language: ObjectProperty [value: ENGLISH]
22:46:32.115 [FXGL Background Thread 3 ] DEBUG Engine               - menuKey: ESCAPE
22:46:32.115 [FXGL Background Thread 3 ] DEBUG Engine               - notificationViewClass: class com.almasb.fxgl.notification.view.XboxNotificationView
22:46:32.115 [FXGL Background Thread 3 ] DEBUG Engine               - pixelsPerMeter: 50.0
22:46:32.116 [FXGL Background Thread 3 ] DEBUG Engine               - platform: LINUX
22:46:32.116 [FXGL Background Thread 3 ] DEBUG Engine               - prefHeightProperty: ReadOnlyDoubleProperty [value: 1136.0]
22:46:32.116 [FXGL Background Thread 3 ] DEBUG Engine               - prefWidthProperty: ReadOnlyDoubleProperty [value: 1025.0]
22:46:32.117 [FXGL Background Thread 3 ] DEBUG Engine               - profileDir: profiles/
22:46:32.117 [FXGL Background Thread 3 ] DEBUG Engine               - profileName: StringProperty [value: DEFAULT]
22:46:32.117 [FXGL Background Thread 3 ] DEBUG Engine               - randomSeed: -1
22:46:32.118 [FXGL Background Thread 3 ] DEBUG Engine               - runtimeInfo: RuntimeInfo(platform=LINUX, version=11.14, build=01.03.2021 16.59)
22:46:32.118 [FXGL Background Thread 3 ] DEBUG Engine               - saveFileExt: sav
22:46:32.118 [FXGL Background Thread 3 ] DEBUG Engine               - scaledHeightProp$fxgl: DoubleProperty [bound, value: 1155.0]
22:46:32.119 [FXGL Background Thread 3 ] DEBUG Engine               - scaledWidthProp$fxgl: DoubleProperty [bound, value: 1031.0]
22:46:32.119 [FXGL Background Thread 3 ] DEBUG Engine               - sceneFactory: fi.utu.tech.gui.javafx.BattleShipApp$1@10c61a03
22:46:32.119 [FXGL Background Thread 3 ] DEBUG Engine               - secondsIn24h: 60
22:46:32.119 [FXGL Background Thread 3 ] DEBUG Engine               - soundMenuBack: menu/back.wav
22:46:32.120 [FXGL Background Thread 3 ] DEBUG Engine               - soundMenuPress: menu/press.wav
22:46:32.120 [FXGL Background Thread 3 ] DEBUG Engine               - soundMenuSelect: menu/select.wav
22:46:32.120 [FXGL Background Thread 3 ] DEBUG Engine               - soundNotification: core/notification.wav
22:46:32.121 [FXGL Background Thread 3 ] DEBUG Engine               - stageStyle: DECORATED
22:46:32.121 [FXGL Background Thread 3 ] DEBUG Engine               - supportedLanguages: [ENGLISH, FRENCH, GERMAN, HUNGARIAN, RUSSIAN]
22:46:32.121 [FXGL Background Thread 3 ] DEBUG Engine               - ticksPerSecond: -1
22:46:32.121 [FXGL Background Thread 3 ] DEBUG Engine               - title: BattleShip_FXGL
22:46:32.122 [FXGL Background Thread 3 ] DEBUG Engine               - urlGithub: https://github.com/AlmasB/FXGL
22:46:32.122 [FXGL Background Thread 3 ] DEBUG Engine               - urlLeaderboard: http://fxgl-top.herokuapp.com/
22:46:32.122 [FXGL Background Thread 3 ] DEBUG Engine               - urlPOM: https://raw.githubusercontent.com/AlmasB/FXGL/release/README.md
22:46:32.122 [FXGL Background Thread 3 ] DEBUG Engine               - userAppClass: class fi.utu.tech.gui.javafx.BattleShipApp
22:46:32.123 [FXGL Background Thread 3 ] DEBUG Engine               - version: 0.1
22:46:32.123 [FXGL Background Thread 3 ] DEBUG Engine               - versionCheckDays: 7
22:46:32.123 [FXGL Background Thread 3 ] DEBUG Engine               - width: 1025
22:46:32.124 [FXGL Background Thread 3 ] DEBUG Engine               - Logging services
22:46:32.124 [FXGL Background Thread 3 ] DEBUG Engine               - class com.almasb.fxgl.app.services.FXGLAssetLoaderService
22:46:32.124 [FXGL Background Thread 3 ] DEBUG Engine               - class com.almasb.fxgl.app.FXGLApplication$GameApplicationService
22:46:32.124 [FXGL Background Thread 3 ] DEBUG Engine               - class com.almasb.fxgl.app.services.FXGLDialogService
22:46:32.125 [FXGL Background Thread 3 ] DEBUG Engine               - class com.almasb.fxgl.app.services.IOTaskExecutorService
22:46:32.125 [FXGL Background Thread 3 ] DEBUG Engine               - class com.almasb.fxgl.event.EventBusService
22:46:32.125 [FXGL Background Thread 3 ] DEBUG Engine               - class com.almasb.fxgl.io.FileSystemService
22:46:32.125 [FXGL Background Thread 3 ] DEBUG Engine               - class com.almasb.fxgl.localization.LocalizationService
22:46:32.126 [FXGL Background Thread 3 ] DEBUG Engine               - class com.almasb.fxgl.app.services.SystemBundleService
22:46:32.126 [FXGL Background Thread 3 ] DEBUG Engine               - class com.almasb.fxgl.profile.SaveLoadService
22:46:32.126 [FXGL Background Thread 3 ] DEBUG Engine               - class com.almasb.fxgl.ui.FXGLUIFactoryServiceProvider
22:46:32.126 [FXGL Background Thread 3 ] DEBUG Engine               - class com.almasb.fxgl.ui.FXGLDialogFactoryServiceProvider
22:46:32.127 [FXGL Background Thread 3 ] DEBUG Engine               - class com.almasb.fxgl.audio.AudioPlayer
22:46:32.127 [FXGL Background Thread 3 ] DEBUG Engine               - class com.almasb.fxgl.notification.impl.NotificationServiceProvider
22:46:32.127 [FXGL Background Thread 3 ] DEBUG Engine               - class com.almasb.fxgl.achievement.AchievementService
22:46:32.127 [FXGL Background Thread 3 ] DEBUG Engine               - class com.almasb.fxgl.cutscene.CutsceneService
22:46:32.128 [FXGL Background Thread 3 ] DEBUG Engine               - class com.almasb.fxgl.minigames.MiniGameService
22:46:32.128 [FXGL Background Thread 3 ] DEBUG Engine               - class com.almasb.fxgl.net.NetService
22:46:32.128 [FXGL Background Thread 3 ] DEBUG Engine               - class com.almasb.fxgl.app.services.UpdaterService
22:46:32.129 [FXGL Background Thread 3 ] DEBUG Engine               - class com.almasb.fxgl.dev.DevService
22:46:34.226 [JavaFX Application Thread] DEBUG PrimaryStageWindow   - Push state: SimpleGameMenu
22:46:34.227 [JavaFX Application Thread] DEBUG Input                - Clearing active input actions
22:46:34.238 [JavaFX Application Thread] DEBUG GameApplicationServi - Removing overlay from GameScene and adding to SimpleGameMenu
22:46:34.239 [JavaFX Application Thread] DEBUG PrimaryStageWindow   - GameScene -> SimpleGameMenu
22:46:37.570 [JavaFX Application Thread] DEBUG Menu                 - fireResume()
22:46:37.571 [JavaFX Application Thread] DEBUG PrimaryStageWindow   - Pop state: SimpleGameMenu
22:46:37.571 [JavaFX Application Thread] DEBUG Input                - Clearing active input actions
22:46:37.573 [JavaFX Application Thread] DEBUG GameApplicationServi - Removing overlay from SimpleGameMenu and adding to GameScene
22:46:37.574 [JavaFX Application Thread] DEBUG PrimaryStageWindow   - GameScene <- SimpleGameMenu
22:46:38.312 [JavaFX Application Thread] DEBUG PrimaryStageWindow   - Push state: SimpleGameMenu
22:46:38.312 [JavaFX Application Thread] DEBUG Input                - Clearing active input actions
22:46:38.315 [JavaFX Application Thread] DEBUG GameApplicationServi - Removing overlay from GameScene and adding to SimpleGameMenu
22:46:38.317 [JavaFX Application Thread] DEBUG PrimaryStageWindow   - GameScene -> SimpleGameMenu
22:46:39.796 [JavaFX Application Thread] DEBUG Menu                 - fireExitToMainMenu()
22:46:39.804 [JavaFX Application Thread] DEBUG PrimaryStageWindow   - Push state: DialogSubScene
22:46:39.804 [JavaFX Application Thread] DEBUG Input                - Clearing active input actions
22:46:39.806 [JavaFX Application Thread] DEBUG GameApplicationServi - Removing overlay from SimpleGameMenu and adding to DialogSubScene
22:46:39.807 [JavaFX Application Thread] DEBUG PrimaryStageWindow   - SimpleGameMenu -> DialogSubScene
22:46:42.187 [JavaFX Application Thread] DEBUG PrimaryStageWindow   - Pop state: DialogSubScene
22:46:42.187 [JavaFX Application Thread] DEBUG Input                - Clearing active input actions
22:46:42.190 [JavaFX Application Thread] DEBUG GameApplicationServi - Removing overlay from DialogSubScene and adding to SimpleGameMenu
22:46:42.191 [JavaFX Application Thread] DEBUG PrimaryStageWindow   - SimpleGameMenu <- DialogSubScene
22:46:42.191 [JavaFX Application Thread] DEBUG PrimaryStageWindow   - Pop state: SimpleGameMenu
22:46:42.191 [JavaFX Application Thread] DEBUG Input                - Clearing active input actions
22:46:42.192 [JavaFX Application Thread] DEBUG GameApplicationServi - Removing overlay from SimpleGameMenu and adding to GameScene
22:46:42.193 [JavaFX Application Thread] DEBUG PrimaryStageWindow   - GameScene <- SimpleGameMenu
22:46:42.193 [JavaFX Application Thread] DEBUG Input                - Clearing active input actions
22:46:42.211 [JavaFX Application Thread] DEBUG GameApplicationServi - Removing overlay from GameScene and adding to FXGLMainMenuDummyScene
22:46:42.212 [JavaFX Application Thread] DEBUG PrimaryStageWindow   - GameScene -> FXGLMainMenuDummyScene
22:46:42.212 [JavaFX Application Thread] DEBUG PrimaryStageWindow   - Push state: BattleShipMainMenu
22:46:42.212 [JavaFX Application Thread] DEBUG Input                - Clearing active input actions
22:46:42.214 [JavaFX Application Thread] DEBUG GameApplicationServi - Removing overlay from FXGLMainMenuDummyScene and adding to BattleShipMainMenu
22:46:42.214 [JavaFX Application Thread] DEBUG PrimaryStageWindow   - FXGLMainMenuDummyScene -> BattleShipMainMenu
22:46:55.426 [JavaFX Application Thread] DEBUG PrimaryStageWindow   - Push state: DialogSubScene
22:46:55.426 [JavaFX Application Thread] DEBUG Input                - Clearing active input actions
22:46:55.430 [JavaFX Application Thread] DEBUG GameApplicationServi - Removing overlay from BattleShipMainMenu and adding to DialogSubScene
22:46:55.431 [JavaFX Application Thread] DEBUG PrimaryStageWindow   - BattleShipMainMenu -> DialogSubScene
22:46:57.286 [JavaFX Application Thread] DEBUG PrimaryStageWindow   - Pop state: DialogSubScene
22:46:57.287 [JavaFX Application Thread] DEBUG Input                - Clearing active input actions
22:46:57.289 [JavaFX Application Thread] DEBUG GameApplicationServi - Removing overlay from DialogSubScene and adding to BattleShipMainMenu
22:46:57.289 [JavaFX Application Thread] DEBUG PrimaryStageWindow   - BattleShipMainMenu <- DialogSubScene
22:46:57.967 [JavaFX Application Thread] DEBUG Menu                 - fireNewGame()
22:46:57.967 [JavaFX Application Thread] DEBUG GameApplicationServi - Starting new game
22:46:57.968 [JavaFX Application Thread] DEBUG PrimaryStageWindow   - Pop state: BattleShipMainMenu
22:46:57.968 [JavaFX Application Thread] DEBUG Input                - Clearing active input actions
22:46:57.969 [JavaFX Application Thread] DEBUG GameApplicationServi - Removing overlay from BattleShipMainMenu and adding to FXGLMainMenuDummyScene
22:46:57.970 [JavaFX Application Thread] DEBUG PrimaryStageWindow   - FXGLMainMenuDummyScene <- BattleShipMainMenu
22:46:57.970 [JavaFX Application Thread] DEBUG Input                - Clearing active input actions
22:46:57.985 [JavaFX Application Thread] DEBUG GameApplicationServi - Removing overlay from FXGLMainMenuDummyScene and adding to FXGLLoadingScene
22:46:57.986 [JavaFX Application Thread] DEBUG PrimaryStageWindow   - FXGLMainMenuDummyScene -> FXGLLoadingScene
22:46:57.986 [JavaFX Application Thread] DEBUG GameApplicationServi - Clearing previous game
22:46:57.987 [JavaFX Application Thread] DEBUG GameScene            - Clearing game scene
22:46:57.987 [JavaFX Application Thread] DEBUG GameWorld            - Clearing game world
22:46:57.991 [JavaFX Application Thread] DEBUG PhysicsWorld         - Clearing physics world
22:46:57.992 [FXGL Background Thread 2 ] DEBUG FXGLApplication      - Initializing game
22:46:57.996 [FXGL Background Thread 2 ] INFO  FXGLApplication      - Game initialization took: 0.003 sec
22:46:58.023 [JavaFX Application Thread] DEBUG Input                - Clearing active input actions
22:46:58.041 [JavaFX Application Thread] DEBUG GameApplicationServi - Removing overlay from FXGLLoadingScene and adding to GameScene
22:46:58.042 [JavaFX Application Thread] DEBUG PrimaryStageWindow   - FXGLLoadingScene -> GameScene
22:47:03.217 [JavaFX Application Thread] DEBUG FXGLApplication      - Exiting FXGL
22:47:03.217 [JavaFX Application Thread] DEBUG LoopRunner           - Stopping loop
22:47:03.218 [JavaFX Application Thread] DEBUG SystemBundleService  - Saving FXGL system data
22:47:03.222 [JavaFX Application Thread] DEBUG FileSystemAccess     - Writing to: /home/yoko19191/repo/dtek0097/exercise_d/BattleShip_FXGL/system/fxgl.bundle
22:47:03.230 [JavaFX Application Thread] DEBUG Async                - Shutting down background threads
22:47:03.231 [JavaFX Application Thread] DEBUG PrimaryStageWindow   - Closing main window
22:47:03.238 [JavaFX Application Thread] DEBUG Logger               - Closing Logger
