11:03:07.301 [main                     ] DEBUG Logger               - Configured Logger
11:03:07.342 [main                     ] DEBUG GameApplication      - Logging settings
Title: BattleShip_FXGL
Version: 0.1
Width: 1920
Height: 1080
Fullscreen: true
Intro: false
Profiling: false
Single step:false
App Mode: DEVELOPER
Menu Key: ESCAPE
Stage Style: DECORATED
Scene Factory: class fi.utu.tech.gui.javafx.fxgl.BattleShipApp$1

11:03:07.778 [JavaFX Application Thread] DEBUG FXGLApplication      - Initializing FXGL
11:03:07.780 [JavaFX Application Thread] INFO  Engine               - FXGL-11.14 (01.03.2021 16.59) on WINDOWS (J:11.0.10 FX:15)
11:03:07.780 [JavaFX Application Thread] DEBUG Engine               - JRE Vendor Name: Amazon.com Inc.
11:03:07.780 [JavaFX Application Thread] DEBUG Engine               - Running on OS: Windows 10 version 10.0
11:03:07.781 [JavaFX Application Thread] DEBUG Engine               - Architecture: amd64
11:03:07.781 [JavaFX Application Thread] INFO  Engine               - Source code and latest versions at: https://github.com/AlmasB/FXGL
11:03:07.781 [JavaFX Application Thread] INFO  Engine               -              Join the FXGL chat at: https://gitter.im/AlmasB/FXGL
11:03:07.875 [JavaFX Application Thread] DEBUG PrimaryStageWindow   - Creating a JavaFX scene
11:03:07.931 [JavaFX Application Thread] DEBUG PrimaryStageWindow   - Target settings size: 1920.0 x 1080.0
11:03:07.931 [JavaFX Application Thread] DEBUG PrimaryStageWindow   - Scaled scene size:    1920.0 x 1080.0
11:03:07.931 [JavaFX Application Thread] DEBUG PrimaryStageWindow   - Scaled ratio: (1.0, 1.0)
11:03:07.932 [JavaFX Application Thread] DEBUG PrimaryStageWindow   - Set initial scene to FXGLStartupScene
11:03:07.939 [JavaFX Application Thread] DEBUG PrimaryStageWindow   - Opening main window
11:03:08.016 [JavaFX Application Thread] DEBUG PrimaryStageWindow   - Window border size: (16.0, 39.0)
11:03:08.017 [JavaFX Application Thread] DEBUG PrimaryStageWindow   - Scaled size: 1920.0 x 1080.0
11:03:08.017 [JavaFX Application Thread] DEBUG PrimaryStageWindow   - Scaled ratio: (1.0, 1.0)
11:03:08.017 [JavaFX Application Thread] DEBUG PrimaryStageWindow   - Scene size: 1920.0 x 1080.0
11:03:08.017 [JavaFX Application Thread] DEBUG PrimaryStageWindow   - Stage size: 1936.0 x 1119.0
11:03:08.073 [JavaFX Application Thread] DEBUG PrimaryStageWindow   - Going fullscreen
11:03:08.085 [FXGL Background Thread 1 ] DEBUG Engine               - Initializing environment variables
11:03:08.118 [FXGL Background Thread 1 ] DEBUG FXGLAssetLoaderServi - User app class for loading assets: class fi.utu.tech.gui.javafx.fxgl.BattleShipApp
11:03:08.118 [FXGL Background Thread 1 ] DEBUG GameApplicationServi - Applying CSS: fxgl_dark.css
11:03:08.119 [FXGL Background Thread 1 ] DEBUG FXGLAssetLoaderServi - Loading from file system: jar:file:///C:/Users/box69/.m2/repository/com/github/almasb/fxgl/11.14/fxgl-11.14.jar!/fxglassets/ui/css/fxgl_dark.css
11:03:08.160 [FXGL Background Thread 1 ] DEBUG GameApplicationServi - Initializing application scenes
11:03:08.223 [FXGL Background Thread 1 ] DEBUG GameWorld            - Game world initialized
11:03:08.272 [FXGL Background Thread 1 ] DEBUG PhysicsWorld         - Physics world initialized: appHeight=1080, physics.ppm=50.0
11:03:08.273 [FXGL Background Thread 1 ] DEBUG PhysicsWorld         - Using strategy: BRUTE_FORCE
11:03:08.276 [FXGL Background Thread 1 ] DEBUG GameScene            - Game scene initialized: 1920x1080
11:03:08.281 [FXGL Background Thread 1 ] DEBUG FXGLAssetLoaderServi - Loading from file system: file:/D:/battleShip/battleShip_FXGL/target/classes/assets/textures/Nebula_Red.png
11:03:08.473 [FXGL Background Thread 1 ] DEBUG FXGLAssetLoaderServi - Loading from file system: jar:file:///C:/Users/box69/.m2/repository/com/github/almasb/fxgl/11.14/fxgl-11.14.jar!/fxglassets/textures/pause_menu_bg.png
11:03:08.499 [FXGL Background Thread 1 ] DEBUG GameApplicationServi - Application scenes initialized
11:03:08.507 [FXGL Background Thread 1 ] DEBUG SystemBundleService  - Loading FXGL system data
11:03:08.511 [FXGL Background Thread 1 ] DEBUG FileSystemAccess     - Reading from: D:\battleShip\battleShip_FXGL\system\fxgl.bundle
11:03:08.517 [FXGL Background Thread 1 ] DEBUG SystemBundleService  - Bundle FXGL: {}
11:03:08.517 [FXGL Background Thread 1 ] DEBUG UpdaterService       - Checking for updates
11:03:08.521 [FXGL Background Thread 4 ] DEBUG FXGLApplication      - Loading fonts
11:03:08.521 [FXGL Background Thread 1 ] DEBUG FXGLApplication      - Loading default localization
11:03:08.521 [FXGL Background Thread 4 ] DEBUG FXGLAssetLoaderServi - Loading from file system: jar:file:///C:/Users/box69/.m2/repository/com/github/almasb/fxgl/11.14/fxgl-11.14.jar!/fxglassets/ui/fonts/VarelaRound-Regular.ttf
11:03:08.521 [FXGL Background Thread 1 ] DEBUG FXGLAssetLoaderServi - Loading from file system: jar:file:///C:/Users/box69/.m2/repository/com/github/almasb/fxgl/11.14/fxgl-11.14.jar!/fxglassets/languages/english.lang
11:03:08.535 [FXGL Background Thread 1 ] INFO  FXGLApplication      - FXGL initialization took: 0.450 sec
11:03:08.549 [JavaFX Application Thread] DEBUG Input                - Registered new binding: Change Scene - Space
11:03:08.550 [JavaFX Application Thread] DEBUG Input                - Registered new binding: action0 - R
11:03:08.551 [JavaFX Application Thread] DEBUG Input                - Registered new binding: Deploy - RMB
11:03:08.551 [JavaFX Application Thread] DEBUG Input                - Registered new binding: Attack - LMB
11:03:08.552 [JavaFX Application Thread] DEBUG FXGLAssetLoaderServi - Loading from file system: file:/D:/battleShip/battleShip_FXGL/target/classes/assets/music/CrashedShip.mp3
11:03:08.704 [JavaFX Application Thread] DEBUG AudioPlayer          - Playing music com.almasb.fxgl.audio.Music@5565149c
11:03:08.705 [JavaFX Application Thread] DEBUG FXGLAssetLoaderServi - Loading from file system: jar:file:///C:/Users/box69/.m2/repository/com/github/almasb/fxgl/11.14/fxgl-11.14.jar!/fxglassets/textures/fxgl_icon.png
11:03:08.726 [JavaFX Application Thread] DEBUG FXGLAssetLoaderServi - Loading from file system: jar:file:///C:/Users/box69/.m2/repository/com/github/almasb/fxgl/11.14/fxgl-11.14.jar!/fxglassets/ui/cursors/fxgl_default.png
11:03:08.728 [JavaFX Application Thread] DEBUG Input                - Registered new binding: Screenshot - P
11:03:08.729 [JavaFX Application Thread] DEBUG Input                - Registered new binding: System info dump - CTRL+9
11:03:08.729 [JavaFX Application Thread] DEBUG Input                - Registered new binding: Restart - CTRL+R
11:03:08.729 [JavaFX Application Thread] DEBUG Input                - Registered new binding: Toggle Debug Camera - CTRL+C
11:03:08.731 [JavaFX Application Thread] DEBUG LoopRunner           - Starting loop
11:03:08.731 [JavaFX Application Thread] DEBUG LoopRunner           - Initializing JavaFX AnimationTimerLoop
11:03:08.733 [JavaFX Application Thread] DEBUG Input                - Clearing active input actions
11:03:08.739 [JavaFX Application Thread] DEBUG GameApplicationServi - Removing overlay from FXGLStartupScene and adding to FXGLMainMenuDummyScene
11:03:08.740 [JavaFX Application Thread] DEBUG PrimaryStageWindow   - FXGLStartupScene -> FXGLMainMenuDummyScene
11:03:08.740 [JavaFX Application Thread] DEBUG PrimaryStageWindow   - Push state: BattleShipMainMenu
11:03:08.740 [JavaFX Application Thread] DEBUG Input                - Clearing active input actions
11:03:08.743 [JavaFX Application Thread] DEBUG GameApplicationServi - Removing overlay from FXGLMainMenuDummyScene and adding to BattleShipMainMenu
11:03:08.743 [JavaFX Application Thread] DEBUG PrimaryStageWindow   - FXGLMainMenuDummyScene -> BattleShipMainMenu
11:03:08.966 [FXGL Background Thread 4 ] DEBUG FXGLAssetLoaderServi - Loading from file system: jar:file:///C:/Users/box69/.m2/repository/com/github/almasb/fxgl/11.14/fxgl-11.14.jar!/fxglassets/ui/fonts/Abel-Regular.ttf
11:03:08.969 [FXGL Background Thread 4 ] DEBUG FXGLAssetLoaderServi - Loading from file system: jar:file:///C:/Users/box69/.m2/repository/com/github/almasb/fxgl/11.14/fxgl-11.14.jar!/fxglassets/ui/fonts/lucida_console.ttf
11:03:08.974 [FXGL Background Thread 4 ] DEBUG FXGLAssetLoaderServi - Loading from file system: jar:file:///C:/Users/box69/.m2/repository/com/github/almasb/fxgl/11.14/fxgl-11.14.jar!/fxglassets/ui/fonts/Courier-Prime.ttf
11:03:08.978 [JavaFX Application Thread] DEBUG FXGLApplication      - Registering font factories with UI factory
11:03:09.547 [JavaFX Application Thread] DEBUG PrimaryStageWindow   - Push state: DialogSubScene
11:03:09.547 [JavaFX Application Thread] DEBUG Input                - Clearing active input actions
11:03:09.550 [JavaFX Application Thread] DEBUG GameApplicationServi - Removing overlay from BattleShipMainMenu and adding to DialogSubScene
11:03:09.550 [JavaFX Application Thread] DEBUG PrimaryStageWindow   - BattleShipMainMenu -> DialogSubScene
11:03:11.520 [FXGL Background Thread 3 ] DEBUG Engine               - Logging environment variables
11:03:11.520 [FXGL Background Thread 3 ] DEBUG Engine               - achievements: []
11:03:11.520 [FXGL Background Thread 3 ] DEBUG Engine               - actualHeight: 1080.0
11:03:11.520 [FXGL Background Thread 3 ] DEBUG Engine               - actualHeightProperty: ReadOnlyDoubleProperty [value: 1080.0]
11:03:11.520 [FXGL Background Thread 3 ] DEBUG Engine               - actualWidth: 1920.0
11:03:11.520 [FXGL Background Thread 3 ] DEBUG Engine               - actualWidthProperty: ReadOnlyDoubleProperty [value: 1920.0]
11:03:11.520 [FXGL Background Thread 3 ] DEBUG Engine               - appIcon: fxgl_icon.png
11:03:11.521 [FXGL Background Thread 3 ] DEBUG Engine               - applicationMode: DEVELOPER
11:03:11.521 [FXGL Background Thread 3 ] DEBUG Engine               - cSSList: [fxgl_dark.css]
11:03:11.521 [FXGL Background Thread 3 ] DEBUG Engine               - collisionDetectionStrategy: BRUTE_FORCE
11:03:11.521 [FXGL Background Thread 3 ] DEBUG Engine               - configClass: Optional.empty
11:03:11.521 [FXGL Background Thread 3 ] DEBUG Engine               - credits: []
11:03:11.521 [FXGL Background Thread 3 ] DEBUG Engine               - devBBoxColorProperty: ObjectProperty [value: 0xff0000ff]
11:03:11.521 [FXGL Background Thread 3 ] DEBUG Engine               - devEnableDebugCameraProperty: BooleanProperty [value: false]
11:03:11.521 [FXGL Background Thread 3 ] DEBUG Engine               - devSensorColorProperty: ObjectProperty [value: 0xffff00ff]
11:03:11.521 [FXGL Background Thread 3 ] DEBUG Engine               - devShowBBoxProperty: BooleanProperty [value: false]
11:03:11.521 [FXGL Background Thread 3 ] DEBUG Engine               - devShowPositionProperty: BooleanProperty [value: false]
11:03:11.521 [FXGL Background Thread 3 ] DEBUG Engine               - enabledMenuItems: []
11:03:11.522 [FXGL Background Thread 3 ] DEBUG Engine               - engineServices: [class com.almasb.fxgl.app.services.FXGLAssetLoaderService, class com.almasb.fxgl.app.FXGLApplication$GameApplicationService, class com.almasb.fxgl.app.services.FXGLDialogService, class com.almasb.fxgl.app.services.IOTaskExecutorService, class com.almasb.fxgl.event.EventBusService, class com.almasb.fxgl.io.FileSystemService, class com.almasb.fxgl.localization.LocalizationService, class com.almasb.fxgl.app.services.SystemBundleService, class com.almasb.fxgl.profile.SaveLoadService, class com.almasb.fxgl.ui.FXGLUIFactoryServiceProvider, class com.almasb.fxgl.ui.FXGLDialogFactoryServiceProvider, class com.almasb.fxgl.audio.AudioPlayer, class com.almasb.fxgl.notification.impl.NotificationServiceProvider, class com.almasb.fxgl.achievement.AchievementService, class com.almasb.fxgl.cutscene.CutsceneService, class com.almasb.fxgl.minigames.MiniGameService, class com.almasb.fxgl.net.NetService, class com.almasb.fxgl.app.services.UpdaterService, class com.almasb.fxgl.dev.DevService]
11:03:11.522 [FXGL Background Thread 3 ] DEBUG Engine               - fontGame: Abel-Regular.ttf
11:03:11.522 [FXGL Background Thread 3 ] DEBUG Engine               - fontMono: lucida_console.ttf
11:03:11.522 [FXGL Background Thread 3 ] DEBUG Engine               - fontText: Courier-Prime.ttf
11:03:11.522 [FXGL Background Thread 3 ] DEBUG Engine               - fontUI: VarelaRound-Regular.ttf
11:03:11.522 [FXGL Background Thread 3 ] DEBUG Engine               - fullScreen: BooleanProperty [value: true]
11:03:11.522 [FXGL Background Thread 3 ] DEBUG Engine               - gameDifficulty: MEDIUM
11:03:11.522 [FXGL Background Thread 3 ] DEBUG Engine               - gameDifficultyProperty: ObjectProperty [value: MEDIUM]
11:03:11.522 [FXGL Background Thread 3 ] DEBUG Engine               - globalMusicVolume: 0.5
11:03:11.522 [FXGL Background Thread 3 ] DEBUG Engine               - globalMusicVolumeProperty: DoubleProperty [value: 0.2]
11:03:11.522 [FXGL Background Thread 3 ] DEBUG Engine               - globalSoundVolume: 0.5
11:03:11.522 [FXGL Background Thread 3 ] DEBUG Engine               - globalSoundVolumeProperty: DoubleProperty [value: 0.5]
11:03:11.522 [FXGL Background Thread 3 ] DEBUG Engine               - height: 1080
11:03:11.522 [FXGL Background Thread 3 ] DEBUG Engine               - isAndroid: false
11:03:11.523 [FXGL Background Thread 3 ] DEBUG Engine               - isBrowser: false
11:03:11.523 [FXGL Background Thread 3 ] DEBUG Engine               - isClickFeedbackEnabled: false
11:03:11.523 [FXGL Background Thread 3 ] DEBUG Engine               - isCloseConfirmation: false
11:03:11.523 [FXGL Background Thread 3 ] DEBUG Engine               - isDesktop: true
11:03:11.523 [FXGL Background Thread 3 ] DEBUG Engine               - isDeveloperMenuEnabled: false
11:03:11.523 [FXGL Background Thread 3 ] DEBUG Engine               - isEntityPreloadEnabled: true
11:03:11.523 [FXGL Background Thread 3 ] DEBUG Engine               - isExperimental3D: false
11:03:11.523 [FXGL Background Thread 3 ] DEBUG Engine               - isExperimentalNative: false
11:03:11.523 [FXGL Background Thread 3 ] DEBUG Engine               - isExperimentalTiledLargeMap: false
11:03:11.523 [FXGL Background Thread 3 ] DEBUG Engine               - isFileSystemWriteAllowed: true
11:03:11.523 [FXGL Background Thread 3 ] DEBUG Engine               - isFullScreenAllowed: true
11:03:11.523 [FXGL Background Thread 3 ] DEBUG Engine               - isFullScreenFromStart: true
11:03:11.523 [FXGL Background Thread 3 ] DEBUG Engine               - isGameMenuEnabled: true
11:03:11.523 [FXGL Background Thread 3 ] DEBUG Engine               - isIOS: false
11:03:11.523 [FXGL Background Thread 3 ] DEBUG Engine               - isIntroEnabled: false
11:03:11.523 [FXGL Background Thread 3 ] DEBUG Engine               - isLinux: false
11:03:11.524 [FXGL Background Thread 3 ] DEBUG Engine               - isMac: false
11:03:11.524 [FXGL Background Thread 3 ] DEBUG Engine               - isMainMenuEnabled: true
11:03:11.524 [FXGL Background Thread 3 ] DEBUG Engine               - isManualResizeEnabled: false
11:03:11.524 [FXGL Background Thread 3 ] DEBUG Engine               - isMobile: false
11:03:11.524 [FXGL Background Thread 3 ] DEBUG Engine               - isPreserveResizeRatio: false
11:03:11.524 [FXGL Background Thread 3 ] DEBUG Engine               - isProfilingEnabled: false
11:03:11.524 [FXGL Background Thread 3 ] DEBUG Engine               - isScaleAffectedOnResize: true
11:03:11.524 [FXGL Background Thread 3 ] DEBUG Engine               - isSingleStep: false
11:03:11.524 [FXGL Background Thread 3 ] DEBUG Engine               - isUserProfileEnabled: false
11:03:11.524 [FXGL Background Thread 3 ] DEBUG Engine               - isWindows: true
11:03:11.524 [FXGL Background Thread 3 ] DEBUG Engine               - language: ObjectProperty [value: ENGLISH]
11:03:11.524 [FXGL Background Thread 3 ] DEBUG Engine               - menuKey: ESCAPE
11:03:11.524 [FXGL Background Thread 3 ] DEBUG Engine               - notificationViewClass: class com.almasb.fxgl.notification.view.XboxNotificationView
11:03:11.524 [FXGL Background Thread 3 ] DEBUG Engine               - pixelsPerMeter: 50.0
11:03:11.524 [FXGL Background Thread 3 ] DEBUG Engine               - platform: WINDOWS
11:03:11.524 [FXGL Background Thread 3 ] DEBUG Engine               - prefHeightProperty: ReadOnlyDoubleProperty [value: 1080.0]
11:03:11.524 [FXGL Background Thread 3 ] DEBUG Engine               - prefWidthProperty: ReadOnlyDoubleProperty [value: 1920.0]
11:03:11.525 [FXGL Background Thread 3 ] DEBUG Engine               - profileDir: profiles/
11:03:11.525 [FXGL Background Thread 3 ] DEBUG Engine               - profileName: StringProperty [value: DEFAULT]
11:03:11.525 [FXGL Background Thread 3 ] DEBUG Engine               - randomSeed: -1
11:03:11.525 [FXGL Background Thread 3 ] DEBUG Engine               - runtimeInfo: RuntimeInfo(platform=WINDOWS, version=11.14, build=01.03.2021 16.59)
11:03:11.525 [FXGL Background Thread 3 ] DEBUG Engine               - saveFileExt: sav
11:03:11.525 [FXGL Background Thread 3 ] DEBUG Engine               - scaledHeightProp$fxgl: DoubleProperty [bound, value: 1080.0]
11:03:11.525 [FXGL Background Thread 3 ] DEBUG Engine               - scaledWidthProp$fxgl: DoubleProperty [bound, value: 1920.0]
11:03:11.525 [FXGL Background Thread 3 ] DEBUG Engine               - sceneFactory: fi.utu.tech.gui.javafx.fxgl.BattleShipApp$1@736aaabd
11:03:11.525 [FXGL Background Thread 3 ] DEBUG Engine               - secondsIn24h: 60
11:03:11.525 [FXGL Background Thread 3 ] DEBUG Engine               - soundMenuBack: menu/back.wav
11:03:11.525 [FXGL Background Thread 3 ] DEBUG Engine               - soundMenuPress: menu/press.wav
11:03:11.525 [FXGL Background Thread 3 ] DEBUG Engine               - soundMenuSelect: menu/select.wav
11:03:11.525 [FXGL Background Thread 3 ] DEBUG Engine               - soundNotification: core/notification.wav
11:03:11.525 [FXGL Background Thread 3 ] DEBUG Engine               - stageStyle: DECORATED
11:03:11.525 [FXGL Background Thread 3 ] DEBUG Engine               - supportedLanguages: [ENGLISH, FRENCH, GERMAN, HUNGARIAN, RUSSIAN]
11:03:11.525 [FXGL Background Thread 3 ] DEBUG Engine               - ticksPerSecond: -1
11:03:11.525 [FXGL Background Thread 3 ] DEBUG Engine               - title: BattleShip_FXGL
11:03:11.525 [FXGL Background Thread 3 ] DEBUG Engine               - urlGithub: https://github.com/AlmasB/FXGL
11:03:11.525 [FXGL Background Thread 3 ] DEBUG Engine               - urlLeaderboard: http://fxgl-top.herokuapp.com/
11:03:11.526 [FXGL Background Thread 3 ] DEBUG Engine               - urlPOM: https://raw.githubusercontent.com/AlmasB/FXGL/release/README.md
11:03:11.526 [FXGL Background Thread 3 ] DEBUG Engine               - userAppClass: class fi.utu.tech.gui.javafx.fxgl.BattleShipApp
11:03:11.526 [FXGL Background Thread 3 ] DEBUG Engine               - version: 0.1
11:03:11.526 [FXGL Background Thread 3 ] DEBUG Engine               - versionCheckDays: 7
11:03:11.526 [FXGL Background Thread 3 ] DEBUG Engine               - width: 1920
11:03:11.526 [FXGL Background Thread 3 ] DEBUG Engine               - Logging services
11:03:11.526 [FXGL Background Thread 3 ] DEBUG Engine               - class com.almasb.fxgl.app.services.FXGLAssetLoaderService
11:03:11.526 [FXGL Background Thread 3 ] DEBUG Engine               - class com.almasb.fxgl.app.FXGLApplication$GameApplicationService
11:03:11.526 [FXGL Background Thread 3 ] DEBUG Engine               - class com.almasb.fxgl.app.services.FXGLDialogService
11:03:11.526 [FXGL Background Thread 3 ] DEBUG Engine               - class com.almasb.fxgl.app.services.IOTaskExecutorService
11:03:11.526 [FXGL Background Thread 3 ] DEBUG Engine               - class com.almasb.fxgl.event.EventBusService
11:03:11.526 [FXGL Background Thread 3 ] DEBUG Engine               - class com.almasb.fxgl.io.FileSystemService
11:03:11.526 [FXGL Background Thread 3 ] DEBUG Engine               - class com.almasb.fxgl.localization.LocalizationService
11:03:11.526 [FXGL Background Thread 3 ] DEBUG Engine               - class com.almasb.fxgl.app.services.SystemBundleService
11:03:11.526 [FXGL Background Thread 3 ] DEBUG Engine               - class com.almasb.fxgl.profile.SaveLoadService
11:03:11.526 [FXGL Background Thread 3 ] DEBUG Engine               - class com.almasb.fxgl.ui.FXGLUIFactoryServiceProvider
11:03:11.526 [FXGL Background Thread 3 ] DEBUG Engine               - class com.almasb.fxgl.ui.FXGLDialogFactoryServiceProvider
11:03:11.526 [FXGL Background Thread 3 ] DEBUG Engine               - class com.almasb.fxgl.audio.AudioPlayer
11:03:11.526 [FXGL Background Thread 3 ] DEBUG Engine               - class com.almasb.fxgl.notification.impl.NotificationServiceProvider
11:03:11.526 [FXGL Background Thread 3 ] DEBUG Engine               - class com.almasb.fxgl.achievement.AchievementService
11:03:11.526 [FXGL Background Thread 3 ] DEBUG Engine               - class com.almasb.fxgl.cutscene.CutsceneService
11:03:11.526 [FXGL Background Thread 3 ] DEBUG Engine               - class com.almasb.fxgl.minigames.MiniGameService
11:03:11.527 [FXGL Background Thread 3 ] DEBUG Engine               - class com.almasb.fxgl.net.NetService
11:03:11.527 [FXGL Background Thread 3 ] DEBUG Engine               - class com.almasb.fxgl.app.services.UpdaterService
11:03:11.527 [FXGL Background Thread 3 ] DEBUG Engine               - class com.almasb.fxgl.dev.DevService
11:03:17.207 [JavaFX Application Thread] DEBUG PrimaryStageWindow   - Pop state: DialogSubScene
11:03:17.207 [JavaFX Application Thread] DEBUG Input                - Clearing active input actions
11:03:17.208 [JavaFX Application Thread] DEBUG GameApplicationServi - Removing overlay from DialogSubScene and adding to BattleShipMainMenu
11:03:17.208 [JavaFX Application Thread] DEBUG PrimaryStageWindow   - BattleShipMainMenu <- DialogSubScene
11:03:17.627 [JavaFX Application Thread] DEBUG Menu                 - fireNewGame()
11:03:17.627 [JavaFX Application Thread] DEBUG GameApplicationServi - Starting new game
11:03:17.627 [JavaFX Application Thread] DEBUG PrimaryStageWindow   - Pop state: BattleShipMainMenu
11:03:17.627 [JavaFX Application Thread] DEBUG Input                - Clearing active input actions
11:03:17.627 [JavaFX Application Thread] DEBUG GameApplicationServi - Removing overlay from BattleShipMainMenu and adding to FXGLMainMenuDummyScene
11:03:17.627 [JavaFX Application Thread] DEBUG PrimaryStageWindow   - FXGLMainMenuDummyScene <- BattleShipMainMenu
11:03:17.627 [JavaFX Application Thread] DEBUG Input                - Clearing active input actions
11:03:17.632 [JavaFX Application Thread] DEBUG GameApplicationServi - Removing overlay from FXGLMainMenuDummyScene and adding to FXGLLoadingScene
11:03:17.633 [JavaFX Application Thread] DEBUG PrimaryStageWindow   - FXGLMainMenuDummyScene -> FXGLLoadingScene
11:03:17.633 [JavaFX Application Thread] DEBUG GameApplicationServi - Clearing previous game
11:03:17.633 [JavaFX Application Thread] DEBUG GameScene            - Clearing game scene
11:03:17.633 [JavaFX Application Thread] DEBUG GameWorld            - Clearing game world
11:03:17.633 [JavaFX Application Thread] DEBUG PhysicsWorld         - Clearing physics world
11:03:17.634 [FXGL Background Thread 2 ] DEBUG FXGLApplication      - Initializing game
11:03:17.638 [FXGL Background Thread 2 ] DEBUG FXGLAssetLoaderServi - Loading from file system: file:/D:/battleShip/battleShip_FXGL/target/classes/assets/textures/bg.jpg
11:03:17.667 [FXGL Background Thread 2 ] DEBUG FXGLAssetLoaderServi - Loading from file system: file:/D:/battleShip/battleShip_FXGL/target/classes/assets/textures/ShipContainer.png
11:03:17.671 [FXGL Background Thread 2 ] DEBUG FXGLAssetLoaderServi - Loading from file system: file:/D:/battleShip/battleShip_FXGL/target/classes/assets/textures/ships/ship_b_5_h.png
11:03:17.685 [FXGL Background Thread 2 ] DEBUG FXGLAssetLoaderServi - Loading from file system: file:/D:/battleShip/battleShip_FXGL/target/classes/assets/textures/ships/ship_r_5_h.png
11:03:17.688 [FXGL Background Thread 2 ] DEBUG FXGLAssetLoaderServi - Loading from file system: file:/D:/battleShip/battleShip_FXGL/target/classes/assets/textures/ships/ship_b_4_h.png
11:03:17.690 [FXGL Background Thread 2 ] DEBUG FXGLAssetLoaderServi - Loading from file system: file:/D:/battleShip/battleShip_FXGL/target/classes/assets/textures/ships/ship_r_4_h.png
11:03:17.693 [FXGL Background Thread 2 ] DEBUG FXGLAssetLoaderServi - Loading from file system: file:/D:/battleShip/battleShip_FXGL/target/classes/assets/textures/ships/ship_b_3_2_h.png
11:03:17.697 [FXGL Background Thread 2 ] DEBUG FXGLAssetLoaderServi - Loading from file system: file:/D:/battleShip/battleShip_FXGL/target/classes/assets/textures/ships/ship_r_3_2_h.png
11:03:17.699 [FXGL Background Thread 2 ] DEBUG FXGLAssetLoaderServi - Loading from file system: file:/D:/battleShip/battleShip_FXGL/target/classes/assets/textures/ships/ship_b_3_1_h.png
11:03:17.701 [FXGL Background Thread 2 ] DEBUG FXGLAssetLoaderServi - Loading from file system: file:/D:/battleShip/battleShip_FXGL/target/classes/assets/textures/ships/ship_r_3_1_h.png
11:03:17.703 [FXGL Background Thread 2 ] DEBUG FXGLAssetLoaderServi - Loading from file system: file:/D:/battleShip/battleShip_FXGL/target/classes/assets/textures/ships/ship_b_2_h.png
11:03:17.705 [FXGL Background Thread 2 ] DEBUG FXGLAssetLoaderServi - Loading from file system: file:/D:/battleShip/battleShip_FXGL/target/classes/assets/textures/ships/ship_r_2_h.png
11:03:17.708 [FXGL Background Thread 2 ] DEBUG FXGLAssetLoaderServi - Loading from file system: file:/D:/battleShip/battleShip_FXGL/target/classes/assets/textures/Tile.png
11:03:17.729 [FXGL Background Thread 2 ] INFO  FXGLApplication      - Game initialization took: 0.095 sec
11:03:17.729 [JavaFX Application Thread] DEBUG Input                - Clearing active input actions
11:03:17.736 [JavaFX Application Thread] DEBUG GameApplicationServi - Removing overlay from FXGLLoadingScene and adding to GameScene
11:03:17.736 [JavaFX Application Thread] DEBUG PrimaryStageWindow   - FXGLLoadingScene -> GameScene
11:03:17.743 [JavaFX Application Thread] DEBUG FXGLAssetLoaderServi - Loading from file system: file:/D:/battleShip/battleShip_FXGL/target/classes/assets/textures/bg2.jpg
11:03:17.777 [JavaFX Application Thread] DEBUG PrimaryStageWindow   - Push state: DialogSubScene
11:03:17.778 [JavaFX Application Thread] DEBUG Input                - Clearing active input actions
11:03:17.778 [JavaFX Application Thread] DEBUG GameApplicationServi - Removing overlay from GameScene and adding to DialogSubScene
11:03:17.778 [JavaFX Application Thread] DEBUG PrimaryStageWindow   - GameScene -> DialogSubScene
11:03:20.663 [JavaFX Application Thread] DEBUG PrimaryStageWindow   - Pop state: DialogSubScene
11:03:20.664 [JavaFX Application Thread] DEBUG Input                - Clearing active input actions
11:03:20.664 [JavaFX Application Thread] DEBUG GameApplicationServi - Removing overlay from DialogSubScene and adding to GameScene
11:03:20.664 [JavaFX Application Thread] DEBUG PrimaryStageWindow   - GameScene <- DialogSubScene
11:03:20.664 [JavaFX Application Thread] DEBUG PrimaryStageWindow   - Push state: BluePlayerDeployScene
11:03:20.664 [JavaFX Application Thread] DEBUG Input                - Clearing active input actions
11:03:20.664 [JavaFX Application Thread] DEBUG GameApplicationServi - Removing overlay from GameScene and adding to BluePlayerDeployScene
11:03:20.665 [JavaFX Application Thread] DEBUG PrimaryStageWindow   - GameScene -> BluePlayerDeployScene
11:03:20.665 [JavaFX Application Thread] DEBUG PrimaryStageWindow   - Pop state: BluePlayerDeployScene
11:03:20.665 [JavaFX Application Thread] DEBUG Input                - Clearing active input actions
11:03:20.665 [JavaFX Application Thread] DEBUG GameApplicationServi - Removing overlay from BluePlayerDeployScene and adding to GameScene
11:03:20.665 [JavaFX Application Thread] DEBUG PrimaryStageWindow   - GameScene <- BluePlayerDeployScene
11:03:37.124 [JavaFX Application Thread] DEBUG PrimaryStageWindow   - Push state: DialogSubScene
11:03:37.125 [JavaFX Application Thread] DEBUG Input                - Clearing active input actions
11:03:37.125 [JavaFX Application Thread] DEBUG GameApplicationServi - Removing overlay from GameScene and adding to DialogSubScene
11:03:37.125 [JavaFX Application Thread] DEBUG PrimaryStageWindow   - GameScene -> DialogSubScene
11:03:39.020 [JavaFX Application Thread] DEBUG PrimaryStageWindow   - Pop state: DialogSubScene
11:03:39.020 [JavaFX Application Thread] DEBUG Input                - Clearing active input actions
11:03:39.021 [JavaFX Application Thread] DEBUG GameApplicationServi - Removing overlay from DialogSubScene and adding to GameScene
11:03:39.021 [JavaFX Application Thread] DEBUG PrimaryStageWindow   - GameScene <- DialogSubScene
11:03:39.830 [JavaFX Application Thread] DEBUG PrimaryStageWindow   - Push state: DialogSubScene
11:03:39.830 [JavaFX Application Thread] DEBUG Input                - Clearing active input actions
11:03:39.830 [JavaFX Application Thread] DEBUG GameApplicationServi - Removing overlay from GameScene and adding to DialogSubScene
11:03:39.830 [JavaFX Application Thread] DEBUG PrimaryStageWindow   - GameScene -> DialogSubScene
11:03:40.855 [JavaFX Application Thread] DEBUG PrimaryStageWindow   - Pop state: DialogSubScene
11:03:40.855 [JavaFX Application Thread] DEBUG Input                - Clearing active input actions
11:03:40.855 [JavaFX Application Thread] DEBUG GameApplicationServi - Removing overlay from DialogSubScene and adding to GameScene
11:03:40.855 [JavaFX Application Thread] DEBUG PrimaryStageWindow   - GameScene <- DialogSubScene
11:03:40.855 [JavaFX Application Thread] DEBUG PrimaryStageWindow   - Push state: RedPlayerDeployScene
11:03:40.856 [JavaFX Application Thread] DEBUG Input                - Clearing active input actions
11:03:40.856 [JavaFX Application Thread] DEBUG GameApplicationServi - Removing overlay from GameScene and adding to RedPlayerDeployScene
11:03:40.856 [JavaFX Application Thread] DEBUG PrimaryStageWindow   - GameScene -> RedPlayerDeployScene
11:03:40.856 [JavaFX Application Thread] DEBUG PrimaryStageWindow   - Pop state: RedPlayerDeployScene
11:03:40.856 [JavaFX Application Thread] DEBUG Input                - Clearing active input actions
11:03:40.856 [JavaFX Application Thread] DEBUG GameApplicationServi - Removing overlay from RedPlayerDeployScene and adding to GameScene
11:03:40.856 [JavaFX Application Thread] DEBUG PrimaryStageWindow   - GameScene <- RedPlayerDeployScene
11:03:49.218 [JavaFX Application Thread] DEBUG PrimaryStageWindow   - Push state: DialogSubScene
11:03:49.218 [JavaFX Application Thread] DEBUG Input                - Clearing active input actions
11:03:49.218 [JavaFX Application Thread] DEBUG GameApplicationServi - Removing overlay from GameScene and adding to DialogSubScene
11:03:49.218 [JavaFX Application Thread] DEBUG PrimaryStageWindow   - GameScene -> DialogSubScene
11:03:52.730 [JavaFX Application Thread] DEBUG PrimaryStageWindow   - Pop state: DialogSubScene
11:03:52.730 [JavaFX Application Thread] DEBUG Input                - Clearing active input actions
11:03:52.730 [JavaFX Application Thread] DEBUG GameApplicationServi - Removing overlay from DialogSubScene and adding to GameScene
11:03:52.730 [JavaFX Application Thread] DEBUG PrimaryStageWindow   - GameScene <- DialogSubScene
11:03:52.730 [JavaFX Application Thread] DEBUG PrimaryStageWindow   - Push state: RedPlayerScene
11:03:52.733 [JavaFX Application Thread] DEBUG Input                - Clearing active input actions
11:03:52.733 [JavaFX Application Thread] DEBUG GameApplicationServi - Removing overlay from GameScene and adding to RedPlayerScene
11:03:52.733 [JavaFX Application Thread] DEBUG PrimaryStageWindow   - GameScene -> RedPlayerScene
11:03:52.733 [JavaFX Application Thread] DEBUG PrimaryStageWindow   - Pop state: RedPlayerScene
11:03:52.734 [JavaFX Application Thread] DEBUG Input                - Clearing active input actions
11:03:52.734 [JavaFX Application Thread] DEBUG GameApplicationServi - Removing overlay from RedPlayerScene and adding to GameScene
11:03:52.734 [JavaFX Application Thread] DEBUG PrimaryStageWindow   - GameScene <- RedPlayerScene
11:03:54.207 [JavaFX Application Thread] DEBUG FXGLAssetLoaderServi - Loading from file system: file:/D:/battleShip/battleShip_FXGL/target/classes/assets/sounds/shot.wav
11:03:54.215 [JavaFX Application Thread] DEBUG FXGLAssetLoaderServi - Loading from file system: file:/D:/battleShip/battleShip_FXGL/target/classes/assets/textures/Player1.png
11:03:55.293 [JavaFX Application Thread] DEBUG FXGLAssetLoaderServi - Loading from file system: file:/D:/battleShip/battleShip_FXGL/target/classes/assets/textures/Player1Hit.png
11:03:55.294 [JavaFX Application Thread] DEBUG FXGLAssetLoaderServi - Loading from file system: file:/D:/battleShip/battleShip_FXGL/target/classes/assets/sounds/hit.wav
11:03:55.593 [JavaFX Application Thread] DEBUG PrimaryStageWindow   - Push state: DialogSubScene
11:03:55.593 [JavaFX Application Thread] DEBUG Input                - Clearing active input actions
11:03:55.593 [JavaFX Application Thread] DEBUG GameApplicationServi - Removing overlay from GameScene and adding to DialogSubScene
11:03:55.593 [JavaFX Application Thread] DEBUG PrimaryStageWindow   - GameScene -> DialogSubScene
11:04:15.503 [JavaFX Application Thread] DEBUG PrimaryStageWindow   - Pop state: DialogSubScene
11:04:15.503 [JavaFX Application Thread] DEBUG Input                - Clearing active input actions
11:04:15.503 [JavaFX Application Thread] DEBUG GameApplicationServi - Removing overlay from DialogSubScene and adding to GameScene
11:04:15.503 [JavaFX Application Thread] DEBUG PrimaryStageWindow   - GameScene <- DialogSubScene
11:04:15.992 [JavaFX Application Thread] DEBUG PrimaryStageWindow   - Push state: DialogSubScene
11:04:15.993 [JavaFX Application Thread] DEBUG Input                - Clearing active input actions
11:04:15.993 [JavaFX Application Thread] DEBUG GameApplicationServi - Removing overlay from GameScene and adding to DialogSubScene
11:04:15.993 [JavaFX Application Thread] DEBUG PrimaryStageWindow   - GameScene -> DialogSubScene
11:04:16.932 [JavaFX Application Thread] DEBUG PrimaryStageWindow   - Pop state: DialogSubScene
11:04:16.932 [JavaFX Application Thread] DEBUG Input                - Clearing active input actions
11:04:16.933 [JavaFX Application Thread] DEBUG GameApplicationServi - Removing overlay from DialogSubScene and adding to GameScene
11:04:16.933 [JavaFX Application Thread] DEBUG PrimaryStageWindow   - GameScene <- DialogSubScene
11:04:16.933 [JavaFX Application Thread] DEBUG PrimaryStageWindow   - Push state: BluePlayerScene
11:04:16.934 [JavaFX Application Thread] DEBUG Input                - Clearing active input actions
11:04:16.934 [JavaFX Application Thread] DEBUG GameApplicationServi - Removing overlay from GameScene and adding to BluePlayerScene
11:04:16.934 [JavaFX Application Thread] DEBUG PrimaryStageWindow   - GameScene -> BluePlayerScene
11:04:16.934 [JavaFX Application Thread] DEBUG PrimaryStageWindow   - Pop state: BluePlayerScene
11:04:16.934 [JavaFX Application Thread] DEBUG Input                - Clearing active input actions
11:04:16.934 [JavaFX Application Thread] DEBUG GameApplicationServi - Removing overlay from BluePlayerScene and adding to GameScene
11:04:16.934 [JavaFX Application Thread] DEBUG PrimaryStageWindow   - GameScene <- BluePlayerScene
11:04:20.569 [JavaFX Application Thread] DEBUG PrimaryStageWindow   - Push state: DialogSubScene
11:04:20.569 [JavaFX Application Thread] DEBUG Input                - Clearing active input actions
11:04:20.569 [JavaFX Application Thread] DEBUG GameApplicationServi - Removing overlay from GameScene and adding to DialogSubScene
11:04:20.569 [JavaFX Application Thread] DEBUG PrimaryStageWindow   - GameScene -> DialogSubScene
11:04:22.308 [JavaFX Application Thread] DEBUG PrimaryStageWindow   - Pop state: DialogSubScene
11:04:22.308 [JavaFX Application Thread] DEBUG Input                - Clearing active input actions
11:04:22.309 [JavaFX Application Thread] DEBUG GameApplicationServi - Removing overlay from DialogSubScene and adding to GameScene
11:04:22.309 [JavaFX Application Thread] DEBUG PrimaryStageWindow   - GameScene <- DialogSubScene
11:04:22.793 [JavaFX Application Thread] DEBUG PrimaryStageWindow   - Push state: DialogSubScene
11:04:22.793 [JavaFX Application Thread] DEBUG Input                - Clearing active input actions
11:04:22.793 [JavaFX Application Thread] DEBUG GameApplicationServi - Removing overlay from GameScene and adding to DialogSubScene
11:04:22.793 [JavaFX Application Thread] DEBUG PrimaryStageWindow   - GameScene -> DialogSubScene
11:04:24.219 [JavaFX Application Thread] DEBUG PrimaryStageWindow   - Pop state: DialogSubScene
11:04:24.219 [JavaFX Application Thread] DEBUG Input                - Clearing active input actions
11:04:24.220 [JavaFX Application Thread] DEBUG GameApplicationServi - Removing overlay from DialogSubScene and adding to GameScene
11:04:24.220 [JavaFX Application Thread] DEBUG PrimaryStageWindow   - GameScene <- DialogSubScene
11:04:24.220 [JavaFX Application Thread] DEBUG PrimaryStageWindow   - Push state: RedPlayerScene
11:04:24.220 [JavaFX Application Thread] DEBUG Input                - Clearing active input actions
11:04:24.220 [JavaFX Application Thread] DEBUG GameApplicationServi - Removing overlay from GameScene and adding to RedPlayerScene
11:04:24.220 [JavaFX Application Thread] DEBUG PrimaryStageWindow   - GameScene -> RedPlayerScene
11:04:24.221 [JavaFX Application Thread] DEBUG PrimaryStageWindow   - Pop state: RedPlayerScene
11:04:24.221 [JavaFX Application Thread] DEBUG Input                - Clearing active input actions
11:04:24.221 [JavaFX Application Thread] DEBUG GameApplicationServi - Removing overlay from RedPlayerScene and adding to GameScene
11:04:24.221 [JavaFX Application Thread] DEBUG PrimaryStageWindow   - GameScene <- RedPlayerScene
11:04:26.824 [JavaFX Application Thread] DEBUG PrimaryStageWindow   - Push state: DialogSubScene
11:04:26.825 [JavaFX Application Thread] DEBUG Input                - Clearing active input actions
11:04:26.825 [JavaFX Application Thread] DEBUG GameApplicationServi - Removing overlay from GameScene and adding to DialogSubScene
11:04:26.825 [JavaFX Application Thread] DEBUG PrimaryStageWindow   - GameScene -> DialogSubScene
11:04:28.532 [JavaFX Application Thread] DEBUG PrimaryStageWindow   - Pop state: DialogSubScene
11:04:28.533 [JavaFX Application Thread] DEBUG Input                - Clearing active input actions
11:04:28.533 [JavaFX Application Thread] DEBUG GameApplicationServi - Removing overlay from DialogSubScene and adding to GameScene
11:04:28.533 [JavaFX Application Thread] DEBUG PrimaryStageWindow   - GameScene <- DialogSubScene
11:04:28.533 [JavaFX Application Thread] DEBUG PrimaryStageWindow   - Push state: BluePlayerScene
11:04:28.533 [JavaFX Application Thread] DEBUG Input                - Clearing active input actions
11:04:28.533 [JavaFX Application Thread] DEBUG GameApplicationServi - Removing overlay from GameScene and adding to BluePlayerScene
11:04:28.534 [JavaFX Application Thread] DEBUG PrimaryStageWindow   - GameScene -> BluePlayerScene
11:04:28.534 [JavaFX Application Thread] DEBUG PrimaryStageWindow   - Pop state: BluePlayerScene
11:04:28.534 [JavaFX Application Thread] DEBUG Input                - Clearing active input actions
11:04:28.534 [JavaFX Application Thread] DEBUG GameApplicationServi - Removing overlay from BluePlayerScene and adding to GameScene
11:04:28.534 [JavaFX Application Thread] DEBUG PrimaryStageWindow   - GameScene <- BluePlayerScene
11:04:30.008 [JavaFX Application Thread] DEBUG PrimaryStageWindow   - Push state: DialogSubScene
11:04:30.009 [JavaFX Application Thread] DEBUG Input                - Clearing active input actions
11:04:30.009 [JavaFX Application Thread] DEBUG GameApplicationServi - Removing overlay from GameScene and adding to DialogSubScene
11:04:30.009 [JavaFX Application Thread] DEBUG PrimaryStageWindow   - GameScene -> DialogSubScene
11:04:31.826 [JavaFX Application Thread] DEBUG PrimaryStageWindow   - Pop state: DialogSubScene
11:04:31.827 [JavaFX Application Thread] DEBUG Input                - Clearing active input actions
11:04:31.827 [JavaFX Application Thread] DEBUG GameApplicationServi - Removing overlay from DialogSubScene and adding to GameScene
11:04:31.827 [JavaFX Application Thread] DEBUG PrimaryStageWindow   - GameScene <- DialogSubScene
11:04:31.827 [JavaFX Application Thread] DEBUG PrimaryStageWindow   - Push state: RedPlayerScene
11:04:31.827 [JavaFX Application Thread] DEBUG Input                - Clearing active input actions
11:04:31.827 [JavaFX Application Thread] DEBUG GameApplicationServi - Removing overlay from GameScene and adding to RedPlayerScene
11:04:31.827 [JavaFX Application Thread] DEBUG PrimaryStageWindow   - GameScene -> RedPlayerScene
11:04:31.828 [JavaFX Application Thread] DEBUG PrimaryStageWindow   - Pop state: RedPlayerScene
11:04:31.828 [JavaFX Application Thread] DEBUG Input                - Clearing active input actions
11:04:31.828 [JavaFX Application Thread] DEBUG GameApplicationServi - Removing overlay from RedPlayerScene and adding to GameScene
11:04:31.828 [JavaFX Application Thread] DEBUG PrimaryStageWindow   - GameScene <- RedPlayerScene
11:04:34.392 [JavaFX Application Thread] DEBUG PrimaryStageWindow   - Push state: DialogSubScene
11:04:34.393 [JavaFX Application Thread] DEBUG Input                - Clearing active input actions
11:04:34.393 [JavaFX Application Thread] DEBUG GameApplicationServi - Removing overlay from GameScene and adding to DialogSubScene
11:04:34.393 [JavaFX Application Thread] DEBUG PrimaryStageWindow   - GameScene -> DialogSubScene
11:04:35.838 [JavaFX Application Thread] DEBUG PrimaryStageWindow   - Pop state: DialogSubScene
11:04:35.838 [JavaFX Application Thread] DEBUG Input                - Clearing active input actions
11:04:35.838 [JavaFX Application Thread] DEBUG GameApplicationServi - Removing overlay from DialogSubScene and adding to GameScene
11:04:35.838 [JavaFX Application Thread] DEBUG PrimaryStageWindow   - GameScene <- DialogSubScene
11:04:35.838 [JavaFX Application Thread] DEBUG PrimaryStageWindow   - Push state: BluePlayerScene
11:04:35.838 [JavaFX Application Thread] DEBUG Input                - Clearing active input actions
11:04:35.839 [JavaFX Application Thread] DEBUG GameApplicationServi - Removing overlay from GameScene and adding to BluePlayerScene
11:04:35.839 [JavaFX Application Thread] DEBUG PrimaryStageWindow   - GameScene -> BluePlayerScene
11:04:35.839 [JavaFX Application Thread] DEBUG PrimaryStageWindow   - Pop state: BluePlayerScene
11:04:35.839 [JavaFX Application Thread] DEBUG Input                - Clearing active input actions
11:04:35.839 [JavaFX Application Thread] DEBUG GameApplicationServi - Removing overlay from BluePlayerScene and adding to GameScene
11:04:35.839 [JavaFX Application Thread] DEBUG PrimaryStageWindow   - GameScene <- BluePlayerScene
11:04:38.408 [JavaFX Application Thread] DEBUG PrimaryStageWindow   - Push state: DialogSubScene
11:04:38.409 [JavaFX Application Thread] DEBUG Input                - Clearing active input actions
11:04:38.409 [JavaFX Application Thread] DEBUG GameApplicationServi - Removing overlay from GameScene and adding to DialogSubScene
11:04:38.409 [JavaFX Application Thread] DEBUG PrimaryStageWindow   - GameScene -> DialogSubScene
11:04:39.261 [JavaFX Application Thread] DEBUG PrimaryStageWindow   - Pop state: DialogSubScene
11:04:39.261 [JavaFX Application Thread] DEBUG Input                - Clearing active input actions
11:04:39.262 [JavaFX Application Thread] DEBUG GameApplicationServi - Removing overlay from DialogSubScene and adding to GameScene
11:04:39.262 [JavaFX Application Thread] DEBUG PrimaryStageWindow   - GameScene <- DialogSubScene
11:04:39.262 [JavaFX Application Thread] DEBUG PrimaryStageWindow   - Push state: RedPlayerScene
11:04:39.262 [JavaFX Application Thread] DEBUG Input                - Clearing active input actions
11:04:39.262 [JavaFX Application Thread] DEBUG GameApplicationServi - Removing overlay from GameScene and adding to RedPlayerScene
11:04:39.262 [JavaFX Application Thread] DEBUG PrimaryStageWindow   - GameScene -> RedPlayerScene
11:04:39.262 [JavaFX Application Thread] DEBUG PrimaryStageWindow   - Pop state: RedPlayerScene
11:04:39.262 [JavaFX Application Thread] DEBUG Input                - Clearing active input actions
11:04:39.262 [JavaFX Application Thread] DEBUG GameApplicationServi - Removing overlay from RedPlayerScene and adding to GameScene
11:04:39.262 [JavaFX Application Thread] DEBUG PrimaryStageWindow   - GameScene <- RedPlayerScene
11:04:42.296 [JavaFX Application Thread] DEBUG PrimaryStageWindow   - Push state: DialogSubScene
11:04:42.297 [JavaFX Application Thread] DEBUG Input                - Clearing active input actions
11:04:42.297 [JavaFX Application Thread] DEBUG GameApplicationServi - Removing overlay from GameScene and adding to DialogSubScene
11:04:42.297 [JavaFX Application Thread] DEBUG PrimaryStageWindow   - GameScene -> DialogSubScene
11:04:43.079 [JavaFX Application Thread] DEBUG PrimaryStageWindow   - Pop state: DialogSubScene
11:04:43.079 [JavaFX Application Thread] DEBUG Input                - Clearing active input actions
11:04:43.080 [JavaFX Application Thread] DEBUG GameApplicationServi - Removing overlay from DialogSubScene and adding to GameScene
11:04:43.080 [JavaFX Application Thread] DEBUG PrimaryStageWindow   - GameScene <- DialogSubScene
11:04:43.080 [JavaFX Application Thread] DEBUG PrimaryStageWindow   - Push state: BluePlayerScene
11:04:43.080 [JavaFX Application Thread] DEBUG Input                - Clearing active input actions
11:04:43.080 [JavaFX Application Thread] DEBUG GameApplicationServi - Removing overlay from GameScene and adding to BluePlayerScene
11:04:43.080 [JavaFX Application Thread] DEBUG PrimaryStageWindow   - GameScene -> BluePlayerScene
11:04:43.080 [JavaFX Application Thread] DEBUG PrimaryStageWindow   - Pop state: BluePlayerScene
11:04:43.081 [JavaFX Application Thread] DEBUG Input                - Clearing active input actions
11:04:43.081 [JavaFX Application Thread] DEBUG GameApplicationServi - Removing overlay from BluePlayerScene and adding to GameScene
11:04:43.081 [JavaFX Application Thread] DEBUG PrimaryStageWindow   - GameScene <- BluePlayerScene
11:04:44.616 [JavaFX Application Thread] DEBUG PrimaryStageWindow   - Push state: DialogSubScene
11:04:44.617 [JavaFX Application Thread] DEBUG Input                - Clearing active input actions
11:04:44.617 [JavaFX Application Thread] DEBUG GameApplicationServi - Removing overlay from GameScene and adding to DialogSubScene
11:04:44.617 [JavaFX Application Thread] DEBUG PrimaryStageWindow   - GameScene -> DialogSubScene
11:04:46.842 [JavaFX Application Thread] DEBUG PrimaryStageWindow   - Pop state: DialogSubScene
11:04:46.842 [JavaFX Application Thread] DEBUG Input                - Clearing active input actions
11:04:46.842 [JavaFX Application Thread] DEBUG GameApplicationServi - Removing overlay from DialogSubScene and adding to GameScene
11:04:46.842 [JavaFX Application Thread] DEBUG PrimaryStageWindow   - GameScene <- DialogSubScene
11:04:47.336 [JavaFX Application Thread] DEBUG PrimaryStageWindow   - Push state: DialogSubScene
11:04:47.337 [JavaFX Application Thread] DEBUG Input                - Clearing active input actions
11:04:47.337 [JavaFX Application Thread] DEBUG GameApplicationServi - Removing overlay from GameScene and adding to DialogSubScene
11:04:47.337 [JavaFX Application Thread] DEBUG PrimaryStageWindow   - GameScene -> DialogSubScene
11:04:48.178 [JavaFX Application Thread] DEBUG PrimaryStageWindow   - Pop state: DialogSubScene
11:04:48.178 [JavaFX Application Thread] DEBUG Input                - Clearing active input actions
11:04:48.179 [JavaFX Application Thread] DEBUG GameApplicationServi - Removing overlay from DialogSubScene and adding to GameScene
11:04:48.179 [JavaFX Application Thread] DEBUG PrimaryStageWindow   - GameScene <- DialogSubScene
11:04:48.179 [JavaFX Application Thread] DEBUG PrimaryStageWindow   - Push state: RedPlayerScene
11:04:48.179 [JavaFX Application Thread] DEBUG Input                - Clearing active input actions
11:04:48.179 [JavaFX Application Thread] DEBUG GameApplicationServi - Removing overlay from GameScene and adding to RedPlayerScene
11:04:48.179 [JavaFX Application Thread] DEBUG PrimaryStageWindow   - GameScene -> RedPlayerScene
11:04:48.180 [JavaFX Application Thread] DEBUG PrimaryStageWindow   - Pop state: RedPlayerScene
11:04:48.180 [JavaFX Application Thread] DEBUG Input                - Clearing active input actions
11:04:48.180 [JavaFX Application Thread] DEBUG GameApplicationServi - Removing overlay from RedPlayerScene and adding to GameScene
11:04:48.180 [JavaFX Application Thread] DEBUG PrimaryStageWindow   - GameScene <- RedPlayerScene
11:04:48.599 [JavaFX Application Thread] DEBUG PrimaryStageWindow   - Push state: SimpleGameMenu
11:04:48.600 [JavaFX Application Thread] DEBUG Input                - Clearing active input actions
11:04:48.600 [JavaFX Application Thread] DEBUG GameApplicationServi - Removing overlay from GameScene and adding to SimpleGameMenu
11:04:48.600 [JavaFX Application Thread] DEBUG PrimaryStageWindow   - GameScene -> SimpleGameMenu
11:04:49.173 [JavaFX Application Thread] DEBUG Menu                 - fireExitToMainMenu()
11:04:49.174 [JavaFX Application Thread] DEBUG PrimaryStageWindow   - Push state: DialogSubScene
11:04:49.174 [JavaFX Application Thread] DEBUG Input                - Clearing active input actions
11:04:49.174 [JavaFX Application Thread] DEBUG GameApplicationServi - Removing overlay from SimpleGameMenu and adding to DialogSubScene
11:04:49.174 [JavaFX Application Thread] DEBUG PrimaryStageWindow   - SimpleGameMenu -> DialogSubScene
11:04:49.594 [JavaFX Application Thread] DEBUG PrimaryStageWindow   - Pop state: DialogSubScene
11:04:49.594 [JavaFX Application Thread] DEBUG Input                - Clearing active input actions
11:04:49.594 [JavaFX Application Thread] DEBUG GameApplicationServi - Removing overlay from DialogSubScene and adding to SimpleGameMenu
11:04:49.594 [JavaFX Application Thread] DEBUG PrimaryStageWindow   - SimpleGameMenu <- DialogSubScene
11:04:49.594 [JavaFX Application Thread] DEBUG PrimaryStageWindow   - Pop state: SimpleGameMenu
11:04:49.594 [JavaFX Application Thread] DEBUG Input                - Clearing active input actions
11:04:49.594 [JavaFX Application Thread] DEBUG GameApplicationServi - Removing overlay from SimpleGameMenu and adding to GameScene
11:04:49.594 [JavaFX Application Thread] DEBUG PrimaryStageWindow   - GameScene <- SimpleGameMenu
11:04:49.594 [JavaFX Application Thread] DEBUG Input                - Clearing active input actions
11:04:49.598 [JavaFX Application Thread] DEBUG GameApplicationServi - Removing overlay from GameScene and adding to FXGLMainMenuDummyScene
11:04:49.598 [JavaFX Application Thread] DEBUG PrimaryStageWindow   - GameScene -> FXGLMainMenuDummyScene
11:04:49.598 [JavaFX Application Thread] DEBUG PrimaryStageWindow   - Push state: BattleShipMainMenu
11:04:49.598 [JavaFX Application Thread] DEBUG Input                - Clearing active input actions
11:04:49.598 [JavaFX Application Thread] DEBUG GameApplicationServi - Removing overlay from FXGLMainMenuDummyScene and adding to BattleShipMainMenu
11:04:49.598 [JavaFX Application Thread] DEBUG PrimaryStageWindow   - FXGLMainMenuDummyScene -> BattleShipMainMenu
11:04:50.550 [JavaFX Application Thread] DEBUG Menu                 - fireExit()
11:04:50.551 [JavaFX Application Thread] DEBUG PrimaryStageWindow   - Push state: DialogSubScene
11:04:50.551 [JavaFX Application Thread] DEBUG Input                - Clearing active input actions
11:04:50.552 [JavaFX Application Thread] DEBUG GameApplicationServi - Removing overlay from BattleShipMainMenu and adding to DialogSubScene
11:04:50.552 [JavaFX Application Thread] DEBUG PrimaryStageWindow   - BattleShipMainMenu -> DialogSubScene
11:04:51.173 [JavaFX Application Thread] DEBUG PrimaryStageWindow   - Pop state: DialogSubScene
11:04:51.173 [JavaFX Application Thread] DEBUG Input                - Clearing active input actions
11:04:51.174 [JavaFX Application Thread] DEBUG GameApplicationServi - Removing overlay from DialogSubScene and adding to BattleShipMainMenu
11:04:51.174 [JavaFX Application Thread] DEBUG PrimaryStageWindow   - BattleShipMainMenu <- DialogSubScene
11:04:51.174 [JavaFX Application Thread] DEBUG FXGLApplication      - Exiting FXGL
11:04:51.174 [JavaFX Application Thread] DEBUG LoopRunner           - Stopping loop
11:04:51.174 [JavaFX Application Thread] DEBUG SystemBundleService  - Saving FXGL system data
11:04:51.175 [JavaFX Application Thread] DEBUG FileSystemAccess     - Writing to: D:\battleShip\battleShip_FXGL\system\fxgl.bundle
11:04:51.176 [JavaFX Application Thread] DEBUG Async                - Shutting down background threads
11:04:51.177 [JavaFX Application Thread] DEBUG PrimaryStageWindow   - Closing main window
11:04:51.191 [JavaFX Application Thread] DEBUG Logger               - Closing Logger
