11:18:06.632 [main                     ] DEBUG Logger               - Configured Logger
11:18:06.656 [main                     ] DEBUG GameApplication      - Logging settings
Title: BattleShip_FXGL
Version: 0.1
Width: 1920
Height: 1080
Fullscreen: true
Intro: false
Profiling: false
Single step:false
App Mode: DEVELOPER
Menu Key: ESCAPE
Stage Style: DECORATED
Scene Factory: class fi.utu.tech.gui.javafx.fxgl.BattleShipApp$1

11:18:06.994 [JavaFX Application Thread] DEBUG FXGLApplication      - Initializing FXGL
11:18:06.995 [JavaFX Application Thread] INFO  Engine               - FXGL-11.14 (01.03.2021 16.59) on WINDOWS (J:11.0.10 FX:15)
11:18:06.995 [JavaFX Application Thread] DEBUG Engine               - JRE Vendor Name: Amazon.com Inc.
11:18:06.996 [JavaFX Application Thread] DEBUG Engine               - Running on OS: Windows 10 version 10.0
11:18:06.996 [JavaFX Application Thread] DEBUG Engine               - Architecture: amd64
11:18:06.996 [JavaFX Application Thread] INFO  Engine               - Source code and latest versions at: https://github.com/AlmasB/FXGL
11:18:06.996 [JavaFX Application Thread] INFO  Engine               -              Join the FXGL chat at: https://gitter.im/AlmasB/FXGL
11:18:07.078 [JavaFX Application Thread] DEBUG PrimaryStageWindow   - Creating a JavaFX scene
11:18:07.128 [JavaFX Application Thread] DEBUG PrimaryStageWindow   - Target settings size: 1920.0 x 1080.0
11:18:07.128 [JavaFX Application Thread] DEBUG PrimaryStageWindow   - Scaled scene size:    1920.0 x 1080.0
11:18:07.128 [JavaFX Application Thread] DEBUG PrimaryStageWindow   - Scaled ratio: (1.0, 1.0)
11:18:07.129 [JavaFX Application Thread] DEBUG PrimaryStageWindow   - Set initial scene to FXGLStartupScene
11:18:07.136 [JavaFX Application Thread] DEBUG PrimaryStageWindow   - Opening main window
11:18:07.211 [JavaFX Application Thread] DEBUG PrimaryStageWindow   - Window border size: (16.0, 39.0)
11:18:07.212 [JavaFX Application Thread] DEBUG PrimaryStageWindow   - Scaled size: 1920.0 x 1080.0
11:18:07.212 [JavaFX Application Thread] DEBUG PrimaryStageWindow   - Scaled ratio: (1.0, 1.0)
11:18:07.212 [JavaFX Application Thread] DEBUG PrimaryStageWindow   - Scene size: 1920.0 x 1080.0
11:18:07.212 [JavaFX Application Thread] DEBUG PrimaryStageWindow   - Stage size: 1936.0 x 1119.0
11:18:07.264 [JavaFX Application Thread] DEBUG PrimaryStageWindow   - Going fullscreen
11:18:07.283 [FXGL Background Thread 1 ] DEBUG Engine               - Initializing environment variables
11:18:07.326 [FXGL Background Thread 1 ] DEBUG FXGLAssetLoaderServi - User app class for loading assets: class fi.utu.tech.gui.javafx.fxgl.BattleShipApp
11:18:07.326 [FXGL Background Thread 1 ] DEBUG GameApplicationServi - Applying CSS: fxgl_dark.css
11:18:07.327 [FXGL Background Thread 1 ] DEBUG FXGLAssetLoaderServi - Loading from file system: jar:file:///C:/Users/box69/.m2/repository/com/github/almasb/fxgl/11.14/fxgl-11.14.jar!/fxglassets/ui/css/fxgl_dark.css
11:18:07.368 [FXGL Background Thread 1 ] DEBUG GameApplicationServi - Initializing application scenes
11:18:07.438 [FXGL Background Thread 1 ] DEBUG GameWorld            - Game world initialized
11:18:07.492 [FXGL Background Thread 1 ] DEBUG PhysicsWorld         - Physics world initialized: appHeight=1080, physics.ppm=50.0
11:18:07.493 [FXGL Background Thread 1 ] DEBUG PhysicsWorld         - Using strategy: BRUTE_FORCE
11:18:07.497 [FXGL Background Thread 1 ] DEBUG GameScene            - Game scene initialized: 1920x1080
11:18:07.502 [FXGL Background Thread 1 ] DEBUG FXGLAssetLoaderServi - Loading from file system: file:/D:/battleShip/battleShip_FXGL/target/classes/assets/textures/Nebula_Red.png
11:18:07.709 [FXGL Background Thread 1 ] DEBUG FXGLAssetLoaderServi - Loading from file system: jar:file:///C:/Users/box69/.m2/repository/com/github/almasb/fxgl/11.14/fxgl-11.14.jar!/fxglassets/textures/pause_menu_bg.png
11:18:07.739 [FXGL Background Thread 1 ] DEBUG GameApplicationServi - Application scenes initialized
11:18:07.750 [FXGL Background Thread 1 ] DEBUG SystemBundleService  - Loading FXGL system data
11:18:07.754 [FXGL Background Thread 1 ] DEBUG FileSystemAccess     - Reading from: D:\battleShip\battleShip_FXGL\system\fxgl.bundle
11:18:07.760 [FXGL Background Thread 1 ] DEBUG SystemBundleService  - Bundle FXGL: {}
11:18:07.760 [FXGL Background Thread 1 ] DEBUG UpdaterService       - Checking for updates
11:18:07.765 [FXGL Background Thread 4 ] DEBUG FXGLApplication      - Loading fonts
11:18:07.766 [FXGL Background Thread 4 ] DEBUG FXGLAssetLoaderServi - Loading from file system: jar:file:///C:/Users/box69/.m2/repository/com/github/almasb/fxgl/11.14/fxgl-11.14.jar!/fxglassets/ui/fonts/VarelaRound-Regular.ttf
11:18:07.767 [FXGL Background Thread 1 ] DEBUG FXGLApplication      - Loading default localization
11:18:07.769 [FXGL Background Thread 1 ] DEBUG FXGLAssetLoaderServi - Loading from file system: jar:file:///C:/Users/box69/.m2/repository/com/github/almasb/fxgl/11.14/fxgl-11.14.jar!/fxglassets/languages/english.lang
11:18:07.791 [FXGL Background Thread 1 ] INFO  FXGLApplication      - FXGL initialization took: 0.508 sec
11:18:07.808 [JavaFX Application Thread] DEBUG Input                - Registered new binding: Change Scene - Space
11:18:07.809 [JavaFX Application Thread] DEBUG Input                - Registered new binding: action0 - R
11:18:07.810 [JavaFX Application Thread] DEBUG Input                - Registered new binding: Deploy - RMB
11:18:07.810 [JavaFX Application Thread] DEBUG Input                - Registered new binding: Attack - LMB
11:18:07.810 [JavaFX Application Thread] DEBUG FXGLAssetLoaderServi - Loading from file system: file:/D:/battleShip/battleShip_FXGL/target/classes/assets/music/CrashedShip.mp3
11:18:07.969 [JavaFX Application Thread] DEBUG AudioPlayer          - Playing music com.almasb.fxgl.audio.Music@29c5146b
11:18:07.970 [JavaFX Application Thread] DEBUG FXGLAssetLoaderServi - Loading from file system: jar:file:///C:/Users/box69/.m2/repository/com/github/almasb/fxgl/11.14/fxgl-11.14.jar!/fxglassets/textures/fxgl_icon.png
11:18:07.988 [JavaFX Application Thread] DEBUG FXGLAssetLoaderServi - Loading from file system: jar:file:///C:/Users/box69/.m2/repository/com/github/almasb/fxgl/11.14/fxgl-11.14.jar!/fxglassets/ui/cursors/fxgl_default.png
11:18:07.989 [JavaFX Application Thread] DEBUG Input                - Registered new binding: Screenshot - P
11:18:07.990 [JavaFX Application Thread] DEBUG Input                - Registered new binding: System info dump - CTRL+9
11:18:07.990 [JavaFX Application Thread] DEBUG Input                - Registered new binding: Restart - CTRL+R
11:18:07.991 [JavaFX Application Thread] DEBUG Input                - Registered new binding: Toggle Debug Camera - CTRL+C
11:18:07.992 [JavaFX Application Thread] DEBUG LoopRunner           - Starting loop
11:18:07.992 [JavaFX Application Thread] DEBUG LoopRunner           - Initializing JavaFX AnimationTimerLoop
11:18:07.994 [JavaFX Application Thread] DEBUG Input                - Clearing active input actions
11:18:08.002 [JavaFX Application Thread] DEBUG GameApplicationServi - Removing overlay from FXGLStartupScene and adding to FXGLMainMenuDummyScene
11:18:08.002 [JavaFX Application Thread] DEBUG PrimaryStageWindow   - FXGLStartupScene -> FXGLMainMenuDummyScene
11:18:08.002 [JavaFX Application Thread] DEBUG PrimaryStageWindow   - Push state: BattleShipMainMenu
11:18:08.002 [JavaFX Application Thread] DEBUG Input                - Clearing active input actions
11:18:08.005 [JavaFX Application Thread] DEBUG GameApplicationServi - Removing overlay from FXGLMainMenuDummyScene and adding to BattleShipMainMenu
11:18:08.006 [JavaFX Application Thread] DEBUG PrimaryStageWindow   - FXGLMainMenuDummyScene -> BattleShipMainMenu
11:18:08.206 [FXGL Background Thread 4 ] DEBUG FXGLAssetLoaderServi - Loading from file system: jar:file:///C:/Users/box69/.m2/repository/com/github/almasb/fxgl/11.14/fxgl-11.14.jar!/fxglassets/ui/fonts/Abel-Regular.ttf
11:18:08.209 [FXGL Background Thread 4 ] DEBUG FXGLAssetLoaderServi - Loading from file system: jar:file:///C:/Users/box69/.m2/repository/com/github/almasb/fxgl/11.14/fxgl-11.14.jar!/fxglassets/ui/fonts/lucida_console.ttf
11:18:08.213 [FXGL Background Thread 4 ] DEBUG FXGLAssetLoaderServi - Loading from file system: jar:file:///C:/Users/box69/.m2/repository/com/github/almasb/fxgl/11.14/fxgl-11.14.jar!/fxglassets/ui/fonts/Courier-Prime.ttf
11:18:08.218 [JavaFX Application Thread] DEBUG FXGLApplication      - Registering font factories with UI factory
11:18:08.721 [JavaFX Application Thread] DEBUG PrimaryStageWindow   - Push state: DialogSubScene
11:18:08.721 [JavaFX Application Thread] DEBUG Input                - Clearing active input actions
11:18:08.724 [JavaFX Application Thread] DEBUG GameApplicationServi - Removing overlay from BattleShipMainMenu and adding to DialogSubScene
11:18:08.724 [JavaFX Application Thread] DEBUG PrimaryStageWindow   - BattleShipMainMenu -> DialogSubScene
11:18:10.764 [FXGL Background Thread 3 ] DEBUG Engine               - Logging environment variables
11:18:10.764 [FXGL Background Thread 3 ] DEBUG Engine               - achievements: []
11:18:10.765 [FXGL Background Thread 3 ] DEBUG Engine               - actualHeight: 1080.0
11:18:10.765 [FXGL Background Thread 3 ] DEBUG Engine               - actualHeightProperty: ReadOnlyDoubleProperty [value: 1080.0]
11:18:10.765 [FXGL Background Thread 3 ] DEBUG Engine               - actualWidth: 1920.0
11:18:10.765 [FXGL Background Thread 3 ] DEBUG Engine               - actualWidthProperty: ReadOnlyDoubleProperty [value: 1920.0]
11:18:10.765 [FXGL Background Thread 3 ] DEBUG Engine               - appIcon: fxgl_icon.png
11:18:10.765 [FXGL Background Thread 3 ] DEBUG Engine               - applicationMode: DEVELOPER
11:18:10.765 [FXGL Background Thread 3 ] DEBUG Engine               - cSSList: [fxgl_dark.css]
11:18:10.765 [FXGL Background Thread 3 ] DEBUG Engine               - collisionDetectionStrategy: BRUTE_FORCE
11:18:10.765 [FXGL Background Thread 3 ] DEBUG Engine               - configClass: Optional.empty
11:18:10.765 [FXGL Background Thread 3 ] DEBUG Engine               - credits: []
11:18:10.766 [FXGL Background Thread 3 ] DEBUG Engine               - devBBoxColorProperty: ObjectProperty [value: 0xff0000ff]
11:18:10.766 [FXGL Background Thread 3 ] DEBUG Engine               - devEnableDebugCameraProperty: BooleanProperty [value: false]
11:18:10.766 [FXGL Background Thread 3 ] DEBUG Engine               - devSensorColorProperty: ObjectProperty [value: 0xffff00ff]
11:18:10.766 [FXGL Background Thread 3 ] DEBUG Engine               - devShowBBoxProperty: BooleanProperty [value: false]
11:18:10.766 [FXGL Background Thread 3 ] DEBUG Engine               - devShowPositionProperty: BooleanProperty [value: false]
11:18:10.766 [FXGL Background Thread 3 ] DEBUG Engine               - enabledMenuItems: []
11:18:10.766 [FXGL Background Thread 3 ] DEBUG Engine               - engineServices: [class com.almasb.fxgl.app.services.FXGLAssetLoaderService, class com.almasb.fxgl.app.FXGLApplication$GameApplicationService, class com.almasb.fxgl.app.services.FXGLDialogService, class com.almasb.fxgl.app.services.IOTaskExecutorService, class com.almasb.fxgl.event.EventBusService, class com.almasb.fxgl.io.FileSystemService, class com.almasb.fxgl.localization.LocalizationService, class com.almasb.fxgl.app.services.SystemBundleService, class com.almasb.fxgl.profile.SaveLoadService, class com.almasb.fxgl.ui.FXGLUIFactoryServiceProvider, class com.almasb.fxgl.ui.FXGLDialogFactoryServiceProvider, class com.almasb.fxgl.audio.AudioPlayer, class com.almasb.fxgl.notification.impl.NotificationServiceProvider, class com.almasb.fxgl.achievement.AchievementService, class com.almasb.fxgl.cutscene.CutsceneService, class com.almasb.fxgl.minigames.MiniGameService, class com.almasb.fxgl.net.NetService, class com.almasb.fxgl.app.services.UpdaterService, class com.almasb.fxgl.dev.DevService]
11:18:10.766 [FXGL Background Thread 3 ] DEBUG Engine               - fontGame: Abel-Regular.ttf
11:18:10.766 [FXGL Background Thread 3 ] DEBUG Engine               - fontMono: lucida_console.ttf
11:18:10.767 [FXGL Background Thread 3 ] DEBUG Engine               - fontText: Courier-Prime.ttf
11:18:10.767 [FXGL Background Thread 3 ] DEBUG Engine               - fontUI: VarelaRound-Regular.ttf
11:18:10.767 [FXGL Background Thread 3 ] DEBUG Engine               - fullScreen: BooleanProperty [value: true]
11:18:10.767 [FXGL Background Thread 3 ] DEBUG Engine               - gameDifficulty: MEDIUM
11:18:10.767 [FXGL Background Thread 3 ] DEBUG Engine               - gameDifficultyProperty: ObjectProperty [value: MEDIUM]
11:18:10.767 [FXGL Background Thread 3 ] DEBUG Engine               - globalMusicVolume: 0.5
11:18:10.767 [FXGL Background Thread 3 ] DEBUG Engine               - globalMusicVolumeProperty: DoubleProperty [value: 0.2]
11:18:10.767 [FXGL Background Thread 3 ] DEBUG Engine               - globalSoundVolume: 0.5
11:18:10.767 [FXGL Background Thread 3 ] DEBUG Engine               - globalSoundVolumeProperty: DoubleProperty [value: 0.5]
11:18:10.767 [FXGL Background Thread 3 ] DEBUG Engine               - height: 1080
11:18:10.767 [FXGL Background Thread 3 ] DEBUG Engine               - isAndroid: false
11:18:10.767 [FXGL Background Thread 3 ] DEBUG Engine               - isBrowser: false
11:18:10.768 [FXGL Background Thread 3 ] DEBUG Engine               - isClickFeedbackEnabled: false
11:18:10.768 [FXGL Background Thread 3 ] DEBUG Engine               - isCloseConfirmation: false
11:18:10.768 [FXGL Background Thread 3 ] DEBUG Engine               - isDesktop: true
11:18:10.768 [FXGL Background Thread 3 ] DEBUG Engine               - isDeveloperMenuEnabled: false
11:18:10.768 [FXGL Background Thread 3 ] DEBUG Engine               - isEntityPreloadEnabled: true
11:18:10.768 [FXGL Background Thread 3 ] DEBUG Engine               - isExperimental3D: false
11:18:10.768 [FXGL Background Thread 3 ] DEBUG Engine               - isExperimentalNative: false
11:18:10.768 [FXGL Background Thread 3 ] DEBUG Engine               - isExperimentalTiledLargeMap: false
11:18:10.768 [FXGL Background Thread 3 ] DEBUG Engine               - isFileSystemWriteAllowed: true
11:18:10.768 [FXGL Background Thread 3 ] DEBUG Engine               - isFullScreenAllowed: true
11:18:10.768 [FXGL Background Thread 3 ] DEBUG Engine               - isFullScreenFromStart: true
11:18:10.768 [FXGL Background Thread 3 ] DEBUG Engine               - isGameMenuEnabled: true
11:18:10.768 [FXGL Background Thread 3 ] DEBUG Engine               - isIOS: false
11:18:10.769 [FXGL Background Thread 3 ] DEBUG Engine               - isIntroEnabled: false
11:18:10.769 [FXGL Background Thread 3 ] DEBUG Engine               - isLinux: false
11:18:10.769 [FXGL Background Thread 3 ] DEBUG Engine               - isMac: false
11:18:10.769 [FXGL Background Thread 3 ] DEBUG Engine               - isMainMenuEnabled: true
11:18:10.769 [FXGL Background Thread 3 ] DEBUG Engine               - isManualResizeEnabled: false
11:18:10.769 [FXGL Background Thread 3 ] DEBUG Engine               - isMobile: false
11:18:10.769 [FXGL Background Thread 3 ] DEBUG Engine               - isPreserveResizeRatio: false
11:18:10.769 [FXGL Background Thread 3 ] DEBUG Engine               - isProfilingEnabled: false
11:18:10.769 [FXGL Background Thread 3 ] DEBUG Engine               - isScaleAffectedOnResize: true
11:18:10.769 [FXGL Background Thread 3 ] DEBUG Engine               - isSingleStep: false
11:18:10.769 [FXGL Background Thread 3 ] DEBUG Engine               - isUserProfileEnabled: false
11:18:10.770 [FXGL Background Thread 3 ] DEBUG Engine               - isWindows: true
11:18:10.770 [FXGL Background Thread 3 ] DEBUG Engine               - language: ObjectProperty [value: ENGLISH]
11:18:10.770 [FXGL Background Thread 3 ] DEBUG Engine               - menuKey: ESCAPE
11:18:10.770 [FXGL Background Thread 3 ] DEBUG Engine               - notificationViewClass: class com.almasb.fxgl.notification.view.XboxNotificationView
11:18:10.770 [FXGL Background Thread 3 ] DEBUG Engine               - pixelsPerMeter: 50.0
11:18:10.770 [FXGL Background Thread 3 ] DEBUG Engine               - platform: WINDOWS
11:18:10.770 [FXGL Background Thread 3 ] DEBUG Engine               - prefHeightProperty: ReadOnlyDoubleProperty [value: 1080.0]
11:18:10.770 [FXGL Background Thread 3 ] DEBUG Engine               - prefWidthProperty: ReadOnlyDoubleProperty [value: 1920.0]
11:18:10.770 [FXGL Background Thread 3 ] DEBUG Engine               - profileDir: profiles/
11:18:10.770 [FXGL Background Thread 3 ] DEBUG Engine               - profileName: StringProperty [value: DEFAULT]
11:18:10.770 [FXGL Background Thread 3 ] DEBUG Engine               - randomSeed: -1
11:18:10.770 [FXGL Background Thread 3 ] DEBUG Engine               - runtimeInfo: RuntimeInfo(platform=WINDOWS, version=11.14, build=01.03.2021 16.59)
11:18:10.770 [FXGL Background Thread 3 ] DEBUG Engine               - saveFileExt: sav
11:18:10.770 [FXGL Background Thread 3 ] DEBUG Engine               - scaledHeightProp$fxgl: DoubleProperty [bound, value: 1080.0]
11:18:10.771 [FXGL Background Thread 3 ] DEBUG Engine               - scaledWidthProp$fxgl: DoubleProperty [bound, value: 1920.0]
11:18:10.771 [FXGL Background Thread 3 ] DEBUG Engine               - sceneFactory: fi.utu.tech.gui.javafx.fxgl.BattleShipApp$1@2f467c2f
11:18:10.771 [FXGL Background Thread 3 ] DEBUG Engine               - secondsIn24h: 60
11:18:10.771 [FXGL Background Thread 3 ] DEBUG Engine               - soundMenuBack: menu/back.wav
11:18:10.771 [FXGL Background Thread 3 ] DEBUG Engine               - soundMenuPress: menu/press.wav
11:18:10.771 [FXGL Background Thread 3 ] DEBUG Engine               - soundMenuSelect: menu/select.wav
11:18:10.771 [FXGL Background Thread 3 ] DEBUG Engine               - soundNotification: core/notification.wav
11:18:10.771 [FXGL Background Thread 3 ] DEBUG Engine               - stageStyle: DECORATED
11:18:10.771 [FXGL Background Thread 3 ] DEBUG Engine               - supportedLanguages: [ENGLISH, FRENCH, GERMAN, HUNGARIAN, RUSSIAN]
11:18:10.771 [FXGL Background Thread 3 ] DEBUG Engine               - ticksPerSecond: -1
11:18:10.771 [FXGL Background Thread 3 ] DEBUG Engine               - title: BattleShip_FXGL
11:18:10.771 [FXGL Background Thread 3 ] DEBUG Engine               - urlGithub: https://github.com/AlmasB/FXGL
11:18:10.771 [FXGL Background Thread 3 ] DEBUG Engine               - urlLeaderboard: http://fxgl-top.herokuapp.com/
11:18:10.771 [FXGL Background Thread 3 ] DEBUG Engine               - urlPOM: https://raw.githubusercontent.com/AlmasB/FXGL/release/README.md
11:18:10.772 [FXGL Background Thread 3 ] DEBUG Engine               - userAppClass: class fi.utu.tech.gui.javafx.fxgl.BattleShipApp
11:18:10.772 [FXGL Background Thread 3 ] DEBUG Engine               - version: 0.1
11:18:10.772 [FXGL Background Thread 3 ] DEBUG Engine               - versionCheckDays: 7
11:18:10.772 [FXGL Background Thread 3 ] DEBUG Engine               - width: 1920
11:18:10.772 [FXGL Background Thread 3 ] DEBUG Engine               - Logging services
11:18:10.772 [FXGL Background Thread 3 ] DEBUG Engine               - class com.almasb.fxgl.app.services.FXGLAssetLoaderService
11:18:10.772 [FXGL Background Thread 3 ] DEBUG Engine               - class com.almasb.fxgl.app.FXGLApplication$GameApplicationService
11:18:10.772 [FXGL Background Thread 3 ] DEBUG Engine               - class com.almasb.fxgl.app.services.FXGLDialogService
11:18:10.772 [FXGL Background Thread 3 ] DEBUG Engine               - class com.almasb.fxgl.app.services.IOTaskExecutorService
11:18:10.772 [FXGL Background Thread 3 ] DEBUG Engine               - class com.almasb.fxgl.event.EventBusService
11:18:10.772 [FXGL Background Thread 3 ] DEBUG Engine               - class com.almasb.fxgl.io.FileSystemService
11:18:10.772 [FXGL Background Thread 3 ] DEBUG Engine               - class com.almasb.fxgl.localization.LocalizationService
11:18:10.772 [FXGL Background Thread 3 ] DEBUG Engine               - class com.almasb.fxgl.app.services.SystemBundleService
11:18:10.772 [FXGL Background Thread 3 ] DEBUG Engine               - class com.almasb.fxgl.profile.SaveLoadService
11:18:10.772 [FXGL Background Thread 3 ] DEBUG Engine               - class com.almasb.fxgl.ui.FXGLUIFactoryServiceProvider
11:18:10.772 [FXGL Background Thread 3 ] DEBUG Engine               - class com.almasb.fxgl.ui.FXGLDialogFactoryServiceProvider
11:18:10.772 [FXGL Background Thread 3 ] DEBUG Engine               - class com.almasb.fxgl.audio.AudioPlayer
11:18:10.773 [FXGL Background Thread 3 ] DEBUG Engine               - class com.almasb.fxgl.notification.impl.NotificationServiceProvider
11:18:10.773 [FXGL Background Thread 3 ] DEBUG Engine               - class com.almasb.fxgl.achievement.AchievementService
11:18:10.773 [FXGL Background Thread 3 ] DEBUG Engine               - class com.almasb.fxgl.cutscene.CutsceneService
11:18:10.773 [FXGL Background Thread 3 ] DEBUG Engine               - class com.almasb.fxgl.minigames.MiniGameService
11:18:10.773 [FXGL Background Thread 3 ] DEBUG Engine               - class com.almasb.fxgl.net.NetService
11:18:10.773 [FXGL Background Thread 3 ] DEBUG Engine               - class com.almasb.fxgl.app.services.UpdaterService
11:18:10.773 [FXGL Background Thread 3 ] DEBUG Engine               - class com.almasb.fxgl.dev.DevService
11:18:15.965 [JavaFX Application Thread] DEBUG PrimaryStageWindow   - Pop state: DialogSubScene
11:18:15.965 [JavaFX Application Thread] DEBUG Input                - Clearing active input actions
11:18:15.966 [JavaFX Application Thread] DEBUG GameApplicationServi - Removing overlay from DialogSubScene and adding to BattleShipMainMenu
11:18:15.966 [JavaFX Application Thread] DEBUG PrimaryStageWindow   - BattleShipMainMenu <- DialogSubScene
11:18:16.320 [JavaFX Application Thread] DEBUG Menu                 - fireNewGame()
11:18:16.320 [JavaFX Application Thread] DEBUG GameApplicationServi - Starting new game
11:18:16.320 [JavaFX Application Thread] DEBUG PrimaryStageWindow   - Pop state: BattleShipMainMenu
11:18:16.320 [JavaFX Application Thread] DEBUG Input                - Clearing active input actions
11:18:16.320 [JavaFX Application Thread] DEBUG GameApplicationServi - Removing overlay from BattleShipMainMenu and adding to FXGLMainMenuDummyScene
11:18:16.320 [JavaFX Application Thread] DEBUG PrimaryStageWindow   - FXGLMainMenuDummyScene <- BattleShipMainMenu
11:18:16.321 [JavaFX Application Thread] DEBUG Input                - Clearing active input actions
11:18:16.325 [JavaFX Application Thread] DEBUG GameApplicationServi - Removing overlay from FXGLMainMenuDummyScene and adding to FXGLLoadingScene
11:18:16.325 [JavaFX Application Thread] DEBUG PrimaryStageWindow   - FXGLMainMenuDummyScene -> FXGLLoadingScene
11:18:16.325 [JavaFX Application Thread] DEBUG GameApplicationServi - Clearing previous game
11:18:16.325 [JavaFX Application Thread] DEBUG GameScene            - Clearing game scene
11:18:16.326 [JavaFX Application Thread] DEBUG GameWorld            - Clearing game world
11:18:16.326 [JavaFX Application Thread] DEBUG PhysicsWorld         - Clearing physics world
11:18:16.326 [FXGL Background Thread 2 ] DEBUG FXGLApplication      - Initializing game
11:18:16.332 [FXGL Background Thread 2 ] DEBUG FXGLAssetLoaderServi - Loading from file system: file:/D:/battleShip/battleShip_FXGL/target/classes/assets/textures/bg.jpg
11:18:16.367 [FXGL Background Thread 2 ] DEBUG FXGLAssetLoaderServi - Loading from file system: file:/D:/battleShip/battleShip_FXGL/target/classes/assets/textures/ShipContainer.png
11:18:16.371 [FXGL Background Thread 2 ] DEBUG FXGLAssetLoaderServi - Loading from file system: file:/D:/battleShip/battleShip_FXGL/target/classes/assets/textures/ships/ship_b_5_h.png
11:18:16.383 [FXGL Background Thread 2 ] DEBUG FXGLAssetLoaderServi - Loading from file system: file:/D:/battleShip/battleShip_FXGL/target/classes/assets/textures/ships/ship_r_5_h.png
11:18:16.385 [FXGL Background Thread 2 ] DEBUG FXGLAssetLoaderServi - Loading from file system: file:/D:/battleShip/battleShip_FXGL/target/classes/assets/textures/ships/ship_b_4_h.png
11:18:16.389 [FXGL Background Thread 2 ] DEBUG FXGLAssetLoaderServi - Loading from file system: file:/D:/battleShip/battleShip_FXGL/target/classes/assets/textures/ships/ship_r_4_h.png
11:18:16.392 [FXGL Background Thread 2 ] DEBUG FXGLAssetLoaderServi - Loading from file system: file:/D:/battleShip/battleShip_FXGL/target/classes/assets/textures/ships/ship_b_3_2_h.png
11:18:16.395 [FXGL Background Thread 2 ] DEBUG FXGLAssetLoaderServi - Loading from file system: file:/D:/battleShip/battleShip_FXGL/target/classes/assets/textures/ships/ship_r_3_2_h.png
11:18:16.397 [FXGL Background Thread 2 ] DEBUG FXGLAssetLoaderServi - Loading from file system: file:/D:/battleShip/battleShip_FXGL/target/classes/assets/textures/ships/ship_b_3_1_h.png
11:18:16.400 [FXGL Background Thread 2 ] DEBUG FXGLAssetLoaderServi - Loading from file system: file:/D:/battleShip/battleShip_FXGL/target/classes/assets/textures/ships/ship_r_3_1_h.png
11:18:16.402 [FXGL Background Thread 2 ] DEBUG FXGLAssetLoaderServi - Loading from file system: file:/D:/battleShip/battleShip_FXGL/target/classes/assets/textures/ships/ship_b_2_h.png
11:18:16.404 [FXGL Background Thread 2 ] DEBUG FXGLAssetLoaderServi - Loading from file system: file:/D:/battleShip/battleShip_FXGL/target/classes/assets/textures/ships/ship_r_2_h.png
11:18:16.407 [FXGL Background Thread 2 ] DEBUG FXGLAssetLoaderServi - Loading from file system: file:/D:/battleShip/battleShip_FXGL/target/classes/assets/textures/Tile.png
11:18:16.428 [FXGL Background Thread 2 ] INFO  FXGLApplication      - Game initialization took: 0.101 sec
11:18:16.431 [JavaFX Application Thread] DEBUG Input                - Clearing active input actions
11:18:16.437 [JavaFX Application Thread] DEBUG GameApplicationServi - Removing overlay from FXGLLoadingScene and adding to GameScene
11:18:16.438 [JavaFX Application Thread] DEBUG PrimaryStageWindow   - FXGLLoadingScene -> GameScene
11:18:16.446 [JavaFX Application Thread] DEBUG FXGLAssetLoaderServi - Loading from file system: file:/D:/battleShip/battleShip_FXGL/target/classes/assets/textures/bg2.jpg
11:18:16.477 [JavaFX Application Thread] DEBUG PrimaryStageWindow   - Push state: DialogSubScene
11:18:16.477 [JavaFX Application Thread] DEBUG Input                - Clearing active input actions
11:18:16.478 [JavaFX Application Thread] DEBUG GameApplicationServi - Removing overlay from GameScene and adding to DialogSubScene
11:18:16.478 [JavaFX Application Thread] DEBUG PrimaryStageWindow   - GameScene -> DialogSubScene
11:18:18.612 [JavaFX Application Thread] DEBUG PrimaryStageWindow   - Pop state: DialogSubScene
11:18:18.612 [JavaFX Application Thread] DEBUG Input                - Clearing active input actions
11:18:18.612 [JavaFX Application Thread] DEBUG GameApplicationServi - Removing overlay from DialogSubScene and adding to GameScene
11:18:18.612 [JavaFX Application Thread] DEBUG PrimaryStageWindow   - GameScene <- DialogSubScene
11:18:18.612 [JavaFX Application Thread] DEBUG PrimaryStageWindow   - Push state: BluePlayerDeployScene
11:18:18.613 [JavaFX Application Thread] DEBUG Input                - Clearing active input actions
11:18:18.613 [JavaFX Application Thread] DEBUG GameApplicationServi - Removing overlay from GameScene and adding to BluePlayerDeployScene
11:18:18.613 [JavaFX Application Thread] DEBUG PrimaryStageWindow   - GameScene -> BluePlayerDeployScene
11:18:18.613 [JavaFX Application Thread] DEBUG PrimaryStageWindow   - Pop state: BluePlayerDeployScene
11:18:18.613 [JavaFX Application Thread] DEBUG Input                - Clearing active input actions
11:18:18.613 [JavaFX Application Thread] DEBUG GameApplicationServi - Removing overlay from BluePlayerDeployScene and adding to GameScene
11:18:18.613 [JavaFX Application Thread] DEBUG PrimaryStageWindow   - GameScene <- BluePlayerDeployScene
11:18:26.356 [JavaFX Application Thread] DEBUG PrimaryStageWindow   - Push state: DialogSubScene
11:18:26.356 [JavaFX Application Thread] DEBUG Input                - Clearing active input actions
11:18:26.356 [JavaFX Application Thread] DEBUG GameApplicationServi - Removing overlay from GameScene and adding to DialogSubScene
11:18:26.356 [JavaFX Application Thread] DEBUG PrimaryStageWindow   - GameScene -> DialogSubScene
11:18:26.880 [JavaFX Application Thread] DEBUG PrimaryStageWindow   - Pop state: DialogSubScene
11:18:26.880 [JavaFX Application Thread] DEBUG Input                - Clearing active input actions
11:18:26.880 [JavaFX Application Thread] DEBUG GameApplicationServi - Removing overlay from DialogSubScene and adding to GameScene
11:18:26.881 [JavaFX Application Thread] DEBUG PrimaryStageWindow   - GameScene <- DialogSubScene
11:18:26.881 [JavaFX Application Thread] DEBUG PrimaryStageWindow   - Push state: RedPlayerDeployScene
11:18:26.881 [JavaFX Application Thread] DEBUG Input                - Clearing active input actions
11:18:26.881 [JavaFX Application Thread] DEBUG GameApplicationServi - Removing overlay from GameScene and adding to RedPlayerDeployScene
11:18:26.881 [JavaFX Application Thread] DEBUG PrimaryStageWindow   - GameScene -> RedPlayerDeployScene
11:18:26.881 [JavaFX Application Thread] DEBUG PrimaryStageWindow   - Pop state: RedPlayerDeployScene
11:18:26.881 [JavaFX Application Thread] DEBUG Input                - Clearing active input actions
11:18:26.881 [JavaFX Application Thread] DEBUG GameApplicationServi - Removing overlay from RedPlayerDeployScene and adding to GameScene
11:18:26.881 [JavaFX Application Thread] DEBUG PrimaryStageWindow   - GameScene <- RedPlayerDeployScene
11:18:33.186 [JavaFX Application Thread] DEBUG PrimaryStageWindow   - Push state: DialogSubScene
11:18:33.186 [JavaFX Application Thread] DEBUG Input                - Clearing active input actions
11:18:33.186 [JavaFX Application Thread] DEBUG GameApplicationServi - Removing overlay from GameScene and adding to DialogSubScene
11:18:33.186 [JavaFX Application Thread] DEBUG PrimaryStageWindow   - GameScene -> DialogSubScene
11:18:33.830 [JavaFX Application Thread] DEBUG PrimaryStageWindow   - Pop state: DialogSubScene
11:18:33.830 [JavaFX Application Thread] DEBUG Input                - Clearing active input actions
11:18:33.830 [JavaFX Application Thread] DEBUG GameApplicationServi - Removing overlay from DialogSubScene and adding to GameScene
11:18:33.830 [JavaFX Application Thread] DEBUG PrimaryStageWindow   - GameScene <- DialogSubScene
11:18:33.830 [JavaFX Application Thread] DEBUG PrimaryStageWindow   - Push state: RedPlayerScene
11:18:33.833 [JavaFX Application Thread] DEBUG Input                - Clearing active input actions
11:18:33.833 [JavaFX Application Thread] DEBUG GameApplicationServi - Removing overlay from GameScene and adding to RedPlayerScene
11:18:33.833 [JavaFX Application Thread] DEBUG PrimaryStageWindow   - GameScene -> RedPlayerScene
11:18:33.833 [JavaFX Application Thread] DEBUG PrimaryStageWindow   - Pop state: RedPlayerScene
11:18:33.833 [JavaFX Application Thread] DEBUG Input                - Clearing active input actions
11:18:33.834 [JavaFX Application Thread] DEBUG GameApplicationServi - Removing overlay from RedPlayerScene and adding to GameScene
11:18:33.834 [JavaFX Application Thread] DEBUG PrimaryStageWindow   - GameScene <- RedPlayerScene
11:18:34.956 [JavaFX Application Thread] DEBUG PrimaryStageWindow   - Push state: DialogSubScene
11:18:34.956 [JavaFX Application Thread] DEBUG Input                - Clearing active input actions
11:18:34.956 [JavaFX Application Thread] DEBUG GameApplicationServi - Removing overlay from GameScene and adding to DialogSubScene
11:18:34.956 [JavaFX Application Thread] DEBUG PrimaryStageWindow   - GameScene -> DialogSubScene
11:18:35.557 [JavaFX Application Thread] DEBUG PrimaryStageWindow   - Pop state: DialogSubScene
11:18:35.557 [JavaFX Application Thread] DEBUG Input                - Clearing active input actions
11:18:35.557 [JavaFX Application Thread] DEBUG GameApplicationServi - Removing overlay from DialogSubScene and adding to GameScene
11:18:35.557 [JavaFX Application Thread] DEBUG PrimaryStageWindow   - GameScene <- DialogSubScene
11:18:35.557 [JavaFX Application Thread] DEBUG PrimaryStageWindow   - Push state: BluePlayerScene
11:18:35.558 [JavaFX Application Thread] DEBUG Input                - Clearing active input actions
11:18:35.558 [JavaFX Application Thread] DEBUG GameApplicationServi - Removing overlay from GameScene and adding to BluePlayerScene
11:18:35.558 [JavaFX Application Thread] DEBUG PrimaryStageWindow   - GameScene -> BluePlayerScene
11:18:35.558 [JavaFX Application Thread] DEBUG PrimaryStageWindow   - Pop state: BluePlayerScene
11:18:35.558 [JavaFX Application Thread] DEBUG Input                - Clearing active input actions
11:18:35.558 [JavaFX Application Thread] DEBUG GameApplicationServi - Removing overlay from BluePlayerScene and adding to GameScene
11:18:35.558 [JavaFX Application Thread] DEBUG PrimaryStageWindow   - GameScene <- BluePlayerScene
11:18:36.687 [JavaFX Application Thread] DEBUG FXGLAssetLoaderServi - Loading from file system: file:/D:/battleShip/battleShip_FXGL/target/classes/assets/sounds/shot.wav
11:18:37.022 [JavaFX Application Thread] DEBUG FXGLAssetLoaderServi - Loading from file system: file:/D:/battleShip/battleShip_FXGL/target/classes/assets/textures/Player1.png
11:18:37.111 [JavaFX Application Thread] DEBUG FXGLAssetLoaderServi - Loading from file system: file:/D:/battleShip/battleShip_FXGL/target/classes/assets/textures/Player1Hit.png
11:18:37.112 [JavaFX Application Thread] DEBUG FXGLAssetLoaderServi - Loading from file system: file:/D:/battleShip/battleShip_FXGL/target/classes/assets/sounds/hit.wav
11:18:39.818 [JavaFX Application Thread] DEBUG PrimaryStageWindow   - Push state: DialogSubScene
11:18:39.818 [JavaFX Application Thread] DEBUG Input                - Clearing active input actions
11:18:39.818 [JavaFX Application Thread] DEBUG GameApplicationServi - Removing overlay from GameScene and adding to DialogSubScene
11:18:39.818 [JavaFX Application Thread] DEBUG PrimaryStageWindow   - GameScene -> DialogSubScene
11:18:40.783 [JavaFX Application Thread] DEBUG PrimaryStageWindow   - Pop state: DialogSubScene
11:18:40.783 [JavaFX Application Thread] DEBUG Input                - Clearing active input actions
11:18:40.783 [JavaFX Application Thread] DEBUG GameApplicationServi - Removing overlay from DialogSubScene and adding to GameScene
11:18:40.783 [JavaFX Application Thread] DEBUG PrimaryStageWindow   - GameScene <- DialogSubScene
11:18:40.783 [JavaFX Application Thread] DEBUG PrimaryStageWindow   - Push state: RedPlayerScene
11:18:40.784 [JavaFX Application Thread] DEBUG Input                - Clearing active input actions
11:18:40.784 [JavaFX Application Thread] DEBUG GameApplicationServi - Removing overlay from GameScene and adding to RedPlayerScene
11:18:40.784 [JavaFX Application Thread] DEBUG PrimaryStageWindow   - GameScene -> RedPlayerScene
11:18:40.784 [JavaFX Application Thread] DEBUG PrimaryStageWindow   - Pop state: RedPlayerScene
11:18:40.784 [JavaFX Application Thread] DEBUG Input                - Clearing active input actions
11:18:40.784 [JavaFX Application Thread] DEBUG GameApplicationServi - Removing overlay from RedPlayerScene and adding to GameScene
11:18:40.785 [JavaFX Application Thread] DEBUG PrimaryStageWindow   - GameScene <- RedPlayerScene
11:18:41.770 [JavaFX Application Thread] DEBUG PrimaryStageWindow   - Push state: DialogSubScene
11:18:41.770 [JavaFX Application Thread] DEBUG Input                - Clearing active input actions
11:18:41.770 [JavaFX Application Thread] DEBUG GameApplicationServi - Removing overlay from GameScene and adding to DialogSubScene
11:18:41.770 [JavaFX Application Thread] DEBUG PrimaryStageWindow   - GameScene -> DialogSubScene
11:18:42.745 [JavaFX Application Thread] DEBUG PrimaryStageWindow   - Pop state: DialogSubScene
11:18:42.745 [JavaFX Application Thread] DEBUG Input                - Clearing active input actions
11:18:42.745 [JavaFX Application Thread] DEBUG GameApplicationServi - Removing overlay from DialogSubScene and adding to GameScene
11:18:42.745 [JavaFX Application Thread] DEBUG PrimaryStageWindow   - GameScene <- DialogSubScene
11:18:42.745 [JavaFX Application Thread] DEBUG PrimaryStageWindow   - Push state: BluePlayerScene
11:18:42.746 [JavaFX Application Thread] DEBUG Input                - Clearing active input actions
11:18:42.746 [JavaFX Application Thread] DEBUG GameApplicationServi - Removing overlay from GameScene and adding to BluePlayerScene
11:18:42.746 [JavaFX Application Thread] DEBUG PrimaryStageWindow   - GameScene -> BluePlayerScene
11:18:42.746 [JavaFX Application Thread] DEBUG PrimaryStageWindow   - Pop state: BluePlayerScene
11:18:42.746 [JavaFX Application Thread] DEBUG Input                - Clearing active input actions
11:18:42.746 [JavaFX Application Thread] DEBUG GameApplicationServi - Removing overlay from BluePlayerScene and adding to GameScene
11:18:42.746 [JavaFX Application Thread] DEBUG PrimaryStageWindow   - GameScene <- BluePlayerScene
11:18:44.794 [JavaFX Application Thread] DEBUG PrimaryStageWindow   - Push state: DialogSubScene
11:18:44.794 [JavaFX Application Thread] DEBUG Input                - Clearing active input actions
11:18:44.794 [JavaFX Application Thread] DEBUG GameApplicationServi - Removing overlay from GameScene and adding to DialogSubScene
11:18:44.794 [JavaFX Application Thread] DEBUG PrimaryStageWindow   - GameScene -> DialogSubScene
11:18:45.526 [JavaFX Application Thread] DEBUG PrimaryStageWindow   - Pop state: DialogSubScene
11:18:45.526 [JavaFX Application Thread] DEBUG Input                - Clearing active input actions
11:18:45.526 [JavaFX Application Thread] DEBUG GameApplicationServi - Removing overlay from DialogSubScene and adding to GameScene
11:18:45.526 [JavaFX Application Thread] DEBUG PrimaryStageWindow   - GameScene <- DialogSubScene
11:18:45.526 [JavaFX Application Thread] DEBUG PrimaryStageWindow   - Push state: RedPlayerScene
11:18:45.527 [JavaFX Application Thread] DEBUG Input                - Clearing active input actions
11:18:45.527 [JavaFX Application Thread] DEBUG GameApplicationServi - Removing overlay from GameScene and adding to RedPlayerScene
11:18:45.527 [JavaFX Application Thread] DEBUG PrimaryStageWindow   - GameScene -> RedPlayerScene
11:18:45.527 [JavaFX Application Thread] DEBUG PrimaryStageWindow   - Pop state: RedPlayerScene
11:18:45.527 [JavaFX Application Thread] DEBUG Input                - Clearing active input actions
11:18:45.527 [JavaFX Application Thread] DEBUG GameApplicationServi - Removing overlay from RedPlayerScene and adding to GameScene
11:18:45.527 [JavaFX Application Thread] DEBUG PrimaryStageWindow   - GameScene <- RedPlayerScene
11:18:50.359 [JavaFX Application Thread] DEBUG FXGLAssetLoaderServi - Loading from file system: file:/D:/battleShip/battleShip_FXGL/target/classes/assets/sounds/explosion.wav
11:18:50.366 [JavaFX Application Thread] DEBUG PrimaryStageWindow   - Push state: DialogSubScene
11:18:50.366 [JavaFX Application Thread] DEBUG Input                - Clearing active input actions
11:18:50.366 [JavaFX Application Thread] DEBUG GameApplicationServi - Removing overlay from GameScene and adding to DialogSubScene
11:18:50.366 [JavaFX Application Thread] DEBUG PrimaryStageWindow   - GameScene -> DialogSubScene
11:18:51.241 [JavaFX Application Thread] DEBUG PrimaryStageWindow   - Pop state: DialogSubScene
11:18:51.241 [JavaFX Application Thread] DEBUG Input                - Clearing active input actions
11:18:51.241 [JavaFX Application Thread] DEBUG GameApplicationServi - Removing overlay from DialogSubScene and adding to GameScene
11:18:51.241 [JavaFX Application Thread] DEBUG PrimaryStageWindow   - GameScene <- DialogSubScene
11:18:52.473 [JavaFX Application Thread] DEBUG PrimaryStageWindow   - Push state: DialogSubScene
11:18:52.474 [JavaFX Application Thread] DEBUG Input                - Clearing active input actions
11:18:52.474 [JavaFX Application Thread] DEBUG GameApplicationServi - Removing overlay from GameScene and adding to DialogSubScene
11:18:52.474 [JavaFX Application Thread] DEBUG PrimaryStageWindow   - GameScene -> DialogSubScene
11:18:53.103 [JavaFX Application Thread] DEBUG PrimaryStageWindow   - Pop state: DialogSubScene
11:18:53.104 [JavaFX Application Thread] DEBUG Input                - Clearing active input actions
11:18:53.104 [JavaFX Application Thread] DEBUG GameApplicationServi - Removing overlay from DialogSubScene and adding to GameScene
11:18:53.104 [JavaFX Application Thread] DEBUG PrimaryStageWindow   - GameScene <- DialogSubScene
11:18:53.104 [JavaFX Application Thread] DEBUG PrimaryStageWindow   - Push state: BluePlayerScene
11:18:53.104 [JavaFX Application Thread] DEBUG Input                - Clearing active input actions
11:18:53.104 [JavaFX Application Thread] DEBUG GameApplicationServi - Removing overlay from GameScene and adding to BluePlayerScene
11:18:53.105 [JavaFX Application Thread] DEBUG PrimaryStageWindow   - GameScene -> BluePlayerScene
11:18:53.105 [JavaFX Application Thread] DEBUG PrimaryStageWindow   - Pop state: BluePlayerScene
11:18:53.105 [JavaFX Application Thread] DEBUG Input                - Clearing active input actions
11:18:53.105 [JavaFX Application Thread] DEBUG GameApplicationServi - Removing overlay from BluePlayerScene and adding to GameScene
11:18:53.105 [JavaFX Application Thread] DEBUG PrimaryStageWindow   - GameScene <- BluePlayerScene
11:18:56.000 [JavaFX Application Thread] DEBUG PrimaryStageWindow   - Push state: DialogSubScene
11:18:56.000 [JavaFX Application Thread] DEBUG Input                - Clearing active input actions
11:18:56.001 [JavaFX Application Thread] DEBUG GameApplicationServi - Removing overlay from GameScene and adding to DialogSubScene
11:18:56.001 [JavaFX Application Thread] DEBUG PrimaryStageWindow   - GameScene -> DialogSubScene
11:18:56.610 [JavaFX Application Thread] DEBUG PrimaryStageWindow   - Pop state: DialogSubScene
11:18:56.610 [JavaFX Application Thread] DEBUG Input                - Clearing active input actions
11:18:56.610 [JavaFX Application Thread] DEBUG GameApplicationServi - Removing overlay from DialogSubScene and adding to GameScene
11:18:56.610 [JavaFX Application Thread] DEBUG PrimaryStageWindow   - GameScene <- DialogSubScene
11:18:57.834 [JavaFX Application Thread] DEBUG PrimaryStageWindow   - Push state: DialogSubScene
11:18:57.834 [JavaFX Application Thread] DEBUG Input                - Clearing active input actions
11:18:57.834 [JavaFX Application Thread] DEBUG GameApplicationServi - Removing overlay from GameScene and adding to DialogSubScene
11:18:57.834 [JavaFX Application Thread] DEBUG PrimaryStageWindow   - GameScene -> DialogSubScene
11:18:58.559 [JavaFX Application Thread] DEBUG PrimaryStageWindow   - Pop state: DialogSubScene
11:18:58.559 [JavaFX Application Thread] DEBUG Input                - Clearing active input actions
11:18:58.559 [JavaFX Application Thread] DEBUG GameApplicationServi - Removing overlay from DialogSubScene and adding to GameScene
11:18:58.559 [JavaFX Application Thread] DEBUG PrimaryStageWindow   - GameScene <- DialogSubScene
11:18:58.559 [JavaFX Application Thread] DEBUG PrimaryStageWindow   - Push state: RedPlayerScene
11:18:58.560 [JavaFX Application Thread] DEBUG Input                - Clearing active input actions
11:18:58.560 [JavaFX Application Thread] DEBUG GameApplicationServi - Removing overlay from GameScene and adding to RedPlayerScene
11:18:58.560 [JavaFX Application Thread] DEBUG PrimaryStageWindow   - GameScene -> RedPlayerScene
11:18:58.560 [JavaFX Application Thread] DEBUG PrimaryStageWindow   - Pop state: RedPlayerScene
11:18:58.560 [JavaFX Application Thread] DEBUG Input                - Clearing active input actions
11:18:58.560 [JavaFX Application Thread] DEBUG GameApplicationServi - Removing overlay from RedPlayerScene and adding to GameScene
11:18:58.560 [JavaFX Application Thread] DEBUG PrimaryStageWindow   - GameScene <- RedPlayerScene
11:19:00.236 [JavaFX Application Thread] DEBUG PrimaryStageWindow   - Push state: SimpleGameMenu
11:19:00.237 [JavaFX Application Thread] DEBUG Input                - Clearing active input actions
11:19:00.237 [JavaFX Application Thread] DEBUG GameApplicationServi - Removing overlay from GameScene and adding to SimpleGameMenu
11:19:00.237 [JavaFX Application Thread] DEBUG PrimaryStageWindow   - GameScene -> SimpleGameMenu
11:19:01.203 [JavaFX Application Thread] DEBUG PrimaryStageWindow   - Pop state: SimpleGameMenu
11:19:01.203 [JavaFX Application Thread] DEBUG Input                - Clearing active input actions
11:19:01.204 [JavaFX Application Thread] DEBUG GameApplicationServi - Removing overlay from SimpleGameMenu and adding to GameScene
11:19:01.204 [JavaFX Application Thread] DEBUG PrimaryStageWindow   - GameScene <- SimpleGameMenu
11:19:03.257 [JavaFX Application Thread] DEBUG PrimaryStageWindow   - Push state: DialogSubScene
11:19:03.258 [JavaFX Application Thread] DEBUG Input                - Clearing active input actions
11:19:03.258 [JavaFX Application Thread] DEBUG GameApplicationServi - Removing overlay from GameScene and adding to DialogSubScene
11:19:03.258 [JavaFX Application Thread] DEBUG PrimaryStageWindow   - GameScene -> DialogSubScene
11:19:04.031 [JavaFX Application Thread] DEBUG PrimaryStageWindow   - Pop state: DialogSubScene
11:19:04.031 [JavaFX Application Thread] DEBUG Input                - Clearing active input actions
11:19:04.031 [JavaFX Application Thread] DEBUG GameApplicationServi - Removing overlay from DialogSubScene and adding to GameScene
11:19:04.031 [JavaFX Application Thread] DEBUG PrimaryStageWindow   - GameScene <- DialogSubScene
11:19:04.031 [JavaFX Application Thread] DEBUG PrimaryStageWindow   - Push state: BluePlayerScene
11:19:04.032 [JavaFX Application Thread] DEBUG Input                - Clearing active input actions
11:19:04.032 [JavaFX Application Thread] DEBUG GameApplicationServi - Removing overlay from GameScene and adding to BluePlayerScene
11:19:04.032 [JavaFX Application Thread] DEBUG PrimaryStageWindow   - GameScene -> BluePlayerScene
11:19:04.032 [JavaFX Application Thread] DEBUG PrimaryStageWindow   - Pop state: BluePlayerScene
11:19:04.032 [JavaFX Application Thread] DEBUG Input                - Clearing active input actions
11:19:04.032 [JavaFX Application Thread] DEBUG GameApplicationServi - Removing overlay from BluePlayerScene and adding to GameScene
11:19:04.032 [JavaFX Application Thread] DEBUG PrimaryStageWindow   - GameScene <- BluePlayerScene
11:19:07.144 [JavaFX Application Thread] DEBUG PrimaryStageWindow   - Push state: DialogSubScene
11:19:07.144 [JavaFX Application Thread] DEBUG Input                - Clearing active input actions
11:19:07.144 [JavaFX Application Thread] DEBUG GameApplicationServi - Removing overlay from GameScene and adding to DialogSubScene
11:19:07.144 [JavaFX Application Thread] DEBUG PrimaryStageWindow   - GameScene -> DialogSubScene
11:19:08.074 [JavaFX Application Thread] DEBUG PrimaryStageWindow   - Pop state: DialogSubScene
11:19:08.074 [JavaFX Application Thread] DEBUG Input                - Clearing active input actions
11:19:08.074 [JavaFX Application Thread] DEBUG GameApplicationServi - Removing overlay from DialogSubScene and adding to GameScene
11:19:08.074 [JavaFX Application Thread] DEBUG PrimaryStageWindow   - GameScene <- DialogSubScene
11:19:09.066 [JavaFX Application Thread] DEBUG PrimaryStageWindow   - Push state: DialogSubScene
11:19:09.066 [JavaFX Application Thread] DEBUG Input                - Clearing active input actions
11:19:09.066 [JavaFX Application Thread] DEBUG GameApplicationServi - Removing overlay from GameScene and adding to DialogSubScene
11:19:09.066 [JavaFX Application Thread] DEBUG PrimaryStageWindow   - GameScene -> DialogSubScene
11:19:09.704 [JavaFX Application Thread] DEBUG PrimaryStageWindow   - Pop state: DialogSubScene
11:19:09.704 [JavaFX Application Thread] DEBUG Input                - Clearing active input actions
11:19:09.704 [JavaFX Application Thread] DEBUG GameApplicationServi - Removing overlay from DialogSubScene and adding to GameScene
11:19:09.704 [JavaFX Application Thread] DEBUG PrimaryStageWindow   - GameScene <- DialogSubScene
11:19:09.704 [JavaFX Application Thread] DEBUG PrimaryStageWindow   - Push state: RedPlayerScene
11:19:09.705 [JavaFX Application Thread] DEBUG Input                - Clearing active input actions
11:19:09.705 [JavaFX Application Thread] DEBUG GameApplicationServi - Removing overlay from GameScene and adding to RedPlayerScene
11:19:09.705 [JavaFX Application Thread] DEBUG PrimaryStageWindow   - GameScene -> RedPlayerScene
11:19:09.705 [JavaFX Application Thread] DEBUG PrimaryStageWindow   - Pop state: RedPlayerScene
11:19:09.705 [JavaFX Application Thread] DEBUG Input                - Clearing active input actions
11:19:09.705 [JavaFX Application Thread] DEBUG GameApplicationServi - Removing overlay from RedPlayerScene and adding to GameScene
11:19:09.705 [JavaFX Application Thread] DEBUG PrimaryStageWindow   - GameScene <- RedPlayerScene
11:19:10.730 [JavaFX Application Thread] DEBUG PrimaryStageWindow   - Push state: DialogSubScene
11:19:10.730 [JavaFX Application Thread] DEBUG Input                - Clearing active input actions
11:19:10.730 [JavaFX Application Thread] DEBUG GameApplicationServi - Removing overlay from GameScene and adding to DialogSubScene
11:19:10.730 [JavaFX Application Thread] DEBUG PrimaryStageWindow   - GameScene -> DialogSubScene
11:19:11.526 [JavaFX Application Thread] DEBUG PrimaryStageWindow   - Pop state: DialogSubScene
11:19:11.526 [JavaFX Application Thread] DEBUG Input                - Clearing active input actions
11:19:11.526 [JavaFX Application Thread] DEBUG GameApplicationServi - Removing overlay from DialogSubScene and adding to GameScene
11:19:11.527 [JavaFX Application Thread] DEBUG PrimaryStageWindow   - GameScene <- DialogSubScene
11:19:11.527 [JavaFX Application Thread] DEBUG PrimaryStageWindow   - Push state: BluePlayerScene
11:19:11.527 [JavaFX Application Thread] DEBUG Input                - Clearing active input actions
11:19:11.527 [JavaFX Application Thread] DEBUG GameApplicationServi - Removing overlay from GameScene and adding to BluePlayerScene
11:19:11.527 [JavaFX Application Thread] DEBUG PrimaryStageWindow   - GameScene -> BluePlayerScene
11:19:11.527 [JavaFX Application Thread] DEBUG PrimaryStageWindow   - Pop state: BluePlayerScene
11:19:11.527 [JavaFX Application Thread] DEBUG Input                - Clearing active input actions
11:19:11.527 [JavaFX Application Thread] DEBUG GameApplicationServi - Removing overlay from BluePlayerScene and adding to GameScene
11:19:11.527 [JavaFX Application Thread] DEBUG PrimaryStageWindow   - GameScene <- BluePlayerScene
11:19:12.570 [JavaFX Application Thread] DEBUG PrimaryStageWindow   - Push state: DialogSubScene
11:19:12.570 [JavaFX Application Thread] DEBUG Input                - Clearing active input actions
11:19:12.570 [JavaFX Application Thread] DEBUG GameApplicationServi - Removing overlay from GameScene and adding to DialogSubScene
11:19:12.570 [JavaFX Application Thread] DEBUG PrimaryStageWindow   - GameScene -> DialogSubScene
11:19:13.146 [JavaFX Application Thread] DEBUG PrimaryStageWindow   - Pop state: DialogSubScene
11:19:13.147 [JavaFX Application Thread] DEBUG Input                - Clearing active input actions
11:19:13.147 [JavaFX Application Thread] DEBUG GameApplicationServi - Removing overlay from DialogSubScene and adding to GameScene
11:19:13.147 [JavaFX Application Thread] DEBUG PrimaryStageWindow   - GameScene <- DialogSubScene
11:19:13.147 [JavaFX Application Thread] DEBUG PrimaryStageWindow   - Push state: RedPlayerScene
11:19:13.147 [JavaFX Application Thread] DEBUG Input                - Clearing active input actions
11:19:13.147 [JavaFX Application Thread] DEBUG GameApplicationServi - Removing overlay from GameScene and adding to RedPlayerScene
11:19:13.147 [JavaFX Application Thread] DEBUG PrimaryStageWindow   - GameScene -> RedPlayerScene
11:19:13.147 [JavaFX Application Thread] DEBUG PrimaryStageWindow   - Pop state: RedPlayerScene
11:19:13.147 [JavaFX Application Thread] DEBUG Input                - Clearing active input actions
11:19:13.148 [JavaFX Application Thread] DEBUG GameApplicationServi - Removing overlay from RedPlayerScene and adding to GameScene
11:19:13.148 [JavaFX Application Thread] DEBUG PrimaryStageWindow   - GameScene <- RedPlayerScene
11:19:16.217 [JavaFX Application Thread] DEBUG PrimaryStageWindow   - Push state: DialogSubScene
11:19:16.218 [JavaFX Application Thread] DEBUG Input                - Clearing active input actions
11:19:16.218 [JavaFX Application Thread] DEBUG GameApplicationServi - Removing overlay from GameScene and adding to DialogSubScene
11:19:16.218 [JavaFX Application Thread] DEBUG PrimaryStageWindow   - GameScene -> DialogSubScene
11:19:16.753 [JavaFX Application Thread] DEBUG PrimaryStageWindow   - Pop state: DialogSubScene
11:19:16.753 [JavaFX Application Thread] DEBUG Input                - Clearing active input actions
11:19:16.753 [JavaFX Application Thread] DEBUG GameApplicationServi - Removing overlay from DialogSubScene and adding to GameScene
11:19:16.753 [JavaFX Application Thread] DEBUG PrimaryStageWindow   - GameScene <- DialogSubScene
11:19:16.753 [JavaFX Application Thread] DEBUG PrimaryStageWindow   - Push state: BluePlayerScene
11:19:16.753 [JavaFX Application Thread] DEBUG Input                - Clearing active input actions
11:19:16.753 [JavaFX Application Thread] DEBUG GameApplicationServi - Removing overlay from GameScene and adding to BluePlayerScene
11:19:16.754 [JavaFX Application Thread] DEBUG PrimaryStageWindow   - GameScene -> BluePlayerScene
11:19:16.754 [JavaFX Application Thread] DEBUG PrimaryStageWindow   - Pop state: BluePlayerScene
11:19:16.754 [JavaFX Application Thread] DEBUG Input                - Clearing active input actions
11:19:16.754 [JavaFX Application Thread] DEBUG GameApplicationServi - Removing overlay from BluePlayerScene and adding to GameScene
11:19:16.754 [JavaFX Application Thread] DEBUG PrimaryStageWindow   - GameScene <- BluePlayerScene
11:19:18.297 [JavaFX Application Thread] DEBUG PrimaryStageWindow   - Push state: DialogSubScene
11:19:18.298 [JavaFX Application Thread] DEBUG Input                - Clearing active input actions
11:19:18.298 [JavaFX Application Thread] DEBUG GameApplicationServi - Removing overlay from GameScene and adding to DialogSubScene
11:19:18.298 [JavaFX Application Thread] DEBUG PrimaryStageWindow   - GameScene -> DialogSubScene
11:19:19.302 [JavaFX Application Thread] DEBUG PrimaryStageWindow   - Pop state: DialogSubScene
11:19:19.302 [JavaFX Application Thread] DEBUG Input                - Clearing active input actions
11:19:19.302 [JavaFX Application Thread] DEBUG GameApplicationServi - Removing overlay from DialogSubScene and adding to GameScene
11:19:19.302 [JavaFX Application Thread] DEBUG PrimaryStageWindow   - GameScene <- DialogSubScene
11:19:19.302 [JavaFX Application Thread] DEBUG PrimaryStageWindow   - Push state: RedPlayerScene
11:19:19.303 [JavaFX Application Thread] DEBUG Input                - Clearing active input actions
11:19:19.303 [JavaFX Application Thread] DEBUG GameApplicationServi - Removing overlay from GameScene and adding to RedPlayerScene
11:19:19.303 [JavaFX Application Thread] DEBUG PrimaryStageWindow   - GameScene -> RedPlayerScene
11:19:19.303 [JavaFX Application Thread] DEBUG PrimaryStageWindow   - Pop state: RedPlayerScene
11:19:19.303 [JavaFX Application Thread] DEBUG Input                - Clearing active input actions
11:19:19.303 [JavaFX Application Thread] DEBUG GameApplicationServi - Removing overlay from RedPlayerScene and adding to GameScene
11:19:19.303 [JavaFX Application Thread] DEBUG PrimaryStageWindow   - GameScene <- RedPlayerScene
11:19:20.849 [JavaFX Application Thread] DEBUG PrimaryStageWindow   - Push state: DialogSubScene
11:19:20.849 [JavaFX Application Thread] DEBUG Input                - Clearing active input actions
11:19:20.849 [JavaFX Application Thread] DEBUG GameApplicationServi - Removing overlay from GameScene and adding to DialogSubScene
11:19:20.850 [JavaFX Application Thread] DEBUG PrimaryStageWindow   - GameScene -> DialogSubScene
11:19:21.648 [JavaFX Application Thread] DEBUG PrimaryStageWindow   - Pop state: DialogSubScene
11:19:21.648 [JavaFX Application Thread] DEBUG Input                - Clearing active input actions
11:19:21.648 [JavaFX Application Thread] DEBUG GameApplicationServi - Removing overlay from DialogSubScene and adding to GameScene
11:19:21.648 [JavaFX Application Thread] DEBUG PrimaryStageWindow   - GameScene <- DialogSubScene
11:19:22.666 [JavaFX Application Thread] DEBUG PrimaryStageWindow   - Push state: DialogSubScene
11:19:22.666 [JavaFX Application Thread] DEBUG Input                - Clearing active input actions
11:19:22.666 [JavaFX Application Thread] DEBUG GameApplicationServi - Removing overlay from GameScene and adding to DialogSubScene
11:19:22.666 [JavaFX Application Thread] DEBUG PrimaryStageWindow   - GameScene -> DialogSubScene
11:19:23.461 [JavaFX Application Thread] DEBUG PrimaryStageWindow   - Pop state: DialogSubScene
11:19:23.461 [JavaFX Application Thread] DEBUG Input                - Clearing active input actions
11:19:23.461 [JavaFX Application Thread] DEBUG GameApplicationServi - Removing overlay from DialogSubScene and adding to GameScene
11:19:23.461 [JavaFX Application Thread] DEBUG PrimaryStageWindow   - GameScene <- DialogSubScene
11:19:23.461 [JavaFX Application Thread] DEBUG PrimaryStageWindow   - Push state: BluePlayerScene
11:19:23.462 [JavaFX Application Thread] DEBUG Input                - Clearing active input actions
11:19:23.462 [JavaFX Application Thread] DEBUG GameApplicationServi - Removing overlay from GameScene and adding to BluePlayerScene
11:19:23.463 [JavaFX Application Thread] DEBUG PrimaryStageWindow   - GameScene -> BluePlayerScene
11:19:23.463 [JavaFX Application Thread] DEBUG PrimaryStageWindow   - Pop state: BluePlayerScene
11:19:23.463 [JavaFX Application Thread] DEBUG Input                - Clearing active input actions
11:19:23.463 [JavaFX Application Thread] DEBUG GameApplicationServi - Removing overlay from BluePlayerScene and adding to GameScene
11:19:23.463 [JavaFX Application Thread] DEBUG PrimaryStageWindow   - GameScene <- BluePlayerScene
11:19:24.489 [JavaFX Application Thread] DEBUG PrimaryStageWindow   - Push state: DialogSubScene
11:19:24.490 [JavaFX Application Thread] DEBUG Input                - Clearing active input actions
11:19:24.490 [JavaFX Application Thread] DEBUG GameApplicationServi - Removing overlay from GameScene and adding to DialogSubScene
11:19:24.490 [JavaFX Application Thread] DEBUG PrimaryStageWindow   - GameScene -> DialogSubScene
11:19:25.180 [JavaFX Application Thread] DEBUG PrimaryStageWindow   - Pop state: DialogSubScene
11:19:25.180 [JavaFX Application Thread] DEBUG Input                - Clearing active input actions
11:19:25.180 [JavaFX Application Thread] DEBUG GameApplicationServi - Removing overlay from DialogSubScene and adding to GameScene
11:19:25.180 [JavaFX Application Thread] DEBUG PrimaryStageWindow   - GameScene <- DialogSubScene
11:19:25.180 [JavaFX Application Thread] DEBUG PrimaryStageWindow   - Push state: RedPlayerScene
11:19:25.181 [JavaFX Application Thread] DEBUG Input                - Clearing active input actions
11:19:25.181 [JavaFX Application Thread] DEBUG GameApplicationServi - Removing overlay from GameScene and adding to RedPlayerScene
11:19:25.181 [JavaFX Application Thread] DEBUG PrimaryStageWindow   - GameScene -> RedPlayerScene
11:19:25.181 [JavaFX Application Thread] DEBUG PrimaryStageWindow   - Pop state: RedPlayerScene
11:19:25.181 [JavaFX Application Thread] DEBUG Input                - Clearing active input actions
11:19:25.181 [JavaFX Application Thread] DEBUG GameApplicationServi - Removing overlay from RedPlayerScene and adding to GameScene
11:19:25.181 [JavaFX Application Thread] DEBUG PrimaryStageWindow   - GameScene <- RedPlayerScene
11:19:28.362 [JavaFX Application Thread] DEBUG PrimaryStageWindow   - Push state: DialogSubScene
11:19:28.362 [JavaFX Application Thread] DEBUG Input                - Clearing active input actions
11:19:28.362 [JavaFX Application Thread] DEBUG GameApplicationServi - Removing overlay from GameScene and adding to DialogSubScene
11:19:28.362 [JavaFX Application Thread] DEBUG PrimaryStageWindow   - GameScene -> DialogSubScene
11:19:28.882 [JavaFX Application Thread] DEBUG PrimaryStageWindow   - Pop state: DialogSubScene
11:19:28.882 [JavaFX Application Thread] DEBUG Input                - Clearing active input actions
11:19:28.882 [JavaFX Application Thread] DEBUG GameApplicationServi - Removing overlay from DialogSubScene and adding to GameScene
11:19:28.882 [JavaFX Application Thread] DEBUG PrimaryStageWindow   - GameScene <- DialogSubScene
11:19:28.882 [JavaFX Application Thread] DEBUG PrimaryStageWindow   - Push state: BluePlayerScene
11:19:28.882 [JavaFX Application Thread] DEBUG Input                - Clearing active input actions
11:19:28.882 [JavaFX Application Thread] DEBUG GameApplicationServi - Removing overlay from GameScene and adding to BluePlayerScene
11:19:28.882 [JavaFX Application Thread] DEBUG PrimaryStageWindow   - GameScene -> BluePlayerScene
11:19:28.883 [JavaFX Application Thread] DEBUG PrimaryStageWindow   - Pop state: BluePlayerScene
11:19:28.883 [JavaFX Application Thread] DEBUG Input                - Clearing active input actions
11:19:28.883 [JavaFX Application Thread] DEBUG GameApplicationServi - Removing overlay from BluePlayerScene and adding to GameScene
11:19:28.883 [JavaFX Application Thread] DEBUG PrimaryStageWindow   - GameScene <- BluePlayerScene
11:19:31.946 [JavaFX Application Thread] DEBUG PrimaryStageWindow   - Push state: DialogSubScene
11:19:31.946 [JavaFX Application Thread] DEBUG Input                - Clearing active input actions
11:19:31.946 [JavaFX Application Thread] DEBUG GameApplicationServi - Removing overlay from GameScene and adding to DialogSubScene
11:19:31.946 [JavaFX Application Thread] DEBUG PrimaryStageWindow   - GameScene -> DialogSubScene
11:19:32.755 [JavaFX Application Thread] DEBUG PrimaryStageWindow   - Pop state: DialogSubScene
11:19:32.755 [JavaFX Application Thread] DEBUG Input                - Clearing active input actions
11:19:32.755 [JavaFX Application Thread] DEBUG GameApplicationServi - Removing overlay from DialogSubScene and adding to GameScene
11:19:32.755 [JavaFX Application Thread] DEBUG PrimaryStageWindow   - GameScene <- DialogSubScene
11:19:32.755 [JavaFX Application Thread] DEBUG PrimaryStageWindow   - Push state: RedPlayerScene
11:19:32.755 [JavaFX Application Thread] DEBUG Input                - Clearing active input actions
11:19:32.755 [JavaFX Application Thread] DEBUG GameApplicationServi - Removing overlay from GameScene and adding to RedPlayerScene
11:19:32.755 [JavaFX Application Thread] DEBUG PrimaryStageWindow   - GameScene -> RedPlayerScene
11:19:32.755 [JavaFX Application Thread] DEBUG PrimaryStageWindow   - Pop state: RedPlayerScene
11:19:32.755 [JavaFX Application Thread] DEBUG Input                - Clearing active input actions
11:19:32.756 [JavaFX Application Thread] DEBUG GameApplicationServi - Removing overlay from RedPlayerScene and adding to GameScene
11:19:32.756 [JavaFX Application Thread] DEBUG PrimaryStageWindow   - GameScene <- RedPlayerScene
11:19:33.738 [JavaFX Application Thread] DEBUG PrimaryStageWindow   - Push state: DialogSubScene
11:19:33.738 [JavaFX Application Thread] DEBUG Input                - Clearing active input actions
11:19:33.738 [JavaFX Application Thread] DEBUG GameApplicationServi - Removing overlay from GameScene and adding to DialogSubScene
11:19:33.738 [JavaFX Application Thread] DEBUG PrimaryStageWindow   - GameScene -> DialogSubScene
11:19:34.443 [JavaFX Application Thread] DEBUG PrimaryStageWindow   - Pop state: DialogSubScene
11:19:34.444 [JavaFX Application Thread] DEBUG Input                - Clearing active input actions
11:19:34.444 [JavaFX Application Thread] DEBUG GameApplicationServi - Removing overlay from DialogSubScene and adding to GameScene
11:19:34.444 [JavaFX Application Thread] DEBUG PrimaryStageWindow   - GameScene <- DialogSubScene
11:19:34.444 [JavaFX Application Thread] DEBUG PrimaryStageWindow   - Push state: BluePlayerScene
11:19:34.444 [JavaFX Application Thread] DEBUG Input                - Clearing active input actions
11:19:34.444 [JavaFX Application Thread] DEBUG GameApplicationServi - Removing overlay from GameScene and adding to BluePlayerScene
11:19:34.444 [JavaFX Application Thread] DEBUG PrimaryStageWindow   - GameScene -> BluePlayerScene
11:19:34.444 [JavaFX Application Thread] DEBUG PrimaryStageWindow   - Pop state: BluePlayerScene
11:19:34.444 [JavaFX Application Thread] DEBUG Input                - Clearing active input actions
11:19:34.444 [JavaFX Application Thread] DEBUG GameApplicationServi - Removing overlay from BluePlayerScene and adding to GameScene
11:19:34.444 [JavaFX Application Thread] DEBUG PrimaryStageWindow   - GameScene <- BluePlayerScene
11:19:35.940 [JavaFX Application Thread] DEBUG PrimaryStageWindow   - Push state: DialogSubScene
11:19:35.940 [JavaFX Application Thread] DEBUG Input                - Clearing active input actions
11:19:35.940 [JavaFX Application Thread] DEBUG GameApplicationServi - Removing overlay from GameScene and adding to DialogSubScene
11:19:35.940 [JavaFX Application Thread] DEBUG PrimaryStageWindow   - GameScene -> DialogSubScene
11:19:36.814 [JavaFX Application Thread] DEBUG PrimaryStageWindow   - Pop state: DialogSubScene
11:19:36.814 [JavaFX Application Thread] DEBUG Input                - Clearing active input actions
11:19:36.814 [JavaFX Application Thread] DEBUG GameApplicationServi - Removing overlay from DialogSubScene and adding to GameScene
11:19:36.814 [JavaFX Application Thread] DEBUG PrimaryStageWindow   - GameScene <- DialogSubScene
11:19:38.922 [JavaFX Application Thread] DEBUG PrimaryStageWindow   - Push state: DialogSubScene
11:19:38.922 [JavaFX Application Thread] DEBUG Input                - Clearing active input actions
11:19:38.922 [JavaFX Application Thread] DEBUG GameApplicationServi - Removing overlay from GameScene and adding to DialogSubScene
11:19:38.922 [JavaFX Application Thread] DEBUG PrimaryStageWindow   - GameScene -> DialogSubScene
11:19:39.703 [JavaFX Application Thread] DEBUG PrimaryStageWindow   - Pop state: DialogSubScene
11:19:39.703 [JavaFX Application Thread] DEBUG Input                - Clearing active input actions
11:19:39.703 [JavaFX Application Thread] DEBUG GameApplicationServi - Removing overlay from DialogSubScene and adding to GameScene
11:19:39.703 [JavaFX Application Thread] DEBUG PrimaryStageWindow   - GameScene <- DialogSubScene
11:19:39.703 [JavaFX Application Thread] DEBUG PrimaryStageWindow   - Push state: RedPlayerScene
11:19:39.703 [JavaFX Application Thread] DEBUG Input                - Clearing active input actions
11:19:39.703 [JavaFX Application Thread] DEBUG GameApplicationServi - Removing overlay from GameScene and adding to RedPlayerScene
11:19:39.703 [JavaFX Application Thread] DEBUG PrimaryStageWindow   - GameScene -> RedPlayerScene
11:19:39.704 [JavaFX Application Thread] DEBUG PrimaryStageWindow   - Pop state: RedPlayerScene
11:19:39.704 [JavaFX Application Thread] DEBUG Input                - Clearing active input actions
11:19:39.704 [JavaFX Application Thread] DEBUG GameApplicationServi - Removing overlay from RedPlayerScene and adding to GameScene
11:19:39.704 [JavaFX Application Thread] DEBUG PrimaryStageWindow   - GameScene <- RedPlayerScene
11:19:41.770 [JavaFX Application Thread] DEBUG PrimaryStageWindow   - Push state: DialogSubScene
11:19:41.770 [JavaFX Application Thread] DEBUG Input                - Clearing active input actions
11:19:41.770 [JavaFX Application Thread] DEBUG GameApplicationServi - Removing overlay from GameScene and adding to DialogSubScene
11:19:41.770 [JavaFX Application Thread] DEBUG PrimaryStageWindow   - GameScene -> DialogSubScene
11:19:43.305 [JavaFX Application Thread] DEBUG PrimaryStageWindow   - Pop state: DialogSubScene
11:19:43.305 [JavaFX Application Thread] DEBUG Input                - Clearing active input actions
11:19:43.305 [JavaFX Application Thread] DEBUG GameApplicationServi - Removing overlay from DialogSubScene and adding to GameScene
11:19:43.305 [JavaFX Application Thread] DEBUG PrimaryStageWindow   - GameScene <- DialogSubScene
11:19:43.305 [JavaFX Application Thread] DEBUG PrimaryStageWindow   - Push state: BluePlayerScene
11:19:43.305 [JavaFX Application Thread] DEBUG Input                - Clearing active input actions
11:19:43.306 [JavaFX Application Thread] DEBUG GameApplicationServi - Removing overlay from GameScene and adding to BluePlayerScene
11:19:43.306 [JavaFX Application Thread] DEBUG PrimaryStageWindow   - GameScene -> BluePlayerScene
11:19:43.306 [JavaFX Application Thread] DEBUG PrimaryStageWindow   - Pop state: BluePlayerScene
11:19:43.306 [JavaFX Application Thread] DEBUG Input                - Clearing active input actions
11:19:43.306 [JavaFX Application Thread] DEBUG GameApplicationServi - Removing overlay from BluePlayerScene and adding to GameScene
11:19:43.306 [JavaFX Application Thread] DEBUG PrimaryStageWindow   - GameScene <- BluePlayerScene
11:19:46.191 [JavaFX Application Thread] DEBUG PrimaryStageWindow   - Push state: DialogSubScene
11:19:46.191 [JavaFX Application Thread] DEBUG Input                - Clearing active input actions
11:19:46.192 [JavaFX Application Thread] DEBUG GameApplicationServi - Removing overlay from GameScene and adding to DialogSubScene
11:19:46.192 [JavaFX Application Thread] DEBUG PrimaryStageWindow   - GameScene -> DialogSubScene
11:19:47.334 [JavaFX Application Thread] DEBUG PrimaryStageWindow   - Pop state: DialogSubScene
11:19:47.334 [JavaFX Application Thread] DEBUG Input                - Clearing active input actions
11:19:47.334 [JavaFX Application Thread] DEBUG GameApplicationServi - Removing overlay from DialogSubScene and adding to GameScene
11:19:47.334 [JavaFX Application Thread] DEBUG PrimaryStageWindow   - GameScene <- DialogSubScene
11:19:49.033 [JavaFX Application Thread] DEBUG PrimaryStageWindow   - Push state: DialogSubScene
11:19:49.033 [JavaFX Application Thread] DEBUG Input                - Clearing active input actions
11:19:49.034 [JavaFX Application Thread] DEBUG GameApplicationServi - Removing overlay from GameScene and adding to DialogSubScene
11:19:49.034 [JavaFX Application Thread] DEBUG PrimaryStageWindow   - GameScene -> DialogSubScene
11:19:49.679 [JavaFX Application Thread] DEBUG PrimaryStageWindow   - Pop state: DialogSubScene
11:19:49.679 [JavaFX Application Thread] DEBUG Input                - Clearing active input actions
11:19:49.680 [JavaFX Application Thread] DEBUG GameApplicationServi - Removing overlay from DialogSubScene and adding to GameScene
11:19:49.680 [JavaFX Application Thread] DEBUG PrimaryStageWindow   - GameScene <- DialogSubScene
11:19:49.680 [JavaFX Application Thread] DEBUG PrimaryStageWindow   - Push state: RedPlayerScene
11:19:49.680 [JavaFX Application Thread] DEBUG Input                - Clearing active input actions
11:19:49.680 [JavaFX Application Thread] DEBUG GameApplicationServi - Removing overlay from GameScene and adding to RedPlayerScene
11:19:49.680 [JavaFX Application Thread] DEBUG PrimaryStageWindow   - GameScene -> RedPlayerScene
11:19:49.680 [JavaFX Application Thread] DEBUG PrimaryStageWindow   - Pop state: RedPlayerScene
11:19:49.680 [JavaFX Application Thread] DEBUG Input                - Clearing active input actions
11:19:49.680 [JavaFX Application Thread] DEBUG GameApplicationServi - Removing overlay from RedPlayerScene and adding to GameScene
11:19:49.680 [JavaFX Application Thread] DEBUG PrimaryStageWindow   - GameScene <- RedPlayerScene
11:19:56.414 [JavaFX Application Thread] DEBUG PrimaryStageWindow   - Push state: DialogSubScene
11:19:56.415 [JavaFX Application Thread] DEBUG Input                - Clearing active input actions
11:19:56.415 [JavaFX Application Thread] DEBUG GameApplicationServi - Removing overlay from GameScene and adding to DialogSubScene
11:19:56.415 [JavaFX Application Thread] DEBUG PrimaryStageWindow   - GameScene -> DialogSubScene
11:19:57.273 [JavaFX Application Thread] DEBUG PrimaryStageWindow   - Pop state: DialogSubScene
11:19:57.273 [JavaFX Application Thread] DEBUG Input                - Clearing active input actions
11:19:57.274 [JavaFX Application Thread] DEBUG GameApplicationServi - Removing overlay from DialogSubScene and adding to GameScene
11:19:57.274 [JavaFX Application Thread] DEBUG PrimaryStageWindow   - GameScene <- DialogSubScene
11:19:59.690 [JavaFX Application Thread] DEBUG PrimaryStageWindow   - Push state: DialogSubScene
11:19:59.690 [JavaFX Application Thread] DEBUG Input                - Clearing active input actions
11:19:59.690 [JavaFX Application Thread] DEBUG GameApplicationServi - Removing overlay from GameScene and adding to DialogSubScene
11:19:59.690 [JavaFX Application Thread] DEBUG PrimaryStageWindow   - GameScene -> DialogSubScene
11:20:00.383 [JavaFX Application Thread] DEBUG PrimaryStageWindow   - Pop state: DialogSubScene
11:20:00.383 [JavaFX Application Thread] DEBUG Input                - Clearing active input actions
11:20:00.383 [JavaFX Application Thread] DEBUG GameApplicationServi - Removing overlay from DialogSubScene and adding to GameScene
11:20:00.383 [JavaFX Application Thread] DEBUG PrimaryStageWindow   - GameScene <- DialogSubScene
11:20:00.383 [JavaFX Application Thread] DEBUG PrimaryStageWindow   - Push state: BluePlayerScene
11:20:00.384 [JavaFX Application Thread] DEBUG Input                - Clearing active input actions
11:20:00.384 [JavaFX Application Thread] DEBUG GameApplicationServi - Removing overlay from GameScene and adding to BluePlayerScene
11:20:00.384 [JavaFX Application Thread] DEBUG PrimaryStageWindow   - GameScene -> BluePlayerScene
11:20:00.384 [JavaFX Application Thread] DEBUG PrimaryStageWindow   - Pop state: BluePlayerScene
11:20:00.384 [JavaFX Application Thread] DEBUG Input                - Clearing active input actions
11:20:00.384 [JavaFX Application Thread] DEBUG GameApplicationServi - Removing overlay from BluePlayerScene and adding to GameScene
11:20:00.384 [JavaFX Application Thread] DEBUG PrimaryStageWindow   - GameScene <- BluePlayerScene
11:20:02.200 [JavaFX Application Thread] DEBUG PrimaryStageWindow   - Push state: DialogSubScene
11:20:02.200 [JavaFX Application Thread] DEBUG Input                - Clearing active input actions
11:20:02.200 [JavaFX Application Thread] DEBUG GameApplicationServi - Removing overlay from GameScene and adding to DialogSubScene
11:20:02.200 [JavaFX Application Thread] DEBUG PrimaryStageWindow   - GameScene -> DialogSubScene
11:20:03.143 [JavaFX Application Thread] DEBUG PrimaryStageWindow   - Pop state: DialogSubScene
11:20:03.143 [JavaFX Application Thread] DEBUG Input                - Clearing active input actions
11:20:03.144 [JavaFX Application Thread] DEBUG GameApplicationServi - Removing overlay from DialogSubScene and adding to GameScene
11:20:03.144 [JavaFX Application Thread] DEBUG PrimaryStageWindow   - GameScene <- DialogSubScene
11:20:04.154 [JavaFX Application Thread] DEBUG PrimaryStageWindow   - Push state: DialogSubScene
11:20:04.154 [JavaFX Application Thread] DEBUG Input                - Clearing active input actions
11:20:04.154 [JavaFX Application Thread] DEBUG GameApplicationServi - Removing overlay from GameScene and adding to DialogSubScene
11:20:04.154 [JavaFX Application Thread] DEBUG PrimaryStageWindow   - GameScene -> DialogSubScene
11:20:08.659 [JavaFX Application Thread] DEBUG PrimaryStageWindow   - Pop state: DialogSubScene
11:20:08.659 [JavaFX Application Thread] DEBUG Input                - Clearing active input actions
11:20:08.659 [JavaFX Application Thread] DEBUG GameApplicationServi - Removing overlay from DialogSubScene and adding to GameScene
11:20:08.659 [JavaFX Application Thread] DEBUG PrimaryStageWindow   - GameScene <- DialogSubScene
11:20:08.661 [JavaFX Application Thread] DEBUG GameApplicationServi - Starting new game
11:20:08.661 [JavaFX Application Thread] DEBUG Input                - Clearing active input actions
11:20:08.665 [JavaFX Application Thread] DEBUG GameApplicationServi - Removing overlay from GameScene and adding to FXGLLoadingScene
11:20:08.665 [JavaFX Application Thread] DEBUG PrimaryStageWindow   - GameScene -> FXGLLoadingScene
11:20:08.665 [JavaFX Application Thread] DEBUG GameApplicationServi - Clearing previous game
11:20:08.665 [JavaFX Application Thread] DEBUG GameScene            - Clearing game scene
11:20:08.665 [JavaFX Application Thread] DEBUG GameWorld            - Clearing game world
11:20:08.667 [JavaFX Application Thread] DEBUG PhysicsWorld         - Clearing physics world
11:20:08.668 [FXGL Background Thread 5 ] DEBUG FXGLApplication      - Initializing game
11:20:08.679 [FXGL Background Thread 5 ] INFO  FXGLApplication      - Game initialization took: 0.012 sec
11:20:08.680 [JavaFX Application Thread] DEBUG Input                - Clearing active input actions
11:20:08.685 [JavaFX Application Thread] DEBUG GameApplicationServi - Removing overlay from FXGLLoadingScene and adding to GameScene
11:20:08.685 [JavaFX Application Thread] DEBUG PrimaryStageWindow   - FXGLLoadingScene -> GameScene
11:20:08.686 [JavaFX Application Thread] DEBUG PrimaryStageWindow   - Push state: DialogSubScene
11:20:08.687 [JavaFX Application Thread] DEBUG Input                - Clearing active input actions
11:20:08.687 [JavaFX Application Thread] DEBUG GameApplicationServi - Removing overlay from GameScene and adding to DialogSubScene
11:20:08.687 [JavaFX Application Thread] DEBUG PrimaryStageWindow   - GameScene -> DialogSubScene
11:20:10.879 [JavaFX Application Thread] DEBUG PrimaryStageWindow   - Pop state: DialogSubScene
11:20:10.879 [JavaFX Application Thread] DEBUG Input                - Clearing active input actions
11:20:10.880 [JavaFX Application Thread] DEBUG GameApplicationServi - Removing overlay from DialogSubScene and adding to GameScene
11:20:10.880 [JavaFX Application Thread] DEBUG PrimaryStageWindow   - GameScene <- DialogSubScene
11:20:11.299 [JavaFX Application Thread] DEBUG PrimaryStageWindow   - Push state: SimpleGameMenu
11:20:11.300 [JavaFX Application Thread] DEBUG Input                - Clearing active input actions
11:20:11.300 [JavaFX Application Thread] DEBUG GameApplicationServi - Removing overlay from GameScene and adding to SimpleGameMenu
11:20:11.300 [JavaFX Application Thread] DEBUG PrimaryStageWindow   - GameScene -> SimpleGameMenu
11:20:12.220 [JavaFX Application Thread] DEBUG Menu                 - fireExitToMainMenu()
11:20:12.220 [JavaFX Application Thread] DEBUG PrimaryStageWindow   - Push state: DialogSubScene
11:20:12.220 [JavaFX Application Thread] DEBUG Input                - Clearing active input actions
11:20:12.220 [JavaFX Application Thread] DEBUG GameApplicationServi - Removing overlay from SimpleGameMenu and adding to DialogSubScene
11:20:12.220 [JavaFX Application Thread] DEBUG PrimaryStageWindow   - SimpleGameMenu -> DialogSubScene
11:20:12.921 [JavaFX Application Thread] DEBUG PrimaryStageWindow   - Pop state: DialogSubScene
11:20:12.921 [JavaFX Application Thread] DEBUG Input                - Clearing active input actions
11:20:12.921 [JavaFX Application Thread] DEBUG GameApplicationServi - Removing overlay from DialogSubScene and adding to SimpleGameMenu
11:20:12.921 [JavaFX Application Thread] DEBUG PrimaryStageWindow   - SimpleGameMenu <- DialogSubScene
11:20:12.921 [JavaFX Application Thread] DEBUG PrimaryStageWindow   - Pop state: SimpleGameMenu
11:20:12.921 [JavaFX Application Thread] DEBUG Input                - Clearing active input actions
11:20:12.921 [JavaFX Application Thread] DEBUG GameApplicationServi - Removing overlay from SimpleGameMenu and adding to GameScene
11:20:12.921 [JavaFX Application Thread] DEBUG PrimaryStageWindow   - GameScene <- SimpleGameMenu
11:20:12.921 [JavaFX Application Thread] DEBUG Input                - Clearing active input actions
11:20:12.923 [JavaFX Application Thread] DEBUG GameApplicationServi - Removing overlay from GameScene and adding to FXGLMainMenuDummyScene
11:20:12.923 [JavaFX Application Thread] DEBUG PrimaryStageWindow   - GameScene -> FXGLMainMenuDummyScene
11:20:12.923 [JavaFX Application Thread] DEBUG PrimaryStageWindow   - Push state: BattleShipMainMenu
11:20:12.923 [JavaFX Application Thread] DEBUG Input                - Clearing active input actions
11:20:12.923 [JavaFX Application Thread] DEBUG GameApplicationServi - Removing overlay from FXGLMainMenuDummyScene and adding to BattleShipMainMenu
11:20:12.924 [JavaFX Application Thread] DEBUG PrimaryStageWindow   - FXGLMainMenuDummyScene -> BattleShipMainMenu
11:20:13.576 [JavaFX Application Thread] DEBUG Menu                 - fireExit()
11:20:13.576 [JavaFX Application Thread] DEBUG PrimaryStageWindow   - Push state: DialogSubScene
11:20:13.576 [JavaFX Application Thread] DEBUG Input                - Clearing active input actions
11:20:13.576 [JavaFX Application Thread] DEBUG GameApplicationServi - Removing overlay from BattleShipMainMenu and adding to DialogSubScene
11:20:13.577 [JavaFX Application Thread] DEBUG PrimaryStageWindow   - BattleShipMainMenu -> DialogSubScene
11:20:14.201 [JavaFX Application Thread] DEBUG PrimaryStageWindow   - Pop state: DialogSubScene
11:20:14.201 [JavaFX Application Thread] DEBUG Input                - Clearing active input actions
11:20:14.202 [JavaFX Application Thread] DEBUG GameApplicationServi - Removing overlay from DialogSubScene and adding to BattleShipMainMenu
11:20:14.202 [JavaFX Application Thread] DEBUG PrimaryStageWindow   - BattleShipMainMenu <- DialogSubScene
11:20:14.202 [JavaFX Application Thread] DEBUG FXGLApplication      - Exiting FXGL
11:20:14.202 [JavaFX Application Thread] DEBUG LoopRunner           - Stopping loop
11:20:14.202 [JavaFX Application Thread] DEBUG SystemBundleService  - Saving FXGL system data
11:20:14.203 [JavaFX Application Thread] DEBUG FileSystemAccess     - Writing to: D:\battleShip\battleShip_FXGL\system\fxgl.bundle
11:20:14.204 [JavaFX Application Thread] DEBUG Async                - Shutting down background threads
11:20:14.204 [JavaFX Application Thread] DEBUG PrimaryStageWindow   - Closing main window
11:20:14.224 [JavaFX Application Thread] DEBUG Logger               - Closing Logger
