20:34:17.251 [main                     ] DEBUG Logger               - Configured Logger
20:34:17.272 [main                     ] DEBUG GameApplication      - Logging settings
Title: BattleShip_FXGL
Version: 0.1
Width: 1025
Height: 1136
Fullscreen: false
Intro: false
Profiling: false
Single step:false
App Mode: DEVELOPER
Menu Key: ESCAPE
Stage Style: DECORATED
Scene Factory: class fi.utu.tech.gui.javafx.BattleShipApp$1

20:34:17.624 [JavaFX Application Thread] DEBUG FXGLApplication      - Initializing FXGL
20:34:17.628 [JavaFX Application Thread] INFO  Engine               - FXGL-11.14 (01.03.2021 16.59) on LINUX (J:11.0.10 FX:15)
20:34:17.628 [JavaFX Application Thread] DEBUG Engine               - JRE Vendor Name: Oracle Corporation
20:34:17.628 [JavaFX Application Thread] DEBUG Engine               - Running on OS: Linux version 5.9.16-1-MANJARO
20:34:17.629 [JavaFX Application Thread] DEBUG Engine               - Architecture: amd64
20:34:17.629 [JavaFX Application Thread] INFO  Engine               - Source code and latest versions at: https://github.com/AlmasB/FXGL
20:34:17.629 [JavaFX Application Thread] INFO  Engine               -              Join the FXGL chat at: https://gitter.im/AlmasB/FXGL
20:34:17.742 [JavaFX Application Thread] DEBUG PrimaryStageWindow   - Creating a JavaFX scene
20:34:17.846 [JavaFX Application Thread] DEBUG PrimaryStageWindow   - Target settings size: 1025.0 x 1136.0
20:34:17.846 [JavaFX Application Thread] DEBUG PrimaryStageWindow   - Scaled scene size:    1025.0 x 1136.0
20:34:17.847 [JavaFX Application Thread] DEBUG PrimaryStageWindow   - Scaled ratio: (1.0, 1.0)
20:34:17.848 [JavaFX Application Thread] DEBUG PrimaryStageWindow   - Set initial scene to FXGLStartupScene
20:34:17.855 [JavaFX Application Thread] DEBUG PrimaryStageWindow   - Opening main window
20:34:17.901 [JavaFX Application Thread] DEBUG PrimaryStageWindow   - Window border size: (2.0, 29.0)
20:34:17.901 [JavaFX Application Thread] DEBUG PrimaryStageWindow   - Scaled size: 1025.0 x 1136.0
20:34:17.901 [JavaFX Application Thread] DEBUG PrimaryStageWindow   - Scaled ratio: (1.0, 1.0)
20:34:17.902 [JavaFX Application Thread] DEBUG PrimaryStageWindow   - Scene size: 1025.0 x 1136.0
20:34:17.902 [JavaFX Application Thread] DEBUG PrimaryStageWindow   - Stage size: 1027.0 x 1165.0
20:34:17.907 [FXGL Background Thread 1 ] DEBUG Engine               - Initializing environment variables
20:34:17.944 [FXGL Background Thread 1 ] DEBUG FXGLAssetLoaderServi - User app class for loading assets: class fi.utu.tech.gui.javafx.BattleShipApp
20:34:17.944 [FXGL Background Thread 1 ] DEBUG GameApplicationServi - Applying CSS: fxgl_dark.css
20:34:17.945 [FXGL Background Thread 1 ] DEBUG FXGLAssetLoaderServi - Loading from file system: jar:file:/home/yoko19191/.m2/repository/com/github/almasb/fxgl/11.14/fxgl-11.14.jar!/fxglassets/ui/css/fxgl_dark.css
20:34:18.089 [FXGL Background Thread 1 ] DEBUG GameApplicationServi - Initializing application scenes
20:34:18.170 [FXGL Background Thread 1 ] DEBUG GameWorld            - Game world initialized
20:34:18.236 [FXGL Background Thread 1 ] DEBUG PhysicsWorld         - Physics world initialized: appHeight=1136, physics.ppm=50.0
20:34:18.237 [FXGL Background Thread 1 ] DEBUG PhysicsWorld         - Using strategy: BRUTE_FORCE
20:34:18.241 [FXGL Background Thread 1 ] DEBUG GameScene            - Game scene initialized: 1025x1136
20:34:18.248 [FXGL Background Thread 1 ] DEBUG FXGLAssetLoaderServi - Loading from file system: file:/home/yoko19191/repo/dtek0097/exercise_d/BattleShip_FXGL/target/classes/assets/textures/grid.jpg
20:34:18.286 [FXGL Background Thread 1 ] DEBUG FXGLAssetLoaderServi - Loading from file system: file:/home/yoko19191/repo/dtek0097/exercise_d/BattleShip_FXGL/target/classes/assets/textures/title.png
20:34:18.325 [FXGL Background Thread 1 ] DEBUG FXGLAssetLoaderServi - Loading from file system: jar:file:/home/yoko19191/.m2/repository/com/github/almasb/fxgl/11.14/fxgl-11.14.jar!/fxglassets/textures/pause_menu_bg.png
20:34:18.340 [FXGL Background Thread 1 ] DEBUG GameApplicationServi - Application scenes initialized
20:34:18.355 [FXGL Background Thread 1 ] DEBUG SystemBundleService  - Loading FXGL system data
20:34:18.357 [FXGL Background Thread 1 ] DEBUG FileSystemAccess     - Reading from: /home/yoko19191/repo/dtek0097/exercise_d/BattleShip_FXGL/system/fxgl.bundle
20:34:18.363 [FXGL Background Thread 1 ] DEBUG SystemBundleService  - Bundle FXGL: {}
20:34:18.364 [FXGL Background Thread 1 ] DEBUG UpdaterService       - Checking for updates
20:34:18.368 [FXGL Background Thread 4 ] DEBUG FXGLApplication      - Loading fonts
20:34:18.368 [FXGL Background Thread 1 ] DEBUG FXGLApplication      - Loading default localization
20:34:18.368 [FXGL Background Thread 4 ] DEBUG FXGLAssetLoaderServi - Loading from file system: jar:file:/home/yoko19191/.m2/repository/com/github/almasb/fxgl/11.14/fxgl-11.14.jar!/fxglassets/ui/fonts/VarelaRound-Regular.ttf
20:34:18.369 [FXGL Background Thread 1 ] DEBUG FXGLAssetLoaderServi - Loading from file system: jar:file:/home/yoko19191/.m2/repository/com/github/almasb/fxgl/11.14/fxgl-11.14.jar!/fxglassets/languages/english.lang
20:34:18.378 [FXGL Background Thread 4 ] DEBUG FXGLAssetLoaderServi - Loading from file system: jar:file:/home/yoko19191/.m2/repository/com/github/almasb/fxgl/11.14/fxgl-11.14.jar!/fxglassets/ui/fonts/Abel-Regular.ttf
20:34:18.381 [FXGL Background Thread 4 ] DEBUG FXGLAssetLoaderServi - Loading from file system: jar:file:/home/yoko19191/.m2/repository/com/github/almasb/fxgl/11.14/fxgl-11.14.jar!/fxglassets/ui/fonts/lucida_console.ttf
20:34:18.383 [FXGL Background Thread 4 ] DEBUG FXGLAssetLoaderServi - Loading from file system: jar:file:/home/yoko19191/.m2/repository/com/github/almasb/fxgl/11.14/fxgl-11.14.jar!/fxglassets/ui/fonts/Courier-Prime.ttf
20:34:18.384 [FXGL Background Thread 1 ] INFO  FXGLApplication      - FXGL initialization took: 0.477 sec
20:34:18.385 [JavaFX Application Thread] DEBUG FXGLAssetLoaderServi - Loading from file system: file:/home/yoko19191/repo/dtek0097/exercise_d/BattleShip_FXGL/target/classes/assets/music/fon.mp3
20:34:18.533 [JavaFX Application Thread] DEBUG AudioPlayer          - Playing music com.almasb.fxgl.audio.Music@179ce3d3
20:34:18.534 [JavaFX Application Thread] DEBUG FXGLAssetLoaderServi - Loading from file system: jar:file:/home/yoko19191/.m2/repository/com/github/almasb/fxgl/11.14/fxgl-11.14.jar!/fxglassets/textures/fxgl_icon.png
20:34:18.567 [JavaFX Application Thread] DEBUG FXGLAssetLoaderServi - Loading from file system: jar:file:/home/yoko19191/.m2/repository/com/github/almasb/fxgl/11.14/fxgl-11.14.jar!/fxglassets/ui/cursors/fxgl_default.png
20:34:18.582 [JavaFX Application Thread] DEBUG Input                - Registered new binding: Screenshot - P
20:34:18.583 [JavaFX Application Thread] DEBUG Input                - Registered new binding: System info dump - CTRL+9
20:34:18.583 [JavaFX Application Thread] DEBUG Input                - Registered new binding: Restart - CTRL+R
20:34:18.583 [JavaFX Application Thread] DEBUG Input                - Registered new binding: Toggle Debug Camera - CTRL+C
20:34:18.585 [JavaFX Application Thread] DEBUG LoopRunner           - Starting loop
20:34:18.585 [JavaFX Application Thread] DEBUG LoopRunner           - Initializing JavaFX AnimationTimerLoop
20:34:18.587 [JavaFX Application Thread] DEBUG Input                - Clearing active input actions
20:34:18.600 [JavaFX Application Thread] DEBUG GameApplicationServi - Removing overlay from FXGLStartupScene and adding to FXGLMainMenuDummyScene
20:34:18.601 [JavaFX Application Thread] DEBUG PrimaryStageWindow   - FXGLStartupScene -> FXGLMainMenuDummyScene
20:34:18.601 [JavaFX Application Thread] DEBUG PrimaryStageWindow   - Push state: BattleShipMainMenu
20:34:18.601 [JavaFX Application Thread] DEBUG Input                - Clearing active input actions
20:34:18.605 [JavaFX Application Thread] DEBUG GameApplicationServi - Removing overlay from FXGLMainMenuDummyScene and adding to BattleShipMainMenu
20:34:18.605 [JavaFX Application Thread] DEBUG PrimaryStageWindow   - FXGLMainMenuDummyScene -> BattleShipMainMenu
20:34:18.605 [JavaFX Application Thread] DEBUG FXGLApplication      - Registering font factories with UI factory
20:34:21.367 [FXGL Background Thread 3 ] DEBUG Engine               - Logging environment variables
20:34:21.368 [FXGL Background Thread 3 ] DEBUG Engine               - achievements: []
20:34:21.368 [FXGL Background Thread 3 ] DEBUG Engine               - actualHeight: 1136.0
20:34:21.368 [FXGL Background Thread 3 ] DEBUG Engine               - actualHeightProperty: ReadOnlyDoubleProperty [value: 1155.0]
20:34:21.368 [FXGL Background Thread 3 ] DEBUG Engine               - actualWidth: 1025.0
20:34:21.368 [FXGL Background Thread 3 ] DEBUG Engine               - actualWidthProperty: ReadOnlyDoubleProperty [value: 1031.0]
20:34:21.369 [FXGL Background Thread 3 ] DEBUG Engine               - appIcon: fxgl_icon.png
20:34:21.369 [FXGL Background Thread 3 ] DEBUG Engine               - applicationMode: DEVELOPER
20:34:21.369 [FXGL Background Thread 3 ] DEBUG Engine               - cSSList: [fxgl_dark.css]
20:34:21.369 [FXGL Background Thread 3 ] DEBUG Engine               - collisionDetectionStrategy: BRUTE_FORCE
20:34:21.369 [FXGL Background Thread 3 ] DEBUG Engine               - configClass: Optional.empty
20:34:21.369 [FXGL Background Thread 3 ] DEBUG Engine               - credits: []
20:34:21.369 [FXGL Background Thread 3 ] DEBUG Engine               - devBBoxColorProperty: ObjectProperty [value: 0xff0000ff]
20:34:21.369 [FXGL Background Thread 3 ] DEBUG Engine               - devEnableDebugCameraProperty: BooleanProperty [value: false]
20:34:21.369 [FXGL Background Thread 3 ] DEBUG Engine               - devSensorColorProperty: ObjectProperty [value: 0xffff00ff]
20:34:21.369 [FXGL Background Thread 3 ] DEBUG Engine               - devShowBBoxProperty: BooleanProperty [value: false]
20:34:21.369 [FXGL Background Thread 3 ] DEBUG Engine               - devShowPositionProperty: BooleanProperty [value: false]
20:34:21.370 [FXGL Background Thread 3 ] DEBUG Engine               - enabledMenuItems: []
20:34:21.370 [FXGL Background Thread 3 ] DEBUG Engine               - engineServices: [class com.almasb.fxgl.app.services.FXGLAssetLoaderService, class com.almasb.fxgl.app.FXGLApplication$GameApplicationService, class com.almasb.fxgl.app.services.FXGLDialogService, class com.almasb.fxgl.app.services.IOTaskExecutorService, class com.almasb.fxgl.event.EventBusService, class com.almasb.fxgl.io.FileSystemService, class com.almasb.fxgl.localization.LocalizationService, class com.almasb.fxgl.app.services.SystemBundleService, class com.almasb.fxgl.profile.SaveLoadService, class com.almasb.fxgl.ui.FXGLUIFactoryServiceProvider, class com.almasb.fxgl.ui.FXGLDialogFactoryServiceProvider, class com.almasb.fxgl.audio.AudioPlayer, class com.almasb.fxgl.notification.impl.NotificationServiceProvider, class com.almasb.fxgl.achievement.AchievementService, class com.almasb.fxgl.cutscene.CutsceneService, class com.almasb.fxgl.minigames.MiniGameService, class com.almasb.fxgl.net.NetService, class com.almasb.fxgl.app.services.UpdaterService, class com.almasb.fxgl.dev.DevService]
20:34:21.370 [FXGL Background Thread 3 ] DEBUG Engine               - fontGame: Abel-Regular.ttf
20:34:21.370 [FXGL Background Thread 3 ] DEBUG Engine               - fontMono: lucida_console.ttf
20:34:21.370 [FXGL Background Thread 3 ] DEBUG Engine               - fontText: Courier-Prime.ttf
20:34:21.370 [FXGL Background Thread 3 ] DEBUG Engine               - fontUI: VarelaRound-Regular.ttf
20:34:21.370 [FXGL Background Thread 3 ] DEBUG Engine               - fullScreen: BooleanProperty [value: false]
20:34:21.370 [FXGL Background Thread 3 ] DEBUG Engine               - gameDifficulty: MEDIUM
20:34:21.370 [FXGL Background Thread 3 ] DEBUG Engine               - gameDifficultyProperty: ObjectProperty [value: MEDIUM]
20:34:21.370 [FXGL Background Thread 3 ] DEBUG Engine               - globalMusicVolume: 0.5
20:34:21.370 [FXGL Background Thread 3 ] DEBUG Engine               - globalMusicVolumeProperty: DoubleProperty [value: 0.5]
20:34:21.370 [FXGL Background Thread 3 ] DEBUG Engine               - globalSoundVolume: 0.5
20:34:21.370 [FXGL Background Thread 3 ] DEBUG Engine               - globalSoundVolumeProperty: DoubleProperty [value: 0.5]
20:34:21.370 [FXGL Background Thread 3 ] DEBUG Engine               - height: 1136
20:34:21.371 [FXGL Background Thread 3 ] DEBUG Engine               - isAndroid: false
20:34:21.371 [FXGL Background Thread 3 ] DEBUG Engine               - isBrowser: false
20:34:21.371 [FXGL Background Thread 3 ] DEBUG Engine               - isClickFeedbackEnabled: false
20:34:21.371 [FXGL Background Thread 3 ] DEBUG Engine               - isCloseConfirmation: false
20:34:21.371 [FXGL Background Thread 3 ] DEBUG Engine               - isDesktop: true
20:34:21.371 [FXGL Background Thread 3 ] DEBUG Engine               - isDeveloperMenuEnabled: false
20:34:21.371 [FXGL Background Thread 3 ] DEBUG Engine               - isEntityPreloadEnabled: true
20:34:21.371 [FXGL Background Thread 3 ] DEBUG Engine               - isExperimental3D: false
20:34:21.371 [FXGL Background Thread 3 ] DEBUG Engine               - isExperimentalNative: false
20:34:21.371 [FXGL Background Thread 3 ] DEBUG Engine               - isExperimentalTiledLargeMap: false
20:34:21.371 [FXGL Background Thread 3 ] DEBUG Engine               - isFileSystemWriteAllowed: true
20:34:21.371 [FXGL Background Thread 3 ] DEBUG Engine               - isFullScreenAllowed: false
20:34:21.371 [FXGL Background Thread 3 ] DEBUG Engine               - isFullScreenFromStart: false
20:34:21.371 [FXGL Background Thread 3 ] DEBUG Engine               - isGameMenuEnabled: true
20:34:21.371 [FXGL Background Thread 3 ] DEBUG Engine               - isIOS: false
20:34:21.371 [FXGL Background Thread 3 ] DEBUG Engine               - isIntroEnabled: false
20:34:21.372 [FXGL Background Thread 3 ] DEBUG Engine               - isLinux: true
20:34:21.372 [FXGL Background Thread 3 ] DEBUG Engine               - isMac: false
20:34:21.372 [FXGL Background Thread 3 ] DEBUG Engine               - isMainMenuEnabled: true
20:34:21.372 [FXGL Background Thread 3 ] DEBUG Engine               - isManualResizeEnabled: false
20:34:21.372 [FXGL Background Thread 3 ] DEBUG Engine               - isMobile: false
20:34:21.372 [FXGL Background Thread 3 ] DEBUG Engine               - isPreserveResizeRatio: false
20:34:21.372 [FXGL Background Thread 3 ] DEBUG Engine               - isProfilingEnabled: false
20:34:21.372 [FXGL Background Thread 3 ] DEBUG Engine               - isScaleAffectedOnResize: true
20:34:21.372 [FXGL Background Thread 3 ] DEBUG Engine               - isSingleStep: false
20:34:21.372 [FXGL Background Thread 3 ] DEBUG Engine               - isUserProfileEnabled: false
20:34:21.372 [FXGL Background Thread 3 ] DEBUG Engine               - isWindows: false
20:34:21.372 [FXGL Background Thread 3 ] DEBUG Engine               - language: ObjectProperty [value: ENGLISH]
20:34:21.372 [FXGL Background Thread 3 ] DEBUG Engine               - menuKey: ESCAPE
20:34:21.372 [FXGL Background Thread 3 ] DEBUG Engine               - notificationViewClass: class com.almasb.fxgl.notification.view.XboxNotificationView
20:34:21.372 [FXGL Background Thread 3 ] DEBUG Engine               - pixelsPerMeter: 50.0
20:34:21.372 [FXGL Background Thread 3 ] DEBUG Engine               - platform: LINUX
20:34:21.373 [FXGL Background Thread 3 ] DEBUG Engine               - prefHeightProperty: ReadOnlyDoubleProperty [value: 1136.0]
20:34:21.373 [FXGL Background Thread 3 ] DEBUG Engine               - prefWidthProperty: ReadOnlyDoubleProperty [value: 1025.0]
20:34:21.373 [FXGL Background Thread 3 ] DEBUG Engine               - profileDir: profiles/
20:34:21.373 [FXGL Background Thread 3 ] DEBUG Engine               - profileName: StringProperty [value: DEFAULT]
20:34:21.373 [FXGL Background Thread 3 ] DEBUG Engine               - randomSeed: -1
20:34:21.373 [FXGL Background Thread 3 ] DEBUG Engine               - runtimeInfo: RuntimeInfo(platform=LINUX, version=11.14, build=01.03.2021 16.59)
20:34:21.373 [FXGL Background Thread 3 ] DEBUG Engine               - saveFileExt: sav
20:34:21.373 [FXGL Background Thread 3 ] DEBUG Engine               - scaledHeightProp$fxgl: DoubleProperty [bound, value: 1155.0]
20:34:21.373 [FXGL Background Thread 3 ] DEBUG Engine               - scaledWidthProp$fxgl: DoubleProperty [bound, value: 1031.0]
20:34:21.373 [FXGL Background Thread 3 ] DEBUG Engine               - sceneFactory: fi.utu.tech.gui.javafx.BattleShipApp$1@2302b054
20:34:21.373 [FXGL Background Thread 3 ] DEBUG Engine               - secondsIn24h: 60
20:34:21.373 [FXGL Background Thread 3 ] DEBUG Engine               - soundMenuBack: menu/back.wav
20:34:21.373 [FXGL Background Thread 3 ] DEBUG Engine               - soundMenuPress: menu/press.wav
20:34:21.374 [FXGL Background Thread 3 ] DEBUG Engine               - soundMenuSelect: menu/select.wav
20:34:21.374 [FXGL Background Thread 3 ] DEBUG Engine               - soundNotification: core/notification.wav
20:34:21.374 [FXGL Background Thread 3 ] DEBUG Engine               - stageStyle: DECORATED
20:34:21.374 [FXGL Background Thread 3 ] DEBUG Engine               - supportedLanguages: [ENGLISH, FRENCH, GERMAN, HUNGARIAN, RUSSIAN]
20:34:21.374 [FXGL Background Thread 3 ] DEBUG Engine               - ticksPerSecond: -1
20:34:21.374 [FXGL Background Thread 3 ] DEBUG Engine               - title: BattleShip_FXGL
20:34:21.374 [FXGL Background Thread 3 ] DEBUG Engine               - urlGithub: https://github.com/AlmasB/FXGL
20:34:21.374 [FXGL Background Thread 3 ] DEBUG Engine               - urlLeaderboard: http://fxgl-top.herokuapp.com/
20:34:21.374 [FXGL Background Thread 3 ] DEBUG Engine               - urlPOM: https://raw.githubusercontent.com/AlmasB/FXGL/release/README.md
20:34:21.374 [FXGL Background Thread 3 ] DEBUG Engine               - userAppClass: class fi.utu.tech.gui.javafx.BattleShipApp
20:34:21.374 [FXGL Background Thread 3 ] DEBUG Engine               - version: 0.1
20:34:21.374 [FXGL Background Thread 3 ] DEBUG Engine               - versionCheckDays: 7
20:34:21.374 [FXGL Background Thread 3 ] DEBUG Engine               - width: 1025
20:34:21.374 [FXGL Background Thread 3 ] DEBUG Engine               - Logging services
20:34:21.374 [FXGL Background Thread 3 ] DEBUG Engine               - class com.almasb.fxgl.app.services.FXGLAssetLoaderService
20:34:21.374 [FXGL Background Thread 3 ] DEBUG Engine               - class com.almasb.fxgl.app.FXGLApplication$GameApplicationService
20:34:21.374 [FXGL Background Thread 3 ] DEBUG Engine               - class com.almasb.fxgl.app.services.FXGLDialogService
20:34:21.375 [FXGL Background Thread 3 ] DEBUG Engine               - class com.almasb.fxgl.app.services.IOTaskExecutorService
20:34:21.375 [FXGL Background Thread 3 ] DEBUG Engine               - class com.almasb.fxgl.event.EventBusService
20:34:21.375 [FXGL Background Thread 3 ] DEBUG Engine               - class com.almasb.fxgl.io.FileSystemService
20:34:21.375 [FXGL Background Thread 3 ] DEBUG Engine               - class com.almasb.fxgl.localization.LocalizationService
20:34:21.375 [FXGL Background Thread 3 ] DEBUG Engine               - class com.almasb.fxgl.app.services.SystemBundleService
20:34:21.375 [FXGL Background Thread 3 ] DEBUG Engine               - class com.almasb.fxgl.profile.SaveLoadService
20:34:21.375 [FXGL Background Thread 3 ] DEBUG Engine               - class com.almasb.fxgl.ui.FXGLUIFactoryServiceProvider
20:34:21.375 [FXGL Background Thread 3 ] DEBUG Engine               - class com.almasb.fxgl.ui.FXGLDialogFactoryServiceProvider
20:34:21.375 [FXGL Background Thread 3 ] DEBUG Engine               - class com.almasb.fxgl.audio.AudioPlayer
20:34:21.375 [FXGL Background Thread 3 ] DEBUG Engine               - class com.almasb.fxgl.notification.impl.NotificationServiceProvider
20:34:21.375 [FXGL Background Thread 3 ] DEBUG Engine               - class com.almasb.fxgl.achievement.AchievementService
20:34:21.375 [FXGL Background Thread 3 ] DEBUG Engine               - class com.almasb.fxgl.cutscene.CutsceneService
20:34:21.375 [FXGL Background Thread 3 ] DEBUG Engine               - class com.almasb.fxgl.minigames.MiniGameService
20:34:21.375 [FXGL Background Thread 3 ] DEBUG Engine               - class com.almasb.fxgl.net.NetService
20:34:21.375 [FXGL Background Thread 3 ] DEBUG Engine               - class com.almasb.fxgl.app.services.UpdaterService
20:34:21.375 [FXGL Background Thread 3 ] DEBUG Engine               - class com.almasb.fxgl.dev.DevService
20:34:28.166 [JavaFX Application Thread] DEBUG FXGLApplication      - Exiting FXGL
20:34:28.166 [JavaFX Application Thread] DEBUG LoopRunner           - Stopping loop
20:34:28.166 [JavaFX Application Thread] DEBUG SystemBundleService  - Saving FXGL system data
20:34:28.167 [JavaFX Application Thread] DEBUG FileSystemAccess     - Writing to: /home/yoko19191/repo/dtek0097/exercise_d/BattleShip_FXGL/system/fxgl.bundle
20:34:28.168 [JavaFX Application Thread] DEBUG Async                - Shutting down background threads
20:34:28.169 [JavaFX Application Thread] DEBUG PrimaryStageWindow   - Closing main window
20:34:28.170 [JavaFX Application Thread] DEBUG Logger               - Closing Logger
