20:55:31.022 [main                     ] DEBUG Logger               - Configured Logger
20:55:31.046 [main                     ] DEBUG GameApplication      - Logging settings
Title: BattleShip_FXGL
Version: 0.1
Width: 1025
Height: 1136
Fullscreen: false
Intro: false
Profiling: false
Single step:false
App Mode: DEVELOPER
Menu Key: ESCAPE
Stage Style: DECORATED
Scene Factory: class com.almasb.fxgl.app.scene.SceneFactory

20:55:31.523 [JavaFX Application Thread] DEBUG FXGLApplication      - Initializing FXGL
20:55:31.531 [JavaFX Application Thread] INFO  Engine               - FXGL-11.14 (01.03.2021 16.59) on LINUX (J:11.0.10 FX:15)
20:55:31.531 [JavaFX Application Thread] DEBUG Engine               - JRE Vendor Name: Oracle Corporation
20:55:31.532 [JavaFX Application Thread] DEBUG Engine               - Running on OS: Linux version 5.9.16-1-MANJARO
20:55:31.532 [JavaFX Application Thread] DEBUG Engine               - Architecture: amd64
20:55:31.532 [JavaFX Application Thread] INFO  Engine               - Source code and latest versions at: https://github.com/AlmasB/FXGL
20:55:31.532 [JavaFX Application Thread] INFO  Engine               -              Join the FXGL chat at: https://gitter.im/AlmasB/FXGL
20:55:31.666 [JavaFX Application Thread] DEBUG PrimaryStageWindow   - Creating a JavaFX scene
20:55:31.776 [JavaFX Application Thread] DEBUG PrimaryStageWindow   - Target settings size: 1025.0 x 1136.0
20:55:31.776 [JavaFX Application Thread] DEBUG PrimaryStageWindow   - Scaled scene size:    1025.0 x 1136.0
20:55:31.776 [JavaFX Application Thread] DEBUG PrimaryStageWindow   - Scaled ratio: (1.0, 1.0)
20:55:31.777 [JavaFX Application Thread] DEBUG PrimaryStageWindow   - Set initial scene to FXGLStartupScene
20:55:31.782 [JavaFX Application Thread] DEBUG PrimaryStageWindow   - Opening main window
20:55:31.832 [JavaFX Application Thread] DEBUG PrimaryStageWindow   - Window border size: (2.0, 29.0)
20:55:31.832 [JavaFX Application Thread] DEBUG PrimaryStageWindow   - Scaled size: 1025.0 x 1136.0
20:55:31.832 [JavaFX Application Thread] DEBUG PrimaryStageWindow   - Scaled ratio: (1.0, 1.0)
20:55:31.832 [JavaFX Application Thread] DEBUG PrimaryStageWindow   - Scene size: 1025.0 x 1136.0
20:55:31.832 [JavaFX Application Thread] DEBUG PrimaryStageWindow   - Stage size: 1027.0 x 1165.0
20:55:31.839 [FXGL Background Thread 1 ] DEBUG Engine               - Initializing environment variables
20:55:31.875 [FXGL Background Thread 1 ] DEBUG FXGLAssetLoaderServi - User app class for loading assets: class fi.utu.tech.gui.javafx.BattleShipApp
20:55:31.875 [FXGL Background Thread 1 ] DEBUG GameApplicationServi - Applying CSS: fxgl_dark.css
20:55:31.877 [FXGL Background Thread 1 ] DEBUG FXGLAssetLoaderServi - Loading from file system: jar:file:/home/yoko19191/.m2/repository/com/github/almasb/fxgl/11.14/fxgl-11.14.jar!/fxglassets/ui/css/fxgl_dark.css
20:55:31.986 [FXGL Background Thread 1 ] DEBUG GameApplicationServi - Initializing application scenes
20:55:32.067 [FXGL Background Thread 1 ] DEBUG GameWorld            - Game world initialized
20:55:32.138 [FXGL Background Thread 1 ] DEBUG PhysicsWorld         - Physics world initialized: appHeight=1136, physics.ppm=50.0
20:55:32.139 [FXGL Background Thread 1 ] DEBUG PhysicsWorld         - Using strategy: BRUTE_FORCE
20:55:32.142 [FXGL Background Thread 1 ] DEBUG GameScene            - Game scene initialized: 1025x1136
20:55:32.182 [FXGL Background Thread 1 ] DEBUG FXGLAssetLoaderServi - Loading from file system: jar:file:/home/yoko19191/.m2/repository/com/github/almasb/fxgl/11.14/fxgl-11.14.jar!/fxglassets/textures/particles/trace_horizontal.png
20:55:32.245 [FXGL Background Thread 1 ] DEBUG FXGL.DefaultMenu     - createMenuBodyGameMenu()
20:55:32.263 [FXGL Background Thread 1 ] DEBUG FXGL.DefaultMenu     - createOptionsMenu()
20:55:32.270 [FXGL Background Thread 1 ] DEBUG FXGLAssetLoaderServi - Loading from file system: jar:file:/home/yoko19191/.m2/repository/com/github/almasb/fxgl/11.14/fxgl-11.14.jar!/fxglassets/textures/particles/smoke.png
20:55:32.331 [FXGL Background Thread 1 ] DEBUG GameApplicationServi - Application scenes initialized
20:55:32.340 [FXGL Background Thread 1 ] DEBUG SystemBundleService  - Loading FXGL system data
20:55:32.343 [FXGL Background Thread 1 ] DEBUG FileSystemAccess     - Reading from: /home/yoko19191/repo/dtek0097/exercise_d/BattleShip_FXGL/system/fxgl.bundle
20:55:32.349 [FXGL Background Thread 1 ] DEBUG SystemBundleService  - Bundle FXGL: {}
20:55:32.349 [FXGL Background Thread 1 ] DEBUG UpdaterService       - Checking for updates
20:55:32.353 [FXGL Background Thread 4 ] DEBUG FXGLApplication      - Loading fonts
20:55:32.354 [FXGL Background Thread 1 ] DEBUG FXGLApplication      - Loading default localization
20:55:32.354 [FXGL Background Thread 4 ] DEBUG FXGLAssetLoaderServi - Loading from file system: jar:file:/home/yoko19191/.m2/repository/com/github/almasb/fxgl/11.14/fxgl-11.14.jar!/fxglassets/ui/fonts/VarelaRound-Regular.ttf
20:55:32.355 [FXGL Background Thread 1 ] DEBUG FXGLAssetLoaderServi - Loading from file system: jar:file:/home/yoko19191/.m2/repository/com/github/almasb/fxgl/11.14/fxgl-11.14.jar!/fxglassets/languages/english.lang
20:55:32.365 [FXGL Background Thread 4 ] DEBUG FXGLAssetLoaderServi - Loading from file system: jar:file:/home/yoko19191/.m2/repository/com/github/almasb/fxgl/11.14/fxgl-11.14.jar!/fxglassets/ui/fonts/Abel-Regular.ttf
20:55:32.367 [FXGL Background Thread 4 ] DEBUG FXGLAssetLoaderServi - Loading from file system: jar:file:/home/yoko19191/.m2/repository/com/github/almasb/fxgl/11.14/fxgl-11.14.jar!/fxglassets/ui/fonts/lucida_console.ttf
20:55:32.370 [FXGL Background Thread 1 ] INFO  FXGLApplication      - FXGL initialization took: 0.532 sec
20:55:32.371 [FXGL Background Thread 4 ] DEBUG FXGLAssetLoaderServi - Loading from file system: jar:file:/home/yoko19191/.m2/repository/com/github/almasb/fxgl/11.14/fxgl-11.14.jar!/fxglassets/ui/fonts/Courier-Prime.ttf
20:55:32.383 [JavaFX Application Thread] DEBUG Input                - Registered new binding: action0 - D
20:55:32.384 [JavaFX Application Thread] DEBUG Input                - Registered new binding: action1 - A
20:55:32.384 [JavaFX Application Thread] DEBUG Input                - Registered new binding: action2 - W
20:55:32.384 [JavaFX Application Thread] DEBUG Input                - Registered new binding: action3 - S
20:55:32.385 [JavaFX Application Thread] DEBUG FXGLAssetLoaderServi - Loading from file system: jar:file:/home/yoko19191/.m2/repository/com/github/almasb/fxgl/11.14/fxgl-11.14.jar!/fxglassets/textures/fxgl_icon.png
20:55:32.407 [JavaFX Application Thread] DEBUG FXGLAssetLoaderServi - Loading from file system: jar:file:/home/yoko19191/.m2/repository/com/github/almasb/fxgl/11.14/fxgl-11.14.jar!/fxglassets/ui/cursors/fxgl_default.png
20:55:32.418 [JavaFX Application Thread] DEBUG Input                - Registered new binding: Screenshot - P
20:55:32.419 [JavaFX Application Thread] DEBUG Input                - Registered new binding: System info dump - CTRL+9
20:55:32.419 [JavaFX Application Thread] DEBUG Input                - Registered new binding: Restart - CTRL+R
20:55:32.420 [JavaFX Application Thread] DEBUG Input                - Registered new binding: Toggle Debug Camera - CTRL+C
20:55:32.422 [JavaFX Application Thread] DEBUG LoopRunner           - Starting loop
20:55:32.422 [JavaFX Application Thread] DEBUG LoopRunner           - Initializing JavaFX AnimationTimerLoop
20:55:32.424 [JavaFX Application Thread] DEBUG GameApplicationServi - Starting new game
20:55:32.424 [JavaFX Application Thread] DEBUG Input                - Clearing active input actions
20:55:32.439 [JavaFX Application Thread] DEBUG GameApplicationServi - Removing overlay from FXGLStartupScene and adding to FXGLLoadingScene
20:55:32.439 [JavaFX Application Thread] DEBUG PrimaryStageWindow   - FXGLStartupScene -> FXGLLoadingScene
20:55:32.439 [JavaFX Application Thread] DEBUG GameApplicationServi - Clearing previous game
20:55:32.439 [JavaFX Application Thread] DEBUG GameScene            - Clearing game scene
20:55:32.440 [JavaFX Application Thread] DEBUG GameWorld            - Clearing game world
20:55:32.440 [JavaFX Application Thread] DEBUG PhysicsWorld         - Clearing physics world
20:55:32.442 [FXGL Background Thread 4 ] DEBUG FXGLApplication      - Initializing game
20:55:32.444 [JavaFX Application Thread] DEBUG FXGLApplication      - Registering font factories with UI factory
20:55:32.447 [FXGL Background Thread 4 ] DEBUG FXGLAssetLoaderServi - Loading from file system: file:/home/yoko19191/repo/dtek0097/exercise_d/BattleShip_FXGL/target/classes/assets/textures/player_1.png
20:55:32.452 [FXGL Background Thread 4 ] DEBUG FXGLAssetLoaderServi - Loading from file system: file:/home/yoko19191/repo/dtek0097/exercise_d/BattleShip_FXGL/target/classes/assets/textures/grid.jpg
20:55:32.487 [FXGL Background Thread 4 ] DEBUG FXGLAssetLoaderServi - Loading from file system: file:/home/yoko19191/repo/dtek0097/exercise_d/BattleShip_FXGL/target/classes/assets/textures/title.png
20:55:32.515 [FXGL Background Thread 4 ] INFO  FXGLApplication      - Game initialization took: 0.073 sec
20:55:32.531 [JavaFX Application Thread] DEBUG Input                - Clearing active input actions
20:55:32.538 [JavaFX Application Thread] DEBUG GameApplicationServi - Removing overlay from FXGLLoadingScene and adding to GameScene
20:55:32.538 [JavaFX Application Thread] DEBUG PrimaryStageWindow   - FXGLLoadingScene -> GameScene
20:55:34.949 [JavaFX Application Thread] DEBUG FXGLApplication      - Exiting FXGL
20:55:34.949 [JavaFX Application Thread] DEBUG LoopRunner           - Stopping loop
20:55:34.949 [JavaFX Application Thread] DEBUG SystemBundleService  - Saving FXGL system data
20:55:34.951 [JavaFX Application Thread] DEBUG FileSystemAccess     - Writing to: /home/yoko19191/repo/dtek0097/exercise_d/BattleShip_FXGL/system/fxgl.bundle
20:55:34.953 [JavaFX Application Thread] DEBUG Async                - Shutting down background threads
20:55:34.954 [JavaFX Application Thread] DEBUG PrimaryStageWindow   - Closing main window
20:55:34.958 [JavaFX Application Thread] DEBUG Logger               - Closing Logger
