16:15:45.111 [main                     ] DEBUG Logger               - Configured Logger
16:15:45.139 [main                     ] DEBUG GameApplication      - Logging settings
Title: BattleShip_FXGL
Version: 0.1
Width: 1920
Height: 1080
Fullscreen: true
Intro: false
Profiling: false
Single step:false
App Mode: DEVELOPER
Menu Key: ESCAPE
Stage Style: DECORATED
Scene Factory: class fi.utu.tech.gui.javafx.BattleShipApp$1

16:15:45.572 [JavaFX Application Thread] DEBUG FXGLApplication      - Initializing FXGL
16:15:45.575 [JavaFX Application Thread] INFO  Engine               - FXGL-11.14 (01.03.2021 16.59) on WINDOWS (J:11.0.10 FX:15)
16:15:45.575 [JavaFX Application Thread] DEBUG Engine               - JRE Vendor Name: Amazon.com Inc.
16:15:45.575 [JavaFX Application Thread] DEBUG Engine               - Running on OS: Windows 10 version 10.0
16:15:45.575 [JavaFX Application Thread] DEBUG Engine               - Architecture: amd64
16:15:45.576 [JavaFX Application Thread] INFO  Engine               - Source code and latest versions at: https://github.com/AlmasB/FXGL
16:15:45.576 [JavaFX Application Thread] INFO  Engine               -              Join the FXGL chat at: https://gitter.im/AlmasB/FXGL
16:15:45.669 [JavaFX Application Thread] DEBUG PrimaryStageWindow   - Creating a JavaFX scene
16:15:45.726 [JavaFX Application Thread] DEBUG PrimaryStageWindow   - Target settings size: 1920.0 x 1080.0
16:15:45.726 [JavaFX Application Thread] DEBUG PrimaryStageWindow   - Scaled scene size:    1920.0 x 1080.0
16:15:45.727 [JavaFX Application Thread] DEBUG PrimaryStageWindow   - Scaled ratio: (1.0, 1.0)
16:15:45.728 [JavaFX Application Thread] DEBUG PrimaryStageWindow   - Set initial scene to FXGLStartupScene
16:15:45.735 [JavaFX Application Thread] DEBUG PrimaryStageWindow   - Opening main window
16:15:45.818 [JavaFX Application Thread] DEBUG PrimaryStageWindow   - Window border size: (16.0, 39.0)
16:15:45.818 [JavaFX Application Thread] DEBUG PrimaryStageWindow   - Scaled size: 1920.0 x 1080.0
16:15:45.819 [JavaFX Application Thread] DEBUG PrimaryStageWindow   - Scaled ratio: (1.0, 1.0)
16:15:45.819 [JavaFX Application Thread] DEBUG PrimaryStageWindow   - Scene size: 1920.0 x 1080.0
16:15:45.819 [JavaFX Application Thread] DEBUG PrimaryStageWindow   - Stage size: 1936.0 x 1119.0
16:15:45.880 [JavaFX Application Thread] DEBUG PrimaryStageWindow   - Going fullscreen
16:15:45.888 [FXGL Background Thread 1 ] DEBUG Engine               - Initializing environment variables
16:15:45.924 [FXGL Background Thread 1 ] DEBUG FXGLAssetLoaderServi - User app class for loading assets: class fi.utu.tech.gui.javafx.BattleShipApp
16:15:45.925 [FXGL Background Thread 1 ] DEBUG GameApplicationServi - Applying CSS: fxgl_dark.css
16:15:45.925 [FXGL Background Thread 1 ] DEBUG FXGLAssetLoaderServi - Loading from file system: jar:file:///C:/Users/box69/.m2/repository/com/github/almasb/fxgl/11.14/fxgl-11.14.jar!/fxglassets/ui/css/fxgl_dark.css
16:15:45.969 [FXGL Background Thread 1 ] DEBUG GameApplicationServi - Initializing application scenes
16:15:46.039 [FXGL Background Thread 1 ] DEBUG GameWorld            - Game world initialized
16:15:46.088 [FXGL Background Thread 1 ] DEBUG PhysicsWorld         - Physics world initialized: appHeight=1080, physics.ppm=50.0
16:15:46.089 [FXGL Background Thread 1 ] DEBUG PhysicsWorld         - Using strategy: BRUTE_FORCE
16:15:46.091 [FXGL Background Thread 1 ] DEBUG GameScene            - Game scene initialized: 1920x1080
16:15:46.095 [FXGL Background Thread 1 ] DEBUG FXGLAssetLoaderServi - Loading from file system: file:/D:/battleShip/battleShip_FXGL/target/classes/assets/textures/Nebula_Red.png
16:15:46.271 [FXGL Background Thread 1 ] DEBUG FXGLAssetLoaderServi - Loading from file system: jar:file:///C:/Users/box69/.m2/repository/com/github/almasb/fxgl/11.14/fxgl-11.14.jar!/fxglassets/textures/pause_menu_bg.png
16:15:46.295 [FXGL Background Thread 1 ] DEBUG GameApplicationServi - Application scenes initialized
16:15:46.303 [FXGL Background Thread 1 ] DEBUG SystemBundleService  - Loading FXGL system data
16:15:46.306 [FXGL Background Thread 1 ] DEBUG FileSystemAccess     - Reading from: D:\battleShip\battleShip_FXGL\system\fxgl.bundle
16:15:46.311 [FXGL Background Thread 1 ] DEBUG SystemBundleService  - Bundle FXGL: {}
16:15:46.312 [FXGL Background Thread 1 ] DEBUG UpdaterService       - Checking for updates
16:15:46.315 [FXGL Background Thread 4 ] DEBUG FXGLApplication      - Loading fonts
16:15:46.316 [FXGL Background Thread 1 ] DEBUG FXGLApplication      - Loading default localization
16:15:46.316 [FXGL Background Thread 4 ] DEBUG FXGLAssetLoaderServi - Loading from file system: jar:file:///C:/Users/box69/.m2/repository/com/github/almasb/fxgl/11.14/fxgl-11.14.jar!/fxglassets/ui/fonts/VarelaRound-Regular.ttf
16:15:46.317 [FXGL Background Thread 1 ] DEBUG FXGLAssetLoaderServi - Loading from file system: jar:file:///C:/Users/box69/.m2/repository/com/github/almasb/fxgl/11.14/fxgl-11.14.jar!/fxglassets/languages/english.lang
16:15:46.330 [FXGL Background Thread 1 ] INFO  FXGLApplication      - FXGL initialization took: 0.442 sec
16:15:46.345 [JavaFX Application Thread] DEBUG Input                - Registered new binding: Change Scene - Space
16:15:46.345 [JavaFX Application Thread] DEBUG Input                - Registered new binding: action0 - R
16:15:46.346 [JavaFX Application Thread] DEBUG Input                - Registered new binding: Deploy - RMB
16:15:46.347 [JavaFX Application Thread] DEBUG Input                - Registered new binding: Attack - LMB
16:15:46.347 [JavaFX Application Thread] DEBUG Input                - Registered new binding: action1 - Enter
16:15:46.347 [JavaFX Application Thread] DEBUG FXGLAssetLoaderServi - Loading from file system: file:/D:/battleShip/battleShip_FXGL/target/classes/assets/music/CrashedShip.mp3
16:15:46.502 [JavaFX Application Thread] DEBUG AudioPlayer          - Playing music com.almasb.fxgl.audio.Music@53fb4505
16:15:46.503 [JavaFX Application Thread] DEBUG FXGLAssetLoaderServi - Loading from file system: jar:file:///C:/Users/box69/.m2/repository/com/github/almasb/fxgl/11.14/fxgl-11.14.jar!/fxglassets/textures/fxgl_icon.png
16:15:46.523 [JavaFX Application Thread] DEBUG FXGLAssetLoaderServi - Loading from file system: jar:file:///C:/Users/box69/.m2/repository/com/github/almasb/fxgl/11.14/fxgl-11.14.jar!/fxglassets/ui/cursors/fxgl_default.png
16:15:46.525 [JavaFX Application Thread] DEBUG Input                - Registered new binding: Screenshot - P
16:15:46.526 [JavaFX Application Thread] DEBUG Input                - Registered new binding: System info dump - CTRL+9
16:15:46.526 [JavaFX Application Thread] DEBUG Input                - Registered new binding: Restart - CTRL+R
16:15:46.527 [JavaFX Application Thread] DEBUG Input                - Registered new binding: Toggle Debug Camera - CTRL+C
16:15:46.529 [JavaFX Application Thread] DEBUG LoopRunner           - Starting loop
16:15:46.529 [JavaFX Application Thread] DEBUG LoopRunner           - Initializing JavaFX AnimationTimerLoop
16:15:46.539 [JavaFX Application Thread] DEBUG Input                - Clearing active input actions
16:15:46.547 [JavaFX Application Thread] DEBUG GameApplicationServi - Removing overlay from FXGLStartupScene and adding to FXGLMainMenuDummyScene
16:15:46.548 [JavaFX Application Thread] DEBUG PrimaryStageWindow   - FXGLStartupScene -> FXGLMainMenuDummyScene
16:15:46.548 [JavaFX Application Thread] DEBUG PrimaryStageWindow   - Push state: BattleShipMainMenu
16:15:46.548 [JavaFX Application Thread] DEBUG Input                - Clearing active input actions
16:15:46.551 [JavaFX Application Thread] DEBUG GameApplicationServi - Removing overlay from FXGLMainMenuDummyScene and adding to BattleShipMainMenu
16:15:46.551 [JavaFX Application Thread] DEBUG PrimaryStageWindow   - FXGLMainMenuDummyScene -> BattleShipMainMenu
16:15:46.769 [FXGL Background Thread 4 ] DEBUG FXGLAssetLoaderServi - Loading from file system: jar:file:///C:/Users/box69/.m2/repository/com/github/almasb/fxgl/11.14/fxgl-11.14.jar!/fxglassets/ui/fonts/Abel-Regular.ttf
16:15:46.772 [FXGL Background Thread 4 ] DEBUG FXGLAssetLoaderServi - Loading from file system: jar:file:///C:/Users/box69/.m2/repository/com/github/almasb/fxgl/11.14/fxgl-11.14.jar!/fxglassets/ui/fonts/lucida_console.ttf
16:15:46.776 [FXGL Background Thread 4 ] DEBUG FXGLAssetLoaderServi - Loading from file system: jar:file:///C:/Users/box69/.m2/repository/com/github/almasb/fxgl/11.14/fxgl-11.14.jar!/fxglassets/ui/fonts/Courier-Prime.ttf
16:15:46.779 [JavaFX Application Thread] DEBUG FXGLApplication      - Registering font factories with UI factory
16:15:47.354 [JavaFX Application Thread] DEBUG PrimaryStageWindow   - Push state: DialogSubScene
16:15:47.354 [JavaFX Application Thread] DEBUG Input                - Clearing active input actions
16:15:47.357 [JavaFX Application Thread] DEBUG GameApplicationServi - Removing overlay from BattleShipMainMenu and adding to DialogSubScene
16:15:47.358 [JavaFX Application Thread] DEBUG PrimaryStageWindow   - BattleShipMainMenu -> DialogSubScene
16:15:49.315 [FXGL Background Thread 3 ] DEBUG Engine               - Logging environment variables
16:15:49.315 [FXGL Background Thread 3 ] DEBUG Engine               - achievements: []
16:15:49.315 [FXGL Background Thread 3 ] DEBUG Engine               - actualHeight: 1080.0
16:15:49.315 [FXGL Background Thread 3 ] DEBUG Engine               - actualHeightProperty: ReadOnlyDoubleProperty [value: 1080.0]
16:15:49.315 [FXGL Background Thread 3 ] DEBUG Engine               - actualWidth: 1920.0
16:15:49.315 [FXGL Background Thread 3 ] DEBUG Engine               - actualWidthProperty: ReadOnlyDoubleProperty [value: 1920.0]
16:15:49.316 [FXGL Background Thread 3 ] DEBUG Engine               - appIcon: fxgl_icon.png
16:15:49.316 [FXGL Background Thread 3 ] DEBUG Engine               - applicationMode: DEVELOPER
16:15:49.316 [FXGL Background Thread 3 ] DEBUG Engine               - cSSList: [fxgl_dark.css]
16:15:49.316 [FXGL Background Thread 3 ] DEBUG Engine               - collisionDetectionStrategy: BRUTE_FORCE
16:15:49.316 [FXGL Background Thread 3 ] DEBUG Engine               - configClass: Optional.empty
16:15:49.316 [FXGL Background Thread 3 ] DEBUG Engine               - credits: []
16:15:49.316 [FXGL Background Thread 3 ] DEBUG Engine               - devBBoxColorProperty: ObjectProperty [value: 0xff0000ff]
16:15:49.316 [FXGL Background Thread 3 ] DEBUG Engine               - devEnableDebugCameraProperty: BooleanProperty [value: false]
16:15:49.316 [FXGL Background Thread 3 ] DEBUG Engine               - devSensorColorProperty: ObjectProperty [value: 0xffff00ff]
16:15:49.317 [FXGL Background Thread 3 ] DEBUG Engine               - devShowBBoxProperty: BooleanProperty [value: false]
16:15:49.317 [FXGL Background Thread 3 ] DEBUG Engine               - devShowPositionProperty: BooleanProperty [value: false]
16:15:49.317 [FXGL Background Thread 3 ] DEBUG Engine               - enabledMenuItems: []
16:15:49.317 [FXGL Background Thread 3 ] DEBUG Engine               - engineServices: [class com.almasb.fxgl.app.services.FXGLAssetLoaderService, class com.almasb.fxgl.app.FXGLApplication$GameApplicationService, class com.almasb.fxgl.app.services.FXGLDialogService, class com.almasb.fxgl.app.services.IOTaskExecutorService, class com.almasb.fxgl.event.EventBusService, class com.almasb.fxgl.io.FileSystemService, class com.almasb.fxgl.localization.LocalizationService, class com.almasb.fxgl.app.services.SystemBundleService, class com.almasb.fxgl.profile.SaveLoadService, class com.almasb.fxgl.ui.FXGLUIFactoryServiceProvider, class com.almasb.fxgl.ui.FXGLDialogFactoryServiceProvider, class com.almasb.fxgl.audio.AudioPlayer, class com.almasb.fxgl.notification.impl.NotificationServiceProvider, class com.almasb.fxgl.achievement.AchievementService, class com.almasb.fxgl.cutscene.CutsceneService, class com.almasb.fxgl.minigames.MiniGameService, class com.almasb.fxgl.net.NetService, class com.almasb.fxgl.app.services.UpdaterService, class com.almasb.fxgl.dev.DevService]
16:15:49.317 [FXGL Background Thread 3 ] DEBUG Engine               - fontGame: Abel-Regular.ttf
16:15:49.317 [FXGL Background Thread 3 ] DEBUG Engine               - fontMono: lucida_console.ttf
16:15:49.317 [FXGL Background Thread 3 ] DEBUG Engine               - fontText: Courier-Prime.ttf
16:15:49.317 [FXGL Background Thread 3 ] DEBUG Engine               - fontUI: VarelaRound-Regular.ttf
16:15:49.317 [FXGL Background Thread 3 ] DEBUG Engine               - fullScreen: BooleanProperty [value: true]
16:15:49.317 [FXGL Background Thread 3 ] DEBUG Engine               - gameDifficulty: MEDIUM
16:15:49.317 [FXGL Background Thread 3 ] DEBUG Engine               - gameDifficultyProperty: ObjectProperty [value: MEDIUM]
16:15:49.317 [FXGL Background Thread 3 ] DEBUG Engine               - globalMusicVolume: 0.5
16:15:49.317 [FXGL Background Thread 3 ] DEBUG Engine               - globalMusicVolumeProperty: DoubleProperty [value: 0.2]
16:15:49.317 [FXGL Background Thread 3 ] DEBUG Engine               - globalSoundVolume: 0.5
16:15:49.318 [FXGL Background Thread 3 ] DEBUG Engine               - globalSoundVolumeProperty: DoubleProperty [value: 0.5]
16:15:49.318 [FXGL Background Thread 3 ] DEBUG Engine               - height: 1080
16:15:49.318 [FXGL Background Thread 3 ] DEBUG Engine               - isAndroid: false
16:15:49.318 [FXGL Background Thread 3 ] DEBUG Engine               - isBrowser: false
16:15:49.318 [FXGL Background Thread 3 ] DEBUG Engine               - isClickFeedbackEnabled: false
16:15:49.318 [FXGL Background Thread 3 ] DEBUG Engine               - isCloseConfirmation: false
16:15:49.318 [FXGL Background Thread 3 ] DEBUG Engine               - isDesktop: true
16:15:49.318 [FXGL Background Thread 3 ] DEBUG Engine               - isDeveloperMenuEnabled: false
16:15:49.318 [FXGL Background Thread 3 ] DEBUG Engine               - isEntityPreloadEnabled: true
16:15:49.318 [FXGL Background Thread 3 ] DEBUG Engine               - isExperimental3D: false
16:15:49.318 [FXGL Background Thread 3 ] DEBUG Engine               - isExperimentalNative: false
16:15:49.318 [FXGL Background Thread 3 ] DEBUG Engine               - isExperimentalTiledLargeMap: false
16:15:49.318 [FXGL Background Thread 3 ] DEBUG Engine               - isFileSystemWriteAllowed: true
16:15:49.318 [FXGL Background Thread 3 ] DEBUG Engine               - isFullScreenAllowed: true
16:15:49.318 [FXGL Background Thread 3 ] DEBUG Engine               - isFullScreenFromStart: true
16:15:49.318 [FXGL Background Thread 3 ] DEBUG Engine               - isGameMenuEnabled: true
16:15:49.319 [FXGL Background Thread 3 ] DEBUG Engine               - isIOS: false
16:15:49.319 [FXGL Background Thread 3 ] DEBUG Engine               - isIntroEnabled: false
16:15:49.319 [FXGL Background Thread 3 ] DEBUG Engine               - isLinux: false
16:15:49.319 [FXGL Background Thread 3 ] DEBUG Engine               - isMac: false
16:15:49.319 [FXGL Background Thread 3 ] DEBUG Engine               - isMainMenuEnabled: true
16:15:49.319 [FXGL Background Thread 3 ] DEBUG Engine               - isManualResizeEnabled: false
16:15:49.319 [FXGL Background Thread 3 ] DEBUG Engine               - isMobile: false
16:15:49.319 [FXGL Background Thread 3 ] DEBUG Engine               - isPreserveResizeRatio: false
16:15:49.319 [FXGL Background Thread 3 ] DEBUG Engine               - isProfilingEnabled: false
16:15:49.319 [FXGL Background Thread 3 ] DEBUG Engine               - isScaleAffectedOnResize: true
16:15:49.319 [FXGL Background Thread 3 ] DEBUG Engine               - isSingleStep: false
16:15:49.319 [FXGL Background Thread 3 ] DEBUG Engine               - isUserProfileEnabled: false
16:15:49.319 [FXGL Background Thread 3 ] DEBUG Engine               - isWindows: true
16:15:49.319 [FXGL Background Thread 3 ] DEBUG Engine               - language: ObjectProperty [value: ENGLISH]
16:15:49.320 [FXGL Background Thread 3 ] DEBUG Engine               - menuKey: ESCAPE
16:15:49.320 [FXGL Background Thread 3 ] DEBUG Engine               - notificationViewClass: class com.almasb.fxgl.notification.view.XboxNotificationView
16:15:49.320 [FXGL Background Thread 3 ] DEBUG Engine               - pixelsPerMeter: 50.0
16:15:49.320 [FXGL Background Thread 3 ] DEBUG Engine               - platform: WINDOWS
16:15:49.320 [FXGL Background Thread 3 ] DEBUG Engine               - prefHeightProperty: ReadOnlyDoubleProperty [value: 1080.0]
16:15:49.320 [FXGL Background Thread 3 ] DEBUG Engine               - prefWidthProperty: ReadOnlyDoubleProperty [value: 1920.0]
16:15:49.320 [FXGL Background Thread 3 ] DEBUG Engine               - profileDir: profiles/
16:15:49.320 [FXGL Background Thread 3 ] DEBUG Engine               - profileName: StringProperty [value: DEFAULT]
16:15:49.320 [FXGL Background Thread 3 ] DEBUG Engine               - randomSeed: -1
16:15:49.320 [FXGL Background Thread 3 ] DEBUG Engine               - runtimeInfo: RuntimeInfo(platform=WINDOWS, version=11.14, build=01.03.2021 16.59)
16:15:49.320 [FXGL Background Thread 3 ] DEBUG Engine               - saveFileExt: sav
16:15:49.320 [FXGL Background Thread 3 ] DEBUG Engine               - scaledHeightProp$fxgl: DoubleProperty [bound, value: 1080.0]
16:15:49.320 [FXGL Background Thread 3 ] DEBUG Engine               - scaledWidthProp$fxgl: DoubleProperty [bound, value: 1920.0]
16:15:49.320 [FXGL Background Thread 3 ] DEBUG Engine               - sceneFactory: fi.utu.tech.gui.javafx.BattleShipApp$1@3eb7b6d3
16:15:49.320 [FXGL Background Thread 3 ] DEBUG Engine               - secondsIn24h: 60
16:15:49.320 [FXGL Background Thread 3 ] DEBUG Engine               - soundMenuBack: menu/back.wav
16:15:49.321 [FXGL Background Thread 3 ] DEBUG Engine               - soundMenuPress: menu/press.wav
16:15:49.321 [FXGL Background Thread 3 ] DEBUG Engine               - soundMenuSelect: menu/select.wav
16:15:49.321 [FXGL Background Thread 3 ] DEBUG Engine               - soundNotification: core/notification.wav
16:15:49.321 [FXGL Background Thread 3 ] DEBUG Engine               - stageStyle: DECORATED
16:15:49.321 [FXGL Background Thread 3 ] DEBUG Engine               - supportedLanguages: [ENGLISH, FRENCH, GERMAN, HUNGARIAN, RUSSIAN]
16:15:49.321 [FXGL Background Thread 3 ] DEBUG Engine               - ticksPerSecond: -1
16:15:49.321 [FXGL Background Thread 3 ] DEBUG Engine               - title: BattleShip_FXGL
16:15:49.321 [FXGL Background Thread 3 ] DEBUG Engine               - urlGithub: https://github.com/AlmasB/FXGL
16:15:49.321 [FXGL Background Thread 3 ] DEBUG Engine               - urlLeaderboard: http://fxgl-top.herokuapp.com/
16:15:49.321 [FXGL Background Thread 3 ] DEBUG Engine               - urlPOM: https://raw.githubusercontent.com/AlmasB/FXGL/release/README.md
16:15:49.321 [FXGL Background Thread 3 ] DEBUG Engine               - userAppClass: class fi.utu.tech.gui.javafx.BattleShipApp
16:15:49.321 [FXGL Background Thread 3 ] DEBUG Engine               - version: 0.1
16:15:49.321 [FXGL Background Thread 3 ] DEBUG Engine               - versionCheckDays: 7
16:15:49.321 [FXGL Background Thread 3 ] DEBUG Engine               - width: 1920
16:15:49.321 [FXGL Background Thread 3 ] DEBUG Engine               - Logging services
16:15:49.321 [FXGL Background Thread 3 ] DEBUG Engine               - class com.almasb.fxgl.app.services.FXGLAssetLoaderService
16:15:49.321 [FXGL Background Thread 3 ] DEBUG Engine               - class com.almasb.fxgl.app.FXGLApplication$GameApplicationService
16:15:49.321 [FXGL Background Thread 3 ] DEBUG Engine               - class com.almasb.fxgl.app.services.FXGLDialogService
16:15:49.321 [FXGL Background Thread 3 ] DEBUG Engine               - class com.almasb.fxgl.app.services.IOTaskExecutorService
16:15:49.322 [FXGL Background Thread 3 ] DEBUG Engine               - class com.almasb.fxgl.event.EventBusService
16:15:49.322 [FXGL Background Thread 3 ] DEBUG Engine               - class com.almasb.fxgl.io.FileSystemService
16:15:49.322 [FXGL Background Thread 3 ] DEBUG Engine               - class com.almasb.fxgl.localization.LocalizationService
16:15:49.322 [FXGL Background Thread 3 ] DEBUG Engine               - class com.almasb.fxgl.app.services.SystemBundleService
16:15:49.322 [FXGL Background Thread 3 ] DEBUG Engine               - class com.almasb.fxgl.profile.SaveLoadService
16:15:49.322 [FXGL Background Thread 3 ] DEBUG Engine               - class com.almasb.fxgl.ui.FXGLUIFactoryServiceProvider
16:15:49.322 [FXGL Background Thread 3 ] DEBUG Engine               - class com.almasb.fxgl.ui.FXGLDialogFactoryServiceProvider
16:15:49.322 [FXGL Background Thread 3 ] DEBUG Engine               - class com.almasb.fxgl.audio.AudioPlayer
16:15:49.322 [FXGL Background Thread 3 ] DEBUG Engine               - class com.almasb.fxgl.notification.impl.NotificationServiceProvider
16:15:49.322 [FXGL Background Thread 3 ] DEBUG Engine               - class com.almasb.fxgl.achievement.AchievementService
16:15:49.322 [FXGL Background Thread 3 ] DEBUG Engine               - class com.almasb.fxgl.cutscene.CutsceneService
16:15:49.322 [FXGL Background Thread 3 ] DEBUG Engine               - class com.almasb.fxgl.minigames.MiniGameService
16:15:49.322 [FXGL Background Thread 3 ] DEBUG Engine               - class com.almasb.fxgl.net.NetService
16:15:49.322 [FXGL Background Thread 3 ] DEBUG Engine               - class com.almasb.fxgl.app.services.UpdaterService
16:15:49.322 [FXGL Background Thread 3 ] DEBUG Engine               - class com.almasb.fxgl.dev.DevService
16:15:53.751 [JavaFX Application Thread] DEBUG PrimaryStageWindow   - Pop state: DialogSubScene
16:15:53.752 [JavaFX Application Thread] DEBUG Input                - Clearing active input actions
16:15:53.752 [JavaFX Application Thread] DEBUG GameApplicationServi - Removing overlay from DialogSubScene and adding to BattleShipMainMenu
16:15:53.752 [JavaFX Application Thread] DEBUG PrimaryStageWindow   - BattleShipMainMenu <- DialogSubScene
16:15:54.065 [JavaFX Application Thread] DEBUG Menu                 - fireNewGame()
16:15:54.065 [JavaFX Application Thread] DEBUG GameApplicationServi - Starting new game
16:15:54.065 [JavaFX Application Thread] DEBUG PrimaryStageWindow   - Pop state: BattleShipMainMenu
16:15:54.065 [JavaFX Application Thread] DEBUG Input                - Clearing active input actions
16:15:54.066 [JavaFX Application Thread] DEBUG GameApplicationServi - Removing overlay from BattleShipMainMenu and adding to FXGLMainMenuDummyScene
16:15:54.066 [JavaFX Application Thread] DEBUG PrimaryStageWindow   - FXGLMainMenuDummyScene <- BattleShipMainMenu
16:15:54.066 [JavaFX Application Thread] DEBUG Input                - Clearing active input actions
16:15:54.072 [JavaFX Application Thread] DEBUG GameApplicationServi - Removing overlay from FXGLMainMenuDummyScene and adding to FXGLLoadingScene
16:15:54.072 [JavaFX Application Thread] DEBUG PrimaryStageWindow   - FXGLMainMenuDummyScene -> FXGLLoadingScene
16:15:54.072 [JavaFX Application Thread] DEBUG GameApplicationServi - Clearing previous game
16:15:54.072 [JavaFX Application Thread] DEBUG GameScene            - Clearing game scene
16:15:54.072 [JavaFX Application Thread] DEBUG GameWorld            - Clearing game world
16:15:54.072 [JavaFX Application Thread] DEBUG PhysicsWorld         - Clearing physics world
16:15:54.073 [FXGL Background Thread 2 ] DEBUG FXGLApplication      - Initializing game
16:15:54.079 [FXGL Background Thread 2 ] DEBUG FXGLAssetLoaderServi - Loading from file system: file:/D:/battleShip/battleShip_FXGL/target/classes/assets/textures/bg2.jpg
16:15:54.114 [FXGL Background Thread 2 ] DEBUG FXGLAssetLoaderServi - Loading from file system: file:/D:/battleShip/battleShip_FXGL/target/classes/assets/textures/ShipContainer.png
16:15:54.118 [FXGL Background Thread 2 ] DEBUG FXGLAssetLoaderServi - Loading from file system: file:/D:/battleShip/battleShip_FXGL/target/classes/assets/textures/ships/ship_b_5_h.png
16:15:54.130 [FXGL Background Thread 2 ] DEBUG FXGLAssetLoaderServi - Loading from file system: file:/D:/battleShip/battleShip_FXGL/target/classes/assets/textures/ships/ship_r_5_h.png
16:15:54.133 [FXGL Background Thread 2 ] DEBUG FXGLAssetLoaderServi - Loading from file system: file:/D:/battleShip/battleShip_FXGL/target/classes/assets/textures/ships/ship_b_4_h.png
16:15:54.137 [FXGL Background Thread 2 ] DEBUG FXGLAssetLoaderServi - Loading from file system: file:/D:/battleShip/battleShip_FXGL/target/classes/assets/textures/ships/ship_r_4_h.png
16:15:54.139 [FXGL Background Thread 2 ] DEBUG FXGLAssetLoaderServi - Loading from file system: file:/D:/battleShip/battleShip_FXGL/target/classes/assets/textures/ships/ship_b_3_2_h.png
16:15:54.142 [FXGL Background Thread 2 ] DEBUG FXGLAssetLoaderServi - Loading from file system: file:/D:/battleShip/battleShip_FXGL/target/classes/assets/textures/ships/ship_r_3_2_h.png
16:15:54.144 [FXGL Background Thread 2 ] DEBUG FXGLAssetLoaderServi - Loading from file system: file:/D:/battleShip/battleShip_FXGL/target/classes/assets/textures/ships/ship_b_3_1_h.png
16:15:54.146 [FXGL Background Thread 2 ] DEBUG FXGLAssetLoaderServi - Loading from file system: file:/D:/battleShip/battleShip_FXGL/target/classes/assets/textures/ships/ship_r_3_1_h.png
16:15:54.149 [FXGL Background Thread 2 ] DEBUG FXGLAssetLoaderServi - Loading from file system: file:/D:/battleShip/battleShip_FXGL/target/classes/assets/textures/ships/ship_b_2_h.png
16:15:54.152 [FXGL Background Thread 2 ] DEBUG FXGLAssetLoaderServi - Loading from file system: file:/D:/battleShip/battleShip_FXGL/target/classes/assets/textures/ships/ship_r_2_h.png
16:15:54.154 [FXGL Background Thread 2 ] DEBUG FXGLAssetLoaderServi - Loading from file system: file:/D:/battleShip/battleShip_FXGL/target/classes/assets/textures/Tile.png
16:15:54.176 [FXGL Background Thread 2 ] INFO  FXGLApplication      - Game initialization took: 0.103 sec
16:15:54.177 [JavaFX Application Thread] DEBUG Input                - Clearing active input actions
16:15:54.184 [JavaFX Application Thread] DEBUG GameApplicationServi - Removing overlay from FXGLLoadingScene and adding to GameScene
16:15:54.185 [JavaFX Application Thread] DEBUG PrimaryStageWindow   - FXGLLoadingScene -> GameScene
16:15:54.192 [JavaFX Application Thread] DEBUG FXGLAssetLoaderServi - Loading from file system: file:/D:/battleShip/battleShip_FXGL/target/classes/assets/textures/bg2_2.jpg
16:15:54.224 [JavaFX Application Thread] DEBUG PrimaryStageWindow   - Push state: DialogSubScene
16:15:54.225 [JavaFX Application Thread] DEBUG Input                - Clearing active input actions
16:15:54.225 [JavaFX Application Thread] DEBUG GameApplicationServi - Removing overlay from GameScene and adding to DialogSubScene
16:15:54.225 [JavaFX Application Thread] DEBUG PrimaryStageWindow   - GameScene -> DialogSubScene
16:15:55.101 [JavaFX Application Thread] DEBUG PrimaryStageWindow   - Pop state: DialogSubScene
16:15:55.101 [JavaFX Application Thread] DEBUG Input                - Clearing active input actions
16:15:55.102 [JavaFX Application Thread] DEBUG GameApplicationServi - Removing overlay from DialogSubScene and adding to GameScene
16:15:55.102 [JavaFX Application Thread] DEBUG PrimaryStageWindow   - GameScene <- DialogSubScene
16:15:55.716 [JavaFX Application Thread] DEBUG PrimaryStageWindow   - Push state: DialogSubScene
16:15:55.716 [JavaFX Application Thread] DEBUG Input                - Clearing active input actions
16:15:55.717 [JavaFX Application Thread] DEBUG GameApplicationServi - Removing overlay from GameScene and adding to DialogSubScene
16:15:55.717 [JavaFX Application Thread] DEBUG PrimaryStageWindow   - GameScene -> DialogSubScene
16:15:56.144 [JavaFX Application Thread] DEBUG PrimaryStageWindow   - Pop state: DialogSubScene
16:15:56.144 [JavaFX Application Thread] DEBUG Input                - Clearing active input actions
16:15:56.144 [JavaFX Application Thread] DEBUG GameApplicationServi - Removing overlay from DialogSubScene and adding to GameScene
16:15:56.144 [JavaFX Application Thread] DEBUG PrimaryStageWindow   - GameScene <- DialogSubScene
16:15:56.145 [JavaFX Application Thread] DEBUG PrimaryStageWindow   - Push state: BluePlayerDeployScene
16:15:56.145 [JavaFX Application Thread] DEBUG Input                - Clearing active input actions
16:15:56.145 [JavaFX Application Thread] DEBUG GameApplicationServi - Removing overlay from GameScene and adding to BluePlayerDeployScene
16:15:56.145 [JavaFX Application Thread] DEBUG PrimaryStageWindow   - GameScene -> BluePlayerDeployScene
16:15:56.145 [JavaFX Application Thread] DEBUG PrimaryStageWindow   - Pop state: BluePlayerDeployScene
16:15:56.145 [JavaFX Application Thread] DEBUG Input                - Clearing active input actions
16:15:56.145 [JavaFX Application Thread] DEBUG GameApplicationServi - Removing overlay from BluePlayerDeployScene and adding to GameScene
16:15:56.146 [JavaFX Application Thread] DEBUG PrimaryStageWindow   - GameScene <- BluePlayerDeployScene
16:16:08.059 [JavaFX Application Thread] DEBUG PrimaryStageWindow   - Push state: DialogSubScene
16:16:08.059 [JavaFX Application Thread] DEBUG Input                - Clearing active input actions
16:16:08.059 [JavaFX Application Thread] DEBUG GameApplicationServi - Removing overlay from GameScene and adding to DialogSubScene
16:16:08.059 [JavaFX Application Thread] DEBUG PrimaryStageWindow   - GameScene -> DialogSubScene
16:16:08.564 [JavaFX Application Thread] DEBUG PrimaryStageWindow   - Pop state: DialogSubScene
16:16:08.564 [JavaFX Application Thread] DEBUG Input                - Clearing active input actions
16:16:08.565 [JavaFX Application Thread] DEBUG GameApplicationServi - Removing overlay from DialogSubScene and adding to GameScene
16:16:08.565 [JavaFX Application Thread] DEBUG PrimaryStageWindow   - GameScene <- DialogSubScene
16:16:08.565 [JavaFX Application Thread] DEBUG PrimaryStageWindow   - Push state: RedPlayerDeployScene
16:16:08.565 [JavaFX Application Thread] DEBUG Input                - Clearing active input actions
16:16:08.566 [JavaFX Application Thread] DEBUG GameApplicationServi - Removing overlay from GameScene and adding to RedPlayerDeployScene
16:16:08.566 [JavaFX Application Thread] DEBUG PrimaryStageWindow   - GameScene -> RedPlayerDeployScene
16:16:08.566 [JavaFX Application Thread] DEBUG PrimaryStageWindow   - Pop state: RedPlayerDeployScene
16:16:08.566 [JavaFX Application Thread] DEBUG Input                - Clearing active input actions
16:16:08.566 [JavaFX Application Thread] DEBUG GameApplicationServi - Removing overlay from RedPlayerDeployScene and adding to GameScene
16:16:08.566 [JavaFX Application Thread] DEBUG PrimaryStageWindow   - GameScene <- RedPlayerDeployScene
16:16:17.006 [JavaFX Application Thread] DEBUG PrimaryStageWindow   - Push state: DialogSubScene
16:16:17.006 [JavaFX Application Thread] DEBUG Input                - Clearing active input actions
16:16:17.006 [JavaFX Application Thread] DEBUG GameApplicationServi - Removing overlay from GameScene and adding to DialogSubScene
16:16:17.006 [JavaFX Application Thread] DEBUG PrimaryStageWindow   - GameScene -> DialogSubScene
16:16:17.609 [JavaFX Application Thread] DEBUG PrimaryStageWindow   - Pop state: DialogSubScene
16:16:17.609 [JavaFX Application Thread] DEBUG Input                - Clearing active input actions
16:16:17.610 [JavaFX Application Thread] DEBUG GameApplicationServi - Removing overlay from DialogSubScene and adding to GameScene
16:16:17.610 [JavaFX Application Thread] DEBUG PrimaryStageWindow   - GameScene <- DialogSubScene
16:16:17.610 [JavaFX Application Thread] DEBUG PrimaryStageWindow   - Push state: RedPlayerScene
16:16:17.613 [JavaFX Application Thread] DEBUG Input                - Clearing active input actions
16:16:17.613 [JavaFX Application Thread] DEBUG GameApplicationServi - Removing overlay from GameScene and adding to RedPlayerScene
16:16:17.613 [JavaFX Application Thread] DEBUG PrimaryStageWindow   - GameScene -> RedPlayerScene
16:16:17.613 [JavaFX Application Thread] DEBUG PrimaryStageWindow   - Pop state: RedPlayerScene
16:16:17.613 [JavaFX Application Thread] DEBUG Input                - Clearing active input actions
16:16:17.613 [JavaFX Application Thread] DEBUG GameApplicationServi - Removing overlay from RedPlayerScene and adding to GameScene
16:16:17.614 [JavaFX Application Thread] DEBUG PrimaryStageWindow   - GameScene <- RedPlayerScene
16:16:18.934 [JavaFX Application Thread] DEBUG PrimaryStageWindow   - Push state: DialogSubScene
16:16:18.934 [JavaFX Application Thread] DEBUG Input                - Clearing active input actions
16:16:18.935 [JavaFX Application Thread] DEBUG GameApplicationServi - Removing overlay from GameScene and adding to DialogSubScene
16:16:18.935 [JavaFX Application Thread] DEBUG PrimaryStageWindow   - GameScene -> DialogSubScene
16:16:19.414 [JavaFX Application Thread] DEBUG PrimaryStageWindow   - Pop state: DialogSubScene
16:16:19.414 [JavaFX Application Thread] DEBUG Input                - Clearing active input actions
16:16:19.414 [JavaFX Application Thread] DEBUG GameApplicationServi - Removing overlay from DialogSubScene and adding to GameScene
16:16:19.414 [JavaFX Application Thread] DEBUG PrimaryStageWindow   - GameScene <- DialogSubScene
16:16:19.415 [JavaFX Application Thread] DEBUG PrimaryStageWindow   - Push state: BluePlayerScene
16:16:19.415 [JavaFX Application Thread] DEBUG Input                - Clearing active input actions
16:16:19.415 [JavaFX Application Thread] DEBUG GameApplicationServi - Removing overlay from GameScene and adding to BluePlayerScene
16:16:19.415 [JavaFX Application Thread] DEBUG PrimaryStageWindow   - GameScene -> BluePlayerScene
16:16:19.416 [JavaFX Application Thread] DEBUG PrimaryStageWindow   - Pop state: BluePlayerScene
16:16:19.416 [JavaFX Application Thread] DEBUG Input                - Clearing active input actions
16:16:19.416 [JavaFX Application Thread] DEBUG GameApplicationServi - Removing overlay from BluePlayerScene and adding to GameScene
16:16:19.416 [JavaFX Application Thread] DEBUG PrimaryStageWindow   - GameScene <- BluePlayerScene
16:16:20.213 [JavaFX Application Thread] DEBUG FXGLAssetLoaderServi - Loading from file system: file:/D:/battleShip/battleShip_FXGL/target/classes/assets/textures/Player1.png
16:16:20.272 [JavaFX Application Thread] DEBUG FXGLAssetLoaderServi - Loading from file system: file:/D:/battleShip/battleShip_FXGL/target/classes/assets/textures/Player1Hit.png
16:16:28.692 [JavaFX Application Thread] DEBUG PrimaryStageWindow   - Push state: DialogSubScene
16:16:28.692 [JavaFX Application Thread] DEBUG Input                - Clearing active input actions
16:16:28.692 [JavaFX Application Thread] DEBUG GameApplicationServi - Removing overlay from GameScene and adding to DialogSubScene
16:16:28.692 [JavaFX Application Thread] DEBUG PrimaryStageWindow   - GameScene -> DialogSubScene
16:16:29.274 [JavaFX Application Thread] DEBUG PrimaryStageWindow   - Pop state: DialogSubScene
16:16:29.274 [JavaFX Application Thread] DEBUG Input                - Clearing active input actions
16:16:29.274 [JavaFX Application Thread] DEBUG GameApplicationServi - Removing overlay from DialogSubScene and adding to GameScene
16:16:29.274 [JavaFX Application Thread] DEBUG PrimaryStageWindow   - GameScene <- DialogSubScene
16:16:29.274 [JavaFX Application Thread] DEBUG PrimaryStageWindow   - Push state: RedPlayerScene
16:16:29.274 [JavaFX Application Thread] DEBUG Input                - Clearing active input actions
16:16:29.275 [JavaFX Application Thread] DEBUG GameApplicationServi - Removing overlay from GameScene and adding to RedPlayerScene
16:16:29.275 [JavaFX Application Thread] DEBUG PrimaryStageWindow   - GameScene -> RedPlayerScene
16:16:29.275 [JavaFX Application Thread] DEBUG PrimaryStageWindow   - Pop state: RedPlayerScene
16:16:29.275 [JavaFX Application Thread] DEBUG Input                - Clearing active input actions
16:16:29.275 [JavaFX Application Thread] DEBUG GameApplicationServi - Removing overlay from RedPlayerScene and adding to GameScene
16:16:29.275 [JavaFX Application Thread] DEBUG PrimaryStageWindow   - GameScene <- RedPlayerScene
16:16:30.806 [JavaFX Application Thread] DEBUG PrimaryStageWindow   - Push state: DialogSubScene
16:16:30.806 [JavaFX Application Thread] DEBUG Input                - Clearing active input actions
16:16:30.806 [JavaFX Application Thread] DEBUG GameApplicationServi - Removing overlay from GameScene and adding to DialogSubScene
16:16:30.807 [JavaFX Application Thread] DEBUG PrimaryStageWindow   - GameScene -> DialogSubScene
16:16:31.810 [JavaFX Application Thread] DEBUG PrimaryStageWindow   - Pop state: DialogSubScene
16:16:31.810 [JavaFX Application Thread] DEBUG Input                - Clearing active input actions
16:16:31.810 [JavaFX Application Thread] DEBUG GameApplicationServi - Removing overlay from DialogSubScene and adding to GameScene
16:16:31.810 [JavaFX Application Thread] DEBUG PrimaryStageWindow   - GameScene <- DialogSubScene
16:16:31.810 [JavaFX Application Thread] DEBUG PrimaryStageWindow   - Push state: BluePlayerScene
16:16:31.811 [JavaFX Application Thread] DEBUG Input                - Clearing active input actions
16:16:31.811 [JavaFX Application Thread] DEBUG GameApplicationServi - Removing overlay from GameScene and adding to BluePlayerScene
16:16:31.811 [JavaFX Application Thread] DEBUG PrimaryStageWindow   - GameScene -> BluePlayerScene
16:16:31.811 [JavaFX Application Thread] DEBUG PrimaryStageWindow   - Pop state: BluePlayerScene
16:16:31.811 [JavaFX Application Thread] DEBUG Input                - Clearing active input actions
16:16:31.811 [JavaFX Application Thread] DEBUG GameApplicationServi - Removing overlay from BluePlayerScene and adding to GameScene
16:16:31.811 [JavaFX Application Thread] DEBUG PrimaryStageWindow   - GameScene <- BluePlayerScene
16:16:33.507 [JavaFX Application Thread] DEBUG PrimaryStageWindow   - Push state: DialogSubScene
16:16:33.507 [JavaFX Application Thread] DEBUG Input                - Clearing active input actions
16:16:33.507 [JavaFX Application Thread] DEBUG GameApplicationServi - Removing overlay from GameScene and adding to DialogSubScene
16:16:33.508 [JavaFX Application Thread] DEBUG PrimaryStageWindow   - GameScene -> DialogSubScene
16:16:34.400 [JavaFX Application Thread] DEBUG PrimaryStageWindow   - Push state: RedPlayerScene
16:16:34.401 [JavaFX Application Thread] DEBUG Input                - Clearing active input actions
16:16:34.401 [JavaFX Application Thread] DEBUG GameApplicationServi - Removing overlay from DialogSubScene and adding to RedPlayerScene
16:16:34.401 [JavaFX Application Thread] DEBUG PrimaryStageWindow   - DialogSubScene -> RedPlayerScene
16:16:34.401 [JavaFX Application Thread] DEBUG PrimaryStageWindow   - Pop state: RedPlayerScene
16:16:34.401 [JavaFX Application Thread] DEBUG Input                - Clearing active input actions
16:16:34.401 [JavaFX Application Thread] DEBUG GameApplicationServi - Removing overlay from RedPlayerScene and adding to DialogSubScene
16:16:34.401 [JavaFX Application Thread] DEBUG PrimaryStageWindow   - DialogSubScene <- RedPlayerScene
16:16:38.519 [JavaFX Application Thread] DEBUG PrimaryStageWindow   - Pop state: DialogSubScene
16:16:38.519 [JavaFX Application Thread] DEBUG Input                - Clearing active input actions
16:16:38.519 [JavaFX Application Thread] DEBUG GameApplicationServi - Removing overlay from DialogSubScene and adding to GameScene
16:16:38.519 [JavaFX Application Thread] DEBUG PrimaryStageWindow   - GameScene <- DialogSubScene
16:16:38.521 [JavaFX Application Thread] DEBUG GameApplicationServi - Starting new game
16:16:38.521 [JavaFX Application Thread] DEBUG Input                - Clearing active input actions
16:16:38.525 [JavaFX Application Thread] DEBUG GameApplicationServi - Removing overlay from GameScene and adding to FXGLLoadingScene
16:16:38.525 [JavaFX Application Thread] DEBUG PrimaryStageWindow   - GameScene -> FXGLLoadingScene
16:16:38.525 [JavaFX Application Thread] DEBUG GameApplicationServi - Clearing previous game
16:16:38.525 [JavaFX Application Thread] DEBUG GameScene            - Clearing game scene
16:16:38.525 [JavaFX Application Thread] DEBUG GameWorld            - Clearing game world
16:16:38.526 [JavaFX Application Thread] DEBUG PhysicsWorld         - Clearing physics world
16:16:38.526 [FXGL Background Thread 2 ] DEBUG FXGLApplication      - Initializing game
16:16:38.540 [FXGL Background Thread 2 ] INFO  FXGLApplication      - Game initialization took: 0.014 sec
16:16:38.541 [JavaFX Application Thread] DEBUG Input                - Clearing active input actions
16:16:38.546 [JavaFX Application Thread] DEBUG GameApplicationServi - Removing overlay from FXGLLoadingScene and adding to GameScene
16:16:38.546 [JavaFX Application Thread] DEBUG PrimaryStageWindow   - FXGLLoadingScene -> GameScene
16:16:38.547 [JavaFX Application Thread] DEBUG PrimaryStageWindow   - Push state: DialogSubScene
16:16:38.547 [JavaFX Application Thread] DEBUG Input                - Clearing active input actions
16:16:38.547 [JavaFX Application Thread] DEBUG GameApplicationServi - Removing overlay from GameScene and adding to DialogSubScene
16:16:38.547 [JavaFX Application Thread] DEBUG PrimaryStageWindow   - GameScene -> DialogSubScene
16:16:39.610 [JavaFX Application Thread] DEBUG PrimaryStageWindow   - Pop state: DialogSubScene
16:16:39.610 [JavaFX Application Thread] DEBUG Input                - Clearing active input actions
16:16:39.610 [JavaFX Application Thread] DEBUG GameApplicationServi - Removing overlay from DialogSubScene and adding to GameScene
16:16:39.610 [JavaFX Application Thread] DEBUG PrimaryStageWindow   - GameScene <- DialogSubScene
16:16:40.270 [JavaFX Application Thread] DEBUG PrimaryStageWindow   - Push state: SimpleGameMenu
16:16:40.270 [JavaFX Application Thread] DEBUG Input                - Clearing active input actions
16:16:40.270 [JavaFX Application Thread] DEBUG GameApplicationServi - Removing overlay from GameScene and adding to SimpleGameMenu
16:16:40.271 [JavaFX Application Thread] DEBUG PrimaryStageWindow   - GameScene -> SimpleGameMenu
16:16:41.321 [JavaFX Application Thread] DEBUG Menu                 - fireExitToMainMenu()
16:16:41.322 [JavaFX Application Thread] DEBUG PrimaryStageWindow   - Push state: DialogSubScene
16:16:41.322 [JavaFX Application Thread] DEBUG Input                - Clearing active input actions
16:16:41.322 [JavaFX Application Thread] DEBUG GameApplicationServi - Removing overlay from SimpleGameMenu and adding to DialogSubScene
16:16:41.322 [JavaFX Application Thread] DEBUG PrimaryStageWindow   - SimpleGameMenu -> DialogSubScene
16:16:41.735 [JavaFX Application Thread] DEBUG PrimaryStageWindow   - Pop state: DialogSubScene
16:16:41.735 [JavaFX Application Thread] DEBUG Input                - Clearing active input actions
16:16:41.735 [JavaFX Application Thread] DEBUG GameApplicationServi - Removing overlay from DialogSubScene and adding to SimpleGameMenu
16:16:41.735 [JavaFX Application Thread] DEBUG PrimaryStageWindow   - SimpleGameMenu <- DialogSubScene
16:16:41.735 [JavaFX Application Thread] DEBUG PrimaryStageWindow   - Pop state: SimpleGameMenu
16:16:41.735 [JavaFX Application Thread] DEBUG Input                - Clearing active input actions
16:16:41.736 [JavaFX Application Thread] DEBUG GameApplicationServi - Removing overlay from SimpleGameMenu and adding to GameScene
16:16:41.736 [JavaFX Application Thread] DEBUG PrimaryStageWindow   - GameScene <- SimpleGameMenu
16:16:41.736 [JavaFX Application Thread] DEBUG Input                - Clearing active input actions
16:16:41.738 [JavaFX Application Thread] DEBUG GameApplicationServi - Removing overlay from GameScene and adding to FXGLMainMenuDummyScene
16:16:41.738 [JavaFX Application Thread] DEBUG PrimaryStageWindow   - GameScene -> FXGLMainMenuDummyScene
16:16:41.738 [JavaFX Application Thread] DEBUG PrimaryStageWindow   - Push state: BattleShipMainMenu
16:16:41.738 [JavaFX Application Thread] DEBUG Input                - Clearing active input actions
16:16:41.738 [JavaFX Application Thread] DEBUG GameApplicationServi - Removing overlay from FXGLMainMenuDummyScene and adding to BattleShipMainMenu
16:16:41.739 [JavaFX Application Thread] DEBUG PrimaryStageWindow   - FXGLMainMenuDummyScene -> BattleShipMainMenu
16:16:42.361 [JavaFX Application Thread] DEBUG Menu                 - fireExit()
16:16:42.361 [JavaFX Application Thread] DEBUG PrimaryStageWindow   - Push state: DialogSubScene
16:16:42.362 [JavaFX Application Thread] DEBUG Input                - Clearing active input actions
16:16:42.362 [JavaFX Application Thread] DEBUG GameApplicationServi - Removing overlay from BattleShipMainMenu and adding to DialogSubScene
16:16:42.362 [JavaFX Application Thread] DEBUG PrimaryStageWindow   - BattleShipMainMenu -> DialogSubScene
16:16:42.955 [JavaFX Application Thread] DEBUG PrimaryStageWindow   - Pop state: DialogSubScene
16:16:42.955 [JavaFX Application Thread] DEBUG Input                - Clearing active input actions
16:16:42.955 [JavaFX Application Thread] DEBUG GameApplicationServi - Removing overlay from DialogSubScene and adding to BattleShipMainMenu
16:16:42.955 [JavaFX Application Thread] DEBUG PrimaryStageWindow   - BattleShipMainMenu <- DialogSubScene
16:16:42.955 [JavaFX Application Thread] DEBUG FXGLApplication      - Exiting FXGL
16:16:42.955 [JavaFX Application Thread] DEBUG LoopRunner           - Stopping loop
16:16:42.955 [JavaFX Application Thread] DEBUG SystemBundleService  - Saving FXGL system data
16:16:42.956 [JavaFX Application Thread] DEBUG FileSystemAccess     - Writing to: D:\battleShip\battleShip_FXGL\system\fxgl.bundle
16:16:42.958 [JavaFX Application Thread] DEBUG Async                - Shutting down background threads
16:16:42.958 [JavaFX Application Thread] DEBUG PrimaryStageWindow   - Closing main window
16:16:42.977 [JavaFX Application Thread] DEBUG Logger               - Closing Logger
