11:38:38.859 [main                     ] DEBUG Logger               - Configured Logger
11:38:38.888 [main                     ] DEBUG GameApplication      - Logging settings
Title: BattleShip_FXGL
Version: 0.1
Width: 1920
Height: 1080
Fullscreen: true
Intro: false
Profiling: false
Single step:false
App Mode: DEVELOPER
Menu Key: ESCAPE
Stage Style: DECORATED
Scene Factory: class fi.utu.tech.gui.javafx.fxgl.BattleShipApp$1

11:38:39.264 [JavaFX Application Thread] DEBUG FXGLApplication      - Initializing FXGL
11:38:39.265 [JavaFX Application Thread] INFO  Engine               - FXGL-11.14 (01.03.2021 16.59) on WINDOWS (J:11.0.10 FX:15)
11:38:39.266 [JavaFX Application Thread] DEBUG Engine               - JRE Vendor Name: Amazon.com Inc.
11:38:39.266 [JavaFX Application Thread] DEBUG Engine               - Running on OS: Windows 10 version 10.0
11:38:39.266 [JavaFX Application Thread] DEBUG Engine               - Architecture: amd64
11:38:39.266 [JavaFX Application Thread] INFO  Engine               - Source code and latest versions at: https://github.com/AlmasB/FXGL
11:38:39.267 [JavaFX Application Thread] INFO  Engine               -              Join the FXGL chat at: https://gitter.im/AlmasB/FXGL
11:38:39.355 [JavaFX Application Thread] DEBUG PrimaryStageWindow   - Creating a JavaFX scene
11:38:39.422 [JavaFX Application Thread] DEBUG PrimaryStageWindow   - Target settings size: 1920.0 x 1080.0
11:38:39.423 [JavaFX Application Thread] DEBUG PrimaryStageWindow   - Scaled scene size:    1920.0 x 1080.0
11:38:39.423 [JavaFX Application Thread] DEBUG PrimaryStageWindow   - Scaled ratio: (1.0, 1.0)
11:38:39.424 [JavaFX Application Thread] DEBUG PrimaryStageWindow   - Set initial scene to FXGLStartupScene
11:38:39.430 [JavaFX Application Thread] DEBUG PrimaryStageWindow   - Opening main window
11:38:39.512 [JavaFX Application Thread] DEBUG PrimaryStageWindow   - Window border size: (16.0, 39.0)
11:38:39.512 [JavaFX Application Thread] DEBUG PrimaryStageWindow   - Scaled size: 1920.0 x 1080.0
11:38:39.513 [JavaFX Application Thread] DEBUG PrimaryStageWindow   - Scaled ratio: (1.0, 1.0)
11:38:39.513 [JavaFX Application Thread] DEBUG PrimaryStageWindow   - Scene size: 1920.0 x 1080.0
11:38:39.513 [JavaFX Application Thread] DEBUG PrimaryStageWindow   - Stage size: 1936.0 x 1119.0
11:38:39.577 [JavaFX Application Thread] DEBUG PrimaryStageWindow   - Going fullscreen
11:38:39.585 [FXGL Background Thread 1 ] DEBUG Engine               - Initializing environment variables
11:38:39.623 [FXGL Background Thread 1 ] DEBUG FXGLAssetLoaderServi - User app class for loading assets: class fi.utu.tech.gui.javafx.fxgl.BattleShipApp
11:38:39.623 [FXGL Background Thread 1 ] DEBUG GameApplicationServi - Applying CSS: fxgl_dark.css
11:38:39.623 [FXGL Background Thread 1 ] DEBUG FXGLAssetLoaderServi - Loading from file system: jar:file:///C:/Users/box69/.m2/repository/com/github/almasb/fxgl/11.14/fxgl-11.14.jar!/fxglassets/ui/css/fxgl_dark.css
11:38:39.662 [FXGL Background Thread 1 ] DEBUG GameApplicationServi - Initializing application scenes
11:38:39.758 [FXGL Background Thread 1 ] DEBUG GameWorld            - Game world initialized
11:38:39.812 [FXGL Background Thread 1 ] DEBUG PhysicsWorld         - Physics world initialized: appHeight=1080, physics.ppm=50.0
11:38:39.813 [FXGL Background Thread 1 ] DEBUG PhysicsWorld         - Using strategy: BRUTE_FORCE
11:38:39.815 [FXGL Background Thread 1 ] DEBUG GameScene            - Game scene initialized: 1920x1080
11:38:39.820 [FXGL Background Thread 1 ] DEBUG FXGLAssetLoaderServi - Loading from file system: file:/D:/battleShip/battleShip_FXGL/target/classes/assets/textures/Nebula_Red.png
11:38:40.033 [FXGL Background Thread 1 ] DEBUG FXGLAssetLoaderServi - Loading from file system: jar:file:///C:/Users/box69/.m2/repository/com/github/almasb/fxgl/11.14/fxgl-11.14.jar!/fxglassets/textures/pause_menu_bg.png
11:38:40.063 [FXGL Background Thread 1 ] DEBUG GameApplicationServi - Application scenes initialized
11:38:40.074 [FXGL Background Thread 1 ] DEBUG SystemBundleService  - Loading FXGL system data
11:38:40.078 [FXGL Background Thread 1 ] DEBUG FileSystemAccess     - Reading from: D:\battleShip\battleShip_FXGL\system\fxgl.bundle
11:38:40.083 [FXGL Background Thread 1 ] DEBUG SystemBundleService  - Bundle FXGL: {}
11:38:40.083 [FXGL Background Thread 1 ] DEBUG UpdaterService       - Checking for updates
11:38:40.088 [FXGL Background Thread 4 ] DEBUG FXGLApplication      - Loading fonts
11:38:40.089 [FXGL Background Thread 1 ] DEBUG FXGLApplication      - Loading default localization
11:38:40.089 [FXGL Background Thread 4 ] DEBUG FXGLAssetLoaderServi - Loading from file system: jar:file:///C:/Users/box69/.m2/repository/com/github/almasb/fxgl/11.14/fxgl-11.14.jar!/fxglassets/ui/fonts/VarelaRound-Regular.ttf
11:38:40.090 [FXGL Background Thread 1 ] DEBUG FXGLAssetLoaderServi - Loading from file system: jar:file:///C:/Users/box69/.m2/repository/com/github/almasb/fxgl/11.14/fxgl-11.14.jar!/fxglassets/languages/english.lang
11:38:40.106 [FXGL Background Thread 1 ] INFO  FXGLApplication      - FXGL initialization took: 0.521 sec
11:38:40.121 [JavaFX Application Thread] DEBUG Input                - Registered new binding: Change Scene - Space
11:38:40.122 [JavaFX Application Thread] DEBUG Input                - Registered new binding: action0 - R
11:38:40.122 [JavaFX Application Thread] DEBUG Input                - Registered new binding: Deploy - RMB
11:38:40.123 [JavaFX Application Thread] DEBUG Input                - Registered new binding: Attack - LMB
11:38:40.126 [JavaFX Application Thread] DEBUG FXGLAssetLoaderServi - Loading from file system: file:/D:/battleShip/battleShip_FXGL/target/classes/assets/music/CrashedShip.mp3
11:38:40.314 [JavaFX Application Thread] DEBUG AudioPlayer          - Playing music com.almasb.fxgl.audio.Music@2aa83100
11:38:40.314 [JavaFX Application Thread] DEBUG FXGLAssetLoaderServi - Loading from file system: jar:file:///C:/Users/box69/.m2/repository/com/github/almasb/fxgl/11.14/fxgl-11.14.jar!/fxglassets/textures/fxgl_icon.png
11:38:40.343 [JavaFX Application Thread] DEBUG FXGLAssetLoaderServi - Loading from file system: jar:file:///C:/Users/box69/.m2/repository/com/github/almasb/fxgl/11.14/fxgl-11.14.jar!/fxglassets/ui/cursors/fxgl_default.png
11:38:40.346 [JavaFX Application Thread] DEBUG Input                - Registered new binding: Screenshot - P
11:38:40.346 [JavaFX Application Thread] DEBUG Input                - Registered new binding: System info dump - CTRL+9
11:38:40.347 [JavaFX Application Thread] DEBUG Input                - Registered new binding: Restart - CTRL+R
11:38:40.347 [JavaFX Application Thread] DEBUG Input                - Registered new binding: Toggle Debug Camera - CTRL+C
11:38:40.349 [JavaFX Application Thread] DEBUG LoopRunner           - Starting loop
11:38:40.349 [JavaFX Application Thread] DEBUG LoopRunner           - Initializing JavaFX AnimationTimerLoop
11:38:40.351 [JavaFX Application Thread] DEBUG Input                - Clearing active input actions
11:38:40.358 [JavaFX Application Thread] DEBUG GameApplicationServi - Removing overlay from FXGLStartupScene and adding to FXGLMainMenuDummyScene
11:38:40.359 [JavaFX Application Thread] DEBUG PrimaryStageWindow   - FXGLStartupScene -> FXGLMainMenuDummyScene
11:38:40.359 [JavaFX Application Thread] DEBUG PrimaryStageWindow   - Push state: BattleShipMainMenu
11:38:40.359 [JavaFX Application Thread] DEBUG Input                - Clearing active input actions
11:38:40.362 [JavaFX Application Thread] DEBUG GameApplicationServi - Removing overlay from FXGLMainMenuDummyScene and adding to BattleShipMainMenu
11:38:40.362 [JavaFX Application Thread] DEBUG PrimaryStageWindow   - FXGLMainMenuDummyScene -> BattleShipMainMenu
11:38:40.630 [FXGL Background Thread 4 ] DEBUG FXGLAssetLoaderServi - Loading from file system: jar:file:///C:/Users/box69/.m2/repository/com/github/almasb/fxgl/11.14/fxgl-11.14.jar!/fxglassets/ui/fonts/Abel-Regular.ttf
11:38:40.634 [FXGL Background Thread 4 ] DEBUG FXGLAssetLoaderServi - Loading from file system: jar:file:///C:/Users/box69/.m2/repository/com/github/almasb/fxgl/11.14/fxgl-11.14.jar!/fxglassets/ui/fonts/lucida_console.ttf
11:38:40.637 [FXGL Background Thread 4 ] DEBUG FXGLAssetLoaderServi - Loading from file system: jar:file:///C:/Users/box69/.m2/repository/com/github/almasb/fxgl/11.14/fxgl-11.14.jar!/fxglassets/ui/fonts/Courier-Prime.ttf
11:38:40.641 [JavaFX Application Thread] DEBUG FXGLApplication      - Registering font factories with UI factory
11:38:41.179 [JavaFX Application Thread] DEBUG PrimaryStageWindow   - Push state: DialogSubScene
11:38:41.179 [JavaFX Application Thread] DEBUG Input                - Clearing active input actions
11:38:41.182 [JavaFX Application Thread] DEBUG GameApplicationServi - Removing overlay from BattleShipMainMenu and adding to DialogSubScene
11:38:41.183 [JavaFX Application Thread] DEBUG PrimaryStageWindow   - BattleShipMainMenu -> DialogSubScene
11:38:43.087 [FXGL Background Thread 3 ] DEBUG Engine               - Logging environment variables
11:38:43.088 [FXGL Background Thread 3 ] DEBUG Engine               - achievements: []
11:38:43.088 [FXGL Background Thread 3 ] DEBUG Engine               - actualHeight: 1080.0
11:38:43.088 [FXGL Background Thread 3 ] DEBUG Engine               - actualHeightProperty: ReadOnlyDoubleProperty [value: 1080.0]
11:38:43.088 [FXGL Background Thread 3 ] DEBUG Engine               - actualWidth: 1920.0
11:38:43.088 [FXGL Background Thread 3 ] DEBUG Engine               - actualWidthProperty: ReadOnlyDoubleProperty [value: 1920.0]
11:38:43.088 [FXGL Background Thread 3 ] DEBUG Engine               - appIcon: fxgl_icon.png
11:38:43.088 [FXGL Background Thread 3 ] DEBUG Engine               - applicationMode: DEVELOPER
11:38:43.088 [FXGL Background Thread 3 ] DEBUG Engine               - cSSList: [fxgl_dark.css]
11:38:43.089 [FXGL Background Thread 3 ] DEBUG Engine               - collisionDetectionStrategy: BRUTE_FORCE
11:38:43.089 [FXGL Background Thread 3 ] DEBUG Engine               - configClass: Optional.empty
11:38:43.089 [FXGL Background Thread 3 ] DEBUG Engine               - credits: []
11:38:43.089 [FXGL Background Thread 3 ] DEBUG Engine               - devBBoxColorProperty: ObjectProperty [value: 0xff0000ff]
11:38:43.089 [FXGL Background Thread 3 ] DEBUG Engine               - devEnableDebugCameraProperty: BooleanProperty [value: false]
11:38:43.089 [FXGL Background Thread 3 ] DEBUG Engine               - devSensorColorProperty: ObjectProperty [value: 0xffff00ff]
11:38:43.089 [FXGL Background Thread 3 ] DEBUG Engine               - devShowBBoxProperty: BooleanProperty [value: false]
11:38:43.089 [FXGL Background Thread 3 ] DEBUG Engine               - devShowPositionProperty: BooleanProperty [value: false]
11:38:43.089 [FXGL Background Thread 3 ] DEBUG Engine               - enabledMenuItems: []
11:38:43.089 [FXGL Background Thread 3 ] DEBUG Engine               - engineServices: [class com.almasb.fxgl.app.services.FXGLAssetLoaderService, class com.almasb.fxgl.app.FXGLApplication$GameApplicationService, class com.almasb.fxgl.app.services.FXGLDialogService, class com.almasb.fxgl.app.services.IOTaskExecutorService, class com.almasb.fxgl.event.EventBusService, class com.almasb.fxgl.io.FileSystemService, class com.almasb.fxgl.localization.LocalizationService, class com.almasb.fxgl.app.services.SystemBundleService, class com.almasb.fxgl.profile.SaveLoadService, class com.almasb.fxgl.ui.FXGLUIFactoryServiceProvider, class com.almasb.fxgl.ui.FXGLDialogFactoryServiceProvider, class com.almasb.fxgl.audio.AudioPlayer, class com.almasb.fxgl.notification.impl.NotificationServiceProvider, class com.almasb.fxgl.achievement.AchievementService, class com.almasb.fxgl.cutscene.CutsceneService, class com.almasb.fxgl.minigames.MiniGameService, class com.almasb.fxgl.net.NetService, class com.almasb.fxgl.app.services.UpdaterService, class com.almasb.fxgl.dev.DevService]
11:38:43.090 [FXGL Background Thread 3 ] DEBUG Engine               - fontGame: Abel-Regular.ttf
11:38:43.090 [FXGL Background Thread 3 ] DEBUG Engine               - fontMono: lucida_console.ttf
11:38:43.090 [FXGL Background Thread 3 ] DEBUG Engine               - fontText: Courier-Prime.ttf
11:38:43.090 [FXGL Background Thread 3 ] DEBUG Engine               - fontUI: VarelaRound-Regular.ttf
11:38:43.090 [FXGL Background Thread 3 ] DEBUG Engine               - fullScreen: BooleanProperty [value: true]
11:38:43.090 [FXGL Background Thread 3 ] DEBUG Engine               - gameDifficulty: MEDIUM
11:38:43.090 [FXGL Background Thread 3 ] DEBUG Engine               - gameDifficultyProperty: ObjectProperty [value: MEDIUM]
11:38:43.090 [FXGL Background Thread 3 ] DEBUG Engine               - globalMusicVolume: 0.5
11:38:43.090 [FXGL Background Thread 3 ] DEBUG Engine               - globalMusicVolumeProperty: DoubleProperty [value: 0.2]
11:38:43.090 [FXGL Background Thread 3 ] DEBUG Engine               - globalSoundVolume: 0.5
11:38:43.090 [FXGL Background Thread 3 ] DEBUG Engine               - globalSoundVolumeProperty: DoubleProperty [value: 0.5]
11:38:43.091 [FXGL Background Thread 3 ] DEBUG Engine               - height: 1080
11:38:43.091 [FXGL Background Thread 3 ] DEBUG Engine               - isAndroid: false
11:38:43.091 [FXGL Background Thread 3 ] DEBUG Engine               - isBrowser: false
11:38:43.091 [FXGL Background Thread 3 ] DEBUG Engine               - isClickFeedbackEnabled: false
11:38:43.091 [FXGL Background Thread 3 ] DEBUG Engine               - isCloseConfirmation: false
11:38:43.091 [FXGL Background Thread 3 ] DEBUG Engine               - isDesktop: true
11:38:43.091 [FXGL Background Thread 3 ] DEBUG Engine               - isDeveloperMenuEnabled: false
11:38:43.091 [FXGL Background Thread 3 ] DEBUG Engine               - isEntityPreloadEnabled: true
11:38:43.091 [FXGL Background Thread 3 ] DEBUG Engine               - isExperimental3D: false
11:38:43.091 [FXGL Background Thread 3 ] DEBUG Engine               - isExperimentalNative: false
11:38:43.091 [FXGL Background Thread 3 ] DEBUG Engine               - isExperimentalTiledLargeMap: false
11:38:43.091 [FXGL Background Thread 3 ] DEBUG Engine               - isFileSystemWriteAllowed: true
11:38:43.091 [FXGL Background Thread 3 ] DEBUG Engine               - isFullScreenAllowed: true
11:38:43.091 [FXGL Background Thread 3 ] DEBUG Engine               - isFullScreenFromStart: true
11:38:43.091 [FXGL Background Thread 3 ] DEBUG Engine               - isGameMenuEnabled: true
11:38:43.091 [FXGL Background Thread 3 ] DEBUG Engine               - isIOS: false
11:38:43.092 [FXGL Background Thread 3 ] DEBUG Engine               - isIntroEnabled: false
11:38:43.092 [FXGL Background Thread 3 ] DEBUG Engine               - isLinux: false
11:38:43.092 [FXGL Background Thread 3 ] DEBUG Engine               - isMac: false
11:38:43.092 [FXGL Background Thread 3 ] DEBUG Engine               - isMainMenuEnabled: true
11:38:43.092 [FXGL Background Thread 3 ] DEBUG Engine               - isManualResizeEnabled: false
11:38:43.092 [FXGL Background Thread 3 ] DEBUG Engine               - isMobile: false
11:38:43.092 [FXGL Background Thread 3 ] DEBUG Engine               - isPreserveResizeRatio: false
11:38:43.092 [FXGL Background Thread 3 ] DEBUG Engine               - isProfilingEnabled: false
11:38:43.092 [FXGL Background Thread 3 ] DEBUG Engine               - isScaleAffectedOnResize: true
11:38:43.092 [FXGL Background Thread 3 ] DEBUG Engine               - isSingleStep: false
11:38:43.092 [FXGL Background Thread 3 ] DEBUG Engine               - isUserProfileEnabled: false
11:38:43.092 [FXGL Background Thread 3 ] DEBUG Engine               - isWindows: true
11:38:43.092 [FXGL Background Thread 3 ] DEBUG Engine               - language: ObjectProperty [value: ENGLISH]
11:38:43.092 [FXGL Background Thread 3 ] DEBUG Engine               - menuKey: ESCAPE
11:38:43.092 [FXGL Background Thread 3 ] DEBUG Engine               - notificationViewClass: class com.almasb.fxgl.notification.view.XboxNotificationView
11:38:43.092 [FXGL Background Thread 3 ] DEBUG Engine               - pixelsPerMeter: 50.0
11:38:43.092 [FXGL Background Thread 3 ] DEBUG Engine               - platform: WINDOWS
11:38:43.093 [FXGL Background Thread 3 ] DEBUG Engine               - prefHeightProperty: ReadOnlyDoubleProperty [value: 1080.0]
11:38:43.093 [FXGL Background Thread 3 ] DEBUG Engine               - prefWidthProperty: ReadOnlyDoubleProperty [value: 1920.0]
11:38:43.093 [FXGL Background Thread 3 ] DEBUG Engine               - profileDir: profiles/
11:38:43.093 [FXGL Background Thread 3 ] DEBUG Engine               - profileName: StringProperty [value: DEFAULT]
11:38:43.093 [FXGL Background Thread 3 ] DEBUG Engine               - randomSeed: -1
11:38:43.093 [FXGL Background Thread 3 ] DEBUG Engine               - runtimeInfo: RuntimeInfo(platform=WINDOWS, version=11.14, build=01.03.2021 16.59)
11:38:43.093 [FXGL Background Thread 3 ] DEBUG Engine               - saveFileExt: sav
11:38:43.093 [FXGL Background Thread 3 ] DEBUG Engine               - scaledHeightProp$fxgl: DoubleProperty [bound, value: 1080.0]
11:38:43.093 [FXGL Background Thread 3 ] DEBUG Engine               - scaledWidthProp$fxgl: DoubleProperty [bound, value: 1920.0]
11:38:43.093 [FXGL Background Thread 3 ] DEBUG Engine               - sceneFactory: fi.utu.tech.gui.javafx.fxgl.BattleShipApp$1@7d464432
11:38:43.093 [FXGL Background Thread 3 ] DEBUG Engine               - secondsIn24h: 60
11:38:43.093 [FXGL Background Thread 3 ] DEBUG Engine               - soundMenuBack: menu/back.wav
11:38:43.093 [FXGL Background Thread 3 ] DEBUG Engine               - soundMenuPress: menu/press.wav
11:38:43.093 [FXGL Background Thread 3 ] DEBUG Engine               - soundMenuSelect: menu/select.wav
11:38:43.093 [FXGL Background Thread 3 ] DEBUG Engine               - soundNotification: core/notification.wav
11:38:43.093 [FXGL Background Thread 3 ] DEBUG Engine               - stageStyle: DECORATED
11:38:43.093 [FXGL Background Thread 3 ] DEBUG Engine               - supportedLanguages: [ENGLISH, FRENCH, GERMAN, HUNGARIAN, RUSSIAN]
11:38:43.093 [FXGL Background Thread 3 ] DEBUG Engine               - ticksPerSecond: -1
11:38:43.093 [FXGL Background Thread 3 ] DEBUG Engine               - title: BattleShip_FXGL
11:38:43.094 [FXGL Background Thread 3 ] DEBUG Engine               - urlGithub: https://github.com/AlmasB/FXGL
11:38:43.094 [FXGL Background Thread 3 ] DEBUG Engine               - urlLeaderboard: http://fxgl-top.herokuapp.com/
11:38:43.094 [FXGL Background Thread 3 ] DEBUG Engine               - urlPOM: https://raw.githubusercontent.com/AlmasB/FXGL/release/README.md
11:38:43.094 [FXGL Background Thread 3 ] DEBUG Engine               - userAppClass: class fi.utu.tech.gui.javafx.fxgl.BattleShipApp
11:38:43.094 [FXGL Background Thread 3 ] DEBUG Engine               - version: 0.1
11:38:43.094 [FXGL Background Thread 3 ] DEBUG Engine               - versionCheckDays: 7
11:38:43.094 [FXGL Background Thread 3 ] DEBUG Engine               - width: 1920
11:38:43.094 [FXGL Background Thread 3 ] DEBUG Engine               - Logging services
11:38:43.094 [FXGL Background Thread 3 ] DEBUG Engine               - class com.almasb.fxgl.app.services.FXGLAssetLoaderService
11:38:43.094 [FXGL Background Thread 3 ] DEBUG Engine               - class com.almasb.fxgl.app.FXGLApplication$GameApplicationService
11:38:43.094 [FXGL Background Thread 3 ] DEBUG Engine               - class com.almasb.fxgl.app.services.FXGLDialogService
11:38:43.094 [FXGL Background Thread 3 ] DEBUG Engine               - class com.almasb.fxgl.app.services.IOTaskExecutorService
11:38:43.094 [FXGL Background Thread 3 ] DEBUG Engine               - class com.almasb.fxgl.event.EventBusService
11:38:43.094 [FXGL Background Thread 3 ] DEBUG Engine               - class com.almasb.fxgl.io.FileSystemService
11:38:43.094 [FXGL Background Thread 3 ] DEBUG Engine               - class com.almasb.fxgl.localization.LocalizationService
11:38:43.094 [FXGL Background Thread 3 ] DEBUG Engine               - class com.almasb.fxgl.app.services.SystemBundleService
11:38:43.095 [FXGL Background Thread 3 ] DEBUG Engine               - class com.almasb.fxgl.profile.SaveLoadService
11:38:43.095 [FXGL Background Thread 3 ] DEBUG Engine               - class com.almasb.fxgl.ui.FXGLUIFactoryServiceProvider
11:38:43.095 [FXGL Background Thread 3 ] DEBUG Engine               - class com.almasb.fxgl.ui.FXGLDialogFactoryServiceProvider
11:38:43.095 [FXGL Background Thread 3 ] DEBUG Engine               - class com.almasb.fxgl.audio.AudioPlayer
11:38:43.095 [FXGL Background Thread 3 ] DEBUG Engine               - class com.almasb.fxgl.notification.impl.NotificationServiceProvider
11:38:43.095 [FXGL Background Thread 3 ] DEBUG Engine               - class com.almasb.fxgl.achievement.AchievementService
11:38:43.095 [FXGL Background Thread 3 ] DEBUG Engine               - class com.almasb.fxgl.cutscene.CutsceneService
11:38:43.095 [FXGL Background Thread 3 ] DEBUG Engine               - class com.almasb.fxgl.minigames.MiniGameService
11:38:43.095 [FXGL Background Thread 3 ] DEBUG Engine               - class com.almasb.fxgl.net.NetService
11:38:43.095 [FXGL Background Thread 3 ] DEBUG Engine               - class com.almasb.fxgl.app.services.UpdaterService
11:38:43.095 [FXGL Background Thread 3 ] DEBUG Engine               - class com.almasb.fxgl.dev.DevService
11:38:52.592 [JavaFX Application Thread] DEBUG PrimaryStageWindow   - Pop state: DialogSubScene
11:38:52.592 [JavaFX Application Thread] DEBUG Input                - Clearing active input actions
11:38:52.592 [JavaFX Application Thread] DEBUG GameApplicationServi - Removing overlay from DialogSubScene and adding to BattleShipMainMenu
11:38:52.592 [JavaFX Application Thread] DEBUG PrimaryStageWindow   - BattleShipMainMenu <- DialogSubScene
11:38:53.008 [JavaFX Application Thread] DEBUG Menu                 - fireNewGame()
11:38:53.009 [JavaFX Application Thread] DEBUG GameApplicationServi - Starting new game
11:38:53.009 [JavaFX Application Thread] DEBUG PrimaryStageWindow   - Pop state: BattleShipMainMenu
11:38:53.009 [JavaFX Application Thread] DEBUG Input                - Clearing active input actions
11:38:53.009 [JavaFX Application Thread] DEBUG GameApplicationServi - Removing overlay from BattleShipMainMenu and adding to FXGLMainMenuDummyScene
11:38:53.009 [JavaFX Application Thread] DEBUG PrimaryStageWindow   - FXGLMainMenuDummyScene <- BattleShipMainMenu
11:38:53.009 [JavaFX Application Thread] DEBUG Input                - Clearing active input actions
11:38:53.014 [JavaFX Application Thread] DEBUG GameApplicationServi - Removing overlay from FXGLMainMenuDummyScene and adding to FXGLLoadingScene
11:38:53.015 [JavaFX Application Thread] DEBUG PrimaryStageWindow   - FXGLMainMenuDummyScene -> FXGLLoadingScene
11:38:53.015 [JavaFX Application Thread] DEBUG GameApplicationServi - Clearing previous game
11:38:53.015 [JavaFX Application Thread] DEBUG GameScene            - Clearing game scene
11:38:53.015 [JavaFX Application Thread] DEBUG GameWorld            - Clearing game world
11:38:53.015 [JavaFX Application Thread] DEBUG PhysicsWorld         - Clearing physics world
11:38:53.016 [FXGL Background Thread 2 ] DEBUG FXGLApplication      - Initializing game
11:38:53.021 [FXGL Background Thread 2 ] DEBUG FXGLAssetLoaderServi - Loading from file system: file:/D:/battleShip/battleShip_FXGL/target/classes/assets/textures/bg.jpg
11:38:53.055 [FXGL Background Thread 2 ] DEBUG FXGLAssetLoaderServi - Loading from file system: file:/D:/battleShip/battleShip_FXGL/target/classes/assets/textures/ShipContainer.png
11:38:53.059 [FXGL Background Thread 2 ] DEBUG FXGLAssetLoaderServi - Loading from file system: file:/D:/battleShip/battleShip_FXGL/target/classes/assets/textures/ships/ship_b_2_h.png
11:38:53.072 [FXGL Background Thread 2 ] DEBUG FXGLAssetLoaderServi - Loading from file system: file:/D:/battleShip/battleShip_FXGL/target/classes/assets/textures/ships/ship_r_2_h.png
11:38:53.076 [FXGL Background Thread 2 ] DEBUG FXGLAssetLoaderServi - Loading from file system: file:/D:/battleShip/battleShip_FXGL/target/classes/assets/textures/Tile.png
11:38:53.083 [FXGL Background Thread 2 ] INFO  FXGLApplication      - Game initialization took: 0.067 sec
11:38:53.083 [JavaFX Application Thread] DEBUG Input                - Clearing active input actions
11:38:53.089 [JavaFX Application Thread] DEBUG GameApplicationServi - Removing overlay from FXGLLoadingScene and adding to GameScene
11:38:53.089 [JavaFX Application Thread] DEBUG PrimaryStageWindow   - FXGLLoadingScene -> GameScene
11:38:53.093 [JavaFX Application Thread] DEBUG FXGLAssetLoaderServi - Loading from file system: file:/D:/battleShip/battleShip_FXGL/target/classes/assets/textures/bg2.jpg
11:38:53.123 [JavaFX Application Thread] DEBUG PrimaryStageWindow   - Push state: DialogSubScene
11:38:53.123 [JavaFX Application Thread] DEBUG Input                - Clearing active input actions
11:38:53.123 [JavaFX Application Thread] DEBUG GameApplicationServi - Removing overlay from GameScene and adding to DialogSubScene
11:38:53.124 [JavaFX Application Thread] DEBUG PrimaryStageWindow   - GameScene -> DialogSubScene
11:38:55.629 [JavaFX Application Thread] DEBUG PrimaryStageWindow   - Pop state: DialogSubScene
11:38:55.629 [JavaFX Application Thread] DEBUG Input                - Clearing active input actions
11:38:55.629 [JavaFX Application Thread] DEBUG GameApplicationServi - Removing overlay from DialogSubScene and adding to GameScene
11:38:55.629 [JavaFX Application Thread] DEBUG PrimaryStageWindow   - GameScene <- DialogSubScene
11:38:55.629 [JavaFX Application Thread] DEBUG PrimaryStageWindow   - Push state: BluePlayerDeployScene
11:38:55.630 [JavaFX Application Thread] DEBUG Input                - Clearing active input actions
11:38:55.630 [JavaFX Application Thread] DEBUG GameApplicationServi - Removing overlay from GameScene and adding to BluePlayerDeployScene
11:38:55.630 [JavaFX Application Thread] DEBUG PrimaryStageWindow   - GameScene -> BluePlayerDeployScene
11:38:55.630 [JavaFX Application Thread] DEBUG PrimaryStageWindow   - Pop state: BluePlayerDeployScene
11:38:55.630 [JavaFX Application Thread] DEBUG Input                - Clearing active input actions
11:38:55.630 [JavaFX Application Thread] DEBUG GameApplicationServi - Removing overlay from BluePlayerDeployScene and adding to GameScene
11:38:55.630 [JavaFX Application Thread] DEBUG PrimaryStageWindow   - GameScene <- BluePlayerDeployScene
11:38:58.304 [JavaFX Application Thread] DEBUG PrimaryStageWindow   - Push state: DialogSubScene
11:38:58.304 [JavaFX Application Thread] DEBUG Input                - Clearing active input actions
11:38:58.305 [JavaFX Application Thread] DEBUG GameApplicationServi - Removing overlay from GameScene and adding to DialogSubScene
11:38:58.305 [JavaFX Application Thread] DEBUG PrimaryStageWindow   - GameScene -> DialogSubScene
11:38:58.776 [JavaFX Application Thread] DEBUG PrimaryStageWindow   - Pop state: DialogSubScene
11:38:58.777 [JavaFX Application Thread] DEBUG Input                - Clearing active input actions
11:38:58.777 [JavaFX Application Thread] DEBUG GameApplicationServi - Removing overlay from DialogSubScene and adding to GameScene
11:38:58.777 [JavaFX Application Thread] DEBUG PrimaryStageWindow   - GameScene <- DialogSubScene
11:38:58.777 [JavaFX Application Thread] DEBUG PrimaryStageWindow   - Push state: RedPlayerDeployScene
11:38:58.777 [JavaFX Application Thread] DEBUG Input                - Clearing active input actions
11:38:58.777 [JavaFX Application Thread] DEBUG GameApplicationServi - Removing overlay from GameScene and adding to RedPlayerDeployScene
11:38:58.778 [JavaFX Application Thread] DEBUG PrimaryStageWindow   - GameScene -> RedPlayerDeployScene
11:38:58.778 [JavaFX Application Thread] DEBUG PrimaryStageWindow   - Pop state: RedPlayerDeployScene
11:38:58.778 [JavaFX Application Thread] DEBUG Input                - Clearing active input actions
11:38:58.778 [JavaFX Application Thread] DEBUG GameApplicationServi - Removing overlay from RedPlayerDeployScene and adding to GameScene
11:38:58.778 [JavaFX Application Thread] DEBUG PrimaryStageWindow   - GameScene <- RedPlayerDeployScene
11:39:00.607 [JavaFX Application Thread] DEBUG PrimaryStageWindow   - Push state: DialogSubScene
11:39:00.607 [JavaFX Application Thread] DEBUG Input                - Clearing active input actions
11:39:00.607 [JavaFX Application Thread] DEBUG GameApplicationServi - Removing overlay from GameScene and adding to DialogSubScene
11:39:00.607 [JavaFX Application Thread] DEBUG PrimaryStageWindow   - GameScene -> DialogSubScene
11:39:01.572 [JavaFX Application Thread] DEBUG PrimaryStageWindow   - Pop state: DialogSubScene
11:39:01.572 [JavaFX Application Thread] DEBUG Input                - Clearing active input actions
11:39:01.572 [JavaFX Application Thread] DEBUG GameApplicationServi - Removing overlay from DialogSubScene and adding to GameScene
11:39:01.572 [JavaFX Application Thread] DEBUG PrimaryStageWindow   - GameScene <- DialogSubScene
11:39:01.572 [JavaFX Application Thread] DEBUG PrimaryStageWindow   - Push state: RedPlayerScene
11:39:01.575 [JavaFX Application Thread] DEBUG Input                - Clearing active input actions
11:39:01.575 [JavaFX Application Thread] DEBUG GameApplicationServi - Removing overlay from GameScene and adding to RedPlayerScene
11:39:01.575 [JavaFX Application Thread] DEBUG PrimaryStageWindow   - GameScene -> RedPlayerScene
11:39:01.576 [JavaFX Application Thread] DEBUG PrimaryStageWindow   - Pop state: RedPlayerScene
11:39:01.576 [JavaFX Application Thread] DEBUG Input                - Clearing active input actions
11:39:01.576 [JavaFX Application Thread] DEBUG GameApplicationServi - Removing overlay from RedPlayerScene and adding to GameScene
11:39:01.576 [JavaFX Application Thread] DEBUG PrimaryStageWindow   - GameScene <- RedPlayerScene
11:39:02.529 [JavaFX Application Thread] DEBUG FXGLAssetLoaderServi - Loading from file system: file:/D:/battleShip/battleShip_FXGL/target/classes/assets/sounds/shot.wav
11:39:02.535 [JavaFX Application Thread] DEBUG FXGLAssetLoaderServi - Loading from file system: file:/D:/battleShip/battleShip_FXGL/target/classes/assets/textures/Player1.png
11:39:02.616 [JavaFX Application Thread] DEBUG FXGLAssetLoaderServi - Loading from file system: file:/D:/battleShip/battleShip_FXGL/target/classes/assets/textures/Player1Hit.png
11:39:02.617 [JavaFX Application Thread] DEBUG FXGLAssetLoaderServi - Loading from file system: file:/D:/battleShip/battleShip_FXGL/target/classes/assets/sounds/hit.wav
11:39:03.896 [JavaFX Application Thread] DEBUG PrimaryStageWindow   - Push state: DialogSubScene
11:39:03.896 [JavaFX Application Thread] DEBUG Input                - Clearing active input actions
11:39:03.896 [JavaFX Application Thread] DEBUG GameApplicationServi - Removing overlay from GameScene and adding to DialogSubScene
11:39:03.896 [JavaFX Application Thread] DEBUG PrimaryStageWindow   - GameScene -> DialogSubScene
11:39:04.581 [JavaFX Application Thread] DEBUG PrimaryStageWindow   - Pop state: DialogSubScene
11:39:04.581 [JavaFX Application Thread] DEBUG Input                - Clearing active input actions
11:39:04.581 [JavaFX Application Thread] DEBUG GameApplicationServi - Removing overlay from DialogSubScene and adding to GameScene
11:39:04.581 [JavaFX Application Thread] DEBUG PrimaryStageWindow   - GameScene <- DialogSubScene
11:39:04.581 [JavaFX Application Thread] DEBUG PrimaryStageWindow   - Push state: BluePlayerScene
11:39:04.582 [JavaFX Application Thread] DEBUG Input                - Clearing active input actions
11:39:04.582 [JavaFX Application Thread] DEBUG GameApplicationServi - Removing overlay from GameScene and adding to BluePlayerScene
11:39:04.582 [JavaFX Application Thread] DEBUG PrimaryStageWindow   - GameScene -> BluePlayerScene
11:39:04.582 [JavaFX Application Thread] DEBUG PrimaryStageWindow   - Pop state: BluePlayerScene
11:39:04.582 [JavaFX Application Thread] DEBUG Input                - Clearing active input actions
11:39:04.582 [JavaFX Application Thread] DEBUG GameApplicationServi - Removing overlay from BluePlayerScene and adding to GameScene
11:39:04.583 [JavaFX Application Thread] DEBUG PrimaryStageWindow   - GameScene <- BluePlayerScene
11:39:06.088 [JavaFX Application Thread] DEBUG PrimaryStageWindow   - Push state: DialogSubScene
11:39:06.088 [JavaFX Application Thread] DEBUG Input                - Clearing active input actions
11:39:06.088 [JavaFX Application Thread] DEBUG GameApplicationServi - Removing overlay from GameScene and adding to DialogSubScene
11:39:06.088 [JavaFX Application Thread] DEBUG PrimaryStageWindow   - GameScene -> DialogSubScene
11:39:06.746 [JavaFX Application Thread] DEBUG PrimaryStageWindow   - Pop state: DialogSubScene
11:39:06.746 [JavaFX Application Thread] DEBUG Input                - Clearing active input actions
11:39:06.746 [JavaFX Application Thread] DEBUG GameApplicationServi - Removing overlay from DialogSubScene and adding to GameScene
11:39:06.746 [JavaFX Application Thread] DEBUG PrimaryStageWindow   - GameScene <- DialogSubScene
11:39:06.746 [JavaFX Application Thread] DEBUG PrimaryStageWindow   - Push state: RedPlayerScene
11:39:06.747 [JavaFX Application Thread] DEBUG Input                - Clearing active input actions
11:39:06.747 [JavaFX Application Thread] DEBUG GameApplicationServi - Removing overlay from GameScene and adding to RedPlayerScene
11:39:06.747 [JavaFX Application Thread] DEBUG PrimaryStageWindow   - GameScene -> RedPlayerScene
11:39:06.747 [JavaFX Application Thread] DEBUG PrimaryStageWindow   - Pop state: RedPlayerScene
11:39:06.747 [JavaFX Application Thread] DEBUG Input                - Clearing active input actions
11:39:06.747 [JavaFX Application Thread] DEBUG GameApplicationServi - Removing overlay from RedPlayerScene and adding to GameScene
11:39:06.747 [JavaFX Application Thread] DEBUG PrimaryStageWindow   - GameScene <- RedPlayerScene
11:39:07.463 [JavaFX Application Thread] DEBUG FXGLAssetLoaderServi - Loading from file system: file:/D:/battleShip/battleShip_FXGL/target/classes/assets/sounds/explosion.wav
11:39:07.466 [JavaFX Application Thread] DEBUG PrimaryStageWindow   - Push state: DialogSubScene
11:39:07.466 [JavaFX Application Thread] DEBUG Input                - Clearing active input actions
11:39:07.466 [JavaFX Application Thread] DEBUG GameApplicationServi - Removing overlay from GameScene and adding to DialogSubScene
11:39:07.466 [JavaFX Application Thread] DEBUG PrimaryStageWindow   - GameScene -> DialogSubScene
11:39:08.224 [JavaFX Application Thread] DEBUG PrimaryStageWindow   - Pop state: DialogSubScene
11:39:08.224 [JavaFX Application Thread] DEBUG Input                - Clearing active input actions
11:39:08.224 [JavaFX Application Thread] DEBUG GameApplicationServi - Removing overlay from DialogSubScene and adding to GameScene
11:39:08.224 [JavaFX Application Thread] DEBUG PrimaryStageWindow   - GameScene <- DialogSubScene
11:39:09.000 [JavaFX Application Thread] DEBUG PrimaryStageWindow   - Push state: DialogSubScene
11:39:09.000 [JavaFX Application Thread] DEBUG Input                - Clearing active input actions
11:39:09.000 [JavaFX Application Thread] DEBUG GameApplicationServi - Removing overlay from GameScene and adding to DialogSubScene
11:39:09.000 [JavaFX Application Thread] DEBUG PrimaryStageWindow   - GameScene -> DialogSubScene
11:39:10.925 [JavaFX Application Thread] DEBUG PrimaryStageWindow   - Pop state: DialogSubScene
11:39:10.925 [JavaFX Application Thread] DEBUG Input                - Clearing active input actions
11:39:10.926 [JavaFX Application Thread] DEBUG GameApplicationServi - Removing overlay from DialogSubScene and adding to GameScene
11:39:10.926 [JavaFX Application Thread] DEBUG PrimaryStageWindow   - GameScene <- DialogSubScene
11:39:10.927 [JavaFX Application Thread] DEBUG GameApplicationServi - Starting new game
11:39:10.927 [JavaFX Application Thread] DEBUG Input                - Clearing active input actions
11:39:10.932 [JavaFX Application Thread] DEBUG GameApplicationServi - Removing overlay from GameScene and adding to FXGLLoadingScene
11:39:10.932 [JavaFX Application Thread] DEBUG PrimaryStageWindow   - GameScene -> FXGLLoadingScene
11:39:10.932 [JavaFX Application Thread] DEBUG GameApplicationServi - Clearing previous game
11:39:10.932 [JavaFX Application Thread] DEBUG GameScene            - Clearing game scene
11:39:10.932 [JavaFX Application Thread] DEBUG GameWorld            - Clearing game world
11:39:10.932 [JavaFX Application Thread] DEBUG PhysicsWorld         - Clearing physics world
11:39:10.933 [FXGL Background Thread 2 ] DEBUG FXGLApplication      - Initializing game
11:39:10.939 [FXGL Background Thread 2 ] INFO  FXGLApplication      - Game initialization took: 0.006 sec
11:39:10.939 [JavaFX Application Thread] DEBUG Input                - Clearing active input actions
11:39:10.943 [JavaFX Application Thread] DEBUG GameApplicationServi - Removing overlay from FXGLLoadingScene and adding to GameScene
11:39:10.943 [JavaFX Application Thread] DEBUG PrimaryStageWindow   - FXGLLoadingScene -> GameScene
11:39:10.945 [JavaFX Application Thread] DEBUG PrimaryStageWindow   - Push state: DialogSubScene
11:39:10.945 [JavaFX Application Thread] DEBUG Input                - Clearing active input actions
11:39:10.945 [JavaFX Application Thread] DEBUG GameApplicationServi - Removing overlay from GameScene and adding to DialogSubScene
11:39:10.945 [JavaFX Application Thread] DEBUG PrimaryStageWindow   - GameScene -> DialogSubScene
11:39:14.536 [JavaFX Application Thread] DEBUG PrimaryStageWindow   - Pop state: DialogSubScene
11:39:14.536 [JavaFX Application Thread] DEBUG Input                - Clearing active input actions
11:39:14.537 [JavaFX Application Thread] DEBUG GameApplicationServi - Removing overlay from DialogSubScene and adding to GameScene
11:39:14.537 [JavaFX Application Thread] DEBUG PrimaryStageWindow   - GameScene <- DialogSubScene
11:39:14.537 [JavaFX Application Thread] DEBUG PrimaryStageWindow   - Push state: BluePlayerScene
11:39:14.537 [JavaFX Application Thread] DEBUG Input                - Clearing active input actions
11:39:14.537 [JavaFX Application Thread] DEBUG GameApplicationServi - Removing overlay from GameScene and adding to BluePlayerScene
11:39:14.538 [JavaFX Application Thread] DEBUG PrimaryStageWindow   - GameScene -> BluePlayerScene
11:39:14.538 [JavaFX Application Thread] DEBUG PrimaryStageWindow   - Pop state: BluePlayerScene
11:39:14.538 [JavaFX Application Thread] DEBUG Input                - Clearing active input actions
11:39:14.538 [JavaFX Application Thread] DEBUG GameApplicationServi - Removing overlay from BluePlayerScene and adding to GameScene
11:39:14.538 [JavaFX Application Thread] DEBUG PrimaryStageWindow   - GameScene <- BluePlayerScene
11:39:15.217 [JavaFX Application Thread] DEBUG PrimaryStageWindow   - Push state: SimpleGameMenu
11:39:15.217 [JavaFX Application Thread] DEBUG Input                - Clearing active input actions
11:39:15.217 [JavaFX Application Thread] DEBUG GameApplicationServi - Removing overlay from GameScene and adding to SimpleGameMenu
11:39:15.217 [JavaFX Application Thread] DEBUG PrimaryStageWindow   - GameScene -> SimpleGameMenu
11:39:16.640 [JavaFX Application Thread] DEBUG Menu                 - fireExitToMainMenu()
11:39:16.641 [JavaFX Application Thread] DEBUG PrimaryStageWindow   - Push state: DialogSubScene
11:39:16.641 [JavaFX Application Thread] DEBUG Input                - Clearing active input actions
11:39:16.642 [JavaFX Application Thread] DEBUG GameApplicationServi - Removing overlay from SimpleGameMenu and adding to DialogSubScene
11:39:16.642 [JavaFX Application Thread] DEBUG PrimaryStageWindow   - SimpleGameMenu -> DialogSubScene
11:39:17.200 [JavaFX Application Thread] DEBUG PrimaryStageWindow   - Pop state: DialogSubScene
11:39:17.200 [JavaFX Application Thread] DEBUG Input                - Clearing active input actions
11:39:17.201 [JavaFX Application Thread] DEBUG GameApplicationServi - Removing overlay from DialogSubScene and adding to SimpleGameMenu
11:39:17.201 [JavaFX Application Thread] DEBUG PrimaryStageWindow   - SimpleGameMenu <- DialogSubScene
11:39:17.201 [JavaFX Application Thread] DEBUG PrimaryStageWindow   - Pop state: SimpleGameMenu
11:39:17.201 [JavaFX Application Thread] DEBUG Input                - Clearing active input actions
11:39:17.201 [JavaFX Application Thread] DEBUG GameApplicationServi - Removing overlay from SimpleGameMenu and adding to GameScene
11:39:17.201 [JavaFX Application Thread] DEBUG PrimaryStageWindow   - GameScene <- SimpleGameMenu
11:39:17.201 [JavaFX Application Thread] DEBUG Input                - Clearing active input actions
11:39:17.203 [JavaFX Application Thread] DEBUG GameApplicationServi - Removing overlay from GameScene and adding to FXGLMainMenuDummyScene
11:39:17.203 [JavaFX Application Thread] DEBUG PrimaryStageWindow   - GameScene -> FXGLMainMenuDummyScene
11:39:17.203 [JavaFX Application Thread] DEBUG PrimaryStageWindow   - Push state: BattleShipMainMenu
11:39:17.203 [JavaFX Application Thread] DEBUG Input                - Clearing active input actions
11:39:17.203 [JavaFX Application Thread] DEBUG GameApplicationServi - Removing overlay from FXGLMainMenuDummyScene and adding to BattleShipMainMenu
11:39:17.203 [JavaFX Application Thread] DEBUG PrimaryStageWindow   - FXGLMainMenuDummyScene -> BattleShipMainMenu
11:39:18.050 [JavaFX Application Thread] DEBUG Menu                 - fireExit()
11:39:18.050 [JavaFX Application Thread] DEBUG PrimaryStageWindow   - Push state: DialogSubScene
11:39:18.050 [JavaFX Application Thread] DEBUG Input                - Clearing active input actions
11:39:18.051 [JavaFX Application Thread] DEBUG GameApplicationServi - Removing overlay from BattleShipMainMenu and adding to DialogSubScene
11:39:18.051 [JavaFX Application Thread] DEBUG PrimaryStageWindow   - BattleShipMainMenu -> DialogSubScene
11:39:19.310 [JavaFX Application Thread] DEBUG PrimaryStageWindow   - Pop state: DialogSubScene
11:39:19.310 [JavaFX Application Thread] DEBUG Input                - Clearing active input actions
11:39:19.311 [JavaFX Application Thread] DEBUG GameApplicationServi - Removing overlay from DialogSubScene and adding to BattleShipMainMenu
11:39:19.311 [JavaFX Application Thread] DEBUG PrimaryStageWindow   - BattleShipMainMenu <- DialogSubScene
11:39:19.311 [JavaFX Application Thread] DEBUG FXGLApplication      - Exiting FXGL
11:39:19.311 [JavaFX Application Thread] DEBUG LoopRunner           - Stopping loop
11:39:19.311 [JavaFX Application Thread] DEBUG SystemBundleService  - Saving FXGL system data
11:39:19.312 [JavaFX Application Thread] DEBUG FileSystemAccess     - Writing to: D:\battleShip\battleShip_FXGL\system\fxgl.bundle
11:39:19.313 [JavaFX Application Thread] DEBUG Async                - Shutting down background threads
11:39:19.314 [JavaFX Application Thread] DEBUG PrimaryStageWindow   - Closing main window
11:39:19.333 [JavaFX Application Thread] DEBUG Logger               - Closing Logger
