11:11:39.486 [main                     ] DEBUG Logger               - Configured Logger
11:11:39.522 [main                     ] DEBUG GameApplication      - Logging settings
Title: BattleShip_FXGL
Version: 0.1
Width: 1920
Height: 1080
Fullscreen: true
Intro: false
Profiling: false
Single step:false
App Mode: DEVELOPER
Menu Key: ESCAPE
Stage Style: DECORATED
Scene Factory: class fi.utu.tech.gui.javafx.fxgl.BattleShipApp$1

11:11:39.957 [JavaFX Application Thread] DEBUG FXGLApplication      - Initializing FXGL
11:11:39.959 [JavaFX Application Thread] INFO  Engine               - FXGL-11.14 (01.03.2021 16.59) on WINDOWS (J:11.0.10 FX:15)
11:11:39.959 [JavaFX Application Thread] DEBUG Engine               - JRE Vendor Name: Amazon.com Inc.
11:11:39.959 [JavaFX Application Thread] DEBUG Engine               - Running on OS: Windows 10 version 10.0
11:11:39.959 [JavaFX Application Thread] DEBUG Engine               - Architecture: amd64
11:11:39.960 [JavaFX Application Thread] INFO  Engine               - Source code and latest versions at: https://github.com/AlmasB/FXGL
11:11:39.960 [JavaFX Application Thread] INFO  Engine               -              Join the FXGL chat at: https://gitter.im/AlmasB/FXGL
11:11:40.045 [JavaFX Application Thread] DEBUG PrimaryStageWindow   - Creating a JavaFX scene
11:11:40.098 [JavaFX Application Thread] DEBUG PrimaryStageWindow   - Target settings size: 1920.0 x 1080.0
11:11:40.099 [JavaFX Application Thread] DEBUG PrimaryStageWindow   - Scaled scene size:    1920.0 x 1080.0
11:11:40.099 [JavaFX Application Thread] DEBUG PrimaryStageWindow   - Scaled ratio: (1.0, 1.0)
11:11:40.099 [JavaFX Application Thread] DEBUG PrimaryStageWindow   - Set initial scene to FXGLStartupScene
11:11:40.104 [JavaFX Application Thread] DEBUG PrimaryStageWindow   - Opening main window
11:11:40.184 [JavaFX Application Thread] DEBUG PrimaryStageWindow   - Window border size: (16.0, 39.0)
11:11:40.184 [JavaFX Application Thread] DEBUG PrimaryStageWindow   - Scaled size: 1920.0 x 1080.0
11:11:40.184 [JavaFX Application Thread] DEBUG PrimaryStageWindow   - Scaled ratio: (1.0, 1.0)
11:11:40.184 [JavaFX Application Thread] DEBUG PrimaryStageWindow   - Scene size: 1920.0 x 1080.0
11:11:40.185 [JavaFX Application Thread] DEBUG PrimaryStageWindow   - Stage size: 1936.0 x 1119.0
11:11:40.243 [JavaFX Application Thread] DEBUG PrimaryStageWindow   - Going fullscreen
11:11:40.250 [FXGL Background Thread 1 ] DEBUG Engine               - Initializing environment variables
11:11:40.282 [FXGL Background Thread 1 ] DEBUG FXGLAssetLoaderServi - User app class for loading assets: class fi.utu.tech.gui.javafx.fxgl.BattleShipApp
11:11:40.282 [FXGL Background Thread 1 ] DEBUG GameApplicationServi - Applying CSS: fxgl_dark.css
11:11:40.282 [FXGL Background Thread 1 ] DEBUG FXGLAssetLoaderServi - Loading from file system: jar:file:///C:/Users/box69/.m2/repository/com/github/almasb/fxgl/11.14/fxgl-11.14.jar!/fxglassets/ui/css/fxgl_dark.css
11:11:40.323 [FXGL Background Thread 1 ] DEBUG GameApplicationServi - Initializing application scenes
11:11:40.402 [FXGL Background Thread 1 ] DEBUG GameWorld            - Game world initialized
11:11:40.452 [FXGL Background Thread 1 ] DEBUG PhysicsWorld         - Physics world initialized: appHeight=1080, physics.ppm=50.0
11:11:40.453 [FXGL Background Thread 1 ] DEBUG PhysicsWorld         - Using strategy: BRUTE_FORCE
11:11:40.454 [FXGL Background Thread 1 ] DEBUG GameScene            - Game scene initialized: 1920x1080
11:11:40.459 [FXGL Background Thread 1 ] DEBUG FXGLAssetLoaderServi - Loading from file system: file:/D:/battleShip/battleShip_FXGL/target/classes/assets/textures/Nebula_Red.png
11:11:40.665 [FXGL Background Thread 1 ] DEBUG FXGLAssetLoaderServi - Loading from file system: jar:file:///C:/Users/box69/.m2/repository/com/github/almasb/fxgl/11.14/fxgl-11.14.jar!/fxglassets/textures/pause_menu_bg.png
11:11:40.706 [FXGL Background Thread 1 ] DEBUG GameApplicationServi - Application scenes initialized
11:11:40.717 [FXGL Background Thread 1 ] DEBUG SystemBundleService  - Loading FXGL system data
11:11:40.721 [FXGL Background Thread 1 ] DEBUG FileSystemAccess     - Reading from: D:\battleShip\battleShip_FXGL\system\fxgl.bundle
11:11:40.726 [FXGL Background Thread 1 ] DEBUG SystemBundleService  - Bundle FXGL: {}
11:11:40.726 [FXGL Background Thread 1 ] DEBUG UpdaterService       - Checking for updates
11:11:40.730 [FXGL Background Thread 4 ] DEBUG FXGLApplication      - Loading fonts
11:11:40.731 [FXGL Background Thread 1 ] DEBUG FXGLApplication      - Loading default localization
11:11:40.731 [FXGL Background Thread 4 ] DEBUG FXGLAssetLoaderServi - Loading from file system: jar:file:///C:/Users/box69/.m2/repository/com/github/almasb/fxgl/11.14/fxgl-11.14.jar!/fxglassets/ui/fonts/VarelaRound-Regular.ttf
11:11:40.732 [FXGL Background Thread 1 ] DEBUG FXGLAssetLoaderServi - Loading from file system: jar:file:///C:/Users/box69/.m2/repository/com/github/almasb/fxgl/11.14/fxgl-11.14.jar!/fxglassets/languages/english.lang
11:11:40.750 [FXGL Background Thread 1 ] INFO  FXGLApplication      - FXGL initialization took: 0.500 sec
11:11:40.764 [JavaFX Application Thread] DEBUG Input                - Registered new binding: Change Scene - Space
11:11:40.765 [JavaFX Application Thread] DEBUG Input                - Registered new binding: action0 - R
11:11:40.766 [JavaFX Application Thread] DEBUG Input                - Registered new binding: Deploy - RMB
11:11:40.766 [JavaFX Application Thread] DEBUG Input                - Registered new binding: Attack - LMB
11:11:40.766 [JavaFX Application Thread] DEBUG FXGLAssetLoaderServi - Loading from file system: file:/D:/battleShip/battleShip_FXGL/target/classes/assets/music/CrashedShip.mp3
11:11:40.957 [JavaFX Application Thread] DEBUG AudioPlayer          - Playing music com.almasb.fxgl.audio.Music@4fede9ae
11:11:40.966 [JavaFX Application Thread] DEBUG FXGLAssetLoaderServi - Loading from file system: jar:file:///C:/Users/box69/.m2/repository/com/github/almasb/fxgl/11.14/fxgl-11.14.jar!/fxglassets/textures/fxgl_icon.png
11:11:40.987 [JavaFX Application Thread] DEBUG FXGLAssetLoaderServi - Loading from file system: jar:file:///C:/Users/box69/.m2/repository/com/github/almasb/fxgl/11.14/fxgl-11.14.jar!/fxglassets/ui/cursors/fxgl_default.png
11:11:40.991 [JavaFX Application Thread] DEBUG Input                - Registered new binding: Screenshot - P
11:11:40.992 [JavaFX Application Thread] DEBUG Input                - Registered new binding: System info dump - CTRL+9
11:11:40.992 [JavaFX Application Thread] DEBUG Input                - Registered new binding: Restart - CTRL+R
11:11:40.993 [JavaFX Application Thread] DEBUG Input                - Registered new binding: Toggle Debug Camera - CTRL+C
11:11:40.995 [JavaFX Application Thread] DEBUG LoopRunner           - Starting loop
11:11:40.995 [JavaFX Application Thread] DEBUG LoopRunner           - Initializing JavaFX AnimationTimerLoop
11:11:40.998 [JavaFX Application Thread] DEBUG Input                - Clearing active input actions
11:11:41.006 [JavaFX Application Thread] DEBUG GameApplicationServi - Removing overlay from FXGLStartupScene and adding to FXGLMainMenuDummyScene
11:11:41.006 [JavaFX Application Thread] DEBUG PrimaryStageWindow   - FXGLStartupScene -> FXGLMainMenuDummyScene
11:11:41.006 [JavaFX Application Thread] DEBUG PrimaryStageWindow   - Push state: BattleShipMainMenu
11:11:41.006 [JavaFX Application Thread] DEBUG Input                - Clearing active input actions
11:11:41.009 [JavaFX Application Thread] DEBUG GameApplicationServi - Removing overlay from FXGLMainMenuDummyScene and adding to BattleShipMainMenu
11:11:41.010 [JavaFX Application Thread] DEBUG PrimaryStageWindow   - FXGLMainMenuDummyScene -> BattleShipMainMenu
11:11:41.278 [FXGL Background Thread 4 ] DEBUG FXGLAssetLoaderServi - Loading from file system: jar:file:///C:/Users/box69/.m2/repository/com/github/almasb/fxgl/11.14/fxgl-11.14.jar!/fxglassets/ui/fonts/Abel-Regular.ttf
11:11:41.281 [FXGL Background Thread 4 ] DEBUG FXGLAssetLoaderServi - Loading from file system: jar:file:///C:/Users/box69/.m2/repository/com/github/almasb/fxgl/11.14/fxgl-11.14.jar!/fxglassets/ui/fonts/lucida_console.ttf
11:11:41.284 [FXGL Background Thread 4 ] DEBUG FXGLAssetLoaderServi - Loading from file system: jar:file:///C:/Users/box69/.m2/repository/com/github/almasb/fxgl/11.14/fxgl-11.14.jar!/fxglassets/ui/fonts/Courier-Prime.ttf
11:11:41.288 [JavaFX Application Thread] DEBUG FXGLApplication      - Registering font factories with UI factory
11:11:41.779 [JavaFX Application Thread] DEBUG PrimaryStageWindow   - Push state: DialogSubScene
11:11:41.779 [JavaFX Application Thread] DEBUG Input                - Clearing active input actions
11:11:41.782 [JavaFX Application Thread] DEBUG GameApplicationServi - Removing overlay from BattleShipMainMenu and adding to DialogSubScene
11:11:41.782 [JavaFX Application Thread] DEBUG PrimaryStageWindow   - BattleShipMainMenu -> DialogSubScene
11:11:43.729 [FXGL Background Thread 3 ] DEBUG Engine               - Logging environment variables
11:11:43.730 [FXGL Background Thread 3 ] DEBUG Engine               - achievements: []
11:11:43.730 [FXGL Background Thread 3 ] DEBUG Engine               - actualHeight: 1080.0
11:11:43.730 [FXGL Background Thread 3 ] DEBUG Engine               - actualHeightProperty: ReadOnlyDoubleProperty [value: 1080.0]
11:11:43.730 [FXGL Background Thread 3 ] DEBUG Engine               - actualWidth: 1920.0
11:11:43.730 [FXGL Background Thread 3 ] DEBUG Engine               - actualWidthProperty: ReadOnlyDoubleProperty [value: 1920.0]
11:11:43.730 [FXGL Background Thread 3 ] DEBUG Engine               - appIcon: fxgl_icon.png
11:11:43.731 [FXGL Background Thread 3 ] DEBUG Engine               - applicationMode: DEVELOPER
11:11:43.731 [FXGL Background Thread 3 ] DEBUG Engine               - cSSList: [fxgl_dark.css]
11:11:43.731 [FXGL Background Thread 3 ] DEBUG Engine               - collisionDetectionStrategy: BRUTE_FORCE
11:11:43.731 [FXGL Background Thread 3 ] DEBUG Engine               - configClass: Optional.empty
11:11:43.731 [FXGL Background Thread 3 ] DEBUG Engine               - credits: []
11:11:43.731 [FXGL Background Thread 3 ] DEBUG Engine               - devBBoxColorProperty: ObjectProperty [value: 0xff0000ff]
11:11:43.731 [FXGL Background Thread 3 ] DEBUG Engine               - devEnableDebugCameraProperty: BooleanProperty [value: false]
11:11:43.731 [FXGL Background Thread 3 ] DEBUG Engine               - devSensorColorProperty: ObjectProperty [value: 0xffff00ff]
11:11:43.731 [FXGL Background Thread 3 ] DEBUG Engine               - devShowBBoxProperty: BooleanProperty [value: false]
11:11:43.731 [FXGL Background Thread 3 ] DEBUG Engine               - devShowPositionProperty: BooleanProperty [value: false]
11:11:43.731 [FXGL Background Thread 3 ] DEBUG Engine               - enabledMenuItems: []
11:11:43.732 [FXGL Background Thread 3 ] DEBUG Engine               - engineServices: [class com.almasb.fxgl.app.services.FXGLAssetLoaderService, class com.almasb.fxgl.app.FXGLApplication$GameApplicationService, class com.almasb.fxgl.app.services.FXGLDialogService, class com.almasb.fxgl.app.services.IOTaskExecutorService, class com.almasb.fxgl.event.EventBusService, class com.almasb.fxgl.io.FileSystemService, class com.almasb.fxgl.localization.LocalizationService, class com.almasb.fxgl.app.services.SystemBundleService, class com.almasb.fxgl.profile.SaveLoadService, class com.almasb.fxgl.ui.FXGLUIFactoryServiceProvider, class com.almasb.fxgl.ui.FXGLDialogFactoryServiceProvider, class com.almasb.fxgl.audio.AudioPlayer, class com.almasb.fxgl.notification.impl.NotificationServiceProvider, class com.almasb.fxgl.achievement.AchievementService, class com.almasb.fxgl.cutscene.CutsceneService, class com.almasb.fxgl.minigames.MiniGameService, class com.almasb.fxgl.net.NetService, class com.almasb.fxgl.app.services.UpdaterService, class com.almasb.fxgl.dev.DevService]
11:11:43.732 [FXGL Background Thread 3 ] DEBUG Engine               - fontGame: Abel-Regular.ttf
11:11:43.732 [FXGL Background Thread 3 ] DEBUG Engine               - fontMono: lucida_console.ttf
11:11:43.732 [FXGL Background Thread 3 ] DEBUG Engine               - fontText: Courier-Prime.ttf
11:11:43.732 [FXGL Background Thread 3 ] DEBUG Engine               - fontUI: VarelaRound-Regular.ttf
11:11:43.732 [FXGL Background Thread 3 ] DEBUG Engine               - fullScreen: BooleanProperty [value: true]
11:11:43.732 [FXGL Background Thread 3 ] DEBUG Engine               - gameDifficulty: MEDIUM
11:11:43.732 [FXGL Background Thread 3 ] DEBUG Engine               - gameDifficultyProperty: ObjectProperty [value: MEDIUM]
11:11:43.732 [FXGL Background Thread 3 ] DEBUG Engine               - globalMusicVolume: 0.5
11:11:43.732 [FXGL Background Thread 3 ] DEBUG Engine               - globalMusicVolumeProperty: DoubleProperty [value: 0.2]
11:11:43.732 [FXGL Background Thread 3 ] DEBUG Engine               - globalSoundVolume: 0.5
11:11:43.732 [FXGL Background Thread 3 ] DEBUG Engine               - globalSoundVolumeProperty: DoubleProperty [value: 0.5]
11:11:43.732 [FXGL Background Thread 3 ] DEBUG Engine               - height: 1080
11:11:43.733 [FXGL Background Thread 3 ] DEBUG Engine               - isAndroid: false
11:11:43.733 [FXGL Background Thread 3 ] DEBUG Engine               - isBrowser: false
11:11:43.733 [FXGL Background Thread 3 ] DEBUG Engine               - isClickFeedbackEnabled: false
11:11:43.733 [FXGL Background Thread 3 ] DEBUG Engine               - isCloseConfirmation: false
11:11:43.733 [FXGL Background Thread 3 ] DEBUG Engine               - isDesktop: true
11:11:43.733 [FXGL Background Thread 3 ] DEBUG Engine               - isDeveloperMenuEnabled: false
11:11:43.733 [FXGL Background Thread 3 ] DEBUG Engine               - isEntityPreloadEnabled: true
11:11:43.733 [FXGL Background Thread 3 ] DEBUG Engine               - isExperimental3D: false
11:11:43.733 [FXGL Background Thread 3 ] DEBUG Engine               - isExperimentalNative: false
11:11:43.733 [FXGL Background Thread 3 ] DEBUG Engine               - isExperimentalTiledLargeMap: false
11:11:43.733 [FXGL Background Thread 3 ] DEBUG Engine               - isFileSystemWriteAllowed: true
11:11:43.733 [FXGL Background Thread 3 ] DEBUG Engine               - isFullScreenAllowed: true
11:11:43.733 [FXGL Background Thread 3 ] DEBUG Engine               - isFullScreenFromStart: true
11:11:43.733 [FXGL Background Thread 3 ] DEBUG Engine               - isGameMenuEnabled: true
11:11:43.733 [FXGL Background Thread 3 ] DEBUG Engine               - isIOS: false
11:11:43.733 [FXGL Background Thread 3 ] DEBUG Engine               - isIntroEnabled: false
11:11:43.734 [FXGL Background Thread 3 ] DEBUG Engine               - isLinux: false
11:11:43.734 [FXGL Background Thread 3 ] DEBUG Engine               - isMac: false
11:11:43.734 [FXGL Background Thread 3 ] DEBUG Engine               - isMainMenuEnabled: true
11:11:43.734 [FXGL Background Thread 3 ] DEBUG Engine               - isManualResizeEnabled: false
11:11:43.734 [FXGL Background Thread 3 ] DEBUG Engine               - isMobile: false
11:11:43.734 [FXGL Background Thread 3 ] DEBUG Engine               - isPreserveResizeRatio: false
11:11:43.734 [FXGL Background Thread 3 ] DEBUG Engine               - isProfilingEnabled: false
11:11:43.734 [FXGL Background Thread 3 ] DEBUG Engine               - isScaleAffectedOnResize: true
11:11:43.734 [FXGL Background Thread 3 ] DEBUG Engine               - isSingleStep: false
11:11:43.734 [FXGL Background Thread 3 ] DEBUG Engine               - isUserProfileEnabled: false
11:11:43.734 [FXGL Background Thread 3 ] DEBUG Engine               - isWindows: true
11:11:43.734 [FXGL Background Thread 3 ] DEBUG Engine               - language: ObjectProperty [value: ENGLISH]
11:11:43.735 [FXGL Background Thread 3 ] DEBUG Engine               - menuKey: ESCAPE
11:11:43.735 [FXGL Background Thread 3 ] DEBUG Engine               - notificationViewClass: class com.almasb.fxgl.notification.view.XboxNotificationView
11:11:43.735 [FXGL Background Thread 3 ] DEBUG Engine               - pixelsPerMeter: 50.0
11:11:43.735 [FXGL Background Thread 3 ] DEBUG Engine               - platform: WINDOWS
11:11:43.735 [FXGL Background Thread 3 ] DEBUG Engine               - prefHeightProperty: ReadOnlyDoubleProperty [value: 1080.0]
11:11:43.735 [FXGL Background Thread 3 ] DEBUG Engine               - prefWidthProperty: ReadOnlyDoubleProperty [value: 1920.0]
11:11:43.735 [FXGL Background Thread 3 ] DEBUG Engine               - profileDir: profiles/
11:11:43.735 [FXGL Background Thread 3 ] DEBUG Engine               - profileName: StringProperty [value: DEFAULT]
11:11:43.735 [FXGL Background Thread 3 ] DEBUG Engine               - randomSeed: -1
11:11:43.735 [FXGL Background Thread 3 ] DEBUG Engine               - runtimeInfo: RuntimeInfo(platform=WINDOWS, version=11.14, build=01.03.2021 16.59)
11:11:43.735 [FXGL Background Thread 3 ] DEBUG Engine               - saveFileExt: sav
11:11:43.736 [FXGL Background Thread 3 ] DEBUG Engine               - scaledHeightProp$fxgl: DoubleProperty [bound, value: 1080.0]
11:11:43.736 [FXGL Background Thread 3 ] DEBUG Engine               - scaledWidthProp$fxgl: DoubleProperty [bound, value: 1920.0]
11:11:43.736 [FXGL Background Thread 3 ] DEBUG Engine               - sceneFactory: fi.utu.tech.gui.javafx.fxgl.BattleShipApp$1@5344a603
11:11:43.736 [FXGL Background Thread 3 ] DEBUG Engine               - secondsIn24h: 60
11:11:43.736 [FXGL Background Thread 3 ] DEBUG Engine               - soundMenuBack: menu/back.wav
11:11:43.736 [FXGL Background Thread 3 ] DEBUG Engine               - soundMenuPress: menu/press.wav
11:11:43.736 [FXGL Background Thread 3 ] DEBUG Engine               - soundMenuSelect: menu/select.wav
11:11:43.736 [FXGL Background Thread 3 ] DEBUG Engine               - soundNotification: core/notification.wav
11:11:43.736 [FXGL Background Thread 3 ] DEBUG Engine               - stageStyle: DECORATED
11:11:43.736 [FXGL Background Thread 3 ] DEBUG Engine               - supportedLanguages: [ENGLISH, FRENCH, GERMAN, HUNGARIAN, RUSSIAN]
11:11:43.736 [FXGL Background Thread 3 ] DEBUG Engine               - ticksPerSecond: -1
11:11:43.736 [FXGL Background Thread 3 ] DEBUG Engine               - title: BattleShip_FXGL
11:11:43.736 [FXGL Background Thread 3 ] DEBUG Engine               - urlGithub: https://github.com/AlmasB/FXGL
11:11:43.737 [FXGL Background Thread 3 ] DEBUG Engine               - urlLeaderboard: http://fxgl-top.herokuapp.com/
11:11:43.737 [FXGL Background Thread 3 ] DEBUG Engine               - urlPOM: https://raw.githubusercontent.com/AlmasB/FXGL/release/README.md
11:11:43.737 [FXGL Background Thread 3 ] DEBUG Engine               - userAppClass: class fi.utu.tech.gui.javafx.fxgl.BattleShipApp
11:11:43.737 [FXGL Background Thread 3 ] DEBUG Engine               - version: 0.1
11:11:43.737 [FXGL Background Thread 3 ] DEBUG Engine               - versionCheckDays: 7
11:11:43.737 [FXGL Background Thread 3 ] DEBUG Engine               - width: 1920
11:11:43.737 [FXGL Background Thread 3 ] DEBUG Engine               - Logging services
11:11:43.737 [FXGL Background Thread 3 ] DEBUG Engine               - class com.almasb.fxgl.app.services.FXGLAssetLoaderService
11:11:43.737 [FXGL Background Thread 3 ] DEBUG Engine               - class com.almasb.fxgl.app.FXGLApplication$GameApplicationService
11:11:43.737 [FXGL Background Thread 3 ] DEBUG Engine               - class com.almasb.fxgl.app.services.FXGLDialogService
11:11:43.737 [FXGL Background Thread 3 ] DEBUG Engine               - class com.almasb.fxgl.app.services.IOTaskExecutorService
11:11:43.737 [FXGL Background Thread 3 ] DEBUG Engine               - class com.almasb.fxgl.event.EventBusService
11:11:43.737 [FXGL Background Thread 3 ] DEBUG Engine               - class com.almasb.fxgl.io.FileSystemService
11:11:43.737 [FXGL Background Thread 3 ] DEBUG Engine               - class com.almasb.fxgl.localization.LocalizationService
11:11:43.737 [FXGL Background Thread 3 ] DEBUG Engine               - class com.almasb.fxgl.app.services.SystemBundleService
11:11:43.737 [FXGL Background Thread 3 ] DEBUG Engine               - class com.almasb.fxgl.profile.SaveLoadService
11:11:43.737 [FXGL Background Thread 3 ] DEBUG Engine               - class com.almasb.fxgl.ui.FXGLUIFactoryServiceProvider
11:11:43.737 [FXGL Background Thread 3 ] DEBUG Engine               - class com.almasb.fxgl.ui.FXGLDialogFactoryServiceProvider
11:11:43.738 [FXGL Background Thread 3 ] DEBUG Engine               - class com.almasb.fxgl.audio.AudioPlayer
11:11:43.738 [FXGL Background Thread 3 ] DEBUG Engine               - class com.almasb.fxgl.notification.impl.NotificationServiceProvider
11:11:43.738 [FXGL Background Thread 3 ] DEBUG Engine               - class com.almasb.fxgl.achievement.AchievementService
11:11:43.738 [FXGL Background Thread 3 ] DEBUG Engine               - class com.almasb.fxgl.cutscene.CutsceneService
11:11:43.738 [FXGL Background Thread 3 ] DEBUG Engine               - class com.almasb.fxgl.minigames.MiniGameService
11:11:43.738 [FXGL Background Thread 3 ] DEBUG Engine               - class com.almasb.fxgl.net.NetService
11:11:43.738 [FXGL Background Thread 3 ] DEBUG Engine               - class com.almasb.fxgl.app.services.UpdaterService
11:11:43.738 [FXGL Background Thread 3 ] DEBUG Engine               - class com.almasb.fxgl.dev.DevService
11:11:49.287 [JavaFX Application Thread] DEBUG PrimaryStageWindow   - Pop state: DialogSubScene
11:11:49.287 [JavaFX Application Thread] DEBUG Input                - Clearing active input actions
11:11:49.288 [JavaFX Application Thread] DEBUG GameApplicationServi - Removing overlay from DialogSubScene and adding to BattleShipMainMenu
11:11:49.288 [JavaFX Application Thread] DEBUG PrimaryStageWindow   - BattleShipMainMenu <- DialogSubScene
11:11:50.093 [JavaFX Application Thread] DEBUG Menu                 - fireNewGame()
11:11:50.093 [JavaFX Application Thread] DEBUG GameApplicationServi - Starting new game
11:11:50.093 [JavaFX Application Thread] DEBUG PrimaryStageWindow   - Pop state: BattleShipMainMenu
11:11:50.093 [JavaFX Application Thread] DEBUG Input                - Clearing active input actions
11:11:50.093 [JavaFX Application Thread] DEBUG GameApplicationServi - Removing overlay from BattleShipMainMenu and adding to FXGLMainMenuDummyScene
11:11:50.093 [JavaFX Application Thread] DEBUG PrimaryStageWindow   - FXGLMainMenuDummyScene <- BattleShipMainMenu
11:11:50.093 [JavaFX Application Thread] DEBUG Input                - Clearing active input actions
11:11:50.101 [JavaFX Application Thread] DEBUG GameApplicationServi - Removing overlay from FXGLMainMenuDummyScene and adding to FXGLLoadingScene
11:11:50.101 [JavaFX Application Thread] DEBUG PrimaryStageWindow   - FXGLMainMenuDummyScene -> FXGLLoadingScene
11:11:50.101 [JavaFX Application Thread] DEBUG GameApplicationServi - Clearing previous game
11:11:50.101 [JavaFX Application Thread] DEBUG GameScene            - Clearing game scene
11:11:50.101 [JavaFX Application Thread] DEBUG GameWorld            - Clearing game world
11:11:50.102 [JavaFX Application Thread] DEBUG PhysicsWorld         - Clearing physics world
11:11:50.102 [FXGL Background Thread 2 ] DEBUG FXGLApplication      - Initializing game
11:11:50.108 [FXGL Background Thread 2 ] DEBUG FXGLAssetLoaderServi - Loading from file system: file:/D:/battleShip/battleShip_FXGL/target/classes/assets/textures/bg.jpg
11:11:50.139 [FXGL Background Thread 2 ] DEBUG FXGLAssetLoaderServi - Loading from file system: file:/D:/battleShip/battleShip_FXGL/target/classes/assets/textures/ShipContainer.png
11:11:50.143 [FXGL Background Thread 2 ] DEBUG FXGLAssetLoaderServi - Loading from file system: file:/D:/battleShip/battleShip_FXGL/target/classes/assets/textures/ships/ship_b_5_h.png
11:11:50.157 [FXGL Background Thread 2 ] DEBUG FXGLAssetLoaderServi - Loading from file system: file:/D:/battleShip/battleShip_FXGL/target/classes/assets/textures/ships/ship_r_5_h.png
11:11:50.160 [FXGL Background Thread 2 ] DEBUG FXGLAssetLoaderServi - Loading from file system: file:/D:/battleShip/battleShip_FXGL/target/classes/assets/textures/ships/ship_b_4_h.png
11:11:50.164 [FXGL Background Thread 2 ] DEBUG FXGLAssetLoaderServi - Loading from file system: file:/D:/battleShip/battleShip_FXGL/target/classes/assets/textures/ships/ship_r_4_h.png
11:11:50.167 [FXGL Background Thread 2 ] DEBUG FXGLAssetLoaderServi - Loading from file system: file:/D:/battleShip/battleShip_FXGL/target/classes/assets/textures/ships/ship_b_3_2_h.png
11:11:50.170 [FXGL Background Thread 2 ] DEBUG FXGLAssetLoaderServi - Loading from file system: file:/D:/battleShip/battleShip_FXGL/target/classes/assets/textures/ships/ship_r_3_2_h.png
11:11:50.172 [FXGL Background Thread 2 ] DEBUG FXGLAssetLoaderServi - Loading from file system: file:/D:/battleShip/battleShip_FXGL/target/classes/assets/textures/ships/ship_b_3_1_h.png
11:11:50.175 [FXGL Background Thread 2 ] DEBUG FXGLAssetLoaderServi - Loading from file system: file:/D:/battleShip/battleShip_FXGL/target/classes/assets/textures/ships/ship_r_3_1_h.png
11:11:50.178 [FXGL Background Thread 2 ] DEBUG FXGLAssetLoaderServi - Loading from file system: file:/D:/battleShip/battleShip_FXGL/target/classes/assets/textures/ships/ship_b_2_h.png
11:11:50.180 [FXGL Background Thread 2 ] DEBUG FXGLAssetLoaderServi - Loading from file system: file:/D:/battleShip/battleShip_FXGL/target/classes/assets/textures/ships/ship_r_2_h.png
11:11:50.183 [FXGL Background Thread 2 ] DEBUG FXGLAssetLoaderServi - Loading from file system: file:/D:/battleShip/battleShip_FXGL/target/classes/assets/textures/Tile.png
11:11:50.204 [FXGL Background Thread 2 ] INFO  FXGLApplication      - Game initialization took: 0.101 sec
11:11:50.209 [JavaFX Application Thread] DEBUG Input                - Clearing active input actions
11:11:50.216 [JavaFX Application Thread] DEBUG GameApplicationServi - Removing overlay from FXGLLoadingScene and adding to GameScene
11:11:50.216 [JavaFX Application Thread] DEBUG PrimaryStageWindow   - FXGLLoadingScene -> GameScene
11:11:50.224 [JavaFX Application Thread] DEBUG FXGLAssetLoaderServi - Loading from file system: file:/D:/battleShip/battleShip_FXGL/target/classes/assets/textures/bg2.jpg
11:11:50.257 [JavaFX Application Thread] DEBUG PrimaryStageWindow   - Push state: DialogSubScene
11:11:50.257 [JavaFX Application Thread] DEBUG Input                - Clearing active input actions
11:11:50.258 [JavaFX Application Thread] DEBUG GameApplicationServi - Removing overlay from GameScene and adding to DialogSubScene
11:11:50.258 [JavaFX Application Thread] DEBUG PrimaryStageWindow   - GameScene -> DialogSubScene
11:11:52.087 [JavaFX Application Thread] DEBUG PrimaryStageWindow   - Pop state: DialogSubScene
11:11:52.087 [JavaFX Application Thread] DEBUG Input                - Clearing active input actions
11:11:52.087 [JavaFX Application Thread] DEBUG GameApplicationServi - Removing overlay from DialogSubScene and adding to GameScene
11:11:52.087 [JavaFX Application Thread] DEBUG PrimaryStageWindow   - GameScene <- DialogSubScene
11:11:52.087 [JavaFX Application Thread] DEBUG PrimaryStageWindow   - Push state: BluePlayerDeployScene
11:11:52.088 [JavaFX Application Thread] DEBUG Input                - Clearing active input actions
11:11:52.088 [JavaFX Application Thread] DEBUG GameApplicationServi - Removing overlay from GameScene and adding to BluePlayerDeployScene
11:11:52.088 [JavaFX Application Thread] DEBUG PrimaryStageWindow   - GameScene -> BluePlayerDeployScene
11:11:52.088 [JavaFX Application Thread] DEBUG PrimaryStageWindow   - Pop state: BluePlayerDeployScene
11:11:52.088 [JavaFX Application Thread] DEBUG Input                - Clearing active input actions
11:11:52.088 [JavaFX Application Thread] DEBUG GameApplicationServi - Removing overlay from BluePlayerDeployScene and adding to GameScene
11:11:52.088 [JavaFX Application Thread] DEBUG PrimaryStageWindow   - GameScene <- BluePlayerDeployScene
11:12:00.662 [JavaFX Application Thread] DEBUG PrimaryStageWindow   - Push state: DialogSubScene
11:12:00.662 [JavaFX Application Thread] DEBUG Input                - Clearing active input actions
11:12:00.662 [JavaFX Application Thread] DEBUG GameApplicationServi - Removing overlay from GameScene and adding to DialogSubScene
11:12:00.662 [JavaFX Application Thread] DEBUG PrimaryStageWindow   - GameScene -> DialogSubScene
11:12:01.169 [JavaFX Application Thread] DEBUG PrimaryStageWindow   - Pop state: DialogSubScene
11:12:01.169 [JavaFX Application Thread] DEBUG Input                - Clearing active input actions
11:12:01.169 [JavaFX Application Thread] DEBUG GameApplicationServi - Removing overlay from DialogSubScene and adding to GameScene
11:12:01.169 [JavaFX Application Thread] DEBUG PrimaryStageWindow   - GameScene <- DialogSubScene
11:12:01.169 [JavaFX Application Thread] DEBUG PrimaryStageWindow   - Push state: RedPlayerDeployScene
11:12:01.170 [JavaFX Application Thread] DEBUG Input                - Clearing active input actions
11:12:01.170 [JavaFX Application Thread] DEBUG GameApplicationServi - Removing overlay from GameScene and adding to RedPlayerDeployScene
11:12:01.170 [JavaFX Application Thread] DEBUG PrimaryStageWindow   - GameScene -> RedPlayerDeployScene
11:12:01.170 [JavaFX Application Thread] DEBUG PrimaryStageWindow   - Pop state: RedPlayerDeployScene
11:12:01.170 [JavaFX Application Thread] DEBUG Input                - Clearing active input actions
11:12:01.170 [JavaFX Application Thread] DEBUG GameApplicationServi - Removing overlay from RedPlayerDeployScene and adding to GameScene
11:12:01.170 [JavaFX Application Thread] DEBUG PrimaryStageWindow   - GameScene <- RedPlayerDeployScene
11:12:07.492 [JavaFX Application Thread] DEBUG PrimaryStageWindow   - Push state: DialogSubScene
11:12:07.492 [JavaFX Application Thread] DEBUG Input                - Clearing active input actions
11:12:07.492 [JavaFX Application Thread] DEBUG GameApplicationServi - Removing overlay from GameScene and adding to DialogSubScene
11:12:07.492 [JavaFX Application Thread] DEBUG PrimaryStageWindow   - GameScene -> DialogSubScene
11:12:08.057 [JavaFX Application Thread] DEBUG PrimaryStageWindow   - Pop state: DialogSubScene
11:12:08.058 [JavaFX Application Thread] DEBUG Input                - Clearing active input actions
11:12:08.058 [JavaFX Application Thread] DEBUG GameApplicationServi - Removing overlay from DialogSubScene and adding to GameScene
11:12:08.058 [JavaFX Application Thread] DEBUG PrimaryStageWindow   - GameScene <- DialogSubScene
11:12:08.058 [JavaFX Application Thread] DEBUG PrimaryStageWindow   - Push state: RedPlayerScene
11:12:08.061 [JavaFX Application Thread] DEBUG Input                - Clearing active input actions
11:12:08.061 [JavaFX Application Thread] DEBUG GameApplicationServi - Removing overlay from GameScene and adding to RedPlayerScene
11:12:08.061 [JavaFX Application Thread] DEBUG PrimaryStageWindow   - GameScene -> RedPlayerScene
11:12:08.061 [JavaFX Application Thread] DEBUG PrimaryStageWindow   - Pop state: RedPlayerScene
11:12:08.061 [JavaFX Application Thread] DEBUG Input                - Clearing active input actions
11:12:08.061 [JavaFX Application Thread] DEBUG GameApplicationServi - Removing overlay from RedPlayerScene and adding to GameScene
11:12:08.061 [JavaFX Application Thread] DEBUG PrimaryStageWindow   - GameScene <- RedPlayerScene
11:12:09.143 [JavaFX Application Thread] DEBUG FXGLAssetLoaderServi - Loading from file system: file:/D:/battleShip/battleShip_FXGL/target/classes/assets/sounds/shot.wav
11:12:09.149 [JavaFX Application Thread] DEBUG FXGLAssetLoaderServi - Loading from file system: file:/D:/battleShip/battleShip_FXGL/target/classes/assets/textures/Player1.png
11:12:09.512 [JavaFX Application Thread] DEBUG FXGLAssetLoaderServi - Loading from file system: file:/D:/battleShip/battleShip_FXGL/target/classes/assets/textures/Player1Hit.png
11:12:09.513 [JavaFX Application Thread] DEBUG FXGLAssetLoaderServi - Loading from file system: file:/D:/battleShip/battleShip_FXGL/target/classes/assets/sounds/hit.wav
11:12:12.012 [JavaFX Application Thread] DEBUG PrimaryStageWindow   - Push state: DialogSubScene
11:12:12.012 [JavaFX Application Thread] DEBUG Input                - Clearing active input actions
11:12:12.012 [JavaFX Application Thread] DEBUG GameApplicationServi - Removing overlay from GameScene and adding to DialogSubScene
11:12:12.012 [JavaFX Application Thread] DEBUG PrimaryStageWindow   - GameScene -> DialogSubScene
11:12:13.169 [JavaFX Application Thread] DEBUG PrimaryStageWindow   - Pop state: DialogSubScene
11:12:13.169 [JavaFX Application Thread] DEBUG Input                - Clearing active input actions
11:12:13.170 [JavaFX Application Thread] DEBUG GameApplicationServi - Removing overlay from DialogSubScene and adding to GameScene
11:12:13.170 [JavaFX Application Thread] DEBUG PrimaryStageWindow   - GameScene <- DialogSubScene
11:12:13.660 [JavaFX Application Thread] DEBUG PrimaryStageWindow   - Push state: DialogSubScene
11:12:13.660 [JavaFX Application Thread] DEBUG Input                - Clearing active input actions
11:12:13.660 [JavaFX Application Thread] DEBUG GameApplicationServi - Removing overlay from GameScene and adding to DialogSubScene
11:12:13.660 [JavaFX Application Thread] DEBUG PrimaryStageWindow   - GameScene -> DialogSubScene
11:12:15.178 [JavaFX Application Thread] DEBUG PrimaryStageWindow   - Pop state: DialogSubScene
11:12:15.178 [JavaFX Application Thread] DEBUG Input                - Clearing active input actions
11:12:15.178 [JavaFX Application Thread] DEBUG GameApplicationServi - Removing overlay from DialogSubScene and adding to GameScene
11:12:15.178 [JavaFX Application Thread] DEBUG PrimaryStageWindow   - GameScene <- DialogSubScene
11:12:15.178 [JavaFX Application Thread] DEBUG PrimaryStageWindow   - Push state: BluePlayerScene
11:12:15.179 [JavaFX Application Thread] DEBUG Input                - Clearing active input actions
11:12:15.179 [JavaFX Application Thread] DEBUG GameApplicationServi - Removing overlay from GameScene and adding to BluePlayerScene
11:12:15.179 [JavaFX Application Thread] DEBUG PrimaryStageWindow   - GameScene -> BluePlayerScene
11:12:15.179 [JavaFX Application Thread] DEBUG PrimaryStageWindow   - Pop state: BluePlayerScene
11:12:15.179 [JavaFX Application Thread] DEBUG Input                - Clearing active input actions
11:12:15.179 [JavaFX Application Thread] DEBUG GameApplicationServi - Removing overlay from BluePlayerScene and adding to GameScene
11:12:15.179 [JavaFX Application Thread] DEBUG PrimaryStageWindow   - GameScene <- BluePlayerScene
11:12:17.244 [JavaFX Application Thread] DEBUG PrimaryStageWindow   - Push state: DialogSubScene
11:12:17.244 [JavaFX Application Thread] DEBUG Input                - Clearing active input actions
11:12:17.244 [JavaFX Application Thread] DEBUG GameApplicationServi - Removing overlay from GameScene and adding to DialogSubScene
11:12:17.244 [JavaFX Application Thread] DEBUG PrimaryStageWindow   - GameScene -> DialogSubScene
11:12:18.268 [JavaFX Application Thread] DEBUG PrimaryStageWindow   - Pop state: DialogSubScene
11:12:18.269 [JavaFX Application Thread] DEBUG Input                - Clearing active input actions
11:12:18.269 [JavaFX Application Thread] DEBUG GameApplicationServi - Removing overlay from DialogSubScene and adding to GameScene
11:12:18.269 [JavaFX Application Thread] DEBUG PrimaryStageWindow   - GameScene <- DialogSubScene
11:12:18.269 [JavaFX Application Thread] DEBUG PrimaryStageWindow   - Push state: RedPlayerScene
11:12:18.269 [JavaFX Application Thread] DEBUG Input                - Clearing active input actions
11:12:18.269 [JavaFX Application Thread] DEBUG GameApplicationServi - Removing overlay from GameScene and adding to RedPlayerScene
11:12:18.270 [JavaFX Application Thread] DEBUG PrimaryStageWindow   - GameScene -> RedPlayerScene
11:12:18.270 [JavaFX Application Thread] DEBUG PrimaryStageWindow   - Pop state: RedPlayerScene
11:12:18.270 [JavaFX Application Thread] DEBUG Input                - Clearing active input actions
11:12:18.270 [JavaFX Application Thread] DEBUG GameApplicationServi - Removing overlay from RedPlayerScene and adding to GameScene
11:12:18.270 [JavaFX Application Thread] DEBUG PrimaryStageWindow   - GameScene <- RedPlayerScene
11:12:19.804 [JavaFX Application Thread] DEBUG PrimaryStageWindow   - Push state: DialogSubScene
11:12:19.804 [JavaFX Application Thread] DEBUG Input                - Clearing active input actions
11:12:19.804 [JavaFX Application Thread] DEBUG GameApplicationServi - Removing overlay from GameScene and adding to DialogSubScene
11:12:19.804 [JavaFX Application Thread] DEBUG PrimaryStageWindow   - GameScene -> DialogSubScene
11:12:20.544 [JavaFX Application Thread] DEBUG PrimaryStageWindow   - Pop state: DialogSubScene
11:12:20.544 [JavaFX Application Thread] DEBUG Input                - Clearing active input actions
11:12:20.544 [JavaFX Application Thread] DEBUG GameApplicationServi - Removing overlay from DialogSubScene and adding to GameScene
11:12:20.544 [JavaFX Application Thread] DEBUG PrimaryStageWindow   - GameScene <- DialogSubScene
11:12:20.544 [JavaFX Application Thread] DEBUG PrimaryStageWindow   - Push state: BluePlayerScene
11:12:20.545 [JavaFX Application Thread] DEBUG Input                - Clearing active input actions
11:12:20.545 [JavaFX Application Thread] DEBUG GameApplicationServi - Removing overlay from GameScene and adding to BluePlayerScene
11:12:20.545 [JavaFX Application Thread] DEBUG PrimaryStageWindow   - GameScene -> BluePlayerScene
11:12:20.545 [JavaFX Application Thread] DEBUG PrimaryStageWindow   - Pop state: BluePlayerScene
11:12:20.545 [JavaFX Application Thread] DEBUG Input                - Clearing active input actions
11:12:20.545 [JavaFX Application Thread] DEBUG GameApplicationServi - Removing overlay from BluePlayerScene and adding to GameScene
11:12:20.545 [JavaFX Application Thread] DEBUG PrimaryStageWindow   - GameScene <- BluePlayerScene
11:12:27.337 [JavaFX Application Thread] DEBUG FXGLAssetLoaderServi - Loading from file system: file:/D:/battleShip/battleShip_FXGL/target/classes/assets/sounds/explosion.wav
11:12:27.340 [JavaFX Application Thread] DEBUG PrimaryStageWindow   - Push state: DialogSubScene
11:12:27.340 [JavaFX Application Thread] DEBUG Input                - Clearing active input actions
11:12:27.340 [JavaFX Application Thread] DEBUG GameApplicationServi - Removing overlay from GameScene and adding to DialogSubScene
11:12:27.340 [JavaFX Application Thread] DEBUG PrimaryStageWindow   - GameScene -> DialogSubScene
11:12:28.584 [JavaFX Application Thread] DEBUG PrimaryStageWindow   - Pop state: DialogSubScene
11:12:28.584 [JavaFX Application Thread] DEBUG Input                - Clearing active input actions
11:12:28.584 [JavaFX Application Thread] DEBUG GameApplicationServi - Removing overlay from DialogSubScene and adding to GameScene
11:12:28.584 [JavaFX Application Thread] DEBUG PrimaryStageWindow   - GameScene <- DialogSubScene
11:12:29.915 [JavaFX Application Thread] DEBUG PrimaryStageWindow   - Push state: DialogSubScene
11:12:29.916 [JavaFX Application Thread] DEBUG Input                - Clearing active input actions
11:12:29.916 [JavaFX Application Thread] DEBUG GameApplicationServi - Removing overlay from GameScene and adding to DialogSubScene
11:12:29.916 [JavaFX Application Thread] DEBUG PrimaryStageWindow   - GameScene -> DialogSubScene
11:12:30.868 [JavaFX Application Thread] DEBUG PrimaryStageWindow   - Pop state: DialogSubScene
11:12:30.868 [JavaFX Application Thread] DEBUG Input                - Clearing active input actions
11:12:30.869 [JavaFX Application Thread] DEBUG GameApplicationServi - Removing overlay from DialogSubScene and adding to GameScene
11:12:30.869 [JavaFX Application Thread] DEBUG PrimaryStageWindow   - GameScene <- DialogSubScene
11:12:30.869 [JavaFX Application Thread] DEBUG PrimaryStageWindow   - Push state: RedPlayerScene
11:12:30.869 [JavaFX Application Thread] DEBUG Input                - Clearing active input actions
11:12:30.869 [JavaFX Application Thread] DEBUG GameApplicationServi - Removing overlay from GameScene and adding to RedPlayerScene
11:12:30.869 [JavaFX Application Thread] DEBUG PrimaryStageWindow   - GameScene -> RedPlayerScene
11:12:30.869 [JavaFX Application Thread] DEBUG PrimaryStageWindow   - Pop state: RedPlayerScene
11:12:30.869 [JavaFX Application Thread] DEBUG Input                - Clearing active input actions
11:12:30.870 [JavaFX Application Thread] DEBUG GameApplicationServi - Removing overlay from RedPlayerScene and adding to GameScene
11:12:30.870 [JavaFX Application Thread] DEBUG PrimaryStageWindow   - GameScene <- RedPlayerScene
11:12:34.428 [JavaFX Application Thread] DEBUG PrimaryStageWindow   - Push state: DialogSubScene
11:12:34.428 [JavaFX Application Thread] DEBUG Input                - Clearing active input actions
11:12:34.428 [JavaFX Application Thread] DEBUG GameApplicationServi - Removing overlay from GameScene and adding to DialogSubScene
11:12:34.428 [JavaFX Application Thread] DEBUG PrimaryStageWindow   - GameScene -> DialogSubScene
11:12:35.632 [JavaFX Application Thread] DEBUG PrimaryStageWindow   - Pop state: DialogSubScene
11:12:35.632 [JavaFX Application Thread] DEBUG Input                - Clearing active input actions
11:12:35.633 [JavaFX Application Thread] DEBUG GameApplicationServi - Removing overlay from DialogSubScene and adding to GameScene
11:12:35.633 [JavaFX Application Thread] DEBUG PrimaryStageWindow   - GameScene <- DialogSubScene
11:12:35.633 [JavaFX Application Thread] DEBUG PrimaryStageWindow   - Push state: BluePlayerScene
11:12:35.633 [JavaFX Application Thread] DEBUG Input                - Clearing active input actions
11:12:35.633 [JavaFX Application Thread] DEBUG GameApplicationServi - Removing overlay from GameScene and adding to BluePlayerScene
11:12:35.633 [JavaFX Application Thread] DEBUG PrimaryStageWindow   - GameScene -> BluePlayerScene
11:12:35.633 [JavaFX Application Thread] DEBUG PrimaryStageWindow   - Pop state: BluePlayerScene
11:12:35.633 [JavaFX Application Thread] DEBUG Input                - Clearing active input actions
11:12:35.633 [JavaFX Application Thread] DEBUG GameApplicationServi - Removing overlay from BluePlayerScene and adding to GameScene
11:12:35.633 [JavaFX Application Thread] DEBUG PrimaryStageWindow   - GameScene <- BluePlayerScene
11:12:36.651 [JavaFX Application Thread] DEBUG PrimaryStageWindow   - Push state: DialogSubScene
11:12:36.652 [JavaFX Application Thread] DEBUG Input                - Clearing active input actions
11:12:36.652 [JavaFX Application Thread] DEBUG GameApplicationServi - Removing overlay from GameScene and adding to DialogSubScene
11:12:36.652 [JavaFX Application Thread] DEBUG PrimaryStageWindow   - GameScene -> DialogSubScene
11:12:37.951 [JavaFX Application Thread] DEBUG PrimaryStageWindow   - Pop state: DialogSubScene
11:12:37.951 [JavaFX Application Thread] DEBUG Input                - Clearing active input actions
11:12:37.952 [JavaFX Application Thread] DEBUG GameApplicationServi - Removing overlay from DialogSubScene and adding to GameScene
11:12:37.952 [JavaFX Application Thread] DEBUG PrimaryStageWindow   - GameScene <- DialogSubScene
11:12:37.952 [JavaFX Application Thread] DEBUG PrimaryStageWindow   - Push state: RedPlayerScene
11:12:37.952 [JavaFX Application Thread] DEBUG Input                - Clearing active input actions
11:12:37.952 [JavaFX Application Thread] DEBUG GameApplicationServi - Removing overlay from GameScene and adding to RedPlayerScene
11:12:37.953 [JavaFX Application Thread] DEBUG PrimaryStageWindow   - GameScene -> RedPlayerScene
11:12:37.953 [JavaFX Application Thread] DEBUG PrimaryStageWindow   - Pop state: RedPlayerScene
11:12:37.953 [JavaFX Application Thread] DEBUG Input                - Clearing active input actions
11:12:37.953 [JavaFX Application Thread] DEBUG GameApplicationServi - Removing overlay from RedPlayerScene and adding to GameScene
11:12:37.953 [JavaFX Application Thread] DEBUG PrimaryStageWindow   - GameScene <- RedPlayerScene
11:12:39.995 [JavaFX Application Thread] DEBUG PrimaryStageWindow   - Push state: DialogSubScene
11:12:39.996 [JavaFX Application Thread] DEBUG Input                - Clearing active input actions
11:12:39.996 [JavaFX Application Thread] DEBUG GameApplicationServi - Removing overlay from GameScene and adding to DialogSubScene
11:12:39.996 [JavaFX Application Thread] DEBUG PrimaryStageWindow   - GameScene -> DialogSubScene
11:12:40.765 [JavaFX Application Thread] DEBUG PrimaryStageWindow   - Pop state: DialogSubScene
11:12:40.765 [JavaFX Application Thread] DEBUG Input                - Clearing active input actions
11:12:40.766 [JavaFX Application Thread] DEBUG GameApplicationServi - Removing overlay from DialogSubScene and adding to GameScene
11:12:40.766 [JavaFX Application Thread] DEBUG PrimaryStageWindow   - GameScene <- DialogSubScene
11:12:40.766 [JavaFX Application Thread] DEBUG PrimaryStageWindow   - Push state: BluePlayerScene
11:12:40.766 [JavaFX Application Thread] DEBUG Input                - Clearing active input actions
11:12:40.766 [JavaFX Application Thread] DEBUG GameApplicationServi - Removing overlay from GameScene and adding to BluePlayerScene
11:12:40.766 [JavaFX Application Thread] DEBUG PrimaryStageWindow   - GameScene -> BluePlayerScene
11:12:40.767 [JavaFX Application Thread] DEBUG PrimaryStageWindow   - Pop state: BluePlayerScene
11:12:40.767 [JavaFX Application Thread] DEBUG Input                - Clearing active input actions
11:12:40.767 [JavaFX Application Thread] DEBUG GameApplicationServi - Removing overlay from BluePlayerScene and adding to GameScene
11:12:40.767 [JavaFX Application Thread] DEBUG PrimaryStageWindow   - GameScene <- BluePlayerScene
11:12:42.315 [JavaFX Application Thread] DEBUG PrimaryStageWindow   - Push state: DialogSubScene
11:12:42.316 [JavaFX Application Thread] DEBUG Input                - Clearing active input actions
11:12:42.316 [JavaFX Application Thread] DEBUG GameApplicationServi - Removing overlay from GameScene and adding to DialogSubScene
11:12:42.316 [JavaFX Application Thread] DEBUG PrimaryStageWindow   - GameScene -> DialogSubScene
11:12:42.893 [JavaFX Application Thread] DEBUG PrimaryStageWindow   - Pop state: DialogSubScene
11:12:42.893 [JavaFX Application Thread] DEBUG Input                - Clearing active input actions
11:12:42.893 [JavaFX Application Thread] DEBUG GameApplicationServi - Removing overlay from DialogSubScene and adding to GameScene
11:12:42.893 [JavaFX Application Thread] DEBUG PrimaryStageWindow   - GameScene <- DialogSubScene
11:12:42.893 [JavaFX Application Thread] DEBUG PrimaryStageWindow   - Push state: RedPlayerScene
11:12:42.894 [JavaFX Application Thread] DEBUG Input                - Clearing active input actions
11:12:42.894 [JavaFX Application Thread] DEBUG GameApplicationServi - Removing overlay from GameScene and adding to RedPlayerScene
11:12:42.894 [JavaFX Application Thread] DEBUG PrimaryStageWindow   - GameScene -> RedPlayerScene
11:12:42.894 [JavaFX Application Thread] DEBUG PrimaryStageWindow   - Pop state: RedPlayerScene
11:12:42.894 [JavaFX Application Thread] DEBUG Input                - Clearing active input actions
11:12:42.894 [JavaFX Application Thread] DEBUG GameApplicationServi - Removing overlay from RedPlayerScene and adding to GameScene
11:12:42.894 [JavaFX Application Thread] DEBUG PrimaryStageWindow   - GameScene <- RedPlayerScene
11:12:45.500 [JavaFX Application Thread] DEBUG PrimaryStageWindow   - Push state: DialogSubScene
11:12:45.500 [JavaFX Application Thread] DEBUG Input                - Clearing active input actions
11:12:45.500 [JavaFX Application Thread] DEBUG GameApplicationServi - Removing overlay from GameScene and adding to DialogSubScene
11:12:45.500 [JavaFX Application Thread] DEBUG PrimaryStageWindow   - GameScene -> DialogSubScene
11:12:46.146 [JavaFX Application Thread] DEBUG PrimaryStageWindow   - Pop state: DialogSubScene
11:12:46.146 [JavaFX Application Thread] DEBUG Input                - Clearing active input actions
11:12:46.146 [JavaFX Application Thread] DEBUG GameApplicationServi - Removing overlay from DialogSubScene and adding to GameScene
11:12:46.146 [JavaFX Application Thread] DEBUG PrimaryStageWindow   - GameScene <- DialogSubScene
11:12:46.146 [JavaFX Application Thread] DEBUG PrimaryStageWindow   - Push state: BluePlayerScene
11:12:46.146 [JavaFX Application Thread] DEBUG Input                - Clearing active input actions
11:12:46.147 [JavaFX Application Thread] DEBUG GameApplicationServi - Removing overlay from GameScene and adding to BluePlayerScene
11:12:46.147 [JavaFX Application Thread] DEBUG PrimaryStageWindow   - GameScene -> BluePlayerScene
11:12:46.147 [JavaFX Application Thread] DEBUG PrimaryStageWindow   - Pop state: BluePlayerScene
11:12:46.147 [JavaFX Application Thread] DEBUG Input                - Clearing active input actions
11:12:46.147 [JavaFX Application Thread] DEBUG GameApplicationServi - Removing overlay from BluePlayerScene and adding to GameScene
11:12:46.147 [JavaFX Application Thread] DEBUG PrimaryStageWindow   - GameScene <- BluePlayerScene
11:12:47.659 [JavaFX Application Thread] DEBUG PrimaryStageWindow   - Push state: DialogSubScene
11:12:47.660 [JavaFX Application Thread] DEBUG Input                - Clearing active input actions
11:12:47.660 [JavaFX Application Thread] DEBUG GameApplicationServi - Removing overlay from GameScene and adding to DialogSubScene
11:12:47.660 [JavaFX Application Thread] DEBUG PrimaryStageWindow   - GameScene -> DialogSubScene
11:12:48.330 [JavaFX Application Thread] DEBUG PrimaryStageWindow   - Pop state: DialogSubScene
11:12:48.330 [JavaFX Application Thread] DEBUG Input                - Clearing active input actions
11:12:48.330 [JavaFX Application Thread] DEBUG GameApplicationServi - Removing overlay from DialogSubScene and adding to GameScene
11:12:48.330 [JavaFX Application Thread] DEBUG PrimaryStageWindow   - GameScene <- DialogSubScene
11:12:48.330 [JavaFX Application Thread] DEBUG PrimaryStageWindow   - Push state: RedPlayerScene
11:12:48.331 [JavaFX Application Thread] DEBUG Input                - Clearing active input actions
11:12:48.331 [JavaFX Application Thread] DEBUG GameApplicationServi - Removing overlay from GameScene and adding to RedPlayerScene
11:12:48.331 [JavaFX Application Thread] DEBUG PrimaryStageWindow   - GameScene -> RedPlayerScene
11:12:48.331 [JavaFX Application Thread] DEBUG PrimaryStageWindow   - Pop state: RedPlayerScene
11:12:48.331 [JavaFX Application Thread] DEBUG Input                - Clearing active input actions
11:12:48.331 [JavaFX Application Thread] DEBUG GameApplicationServi - Removing overlay from RedPlayerScene and adding to GameScene
11:12:48.331 [JavaFX Application Thread] DEBUG PrimaryStageWindow   - GameScene <- RedPlayerScene
11:12:50.913 [JavaFX Application Thread] DEBUG PrimaryStageWindow   - Push state: DialogSubScene
11:12:50.913 [JavaFX Application Thread] DEBUG Input                - Clearing active input actions
11:12:50.913 [JavaFX Application Thread] DEBUG GameApplicationServi - Removing overlay from GameScene and adding to DialogSubScene
11:12:50.914 [JavaFX Application Thread] DEBUG PrimaryStageWindow   - GameScene -> DialogSubScene
11:12:52.079 [JavaFX Application Thread] DEBUG PrimaryStageWindow   - Pop state: DialogSubScene
11:12:52.079 [JavaFX Application Thread] DEBUG Input                - Clearing active input actions
11:12:52.079 [JavaFX Application Thread] DEBUG GameApplicationServi - Removing overlay from DialogSubScene and adding to GameScene
11:12:52.079 [JavaFX Application Thread] DEBUG PrimaryStageWindow   - GameScene <- DialogSubScene
11:13:01.228 [JavaFX Application Thread] DEBUG PrimaryStageWindow   - Push state: DialogSubScene
11:13:01.228 [JavaFX Application Thread] DEBUG Input                - Clearing active input actions
11:13:01.228 [JavaFX Application Thread] DEBUG GameApplicationServi - Removing overlay from GameScene and adding to DialogSubScene
11:13:01.228 [JavaFX Application Thread] DEBUG PrimaryStageWindow   - GameScene -> DialogSubScene
11:13:02.166 [JavaFX Application Thread] DEBUG PrimaryStageWindow   - Pop state: DialogSubScene
11:13:02.166 [JavaFX Application Thread] DEBUG Input                - Clearing active input actions
11:13:02.167 [JavaFX Application Thread] DEBUG GameApplicationServi - Removing overlay from DialogSubScene and adding to GameScene
11:13:02.167 [JavaFX Application Thread] DEBUG PrimaryStageWindow   - GameScene <- DialogSubScene
11:13:02.167 [JavaFX Application Thread] DEBUG PrimaryStageWindow   - Push state: BluePlayerScene
11:13:02.167 [JavaFX Application Thread] DEBUG Input                - Clearing active input actions
11:13:02.167 [JavaFX Application Thread] DEBUG GameApplicationServi - Removing overlay from GameScene and adding to BluePlayerScene
11:13:02.167 [JavaFX Application Thread] DEBUG PrimaryStageWindow   - GameScene -> BluePlayerScene
11:13:02.167 [JavaFX Application Thread] DEBUG PrimaryStageWindow   - Pop state: BluePlayerScene
11:13:02.167 [JavaFX Application Thread] DEBUG Input                - Clearing active input actions
11:13:02.167 [JavaFX Application Thread] DEBUG GameApplicationServi - Removing overlay from BluePlayerScene and adding to GameScene
11:13:02.167 [JavaFX Application Thread] DEBUG PrimaryStageWindow   - GameScene <- BluePlayerScene
11:13:04.683 [JavaFX Application Thread] DEBUG PrimaryStageWindow   - Push state: DialogSubScene
11:13:04.684 [JavaFX Application Thread] DEBUG Input                - Clearing active input actions
11:13:04.684 [JavaFX Application Thread] DEBUG GameApplicationServi - Removing overlay from GameScene and adding to DialogSubScene
11:13:04.684 [JavaFX Application Thread] DEBUG PrimaryStageWindow   - GameScene -> DialogSubScene
11:13:05.369 [JavaFX Application Thread] DEBUG PrimaryStageWindow   - Pop state: DialogSubScene
11:13:05.369 [JavaFX Application Thread] DEBUG Input                - Clearing active input actions
11:13:05.369 [JavaFX Application Thread] DEBUG GameApplicationServi - Removing overlay from DialogSubScene and adding to GameScene
11:13:05.369 [JavaFX Application Thread] DEBUG PrimaryStageWindow   - GameScene <- DialogSubScene
11:13:05.369 [JavaFX Application Thread] DEBUG PrimaryStageWindow   - Push state: RedPlayerScene
11:13:05.370 [JavaFX Application Thread] DEBUG Input                - Clearing active input actions
11:13:05.370 [JavaFX Application Thread] DEBUG GameApplicationServi - Removing overlay from GameScene and adding to RedPlayerScene
11:13:05.370 [JavaFX Application Thread] DEBUG PrimaryStageWindow   - GameScene -> RedPlayerScene
11:13:05.370 [JavaFX Application Thread] DEBUG PrimaryStageWindow   - Pop state: RedPlayerScene
11:13:05.370 [JavaFX Application Thread] DEBUG Input                - Clearing active input actions
11:13:05.370 [JavaFX Application Thread] DEBUG GameApplicationServi - Removing overlay from RedPlayerScene and adding to GameScene
11:13:05.370 [JavaFX Application Thread] DEBUG PrimaryStageWindow   - GameScene <- RedPlayerScene
11:13:08.459 [JavaFX Application Thread] DEBUG PrimaryStageWindow   - Push state: DialogSubScene
11:13:08.459 [JavaFX Application Thread] DEBUG Input                - Clearing active input actions
11:13:08.460 [JavaFX Application Thread] DEBUG GameApplicationServi - Removing overlay from GameScene and adding to DialogSubScene
11:13:08.460 [JavaFX Application Thread] DEBUG PrimaryStageWindow   - GameScene -> DialogSubScene
11:13:09.179 [JavaFX Application Thread] DEBUG PrimaryStageWindow   - Pop state: DialogSubScene
11:13:09.180 [JavaFX Application Thread] DEBUG Input                - Clearing active input actions
11:13:09.180 [JavaFX Application Thread] DEBUG GameApplicationServi - Removing overlay from DialogSubScene and adding to GameScene
11:13:09.180 [JavaFX Application Thread] DEBUG PrimaryStageWindow   - GameScene <- DialogSubScene
11:13:09.180 [JavaFX Application Thread] DEBUG PrimaryStageWindow   - Push state: BluePlayerScene
11:13:09.180 [JavaFX Application Thread] DEBUG Input                - Clearing active input actions
11:13:09.180 [JavaFX Application Thread] DEBUG GameApplicationServi - Removing overlay from GameScene and adding to BluePlayerScene
11:13:09.180 [JavaFX Application Thread] DEBUG PrimaryStageWindow   - GameScene -> BluePlayerScene
11:13:09.180 [JavaFX Application Thread] DEBUG PrimaryStageWindow   - Pop state: BluePlayerScene
11:13:09.180 [JavaFX Application Thread] DEBUG Input                - Clearing active input actions
11:13:09.181 [JavaFX Application Thread] DEBUG GameApplicationServi - Removing overlay from BluePlayerScene and adding to GameScene
11:13:09.181 [JavaFX Application Thread] DEBUG PrimaryStageWindow   - GameScene <- BluePlayerScene
11:13:10.203 [JavaFX Application Thread] DEBUG PrimaryStageWindow   - Push state: DialogSubScene
11:13:10.203 [JavaFX Application Thread] DEBUG Input                - Clearing active input actions
11:13:10.204 [JavaFX Application Thread] DEBUG GameApplicationServi - Removing overlay from GameScene and adding to DialogSubScene
11:13:10.204 [JavaFX Application Thread] DEBUG PrimaryStageWindow   - GameScene -> DialogSubScene
11:13:11.210 [JavaFX Application Thread] DEBUG PrimaryStageWindow   - Pop state: DialogSubScene
11:13:11.210 [JavaFX Application Thread] DEBUG Input                - Clearing active input actions
11:13:11.211 [JavaFX Application Thread] DEBUG GameApplicationServi - Removing overlay from DialogSubScene and adding to GameScene
11:13:11.211 [JavaFX Application Thread] DEBUG PrimaryStageWindow   - GameScene <- DialogSubScene
11:13:11.211 [JavaFX Application Thread] DEBUG PrimaryStageWindow   - Push state: RedPlayerScene
11:13:11.211 [JavaFX Application Thread] DEBUG Input                - Clearing active input actions
11:13:11.212 [JavaFX Application Thread] DEBUG GameApplicationServi - Removing overlay from GameScene and adding to RedPlayerScene
11:13:11.212 [JavaFX Application Thread] DEBUG PrimaryStageWindow   - GameScene -> RedPlayerScene
11:13:11.212 [JavaFX Application Thread] DEBUG PrimaryStageWindow   - Pop state: RedPlayerScene
11:13:11.212 [JavaFX Application Thread] DEBUG Input                - Clearing active input actions
11:13:11.212 [JavaFX Application Thread] DEBUG GameApplicationServi - Removing overlay from RedPlayerScene and adding to GameScene
11:13:11.212 [JavaFX Application Thread] DEBUG PrimaryStageWindow   - GameScene <- RedPlayerScene
11:13:12.747 [JavaFX Application Thread] DEBUG PrimaryStageWindow   - Push state: DialogSubScene
11:13:12.748 [JavaFX Application Thread] DEBUG Input                - Clearing active input actions
11:13:12.748 [JavaFX Application Thread] DEBUG GameApplicationServi - Removing overlay from GameScene and adding to DialogSubScene
11:13:12.748 [JavaFX Application Thread] DEBUG PrimaryStageWindow   - GameScene -> DialogSubScene
11:13:13.488 [JavaFX Application Thread] DEBUG PrimaryStageWindow   - Pop state: DialogSubScene
11:13:13.488 [JavaFX Application Thread] DEBUG Input                - Clearing active input actions
11:13:13.488 [JavaFX Application Thread] DEBUG GameApplicationServi - Removing overlay from DialogSubScene and adding to GameScene
11:13:13.488 [JavaFX Application Thread] DEBUG PrimaryStageWindow   - GameScene <- DialogSubScene
11:13:13.488 [JavaFX Application Thread] DEBUG PrimaryStageWindow   - Push state: BluePlayerScene
11:13:13.488 [JavaFX Application Thread] DEBUG Input                - Clearing active input actions
11:13:13.488 [JavaFX Application Thread] DEBUG GameApplicationServi - Removing overlay from GameScene and adding to BluePlayerScene
11:13:13.488 [JavaFX Application Thread] DEBUG PrimaryStageWindow   - GameScene -> BluePlayerScene
11:13:13.489 [JavaFX Application Thread] DEBUG PrimaryStageWindow   - Pop state: BluePlayerScene
11:13:13.489 [JavaFX Application Thread] DEBUG Input                - Clearing active input actions
11:13:13.489 [JavaFX Application Thread] DEBUG GameApplicationServi - Removing overlay from BluePlayerScene and adding to GameScene
11:13:13.489 [JavaFX Application Thread] DEBUG PrimaryStageWindow   - GameScene <- BluePlayerScene
11:13:16.044 [JavaFX Application Thread] DEBUG PrimaryStageWindow   - Push state: DialogSubScene
11:13:16.044 [JavaFX Application Thread] DEBUG Input                - Clearing active input actions
11:13:16.044 [JavaFX Application Thread] DEBUG GameApplicationServi - Removing overlay from GameScene and adding to DialogSubScene
11:13:16.044 [JavaFX Application Thread] DEBUG PrimaryStageWindow   - GameScene -> DialogSubScene
11:13:16.766 [JavaFX Application Thread] DEBUG PrimaryStageWindow   - Pop state: DialogSubScene
11:13:16.766 [JavaFX Application Thread] DEBUG Input                - Clearing active input actions
11:13:16.767 [JavaFX Application Thread] DEBUG GameApplicationServi - Removing overlay from DialogSubScene and adding to GameScene
11:13:16.767 [JavaFX Application Thread] DEBUG PrimaryStageWindow   - GameScene <- DialogSubScene
11:13:16.767 [JavaFX Application Thread] DEBUG PrimaryStageWindow   - Push state: RedPlayerScene
11:13:16.767 [JavaFX Application Thread] DEBUG Input                - Clearing active input actions
11:13:16.767 [JavaFX Application Thread] DEBUG GameApplicationServi - Removing overlay from GameScene and adding to RedPlayerScene
11:13:16.767 [JavaFX Application Thread] DEBUG PrimaryStageWindow   - GameScene -> RedPlayerScene
11:13:16.767 [JavaFX Application Thread] DEBUG PrimaryStageWindow   - Pop state: RedPlayerScene
11:13:16.767 [JavaFX Application Thread] DEBUG Input                - Clearing active input actions
11:13:16.768 [JavaFX Application Thread] DEBUG GameApplicationServi - Removing overlay from RedPlayerScene and adding to GameScene
11:13:16.768 [JavaFX Application Thread] DEBUG PrimaryStageWindow   - GameScene <- RedPlayerScene
11:13:18.827 [JavaFX Application Thread] DEBUG PrimaryStageWindow   - Push state: DialogSubScene
11:13:18.828 [JavaFX Application Thread] DEBUG Input                - Clearing active input actions
11:13:18.828 [JavaFX Application Thread] DEBUG GameApplicationServi - Removing overlay from GameScene and adding to DialogSubScene
11:13:18.828 [JavaFX Application Thread] DEBUG PrimaryStageWindow   - GameScene -> DialogSubScene
11:13:19.570 [JavaFX Application Thread] DEBUG PrimaryStageWindow   - Pop state: DialogSubScene
11:13:19.570 [JavaFX Application Thread] DEBUG Input                - Clearing active input actions
11:13:19.570 [JavaFX Application Thread] DEBUG GameApplicationServi - Removing overlay from DialogSubScene and adding to GameScene
11:13:19.570 [JavaFX Application Thread] DEBUG PrimaryStageWindow   - GameScene <- DialogSubScene
11:13:19.570 [JavaFX Application Thread] DEBUG PrimaryStageWindow   - Push state: BluePlayerScene
11:13:19.571 [JavaFX Application Thread] DEBUG Input                - Clearing active input actions
11:13:19.571 [JavaFX Application Thread] DEBUG GameApplicationServi - Removing overlay from GameScene and adding to BluePlayerScene
11:13:19.571 [JavaFX Application Thread] DEBUG PrimaryStageWindow   - GameScene -> BluePlayerScene
11:13:19.571 [JavaFX Application Thread] DEBUG PrimaryStageWindow   - Pop state: BluePlayerScene
11:13:19.571 [JavaFX Application Thread] DEBUG Input                - Clearing active input actions
11:13:19.571 [JavaFX Application Thread] DEBUG GameApplicationServi - Removing overlay from BluePlayerScene and adding to GameScene
11:13:19.571 [JavaFX Application Thread] DEBUG PrimaryStageWindow   - GameScene <- BluePlayerScene
11:13:20.587 [JavaFX Application Thread] DEBUG PrimaryStageWindow   - Push state: DialogSubScene
11:13:20.587 [JavaFX Application Thread] DEBUG Input                - Clearing active input actions
11:13:20.588 [JavaFX Application Thread] DEBUG GameApplicationServi - Removing overlay from GameScene and adding to DialogSubScene
11:13:20.588 [JavaFX Application Thread] DEBUG PrimaryStageWindow   - GameScene -> DialogSubScene
11:13:21.393 [JavaFX Application Thread] DEBUG PrimaryStageWindow   - Pop state: DialogSubScene
11:13:21.393 [JavaFX Application Thread] DEBUG Input                - Clearing active input actions
11:13:21.393 [JavaFX Application Thread] DEBUG GameApplicationServi - Removing overlay from DialogSubScene and adding to GameScene
11:13:21.393 [JavaFX Application Thread] DEBUG PrimaryStageWindow   - GameScene <- DialogSubScene
11:13:21.393 [JavaFX Application Thread] DEBUG PrimaryStageWindow   - Push state: RedPlayerScene
11:13:21.393 [JavaFX Application Thread] DEBUG Input                - Clearing active input actions
11:13:21.393 [JavaFX Application Thread] DEBUG GameApplicationServi - Removing overlay from GameScene and adding to RedPlayerScene
11:13:21.393 [JavaFX Application Thread] DEBUG PrimaryStageWindow   - GameScene -> RedPlayerScene
11:13:21.394 [JavaFX Application Thread] DEBUG PrimaryStageWindow   - Pop state: RedPlayerScene
11:13:21.394 [JavaFX Application Thread] DEBUG Input                - Clearing active input actions
11:13:21.394 [JavaFX Application Thread] DEBUG GameApplicationServi - Removing overlay from RedPlayerScene and adding to GameScene
11:13:21.394 [JavaFX Application Thread] DEBUG PrimaryStageWindow   - GameScene <- RedPlayerScene
11:13:24.803 [JavaFX Application Thread] DEBUG PrimaryStageWindow   - Push state: DialogSubScene
11:13:24.803 [JavaFX Application Thread] DEBUG Input                - Clearing active input actions
11:13:24.803 [JavaFX Application Thread] DEBUG GameApplicationServi - Removing overlay from GameScene and adding to DialogSubScene
11:13:24.803 [JavaFX Application Thread] DEBUG PrimaryStageWindow   - GameScene -> DialogSubScene
11:13:26.048 [JavaFX Application Thread] DEBUG PrimaryStageWindow   - Pop state: DialogSubScene
11:13:26.048 [JavaFX Application Thread] DEBUG Input                - Clearing active input actions
11:13:26.048 [JavaFX Application Thread] DEBUG GameApplicationServi - Removing overlay from DialogSubScene and adding to GameScene
11:13:26.048 [JavaFX Application Thread] DEBUG PrimaryStageWindow   - GameScene <- DialogSubScene
11:13:27.291 [JavaFX Application Thread] DEBUG PrimaryStageWindow   - Push state: DialogSubScene
11:13:27.291 [JavaFX Application Thread] DEBUG Input                - Clearing active input actions
11:13:27.292 [JavaFX Application Thread] DEBUG GameApplicationServi - Removing overlay from GameScene and adding to DialogSubScene
11:13:27.292 [JavaFX Application Thread] DEBUG PrimaryStageWindow   - GameScene -> DialogSubScene
11:13:28.829 [JavaFX Application Thread] DEBUG PrimaryStageWindow   - Pop state: DialogSubScene
11:13:28.829 [JavaFX Application Thread] DEBUG Input                - Clearing active input actions
11:13:28.830 [JavaFX Application Thread] DEBUG GameApplicationServi - Removing overlay from DialogSubScene and adding to GameScene
11:13:28.830 [JavaFX Application Thread] DEBUG PrimaryStageWindow   - GameScene <- DialogSubScene
11:13:28.830 [JavaFX Application Thread] DEBUG PrimaryStageWindow   - Push state: BluePlayerScene
11:13:28.830 [JavaFX Application Thread] DEBUG Input                - Clearing active input actions
11:13:28.830 [JavaFX Application Thread] DEBUG GameApplicationServi - Removing overlay from GameScene and adding to BluePlayerScene
11:13:28.830 [JavaFX Application Thread] DEBUG PrimaryStageWindow   - GameScene -> BluePlayerScene
11:13:28.830 [JavaFX Application Thread] DEBUG PrimaryStageWindow   - Pop state: BluePlayerScene
11:13:28.830 [JavaFX Application Thread] DEBUG Input                - Clearing active input actions
11:13:28.830 [JavaFX Application Thread] DEBUG GameApplicationServi - Removing overlay from BluePlayerScene and adding to GameScene
11:13:28.830 [JavaFX Application Thread] DEBUG PrimaryStageWindow   - GameScene <- BluePlayerScene
11:13:31.387 [JavaFX Application Thread] DEBUG PrimaryStageWindow   - Push state: DialogSubScene
11:13:31.387 [JavaFX Application Thread] DEBUG Input                - Clearing active input actions
11:13:31.388 [JavaFX Application Thread] DEBUG GameApplicationServi - Removing overlay from GameScene and adding to DialogSubScene
11:13:31.388 [JavaFX Application Thread] DEBUG PrimaryStageWindow   - GameScene -> DialogSubScene
11:13:32.502 [JavaFX Application Thread] DEBUG PrimaryStageWindow   - Pop state: DialogSubScene
11:13:32.502 [JavaFX Application Thread] DEBUG Input                - Clearing active input actions
11:13:32.503 [JavaFX Application Thread] DEBUG GameApplicationServi - Removing overlay from DialogSubScene and adding to GameScene
11:13:32.503 [JavaFX Application Thread] DEBUG PrimaryStageWindow   - GameScene <- DialogSubScene
11:13:32.503 [JavaFX Application Thread] DEBUG PrimaryStageWindow   - Push state: RedPlayerScene
11:13:32.503 [JavaFX Application Thread] DEBUG Input                - Clearing active input actions
11:13:32.503 [JavaFX Application Thread] DEBUG GameApplicationServi - Removing overlay from GameScene and adding to RedPlayerScene
11:13:32.503 [JavaFX Application Thread] DEBUG PrimaryStageWindow   - GameScene -> RedPlayerScene
11:13:32.503 [JavaFX Application Thread] DEBUG PrimaryStageWindow   - Pop state: RedPlayerScene
11:13:32.503 [JavaFX Application Thread] DEBUG Input                - Clearing active input actions
11:13:32.503 [JavaFX Application Thread] DEBUG GameApplicationServi - Removing overlay from RedPlayerScene and adding to GameScene
11:13:32.503 [JavaFX Application Thread] DEBUG PrimaryStageWindow   - GameScene <- RedPlayerScene
11:13:34.539 [JavaFX Application Thread] DEBUG PrimaryStageWindow   - Push state: DialogSubScene
11:13:34.540 [JavaFX Application Thread] DEBUG Input                - Clearing active input actions
11:13:34.540 [JavaFX Application Thread] DEBUG GameApplicationServi - Removing overlay from GameScene and adding to DialogSubScene
11:13:34.540 [JavaFX Application Thread] DEBUG PrimaryStageWindow   - GameScene -> DialogSubScene
11:13:35.581 [JavaFX Application Thread] DEBUG PrimaryStageWindow   - Pop state: DialogSubScene
11:13:35.581 [JavaFX Application Thread] DEBUG Input                - Clearing active input actions
11:13:35.582 [JavaFX Application Thread] DEBUG GameApplicationServi - Removing overlay from DialogSubScene and adding to GameScene
11:13:35.582 [JavaFX Application Thread] DEBUG PrimaryStageWindow   - GameScene <- DialogSubScene
11:13:35.582 [JavaFX Application Thread] DEBUG PrimaryStageWindow   - Push state: BluePlayerScene
11:13:35.582 [JavaFX Application Thread] DEBUG Input                - Clearing active input actions
11:13:35.582 [JavaFX Application Thread] DEBUG GameApplicationServi - Removing overlay from GameScene and adding to BluePlayerScene
11:13:35.582 [JavaFX Application Thread] DEBUG PrimaryStageWindow   - GameScene -> BluePlayerScene
11:13:35.582 [JavaFX Application Thread] DEBUG PrimaryStageWindow   - Pop state: BluePlayerScene
11:13:35.582 [JavaFX Application Thread] DEBUG Input                - Clearing active input actions
11:13:35.582 [JavaFX Application Thread] DEBUG GameApplicationServi - Removing overlay from BluePlayerScene and adding to GameScene
11:13:35.582 [JavaFX Application Thread] DEBUG PrimaryStageWindow   - GameScene <- BluePlayerScene
11:13:39.163 [JavaFX Application Thread] DEBUG PrimaryStageWindow   - Push state: DialogSubScene
11:13:39.164 [JavaFX Application Thread] DEBUG Input                - Clearing active input actions
11:13:39.164 [JavaFX Application Thread] DEBUG GameApplicationServi - Removing overlay from GameScene and adding to DialogSubScene
11:13:39.164 [JavaFX Application Thread] DEBUG PrimaryStageWindow   - GameScene -> DialogSubScene
11:13:40.305 [JavaFX Application Thread] DEBUG PrimaryStageWindow   - Pop state: DialogSubScene
11:13:40.305 [JavaFX Application Thread] DEBUG Input                - Clearing active input actions
11:13:40.305 [JavaFX Application Thread] DEBUG GameApplicationServi - Removing overlay from DialogSubScene and adding to GameScene
11:13:40.305 [JavaFX Application Thread] DEBUG PrimaryStageWindow   - GameScene <- DialogSubScene
11:13:40.305 [JavaFX Application Thread] DEBUG PrimaryStageWindow   - Push state: RedPlayerScene
11:13:40.305 [JavaFX Application Thread] DEBUG Input                - Clearing active input actions
11:13:40.305 [JavaFX Application Thread] DEBUG GameApplicationServi - Removing overlay from GameScene and adding to RedPlayerScene
11:13:40.306 [JavaFX Application Thread] DEBUG PrimaryStageWindow   - GameScene -> RedPlayerScene
11:13:40.306 [JavaFX Application Thread] DEBUG PrimaryStageWindow   - Pop state: RedPlayerScene
11:13:40.306 [JavaFX Application Thread] DEBUG Input                - Clearing active input actions
11:13:40.306 [JavaFX Application Thread] DEBUG GameApplicationServi - Removing overlay from RedPlayerScene and adding to GameScene
11:13:40.306 [JavaFX Application Thread] DEBUG PrimaryStageWindow   - GameScene <- RedPlayerScene
11:13:45.561 [JavaFX Application Thread] DEBUG PrimaryStageWindow   - Push state: DialogSubScene
11:13:45.561 [JavaFX Application Thread] DEBUG Input                - Clearing active input actions
11:13:45.561 [JavaFX Application Thread] DEBUG GameApplicationServi - Removing overlay from GameScene and adding to DialogSubScene
11:13:45.561 [JavaFX Application Thread] DEBUG PrimaryStageWindow   - GameScene -> DialogSubScene
11:13:46.713 [JavaFX Application Thread] DEBUG PrimaryStageWindow   - Pop state: DialogSubScene
11:13:46.714 [JavaFX Application Thread] DEBUG Input                - Clearing active input actions
11:13:46.714 [JavaFX Application Thread] DEBUG GameApplicationServi - Removing overlay from DialogSubScene and adding to GameScene
11:13:46.714 [JavaFX Application Thread] DEBUG PrimaryStageWindow   - GameScene <- DialogSubScene
11:13:48.027 [JavaFX Application Thread] DEBUG PrimaryStageWindow   - Push state: DialogSubScene
11:13:48.027 [JavaFX Application Thread] DEBUG Input                - Clearing active input actions
11:13:48.028 [JavaFX Application Thread] DEBUG GameApplicationServi - Removing overlay from GameScene and adding to DialogSubScene
11:13:48.028 [JavaFX Application Thread] DEBUG PrimaryStageWindow   - GameScene -> DialogSubScene
11:13:49.994 [JavaFX Application Thread] DEBUG PrimaryStageWindow   - Pop state: DialogSubScene
11:13:49.994 [JavaFX Application Thread] DEBUG Input                - Clearing active input actions
11:13:49.994 [JavaFX Application Thread] DEBUG GameApplicationServi - Removing overlay from DialogSubScene and adding to GameScene
11:13:49.995 [JavaFX Application Thread] DEBUG PrimaryStageWindow   - GameScene <- DialogSubScene
11:13:49.995 [JavaFX Application Thread] DEBUG PrimaryStageWindow   - Push state: BluePlayerScene
11:13:49.995 [JavaFX Application Thread] DEBUG Input                - Clearing active input actions
11:13:49.995 [JavaFX Application Thread] DEBUG GameApplicationServi - Removing overlay from GameScene and adding to BluePlayerScene
11:13:49.995 [JavaFX Application Thread] DEBUG PrimaryStageWindow   - GameScene -> BluePlayerScene
11:13:49.995 [JavaFX Application Thread] DEBUG PrimaryStageWindow   - Pop state: BluePlayerScene
11:13:49.995 [JavaFX Application Thread] DEBUG Input                - Clearing active input actions
11:13:49.995 [JavaFX Application Thread] DEBUG GameApplicationServi - Removing overlay from BluePlayerScene and adding to GameScene
11:13:49.995 [JavaFX Application Thread] DEBUG PrimaryStageWindow   - GameScene <- BluePlayerScene
11:13:51.995 [JavaFX Application Thread] DEBUG PrimaryStageWindow   - Push state: DialogSubScene
11:13:51.996 [JavaFX Application Thread] DEBUG Input                - Clearing active input actions
11:13:51.996 [JavaFX Application Thread] DEBUG GameApplicationServi - Removing overlay from GameScene and adding to DialogSubScene
11:13:51.996 [JavaFX Application Thread] DEBUG PrimaryStageWindow   - GameScene -> DialogSubScene
11:13:53.286 [JavaFX Application Thread] DEBUG PrimaryStageWindow   - Pop state: DialogSubScene
11:13:53.287 [JavaFX Application Thread] DEBUG Input                - Clearing active input actions
11:13:53.287 [JavaFX Application Thread] DEBUG GameApplicationServi - Removing overlay from DialogSubScene and adding to GameScene
11:13:53.287 [JavaFX Application Thread] DEBUG PrimaryStageWindow   - GameScene <- DialogSubScene
11:13:53.287 [JavaFX Application Thread] DEBUG PrimaryStageWindow   - Push state: RedPlayerScene
11:13:53.287 [JavaFX Application Thread] DEBUG Input                - Clearing active input actions
11:13:53.287 [JavaFX Application Thread] DEBUG GameApplicationServi - Removing overlay from GameScene and adding to RedPlayerScene
11:13:53.287 [JavaFX Application Thread] DEBUG PrimaryStageWindow   - GameScene -> RedPlayerScene
11:13:53.287 [JavaFX Application Thread] DEBUG PrimaryStageWindow   - Pop state: RedPlayerScene
11:13:53.287 [JavaFX Application Thread] DEBUG Input                - Clearing active input actions
11:13:53.287 [JavaFX Application Thread] DEBUG GameApplicationServi - Removing overlay from RedPlayerScene and adding to GameScene
11:13:53.287 [JavaFX Application Thread] DEBUG PrimaryStageWindow   - GameScene <- RedPlayerScene
11:13:55.883 [JavaFX Application Thread] DEBUG PrimaryStageWindow   - Push state: DialogSubScene
11:13:55.884 [JavaFX Application Thread] DEBUG Input                - Clearing active input actions
11:13:55.884 [JavaFX Application Thread] DEBUG GameApplicationServi - Removing overlay from GameScene and adding to DialogSubScene
11:13:55.884 [JavaFX Application Thread] DEBUG PrimaryStageWindow   - GameScene -> DialogSubScene
11:13:56.815 [JavaFX Application Thread] DEBUG PrimaryStageWindow   - Pop state: DialogSubScene
11:13:56.816 [JavaFX Application Thread] DEBUG Input                - Clearing active input actions
11:13:56.816 [JavaFX Application Thread] DEBUG GameApplicationServi - Removing overlay from DialogSubScene and adding to GameScene
11:13:56.816 [JavaFX Application Thread] DEBUG PrimaryStageWindow   - GameScene <- DialogSubScene
11:13:56.816 [JavaFX Application Thread] DEBUG PrimaryStageWindow   - Push state: BluePlayerScene
11:13:56.816 [JavaFX Application Thread] DEBUG Input                - Clearing active input actions
11:13:56.816 [JavaFX Application Thread] DEBUG GameApplicationServi - Removing overlay from GameScene and adding to BluePlayerScene
11:13:56.816 [JavaFX Application Thread] DEBUG PrimaryStageWindow   - GameScene -> BluePlayerScene
11:13:56.816 [JavaFX Application Thread] DEBUG PrimaryStageWindow   - Pop state: BluePlayerScene
11:13:56.816 [JavaFX Application Thread] DEBUG Input                - Clearing active input actions
11:13:56.816 [JavaFX Application Thread] DEBUG GameApplicationServi - Removing overlay from BluePlayerScene and adding to GameScene
11:13:56.816 [JavaFX Application Thread] DEBUG PrimaryStageWindow   - GameScene <- BluePlayerScene
11:13:58.332 [JavaFX Application Thread] DEBUG PrimaryStageWindow   - Push state: DialogSubScene
11:13:58.332 [JavaFX Application Thread] DEBUG Input                - Clearing active input actions
11:13:58.332 [JavaFX Application Thread] DEBUG GameApplicationServi - Removing overlay from GameScene and adding to DialogSubScene
11:13:58.332 [JavaFX Application Thread] DEBUG PrimaryStageWindow   - GameScene -> DialogSubScene
11:13:59.081 [JavaFX Application Thread] DEBUG PrimaryStageWindow   - Pop state: DialogSubScene
11:13:59.081 [JavaFX Application Thread] DEBUG Input                - Clearing active input actions
11:13:59.082 [JavaFX Application Thread] DEBUG GameApplicationServi - Removing overlay from DialogSubScene and adding to GameScene
11:13:59.082 [JavaFX Application Thread] DEBUG PrimaryStageWindow   - GameScene <- DialogSubScene
11:13:59.082 [JavaFX Application Thread] DEBUG PrimaryStageWindow   - Push state: RedPlayerScene
11:13:59.082 [JavaFX Application Thread] DEBUG Input                - Clearing active input actions
11:13:59.082 [JavaFX Application Thread] DEBUG GameApplicationServi - Removing overlay from GameScene and adding to RedPlayerScene
11:13:59.082 [JavaFX Application Thread] DEBUG PrimaryStageWindow   - GameScene -> RedPlayerScene
11:13:59.082 [JavaFX Application Thread] DEBUG PrimaryStageWindow   - Pop state: RedPlayerScene
11:13:59.082 [JavaFX Application Thread] DEBUG Input                - Clearing active input actions
11:13:59.082 [JavaFX Application Thread] DEBUG GameApplicationServi - Removing overlay from RedPlayerScene and adding to GameScene
11:13:59.082 [JavaFX Application Thread] DEBUG PrimaryStageWindow   - GameScene <- RedPlayerScene
11:14:01.675 [JavaFX Application Thread] DEBUG PrimaryStageWindow   - Push state: DialogSubScene
11:14:01.676 [JavaFX Application Thread] DEBUG Input                - Clearing active input actions
11:14:01.676 [JavaFX Application Thread] DEBUG GameApplicationServi - Removing overlay from GameScene and adding to DialogSubScene
11:14:01.676 [JavaFX Application Thread] DEBUG PrimaryStageWindow   - GameScene -> DialogSubScene
11:14:02.285 [JavaFX Application Thread] DEBUG PrimaryStageWindow   - Pop state: DialogSubScene
11:14:02.285 [JavaFX Application Thread] DEBUG Input                - Clearing active input actions
11:14:02.285 [JavaFX Application Thread] DEBUG GameApplicationServi - Removing overlay from DialogSubScene and adding to GameScene
11:14:02.285 [JavaFX Application Thread] DEBUG PrimaryStageWindow   - GameScene <- DialogSubScene
11:14:02.285 [JavaFX Application Thread] DEBUG PrimaryStageWindow   - Push state: BluePlayerScene
11:14:02.286 [JavaFX Application Thread] DEBUG Input                - Clearing active input actions
11:14:02.286 [JavaFX Application Thread] DEBUG GameApplicationServi - Removing overlay from GameScene and adding to BluePlayerScene
11:14:02.286 [JavaFX Application Thread] DEBUG PrimaryStageWindow   - GameScene -> BluePlayerScene
11:14:02.286 [JavaFX Application Thread] DEBUG PrimaryStageWindow   - Pop state: BluePlayerScene
11:14:02.286 [JavaFX Application Thread] DEBUG Input                - Clearing active input actions
11:14:02.286 [JavaFX Application Thread] DEBUG GameApplicationServi - Removing overlay from BluePlayerScene and adding to GameScene
11:14:02.286 [JavaFX Application Thread] DEBUG PrimaryStageWindow   - GameScene <- BluePlayerScene
11:14:04.100 [JavaFX Application Thread] DEBUG PrimaryStageWindow   - Push state: DialogSubScene
11:14:04.100 [JavaFX Application Thread] DEBUG Input                - Clearing active input actions
11:14:04.100 [JavaFX Application Thread] DEBUG GameApplicationServi - Removing overlay from GameScene and adding to DialogSubScene
11:14:04.100 [JavaFX Application Thread] DEBUG PrimaryStageWindow   - GameScene -> DialogSubScene
11:14:05.339 [JavaFX Application Thread] DEBUG PrimaryStageWindow   - Pop state: DialogSubScene
11:14:05.339 [JavaFX Application Thread] DEBUG Input                - Clearing active input actions
11:14:05.339 [JavaFX Application Thread] DEBUG GameApplicationServi - Removing overlay from DialogSubScene and adding to GameScene
11:14:05.339 [JavaFX Application Thread] DEBUG PrimaryStageWindow   - GameScene <- DialogSubScene
11:14:09.131 [JavaFX Application Thread] DEBUG PrimaryStageWindow   - Push state: DialogSubScene
11:14:09.131 [JavaFX Application Thread] DEBUG Input                - Clearing active input actions
11:14:09.132 [JavaFX Application Thread] DEBUG GameApplicationServi - Removing overlay from GameScene and adding to DialogSubScene
11:14:09.132 [JavaFX Application Thread] DEBUG PrimaryStageWindow   - GameScene -> DialogSubScene
11:14:09.854 [JavaFX Application Thread] DEBUG PrimaryStageWindow   - Pop state: DialogSubScene
11:14:09.854 [JavaFX Application Thread] DEBUG Input                - Clearing active input actions
11:14:09.855 [JavaFX Application Thread] DEBUG GameApplicationServi - Removing overlay from DialogSubScene and adding to GameScene
11:14:09.855 [JavaFX Application Thread] DEBUG PrimaryStageWindow   - GameScene <- DialogSubScene
11:14:09.855 [JavaFX Application Thread] DEBUG PrimaryStageWindow   - Push state: RedPlayerScene
11:14:09.856 [JavaFX Application Thread] DEBUG Input                - Clearing active input actions
11:14:09.856 [JavaFX Application Thread] DEBUG GameApplicationServi - Removing overlay from GameScene and adding to RedPlayerScene
11:14:09.856 [JavaFX Application Thread] DEBUG PrimaryStageWindow   - GameScene -> RedPlayerScene
11:14:09.856 [JavaFX Application Thread] DEBUG PrimaryStageWindow   - Pop state: RedPlayerScene
11:14:09.856 [JavaFX Application Thread] DEBUG Input                - Clearing active input actions
11:14:09.856 [JavaFX Application Thread] DEBUG GameApplicationServi - Removing overlay from RedPlayerScene and adding to GameScene
11:14:09.856 [JavaFX Application Thread] DEBUG PrimaryStageWindow   - GameScene <- RedPlayerScene
11:14:11.931 [JavaFX Application Thread] DEBUG PrimaryStageWindow   - Push state: DialogSubScene
11:14:11.931 [JavaFX Application Thread] DEBUG Input                - Clearing active input actions
11:14:11.932 [JavaFX Application Thread] DEBUG GameApplicationServi - Removing overlay from GameScene and adding to DialogSubScene
11:14:11.932 [JavaFX Application Thread] DEBUG PrimaryStageWindow   - GameScene -> DialogSubScene
11:14:12.699 [JavaFX Application Thread] DEBUG PrimaryStageWindow   - Pop state: DialogSubScene
11:14:12.700 [JavaFX Application Thread] DEBUG Input                - Clearing active input actions
11:14:12.700 [JavaFX Application Thread] DEBUG GameApplicationServi - Removing overlay from DialogSubScene and adding to GameScene
11:14:12.700 [JavaFX Application Thread] DEBUG PrimaryStageWindow   - GameScene <- DialogSubScene
11:14:12.700 [JavaFX Application Thread] DEBUG PrimaryStageWindow   - Push state: BluePlayerScene
11:14:12.700 [JavaFX Application Thread] DEBUG Input                - Clearing active input actions
11:14:12.700 [JavaFX Application Thread] DEBUG GameApplicationServi - Removing overlay from GameScene and adding to BluePlayerScene
11:14:12.700 [JavaFX Application Thread] DEBUG PrimaryStageWindow   - GameScene -> BluePlayerScene
11:14:12.700 [JavaFX Application Thread] DEBUG PrimaryStageWindow   - Pop state: BluePlayerScene
11:14:12.700 [JavaFX Application Thread] DEBUG Input                - Clearing active input actions
11:14:12.700 [JavaFX Application Thread] DEBUG GameApplicationServi - Removing overlay from BluePlayerScene and adding to GameScene
11:14:12.700 [JavaFX Application Thread] DEBUG PrimaryStageWindow   - GameScene <- BluePlayerScene
11:14:16.679 [JavaFX Application Thread] DEBUG PrimaryStageWindow   - Push state: DialogSubScene
11:14:16.679 [JavaFX Application Thread] DEBUG Input                - Clearing active input actions
11:14:16.679 [JavaFX Application Thread] DEBUG GameApplicationServi - Removing overlay from GameScene and adding to DialogSubScene
11:14:16.679 [JavaFX Application Thread] DEBUG PrimaryStageWindow   - GameScene -> DialogSubScene
11:14:17.494 [JavaFX Application Thread] DEBUG PrimaryStageWindow   - Pop state: DialogSubScene
11:14:17.494 [JavaFX Application Thread] DEBUG Input                - Clearing active input actions
11:14:17.494 [JavaFX Application Thread] DEBUG GameApplicationServi - Removing overlay from DialogSubScene and adding to GameScene
11:14:17.494 [JavaFX Application Thread] DEBUG PrimaryStageWindow   - GameScene <- DialogSubScene
11:14:18.619 [JavaFX Application Thread] DEBUG PrimaryStageWindow   - Push state: DialogSubScene
11:14:18.619 [JavaFX Application Thread] DEBUG Input                - Clearing active input actions
11:14:18.620 [JavaFX Application Thread] DEBUG GameApplicationServi - Removing overlay from GameScene and adding to DialogSubScene
11:14:18.620 [JavaFX Application Thread] DEBUG PrimaryStageWindow   - GameScene -> DialogSubScene
11:14:19.537 [JavaFX Application Thread] DEBUG PrimaryStageWindow   - Pop state: DialogSubScene
11:14:19.537 [JavaFX Application Thread] DEBUG Input                - Clearing active input actions
11:14:19.537 [JavaFX Application Thread] DEBUG GameApplicationServi - Removing overlay from DialogSubScene and adding to GameScene
11:14:19.537 [JavaFX Application Thread] DEBUG PrimaryStageWindow   - GameScene <- DialogSubScene
11:14:19.537 [JavaFX Application Thread] DEBUG PrimaryStageWindow   - Push state: RedPlayerScene
11:14:19.538 [JavaFX Application Thread] DEBUG Input                - Clearing active input actions
11:14:19.538 [JavaFX Application Thread] DEBUG GameApplicationServi - Removing overlay from GameScene and adding to RedPlayerScene
11:14:19.538 [JavaFX Application Thread] DEBUG PrimaryStageWindow   - GameScene -> RedPlayerScene
11:14:19.538 [JavaFX Application Thread] DEBUG PrimaryStageWindow   - Pop state: RedPlayerScene
11:14:19.538 [JavaFX Application Thread] DEBUG Input                - Clearing active input actions
11:14:19.538 [JavaFX Application Thread] DEBUG GameApplicationServi - Removing overlay from RedPlayerScene and adding to GameScene
11:14:19.538 [JavaFX Application Thread] DEBUG PrimaryStageWindow   - GameScene <- RedPlayerScene
11:14:21.099 [JavaFX Application Thread] DEBUG PrimaryStageWindow   - Push state: DialogSubScene
11:14:21.099 [JavaFX Application Thread] DEBUG Input                - Clearing active input actions
11:14:21.100 [JavaFX Application Thread] DEBUG GameApplicationServi - Removing overlay from GameScene and adding to DialogSubScene
11:14:21.100 [JavaFX Application Thread] DEBUG PrimaryStageWindow   - GameScene -> DialogSubScene
11:14:22.191 [JavaFX Application Thread] DEBUG PrimaryStageWindow   - Pop state: DialogSubScene
11:14:22.191 [JavaFX Application Thread] DEBUG Input                - Clearing active input actions
11:14:22.191 [JavaFX Application Thread] DEBUG GameApplicationServi - Removing overlay from DialogSubScene and adding to GameScene
11:14:22.192 [JavaFX Application Thread] DEBUG PrimaryStageWindow   - GameScene <- DialogSubScene
11:14:22.192 [JavaFX Application Thread] DEBUG PrimaryStageWindow   - Push state: BluePlayerScene
11:14:22.192 [JavaFX Application Thread] DEBUG Input                - Clearing active input actions
11:14:22.192 [JavaFX Application Thread] DEBUG GameApplicationServi - Removing overlay from GameScene and adding to BluePlayerScene
11:14:22.192 [JavaFX Application Thread] DEBUG PrimaryStageWindow   - GameScene -> BluePlayerScene
11:14:22.192 [JavaFX Application Thread] DEBUG PrimaryStageWindow   - Pop state: BluePlayerScene
11:14:22.192 [JavaFX Application Thread] DEBUG Input                - Clearing active input actions
11:14:22.192 [JavaFX Application Thread] DEBUG GameApplicationServi - Removing overlay from BluePlayerScene and adding to GameScene
11:14:22.192 [JavaFX Application Thread] DEBUG PrimaryStageWindow   - GameScene <- BluePlayerScene
11:14:23.076 [JavaFX Application Thread] DEBUG PrimaryStageWindow   - Push state: SimpleGameMenu
11:14:23.076 [JavaFX Application Thread] DEBUG Input                - Clearing active input actions
11:14:23.076 [JavaFX Application Thread] DEBUG GameApplicationServi - Removing overlay from GameScene and adding to SimpleGameMenu
11:14:23.076 [JavaFX Application Thread] DEBUG PrimaryStageWindow   - GameScene -> SimpleGameMenu
11:14:23.929 [JavaFX Application Thread] DEBUG Menu                 - fireExitToMainMenu()
11:14:23.930 [JavaFX Application Thread] DEBUG PrimaryStageWindow   - Push state: DialogSubScene
11:14:23.930 [JavaFX Application Thread] DEBUG Input                - Clearing active input actions
11:14:23.930 [JavaFX Application Thread] DEBUG GameApplicationServi - Removing overlay from SimpleGameMenu and adding to DialogSubScene
11:14:23.930 [JavaFX Application Thread] DEBUG PrimaryStageWindow   - SimpleGameMenu -> DialogSubScene
11:14:24.357 [JavaFX Application Thread] DEBUG PrimaryStageWindow   - Pop state: DialogSubScene
11:14:24.357 [JavaFX Application Thread] DEBUG Input                - Clearing active input actions
11:14:24.357 [JavaFX Application Thread] DEBUG GameApplicationServi - Removing overlay from DialogSubScene and adding to SimpleGameMenu
11:14:24.357 [JavaFX Application Thread] DEBUG PrimaryStageWindow   - SimpleGameMenu <- DialogSubScene
11:14:24.357 [JavaFX Application Thread] DEBUG PrimaryStageWindow   - Pop state: SimpleGameMenu
11:14:24.357 [JavaFX Application Thread] DEBUG Input                - Clearing active input actions
11:14:24.358 [JavaFX Application Thread] DEBUG GameApplicationServi - Removing overlay from SimpleGameMenu and adding to GameScene
11:14:24.358 [JavaFX Application Thread] DEBUG PrimaryStageWindow   - GameScene <- SimpleGameMenu
11:14:24.358 [JavaFX Application Thread] DEBUG Input                - Clearing active input actions
11:14:24.362 [JavaFX Application Thread] DEBUG GameApplicationServi - Removing overlay from GameScene and adding to FXGLMainMenuDummyScene
11:14:24.362 [JavaFX Application Thread] DEBUG PrimaryStageWindow   - GameScene -> FXGLMainMenuDummyScene
11:14:24.362 [JavaFX Application Thread] DEBUG PrimaryStageWindow   - Push state: BattleShipMainMenu
11:14:24.362 [JavaFX Application Thread] DEBUG Input                - Clearing active input actions
11:14:24.362 [JavaFX Application Thread] DEBUG GameApplicationServi - Removing overlay from FXGLMainMenuDummyScene and adding to BattleShipMainMenu
11:14:24.362 [JavaFX Application Thread] DEBUG PrimaryStageWindow   - FXGLMainMenuDummyScene -> BattleShipMainMenu
11:14:25.293 [JavaFX Application Thread] DEBUG Menu                 - fireExit()
11:14:25.294 [JavaFX Application Thread] DEBUG PrimaryStageWindow   - Push state: DialogSubScene
11:14:25.294 [JavaFX Application Thread] DEBUG Input                - Clearing active input actions
11:14:25.294 [JavaFX Application Thread] DEBUG GameApplicationServi - Removing overlay from BattleShipMainMenu and adding to DialogSubScene
11:14:25.294 [JavaFX Application Thread] DEBUG PrimaryStageWindow   - BattleShipMainMenu -> DialogSubScene
11:14:25.762 [JavaFX Application Thread] DEBUG PrimaryStageWindow   - Pop state: DialogSubScene
11:14:25.762 [JavaFX Application Thread] DEBUG Input                - Clearing active input actions
11:14:25.762 [JavaFX Application Thread] DEBUG GameApplicationServi - Removing overlay from DialogSubScene and adding to BattleShipMainMenu
11:14:25.762 [JavaFX Application Thread] DEBUG PrimaryStageWindow   - BattleShipMainMenu <- DialogSubScene
11:14:25.762 [JavaFX Application Thread] DEBUG FXGLApplication      - Exiting FXGL
11:14:25.762 [JavaFX Application Thread] DEBUG LoopRunner           - Stopping loop
11:14:25.763 [JavaFX Application Thread] DEBUG SystemBundleService  - Saving FXGL system data
11:14:25.764 [JavaFX Application Thread] DEBUG FileSystemAccess     - Writing to: D:\battleShip\battleShip_FXGL\system\fxgl.bundle
11:14:25.765 [JavaFX Application Thread] DEBUG Async                - Shutting down background threads
11:14:25.765 [JavaFX Application Thread] DEBUG PrimaryStageWindow   - Closing main window
11:14:25.784 [JavaFX Application Thread] DEBUG Logger               - Closing Logger
