14:29:09.941 [main                     ] DEBUG Logger               - Configured Logger
14:29:09.970 [main                     ] DEBUG GameApplication      - Logging settings
Title: BattleShip_FXGL
Version: 0.1
Width: 1920
Height: 1080
Fullscreen: true
Intro: true
Profiling: false
Single step:false
App Mode: DEVELOPER
Menu Key: ESCAPE
Stage Style: DECORATED
Scene Factory: class fi.utu.tech.gui.javafx.fxgl.BattleShipApp$1

14:29:10.303 [JavaFX Application Thread] DEBUG FXGLApplication      - Initializing FXGL
14:29:10.305 [JavaFX Application Thread] INFO  Engine               - FXGL-11.14 (01.03.2021 16.59) on WINDOWS (J:11.0.10 FX:15)
14:29:10.306 [JavaFX Application Thread] DEBUG Engine               - JRE Vendor Name: Amazon.com Inc.
14:29:10.306 [JavaFX Application Thread] DEBUG Engine               - Running on OS: Windows 10 version 10.0
14:29:10.306 [JavaFX Application Thread] DEBUG Engine               - Architecture: amd64
14:29:10.306 [JavaFX Application Thread] INFO  Engine               - Source code and latest versions at: https://github.com/AlmasB/FXGL
14:29:10.306 [JavaFX Application Thread] INFO  Engine               -              Join the FXGL chat at: https://gitter.im/AlmasB/FXGL
14:29:10.388 [JavaFX Application Thread] DEBUG PrimaryStageWindow   - Creating a JavaFX scene
14:29:10.439 [JavaFX Application Thread] DEBUG PrimaryStageWindow   - Target settings size: 1920.0 x 1080.0
14:29:10.439 [JavaFX Application Thread] DEBUG PrimaryStageWindow   - Scaled scene size:    1920.0 x 1080.0
14:29:10.439 [JavaFX Application Thread] DEBUG PrimaryStageWindow   - Scaled ratio: (1.0, 1.0)
14:29:10.440 [JavaFX Application Thread] DEBUG PrimaryStageWindow   - Set initial scene to FXGLStartupScene
14:29:10.446 [JavaFX Application Thread] DEBUG PrimaryStageWindow   - Opening main window
14:29:10.525 [JavaFX Application Thread] DEBUG PrimaryStageWindow   - Window border size: (16.0, 39.0)
14:29:10.525 [JavaFX Application Thread] DEBUG PrimaryStageWindow   - Scaled size: 1920.0 x 1080.0
14:29:10.525 [JavaFX Application Thread] DEBUG PrimaryStageWindow   - Scaled ratio: (1.0, 1.0)
14:29:10.526 [JavaFX Application Thread] DEBUG PrimaryStageWindow   - Scene size: 1920.0 x 1080.0
14:29:10.526 [JavaFX Application Thread] DEBUG PrimaryStageWindow   - Stage size: 1936.0 x 1119.0
14:29:10.579 [JavaFX Application Thread] DEBUG PrimaryStageWindow   - Going fullscreen
14:29:10.586 [FXGL Background Thread 1 ] DEBUG Engine               - Initializing environment variables
14:29:10.637 [FXGL Background Thread 1 ] DEBUG FXGLAssetLoaderServi - User app class for loading assets: class fi.utu.tech.gui.javafx.fxgl.BattleShipApp
14:29:10.637 [FXGL Background Thread 1 ] DEBUG GameApplicationServi - Applying CSS: fxgl_dark.css
14:29:10.638 [FXGL Background Thread 1 ] DEBUG FXGLAssetLoaderServi - Loading from file system: jar:file:///C:/Users/box69/.m2/repository/com/github/almasb/fxgl/11.14/fxgl-11.14.jar!/fxglassets/ui/css/fxgl_dark.css
14:29:10.680 [FXGL Background Thread 1 ] DEBUG GameApplicationServi - Initializing application scenes
14:29:10.752 [FXGL Background Thread 1 ] DEBUG GameWorld            - Game world initialized
14:29:10.804 [FXGL Background Thread 1 ] DEBUG PhysicsWorld         - Physics world initialized: appHeight=1080, physics.ppm=50.0
14:29:10.805 [FXGL Background Thread 1 ] DEBUG PhysicsWorld         - Using strategy: BRUTE_FORCE
14:29:10.807 [FXGL Background Thread 1 ] DEBUG GameScene            - Game scene initialized: 1920x1080
14:29:10.810 [FXGL Background Thread 1 ] DEBUG FXGLAssetLoaderServi - Loading from file system: jar:file:///C:/Users/box69/.m2/repository/com/github/almasb/fxgl/11.14/fxgl-11.14.jar!/fxglassets/textures/intro/fxgl_logo.png
14:29:10.847 [FXGL Background Thread 1 ] DEBUG FXGLAssetLoaderServi - Loading from file system: jar:file:///C:/Users/box69/.m2/repository/com/github/almasb/fxgl/11.14/fxgl-11.14.jar!/fxglassets/textures/intro/javafx_logo.png
14:29:11.001 [FXGL Background Thread 1 ] DEBUG FXGLAssetLoaderServi - Loading from file system: file:/D:/battleShip/battleShip_FXGL/target/classes/assets/textures/Nebula_Red.png
14:29:11.189 [FXGL Background Thread 1 ] DEBUG FXGLAssetLoaderServi - Loading from file system: jar:file:///C:/Users/box69/.m2/repository/com/github/almasb/fxgl/11.14/fxgl-11.14.jar!/fxglassets/textures/pause_menu_bg.png
14:29:11.204 [FXGL Background Thread 1 ] DEBUG GameApplicationServi - Application scenes initialized
14:29:11.214 [FXGL Background Thread 1 ] DEBUG SystemBundleService  - Loading FXGL system data
14:29:11.216 [FXGL Background Thread 1 ] DEBUG FileSystemAccess     - Reading from: D:\battleShip\battleShip_FXGL\system\fxgl.bundle
14:29:11.221 [FXGL Background Thread 1 ] DEBUG SystemBundleService  - Bundle FXGL: {}
14:29:11.221 [FXGL Background Thread 1 ] DEBUG UpdaterService       - Checking for updates
14:29:11.228 [FXGL Background Thread 4 ] DEBUG FXGLApplication      - Loading fonts
14:29:11.229 [FXGL Background Thread 1 ] DEBUG FXGLApplication      - Loading default localization
14:29:11.229 [FXGL Background Thread 4 ] DEBUG FXGLAssetLoaderServi - Loading from file system: jar:file:///C:/Users/box69/.m2/repository/com/github/almasb/fxgl/11.14/fxgl-11.14.jar!/fxglassets/ui/fonts/VarelaRound-Regular.ttf
14:29:11.229 [FXGL Background Thread 1 ] DEBUG FXGLAssetLoaderServi - Loading from file system: jar:file:///C:/Users/box69/.m2/repository/com/github/almasb/fxgl/11.14/fxgl-11.14.jar!/fxglassets/languages/english.lang
14:29:11.243 [FXGL Background Thread 1 ] INFO  FXGLApplication      - FXGL initialization took: 0.657 sec
14:29:11.257 [JavaFX Application Thread] DEBUG Input                - Registered new binding: Change Scene - Space
14:29:11.258 [JavaFX Application Thread] DEBUG Input                - Registered new binding: action0 - R
14:29:11.259 [JavaFX Application Thread] DEBUG Input                - Registered new binding: Deploy - RMB
14:29:11.259 [JavaFX Application Thread] DEBUG Input                - Registered new binding: Attack - LMB
14:29:11.259 [JavaFX Application Thread] DEBUG FXGLAssetLoaderServi - Loading from file system: file:/D:/battleShip/battleShip_FXGL/target/classes/assets/music/CrashedShip.mp3
14:29:11.412 [JavaFX Application Thread] DEBUG AudioPlayer          - Playing music com.almasb.fxgl.audio.Music@657acc56
14:29:11.413 [JavaFX Application Thread] DEBUG FXGLAssetLoaderServi - Loading from file system: jar:file:///C:/Users/box69/.m2/repository/com/github/almasb/fxgl/11.14/fxgl-11.14.jar!/fxglassets/textures/fxgl_icon.png
14:29:11.426 [JavaFX Application Thread] DEBUG FXGLAssetLoaderServi - Loading from file system: jar:file:///C:/Users/box69/.m2/repository/com/github/almasb/fxgl/11.14/fxgl-11.14.jar!/fxglassets/ui/cursors/fxgl_default.png
14:29:11.427 [JavaFX Application Thread] DEBUG Input                - Registered new binding: Screenshot - P
14:29:11.428 [JavaFX Application Thread] DEBUG Input                - Registered new binding: System info dump - CTRL+9
14:29:11.428 [JavaFX Application Thread] DEBUG Input                - Registered new binding: Restart - CTRL+R
14:29:11.428 [JavaFX Application Thread] DEBUG Input                - Registered new binding: Toggle Debug Camera - CTRL+C
14:29:11.430 [JavaFX Application Thread] DEBUG LoopRunner           - Starting loop
14:29:11.430 [JavaFX Application Thread] DEBUG LoopRunner           - Initializing JavaFX AnimationTimerLoop
14:29:11.455 [JavaFX Application Thread] DEBUG Input                - Clearing active input actions
14:29:11.463 [JavaFX Application Thread] DEBUG GameApplicationServi - Removing overlay from FXGLStartupScene and adding to FXGLIntroScene
14:29:11.463 [JavaFX Application Thread] DEBUG PrimaryStageWindow   - FXGLStartupScene -> FXGLIntroScene
14:29:11.667 [FXGL Background Thread 4 ] DEBUG FXGLAssetLoaderServi - Loading from file system: jar:file:///C:/Users/box69/.m2/repository/com/github/almasb/fxgl/11.14/fxgl-11.14.jar!/fxglassets/ui/fonts/Abel-Regular.ttf
14:29:11.670 [FXGL Background Thread 4 ] DEBUG FXGLAssetLoaderServi - Loading from file system: jar:file:///C:/Users/box69/.m2/repository/com/github/almasb/fxgl/11.14/fxgl-11.14.jar!/fxglassets/ui/fonts/lucida_console.ttf
14:29:11.674 [FXGL Background Thread 4 ] DEBUG FXGLAssetLoaderServi - Loading from file system: jar:file:///C:/Users/box69/.m2/repository/com/github/almasb/fxgl/11.14/fxgl-11.14.jar!/fxglassets/ui/fonts/Courier-Prime.ttf
14:29:11.678 [JavaFX Application Thread] DEBUG FXGLApplication      - Registering font factories with UI factory
14:29:14.228 [FXGL Background Thread 3 ] DEBUG Engine               - Logging environment variables
14:29:14.228 [FXGL Background Thread 3 ] DEBUG Engine               - achievements: []
14:29:14.228 [FXGL Background Thread 3 ] DEBUG Engine               - actualHeight: 1080.0
14:29:14.228 [FXGL Background Thread 3 ] DEBUG Engine               - actualHeightProperty: ReadOnlyDoubleProperty [value: 1080.0]
14:29:14.228 [FXGL Background Thread 3 ] DEBUG Engine               - actualWidth: 1920.0
14:29:14.229 [FXGL Background Thread 3 ] DEBUG Engine               - actualWidthProperty: ReadOnlyDoubleProperty [value: 1920.0]
14:29:14.229 [FXGL Background Thread 3 ] DEBUG Engine               - appIcon: fxgl_icon.png
14:29:14.229 [FXGL Background Thread 3 ] DEBUG Engine               - applicationMode: DEVELOPER
14:29:14.229 [FXGL Background Thread 3 ] DEBUG Engine               - cSSList: [fxgl_dark.css]
14:29:14.229 [FXGL Background Thread 3 ] DEBUG Engine               - collisionDetectionStrategy: BRUTE_FORCE
14:29:14.229 [FXGL Background Thread 3 ] DEBUG Engine               - configClass: Optional.empty
14:29:14.229 [FXGL Background Thread 3 ] DEBUG Engine               - credits: []
14:29:14.229 [FXGL Background Thread 3 ] DEBUG Engine               - devBBoxColorProperty: ObjectProperty [value: 0xff0000ff]
14:29:14.229 [FXGL Background Thread 3 ] DEBUG Engine               - devEnableDebugCameraProperty: BooleanProperty [value: false]
14:29:14.229 [FXGL Background Thread 3 ] DEBUG Engine               - devSensorColorProperty: ObjectProperty [value: 0xffff00ff]
14:29:14.230 [FXGL Background Thread 3 ] DEBUG Engine               - devShowBBoxProperty: BooleanProperty [value: false]
14:29:14.230 [FXGL Background Thread 3 ] DEBUG Engine               - devShowPositionProperty: BooleanProperty [value: false]
14:29:14.230 [FXGL Background Thread 3 ] DEBUG Engine               - enabledMenuItems: []
14:29:14.230 [FXGL Background Thread 3 ] DEBUG Engine               - engineServices: [class com.almasb.fxgl.app.services.FXGLAssetLoaderService, class com.almasb.fxgl.app.FXGLApplication$GameApplicationService, class com.almasb.fxgl.app.services.FXGLDialogService, class com.almasb.fxgl.app.services.IOTaskExecutorService, class com.almasb.fxgl.event.EventBusService, class com.almasb.fxgl.io.FileSystemService, class com.almasb.fxgl.localization.LocalizationService, class com.almasb.fxgl.app.services.SystemBundleService, class com.almasb.fxgl.profile.SaveLoadService, class com.almasb.fxgl.ui.FXGLUIFactoryServiceProvider, class com.almasb.fxgl.ui.FXGLDialogFactoryServiceProvider, class com.almasb.fxgl.audio.AudioPlayer, class com.almasb.fxgl.notification.impl.NotificationServiceProvider, class com.almasb.fxgl.achievement.AchievementService, class com.almasb.fxgl.cutscene.CutsceneService, class com.almasb.fxgl.minigames.MiniGameService, class com.almasb.fxgl.net.NetService, class com.almasb.fxgl.app.services.UpdaterService, class com.almasb.fxgl.dev.DevService]
14:29:14.230 [FXGL Background Thread 3 ] DEBUG Engine               - fontGame: Abel-Regular.ttf
14:29:14.230 [FXGL Background Thread 3 ] DEBUG Engine               - fontMono: lucida_console.ttf
14:29:14.230 [FXGL Background Thread 3 ] DEBUG Engine               - fontText: Courier-Prime.ttf
14:29:14.230 [FXGL Background Thread 3 ] DEBUG Engine               - fontUI: VarelaRound-Regular.ttf
14:29:14.230 [FXGL Background Thread 3 ] DEBUG Engine               - fullScreen: BooleanProperty [value: true]
14:29:14.230 [FXGL Background Thread 3 ] DEBUG Engine               - gameDifficulty: MEDIUM
14:29:14.230 [FXGL Background Thread 3 ] DEBUG Engine               - gameDifficultyProperty: ObjectProperty [value: MEDIUM]
14:29:14.230 [FXGL Background Thread 3 ] DEBUG Engine               - globalMusicVolume: 0.5
14:29:14.230 [FXGL Background Thread 3 ] DEBUG Engine               - globalMusicVolumeProperty: DoubleProperty [value: 0.2]
14:29:14.231 [FXGL Background Thread 3 ] DEBUG Engine               - globalSoundVolume: 0.5
14:29:14.231 [FXGL Background Thread 3 ] DEBUG Engine               - globalSoundVolumeProperty: DoubleProperty [value: 0.4]
14:29:14.231 [FXGL Background Thread 3 ] DEBUG Engine               - height: 1080
14:29:14.231 [FXGL Background Thread 3 ] DEBUG Engine               - isAndroid: false
14:29:14.231 [FXGL Background Thread 3 ] DEBUG Engine               - isBrowser: false
14:29:14.231 [FXGL Background Thread 3 ] DEBUG Engine               - isClickFeedbackEnabled: false
14:29:14.231 [FXGL Background Thread 3 ] DEBUG Engine               - isCloseConfirmation: false
14:29:14.231 [FXGL Background Thread 3 ] DEBUG Engine               - isDesktop: true
14:29:14.231 [FXGL Background Thread 3 ] DEBUG Engine               - isDeveloperMenuEnabled: false
14:29:14.231 [FXGL Background Thread 3 ] DEBUG Engine               - isEntityPreloadEnabled: true
14:29:14.231 [FXGL Background Thread 3 ] DEBUG Engine               - isExperimental3D: false
14:29:14.231 [FXGL Background Thread 3 ] DEBUG Engine               - isExperimentalNative: false
14:29:14.232 [FXGL Background Thread 3 ] DEBUG Engine               - isExperimentalTiledLargeMap: false
14:29:14.232 [FXGL Background Thread 3 ] DEBUG Engine               - isFileSystemWriteAllowed: true
14:29:14.232 [FXGL Background Thread 3 ] DEBUG Engine               - isFullScreenAllowed: true
14:29:14.232 [FXGL Background Thread 3 ] DEBUG Engine               - isFullScreenFromStart: true
14:29:14.232 [FXGL Background Thread 3 ] DEBUG Engine               - isGameMenuEnabled: true
14:29:14.232 [FXGL Background Thread 3 ] DEBUG Engine               - isIOS: false
14:29:14.232 [FXGL Background Thread 3 ] DEBUG Engine               - isIntroEnabled: true
14:29:14.232 [FXGL Background Thread 3 ] DEBUG Engine               - isLinux: false
14:29:14.232 [FXGL Background Thread 3 ] DEBUG Engine               - isMac: false
14:29:14.232 [FXGL Background Thread 3 ] DEBUG Engine               - isMainMenuEnabled: true
14:29:14.232 [FXGL Background Thread 3 ] DEBUG Engine               - isManualResizeEnabled: false
14:29:14.232 [FXGL Background Thread 3 ] DEBUG Engine               - isMobile: false
14:29:14.232 [FXGL Background Thread 3 ] DEBUG Engine               - isPreserveResizeRatio: false
14:29:14.233 [FXGL Background Thread 3 ] DEBUG Engine               - isProfilingEnabled: false
14:29:14.233 [FXGL Background Thread 3 ] DEBUG Engine               - isScaleAffectedOnResize: true
14:29:14.233 [FXGL Background Thread 3 ] DEBUG Engine               - isSingleStep: false
14:29:14.233 [FXGL Background Thread 3 ] DEBUG Engine               - isUserProfileEnabled: false
14:29:14.233 [FXGL Background Thread 3 ] DEBUG Engine               - isWindows: true
14:29:14.233 [FXGL Background Thread 3 ] DEBUG Engine               - language: ObjectProperty [value: ENGLISH]
14:29:14.233 [FXGL Background Thread 3 ] DEBUG Engine               - menuKey: ESCAPE
14:29:14.233 [FXGL Background Thread 3 ] DEBUG Engine               - notificationViewClass: class com.almasb.fxgl.notification.view.XboxNotificationView
14:29:14.233 [FXGL Background Thread 3 ] DEBUG Engine               - pixelsPerMeter: 50.0
14:29:14.233 [FXGL Background Thread 3 ] DEBUG Engine               - platform: WINDOWS
14:29:14.233 [FXGL Background Thread 3 ] DEBUG Engine               - prefHeightProperty: ReadOnlyDoubleProperty [value: 1080.0]
14:29:14.233 [FXGL Background Thread 3 ] DEBUG Engine               - prefWidthProperty: ReadOnlyDoubleProperty [value: 1920.0]
14:29:14.233 [FXGL Background Thread 3 ] DEBUG Engine               - profileDir: profiles/
14:29:14.233 [FXGL Background Thread 3 ] DEBUG Engine               - profileName: StringProperty [value: DEFAULT]
14:29:14.234 [FXGL Background Thread 3 ] DEBUG Engine               - randomSeed: -1
14:29:14.234 [FXGL Background Thread 3 ] DEBUG Engine               - runtimeInfo: RuntimeInfo(platform=WINDOWS, version=11.14, build=01.03.2021 16.59)
14:29:14.234 [FXGL Background Thread 3 ] DEBUG Engine               - saveFileExt: sav
14:29:14.234 [FXGL Background Thread 3 ] DEBUG Engine               - scaledHeightProp$fxgl: DoubleProperty [bound, value: 1080.0]
14:29:14.234 [FXGL Background Thread 3 ] DEBUG Engine               - scaledWidthProp$fxgl: DoubleProperty [bound, value: 1920.0]
14:29:14.234 [FXGL Background Thread 3 ] DEBUG Engine               - sceneFactory: fi.utu.tech.gui.javafx.fxgl.BattleShipApp$1@7c3f7d27
14:29:14.234 [FXGL Background Thread 3 ] DEBUG Engine               - secondsIn24h: 60
14:29:14.234 [FXGL Background Thread 3 ] DEBUG Engine               - soundMenuBack: menu/back.wav
14:29:14.234 [FXGL Background Thread 3 ] DEBUG Engine               - soundMenuPress: menu/press.wav
14:29:14.234 [FXGL Background Thread 3 ] DEBUG Engine               - soundMenuSelect: menu/select.wav
14:29:14.234 [FXGL Background Thread 3 ] DEBUG Engine               - soundNotification: core/notification.wav
14:29:14.234 [FXGL Background Thread 3 ] DEBUG Engine               - stageStyle: DECORATED
14:29:14.234 [FXGL Background Thread 3 ] DEBUG Engine               - supportedLanguages: [ENGLISH, FRENCH, GERMAN, HUNGARIAN, RUSSIAN]
14:29:14.234 [FXGL Background Thread 3 ] DEBUG Engine               - ticksPerSecond: -1
14:29:14.234 [FXGL Background Thread 3 ] DEBUG Engine               - title: BattleShip_FXGL
14:29:14.234 [FXGL Background Thread 3 ] DEBUG Engine               - urlGithub: https://github.com/AlmasB/FXGL
14:29:14.234 [FXGL Background Thread 3 ] DEBUG Engine               - urlLeaderboard: http://fxgl-top.herokuapp.com/
14:29:14.234 [FXGL Background Thread 3 ] DEBUG Engine               - urlPOM: https://raw.githubusercontent.com/AlmasB/FXGL/release/README.md
14:29:14.235 [FXGL Background Thread 3 ] DEBUG Engine               - userAppClass: class fi.utu.tech.gui.javafx.fxgl.BattleShipApp
14:29:14.235 [FXGL Background Thread 3 ] DEBUG Engine               - version: 0.1
14:29:14.235 [FXGL Background Thread 3 ] DEBUG Engine               - versionCheckDays: 7
14:29:14.235 [FXGL Background Thread 3 ] DEBUG Engine               - width: 1920
14:29:14.235 [FXGL Background Thread 3 ] DEBUG Engine               - Logging services
14:29:14.235 [FXGL Background Thread 3 ] DEBUG Engine               - class com.almasb.fxgl.app.services.FXGLAssetLoaderService
14:29:14.235 [FXGL Background Thread 3 ] DEBUG Engine               - class com.almasb.fxgl.app.FXGLApplication$GameApplicationService
14:29:14.235 [FXGL Background Thread 3 ] DEBUG Engine               - class com.almasb.fxgl.app.services.FXGLDialogService
14:29:14.235 [FXGL Background Thread 3 ] DEBUG Engine               - class com.almasb.fxgl.app.services.IOTaskExecutorService
14:29:14.235 [FXGL Background Thread 3 ] DEBUG Engine               - class com.almasb.fxgl.event.EventBusService
14:29:14.235 [FXGL Background Thread 3 ] DEBUG Engine               - class com.almasb.fxgl.io.FileSystemService
14:29:14.235 [FXGL Background Thread 3 ] DEBUG Engine               - class com.almasb.fxgl.localization.LocalizationService
14:29:14.235 [FXGL Background Thread 3 ] DEBUG Engine               - class com.almasb.fxgl.app.services.SystemBundleService
14:29:14.236 [FXGL Background Thread 3 ] DEBUG Engine               - class com.almasb.fxgl.profile.SaveLoadService
14:29:14.236 [FXGL Background Thread 3 ] DEBUG Engine               - class com.almasb.fxgl.ui.FXGLUIFactoryServiceProvider
14:29:14.236 [FXGL Background Thread 3 ] DEBUG Engine               - class com.almasb.fxgl.ui.FXGLDialogFactoryServiceProvider
14:29:14.236 [FXGL Background Thread 3 ] DEBUG Engine               - class com.almasb.fxgl.audio.AudioPlayer
14:29:14.236 [FXGL Background Thread 3 ] DEBUG Engine               - class com.almasb.fxgl.notification.impl.NotificationServiceProvider
14:29:14.236 [FXGL Background Thread 3 ] DEBUG Engine               - class com.almasb.fxgl.achievement.AchievementService
14:29:14.236 [FXGL Background Thread 3 ] DEBUG Engine               - class com.almasb.fxgl.cutscene.CutsceneService
14:29:14.236 [FXGL Background Thread 3 ] DEBUG Engine               - class com.almasb.fxgl.minigames.MiniGameService
14:29:14.236 [FXGL Background Thread 3 ] DEBUG Engine               - class com.almasb.fxgl.net.NetService
14:29:14.236 [FXGL Background Thread 3 ] DEBUG Engine               - class com.almasb.fxgl.app.services.UpdaterService
14:29:14.236 [FXGL Background Thread 3 ] DEBUG Engine               - class com.almasb.fxgl.dev.DevService
14:29:16.664 [JavaFX Application Thread] DEBUG Input                - Clearing active input actions
14:29:16.669 [JavaFX Application Thread] DEBUG GameApplicationServi - Removing overlay from FXGLIntroScene and adding to FXGLMainMenuDummyScene
14:29:16.669 [JavaFX Application Thread] DEBUG PrimaryStageWindow   - FXGLIntroScene -> FXGLMainMenuDummyScene
14:29:16.669 [JavaFX Application Thread] DEBUG PrimaryStageWindow   - Push state: BattleShipMainMenu
14:29:16.669 [JavaFX Application Thread] DEBUG Input                - Clearing active input actions
14:29:16.672 [JavaFX Application Thread] DEBUG GameApplicationServi - Removing overlay from FXGLMainMenuDummyScene and adding to BattleShipMainMenu
14:29:16.672 [JavaFX Application Thread] DEBUG PrimaryStageWindow   - FXGLMainMenuDummyScene -> BattleShipMainMenu
14:29:18.014 [JavaFX Application Thread] DEBUG PrimaryStageWindow   - Push state: DialogSubScene
14:29:18.014 [JavaFX Application Thread] DEBUG Input                - Clearing active input actions
14:29:18.017 [JavaFX Application Thread] DEBUG GameApplicationServi - Removing overlay from BattleShipMainMenu and adding to DialogSubScene
14:29:18.017 [JavaFX Application Thread] DEBUG PrimaryStageWindow   - BattleShipMainMenu -> DialogSubScene
14:29:28.115 [JavaFX Application Thread] DEBUG PrimaryStageWindow   - Pop state: DialogSubScene
14:29:28.116 [JavaFX Application Thread] DEBUG Input                - Clearing active input actions
14:29:28.116 [JavaFX Application Thread] DEBUG GameApplicationServi - Removing overlay from DialogSubScene and adding to BattleShipMainMenu
14:29:28.116 [JavaFX Application Thread] DEBUG PrimaryStageWindow   - BattleShipMainMenu <- DialogSubScene
14:29:28.558 [JavaFX Application Thread] DEBUG Menu                 - fireNewGame()
14:29:28.558 [JavaFX Application Thread] DEBUG GameApplicationServi - Starting new game
14:29:28.558 [JavaFX Application Thread] DEBUG PrimaryStageWindow   - Pop state: BattleShipMainMenu
14:29:28.558 [JavaFX Application Thread] DEBUG Input                - Clearing active input actions
14:29:28.558 [JavaFX Application Thread] DEBUG GameApplicationServi - Removing overlay from BattleShipMainMenu and adding to FXGLMainMenuDummyScene
14:29:28.559 [JavaFX Application Thread] DEBUG PrimaryStageWindow   - FXGLMainMenuDummyScene <- BattleShipMainMenu
14:29:28.559 [JavaFX Application Thread] DEBUG Input                - Clearing active input actions
14:29:28.562 [JavaFX Application Thread] DEBUG GameApplicationServi - Removing overlay from FXGLMainMenuDummyScene and adding to FXGLLoadingScene
14:29:28.562 [JavaFX Application Thread] DEBUG PrimaryStageWindow   - FXGLMainMenuDummyScene -> FXGLLoadingScene
14:29:28.562 [JavaFX Application Thread] DEBUG GameApplicationServi - Clearing previous game
14:29:28.562 [JavaFX Application Thread] DEBUG GameScene            - Clearing game scene
14:29:28.562 [JavaFX Application Thread] DEBUG GameWorld            - Clearing game world
14:29:28.562 [JavaFX Application Thread] DEBUG PhysicsWorld         - Clearing physics world
14:29:28.563 [FXGL Background Thread 2 ] DEBUG FXGLApplication      - Initializing game
14:29:28.568 [FXGL Background Thread 2 ] DEBUG FXGLAssetLoaderServi - Loading from file system: file:/D:/battleShip/battleShip_FXGL/target/classes/assets/textures/bg.jpg
14:29:28.597 [FXGL Background Thread 2 ] DEBUG FXGLAssetLoaderServi - Loading from file system: file:/D:/battleShip/battleShip_FXGL/target/classes/assets/textures/ShipContainer.png
14:29:28.600 [FXGL Background Thread 2 ] DEBUG FXGLAssetLoaderServi - Loading from file system: file:/D:/battleShip/battleShip_FXGL/target/classes/assets/textures/ships/ship_b_5_h.png
14:29:28.611 [FXGL Background Thread 2 ] DEBUG FXGLAssetLoaderServi - Loading from file system: file:/D:/battleShip/battleShip_FXGL/target/classes/assets/textures/ships/ship_r_5_h.png
14:29:28.614 [FXGL Background Thread 2 ] DEBUG FXGLAssetLoaderServi - Loading from file system: file:/D:/battleShip/battleShip_FXGL/target/classes/assets/textures/ships/ship_b_4_h.png
14:29:28.616 [FXGL Background Thread 2 ] DEBUG FXGLAssetLoaderServi - Loading from file system: file:/D:/battleShip/battleShip_FXGL/target/classes/assets/textures/ships/ship_r_4_h.png
14:29:28.617 [FXGL Background Thread 2 ] DEBUG FXGLAssetLoaderServi - Loading from file system: file:/D:/battleShip/battleShip_FXGL/target/classes/assets/textures/ships/ship_b_3_2_h.png
14:29:28.619 [FXGL Background Thread 2 ] DEBUG FXGLAssetLoaderServi - Loading from file system: file:/D:/battleShip/battleShip_FXGL/target/classes/assets/textures/ships/ship_r_3_2_h.png
14:29:28.621 [FXGL Background Thread 2 ] DEBUG FXGLAssetLoaderServi - Loading from file system: file:/D:/battleShip/battleShip_FXGL/target/classes/assets/textures/ships/ship_b_3_1_h.png
14:29:28.623 [FXGL Background Thread 2 ] DEBUG FXGLAssetLoaderServi - Loading from file system: file:/D:/battleShip/battleShip_FXGL/target/classes/assets/textures/ships/ship_r_3_1_h.png
14:29:28.624 [FXGL Background Thread 2 ] DEBUG FXGLAssetLoaderServi - Loading from file system: file:/D:/battleShip/battleShip_FXGL/target/classes/assets/textures/ships/ship_b_2_h.png
14:29:28.626 [FXGL Background Thread 2 ] DEBUG FXGLAssetLoaderServi - Loading from file system: file:/D:/battleShip/battleShip_FXGL/target/classes/assets/textures/ships/ship_r_2_h.png
14:29:28.628 [FXGL Background Thread 2 ] DEBUG FXGLAssetLoaderServi - Loading from file system: file:/D:/battleShip/battleShip_FXGL/target/classes/assets/textures/Tile.png
14:29:28.648 [FXGL Background Thread 2 ] INFO  FXGLApplication      - Game initialization took: 0.085 sec
14:29:28.652 [JavaFX Application Thread] DEBUG Input                - Clearing active input actions
14:29:28.657 [JavaFX Application Thread] DEBUG GameApplicationServi - Removing overlay from FXGLLoadingScene and adding to GameScene
14:29:28.657 [JavaFX Application Thread] DEBUG PrimaryStageWindow   - FXGLLoadingScene -> GameScene
14:29:28.668 [JavaFX Application Thread] DEBUG FXGLAssetLoaderServi - Loading from file system: file:/D:/battleShip/battleShip_FXGL/target/classes/assets/textures/bg2.jpg
14:29:28.696 [JavaFX Application Thread] DEBUG PrimaryStageWindow   - Push state: DialogSubScene
14:29:28.696 [JavaFX Application Thread] DEBUG Input                - Clearing active input actions
14:29:28.696 [JavaFX Application Thread] DEBUG GameApplicationServi - Removing overlay from GameScene and adding to DialogSubScene
14:29:28.696 [JavaFX Application Thread] DEBUG PrimaryStageWindow   - GameScene -> DialogSubScene
14:29:30.477 [JavaFX Application Thread] DEBUG PrimaryStageWindow   - Pop state: DialogSubScene
14:29:30.477 [JavaFX Application Thread] DEBUG Input                - Clearing active input actions
14:29:30.477 [JavaFX Application Thread] DEBUG GameApplicationServi - Removing overlay from DialogSubScene and adding to GameScene
14:29:30.477 [JavaFX Application Thread] DEBUG PrimaryStageWindow   - GameScene <- DialogSubScene
14:29:30.477 [JavaFX Application Thread] DEBUG PrimaryStageWindow   - Push state: BluePlayerDeployScene
14:29:30.478 [JavaFX Application Thread] DEBUG Input                - Clearing active input actions
14:29:30.478 [JavaFX Application Thread] DEBUG GameApplicationServi - Removing overlay from GameScene and adding to BluePlayerDeployScene
14:29:30.478 [JavaFX Application Thread] DEBUG PrimaryStageWindow   - GameScene -> BluePlayerDeployScene
14:29:30.478 [JavaFX Application Thread] DEBUG PrimaryStageWindow   - Pop state: BluePlayerDeployScene
14:29:30.478 [JavaFX Application Thread] DEBUG Input                - Clearing active input actions
14:29:30.478 [JavaFX Application Thread] DEBUG GameApplicationServi - Removing overlay from BluePlayerDeployScene and adding to GameScene
14:29:30.478 [JavaFX Application Thread] DEBUG PrimaryStageWindow   - GameScene <- BluePlayerDeployScene
14:29:38.992 [JavaFX Application Thread] DEBUG PrimaryStageWindow   - Push state: DialogSubScene
14:29:38.993 [JavaFX Application Thread] DEBUG Input                - Clearing active input actions
14:29:38.993 [JavaFX Application Thread] DEBUG GameApplicationServi - Removing overlay from GameScene and adding to DialogSubScene
14:29:38.993 [JavaFX Application Thread] DEBUG PrimaryStageWindow   - GameScene -> DialogSubScene
14:29:39.470 [JavaFX Application Thread] DEBUG PrimaryStageWindow   - Pop state: DialogSubScene
14:29:39.470 [JavaFX Application Thread] DEBUG Input                - Clearing active input actions
14:29:39.470 [JavaFX Application Thread] DEBUG GameApplicationServi - Removing overlay from DialogSubScene and adding to GameScene
14:29:39.470 [JavaFX Application Thread] DEBUG PrimaryStageWindow   - GameScene <- DialogSubScene
14:29:39.470 [JavaFX Application Thread] DEBUG PrimaryStageWindow   - Push state: RedPlayerDeployScene
14:29:39.471 [JavaFX Application Thread] DEBUG Input                - Clearing active input actions
14:29:39.471 [JavaFX Application Thread] DEBUG GameApplicationServi - Removing overlay from GameScene and adding to RedPlayerDeployScene
14:29:39.471 [JavaFX Application Thread] DEBUG PrimaryStageWindow   - GameScene -> RedPlayerDeployScene
14:29:39.471 [JavaFX Application Thread] DEBUG PrimaryStageWindow   - Pop state: RedPlayerDeployScene
14:29:39.471 [JavaFX Application Thread] DEBUG Input                - Clearing active input actions
14:29:39.471 [JavaFX Application Thread] DEBUG GameApplicationServi - Removing overlay from RedPlayerDeployScene and adding to GameScene
14:29:39.471 [JavaFX Application Thread] DEBUG PrimaryStageWindow   - GameScene <- RedPlayerDeployScene
14:29:47.128 [JavaFX Application Thread] DEBUG PrimaryStageWindow   - Push state: DialogSubScene
14:29:47.128 [JavaFX Application Thread] DEBUG Input                - Clearing active input actions
14:29:47.129 [JavaFX Application Thread] DEBUG GameApplicationServi - Removing overlay from GameScene and adding to DialogSubScene
14:29:47.129 [JavaFX Application Thread] DEBUG PrimaryStageWindow   - GameScene -> DialogSubScene
14:29:47.759 [JavaFX Application Thread] DEBUG PrimaryStageWindow   - Pop state: DialogSubScene
14:29:47.759 [JavaFX Application Thread] DEBUG Input                - Clearing active input actions
14:29:47.760 [JavaFX Application Thread] DEBUG GameApplicationServi - Removing overlay from DialogSubScene and adding to GameScene
14:29:47.760 [JavaFX Application Thread] DEBUG PrimaryStageWindow   - GameScene <- DialogSubScene
14:29:48.916 [JavaFX Application Thread] DEBUG PrimaryStageWindow   - Push state: DialogSubScene
14:29:48.916 [JavaFX Application Thread] DEBUG Input                - Clearing active input actions
14:29:48.916 [JavaFX Application Thread] DEBUG GameApplicationServi - Removing overlay from GameScene and adding to DialogSubScene
14:29:48.916 [JavaFX Application Thread] DEBUG PrimaryStageWindow   - GameScene -> DialogSubScene
14:29:49.391 [JavaFX Application Thread] DEBUG PrimaryStageWindow   - Pop state: DialogSubScene
14:29:49.391 [JavaFX Application Thread] DEBUG Input                - Clearing active input actions
14:29:49.391 [JavaFX Application Thread] DEBUG GameApplicationServi - Removing overlay from DialogSubScene and adding to GameScene
14:29:49.392 [JavaFX Application Thread] DEBUG PrimaryStageWindow   - GameScene <- DialogSubScene
14:29:49.392 [JavaFX Application Thread] DEBUG PrimaryStageWindow   - Push state: RedPlayerScene
14:29:49.394 [JavaFX Application Thread] DEBUG Input                - Clearing active input actions
14:29:49.394 [JavaFX Application Thread] DEBUG GameApplicationServi - Removing overlay from GameScene and adding to RedPlayerScene
14:29:49.394 [JavaFX Application Thread] DEBUG PrimaryStageWindow   - GameScene -> RedPlayerScene
14:29:49.394 [JavaFX Application Thread] DEBUG PrimaryStageWindow   - Pop state: RedPlayerScene
14:29:49.394 [JavaFX Application Thread] DEBUG Input                - Clearing active input actions
14:29:49.395 [JavaFX Application Thread] DEBUG GameApplicationServi - Removing overlay from RedPlayerScene and adding to GameScene
14:29:49.395 [JavaFX Application Thread] DEBUG PrimaryStageWindow   - GameScene <- RedPlayerScene
14:29:50.349 [JavaFX Application Thread] DEBUG FXGLAssetLoaderServi - Loading from file system: file:/D:/battleShip/battleShip_FXGL/target/classes/assets/sounds/shot.wav
14:29:50.355 [JavaFX Application Thread] DEBUG FXGLAssetLoaderServi - Loading from file system: file:/D:/battleShip/battleShip_FXGL/target/classes/assets/textures/Player1.png
14:29:50.462 [JavaFX Application Thread] DEBUG FXGLAssetLoaderServi - Loading from file system: file:/D:/battleShip/battleShip_FXGL/target/classes/assets/textures/Player1Hit.png
14:29:50.463 [JavaFX Application Thread] DEBUG FXGLAssetLoaderServi - Loading from file system: file:/D:/battleShip/battleShip_FXGL/target/classes/assets/textures/sprites/explosion.png
14:29:50.470 [JavaFX Application Thread] DEBUG FXGLAssetLoaderServi - Loading from file system: file:/D:/battleShip/battleShip_FXGL/target/classes/assets/sounds/hit.wav
14:29:53.442 [JavaFX Application Thread] DEBUG FXGLAssetLoaderServi - Loading from file system: file:/D:/battleShip/battleShip_FXGL/target/classes/assets/sounds/explosion.wav
14:29:53.444 [JavaFX Application Thread] DEBUG PrimaryStageWindow   - Push state: DialogSubScene
14:29:53.444 [JavaFX Application Thread] DEBUG Input                - Clearing active input actions
14:29:53.444 [JavaFX Application Thread] DEBUG GameApplicationServi - Removing overlay from GameScene and adding to DialogSubScene
14:29:53.444 [JavaFX Application Thread] DEBUG PrimaryStageWindow   - GameScene -> DialogSubScene
14:29:54.657 [JavaFX Application Thread] DEBUG PrimaryStageWindow   - Pop state: DialogSubScene
14:29:54.657 [JavaFX Application Thread] DEBUG Input                - Clearing active input actions
14:29:54.657 [JavaFX Application Thread] DEBUG GameApplicationServi - Removing overlay from DialogSubScene and adding to GameScene
14:29:54.657 [JavaFX Application Thread] DEBUG PrimaryStageWindow   - GameScene <- DialogSubScene
14:29:56.199 [JavaFX Application Thread] DEBUG PrimaryStageWindow   - Push state: DialogSubScene
14:29:56.199 [JavaFX Application Thread] DEBUG Input                - Clearing active input actions
14:29:56.200 [JavaFX Application Thread] DEBUG GameApplicationServi - Removing overlay from GameScene and adding to DialogSubScene
14:29:56.200 [JavaFX Application Thread] DEBUG PrimaryStageWindow   - GameScene -> DialogSubScene
14:29:57.588 [JavaFX Application Thread] DEBUG PrimaryStageWindow   - Pop state: DialogSubScene
14:29:57.588 [JavaFX Application Thread] DEBUG Input                - Clearing active input actions
14:29:57.588 [JavaFX Application Thread] DEBUG GameApplicationServi - Removing overlay from DialogSubScene and adding to GameScene
14:29:57.588 [JavaFX Application Thread] DEBUG PrimaryStageWindow   - GameScene <- DialogSubScene
14:29:57.588 [JavaFX Application Thread] DEBUG PrimaryStageWindow   - Push state: BluePlayerScene
14:29:57.589 [JavaFX Application Thread] DEBUG Input                - Clearing active input actions
14:29:57.589 [JavaFX Application Thread] DEBUG GameApplicationServi - Removing overlay from GameScene and adding to BluePlayerScene
14:29:57.589 [JavaFX Application Thread] DEBUG PrimaryStageWindow   - GameScene -> BluePlayerScene
14:29:57.589 [JavaFX Application Thread] DEBUG PrimaryStageWindow   - Pop state: BluePlayerScene
14:29:57.589 [JavaFX Application Thread] DEBUG Input                - Clearing active input actions
14:29:57.589 [JavaFX Application Thread] DEBUG GameApplicationServi - Removing overlay from BluePlayerScene and adding to GameScene
14:29:57.590 [JavaFX Application Thread] DEBUG PrimaryStageWindow   - GameScene <- BluePlayerScene
14:30:01.367 [JavaFX Application Thread] DEBUG PrimaryStageWindow   - Push state: DialogSubScene
14:30:01.367 [JavaFX Application Thread] DEBUG Input                - Clearing active input actions
14:30:01.367 [JavaFX Application Thread] DEBUG GameApplicationServi - Removing overlay from GameScene and adding to DialogSubScene
14:30:01.367 [JavaFX Application Thread] DEBUG PrimaryStageWindow   - GameScene -> DialogSubScene
14:30:01.927 [JavaFX Application Thread] DEBUG PrimaryStageWindow   - Pop state: DialogSubScene
14:30:01.927 [JavaFX Application Thread] DEBUG Input                - Clearing active input actions
14:30:01.927 [JavaFX Application Thread] DEBUG GameApplicationServi - Removing overlay from DialogSubScene and adding to GameScene
14:30:01.927 [JavaFX Application Thread] DEBUG PrimaryStageWindow   - GameScene <- DialogSubScene
14:30:01.927 [JavaFX Application Thread] DEBUG PrimaryStageWindow   - Push state: RedPlayerScene
14:30:01.928 [JavaFX Application Thread] DEBUG Input                - Clearing active input actions
14:30:01.928 [JavaFX Application Thread] DEBUG GameApplicationServi - Removing overlay from GameScene and adding to RedPlayerScene
14:30:01.928 [JavaFX Application Thread] DEBUG PrimaryStageWindow   - GameScene -> RedPlayerScene
14:30:01.928 [JavaFX Application Thread] DEBUG PrimaryStageWindow   - Pop state: RedPlayerScene
14:30:01.928 [JavaFX Application Thread] DEBUG Input                - Clearing active input actions
14:30:01.928 [JavaFX Application Thread] DEBUG GameApplicationServi - Removing overlay from RedPlayerScene and adding to GameScene
14:30:01.928 [JavaFX Application Thread] DEBUG PrimaryStageWindow   - GameScene <- RedPlayerScene
14:30:06.295 [JavaFX Application Thread] DEBUG PrimaryStageWindow   - Push state: DialogSubScene
14:30:06.295 [JavaFX Application Thread] DEBUG Input                - Clearing active input actions
14:30:06.295 [JavaFX Application Thread] DEBUG GameApplicationServi - Removing overlay from GameScene and adding to DialogSubScene
14:30:06.295 [JavaFX Application Thread] DEBUG PrimaryStageWindow   - GameScene -> DialogSubScene
14:30:07.263 [JavaFX Application Thread] DEBUG PrimaryStageWindow   - Pop state: DialogSubScene
14:30:07.263 [JavaFX Application Thread] DEBUG Input                - Clearing active input actions
14:30:07.263 [JavaFX Application Thread] DEBUG GameApplicationServi - Removing overlay from DialogSubScene and adding to GameScene
14:30:07.263 [JavaFX Application Thread] DEBUG PrimaryStageWindow   - GameScene <- DialogSubScene
14:30:07.263 [JavaFX Application Thread] DEBUG PrimaryStageWindow   - Push state: BluePlayerScene
14:30:07.264 [JavaFX Application Thread] DEBUG Input                - Clearing active input actions
14:30:07.264 [JavaFX Application Thread] DEBUG GameApplicationServi - Removing overlay from GameScene and adding to BluePlayerScene
14:30:07.264 [JavaFX Application Thread] DEBUG PrimaryStageWindow   - GameScene -> BluePlayerScene
14:30:07.264 [JavaFX Application Thread] DEBUG PrimaryStageWindow   - Pop state: BluePlayerScene
14:30:07.264 [JavaFX Application Thread] DEBUG Input                - Clearing active input actions
14:30:07.264 [JavaFX Application Thread] DEBUG GameApplicationServi - Removing overlay from BluePlayerScene and adding to GameScene
14:30:07.264 [JavaFX Application Thread] DEBUG PrimaryStageWindow   - GameScene <- BluePlayerScene
14:30:09.618 [JavaFX Application Thread] DEBUG PrimaryStageWindow   - Push state: DialogSubScene
14:30:09.618 [JavaFX Application Thread] DEBUG Input                - Clearing active input actions
14:30:09.618 [JavaFX Application Thread] DEBUG GameApplicationServi - Removing overlay from GameScene and adding to DialogSubScene
14:30:09.618 [JavaFX Application Thread] DEBUG PrimaryStageWindow   - GameScene -> DialogSubScene
14:30:10.357 [JavaFX Application Thread] DEBUG PrimaryStageWindow   - Pop state: DialogSubScene
14:30:10.357 [JavaFX Application Thread] DEBUG Input                - Clearing active input actions
14:30:10.357 [JavaFX Application Thread] DEBUG GameApplicationServi - Removing overlay from DialogSubScene and adding to GameScene
14:30:10.357 [JavaFX Application Thread] DEBUG PrimaryStageWindow   - GameScene <- DialogSubScene
14:30:12.567 [JavaFX Application Thread] DEBUG PrimaryStageWindow   - Push state: DialogSubScene
14:30:12.568 [JavaFX Application Thread] DEBUG Input                - Clearing active input actions
14:30:12.568 [JavaFX Application Thread] DEBUG GameApplicationServi - Removing overlay from GameScene and adding to DialogSubScene
14:30:12.568 [JavaFX Application Thread] DEBUG PrimaryStageWindow   - GameScene -> DialogSubScene
14:30:13.168 [JavaFX Application Thread] DEBUG PrimaryStageWindow   - Pop state: DialogSubScene
14:30:13.168 [JavaFX Application Thread] DEBUG Input                - Clearing active input actions
14:30:13.168 [JavaFX Application Thread] DEBUG GameApplicationServi - Removing overlay from DialogSubScene and adding to GameScene
14:30:13.168 [JavaFX Application Thread] DEBUG PrimaryStageWindow   - GameScene <- DialogSubScene
14:30:13.767 [JavaFX Application Thread] DEBUG PrimaryStageWindow   - Push state: DialogSubScene
14:30:13.767 [JavaFX Application Thread] DEBUG Input                - Clearing active input actions
14:30:13.767 [JavaFX Application Thread] DEBUG GameApplicationServi - Removing overlay from GameScene and adding to DialogSubScene
14:30:13.767 [JavaFX Application Thread] DEBUG PrimaryStageWindow   - GameScene -> DialogSubScene
14:30:14.501 [JavaFX Application Thread] DEBUG PrimaryStageWindow   - Pop state: DialogSubScene
14:30:14.501 [JavaFX Application Thread] DEBUG Input                - Clearing active input actions
14:30:14.501 [JavaFX Application Thread] DEBUG GameApplicationServi - Removing overlay from DialogSubScene and adding to GameScene
14:30:14.501 [JavaFX Application Thread] DEBUG PrimaryStageWindow   - GameScene <- DialogSubScene
14:30:14.501 [JavaFX Application Thread] DEBUG PrimaryStageWindow   - Push state: RedPlayerScene
14:30:14.502 [JavaFX Application Thread] DEBUG Input                - Clearing active input actions
14:30:14.502 [JavaFX Application Thread] DEBUG GameApplicationServi - Removing overlay from GameScene and adding to RedPlayerScene
14:30:14.502 [JavaFX Application Thread] DEBUG PrimaryStageWindow   - GameScene -> RedPlayerScene
14:30:14.502 [JavaFX Application Thread] DEBUG PrimaryStageWindow   - Pop state: RedPlayerScene
14:30:14.502 [JavaFX Application Thread] DEBUG Input                - Clearing active input actions
14:30:14.502 [JavaFX Application Thread] DEBUG GameApplicationServi - Removing overlay from RedPlayerScene and adding to GameScene
14:30:14.502 [JavaFX Application Thread] DEBUG PrimaryStageWindow   - GameScene <- RedPlayerScene
14:30:18.135 [JavaFX Application Thread] DEBUG PrimaryStageWindow   - Push state: DialogSubScene
14:30:18.135 [JavaFX Application Thread] DEBUG Input                - Clearing active input actions
14:30:18.135 [JavaFX Application Thread] DEBUG GameApplicationServi - Removing overlay from GameScene and adding to DialogSubScene
14:30:18.135 [JavaFX Application Thread] DEBUG PrimaryStageWindow   - GameScene -> DialogSubScene
14:30:18.891 [JavaFX Application Thread] DEBUG PrimaryStageWindow   - Pop state: DialogSubScene
14:30:18.891 [JavaFX Application Thread] DEBUG Input                - Clearing active input actions
14:30:18.891 [JavaFX Application Thread] DEBUG GameApplicationServi - Removing overlay from DialogSubScene and adding to GameScene
14:30:18.891 [JavaFX Application Thread] DEBUG PrimaryStageWindow   - GameScene <- DialogSubScene
14:30:18.891 [JavaFX Application Thread] DEBUG PrimaryStageWindow   - Push state: BluePlayerScene
14:30:18.892 [JavaFX Application Thread] DEBUG Input                - Clearing active input actions
14:30:18.892 [JavaFX Application Thread] DEBUG GameApplicationServi - Removing overlay from GameScene and adding to BluePlayerScene
14:30:18.892 [JavaFX Application Thread] DEBUG PrimaryStageWindow   - GameScene -> BluePlayerScene
14:30:18.892 [JavaFX Application Thread] DEBUG PrimaryStageWindow   - Pop state: BluePlayerScene
14:30:18.892 [JavaFX Application Thread] DEBUG Input                - Clearing active input actions
14:30:18.892 [JavaFX Application Thread] DEBUG GameApplicationServi - Removing overlay from BluePlayerScene and adding to GameScene
14:30:18.892 [JavaFX Application Thread] DEBUG PrimaryStageWindow   - GameScene <- BluePlayerScene
14:30:22.311 [JavaFX Application Thread] DEBUG PrimaryStageWindow   - Push state: DialogSubScene
14:30:22.311 [JavaFX Application Thread] DEBUG Input                - Clearing active input actions
14:30:22.311 [JavaFX Application Thread] DEBUG GameApplicationServi - Removing overlay from GameScene and adding to DialogSubScene
14:30:22.311 [JavaFX Application Thread] DEBUG PrimaryStageWindow   - GameScene -> DialogSubScene
14:30:23.027 [JavaFX Application Thread] DEBUG PrimaryStageWindow   - Pop state: DialogSubScene
14:30:23.027 [JavaFX Application Thread] DEBUG Input                - Clearing active input actions
14:30:23.027 [JavaFX Application Thread] DEBUG GameApplicationServi - Removing overlay from DialogSubScene and adding to GameScene
14:30:23.027 [JavaFX Application Thread] DEBUG PrimaryStageWindow   - GameScene <- DialogSubScene
14:30:23.027 [JavaFX Application Thread] DEBUG PrimaryStageWindow   - Push state: RedPlayerScene
14:30:23.028 [JavaFX Application Thread] DEBUG Input                - Clearing active input actions
14:30:23.028 [JavaFX Application Thread] DEBUG GameApplicationServi - Removing overlay from GameScene and adding to RedPlayerScene
14:30:23.028 [JavaFX Application Thread] DEBUG PrimaryStageWindow   - GameScene -> RedPlayerScene
14:30:23.028 [JavaFX Application Thread] DEBUG PrimaryStageWindow   - Pop state: RedPlayerScene
14:30:23.028 [JavaFX Application Thread] DEBUG Input                - Clearing active input actions
14:30:23.028 [JavaFX Application Thread] DEBUG GameApplicationServi - Removing overlay from RedPlayerScene and adding to GameScene
14:30:23.028 [JavaFX Application Thread] DEBUG PrimaryStageWindow   - GameScene <- RedPlayerScene
14:30:24.135 [JavaFX Application Thread] DEBUG PrimaryStageWindow   - Push state: DialogSubScene
14:30:24.135 [JavaFX Application Thread] DEBUG Input                - Clearing active input actions
14:30:24.135 [JavaFX Application Thread] DEBUG GameApplicationServi - Removing overlay from GameScene and adding to DialogSubScene
14:30:24.135 [JavaFX Application Thread] DEBUG PrimaryStageWindow   - GameScene -> DialogSubScene
14:30:24.824 [JavaFX Application Thread] DEBUG PrimaryStageWindow   - Pop state: DialogSubScene
14:30:24.824 [JavaFX Application Thread] DEBUG Input                - Clearing active input actions
14:30:24.824 [JavaFX Application Thread] DEBUG GameApplicationServi - Removing overlay from DialogSubScene and adding to GameScene
14:30:24.824 [JavaFX Application Thread] DEBUG PrimaryStageWindow   - GameScene <- DialogSubScene
14:30:24.824 [JavaFX Application Thread] DEBUG PrimaryStageWindow   - Push state: BluePlayerScene
14:30:24.825 [JavaFX Application Thread] DEBUG Input                - Clearing active input actions
14:30:24.825 [JavaFX Application Thread] DEBUG GameApplicationServi - Removing overlay from GameScene and adding to BluePlayerScene
14:30:24.825 [JavaFX Application Thread] DEBUG PrimaryStageWindow   - GameScene -> BluePlayerScene
14:30:24.825 [JavaFX Application Thread] DEBUG PrimaryStageWindow   - Pop state: BluePlayerScene
14:30:24.825 [JavaFX Application Thread] DEBUG Input                - Clearing active input actions
14:30:24.825 [JavaFX Application Thread] DEBUG GameApplicationServi - Removing overlay from BluePlayerScene and adding to GameScene
14:30:24.825 [JavaFX Application Thread] DEBUG PrimaryStageWindow   - GameScene <- BluePlayerScene
14:30:25.847 [JavaFX Application Thread] DEBUG PrimaryStageWindow   - Push state: DialogSubScene
14:30:25.847 [JavaFX Application Thread] DEBUG Input                - Clearing active input actions
14:30:25.847 [JavaFX Application Thread] DEBUG GameApplicationServi - Removing overlay from GameScene and adding to DialogSubScene
14:30:25.847 [JavaFX Application Thread] DEBUG PrimaryStageWindow   - GameScene -> DialogSubScene
14:30:26.608 [JavaFX Application Thread] DEBUG PrimaryStageWindow   - Pop state: DialogSubScene
14:30:26.608 [JavaFX Application Thread] DEBUG Input                - Clearing active input actions
14:30:26.608 [JavaFX Application Thread] DEBUG GameApplicationServi - Removing overlay from DialogSubScene and adding to GameScene
14:30:26.608 [JavaFX Application Thread] DEBUG PrimaryStageWindow   - GameScene <- DialogSubScene
14:30:26.608 [JavaFX Application Thread] DEBUG PrimaryStageWindow   - Push state: RedPlayerScene
14:30:26.608 [JavaFX Application Thread] DEBUG Input                - Clearing active input actions
14:30:26.608 [JavaFX Application Thread] DEBUG GameApplicationServi - Removing overlay from GameScene and adding to RedPlayerScene
14:30:26.608 [JavaFX Application Thread] DEBUG PrimaryStageWindow   - GameScene -> RedPlayerScene
14:30:26.609 [JavaFX Application Thread] DEBUG PrimaryStageWindow   - Pop state: RedPlayerScene
14:30:26.609 [JavaFX Application Thread] DEBUG Input                - Clearing active input actions
14:30:26.609 [JavaFX Application Thread] DEBUG GameApplicationServi - Removing overlay from RedPlayerScene and adding to GameScene
14:30:26.609 [JavaFX Application Thread] DEBUG PrimaryStageWindow   - GameScene <- RedPlayerScene
14:30:28.151 [JavaFX Application Thread] DEBUG PrimaryStageWindow   - Push state: DialogSubScene
14:30:28.151 [JavaFX Application Thread] DEBUG Input                - Clearing active input actions
14:30:28.151 [JavaFX Application Thread] DEBUG GameApplicationServi - Removing overlay from GameScene and adding to DialogSubScene
14:30:28.151 [JavaFX Application Thread] DEBUG PrimaryStageWindow   - GameScene -> DialogSubScene
14:30:29.063 [JavaFX Application Thread] DEBUG PrimaryStageWindow   - Pop state: DialogSubScene
14:30:29.063 [JavaFX Application Thread] DEBUG Input                - Clearing active input actions
14:30:29.063 [JavaFX Application Thread] DEBUG GameApplicationServi - Removing overlay from DialogSubScene and adding to GameScene
14:30:29.063 [JavaFX Application Thread] DEBUG PrimaryStageWindow   - GameScene <- DialogSubScene
14:30:29.063 [JavaFX Application Thread] DEBUG PrimaryStageWindow   - Push state: BluePlayerScene
14:30:29.063 [JavaFX Application Thread] DEBUG Input                - Clearing active input actions
14:30:29.063 [JavaFX Application Thread] DEBUG GameApplicationServi - Removing overlay from GameScene and adding to BluePlayerScene
14:30:29.063 [JavaFX Application Thread] DEBUG PrimaryStageWindow   - GameScene -> BluePlayerScene
14:30:29.063 [JavaFX Application Thread] DEBUG PrimaryStageWindow   - Pop state: BluePlayerScene
14:30:29.064 [JavaFX Application Thread] DEBUG Input                - Clearing active input actions
14:30:29.064 [JavaFX Application Thread] DEBUG GameApplicationServi - Removing overlay from BluePlayerScene and adding to GameScene
14:30:29.064 [JavaFX Application Thread] DEBUG PrimaryStageWindow   - GameScene <- BluePlayerScene
14:30:30.071 [JavaFX Application Thread] DEBUG PrimaryStageWindow   - Push state: DialogSubScene
14:30:30.072 [JavaFX Application Thread] DEBUG Input                - Clearing active input actions
14:30:30.072 [JavaFX Application Thread] DEBUG GameApplicationServi - Removing overlay from GameScene and adding to DialogSubScene
14:30:30.072 [JavaFX Application Thread] DEBUG PrimaryStageWindow   - GameScene -> DialogSubScene
14:30:30.865 [JavaFX Application Thread] DEBUG PrimaryStageWindow   - Pop state: DialogSubScene
14:30:30.865 [JavaFX Application Thread] DEBUG Input                - Clearing active input actions
14:30:30.865 [JavaFX Application Thread] DEBUG GameApplicationServi - Removing overlay from DialogSubScene and adding to GameScene
14:30:30.865 [JavaFX Application Thread] DEBUG PrimaryStageWindow   - GameScene <- DialogSubScene
14:30:30.865 [JavaFX Application Thread] DEBUG PrimaryStageWindow   - Push state: RedPlayerScene
14:30:30.866 [JavaFX Application Thread] DEBUG Input                - Clearing active input actions
14:30:30.866 [JavaFX Application Thread] DEBUG GameApplicationServi - Removing overlay from GameScene and adding to RedPlayerScene
14:30:30.866 [JavaFX Application Thread] DEBUG PrimaryStageWindow   - GameScene -> RedPlayerScene
14:30:30.866 [JavaFX Application Thread] DEBUG PrimaryStageWindow   - Pop state: RedPlayerScene
14:30:30.866 [JavaFX Application Thread] DEBUG Input                - Clearing active input actions
14:30:30.866 [JavaFX Application Thread] DEBUG GameApplicationServi - Removing overlay from RedPlayerScene and adding to GameScene
14:30:30.866 [JavaFX Application Thread] DEBUG PrimaryStageWindow   - GameScene <- RedPlayerScene
14:30:33.234 [JavaFX Application Thread] DEBUG PrimaryStageWindow   - Push state: SimpleGameMenu
14:30:33.234 [JavaFX Application Thread] DEBUG Input                - Clearing active input actions
14:30:33.234 [JavaFX Application Thread] DEBUG GameApplicationServi - Removing overlay from GameScene and adding to SimpleGameMenu
14:30:33.234 [JavaFX Application Thread] DEBUG PrimaryStageWindow   - GameScene -> SimpleGameMenu
14:30:34.799 [JavaFX Application Thread] DEBUG Menu                 - fireExitToMainMenu()
14:30:34.799 [JavaFX Application Thread] DEBUG PrimaryStageWindow   - Push state: DialogSubScene
14:30:34.800 [JavaFX Application Thread] DEBUG Input                - Clearing active input actions
14:30:34.800 [JavaFX Application Thread] DEBUG GameApplicationServi - Removing overlay from SimpleGameMenu and adding to DialogSubScene
14:30:34.800 [JavaFX Application Thread] DEBUG PrimaryStageWindow   - SimpleGameMenu -> DialogSubScene
14:30:35.341 [JavaFX Application Thread] DEBUG PrimaryStageWindow   - Pop state: DialogSubScene
14:30:35.341 [JavaFX Application Thread] DEBUG Input                - Clearing active input actions
14:30:35.341 [JavaFX Application Thread] DEBUG GameApplicationServi - Removing overlay from DialogSubScene and adding to SimpleGameMenu
14:30:35.341 [JavaFX Application Thread] DEBUG PrimaryStageWindow   - SimpleGameMenu <- DialogSubScene
14:30:35.341 [JavaFX Application Thread] DEBUG PrimaryStageWindow   - Pop state: SimpleGameMenu
14:30:35.341 [JavaFX Application Thread] DEBUG Input                - Clearing active input actions
14:30:35.341 [JavaFX Application Thread] DEBUG GameApplicationServi - Removing overlay from SimpleGameMenu and adding to GameScene
14:30:35.341 [JavaFX Application Thread] DEBUG PrimaryStageWindow   - GameScene <- SimpleGameMenu
14:30:35.341 [JavaFX Application Thread] DEBUG Input                - Clearing active input actions
14:30:35.344 [JavaFX Application Thread] DEBUG GameApplicationServi - Removing overlay from GameScene and adding to FXGLMainMenuDummyScene
14:30:35.345 [JavaFX Application Thread] DEBUG PrimaryStageWindow   - GameScene -> FXGLMainMenuDummyScene
14:30:35.345 [JavaFX Application Thread] DEBUG PrimaryStageWindow   - Push state: BattleShipMainMenu
14:30:35.345 [JavaFX Application Thread] DEBUG Input                - Clearing active input actions
14:30:35.345 [JavaFX Application Thread] DEBUG GameApplicationServi - Removing overlay from FXGLMainMenuDummyScene and adding to BattleShipMainMenu
14:30:35.345 [JavaFX Application Thread] DEBUG PrimaryStageWindow   - FXGLMainMenuDummyScene -> BattleShipMainMenu
14:30:36.317 [JavaFX Application Thread] DEBUG Menu                 - fireExit()
14:30:36.318 [JavaFX Application Thread] DEBUG PrimaryStageWindow   - Push state: DialogSubScene
14:30:36.318 [JavaFX Application Thread] DEBUG Input                - Clearing active input actions
14:30:36.318 [JavaFX Application Thread] DEBUG GameApplicationServi - Removing overlay from BattleShipMainMenu and adding to DialogSubScene
14:30:36.318 [JavaFX Application Thread] DEBUG PrimaryStageWindow   - BattleShipMainMenu -> DialogSubScene
14:30:36.939 [JavaFX Application Thread] DEBUG PrimaryStageWindow   - Pop state: DialogSubScene
14:30:36.939 [JavaFX Application Thread] DEBUG Input                - Clearing active input actions
14:30:36.939 [JavaFX Application Thread] DEBUG GameApplicationServi - Removing overlay from DialogSubScene and adding to BattleShipMainMenu
14:30:36.939 [JavaFX Application Thread] DEBUG PrimaryStageWindow   - BattleShipMainMenu <- DialogSubScene
14:30:36.939 [JavaFX Application Thread] DEBUG FXGLApplication      - Exiting FXGL
14:30:36.939 [JavaFX Application Thread] DEBUG LoopRunner           - Stopping loop
14:30:36.939 [JavaFX Application Thread] DEBUG SystemBundleService  - Saving FXGL system data
14:30:36.941 [JavaFX Application Thread] DEBUG FileSystemAccess     - Writing to: D:\battleShip\battleShip_FXGL\system\fxgl.bundle
14:30:36.942 [JavaFX Application Thread] DEBUG Async                - Shutting down background threads
14:30:36.942 [JavaFX Application Thread] DEBUG PrimaryStageWindow   - Closing main window
14:30:36.962 [JavaFX Application Thread] DEBUG Logger               - Closing Logger
